#                                                                            --- full sequence --- -------------- this domain -------------   hmm coord   ali coord   env coord
# target name        accession   tlen query name           accession   qlen   E-value  score  bias   #  of  c-Evalue  i-Evalue  score  bias  from    to  from    to  from    to  acc description of target
#------------------- ---------- ----- -------------------- ---------- ----- --------- ------ ----- --- --- --------- --------- ------ ----- ----- ----- ----- ----- ----- ----- ---- ---------------------
1_3459               -            606 1036075at2           -            356   2.1e-78  261.9  33.0   1   6   1.3e-12   2.4e-09   34.7   0.9     1    30    15    46    15    52 0.89 # 3908483 # 3910300 # -1 # ID=1_3459;partial=00;start_type=ATG;rbs_motif=GGAGG;rbs_spacer=5-10bp;gc_cont=0.287
1_3459               -            606 1036075at2           -            356   2.1e-78  261.9  33.0   2   6   3.8e-25   7.1e-22   75.9   2.7    18   100    52   153    48   165 0.87 # 3908483 # 3910300 # -1 # ID=1_3459;partial=00;start_type=ATG;rbs_motif=GGAGG;rbs_spacer=5-10bp;gc_cont=0.287
1_3459               -            606 1036075at2           -            356   2.1e-78  261.9  33.0   3   6   9.5e-10   1.8e-06   25.3   4.0    96   156   164   240   155   316 0.71 # 3908483 # 3910300 # -1 # ID=1_3459;partial=00;start_type=ATG;rbs_motif=GGAGG;rbs_spacer=5-10bp;gc_cont=0.287
1_3459               -            606 1036075at2           -            356   2.1e-78  261.9  33.0   4   6     0.003       5.6    3.9   0.1   191   214   346   369   325   384 0.82 # 3908483 # 3910300 # -1 # ID=1_3459;partial=00;start_type=ATG;rbs_motif=GGAGG;rbs_spacer=5-10bp;gc_cont=0.287
1_3459               -            606 1036075at2           -            356   2.1e-78  261.9  33.0   5   6   3.8e-25     7e-22   75.9   0.2   166   280   355   480   352   499 0.87 # 3908483 # 3910300 # -1 # ID=1_3459;partial=00;start_type=ATG;rbs_motif=GGAGG;rbs_spacer=5-10bp;gc_cont=0.287
1_3459               -            606 1036075at2           -            356   2.1e-78  261.9  33.0   6   6   2.1e-18   3.9e-15   53.7   0.2   288   356   518   596   505   596 0.86 # 3908483 # 3910300 # -1 # ID=1_3459;partial=00;start_type=ATG;rbs_motif=GGAGG;rbs_spacer=5-10bp;gc_cont=0.287
1_3461               -            657 1036075at2           -            356   0.00011   19.4   0.8   1   1   1.1e-07   0.00021   18.5   0.8   117   155   615   652   609   654 0.84 # 3913403 # 3915373 # -1 # ID=1_3461;partial=00;start_type=ATG;rbs_motif=AGGAG;rbs_spacer=5-10bp;gc_cont=0.314
#
# Program:         hmmsearch
# Version:         3.1b2 (February 2015)
# Pipeline mode:   SEARCH
# Query file:      /home/johngn/Microbial-Genomics-Journey-Workshop-2023/Reads_session_3/busco_downloads/lineages/bacteria_odb10/hmms/1036075at2.hmm
# Target file:     /home/johngn/Microbial-Genomics-Journey-Workshop-2023/Reads_session_3/busco_op2/prodigal_output/predicted_genes/predicted.faa
# Option settings: hmmsearch --domtblout /home/johngn/Microbial-Genomics-Journey-Workshop-2023/Reads_session_3/busco_op2/run_bacteria_odb10/hmmer_output/1036075at2.out --cpu 1 /home/johngn/Microbial-Genomics-Journey-Workshop-2023/Reads_session_3/busco_downloads/lineages/bacteria_odb10/hmms/1036075at2.hmm /home/johngn/Microbial-Genomics-Journey-Workshop-2023/Reads_session_3/busco_op2/prodigal_output/predicted_genes/predicted.faa 
# Current dir:     /home/johngn/Microbial-Genomics-Journey-Workshop-2023/Reads_session_3
# Date:            Wed Mar  1 18:12:11 2023
# [ok]
