#                                                                            --- full sequence --- -------------- this domain -------------   hmm coord   ali coord   env coord
# target name        accession   tlen query name           accession   qlen   E-value  score  bias   #  of  c-Evalue  i-Evalue  score  bias  from    to  from    to  from    to  acc description of target
#------------------- ---------- ----- -------------------- ---------- ----- --------- ------ ----- --- --- --------- --------- ------ ----- ----- ----- ----- ----- ----- ----- ---- ---------------------
1_234                -            511 1049662at2           -            438  7.3e-160  530.2   7.7   1   1  6.3e-161  5.9e-158  524.0   7.7     2   438     3   510     2   510 0.87 # 293762 # 295294 # 1 # ID=1_234;partial=00;start_type=ATG;rbs_motif=AGGAG/GGAGG;rbs_spacer=11-12bp;gc_cont=0.283
1_818                -            392 1049662at2           -            438   2.1e-69  232.1   0.0   1   3   8.6e-14     8e-11   39.1   0.0   172   235     6    78     3    93 0.84 # 993781 # 994956 # 1 # ID=1_818;partial=00;start_type=ATG;rbs_motif=GGAG/GAGG;rbs_spacer=5-10bp;gc_cont=0.326
1_818                -            392 1049662at2           -            438   2.1e-69  232.1   0.0   2   3   1.4e-34   1.4e-31  107.6   0.1   235   377    98   262    96   266 0.82 # 993781 # 994956 # 1 # ID=1_818;partial=00;start_type=ATG;rbs_motif=GGAG/GAGG;rbs_spacer=5-10bp;gc_cont=0.326
1_818                -            392 1049662at2           -            438   2.1e-69  232.1   0.0   3   3   1.7e-26   1.6e-23   81.0   0.0   371   438   324   391   320   391 0.97 # 993781 # 994956 # 1 # ID=1_818;partial=00;start_type=ATG;rbs_motif=GGAG/GAGG;rbs_spacer=5-10bp;gc_cont=0.326
1_3649               -           1069 1049662at2           -            438   0.00064   16.4   0.2   1   2     0.061        57    0.1   0.0   275   311   248   284   219   290 0.87 # 4111544 # 4114750 # -1 # ID=1_3649;partial=00;start_type=ATG;rbs_motif=AGGAG;rbs_spacer=5-10bp;gc_cont=0.311
1_3649               -           1069 1049662at2           -            438   0.00064   16.4   0.2   2   2     5e-06    0.0047   13.5   0.1     5    58   945  1000   941  1013 0.84 # 4111544 # 4114750 # -1 # ID=1_3649;partial=00;start_type=ATG;rbs_motif=AGGAG;rbs_spacer=5-10bp;gc_cont=0.311
1_3647               -           1069 1049662at2           -            438    0.0043   13.6   0.2   1   2      0.77   7.2e+02   -3.6   0.0   275   311   248   284   247   286 0.76 # 4106838 # 4110044 # -1 # ID=1_3647;partial=00;start_type=ATG;rbs_motif=AGGAG;rbs_spacer=5-10bp;gc_cont=0.315
1_3647               -           1069 1049662at2           -            438    0.0043   13.6   0.2   2   2   1.1e-05      0.01   12.4   0.0     5    58   945  1000   941  1022 0.85 # 4106838 # 4110044 # -1 # ID=1_3647;partial=00;start_type=ATG;rbs_motif=AGGAG;rbs_spacer=5-10bp;gc_cont=0.315
#
# Program:         hmmsearch
# Version:         3.1b2 (February 2015)
# Pipeline mode:   SEARCH
# Query file:      /home/johngn/Microbial-Genomics-Journey-Workshop-2023/Reads_session_3/busco_downloads/lineages/bacteria_odb10/hmms/1049662at2.hmm
# Target file:     /home/johngn/Microbial-Genomics-Journey-Workshop-2023/Reads_session_3/busco_op2/prodigal_output/predicted_genes/predicted.faa
# Option settings: hmmsearch --domtblout /home/johngn/Microbial-Genomics-Journey-Workshop-2023/Reads_session_3/busco_op2/run_bacteria_odb10/hmmer_output/1049662at2.out --cpu 1 /home/johngn/Microbial-Genomics-Journey-Workshop-2023/Reads_session_3/busco_downloads/lineages/bacteria_odb10/hmms/1049662at2.hmm /home/johngn/Microbial-Genomics-Journey-Workshop-2023/Reads_session_3/busco_op2/prodigal_output/predicted_genes/predicted.faa 
# Current dir:     /home/johngn/Microbial-Genomics-Journey-Workshop-2023/Reads_session_3
# Date:            Wed Mar  8 16:57:21 2023
# [ok]
