#                                                                            --- full sequence --- -------------- this domain -------------   hmm coord   ali coord   env coord
# target name        accession   tlen query name           accession   qlen   E-value  score  bias   #  of  c-Evalue  i-Evalue  score  bias  from    to  from    to  from    to  acc description of target
#------------------- ---------- ----- -------------------- ---------- ----- --------- ------ ----- --- --- --------- --------- ------ ----- ----- ----- ----- ----- ----- ----- ---- ---------------------
1_1167               -            360 1054741at2           -            333  2.5e-130  432.1   0.8   1   1  7.5e-133  2.8e-130  431.9   0.8     3   330     2   357     1   359 0.94 # 1378195 # 1379274 # 1 # ID=1_1167;partial=00;start_type=ATG;rbs_motif=AGGA/GGAG/GAGG;rbs_spacer=11-12bp;gc_cont=0.300
1_772                -            252 1054741at2           -            333   6.8e-07   26.3   0.0   1   2   2.7e-08     1e-05   22.5   0.0     4    70    25    84    22   139 0.85 # 944151 # 944906 # 1 # ID=1_772;partial=00;start_type=ATG;rbs_motif=AGGAG;rbs_spacer=5-10bp;gc_cont=0.331
1_772                -            252 1054741at2           -            333   6.8e-07   26.3   0.0   2   2     0.045        17    2.0   0.0   157   177   162   182   160   195 0.85 # 944151 # 944906 # 1 # ID=1_772;partial=00;start_type=ATG;rbs_motif=AGGAG;rbs_spacer=5-10bp;gc_cont=0.331
1_1698               -            268 1054741at2           -            333   3.2e-06   24.1   0.4   1   1     2e-08   7.6e-06   22.9   0.4     5    78    19    90    16   124 0.80 # 1946536 # 1947339 # 1 # ID=1_1698;partial=00;start_type=GTG;rbs_motif=GGAGG;rbs_spacer=5-10bp;gc_cont=0.274
1_732                -            391 1054741at2           -            333   9.3e-06   22.6   0.0   1   2   6.6e-08   2.5e-05   21.2   0.0     5    52   180   227   177   251 0.76 # 900790 # 901962 # 1 # ID=1_732;partial=00;start_type=GTG;rbs_motif=GGAG/GAGG;rbs_spacer=5-10bp;gc_cont=0.325
1_732                -            391 1054741at2           -            333   9.3e-06   22.6   0.0   2   2         1   3.8e+02   -2.4   0.0   159   178   316   335   310   345 0.86 # 900790 # 901962 # 1 # ID=1_732;partial=00;start_type=GTG;rbs_motif=GGAG/GAGG;rbs_spacer=5-10bp;gc_cont=0.325
1_211                -            512 1054741at2           -            333   1.2e-05   22.2   0.0   1   2   9.1e-08   3.4e-05   20.7   0.0     4    75   216   282   214   287 0.67 # 266725 # 268260 # 1 # ID=1_211;partial=00;start_type=ATG;rbs_motif=AGGAG/GGAGG;rbs_spacer=11-12bp;gc_cont=0.311
1_211                -            512 1054741at2           -            333   1.2e-05   22.2   0.0   2   2      0.87   3.3e+02   -2.2   0.0   154   175   356   377   352   380 0.82 # 266725 # 268260 # 1 # ID=1_211;partial=00;start_type=ATG;rbs_motif=AGGAG/GGAGG;rbs_spacer=11-12bp;gc_cont=0.311
1_3661               -            245 1054741at2           -            333   1.3e-05   22.1   0.0   1   1   9.4e-08   3.5e-05   20.7   0.0     2   125    22   131    21   138 0.75 # 4127215 # 4127949 # 1 # ID=1_3661;partial=00;start_type=ATG;rbs_motif=AGGA;rbs_spacer=5-10bp;gc_cont=0.288
1_1312               -            217 1054741at2           -            333   1.4e-05   22.0   0.0   1   1   5.4e-08     2e-05   21.5   0.0     3    85     3    85     1    98 0.82 # 1528478 # 1529128 # 1 # ID=1_1312;partial=00;start_type=TTG;rbs_motif=GGAG/GAGG;rbs_spacer=5-10bp;gc_cont=0.327
1_2373               -            287 1054741at2           -            333   2.3e-05   21.3   0.2   1   1   1.4e-07   5.2e-05   20.1   0.2     4   126    54   163    51   171 0.77 # 2643323 # 2644183 # -1 # ID=1_2373;partial=00;start_type=ATG;rbs_motif=GGAG/GAGG;rbs_spacer=5-10bp;gc_cont=0.288
1_3617               -            463 1054741at2           -            333    0.0023   14.7   0.1   1   3   0.00015     0.056   10.2   0.0     3    68    19    84    17    92 0.81 # 4079576 # 4080964 # -1 # ID=1_3617;partial=00;start_type=ATG;rbs_motif=GGAG/GAGG;rbs_spacer=5-10bp;gc_cont=0.269
1_3617               -            463 1054741at2           -            333    0.0023   14.7   0.1   2   3     0.063        24    1.5   0.0   101   126   105   130   103   137 0.89 # 4079576 # 4080964 # -1 # ID=1_3617;partial=00;start_type=ATG;rbs_motif=GGAG/GAGG;rbs_spacer=5-10bp;gc_cont=0.269
1_3617               -            463 1054741at2           -            333    0.0023   14.7   0.1   3   3       2.1   7.9e+02   -3.5   0.0    71   109   208   246   199   252 0.74 # 4079576 # 4080964 # -1 # ID=1_3617;partial=00;start_type=ATG;rbs_motif=GGAG/GAGG;rbs_spacer=5-10bp;gc_cont=0.269
1_1704               -            400 1054741at2           -            333     0.012   12.4   0.1   1   1   5.9e-05     0.022   11.5   0.1     3    59     2    51     1   118 0.68 # 1953567 # 1954766 # 1 # ID=1_1704;partial=00;start_type=ATG;rbs_motif=GGAGG;rbs_spacer=5-10bp;gc_cont=0.313
#
# Program:         hmmsearch
# Version:         3.1b2 (February 2015)
# Pipeline mode:   SEARCH
# Query file:      /home/johngn/Microbial-Genomics-Journey-Workshop-2023/Reads_session_3/busco_downloads/lineages/bacteria_odb10/hmms/1054741at2.hmm
# Target file:     /home/johngn/Microbial-Genomics-Journey-Workshop-2023/Reads_session_3/busco_op2/prodigal_output/predicted_genes/predicted.faa
# Option settings: hmmsearch --domtblout /home/johngn/Microbial-Genomics-Journey-Workshop-2023/Reads_session_3/busco_op2/run_bacteria_odb10/hmmer_output/1054741at2.out --cpu 1 /home/johngn/Microbial-Genomics-Journey-Workshop-2023/Reads_session_3/busco_downloads/lineages/bacteria_odb10/hmms/1054741at2.hmm /home/johngn/Microbial-Genomics-Journey-Workshop-2023/Reads_session_3/busco_op2/prodigal_output/predicted_genes/predicted.faa 
# Current dir:     /home/johngn/Microbial-Genomics-Journey-Workshop-2023/Reads_session_3
# Date:            Wed Mar  8 16:57:21 2023
# [ok]
