#                                                                            --- full sequence --- -------------- this domain -------------   hmm coord   ali coord   env coord
# target name        accession   tlen query name           accession   qlen   E-value  score  bias   #  of  c-Evalue  i-Evalue  score  bias  from    to  from    to  from    to  acc description of target
#------------------- ---------- ----- -------------------- ---------- ----- --------- ------ ----- --- --- --------- --------- ------ ----- ----- ----- ----- ----- ----- ----- ---- ---------------------
1_1090               -            560 1074831at2           -            386   6.2e-84  280.1  26.9   1   5   8.5e-19   9.4e-17   58.9   0.1     1    64     1    71     1    85 0.79 # 1299103 # 1300782 # 1 # ID=1_1090;partial=00;start_type=TTG;rbs_motif=AGxAGG/AGGxGG;rbs_spacer=5-10bp;gc_cont=0.280
1_1090               -            560 1074831at2           -            386   6.2e-84  280.1  26.9   2   5     4e-16   4.4e-14   50.1   0.1    46   122    72   153    68   169 0.85 # 1299103 # 1300782 # 1 # ID=1_1090;partial=00;start_type=TTG;rbs_motif=AGxAGG/AGGxGG;rbs_spacer=5-10bp;gc_cont=0.280
1_1090               -            560 1074831at2           -            386   6.2e-84  280.1  26.9   3   5   1.2e-05    0.0013   15.7   2.7   127   173   182   230   168   246 0.85 # 1299103 # 1300782 # 1 # ID=1_1090;partial=00;start_type=TTG;rbs_motif=AGxAGG/AGGxGG;rbs_spacer=5-10bp;gc_cont=0.280
1_1090               -            560 1074831at2           -            386   6.2e-84  280.1  26.9   4   5   1.9e-09   2.1e-07   28.1   2.5   142   278   244   400   235   408 0.80 # 1299103 # 1300782 # 1 # ID=1_1090;partial=00;start_type=TTG;rbs_motif=AGxAGG/AGGxGG;rbs_spacer=5-10bp;gc_cont=0.280
1_1090               -            560 1074831at2           -            386   6.2e-84  280.1  26.9   5   5   1.1e-43   1.3e-41  140.8   0.3   264   385   407   553   405   554 0.84 # 1299103 # 1300782 # 1 # ID=1_1090;partial=00;start_type=TTG;rbs_motif=AGxAGG/AGGxGG;rbs_spacer=5-10bp;gc_cont=0.280
1_3669               -            243 1074831at2           -            386   9.7e-08   29.2   0.4   1   2    0.0026      0.28    7.9   0.4     9    37    17    48    12    65 0.84 # 4133510 # 4134238 # -1 # ID=1_3669;partial=00;start_type=ATG;rbs_motif=GGAG/GAGG;rbs_spacer=5-10bp;gc_cont=0.322
1_3669               -            243 1074831at2           -            386   9.7e-08   29.2   0.4   2   2   9.2e-07    0.0001   19.3   0.0   284   355   131   209   126   217 0.81 # 4133510 # 4134238 # -1 # ID=1_3669;partial=00;start_type=ATG;rbs_motif=GGAG/GAGG;rbs_spacer=5-10bp;gc_cont=0.322
1_3167               -            747 1074831at2           -            386   1.4e-07   28.7   0.1   1   4     0.096        11    2.8   0.0    21    37    27    43    15    55 0.87 # 3617347 # 3619587 # -1 # ID=1_3167;partial=00;start_type=ATG;rbs_motif=AGGAGG;rbs_spacer=5-10bp;gc_cont=0.309
1_3167               -            747 1074831at2           -            386   1.4e-07   28.7   0.1   2   4     0.002      0.22    8.3   0.0   288   356   333   409   270   415 0.82 # 3617347 # 3619587 # -1 # ID=1_3167;partial=00;start_type=ATG;rbs_motif=AGGAGG;rbs_spacer=5-10bp;gc_cont=0.309
1_3167               -            747 1074831at2           -            386   1.4e-07   28.7   0.1   3   4     0.011       1.3    5.8   0.0    22    38   478   494   464   520 0.87 # 3617347 # 3619587 # -1 # ID=1_3167;partial=00;start_type=ATG;rbs_motif=AGGAGG;rbs_spacer=5-10bp;gc_cont=0.309
1_3167               -            747 1074831at2           -            386   1.4e-07   28.7   0.1   4   4    0.0098       1.1    6.0   0.0   288   320   640   672   616   686 0.89 # 3617347 # 3619587 # -1 # ID=1_3167;partial=00;start_type=ATG;rbs_motif=AGGAGG;rbs_spacer=5-10bp;gc_cont=0.309
1_2512               -            228 1074831at2           -            386   1.2e-05   22.4   0.1   1   2    0.0093         1    6.1   0.0    21    76    34    89    20   106 0.78 # 2803379 # 2804062 # -1 # ID=1_2512;partial=00;start_type=ATG;rbs_motif=GGAG/GAGG;rbs_spacer=5-10bp;gc_cont=0.319
1_2512               -            228 1074831at2           -            386   1.2e-05   22.4   0.1   2   2   2.7e-05    0.0029   14.5   0.0   283   361   135   218   124   223 0.72 # 2803379 # 2804062 # -1 # ID=1_2512;partial=00;start_type=ATG;rbs_motif=GGAG/GAGG;rbs_spacer=5-10bp;gc_cont=0.319
1_175                -            228 1074831at2           -            386   1.3e-05   22.3   0.1   1   2     0.002      0.22    8.3   0.1    22    70    35    84    21    96 0.79 # 224196 # 224879 # 1 # ID=1_175;partial=00;start_type=ATG;rbs_motif=AGGAG;rbs_spacer=5-10bp;gc_cont=0.310
1_175                -            228 1074831at2           -            386   1.3e-05   22.3   0.1   2   2   0.00014     0.016   12.1   0.0   287   356   139   215   131   222 0.71 # 224196 # 224879 # 1 # ID=1_175;partial=00;start_type=ATG;rbs_motif=AGGAG;rbs_spacer=5-10bp;gc_cont=0.310
1_2140               -            250 1074831at2           -            386     3e-05   21.0   0.7   1   2   7.3e-06   0.00081   16.3   0.2    23   105    30   116    16   135 0.77 # 2387952 # 2388701 # -1 # ID=1_2140;partial=00;start_type=ATG;rbs_motif=AGxAGG/AGGxGG;rbs_spacer=5-10bp;gc_cont=0.288
1_2140               -            250 1074831at2           -            386     3e-05   21.0   0.7   2   2     0.064         7    3.4   0.0   290   328   140   182   135   212 0.73 # 2387952 # 2388701 # -1 # ID=1_2140;partial=00;start_type=ATG;rbs_motif=AGxAGG/AGGxGG;rbs_spacer=5-10bp;gc_cont=0.288
1_1838               -            222 1074831at2           -            386   3.2e-05   20.9   0.1   1   2    0.0016      0.18    8.6   0.1    22    79    35    92    26   111 0.83 # 2095225 # 2095890 # 1 # ID=1_1838;partial=00;start_type=ATG;rbs_motif=AGGAGG;rbs_spacer=5-10bp;gc_cont=0.296
1_1838               -            222 1074831at2           -            386   3.2e-05   20.9   0.1   2   2   0.00045     0.049   10.5   0.0   281   356   133   215   123   219 0.76 # 2095225 # 2095890 # 1 # ID=1_1838;partial=00;start_type=ATG;rbs_motif=AGGAGG;rbs_spacer=5-10bp;gc_cont=0.296
1_423                -            486 1074831at2           -            386   6.2e-05   20.0   0.1   1   4      0.74        82   -0.2   0.0    24    60    33    69    23    77 0.79 # 509528 # 510985 # 1 # ID=1_423;partial=00;start_type=GTG;rbs_motif=AGGAG/GGAGG;rbs_spacer=11-12bp;gc_cont=0.270
1_423                -            486 1074831at2           -            386   6.2e-05   20.0   0.1   2   4       7.9   8.7e+02   -3.5   0.0   290   315   142   167   141   168 0.83 # 509528 # 510985 # 1 # ID=1_423;partial=00;start_type=GTG;rbs_motif=AGGAG/GGAGG;rbs_spacer=11-12bp;gc_cont=0.270
1_423                -            486 1074831at2           -            386   6.2e-05   20.0   0.1   3   4       2.8   3.1e+02   -2.1   0.0    22    35   290   303   277   312 0.84 # 509528 # 510985 # 1 # ID=1_423;partial=00;start_type=GTG;rbs_motif=AGGAG/GGAGG;rbs_spacer=11-12bp;gc_cont=0.270
1_423                -            486 1074831at2           -            386   6.2e-05   20.0   0.1   4   4   1.1e-05    0.0012   15.8   0.0   288   341   385   444   370   453 0.83 # 509528 # 510985 # 1 # ID=1_423;partial=00;start_type=GTG;rbs_motif=AGGAG/GGAGG;rbs_spacer=11-12bp;gc_cont=0.270
1_835                -            338 1074831at2           -            386   6.4e-05   19.9   0.9   1   2     0.013       1.4    5.6   0.0    24    43    34    53    19    65 0.87 # 1010271 # 1011284 # 1 # ID=1_835;partial=00;start_type=TTG;rbs_motif=GGA/GAG/AGG;rbs_spacer=5-10bp;gc_cont=0.329
1_835                -            338 1074831at2           -            386   6.4e-05   19.9   0.9   2   2     9e-05    0.0099   12.7   0.4   268   362   129   229   119   235 0.72 # 1010271 # 1011284 # 1 # ID=1_835;partial=00;start_type=TTG;rbs_motif=GGA/GAG/AGG;rbs_spacer=5-10bp;gc_cont=0.329
1_2652               -            326 1074831at2           -            386   0.00011   19.1   2.3   1   2     0.047       5.1    3.8   0.2    25   118    40   135    28   146 0.63 # 2964113 # 2965090 # -1 # ID=1_2652;partial=00;start_type=ATG;rbs_motif=AGGAG;rbs_spacer=5-10bp;gc_cont=0.307
1_2652               -            326 1074831at2           -            386   0.00011   19.1   2.3   2   2   1.3e-05    0.0014   15.5   0.2   286   367   151   238   133   241 0.78 # 2964113 # 2965090 # -1 # ID=1_2652;partial=00;start_type=ATG;rbs_motif=AGGAG;rbs_spacer=5-10bp;gc_cont=0.307
1_3085               -            221 1074831at2           -            386   0.00012   19.0   0.0   1   2     0.015       1.7    5.4   0.0    21    40    34    53    18    79 0.85 # 3516405 # 3517067 # -1 # ID=1_3085;partial=00;start_type=ATG;rbs_motif=GGAGG;rbs_spacer=5-10bp;gc_cont=0.279
1_3085               -            221 1074831at2           -            386   0.00012   19.0   0.0   2   2   0.00018      0.02   11.8   0.0   283   355   135   214   125   219 0.80 # 3516405 # 3517067 # -1 # ID=1_3085;partial=00;start_type=ATG;rbs_motif=GGAGG;rbs_spacer=5-10bp;gc_cont=0.279
1_3460               -            942 1074831at2           -            386   0.00031   17.7   0.1   1   4       0.4        44    0.7   0.0    21    36    26    41    14    60 0.79 # 3910559 # 3913384 # -1 # ID=1_3460;partial=00;start_type=ATG;rbs_motif=3Base/5BMM;rbs_spacer=13-15bp;gc_cont=0.313
1_3460               -            942 1074831at2           -            386   0.00031   17.7   0.1   2   4      0.13        14    2.3   0.0   288   305   487   504   455   524 0.76 # 3910559 # 3913384 # -1 # ID=1_3460;partial=00;start_type=ATG;rbs_motif=3Base/5BMM;rbs_spacer=13-15bp;gc_cont=0.313
1_3460               -            942 1074831at2           -            386   0.00031   17.7   0.1   3   4     0.011       1.3    5.8   0.0    21    39   635   653   622   668 0.82 # 3910559 # 3913384 # -1 # ID=1_3460;partial=00;start_type=ATG;rbs_motif=3Base/5BMM;rbs_spacer=13-15bp;gc_cont=0.313
1_3460               -            942 1074831at2           -            386   0.00031   17.7   0.1   4   4      0.13        14    2.4   0.0   288   320   828   863   819   891 0.77 # 3910559 # 3913384 # -1 # ID=1_3460;partial=00;start_type=ATG;rbs_motif=3Base/5BMM;rbs_spacer=13-15bp;gc_cont=0.313
1_3683               -            206 1074831at2           -            386    0.0004   17.3   1.0   1   2   0.00025     0.028   11.3   0.2     8    43    12    50     2    65 0.84 # 4146480 # 4147097 # -1 # ID=1_3683;partial=00;start_type=ATG;rbs_motif=AGGAG/GGAGG;rbs_spacer=11-12bp;gc_cont=0.256
1_3683               -            206 1074831at2           -            386    0.0004   17.3   1.0   2   2     0.022       2.4    4.9   0.0   290   313   134   156    95   202 0.85 # 4146480 # 4147097 # -1 # ID=1_3683;partial=00;start_type=ATG;rbs_motif=AGGAG/GGAGG;rbs_spacer=11-12bp;gc_cont=0.256
1_3406               -            219 1074831at2           -            386    0.0014   15.5   0.6   1   2      0.21        23    1.7   0.1    22    38    33    49    24    62 0.86 # 3839338 # 3839994 # -1 # ID=1_3406;partial=00;start_type=ATG;rbs_motif=AGGAG;rbs_spacer=5-10bp;gc_cont=0.277
1_3406               -            219 1074831at2           -            386    0.0014   15.5   0.6   2   2   0.00014     0.015   12.1   0.0   288   355   128   202   109   214 0.72 # 3839338 # 3839994 # -1 # ID=1_3406;partial=00;start_type=ATG;rbs_motif=AGGAG;rbs_spacer=5-10bp;gc_cont=0.277
1_1832               -            229 1074831at2           -            386    0.0015   15.4   0.4   1   2    0.0031      0.34    7.7   0.1    22    79    35    92    23   112 0.80 # 2089608 # 2090294 # -1 # ID=1_1832;partial=00;start_type=ATG;rbs_motif=AGGAG;rbs_spacer=5-10bp;gc_cont=0.320
1_1832               -            229 1074831at2           -            386    0.0015   15.4   0.4   2   2    0.0088      0.97    6.2   0.0   291   356   144   216   134   220 0.66 # 2089608 # 2090294 # -1 # ID=1_1832;partial=00;start_type=ATG;rbs_motif=AGGAG;rbs_spacer=5-10bp;gc_cont=0.320
1_3589               -            289 1074831at2           -            386    0.0023   14.8   0.2   1   2     0.071       7.8    3.2   0.0    25    39    70    84    59    94 0.88 # 4047233 # 4048099 # -1 # ID=1_3589;partial=00;start_type=ATG;rbs_motif=AGGAGG;rbs_spacer=5-10bp;gc_cont=0.308
1_3589               -            289 1074831at2           -            386    0.0023   14.8   0.2   2   2    0.0008     0.088    9.6   0.0   273   348   166   249   160   264 0.71 # 4047233 # 4048099 # -1 # ID=1_3589;partial=00;start_type=ATG;rbs_motif=AGGAGG;rbs_spacer=5-10bp;gc_cont=0.308
1_170                -            221 1074831at2           -            386    0.0025   14.7   0.0   1   2     0.013       1.4    5.7   0.1    21    40    34    53    16    85 0.78 # 218096 # 218758 # 1 # ID=1_170;partial=00;start_type=ATG;rbs_motif=AGGAG;rbs_spacer=5-10bp;gc_cont=0.273
1_170                -            221 1074831at2           -            386    0.0025   14.7   0.0   2   2    0.0045      0.49    7.1   0.0   288   356   139   214   131   219 0.75 # 218096 # 218758 # 1 # ID=1_170;partial=00;start_type=ATG;rbs_motif=AGGAG;rbs_spacer=5-10bp;gc_cont=0.273
1_3561               -            361 1074831at2           -            386     0.003   14.4   0.0   1   1   5.5e-05     0.006   13.4   0.0    19    54   122   157   115   181 0.83 # 4015791 # 4016873 # -1 # ID=1_3561;partial=00;start_type=ATG;rbs_motif=GGAG/GAGG;rbs_spacer=5-10bp;gc_cont=0.337
1_216                -           1143 1074831at2           -            386    0.0034   14.3   0.0   1   4      0.09       9.9    2.9   0.0    21    36   347   362   334   374 0.84 # 273172 # 276600 # -1 # ID=1_216;partial=00;start_type=ATG;rbs_motif=GGAG/GAGG;rbs_spacer=5-10bp;gc_cont=0.314
1_216                -           1143 1074831at2           -            386    0.0034   14.3   0.0   2   4      0.13        14    2.4   0.0   287   320   694   729   684   758 0.78 # 273172 # 276600 # -1 # ID=1_216;partial=00;start_type=ATG;rbs_motif=GGAG/GAGG;rbs_spacer=5-10bp;gc_cont=0.314
1_216                -           1143 1074831at2           -            386    0.0034   14.3   0.0   3   4     0.091        10    2.8   0.0    22    54   842   875   822   883 0.73 # 273172 # 276600 # -1 # ID=1_216;partial=00;start_type=ATG;rbs_motif=GGAG/GAGG;rbs_spacer=5-10bp;gc_cont=0.314
1_216                -           1143 1074831at2           -            386    0.0034   14.3   0.0   4   4      0.85        94   -0.4   0.0   290   315  1036  1064  1028  1070 0.67 # 273172 # 276600 # -1 # ID=1_216;partial=00;start_type=ATG;rbs_motif=GGAG/GAGG;rbs_spacer=5-10bp;gc_cont=0.314
1_1391               -            322 1074831at2           -            386    0.0044   13.9   0.3   1   2    0.0077      0.85    6.4   0.1    25    64    32    71    14    84 0.82 # 1614330 # 1615295 # 1 # ID=1_1391;partial=00;start_type=ATG;rbs_motif=GGAGG;rbs_spacer=5-10bp;gc_cont=0.295
1_1391               -            322 1074831at2           -            386    0.0044   13.9   0.3   2   2     0.013       1.4    5.6   0.0   289   347   136   201   124   217 0.80 # 1614330 # 1615295 # 1 # ID=1_1391;partial=00;start_type=ATG;rbs_motif=GGAGG;rbs_spacer=5-10bp;gc_cont=0.295
1_2921               -            399 1074831at2           -            386    0.0047   13.8   0.2   1   1   6.6e-05    0.0072   13.2   0.2     9   232    13   241     4   252 0.81 # 3309407 # 3310603 # -1 # ID=1_2921;partial=00;start_type=ATG;rbs_motif=GGA/GAG/AGG;rbs_spacer=5-10bp;gc_cont=0.277
1_426                -            574 1074831at2           -            386    0.0063   13.4   0.1   1   2       1.3   1.4e+02   -0.9   0.1    22    45   358   381   349   425 0.73 # 514211 # 515932 # 1 # ID=1_426;partial=00;start_type=ATG;rbs_motif=GGAGG;rbs_spacer=5-10bp;gc_cont=0.275
1_426                -            574 1074831at2           -            386    0.0063   13.4   0.1   2   2   0.00032     0.035   10.9   0.0   288   341   465   523   451   544 0.80 # 514211 # 515932 # 1 # ID=1_426;partial=00;start_type=ATG;rbs_motif=GGAGG;rbs_spacer=5-10bp;gc_cont=0.275
1_2978               -            251 1074831at2           -            386    0.0087   12.9   0.2   1   3     0.035       3.8    4.2   0.3    21    67    35    81    21   108 0.73 # 3377795 # 3378547 # -1 # ID=1_2978;partial=00;start_type=ATG;rbs_motif=GGAGG;rbs_spacer=5-10bp;gc_cont=0.275
1_2978               -            251 1074831at2           -            386    0.0087   12.9   0.2   2   3      0.67        74   -0.0   0.1   174   211    98   134    60   159 0.68 # 3377795 # 3378547 # -1 # ID=1_2978;partial=00;start_type=ATG;rbs_motif=GGAGG;rbs_spacer=5-10bp;gc_cont=0.275
1_2978               -            251 1074831at2           -            386    0.0087   12.9   0.2   3   3     0.013       1.4    5.6   0.0   329   357   191   219   138   225 0.73 # 3377795 # 3378547 # -1 # ID=1_2978;partial=00;start_type=ATG;rbs_motif=GGAGG;rbs_spacer=5-10bp;gc_cont=0.275
1_1695               -            224 1074831at2           -            386     0.009   12.9   0.5   1   2    0.0041      0.45    7.3   0.2    22    60    29    67    14   129 0.71 # 1943781 # 1944452 # 1 # ID=1_1695;partial=00;start_type=ATG;rbs_motif=AGGAGG;rbs_spacer=5-10bp;gc_cont=0.290
1_1695               -            224 1074831at2           -            386     0.009   12.9   0.5   2   2     0.039       4.3    4.1   0.0   290   334   136   180   124   208 0.80 # 1943781 # 1944452 # 1 # ID=1_1695;partial=00;start_type=ATG;rbs_motif=AGGAGG;rbs_spacer=5-10bp;gc_cont=0.290
1_2914               -            293 1074831at2           -            386      0.01   12.7   0.5   1   2   0.00037      0.04   10.7   0.0    21    45    40    64    23    74 0.84 # 3301613 # 3302491 # -1 # ID=1_2914;partial=00;start_type=ATG;rbs_motif=GGxGG;rbs_spacer=5-10bp;gc_cont=0.266
1_2914               -            293 1074831at2           -            386      0.01   12.7   0.5   2   2      0.86        94   -0.4   0.1   203   239   114   149    97   203 0.55 # 3301613 # 3302491 # -1 # ID=1_2914;partial=00;start_type=ATG;rbs_motif=GGxGG;rbs_spacer=5-10bp;gc_cont=0.266
1_730                -            241 1074831at2           -            386      0.01   12.7   0.2   1   2     0.008      0.88    6.3   0.1    21    43    28    50     9    55 0.77 # 898222 # 898944 # 1 # ID=1_730;partial=00;start_type=ATG;rbs_motif=AGGA;rbs_spacer=5-10bp;gc_cont=0.304
1_730                -            241 1074831at2           -            386      0.01   12.7   0.2   2   2     0.028         3    4.6   0.0   289   320   136   167    93   205 0.88 # 898222 # 898944 # 1 # ID=1_730;partial=00;start_type=ATG;rbs_motif=AGGA;rbs_spacer=5-10bp;gc_cont=0.304
1_3143               -            807 1074831at2           -            386     0.011   12.6   0.2   1   4      0.12        13    2.5   0.0     6    37    10    41     6    57 0.83 # 3593285 # 3595705 # 1 # ID=1_3143;partial=00;start_type=ATG;rbs_motif=GGAG/GAGG;rbs_spacer=5-10bp;gc_cont=0.323
1_3143               -            807 1074831at2           -            386     0.011   12.6   0.2   2   4      0.21        23    1.7   0.0   288   319   335   368   326   413 0.73 # 3593285 # 3595705 # 1 # ID=1_3143;partial=00;start_type=ATG;rbs_motif=GGAG/GAGG;rbs_spacer=5-10bp;gc_cont=0.323
1_3143               -            807 1074831at2           -            386     0.011   12.6   0.2   3   4      0.16        18    2.0   0.0    22    53   488   520   466   536 0.69 # 3593285 # 3595705 # 1 # ID=1_3143;partial=00;start_type=ATG;rbs_motif=GGAG/GAGG;rbs_spacer=5-10bp;gc_cont=0.323
1_3143               -            807 1074831at2           -            386     0.011   12.6   0.2   4   4      0.72        79   -0.1   0.0   289   304   699   714   692   749 0.71 # 3593285 # 3595705 # 1 # ID=1_3143;partial=00;start_type=ATG;rbs_motif=GGAG/GAGG;rbs_spacer=5-10bp;gc_cont=0.323
1_1432               -            225 1074831at2           -            386     0.012   12.4   0.6   1   2    0.0022      0.24    8.2   0.1    19    87    30    99    17   137 0.83 # 1661623 # 1662297 # -1 # ID=1_1432;partial=00;start_type=ATG;rbs_motif=None;rbs_spacer=None;gc_cont=0.305
1_1432               -            225 1074831at2           -            386     0.012   12.4   0.6   2   2     0.087       9.6    2.9   0.0   290   353   144   213   131   218 0.74 # 1661623 # 1662297 # -1 # ID=1_1432;partial=00;start_type=ATG;rbs_motif=None;rbs_spacer=None;gc_cont=0.305
1_1824               -            229 1074831at2           -            386     0.014   12.2   0.1   1   2     0.016       1.8    5.3   0.1    21    73    40    92    16   100 0.79 # 2077518 # 2078204 # -1 # ID=1_1824;partial=00;start_type=ATG;rbs_motif=GGAGG;rbs_spacer=5-10bp;gc_cont=0.303
1_1824               -            229 1074831at2           -            386     0.014   12.2   0.1   2   2      0.02       2.3    5.0   0.0   290   355   150   222   140   225 0.67 # 2077518 # 2078204 # -1 # ID=1_1824;partial=00;start_type=ATG;rbs_motif=GGAGG;rbs_spacer=5-10bp;gc_cont=0.303
1_3643               -            229 1074831at2           -            386     0.015   12.1   3.1   1   2    0.0019      0.21    8.4   0.2    21    66    34    79    18   101 0.74 # 4103907 # 4104593 # -1 # ID=1_3643;partial=00;start_type=ATG;rbs_motif=AGGAG;rbs_spacer=5-10bp;gc_cont=0.367
1_3643               -            229 1074831at2           -            386     0.015   12.1   3.1   2   2     0.029       3.2    4.5   0.2   288   356   140   215   124   223 0.66 # 4103907 # 4104593 # -1 # ID=1_3643;partial=00;start_type=ATG;rbs_motif=AGGAG;rbs_spacer=5-10bp;gc_cont=0.367
1_2052               -            347 1074831at2           -            386     0.019   11.8   0.2   1   1   0.00032     0.035   10.9   0.2    24    54    52    81    48    87 0.89 # 2291148 # 2292188 # -1 # ID=1_2052;partial=00;start_type=ATG;rbs_motif=GGAG/GAGG;rbs_spacer=5-10bp;gc_cont=0.319
1_4                  -            372 1074831at2           -            386     0.019   11.8   0.2   1   2   0.00082     0.091    9.6   0.0     2    48     3    51     2    76 0.83 # 3029 # 4144 # 1 # ID=1_4;partial=00;start_type=GTG;rbs_motif=AGGAG;rbs_spacer=5-10bp;gc_cont=0.256
1_4                  -            372 1074831at2           -            386     0.019   11.8   0.2   2   2      0.85        93   -0.3   0.1   141   210   133   200   102   253 0.73 # 3029 # 4144 # 1 # ID=1_4;partial=00;start_type=GTG;rbs_motif=AGGAG;rbs_spacer=5-10bp;gc_cont=0.256
1_2572               -            551 1074831at2           -            386      0.19    8.5   0.0   1   5       3.7   4.1e+02   -2.5   0.2    25    40    34    49    23    51 0.91 # 2873241 # 2874893 # -1 # ID=1_2572;partial=00;start_type=ATG;rbs_motif=AGGAGG;rbs_spacer=5-10bp;gc_cont=0.276
1_2572               -            551 1074831at2           -            386      0.19    8.5   0.0   2   5         2   2.2e+02   -1.6   4.3   173   239   226   295   135   303 0.51 # 2873241 # 2874893 # -1 # ID=1_2572;partial=00;start_type=ATG;rbs_motif=AGGAGG;rbs_spacer=5-10bp;gc_cont=0.276
1_2572               -            551 1074831at2           -            386      0.19    8.5   0.0   3   5       0.3        33    1.1   0.1    24    56   318   347   294   375 0.66 # 2873241 # 2874893 # -1 # ID=1_2572;partial=00;start_type=ATG;rbs_motif=AGGAGG;rbs_spacer=5-10bp;gc_cont=0.276
1_2572               -            551 1074831at2           -            386      0.19    8.5   0.0   4   5    0.0017      0.19    8.5   0.0   278   315   390   427   379   430 0.83 # 2873241 # 2874893 # -1 # ID=1_2572;partial=00;start_type=ATG;rbs_motif=AGGAGG;rbs_spacer=5-10bp;gc_cont=0.276
1_2572               -            551 1074831at2           -            386      0.19    8.5   0.0   5   5       5.3   5.8e+02   -3.0   1.0   188   235   499   546   490   549 0.71 # 2873241 # 2874893 # -1 # ID=1_2572;partial=00;start_type=ATG;rbs_motif=AGGAGG;rbs_spacer=5-10bp;gc_cont=0.276
1_3385               -            513 1074831at2           -            386      0.28    7.9   0.0   1   5         4   4.4e+02   -2.6   0.5    26    38    35    47    33    51 0.85 # 3816797 # 3818335 # 1 # ID=1_3385;partial=00;start_type=ATG;rbs_motif=AGGAG;rbs_spacer=5-10bp;gc_cont=0.294
1_3385               -            513 1074831at2           -            386      0.28    7.9   0.0   2   5       8.5   9.3e+02   -3.6   0.0   290   315   160   185   154   185 0.79 # 3816797 # 3818335 # 1 # ID=1_3385;partial=00;start_type=ATG;rbs_motif=AGGAG;rbs_spacer=5-10bp;gc_cont=0.294
1_3385               -            513 1074831at2           -            386      0.28    7.9   0.0   3   5     0.035       3.9    4.2   0.2   214   274   252   312   228   327 0.82 # 3816797 # 3818335 # 1 # ID=1_3385;partial=00;start_type=ATG;rbs_motif=AGGAG;rbs_spacer=5-10bp;gc_cont=0.294
1_3385               -            513 1074831at2           -            386      0.28    7.9   0.0   4   5      0.33        36    1.0   0.3    24    40   350   366   343   369 0.92 # 3816797 # 3818335 # 1 # ID=1_3385;partial=00;start_type=ATG;rbs_motif=AGGAG;rbs_spacer=5-10bp;gc_cont=0.294
1_3385               -            513 1074831at2           -            386      0.28    7.9   0.0   5   5    0.0026      0.28    7.9   0.0   284   333   432   481   424   495 0.76 # 3816797 # 3818335 # 1 # ID=1_3385;partial=00;start_type=ATG;rbs_motif=AGGAG;rbs_spacer=5-10bp;gc_cont=0.294
#
# Program:         hmmsearch
# Version:         3.1b2 (February 2015)
# Pipeline mode:   SEARCH
# Query file:      /home/johngn/Microbial-Genomics-Journey-Workshop-2023/Reads_session_3/busco_downloads/lineages/bacteria_odb10/hmms/1074831at2.hmm
# Target file:     /home/johngn/Microbial-Genomics-Journey-Workshop-2023/Reads_session_3/busco_op2/prodigal_output/predicted_genes/predicted.faa
# Option settings: hmmsearch --domtblout /home/johngn/Microbial-Genomics-Journey-Workshop-2023/Reads_session_3/busco_op2/run_bacteria_odb10/hmmer_output/1074831at2.out --cpu 1 /home/johngn/Microbial-Genomics-Journey-Workshop-2023/Reads_session_3/busco_downloads/lineages/bacteria_odb10/hmms/1074831at2.hmm /home/johngn/Microbial-Genomics-Journey-Workshop-2023/Reads_session_3/busco_op2/prodigal_output/predicted_genes/predicted.faa 
# Current dir:     /home/johngn/Microbial-Genomics-Journey-Workshop-2023/Reads_session_3
# Date:            Wed Mar  8 16:57:22 2023
# [ok]
