#                                                                            --- full sequence --- -------------- this domain -------------   hmm coord   ali coord   env coord
# target name        accession   tlen query name           accession   qlen   E-value  score  bias   #  of  c-Evalue  i-Evalue  score  bias  from    to  from    to  from    to  acc description of target
#------------------- ---------- ----- -------------------- ---------- ----- --------- ------ ----- --- --- --------- --------- ------ ----- ----- ----- ----- ----- ----- ----- ---- ---------------------
1_2634               -            452 1093223at2           -            361   1.3e-93  312.0   0.0   1   1   6.8e-96   4.3e-93  310.3   0.0     3   358     6   450     4   451 0.79 # 2938915 # 2940270 # -1 # ID=1_2634;partial=00;start_type=ATG;rbs_motif=AGxAGG/AGGxGG;rbs_spacer=5-10bp;gc_cont=0.294
1_2646               -            485 1093223at2           -            361   4.9e-18   63.4   0.0   1   2   1.7e-08   1.1e-05   22.8   0.4    72   104   101   132    77   146 0.79 # 2954769 # 2956223 # -1 # ID=1_2646;partial=00;start_type=ATG;rbs_motif=GGAGG;rbs_spacer=5-10bp;gc_cont=0.293
1_2646               -            485 1093223at2           -            361   4.9e-18   63.4   0.0   2   2   5.8e-13   3.6e-10   37.5   0.0   115   259   168   350   161   415 0.70 # 2954769 # 2956223 # -1 # ID=1_2646;partial=00;start_type=ATG;rbs_motif=GGAGG;rbs_spacer=5-10bp;gc_cont=0.293
1_3574               -            451 1093223at2           -            361   2.1e-16   58.0   0.0   1   1   9.3e-19   5.8e-16   56.5   0.1    39   266    65   338    40   351 0.71 # 4031145 # 4032497 # 1 # ID=1_3574;partial=00;start_type=ATG;rbs_motif=AGxAGG/AGGxGG;rbs_spacer=5-10bp;gc_cont=0.315
1_2636               -            458 1093223at2           -            361   3.5e-16   57.3   0.1   1   1   1.4e-18   8.9e-16   55.9   0.1    64   270    95   352    79   407 0.75 # 2941298 # 2942671 # -1 # ID=1_2636;partial=00;start_type=ATG;rbs_motif=AGGAGG;rbs_spacer=5-10bp;gc_cont=0.274
1_3204               -            433 1093223at2           -            361   7.5e-05   20.0   0.2   1   2   5.2e-05     0.032   11.3   0.0    73   103    39    69    24    85 0.81 # 3661024 # 3662322 # -1 # ID=1_3204;partial=00;start_type=ATG;rbs_motif=AGxAGG/AGGxGG;rbs_spacer=5-10bp;gc_cont=0.282
1_3204               -            433 1093223at2           -            361   7.5e-05   20.0   0.2   2   2    0.0012      0.76    6.8   0.1   135   250   162   309   156   387 0.63 # 3661024 # 3662322 # -1 # ID=1_3204;partial=00;start_type=ATG;rbs_motif=AGxAGG/AGGxGG;rbs_spacer=5-10bp;gc_cont=0.282
1_3669               -            243 1093223at2           -            361   0.00035   17.8   0.1   1   1   9.7e-07   0.00061   17.0   0.1    56    98    14    58     6    63 0.85 # 4133510 # 4134238 # -1 # ID=1_3669;partial=00;start_type=ATG;rbs_motif=GGAG/GAGG;rbs_spacer=5-10bp;gc_cont=0.322
#
# Program:         hmmsearch
# Version:         3.1b2 (February 2015)
# Pipeline mode:   SEARCH
# Query file:      /home/johngn/Microbial-Genomics-Journey-Workshop-2023/Reads_session_3/busco_downloads/lineages/bacteria_odb10/hmms/1093223at2.hmm
# Target file:     /home/johngn/Microbial-Genomics-Journey-Workshop-2023/Reads_session_3/busco_op2/prodigal_output/predicted_genes/predicted.faa
# Option settings: hmmsearch --domtblout /home/johngn/Microbial-Genomics-Journey-Workshop-2023/Reads_session_3/busco_op2/run_bacteria_odb10/hmmer_output/1093223at2.out --cpu 1 /home/johngn/Microbial-Genomics-Journey-Workshop-2023/Reads_session_3/busco_downloads/lineages/bacteria_odb10/hmms/1093223at2.hmm /home/johngn/Microbial-Genomics-Journey-Workshop-2023/Reads_session_3/busco_op2/prodigal_output/predicted_genes/predicted.faa 
# Current dir:     /home/johngn/Microbial-Genomics-Journey-Workshop-2023/Reads_session_3
# Date:            Wed Mar  8 16:57:22 2023
# [ok]
