#                                                                            --- full sequence --- -------------- this domain -------------   hmm coord   ali coord   env coord
# target name        accession   tlen query name           accession   qlen   E-value  score  bias   #  of  c-Evalue  i-Evalue  score  bias  from    to  from    to  from    to  acc description of target
#------------------- ---------- ----- -------------------- ---------- ----- --------- ------ ----- --- --- --------- --------- ------ ----- ----- ----- ----- ----- ----- ----- ---- ---------------------
1_2567               -            206 1502854at2           -            192   1.6e-77  257.2   0.0   1   1   3.6e-79   2.2e-77  256.8   0.0     4   190     4   189     2   191 0.98 # 2867272 # 2867889 # -1 # ID=1_2567;partial=00;start_type=ATG;rbs_motif=AGxAGG/AGGxGG;rbs_spacer=11-12bp;gc_cont=0.294
1_2554               -            295 1502854at2           -            192   0.00017   19.0   0.0   1   1   4.6e-06   0.00028   18.3   0.0     5    31   157   183   153   203 0.79 # 2853044 # 2853928 # -1 # ID=1_2554;partial=00;start_type=ATG;rbs_motif=GGAGG;rbs_spacer=5-10bp;gc_cont=0.286
1_3460               -            942 1502854at2           -            192   0.00018   18.9   0.1   1   2     0.038       2.3    5.5   0.0     5    24    24    43    22    72 0.84 # 3910559 # 3913384 # -1 # ID=1_3460;partial=00;start_type=ATG;rbs_motif=3Base/5BMM;rbs_spacer=13-15bp;gc_cont=0.313
1_3460               -            942 1502854at2           -            192   0.00018   18.9   0.1   2   2    0.0011     0.065   10.6   0.1     6    29   634   657   632   680 0.71 # 3910559 # 3913384 # -1 # ID=1_3460;partial=00;start_type=ATG;rbs_motif=3Base/5BMM;rbs_spacer=13-15bp;gc_cont=0.313
1_3669               -            243 1502854at2           -            192   0.00033   18.0   0.0   1   1   8.4e-06    0.0005   17.4   0.0     4    27    29    52    27    98 0.90 # 4133510 # 4134238 # -1 # ID=1_3669;partial=00;start_type=ATG;rbs_motif=GGAG/GAGG;rbs_spacer=5-10bp;gc_cont=0.322
1_3167               -            747 1502854at2           -            192   0.00034   18.0   0.1   1   2    0.0031      0.19    9.1   0.0     5    31    25    51    22    72 0.85 # 3617347 # 3619587 # -1 # ID=1_3167;partial=00;start_type=ATG;rbs_motif=AGGAGG;rbs_spacer=5-10bp;gc_cont=0.309
1_3167               -            747 1502854at2           -            192   0.00034   18.0   0.1   2   2     0.017         1    6.7   0.0     5    25   475   495   472   516 0.82 # 3617347 # 3619587 # -1 # ID=1_3167;partial=00;start_type=ATG;rbs_motif=AGGAGG;rbs_spacer=5-10bp;gc_cont=0.309
1_3336               -            360 1502854at2           -            192   0.00038   17.8   0.0   1   2    0.0084      0.51    7.6   0.0     6    29    31    54    27    62 0.88 # 3769157 # 3770236 # -1 # ID=1_3336;partial=00;start_type=ATG;rbs_motif=AGGAGG;rbs_spacer=5-10bp;gc_cont=0.283
1_3336               -            360 1502854at2           -            192   0.00038   17.8   0.0   2   2    0.0075      0.45    7.8   0.0     6    30   215   239   211   250 0.81 # 3769157 # 3770236 # -1 # ID=1_3336;partial=00;start_type=ATG;rbs_motif=AGGAGG;rbs_spacer=5-10bp;gc_cont=0.283
1_423                -            486 1502854at2           -            192    0.0004   17.8   0.0   1   2    0.0015     0.089   10.1   0.0     4    26    27    49    25    57 0.89 # 509528 # 510985 # 1 # ID=1_423;partial=00;start_type=GTG;rbs_motif=AGGAG/GGAGG;rbs_spacer=11-12bp;gc_cont=0.270
1_423                -            486 1502854at2           -            192    0.0004   17.8   0.0   2   2     0.041       2.5    5.4   0.0     4    32   286   314   284   350 0.81 # 509528 # 510985 # 1 # ID=1_423;partial=00;start_type=GTG;rbs_motif=AGGAG/GGAGG;rbs_spacer=11-12bp;gc_cont=0.270
1_2613               -            442 1502854at2           -            192   0.00043   17.6   0.0   1   2      0.91        55    1.0   0.0     8    29     7    28     3    56 0.81 # 2919230 # 2920555 # -1 # ID=1_2613;partial=00;start_type=ATG;rbs_motif=AGGAG;rbs_spacer=5-10bp;gc_cont=0.311
1_2613               -            442 1502854at2           -            192   0.00043   17.6   0.0   2   2   0.00013    0.0076   13.6   0.0    10    89   182   263   177   278 0.89 # 2919230 # 2920555 # -1 # ID=1_2613;partial=00;start_type=ATG;rbs_motif=AGGAG;rbs_spacer=5-10bp;gc_cont=0.311
1_730                -            241 1502854at2           -            192   0.00044   17.6   0.0   1   1   1.4e-05   0.00082   16.7   0.0     5    26    26    47    23    52 0.90 # 898222 # 898944 # 1 # ID=1_730;partial=00;start_type=ATG;rbs_motif=AGGA;rbs_spacer=5-10bp;gc_cont=0.304
1_1803               -            200 1502854at2           -            192   0.00059   17.2   0.1   1   2   4.7e-05    0.0028   15.0   0.0     5    27    34    56    31    68 0.88 # 2059721 # 2060320 # -1 # ID=1_1803;partial=00;start_type=ATG;rbs_motif=AGxAGG/AGGxGG;rbs_spacer=5-10bp;gc_cont=0.288
1_1803               -            200 1502854at2           -            192   0.00059   17.2   0.1   2   2       2.3   1.4e+02   -0.3   0.0    65    82    75    92    72   128 0.80 # 2059721 # 2060320 # -1 # ID=1_1803;partial=00;start_type=ATG;rbs_motif=AGxAGG/AGGxGG;rbs_spacer=5-10bp;gc_cont=0.288
1_2572               -            551 1502854at2           -            192   0.00064   17.1   0.1   1   2      0.21        13    3.1   0.0    11    29    34    52    29    63 0.86 # 2873241 # 2874893 # -1 # ID=1_2572;partial=00;start_type=ATG;rbs_motif=AGGAGG;rbs_spacer=5-10bp;gc_cont=0.276
1_2572               -            551 1502854at2           -            192   0.00064   17.1   0.1   2   2   0.00075     0.045   11.1   0.0     4    34   312   343   310   348 0.85 # 2873241 # 2874893 # -1 # ID=1_2572;partial=00;start_type=ATG;rbs_motif=AGGAGG;rbs_spacer=5-10bp;gc_cont=0.276
1_615                -            309 1502854at2           -            192   0.00085   16.7   0.0   1   2   5.3e-05    0.0032   14.8   0.0     4    28    28    52    26    62 0.89 # 739474 # 740400 # 1 # ID=1_615;partial=00;start_type=ATG;rbs_motif=AGGAGG;rbs_spacer=5-10bp;gc_cont=0.297
1_615                -            309 1502854at2           -            192   0.00085   16.7   0.0   2   2       7.6   4.6e+02   -2.0   0.0   103   125   163   189   159   198 0.71 # 739474 # 740400 # 1 # ID=1_615;partial=00;start_type=ATG;rbs_motif=AGGAGG;rbs_spacer=5-10bp;gc_cont=0.297
1_2802               -            597 1502854at2           -            192    0.0014   16.0   0.1   1   1   4.2e-05    0.0025   15.1   0.1     4    29   378   403   375   410 0.87 # 3164831 # 3166621 # -1 # ID=1_2802;partial=00;start_type=ATG;rbs_motif=AGGAGG;rbs_spacer=5-10bp;gc_cont=0.298
1_2914               -            293 1502854at2           -            192    0.0015   15.9   0.2   1   1   8.1e-05    0.0049   14.2   0.0     5    27    38    60    35    68 0.88 # 3301613 # 3302491 # -1 # ID=1_2914;partial=00;start_type=ATG;rbs_motif=GGxGG;rbs_spacer=5-10bp;gc_cont=0.266
1_1385               -            244 1502854at2           -            192    0.0019   15.5   1.0   1   2   0.00053     0.032   11.6   0.0     6    27    35    56    32    69 0.87 # 1608873 # 1609604 # 1 # ID=1_1385;partial=00;start_type=ATG;rbs_motif=AGxAGG/AGGxGG;rbs_spacer=5-10bp;gc_cont=0.277
1_1385               -            244 1502854at2           -            192    0.0019   15.5   1.0   2   2      0.37        22    2.3   0.3   148   188   167   207   163   212 0.86 # 1608873 # 1609604 # 1 # ID=1_1385;partial=00;start_type=ATG;rbs_motif=AGxAGG/AGGxGG;rbs_spacer=5-10bp;gc_cont=0.277
1_3212               -            255 1502854at2           -            192    0.0028   15.0   0.0   1   1   0.00011    0.0064   13.8   0.0     4    29    32    57    29    66 0.85 # 3673078 # 3673842 # -1 # ID=1_3212;partial=00;start_type=ATG;rbs_motif=GGAG/GAGG;rbs_spacer=5-10bp;gc_cont=0.320
1_1736               -            217 1502854at2           -            192    0.0028   15.0   1.4   1   2   0.00045     0.027   11.8   0.0     7    33     4    29     1    34 0.78 # 1985332 # 1985982 # 1 # ID=1_1736;partial=00;start_type=ATG;rbs_motif=GGAG/GAGG;rbs_spacer=5-10bp;gc_cont=0.289
1_1736               -            217 1502854at2           -            192    0.0028   15.0   1.4   2   2       0.4        24    2.2   0.2   128   185   144   208   107   214 0.66 # 1985332 # 1985982 # 1 # ID=1_1736;partial=00;start_type=ATG;rbs_motif=GGAG/GAGG;rbs_spacer=5-10bp;gc_cont=0.289
1_3385               -            513 1502854at2           -            192    0.0033   14.8   0.2   1   2     0.064       3.9    4.8   0.1     9    27    32    50    27    59 0.84 # 3816797 # 3818335 # 1 # ID=1_3385;partial=00;start_type=ATG;rbs_motif=AGGAG;rbs_spacer=5-10bp;gc_cont=0.294
1_3385               -            513 1502854at2           -            192    0.0033   14.8   0.2   2   2     0.011      0.67    7.2   0.0     8    32   348   372   344   380 0.85 # 3816797 # 3818335 # 1 # ID=1_3385;partial=00;start_type=ATG;rbs_motif=AGGAG;rbs_spacer=5-10bp;gc_cont=0.294
1_2978               -            251 1502854at2           -            192    0.0037   14.6   0.0   1   1    0.0001     0.006   13.9   0.0     5    28    33    56    30    65 0.83 # 3377795 # 3378547 # -1 # ID=1_2978;partial=00;start_type=ATG;rbs_motif=GGAGG;rbs_spacer=5-10bp;gc_cont=0.275
1_1782               -            150 1502854at2           -            192    0.0038   14.6   0.0   1   1   0.00011    0.0063   13.8   0.0     9    30     4    25     1    36 0.82 # 2039792 # 2040241 # 1 # ID=1_1782;partial=00;start_type=ATG;rbs_motif=AGGA/GGAG/GAGG;rbs_spacer=11-12bp;gc_cont=0.282
1_2179               -            611 1502854at2           -            192    0.0041   14.4   0.0   1   1   0.00017      0.01   13.1   0.0     6    29   394   417   390   425 0.83 # 2435401 # 2437233 # -1 # ID=1_2179;partial=00;start_type=ATG;rbs_motif=AGGAGG;rbs_spacer=5-10bp;gc_cont=0.308
1_3143               -            807 1502854at2           -            192    0.0045   14.3   0.1   1   2     0.025       1.5    6.1   0.0     5    25    23    43    21    56 0.85 # 3593285 # 3595705 # 1 # ID=1_3143;partial=00;start_type=ATG;rbs_motif=GGAG/GAGG;rbs_spacer=5-10bp;gc_cont=0.323
1_3143               -            807 1502854at2           -            192    0.0045   14.3   0.1   2   2     0.035       2.1    5.6   0.0     8    25   488   505   485   540 0.91 # 3593285 # 3595705 # 1 # ID=1_3143;partial=00;start_type=ATG;rbs_motif=GGAG/GAGG;rbs_spacer=5-10bp;gc_cont=0.323
1_1365               -            226 1502854at2           -            192    0.0049   14.2   0.1   1   1   0.00014    0.0086   13.4   0.1     4    26    31    53    29    60 0.89 # 1581021 # 1581698 # 1 # ID=1_1365;partial=00;start_type=ATG;rbs_motif=GGAGG;rbs_spacer=5-10bp;gc_cont=0.294
1_3585               -            332 1502854at2           -            192    0.0049   14.2   0.0   1   1   0.00015     0.009   13.3   0.0     4    26    27    49    25    62 0.87 # 4043473 # 4044468 # -1 # ID=1_3585;partial=00;start_type=ATG;rbs_motif=AGGAGG;rbs_spacer=5-10bp;gc_cont=0.302
1_2434               -            370 1502854at2           -            192    0.0053   14.1   0.1   1   1   0.00031     0.019   12.3   0.0     6    27    30    51    27    57 0.86 # 2708539 # 2709648 # 1 # ID=1_2434;partial=00;start_type=ATG;rbs_motif=AGGAGG;rbs_spacer=5-10bp;gc_cont=0.299
1_1695               -            224 1502854at2           -            192    0.0055   14.1   0.0   1   1   0.00018     0.011   13.1   0.0     5    26    26    47    23    57 0.88 # 1943781 # 1944452 # 1 # ID=1_1695;partial=00;start_type=ATG;rbs_motif=AGGAGG;rbs_spacer=5-10bp;gc_cont=0.290
1_1444               -            272 1502854at2           -            192    0.0058   14.0   0.0   1   1   0.00019     0.011   13.0   0.0     5    27    54    76    51    86 0.85 # 1676723 # 1677538 # 1 # ID=1_1444;partial=00;start_type=ATG;rbs_motif=GGA/GAG/AGG;rbs_spacer=5-10bp;gc_cont=0.288
1_3466               -            357 1502854at2           -            192    0.0063   13.8   0.0   1   1   0.00038     0.023   12.0   0.0     6    27    30    51    27    58 0.86 # 3919977 # 3921047 # -1 # ID=1_3466;partial=00;start_type=ATG;rbs_motif=GGAGG;rbs_spacer=5-10bp;gc_cont=0.281
1_1896               -            865 1502854at2           -            192    0.0071   13.7   1.0   1   2      0.28        17    2.6   0.0    10    29   208   227   200   232 0.86 # 2156420 # 2159014 # -1 # ID=1_1896;partial=00;start_type=ATG;rbs_motif=GGAGG;rbs_spacer=5-10bp;gc_cont=0.303
1_1896               -            865 1502854at2           -            192    0.0071   13.7   1.0   2   2    0.0068      0.41    7.9   0.0     9    29   608   628   602   637 0.88 # 2156420 # 2159014 # -1 # ID=1_1896;partial=00;start_type=ATG;rbs_motif=GGAGG;rbs_spacer=5-10bp;gc_cont=0.303
1_2909               -            249 1502854at2           -            192    0.0078   13.5   0.0   1   1   0.00023     0.014   12.7   0.0     6    27    32    53    29    62 0.84 # 3296652 # 3297398 # -1 # ID=1_2909;partial=00;start_type=ATG;rbs_motif=AGGA;rbs_spacer=5-10bp;gc_cont=0.300
1_878                -            379 1502854at2           -            192    0.0086   13.4   0.2   1   1   0.00041     0.025   11.9   0.2     4    27    25    48    23    55 0.87 # 1061526 # 1062662 # 1 # ID=1_878;partial=00;start_type=ATG;rbs_motif=GGA/GAG/AGG;rbs_spacer=5-10bp;gc_cont=0.307
1_3334               -            450 1502854at2           -            192    0.0087   13.4   0.9   1   2       8.4   5.1e+02   -2.2   0.1   141   183    52    94    44   118 0.74 # 3766714 # 3768063 # -1 # ID=1_3334;partial=00;start_type=TTG;rbs_motif=GGAG/GAGG;rbs_spacer=5-10bp;gc_cont=0.293
1_3334               -            450 1502854at2           -            192    0.0087   13.4   0.9   2   2   0.00036     0.022   12.1   0.1     4    34   208   238   206   243 0.84 # 3766714 # 3768063 # -1 # ID=1_3334;partial=00;start_type=TTG;rbs_motif=GGAG/GAGG;rbs_spacer=5-10bp;gc_cont=0.293
1_919                -            621 1502854at2           -            192    0.0089   13.4   0.0   1   1   0.00041     0.025   11.9   0.0     9    28   404   423   399   429 0.85 # 1110320 # 1112182 # 1 # ID=1_919;partial=00;start_type=ATG;rbs_motif=GGAGG;rbs_spacer=5-10bp;gc_cont=0.310
1_170                -            221 1502854at2           -            192     0.011   13.1   0.1   1   1   0.00032      0.02   12.3   0.1     5    25    32    52    29    61 0.87 # 218096 # 218758 # 1 # ID=1_170;partial=00;start_type=ATG;rbs_motif=AGGAG;rbs_spacer=5-10bp;gc_cont=0.273
1_2335               -            251 1502854at2           -            192     0.012   13.0   0.4   1   2   0.00056     0.034   11.5   0.0     6    24    32    50    28    58 0.88 # 2605254 # 2606006 # -1 # ID=1_2335;partial=00;start_type=ATG;rbs_motif=AGGAG/GGAGG;rbs_spacer=11-12bp;gc_cont=0.303
1_2335               -            251 1502854at2           -            192     0.012   13.0   0.4   2   2       7.1   4.3e+02   -1.9   0.1   149   184   170   205   165   211 0.66 # 2605254 # 2606006 # -1 # ID=1_2335;partial=00;start_type=ATG;rbs_motif=AGGAG/GGAGG;rbs_spacer=11-12bp;gc_cont=0.303
1_1852               -            312 1502854at2           -            192     0.012   13.0   0.8   1   3   0.00079     0.047   11.0   0.0     7    30     5    28     1    38 0.82 # 2110837 # 2111772 # -1 # ID=1_1852;partial=00;start_type=ATG;rbs_motif=AGGA;rbs_spacer=5-10bp;gc_cont=0.270
1_1852               -            312 1502854at2           -            192     0.012   13.0   0.8   2   3       7.1   4.3e+02   -1.9   0.1   130   164   126   160   123   188 0.60 # 2110837 # 2111772 # -1 # ID=1_1852;partial=00;start_type=ATG;rbs_motif=AGGA;rbs_spacer=5-10bp;gc_cont=0.270
1_1852               -            312 1502854at2           -            192     0.012   13.0   0.8   3   3       5.4   3.3e+02   -1.5   0.1   150   180   175   207   149   214 0.72 # 2110837 # 2111772 # -1 # ID=1_1852;partial=00;start_type=ATG;rbs_motif=AGGA;rbs_spacer=5-10bp;gc_cont=0.270
1_2875               -            330 1502854at2           -            192     0.012   12.9   0.0   1   1    0.0004     0.024   11.9   0.0     5    26    28    49    26    59 0.86 # 3256543 # 3257532 # -1 # ID=1_2875;partial=00;start_type=ATG;rbs_motif=AGGAG;rbs_spacer=5-10bp;gc_cont=0.291
1_1432               -            225 1502854at2           -            192     0.012   12.9   0.0   1   1   0.00037     0.022   12.1   0.0     5    26    31    52    28    56 0.88 # 1661623 # 1662297 # -1 # ID=1_1432;partial=00;start_type=ATG;rbs_motif=None;rbs_spacer=None;gc_cont=0.305
1_1154               -            312 1502854at2           -            192     0.012   12.9   0.1   1   1   0.00042     0.025   11.9   0.1     4    27    27    50    25    59 0.89 # 1364279 # 1365214 # -1 # ID=1_1154;partial=00;start_type=ATG;rbs_motif=GGAGG;rbs_spacer=5-10bp;gc_cont=0.264
1_55                 -            494 1502854at2           -            192     0.017   12.4   0.0   1   1   0.00059     0.036   11.4   0.0    53   103   112   163   107   172 0.83 # 84026 # 85507 # 1 # ID=1_55;partial=00;start_type=ATG;rbs_motif=AGGAGG;rbs_spacer=5-10bp;gc_cont=0.304
1_1671               -            282 1502854at2           -            192     0.018   12.4   0.1   1   1   0.00057     0.034   11.4   0.1     5    28    26    49    24   115 0.83 # 1918456 # 1919301 # 1 # ID=1_1671;partial=00;start_type=ATG;rbs_motif=GGA/GAG/AGG;rbs_spacer=5-10bp;gc_cont=0.268
1_3568               -            559 1502854at2           -            192      0.02   12.2   0.2   1   2       1.9   1.2e+02   -0.1   0.1    80   155   209   283   185   293 0.76 # 4023537 # 4025213 # -1 # ID=1_3568;partial=00;start_type=GTG;rbs_motif=AGGAG;rbs_spacer=5-10bp;gc_cont=0.321
1_3568               -            559 1502854at2           -            192      0.02   12.2   0.2   2   2     0.003      0.18    9.1   0.0     8    29   312   333   307   343 0.82 # 4023537 # 4025213 # -1 # ID=1_3568;partial=00;start_type=GTG;rbs_motif=AGGAG;rbs_spacer=5-10bp;gc_cont=0.321
1_1855               -            245 1502854at2           -            192     0.021   12.2   0.0   1   1   0.00065      0.04   11.3   0.0     6    28    40    62    37    71 0.85 # 2116792 # 2117526 # -1 # ID=1_1855;partial=00;start_type=ATG;rbs_motif=GGA/GAG/AGG;rbs_spacer=5-10bp;gc_cont=0.260
1_988                -            567 1502854at2           -            192     0.023   12.0   0.0   1   1   0.00085     0.051   10.9   0.0     5    26   357   378   354   386 0.87 # 1198181 # 1199881 # 1 # ID=1_988;partial=00;start_type=ATG;rbs_motif=AGGAGG;rbs_spacer=11-12bp;gc_cont=0.289
1_1522               -            265 1502854at2           -            192     0.023   12.0   0.3   1   2    0.0015      0.09   10.1   0.1     4    26    48    70    46    77 0.90 # 1756260 # 1757054 # 1 # ID=1_1522;partial=00;start_type=ATG;rbs_motif=AGGAG/GGAGG;rbs_spacer=11-12bp;gc_cont=0.294
1_1522               -            265 1502854at2           -            192     0.023   12.0   0.3   2   2       3.9   2.4e+02   -1.1   0.0   141   162   126   147   106   167 0.58 # 1756260 # 1757054 # 1 # ID=1_1522;partial=00;start_type=ATG;rbs_motif=AGGAG/GGAGG;rbs_spacer=11-12bp;gc_cont=0.294
1_3588               -            238 1502854at2           -            192     0.024   12.0   0.1   1   1   0.00063     0.038   11.3   0.1     5    29    36    60    33    66 0.85 # 4046479 # 4047192 # -1 # ID=1_3588;partial=00;start_type=ATG;rbs_motif=GGxGG;rbs_spacer=11-12bp;gc_cont=0.296
1_585                -            251 1502854at2           -            192     0.027   11.8   0.0   1   1    0.0012      0.07   10.4   0.0     5    26    30    51    27    55 0.89 # 710754 # 711506 # -1 # ID=1_585;partial=00;start_type=ATG;rbs_motif=GGAG/GAGG;rbs_spacer=5-10bp;gc_cont=0.316
1_3363               -            291 1502854at2           -            192     0.027   11.8   0.4   1   2    0.0015     0.088   10.1   0.0     8    28    31    51    27    64 0.86 # 3797757 # 3798629 # -1 # ID=1_3363;partial=00;start_type=ATG;rbs_motif=AGGAGG;rbs_spacer=5-10bp;gc_cont=0.269
1_3363               -            291 1502854at2           -            192     0.027   11.8   0.4   2   2       7.7   4.6e+02   -2.0   0.1   164   180   227   243   218   269 0.63 # 3797757 # 3798629 # -1 # ID=1_3363;partial=00;start_type=ATG;rbs_motif=AGGAGG;rbs_spacer=5-10bp;gc_cont=0.269
1_1391               -            322 1502854at2           -            192     0.027   11.8   0.0   1   1   0.00088     0.053   10.8   0.0     5    27    26    48    23    66 0.82 # 1614330 # 1615295 # 1 # ID=1_1391;partial=00;start_type=ATG;rbs_motif=GGAGG;rbs_spacer=5-10bp;gc_cont=0.295
1_472                -            223 1502854at2           -            192     0.028   11.8   0.0   1   1   0.00073     0.044   11.1   0.0     5    26    31    52    28    60 0.85 # 568343 # 569011 # -1 # ID=1_472;partial=00;start_type=ATG;rbs_motif=AGGAG;rbs_spacer=5-10bp;gc_cont=0.308
1_1162               -            422 1502854at2           -            192      0.03   11.7   0.0   1   1   0.00089     0.054   10.8   0.0     9    40    40    71    38    74 0.86 # 1373580 # 1374845 # 1 # ID=1_1162;partial=00;start_type=ATG;rbs_motif=AGGAG;rbs_spacer=5-10bp;gc_cont=0.286
1_1237               -            236 1502854at2           -            192     0.031   11.6   0.1   1   1    0.0011     0.068   10.5   0.1     5    26    30    51    27    57 0.89 # 1456658 # 1457365 # 1 # ID=1_1237;partial=00;start_type=ATG;rbs_motif=AGGA;rbs_spacer=5-10bp;gc_cont=0.323
1_160                -            151 1502854at2           -            192     0.032   11.5   0.0   1   1   0.00076     0.046   11.0   0.0     5    29    25    49    22    69 0.83 # 206153 # 206605 # 1 # ID=1_160;partial=00;start_type=ATG;rbs_motif=GGAG/GAGG;rbs_spacer=5-10bp;gc_cont=0.265
1_1511               -            321 1502854at2           -            192     0.033   11.5   0.0   1   1    0.0011     0.064   10.6   0.0     5    28    29    52    26    62 0.87 # 1746349 # 1747311 # -1 # ID=1_1511;partial=00;start_type=ATG;rbs_motif=AGGAGG;rbs_spacer=5-10bp;gc_cont=0.291
1_350                -            224 1502854at2           -            192     0.033   11.5   0.4   1   2    0.0017       0.1    9.9   0.1     5    24    32    51    29    58 0.87 # 417706 # 418377 # -1 # ID=1_350;partial=00;start_type=ATG;rbs_motif=AGGAGG;rbs_spacer=5-10bp;gc_cont=0.289
1_350                -            224 1502854at2           -            192     0.033   11.5   0.4   2   2       4.6   2.8e+02   -1.3   0.0   155   186   185   217   169   220 0.59 # 417706 # 418377 # -1 # ID=1_350;partial=00;start_type=ATG;rbs_motif=AGGAGG;rbs_spacer=5-10bp;gc_cont=0.289
1_1558               -            252 1502854at2           -            192     0.035   11.4   0.1   1   1     0.001     0.061   10.6   0.1     4    25    25    46    23    51 0.88 # 1799501 # 1800256 # 1 # ID=1_1558;partial=00;start_type=ATG;rbs_motif=AGxAGG/AGGxGG;rbs_spacer=5-10bp;gc_cont=0.274
1_836                -            315 1502854at2           -            192     0.037   11.3   0.1   1   2    0.0045      0.27    8.5   0.1     5    29    36    60    34    69 0.86 # 1011277 # 1012221 # 1 # ID=1_836;partial=00;start_type=ATG;rbs_motif=GGA/GAG/AGG;rbs_spacer=5-10bp;gc_cont=0.293
1_836                -            315 1502854at2           -            192     0.037   11.3   0.1   2   2       1.9   1.2e+02   -0.1   0.0    67    92   281   307   279   314 0.83 # 1011277 # 1012221 # 1 # ID=1_836;partial=00;start_type=ATG;rbs_motif=GGA/GAG/AGG;rbs_spacer=5-10bp;gc_cont=0.293
1_3339               -            788 1502854at2           -            192     0.039   11.3   0.0   1   1   0.00065     0.039   11.3   0.0     5    29   354   378   350   388 0.83 # 3773050 # 3775413 # -1 # ID=1_3339;partial=00;start_type=ATG;rbs_motif=AGGAG;rbs_spacer=5-10bp;gc_cont=0.308
1_175                -            228 1502854at2           -            192      0.04   11.2   0.1   1   1    0.0011     0.069   10.5   0.1     5    26    32    53    29    60 0.88 # 224196 # 224879 # 1 # ID=1_175;partial=00;start_type=ATG;rbs_motif=AGGAG;rbs_spacer=5-10bp;gc_cont=0.310
1_1645               -            271 1502854at2           -            192     0.044   11.1   0.2   1   1    0.0011     0.067   10.5   0.2     8    34    33    59    26    64 0.80 # 1891113 # 1891925 # -1 # ID=1_1645;partial=00;start_type=ATG;rbs_motif=GGAGG;rbs_spacer=5-10bp;gc_cont=0.304
1_283                -            339 1502854at2           -            192     0.044   11.1   0.9   1   3       5.6   3.4e+02   -1.6   0.0   147   186    39    78    28    84 0.69 # 341448 # 342464 # 1 # ID=1_283;partial=00;start_type=ATG;rbs_motif=GGA/GAG/AGG;rbs_spacer=5-10bp;gc_cont=0.271
1_283                -            339 1502854at2           -            192     0.044   11.1   0.9   2   3    0.0098      0.59    7.4   0.1     9    29   146   166   140   180 0.86 # 341448 # 342464 # 1 # ID=1_283;partial=00;start_type=ATG;rbs_motif=GGA/GAG/AGG;rbs_spacer=5-10bp;gc_cont=0.271
1_283                -            339 1502854at2           -            192     0.044   11.1   0.9   3   3       1.1        68    0.7   0.0    30    43   250   264   241   268 0.73 # 341448 # 342464 # 1 # ID=1_283;partial=00;start_type=ATG;rbs_motif=GGA/GAG/AGG;rbs_spacer=5-10bp;gc_cont=0.271
1_595                -            434 1502854at2           -            192      0.19    9.0   3.4   1   1    0.0082       0.5    7.7   0.8     5    27   183   205   181   317 0.93 # 721097 # 722398 # 1 # ID=1_595;partial=00;start_type=ATG;rbs_motif=GGA/GAG/AGG;rbs_spacer=5-10bp;gc_cont=0.307
#
# Program:         hmmsearch
# Version:         3.1b2 (February 2015)
# Pipeline mode:   SEARCH
# Query file:      /home/johngn/Microbial-Genomics-Journey-Workshop-2023/Reads_session_3/busco_downloads/lineages/bacteria_odb10/hmms/1502854at2.hmm
# Target file:     /home/johngn/Microbial-Genomics-Journey-Workshop-2023/Reads_session_3/busco_op2/prodigal_output/predicted_genes/predicted.faa
# Option settings: hmmsearch --domtblout /home/johngn/Microbial-Genomics-Journey-Workshop-2023/Reads_session_3/busco_op2/run_bacteria_odb10/hmmer_output/1502854at2.out --cpu 1 /home/johngn/Microbial-Genomics-Journey-Workshop-2023/Reads_session_3/busco_downloads/lineages/bacteria_odb10/hmms/1502854at2.hmm /home/johngn/Microbial-Genomics-Journey-Workshop-2023/Reads_session_3/busco_op2/prodigal_output/predicted_genes/predicted.faa 
# Current dir:     /home/johngn/Microbial-Genomics-Journey-Workshop-2023/Reads_session_3
# Date:            Wed Mar  1 18:12:13 2023
# [ok]
