#                                                                            --- full sequence --- -------------- this domain -------------   hmm coord   ali coord   env coord
# target name        accession   tlen query name           accession   qlen   E-value  score  bias   #  of  c-Evalue  i-Evalue  score  bias  from    to  from    to  from    to  acc description of target
#------------------- ---------- ----- -------------------- ---------- ----- --------- ------ ----- --- --- --------- --------- ------ ----- ----- ----- ----- ----- ----- ----- ---- ---------------------
1_766                -            428 1592033at2           -            393  4.1e-139  461.7   7.0   1   1  2.2e-141  4.8e-139  461.5   7.0     6   379     3   400     1   409 0.92 # 939677 # 940960 # 1 # ID=1_766;partial=00;start_type=GTG;rbs_motif=GGAG/GAGG;rbs_spacer=5-10bp;gc_cont=0.305
1_2178               -            424 1592033at2           -            393  3.8e-135  448.7   1.9   1   1  2.1e-137  4.5e-135  448.4   1.9    10   380     4   398     1   408 0.92 # 2433406 # 2434677 # -1 # ID=1_2178;partial=00;start_type=ATG;rbs_motif=AGGAG;rbs_spacer=5-10bp;gc_cont=0.281
1_2613               -            442 1592033at2           -            393   1.4e-22   78.1   0.1   1   2     4e-12   8.8e-10   35.9   0.0   194   351     5   167     2   174 0.84 # 2919230 # 2920555 # -1 # ID=1_2613;partial=00;start_type=ATG;rbs_motif=AGGAG;rbs_spacer=5-10bp;gc_cont=0.311
1_2613               -            442 1592033at2           -            393   1.4e-22   78.1   0.1   2   2   2.7e-13   5.8e-11   39.8   0.2   192   360   176   360   171   384 0.81 # 2919230 # 2920555 # -1 # ID=1_2613;partial=00;start_type=ATG;rbs_motif=AGGAG;rbs_spacer=5-10bp;gc_cont=0.311
1_1044               -            426 1592033at2           -            393   4.7e-17   59.8   0.0   1   1     3e-19   6.7e-17   59.3   0.0   193   360   157   340   153   358 0.87 # 1253945 # 1255222 # 1 # ID=1_1044;partial=00;start_type=TTG;rbs_motif=AGxAGG/AGGxGG;rbs_spacer=5-10bp;gc_cont=0.347
1_2414               -            298 1592033at2           -            393   2.8e-16   57.3   0.1   1   1   1.7e-18   3.8e-16   56.9   0.1   197   352     7   171     3   197 0.83 # 2690167 # 2691060 # -1 # ID=1_2414;partial=00;start_type=ATG;rbs_motif=AGGAG;rbs_spacer=5-10bp;gc_cont=0.281
1_3738               -            460 1592033at2           -            393   8.5e-15   52.4   6.4   1   2      0.63   1.4e+02   -1.0   0.1   335   362   157   184   128   197 0.62 # 4203745 # 4205124 # -1 # ID=1_3738;partial=00;start_type=TTG;rbs_motif=GGAG/GAGG;rbs_spacer=5-10bp;gc_cont=0.290
1_3738               -            460 1592033at2           -            393   8.5e-15   52.4   6.4   2   2   3.9e-17   8.5e-15   52.4   6.4   164   358   193   387   183   417 0.82 # 4203745 # 4205124 # -1 # ID=1_3738;partial=00;start_type=TTG;rbs_motif=GGAG/GAGG;rbs_spacer=5-10bp;gc_cont=0.290
1_2120               -            403 1592033at2           -            393   9.8e-15   52.2   0.3   1   2   1.3e-16   2.8e-14   50.7   0.1   194   359    11   181     5   190 0.87 # 2367075 # 2368283 # 1 # ID=1_2120;partial=00;start_type=ATG;rbs_motif=AGxAGG/AGGxGG;rbs_spacer=5-10bp;gc_cont=0.303
1_2120               -            403 1592033at2           -            393   9.8e-15   52.2   0.3   2   2       1.7   3.7e+02   -2.4   0.0   274   324   190   240   184   253 0.63 # 2367075 # 2368283 # 1 # ID=1_2120;partial=00;start_type=ATG;rbs_motif=AGxAGG/AGGxGG;rbs_spacer=5-10bp;gc_cont=0.303
1_1144               -            299 1592033at2           -            393   2.8e-08   30.9   1.5   1   2    0.0003     0.066   10.0   0.2   299   352    58   119    38   126 0.84 # 1351216 # 1352112 # 1 # ID=1_1144;partial=00;start_type=GTG;rbs_motif=AGGAG;rbs_spacer=5-10bp;gc_cont=0.315
1_1144               -            299 1592033at2           -            393   2.8e-08   30.9   1.5   2   2   4.9e-08   1.1e-05   22.5   0.3   170   219   107   158   104   164 0.77 # 1351216 # 1352112 # 1 # ID=1_1144;partial=00;start_type=GTG;rbs_motif=AGGAG;rbs_spacer=5-10bp;gc_cont=0.315
1_2643               -            366 1592033at2           -            393   6.4e-08   29.8   3.2   1   3   1.9e-09   4.2e-07   27.1   0.0   197   240     3    46     1    53 0.91 # 2950643 # 2951740 # 1 # ID=1_2643;partial=00;start_type=ATG;rbs_motif=GGAG/GAGG;rbs_spacer=5-10bp;gc_cont=0.312
1_2643               -            366 1592033at2           -            393   6.4e-08   29.8   3.2   2   3      0.12        27    1.4   0.8   267   362    89   181    87   200 0.71 # 2950643 # 2951740 # 1 # ID=1_2643;partial=00;start_type=ATG;rbs_motif=GGAG/GAGG;rbs_spacer=5-10bp;gc_cont=0.312
1_2643               -            366 1592033at2           -            393   6.4e-08   29.8   3.2   3   3       1.1   2.3e+02   -1.7   0.1     7    39   230   260   220   267 0.43 # 2950643 # 2951740 # 1 # ID=1_2643;partial=00;start_type=ATG;rbs_motif=GGAG/GAGG;rbs_spacer=5-10bp;gc_cont=0.312
1_1381               -            719 1592033at2           -            393     3e-06   24.3   0.0   1   1   2.5e-08   5.6e-06   23.4   0.0   196   379     4   191     1   200 0.79 # 1604801 # 1606957 # 1 # ID=1_1381;partial=00;start_type=ATG;rbs_motif=GGAGG;rbs_spacer=5-10bp;gc_cont=0.320
1_3338               -            204 1592033at2           -            393   4.5e-06   23.7   0.2   1   2   4.5e-06   0.00098   16.0   0.0   191   221    20    50     4    54 0.85 # 3772449 # 3773060 # -1 # ID=1_3338;partial=00;start_type=ATG;rbs_motif=GGA/GAG/AGG;rbs_spacer=11-12bp;gc_cont=0.314
1_3338               -            204 1592033at2           -            393   4.5e-06   23.7   0.2   2   2    0.0045      0.99    6.1   0.0   321   358   162   201   123   203 0.75 # 3772449 # 3773060 # -1 # ID=1_3338;partial=00;start_type=ATG;rbs_motif=GGA/GAG/AGG;rbs_spacer=11-12bp;gc_cont=0.314
1_1421               -            707 1592033at2           -            393   5.3e-06   23.5   0.2   1   3   3.3e-06   0.00073   16.4   0.0   191   223    22    54     5    81 0.78 # 1648530 # 1650650 # -1 # ID=1_1421;partial=00;start_type=ATG;rbs_motif=AGGAGG;rbs_spacer=5-10bp;gc_cont=0.308
1_1421               -            707 1592033at2           -            393   5.3e-06   23.5   0.2   2   3     0.021       4.7    3.9   0.1   297   352   123   187   102   212 0.71 # 1648530 # 1650650 # -1 # ID=1_1421;partial=00;start_type=ATG;rbs_motif=AGGAGG;rbs_spacer=5-10bp;gc_cont=0.308
1_1421               -            707 1592033at2           -            393   5.3e-06   23.5   0.2   3   3       1.2   2.6e+02   -1.8   0.0    85   111   525   551   522   552 0.88 # 1648530 # 1650650 # -1 # ID=1_1421;partial=00;start_type=ATG;rbs_motif=AGGAGG;rbs_spacer=5-10bp;gc_cont=0.308
1_3312               -            649 1592033at2           -            393   3.5e-05   20.7   4.3   1   2   3.9e-05    0.0086   12.9   0.1   195   222     2    29     1    37 0.91 # 3740756 # 3742702 # 1 # ID=1_3312;partial=00;start_type=GTG;rbs_motif=AGGAGG;rbs_spacer=5-10bp;gc_cont=0.312
1_3312               -            649 1592033at2           -            393   3.5e-05   20.7   4.3   2   2   0.00056      0.12    9.1   0.9   269   378    73   187    68   201 0.72 # 3740756 # 3742702 # 1 # ID=1_3312;partial=00;start_type=GTG;rbs_motif=AGGAGG;rbs_spacer=5-10bp;gc_cont=0.312
1_2445               -            602 1592033at2           -            393    0.0019   15.0   0.0   1   2     0.022       4.9    3.8   0.0   190   223     4    39     1    51 0.76 # 2723398 # 2725203 # -1 # ID=1_2445;partial=00;start_type=GTG;rbs_motif=AGGAGG;rbs_spacer=5-10bp;gc_cont=0.335
1_2445               -            602 1592033at2           -            393    0.0019   15.0   0.0   2   2   0.00066      0.15    8.8   0.0   279   361   105   195    97   213 0.73 # 2723398 # 2725203 # -1 # ID=1_2445;partial=00;start_type=GTG;rbs_motif=AGGAGG;rbs_spacer=5-10bp;gc_cont=0.335
1_1197               -            647 1592033at2           -            393    0.0022   14.8   0.0   1   1   4.5e-05      0.01   12.7   0.0   186   354   140   313   126   333 0.76 # 1409464 # 1411404 # 1 # ID=1_1197;partial=00;start_type=GTG;rbs_motif=AGxAGG/AGGxGG;rbs_spacer=5-10bp;gc_cont=0.337
1_2802               -            597 1592033at2           -            393     0.015   12.1   0.0   1   1   0.00013     0.028   11.2   0.0   194   217   380   403   373   440 0.81 # 3164831 # 3166621 # -1 # ID=1_2802;partial=00;start_type=ATG;rbs_motif=AGGAGG;rbs_spacer=5-10bp;gc_cont=0.298
1_2079               -            608 1592033at2           -            393     0.022   11.6   0.2   1   2   0.00075      0.17    8.7   0.0   190   224     3    38     1    47 0.85 # 2322496 # 2324319 # 1 # ID=1_2079;partial=00;start_type=ATG;rbs_motif=GGAG/GAGG;rbs_spacer=5-10bp;gc_cont=0.327
1_2079               -            608 1592033at2           -            393     0.022   11.6   0.2   2   2      0.23        51    0.5   0.1   273   324    94   142    82   157 0.67 # 2322496 # 2324319 # 1 # ID=1_2079;partial=00;start_type=ATG;rbs_motif=GGAG/GAGG;rbs_spacer=5-10bp;gc_cont=0.327
#
# Program:         hmmsearch
# Version:         3.1b2 (February 2015)
# Pipeline mode:   SEARCH
# Query file:      /home/johngn/Microbial-Genomics-Journey-Workshop-2023/Reads_session_3/busco_downloads/lineages/bacteria_odb10/hmms/1592033at2.hmm
# Target file:     /home/johngn/Microbial-Genomics-Journey-Workshop-2023/Reads_session_3/busco_op2/prodigal_output/predicted_genes/predicted.faa
# Option settings: hmmsearch --domtblout /home/johngn/Microbial-Genomics-Journey-Workshop-2023/Reads_session_3/busco_op2/run_bacteria_odb10/hmmer_output/1592033at2.out --cpu 1 /home/johngn/Microbial-Genomics-Journey-Workshop-2023/Reads_session_3/busco_downloads/lineages/bacteria_odb10/hmms/1592033at2.hmm /home/johngn/Microbial-Genomics-Journey-Workshop-2023/Reads_session_3/busco_op2/prodigal_output/predicted_genes/predicted.faa 
# Current dir:     /home/johngn/Microbial-Genomics-Journey-Workshop-2023/Reads_session_3
# Date:            Wed Mar  8 16:57:23 2023
# [ok]
