#                                                                            --- full sequence --- -------------- this domain -------------   hmm coord   ali coord   env coord
# target name        accession   tlen query name           accession   qlen   E-value  score  bias   #  of  c-Evalue  i-Evalue  score  bias  from    to  from    to  from    to  acc description of target
#------------------- ---------- ----- -------------------- ---------- ----- --------- ------ ----- --- --- --------- --------- ------ ----- ----- ----- ----- ----- ----- ----- ---- ---------------------
1_3523               -            293 1701531at2           -            164     2e-46  155.9   8.4   1   3   3.9e-16   4.9e-13   47.2   1.8     2    54     7    59     6    66 0.96 # 3980534 # 3981412 # -1 # ID=1_3523;partial=00;start_type=TTG;rbs_motif=AGGAGG;rbs_spacer=5-10bp;gc_cont=0.321
1_3523               -            293 1701531at2           -            164     2e-46  155.9   8.4   2   3   3.8e-09   4.8e-06   24.5   0.1    44    77    70   103    59   118 0.80 # 3980534 # 3981412 # -1 # ID=1_3523;partial=00;start_type=TTG;rbs_motif=AGGAGG;rbs_spacer=5-10bp;gc_cont=0.321
1_3523               -            293 1701531at2           -            164     2e-46  155.9   8.4   3   3   2.3e-28   2.9e-25   87.0   0.1    94   163   218   287   207   288 0.94 # 3980534 # 3981412 # -1 # ID=1_3523;partial=00;start_type=TTG;rbs_motif=AGGAGG;rbs_spacer=5-10bp;gc_cont=0.321
1_2308               -            475 1701531at2           -            164     0.019   12.8   0.1   1   1   2.8e-05     0.035   11.9   0.1   117   148   353   384   316   387 0.91 # 2574050 # 2575474 # -1 # ID=1_2308;partial=00;start_type=ATG;rbs_motif=AGGAGG;rbs_spacer=5-10bp;gc_cont=0.342
1_2036               -            335 1701531at2           -            164      0.67    7.8  32.6   1   7    0.0024         3    5.7   1.5   112   159    34    83    25    88 0.84 # 2269718 # 2270722 # -1 # ID=1_2036;partial=00;start_type=ATG;rbs_motif=GGA/GAG/AGG;rbs_spacer=5-10bp;gc_cont=0.287
1_2036               -            335 1701531at2           -            164      0.67    7.8  32.6   2   7    0.0041       5.2    4.9   0.4   113   152    63   102    61   112 0.89 # 2269718 # 2270722 # -1 # ID=1_2036;partial=00;start_type=ATG;rbs_motif=GGA/GAG/AGG;rbs_spacer=5-10bp;gc_cont=0.287
1_2036               -            335 1701531at2           -            164      0.67    7.8  32.6   3   7    0.0062       7.7    4.3   0.9   113   152    91   130    88   140 0.88 # 2269718 # 2270722 # -1 # ID=1_2036;partial=00;start_type=ATG;rbs_motif=GGA/GAG/AGG;rbs_spacer=5-10bp;gc_cont=0.287
1_2036               -            335 1701531at2           -            164      0.67    7.8  32.6   4   7    0.0044       5.5    4.8   1.5   112   151   118   157   116   163 0.92 # 2269718 # 2270722 # -1 # ID=1_2036;partial=00;start_type=ATG;rbs_motif=GGA/GAG/AGG;rbs_spacer=5-10bp;gc_cont=0.287
1_2036               -            335 1701531at2           -            164      0.67    7.8  32.6   5   7   0.00096       1.2    6.9   1.9   114   151   162   199   158   207 0.89 # 2269718 # 2270722 # -1 # ID=1_2036;partial=00;start_type=ATG;rbs_motif=GGA/GAG/AGG;rbs_spacer=5-10bp;gc_cont=0.287
1_2036               -            335 1701531at2           -            164      0.67    7.8  32.6   6   7   0.00027      0.33    8.8   2.0   113   151   203   241   200   256 0.87 # 2269718 # 2270722 # -1 # ID=1_2036;partial=00;start_type=ATG;rbs_motif=GGA/GAG/AGG;rbs_spacer=5-10bp;gc_cont=0.287
1_2036               -            335 1701531at2           -            164      0.67    7.8  32.6   7   7       0.4     5e+02   -1.6   0.0   113   140   245   272   242   278 0.79 # 2269718 # 2270722 # -1 # ID=1_2036;partial=00;start_type=ATG;rbs_motif=GGA/GAG/AGG;rbs_spacer=5-10bp;gc_cont=0.287
#
# Program:         hmmsearch
# Version:         3.1b2 (February 2015)
# Pipeline mode:   SEARCH
# Query file:      /home/johngn/Microbial-Genomics-Journey-Workshop-2023/Reads_session_3/busco_downloads/lineages/bacteria_odb10/hmms/1701531at2.hmm
# Target file:     /home/johngn/Microbial-Genomics-Journey-Workshop-2023/Reads_session_3/busco_op2/prodigal_output/predicted_genes/predicted.faa
# Option settings: hmmsearch --domtblout /home/johngn/Microbial-Genomics-Journey-Workshop-2023/Reads_session_3/busco_op2/run_bacteria_odb10/hmmer_output/1701531at2.out --cpu 1 /home/johngn/Microbial-Genomics-Journey-Workshop-2023/Reads_session_3/busco_downloads/lineages/bacteria_odb10/hmms/1701531at2.hmm /home/johngn/Microbial-Genomics-Journey-Workshop-2023/Reads_session_3/busco_op2/prodigal_output/predicted_genes/predicted.faa 
# Current dir:     /home/johngn/Microbial-Genomics-Journey-Workshop-2023/Reads_session_3
# Date:            Wed Mar  1 18:12:13 2023
# [ok]
