#                                                                            --- full sequence --- -------------- this domain -------------   hmm coord   ali coord   env coord
# target name        accession   tlen query name           accession   qlen   E-value  score  bias   #  of  c-Evalue  i-Evalue  score  bias  from    to  from    to  from    to  acc description of target
#------------------- ---------- ----- -------------------- ---------- ----- --------- ------ ----- --- --- --------- --------- ------ ----- ----- ----- ----- ----- ----- ----- ---- ---------------------
1_2445               -            602 182107at2            -            492  1.8e-222  736.8   7.1   1   1  1.5e-223  5.5e-221  731.9   7.1     2   492     9   600     8   600 0.90 # 2723398 # 2725203 # -1 # ID=1_2445;partial=00;start_type=GTG;rbs_motif=AGGAGG;rbs_spacer=5-10bp;gc_cont=0.335
1_76                 -            689 182107at2            -            492   4.1e-37  125.4   0.1   1   3   4.7e-25   1.8e-22   77.2   0.0     2   126    11   153    10   179 0.84 # 105787 # 107853 # 1 # ID=1_76;partial=00;start_type=ATG;rbs_motif=AGGAGG;rbs_spacer=5-10bp;gc_cont=0.364
1_76                 -            689 182107at2            -            492   4.1e-37  125.4   0.1   2   3   1.1e-11   4.2e-09   33.0   0.0   156   325   301   493   253   498 0.73 # 105787 # 107853 # 1 # ID=1_76;partial=00;start_type=ATG;rbs_motif=AGGAGG;rbs_spacer=5-10bp;gc_cont=0.364
1_76                 -            689 182107at2            -            492   4.1e-37  125.4   0.1   3   3   0.00025     0.092    8.8   0.0   321   351   597   627   582   646 0.88 # 105787 # 107853 # 1 # ID=1_76;partial=00;start_type=ATG;rbs_motif=AGGAGG;rbs_spacer=5-10bp;gc_cont=0.364
1_2079               -            608 182107at2            -            492   1.8e-33  113.4   4.8   1   2     4e-33   1.5e-30  103.8   1.8     1   210     7   253     7   284 0.76 # 2322496 # 2324319 # 1 # ID=1_2079;partial=00;start_type=ATG;rbs_motif=GGAG/GAGG;rbs_spacer=5-10bp;gc_cont=0.327
1_2079               -            608 182107at2            -            492   1.8e-33  113.4   4.8   2   2   0.00017     0.063    9.4   0.1   278   354   357   430   304   439 0.87 # 2322496 # 2324319 # 1 # ID=1_2079;partial=00;start_type=ATG;rbs_motif=GGAG/GAGG;rbs_spacer=5-10bp;gc_cont=0.327
1_25                 -            643 182107at2            -            492   1.6e-24   83.9   4.1   1   3   1.9e-14   7.2e-12   42.2   0.1    45   137    58   148     9   184 0.71 # 43647 # 45575 # 1 # ID=1_25;partial=00;start_type=ATG;rbs_motif=AGxAGG/AGGxGG;rbs_spacer=5-10bp;gc_cont=0.306
1_25                 -            643 182107at2            -            492   1.6e-24   83.9   4.1   2   3   1.2e-10   4.6e-08   29.6   0.3   133   314   226   433   200   446 0.68 # 43647 # 45575 # 1 # ID=1_25;partial=00;start_type=ATG;rbs_motif=AGxAGG/AGGxGG;rbs_spacer=5-10bp;gc_cont=0.306
1_25                 -            643 182107at2            -            492   1.6e-24   83.9   4.1   3   3   0.00013      0.05    9.7   0.0   322   350   548   576   531   582 0.88 # 43647 # 45575 # 1 # ID=1_25;partial=00;start_type=ATG;rbs_motif=AGxAGG/AGGxGG;rbs_spacer=5-10bp;gc_cont=0.306
1_1197               -            647 182107at2            -            492   1.3e-23   80.9   1.4   1   1   6.8e-26   2.5e-23   80.0   1.4     5   194   152   354   150   371 0.85 # 1409464 # 1411404 # 1 # ID=1_1197;partial=00;start_type=GTG;rbs_motif=AGxAGG/AGGxGG;rbs_spacer=5-10bp;gc_cont=0.337
1_63                 -            398 182107at2            -            492     8e-16   55.2   0.0   1   1   5.7e-18   2.1e-15   53.8   0.0     3   208    14   261    13   286 0.70 # 90753 # 91946 # 1 # ID=1_63;partial=00;start_type=ATG;rbs_motif=GGAGG;rbs_spacer=5-10bp;gc_cont=0.370
1_77                 -            398 182107at2            -            492     8e-16   55.2   0.0   1   1   5.7e-18   2.1e-15   53.8   0.0     3   208    14   261    13   286 0.70 # 107946 # 109139 # 1 # ID=1_77;partial=00;start_type=ATG;rbs_motif=GGAGG;rbs_spacer=5-10bp;gc_cont=0.371
1_2613               -            442 182107at2            -            492   3.4e-11   39.9   0.3   1   2   2.4e-05    0.0089   12.2   0.0    72   157    86   168    55   175 0.84 # 2919230 # 2920555 # -1 # ID=1_2613;partial=00;start_type=ATG;rbs_motif=AGGAG;rbs_spacer=5-10bp;gc_cont=0.311
1_2613               -            442 182107at2            -            492   3.4e-11   39.9   0.3   2   2   1.7e-09   6.4e-07   25.8   0.2    62   151   248   346   227   362 0.81 # 2919230 # 2920555 # -1 # ID=1_2613;partial=00;start_type=ATG;rbs_motif=AGGAG;rbs_spacer=5-10bp;gc_cont=0.311
1_2120               -            403 182107at2            -            492   2.4e-06   23.9   1.7   1   1   8.9e-09   3.3e-06   23.5   1.7    69   163    88   180    62   228 0.81 # 2367075 # 2368283 # 1 # ID=1_2120;partial=00;start_type=ATG;rbs_motif=AGxAGG/AGGxGG;rbs_spacer=5-10bp;gc_cont=0.303
1_2554               -            295 182107at2            -            492    0.0024   14.0   0.1   1   1   8.4e-06    0.0031   13.7   0.1    94   178   100   189    78   221 0.79 # 2853044 # 2853928 # -1 # ID=1_2554;partial=00;start_type=ATG;rbs_motif=GGAGG;rbs_spacer=5-10bp;gc_cont=0.286
#
# Program:         hmmsearch
# Version:         3.1b2 (February 2015)
# Pipeline mode:   SEARCH
# Query file:      /home/johngn/Microbial-Genomics-Journey-Workshop-2023/Reads_session_3/busco_downloads/lineages/bacteria_odb10/hmms/182107at2.hmm
# Target file:     /home/johngn/Microbial-Genomics-Journey-Workshop-2023/Reads_session_3/busco_op2/prodigal_output/predicted_genes/predicted.faa
# Option settings: hmmsearch --domtblout /home/johngn/Microbial-Genomics-Journey-Workshop-2023/Reads_session_3/busco_op2/run_bacteria_odb10/hmmer_output/182107at2.out --cpu 1 /home/johngn/Microbial-Genomics-Journey-Workshop-2023/Reads_session_3/busco_downloads/lineages/bacteria_odb10/hmms/182107at2.hmm /home/johngn/Microbial-Genomics-Journey-Workshop-2023/Reads_session_3/busco_op2/prodigal_output/predicted_genes/predicted.faa 
# Current dir:     /home/johngn/Microbial-Genomics-Journey-Workshop-2023/Reads_session_3
# Date:            Wed Mar  8 16:57:23 2023
# [ok]
