#                                                                            --- full sequence --- -------------- this domain -------------   hmm coord   ali coord   env coord
# target name        accession   tlen query name           accession   qlen   E-value  score  bias   #  of  c-Evalue  i-Evalue  score  bias  from    to  from    to  from    to  acc description of target
#------------------- ---------- ----- -------------------- ---------- ----- --------- ------ ----- --- --- --------- --------- ------ ----- ----- ----- ----- ----- ----- ----- ---- ---------------------
1_160                -            151 1827295at2           -             74   1.1e-20   71.1   0.3   1   1   4.1e-22   7.7e-20   68.4   0.3     8    73    18   107    10   108 0.79 # 206153 # 206605 # 1 # ID=1_160;partial=00;start_type=ATG;rbs_motif=GGAG/GAGG;rbs_spacer=5-10bp;gc_cont=0.265
1_3336               -            360 1827295at2           -             74   2.3e-06   25.2   0.0   1   2    0.0058       1.1    7.0   0.0     9    31    32    54    19    59 0.87 # 3769157 # 3770236 # -1 # ID=1_3336;partial=00;start_type=ATG;rbs_motif=AGGAGG;rbs_spacer=5-10bp;gc_cont=0.283
1_3336               -            360 1827295at2           -             74   2.3e-06   25.2   0.0   2   2   1.3e-05    0.0025   15.5   0.0     8    31   212   238   205   247 0.81 # 3769157 # 3770236 # -1 # ID=1_3336;partial=00;start_type=ATG;rbs_motif=AGGAGG;rbs_spacer=5-10bp;gc_cont=0.283
1_423                -            486 1827295at2           -             74   2.1e-05   22.1   0.2   1   2    0.0059       1.1    7.0   0.0     8    27    27    48    16    53 0.82 # 509528 # 510985 # 1 # ID=1_423;partial=00;start_type=GTG;rbs_motif=AGGAG/GGAGG;rbs_spacer=11-12bp;gc_cont=0.270
1_423                -            486 1827295at2           -             74   2.1e-05   22.1   0.2   2   2   0.00011     0.021   12.5   0.0     7    29   286   309   278   317 0.82 # 509528 # 510985 # 1 # ID=1_423;partial=00;start_type=GTG;rbs_motif=AGGAG/GGAGG;rbs_spacer=11-12bp;gc_cont=0.270
1_2572               -            551 1827295at2           -             74   0.00019   19.0   0.0   1   2    0.0029      0.53    8.0   0.0     9    32    30    53    19    66 0.84 # 2873241 # 2874893 # -1 # ID=1_2572;partial=00;start_type=ATG;rbs_motif=AGGAGG;rbs_spacer=5-10bp;gc_cont=0.276
1_2572               -            551 1827295at2           -             74   0.00019   19.0   0.0   2   2    0.0021      0.39    8.4   0.0     9    34   315   340   302   344 0.81 # 2873241 # 2874893 # -1 # ID=1_2572;partial=00;start_type=ATG;rbs_motif=AGGAGG;rbs_spacer=5-10bp;gc_cont=0.276
1_1896               -            865 1827295at2           -             74   0.00092   16.9   0.2   1   2     0.015       2.7    5.7   0.0    12    32   208   228   197   234 0.85 # 2156420 # 2159014 # -1 # ID=1_1896;partial=00;start_type=ATG;rbs_motif=GGAGG;rbs_spacer=5-10bp;gc_cont=0.303
1_1896               -            865 1827295at2           -             74   0.00092   16.9   0.2   2   2    0.0029      0.54    8.0   0.0    11    32   608   629   593   633 0.85 # 2156420 # 2159014 # -1 # ID=1_1896;partial=00;start_type=ATG;rbs_motif=GGAGG;rbs_spacer=5-10bp;gc_cont=0.303
1_29                 -            816 1827295at2           -             74    0.0025   15.5   0.0   1   2    0.0089       1.7    6.4   0.0    12    32   210   230   197   236 0.85 # 48021 # 50468 # 1 # ID=1_29;partial=00;start_type=GTG;rbs_motif=AGGAGG;rbs_spacer=5-10bp;gc_cont=0.312
1_29                 -            816 1827295at2           -             74    0.0025   15.5   0.0   2   2      0.01       1.9    6.2   0.0    11    30   546   565   532   571 0.86 # 48021 # 50468 # 1 # ID=1_29;partial=00;start_type=GTG;rbs_motif=AGGAGG;rbs_spacer=5-10bp;gc_cont=0.312
1_2790               -            340 1827295at2           -             74    0.0065   14.1   0.0   1   1   7.1e-05     0.013   13.2   0.0     8    34    56    84    45    90 0.82 # 3153432 # 3154451 # -1 # ID=1_2790;partial=00;start_type=ATG;rbs_motif=AGGAGG;rbs_spacer=5-10bp;gc_cont=0.340
1_3342               -            417 1827295at2           -             74    0.0069   14.1   0.0   1   1   7.8e-05     0.015   13.0   0.0     9    33   110   134    99   138 0.85 # 3776691 # 3777941 # -1 # ID=1_3342;partial=00;start_type=ATG;rbs_motif=GGAG/GAGG;rbs_spacer=5-10bp;gc_cont=0.316
1_2875               -            330 1827295at2           -             74     0.007   14.0   0.0   1   1   8.5e-05     0.016   12.9   0.0     9    41    30    60    15    65 0.81 # 3256543 # 3257532 # -1 # ID=1_2875;partial=00;start_type=ATG;rbs_motif=AGGAG;rbs_spacer=5-10bp;gc_cont=0.291
1_3339               -            788 1827295at2           -             74    0.0083   13.8   0.0   1   1   0.00011     0.021   12.5   0.0     8    33   351   380   344   384 0.82 # 3773050 # 3775413 # -1 # ID=1_3339;partial=00;start_type=ATG;rbs_motif=AGGAG;rbs_spacer=5-10bp;gc_cont=0.308
1_2921               -            399 1827295at2           -             74    0.0086   13.8   0.0   1   1   9.7e-05     0.018   12.7   0.0     8    32    26    51    14    59 0.80 # 3309407 # 3310603 # -1 # ID=1_2921;partial=00;start_type=ATG;rbs_motif=GGA/GAG/AGG;rbs_spacer=5-10bp;gc_cont=0.277
1_986                -            178 1827295at2           -             74    0.0094   13.6   0.1   1   2    0.0015      0.28    8.9   0.0    18    33    12    27     6    30 0.91 # 1196999 # 1197532 # 1 # ID=1_986;partial=00;start_type=ATG;rbs_motif=AGGA;rbs_spacer=5-10bp;gc_cont=0.247
1_986                -            178 1827295at2           -             74    0.0094   13.6   0.1   2   2      0.17        32    2.3   0.0    37    57    80   100    70   111 0.76 # 1196999 # 1197532 # 1 # ID=1_986;partial=00;start_type=ATG;rbs_motif=AGGA;rbs_spacer=5-10bp;gc_cont=0.247
1_1736               -            217 1827295at2           -             74     0.011   13.5   0.0   1   1    0.0001     0.019   12.7   0.0     9    33     4    28     1    31 0.90 # 1985332 # 1985982 # 1 # ID=1_1736;partial=00;start_type=ATG;rbs_motif=GGAG/GAGG;rbs_spacer=5-10bp;gc_cont=0.289
1_3390               -            332 1827295at2           -             74     0.012   13.3   0.3   1   2       3.4   6.3e+02   -1.8   0.0    15    32    21    38    19    43 0.80 # 3823064 # 3824059 # -1 # ID=1_3390;partial=00;start_type=ATG;rbs_motif=GGAGG;rbs_spacer=5-10bp;gc_cont=0.277
1_3390               -            332 1827295at2           -             74     0.012   13.3   0.3   2   2   0.00032     0.059   11.1   0.2     8    28    48    70    33    78 0.79 # 3823064 # 3824059 # -1 # ID=1_3390;partial=00;start_type=ATG;rbs_motif=GGAGG;rbs_spacer=5-10bp;gc_cont=0.277
1_1852               -            312 1827295at2           -             74     0.017   12.8   0.0   1   1    0.0002     0.038   11.7   0.0    10    48     6    44     2    61 0.84 # 2110837 # 2111772 # -1 # ID=1_1852;partial=00;start_type=ATG;rbs_motif=AGGA;rbs_spacer=5-10bp;gc_cont=0.270
1_2179               -            611 1827295at2           -             74     0.018   12.7   0.0   1   1   0.00031     0.059   11.1   0.0    10    38   396   422   384   437 0.86 # 2435401 # 2437233 # -1 # ID=1_2179;partial=00;start_type=ATG;rbs_motif=AGGAGG;rbs_spacer=5-10bp;gc_cont=0.308
1_2802               -            597 1827295at2           -             74     0.018   12.7   0.0   1   1   0.00022     0.041   11.6   0.0     8    31   378   403   368   408 0.79 # 3164831 # 3166621 # -1 # ID=1_2802;partial=00;start_type=ATG;rbs_motif=AGGAGG;rbs_spacer=5-10bp;gc_cont=0.298
1_3212               -            255 1827295at2           -             74      0.03   12.0   0.0   1   1   0.00035     0.065   10.9   0.0     8    30    30    56    20    65 0.79 # 3673078 # 3673842 # -1 # ID=1_3212;partial=00;start_type=ATG;rbs_motif=GGAG/GAGG;rbs_spacer=5-10bp;gc_cont=0.320
1_392                -             65 1827295at2           -             74      0.03   12.0   1.6   1   1   0.00022     0.041   11.6   1.6    41    65     2    26     1    32 0.88 # 466977 # 467171 # 1 # ID=1_392;partial=00;start_type=ATG;rbs_motif=AGGA;rbs_spacer=5-10bp;gc_cont=0.200
1_919                -            621 1827295at2           -             74     0.035   11.8   0.0   1   1   0.00053     0.098   10.4   0.0     9    31   402   424   390   429 0.81 # 1110320 # 1112182 # 1 # ID=1_919;partial=00;start_type=ATG;rbs_motif=GGAGG;rbs_spacer=5-10bp;gc_cont=0.310
#
# Program:         hmmsearch
# Version:         3.1b2 (February 2015)
# Pipeline mode:   SEARCH
# Query file:      /home/johngn/Microbial-Genomics-Journey-Workshop-2023/Reads_session_3/busco_downloads/lineages/bacteria_odb10/hmms/1827295at2.hmm
# Target file:     /home/johngn/Microbial-Genomics-Journey-Workshop-2023/Reads_session_3/busco_op2/prodigal_output/predicted_genes/predicted.faa
# Option settings: hmmsearch --domtblout /home/johngn/Microbial-Genomics-Journey-Workshop-2023/Reads_session_3/busco_op2/run_bacteria_odb10/hmmer_output/1827295at2.out --cpu 1 /home/johngn/Microbial-Genomics-Journey-Workshop-2023/Reads_session_3/busco_downloads/lineages/bacteria_odb10/hmms/1827295at2.hmm /home/johngn/Microbial-Genomics-Journey-Workshop-2023/Reads_session_3/busco_op2/prodigal_output/predicted_genes/predicted.faa 
# Current dir:     /home/johngn/Microbial-Genomics-Journey-Workshop-2023/Reads_session_3
# Date:            Wed Mar  1 18:12:14 2023
# [ok]
