#                                                                            --- full sequence --- -------------- this domain -------------   hmm coord   ali coord   env coord
# target name        accession   tlen query name           accession   qlen   E-value  score  bias   #  of  c-Evalue  i-Evalue  score  bias  from    to  from    to  from    to  acc description of target
#------------------- ---------- ----- -------------------- ---------- ----- --------- ------ ----- --- --- --------- --------- ------ ----- ----- ----- ----- ----- ----- ----- ---- ---------------------
1_1133               -            237 1890943at2           -            107     6e-22   75.5   4.5   1   4   2.1e-14   2.6e-11   41.3   0.2     3    58    26    99    24   104 0.74 # 1339889 # 1340599 # 1 # ID=1_1133;partial=00;start_type=ATG;rbs_motif=GGAGG;rbs_spacer=5-10bp;gc_cont=0.288
1_1133               -            237 1890943at2           -            107     6e-22   75.5   4.5   2   4   6.9e-08   8.6e-05   20.3   0.1    56    78   116   138   111   154 0.87 # 1339889 # 1340599 # 1 # ID=1_1133;partial=00;start_type=ATG;rbs_motif=GGAGG;rbs_spacer=5-10bp;gc_cont=0.288
1_1133               -            237 1890943at2           -            107     6e-22   75.5   4.5   3   4      0.01        13    3.7   0.0    79    92   161   174   153   178 0.83 # 1339889 # 1340599 # 1 # ID=1_1133;partial=00;start_type=ATG;rbs_motif=GGAGG;rbs_spacer=5-10bp;gc_cont=0.288
1_1133               -            237 1890943at2           -            107     6e-22   75.5   4.5   4   4   0.00077      0.96    7.3   0.0    90   106   213   229   202   230 0.86 # 1339889 # 1340599 # 1 # ID=1_1133;partial=00;start_type=ATG;rbs_motif=GGAGG;rbs_spacer=5-10bp;gc_cont=0.288
1_58                 -            132 1890943at2           -            107   0.00063   17.5   0.1   1   2     5e-05     0.062   11.2   0.0     9    39     6    36     2    69 0.75 # 87428 # 87823 # 1 # ID=1_58;partial=00;start_type=ATG;rbs_motif=AGGA;rbs_spacer=5-10bp;gc_cont=0.275
1_58                 -            132 1890943at2           -            107   0.00063   17.5   0.1   2   2    0.0043       5.4    4.9   0.0    60    79    94   113    56   121 0.82 # 87428 # 87823 # 1 # ID=1_58;partial=00;start_type=ATG;rbs_motif=AGGA;rbs_spacer=5-10bp;gc_cont=0.275
1_3730               -            431 1890943at2           -            107     0.011   13.5   0.3   1   3   3.1e-05     0.039   11.8   0.0     5    52    37    83    33   108 0.84 # 4194887 # 4196179 # -1 # ID=1_3730;partial=00;start_type=ATG;rbs_motif=AGxAGG/AGGxGG;rbs_spacer=5-10bp;gc_cont=0.260
1_3730               -            431 1890943at2           -            107     0.011   13.5   0.3   2   3       2.2   2.7e+03   -3.8   0.0    56    74   125   143   121   145 0.80 # 4194887 # 4196179 # -1 # ID=1_3730;partial=00;start_type=ATG;rbs_motif=AGxAGG/AGGxGG;rbs_spacer=5-10bp;gc_cont=0.260
1_3730               -            431 1890943at2           -            107     0.011   13.5   0.3   3   3       1.3   1.6e+03   -3.0   0.0    33    63   364   395   357   398 0.73 # 4194887 # 4196179 # -1 # ID=1_3730;partial=00;start_type=ATG;rbs_motif=AGxAGG/AGGxGG;rbs_spacer=5-10bp;gc_cont=0.260
#
# Program:         hmmsearch
# Version:         3.1b2 (February 2015)
# Pipeline mode:   SEARCH
# Query file:      /home/johngn/Microbial-Genomics-Journey-Workshop-2023/Reads_session_3/busco_downloads/lineages/bacteria_odb10/hmms/1890943at2.hmm
# Target file:     /home/johngn/Microbial-Genomics-Journey-Workshop-2023/Reads_session_3/busco_op2/prodigal_output/predicted_genes/predicted.faa
# Option settings: hmmsearch --domtblout /home/johngn/Microbial-Genomics-Journey-Workshop-2023/Reads_session_3/busco_op2/run_bacteria_odb10/hmmer_output/1890943at2.out --cpu 1 /home/johngn/Microbial-Genomics-Journey-Workshop-2023/Reads_session_3/busco_downloads/lineages/bacteria_odb10/hmms/1890943at2.hmm /home/johngn/Microbial-Genomics-Journey-Workshop-2023/Reads_session_3/busco_op2/prodigal_output/predicted_genes/predicted.faa 
# Current dir:     /home/johngn/Microbial-Genomics-Journey-Workshop-2023/Reads_session_3
# Date:            Wed Mar  1 18:12:14 2023
# [ok]
