#                                                                            --- full sequence --- -------------- this domain -------------   hmm coord   ali coord   env coord
# target name        accession   tlen query name           accession   qlen   E-value  score  bias   #  of  c-Evalue  i-Evalue  score  bias  from    to  from    to  from    to  acc description of target
#------------------- ---------- ----- -------------------- ---------- ----- --------- ------ ----- --- --- --------- --------- ------ ----- ----- ----- ----- ----- ----- ----- ---- ---------------------
1_1204               -             86 1990141at2           -             72   7.8e-34  113.4   0.9   1   1   4.7e-37   8.8e-34  113.3   0.9     6    72    15    85     4    85 0.89 # 1416757 # 1417014 # 1 # ID=1_1204;partial=00;start_type=ATG;rbs_motif=GGAGG;rbs_spacer=5-10bp;gc_cont=0.298
1_2735               -            477 1990141at2           -             72     0.034   12.1   1.3   1   6      0.54     1e+03   -2.3   0.0    54    64    78    88    60   107 0.58 # 3071929 # 3073359 # -1 # ID=1_2735;partial=00;start_type=ATG;rbs_motif=AGGAGG;rbs_spacer=5-10bp;gc_cont=0.282
1_2735               -            477 1990141at2           -             72     0.034   12.1   1.3   2   6      0.28   5.2e+02   -1.3   0.0    44    61   298   315   290   321 0.80 # 3071929 # 3073359 # -1 # ID=1_2735;partial=00;start_type=ATG;rbs_motif=AGGAGG;rbs_spacer=5-10bp;gc_cont=0.282
1_2735               -            477 1990141at2           -             72     0.034   12.1   1.3   3   6      0.16     3e+02   -0.6   0.0    40    60   344   364   341   374 0.81 # 3071929 # 3073359 # -1 # ID=1_2735;partial=00;start_type=ATG;rbs_motif=AGGAGG;rbs_spacer=5-10bp;gc_cont=0.282
1_2735               -            477 1990141at2           -             72     0.034   12.1   1.3   4   6      0.41   7.6e+02   -1.9   0.0    41    60   389   408   384   416 0.81 # 3071929 # 3073359 # -1 # ID=1_2735;partial=00;start_type=ATG;rbs_motif=AGGAGG;rbs_spacer=5-10bp;gc_cont=0.282
1_2735               -            477 1990141at2           -             72     0.034   12.1   1.3   5   6      0.16     3e+02   -0.6   0.1    42    60   412   430   406   435 0.82 # 3071929 # 3073359 # -1 # ID=1_2735;partial=00;start_type=ATG;rbs_motif=AGGAGG;rbs_spacer=5-10bp;gc_cont=0.282
1_2735               -            477 1990141at2           -             72     0.034   12.1   1.3   6   6     0.002       3.7    5.6   0.0    36    60   450   474   440   476 0.92 # 3071929 # 3073359 # -1 # ID=1_2735;partial=00;start_type=ATG;rbs_motif=AGGAGG;rbs_spacer=5-10bp;gc_cont=0.282
#
# Program:         hmmsearch
# Version:         3.1b2 (February 2015)
# Pipeline mode:   SEARCH
# Query file:      /home/johngn/Microbial-Genomics-Journey-Workshop-2023/Reads_session_3/busco_downloads/lineages/bacteria_odb10/hmms/1990141at2.hmm
# Target file:     /home/johngn/Microbial-Genomics-Journey-Workshop-2023/Reads_session_3/busco_op2/prodigal_output/predicted_genes/predicted.faa
# Option settings: hmmsearch --domtblout /home/johngn/Microbial-Genomics-Journey-Workshop-2023/Reads_session_3/busco_op2/run_bacteria_odb10/hmmer_output/1990141at2.out --cpu 1 /home/johngn/Microbial-Genomics-Journey-Workshop-2023/Reads_session_3/busco_downloads/lineages/bacteria_odb10/hmms/1990141at2.hmm /home/johngn/Microbial-Genomics-Journey-Workshop-2023/Reads_session_3/busco_op2/prodigal_output/predicted_genes/predicted.faa 
# Current dir:     /home/johngn/Microbial-Genomics-Journey-Workshop-2023/Reads_session_3
# Date:            Wed Mar  1 18:12:14 2023
# [ok]
