#                                                                            --- full sequence --- -------------- this domain -------------   hmm coord   ali coord   env coord
# target name        accession   tlen query name           accession   qlen   E-value  score  bias   #  of  c-Evalue  i-Evalue  score  bias  from    to  from    to  from    to  acc description of target
#------------------- ---------- ----- -------------------- ---------- ----- --------- ------ ----- --- --- --------- --------- ------ ----- ----- ----- ----- ----- ----- ----- ---- ---------------------
1_1160               -            696 223233at2            -            494  1.2e-156  520.2  16.5   1   2   3.2e-82   2.4e-79  265.2   1.2     1   180     3   206     3   217 0.92 # 1370436 # 1372523 # 1 # ID=1_1160;partial=00;start_type=ATG;rbs_motif=GGxGG;rbs_spacer=11-12bp;gc_cont=0.307
1_1160               -            696 223233at2            -            494  1.2e-156  520.2  16.5   2   2     1e-77   7.8e-75  250.3   8.5   172   472   230   612   211   692 0.72 # 1370436 # 1372523 # 1 # ID=1_1160;partial=00;start_type=ATG;rbs_motif=GGxGG;rbs_spacer=11-12bp;gc_cont=0.307
1_2247               -            709 223233at2            -            494   1.3e-53  180.3  12.4   1   2   1.9e-37   1.4e-34  117.5   2.7    38   250    64   332    31   344 0.82 # 2513938 # 2516064 # -1 # ID=1_2247;partial=00;start_type=ATG;rbs_motif=AGGA/GGAG/GAGG;rbs_spacer=11-12bp;gc_cont=0.297
1_2247               -            709 223233at2            -            494   1.3e-53  180.3  12.4   2   2   1.3e-19   9.7e-17   58.7   2.3   252   464   361   613   345   693 0.62 # 2513938 # 2516064 # -1 # ID=1_2247;partial=00;start_type=ATG;rbs_motif=AGGA/GGAG/GAGG;rbs_spacer=11-12bp;gc_cont=0.297
1_2379               -            743 223233at2            -            494   2.8e-49  166.0  12.4   1   1   2.4e-47   1.8e-44  150.1  12.3    16   454    32   627     1   673 0.72 # 2647757 # 2649985 # 1 # ID=1_2379;partial=00;start_type=ATG;rbs_motif=AGGAGG;rbs_spacer=5-10bp;gc_cont=0.286
1_3426               -            306 223233at2            -            494   6.8e-42  141.6   2.2   1   1   2.5e-44   1.9e-41  140.2   2.2    18   236    34   304     1   305 0.84 # 3869059 # 3869976 # -1 # ID=1_3426;partial=00;start_type=ATG;rbs_motif=AGGAGG;rbs_spacer=5-10bp;gc_cont=0.368
1_3425               -            259 223233at2            -            494   1.1e-13   48.6   1.3   1   1   1.6e-15   1.2e-12   45.2   1.3   264   425    50   252    16   258 0.72 # 3868270 # 3869046 # -1 # ID=1_3425;partial=00;start_type=ATG;rbs_motif=GGA/GAG/AGG;rbs_spacer=3-4bp;gc_cont=0.329
#
# Program:         hmmsearch
# Version:         3.1b2 (February 2015)
# Pipeline mode:   SEARCH
# Query file:      /home/johngn/Microbial-Genomics-Journey-Workshop-2023/Reads_session_3/busco_downloads/lineages/bacteria_odb10/hmms/223233at2.hmm
# Target file:     /home/johngn/Microbial-Genomics-Journey-Workshop-2023/Reads_session_3/busco_op2/prodigal_output/predicted_genes/predicted.faa
# Option settings: hmmsearch --domtblout /home/johngn/Microbial-Genomics-Journey-Workshop-2023/Reads_session_3/busco_op2/run_bacteria_odb10/hmmer_output/223233at2.out --cpu 1 /home/johngn/Microbial-Genomics-Journey-Workshop-2023/Reads_session_3/busco_downloads/lineages/bacteria_odb10/hmms/223233at2.hmm /home/johngn/Microbial-Genomics-Journey-Workshop-2023/Reads_session_3/busco_op2/prodigal_output/predicted_genes/predicted.faa 
# Current dir:     /home/johngn/Microbial-Genomics-Journey-Workshop-2023/Reads_session_3
# Date:            Wed Mar  1 18:12:15 2023
# [ok]
