#                                                                            --- full sequence --- -------------- this domain -------------   hmm coord   ali coord   env coord
# target name        accession   tlen query name           accession   qlen   E-value  score  bias   #  of  c-Evalue  i-Evalue  score  bias  from    to  from    to  from    to  acc description of target
#------------------- ---------- ----- -------------------- ---------- ----- --------- ------ ----- --- --- --------- --------- ------ ----- ----- ----- ----- ----- ----- ----- ---- ---------------------
1_2723               -            596 226836at2            -            473  2.9e-182  603.8   0.2   1   1  7.6e-185  9.5e-182  602.1   0.2     1   473     9   585     9   585 0.84 # 3055505 # 3057292 # -1 # ID=1_2723;partial=00;start_type=TTG;rbs_motif=GGAGG;rbs_spacer=5-10bp;gc_cont=0.320
1_3609               -            510 226836at2            -            473   5.8e-31  104.9   0.3   1   2   3.7e-21   4.6e-18   62.4   0.2    10   226    60   300    46   366 0.76 # 4070521 # 4072050 # -1 # ID=1_3609;partial=00;start_type=ATG;rbs_motif=GGAGG;rbs_spacer=5-10bp;gc_cont=0.303
1_3609               -            510 226836at2            -            473   5.8e-31  104.9   0.3   2   2   1.4e-14   1.8e-11   40.7   0.0   401   451   446   496   423   503 0.87 # 4070521 # 4072050 # -1 # ID=1_3609;partial=00;start_type=ATG;rbs_motif=GGAGG;rbs_spacer=5-10bp;gc_cont=0.303
1_2216               -            466 226836at2            -            473   3.5e-24   82.6   0.6   1   4   2.5e-08   3.1e-05   20.1   0.0    11    91    19   105    10   181 0.65 # 2472213 # 2473610 # -1 # ID=1_2216;partial=00;start_type=ATG;rbs_motif=AGGAGG;rbs_spacer=5-10bp;gc_cont=0.324
1_2216               -            466 226836at2            -            473   3.5e-24   82.6   0.6   2   4   0.00021      0.26    7.1   0.0   172   225   217   274   200   294 0.77 # 2472213 # 2473610 # -1 # ID=1_2216;partial=00;start_type=ATG;rbs_motif=AGGAGG;rbs_spacer=5-10bp;gc_cont=0.324
1_2216               -            466 226836at2            -            473   3.5e-24   82.6   0.6   3   4     0.088   1.1e+02   -1.5   0.0   209   238   290   317   278   319 0.74 # 2472213 # 2473610 # -1 # ID=1_2216;partial=00;start_type=ATG;rbs_motif=AGGAGG;rbs_spacer=5-10bp;gc_cont=0.324
1_2216               -            466 226836at2            -            473   3.5e-24   82.6   0.6   4   4     9e-18   1.1e-14   51.2   0.0   331   454   341   462   334   465 0.88 # 2472213 # 2473610 # -1 # ID=1_2216;partial=00;start_type=ATG;rbs_motif=AGGAGG;rbs_spacer=5-10bp;gc_cont=0.324
#
# Program:         hmmsearch
# Version:         3.1b2 (February 2015)
# Pipeline mode:   SEARCH
# Query file:      /home/johngn/Microbial-Genomics-Journey-Workshop-2023/Reads_session_3/busco_downloads/lineages/bacteria_odb10/hmms/226836at2.hmm
# Target file:     /home/johngn/Microbial-Genomics-Journey-Workshop-2023/Reads_session_3/busco_op2/prodigal_output/predicted_genes/predicted.faa
# Option settings: hmmsearch --domtblout /home/johngn/Microbial-Genomics-Journey-Workshop-2023/Reads_session_3/busco_op2/run_bacteria_odb10/hmmer_output/226836at2.out --cpu 1 /home/johngn/Microbial-Genomics-Journey-Workshop-2023/Reads_session_3/busco_downloads/lineages/bacteria_odb10/hmms/226836at2.hmm /home/johngn/Microbial-Genomics-Journey-Workshop-2023/Reads_session_3/busco_op2/prodigal_output/predicted_genes/predicted.faa 
# Current dir:     /home/johngn/Microbial-Genomics-Journey-Workshop-2023/Reads_session_3
# Date:            Wed Mar  1 18:12:15 2023
# [ok]
