#                                                                            --- full sequence --- -------------- this domain -------------   hmm coord   ali coord   env coord
# target name        accession   tlen query name           accession   qlen   E-value  score  bias   #  of  c-Evalue  i-Evalue  score  bias  from    to  from    to  from    to  acc description of target
#------------------- ---------- ----- -------------------- ---------- ----- --------- ------ ----- --- --- --------- --------- ------ ----- ----- ----- ----- ----- ----- ----- ---- ---------------------
1_231                -            456 267682at2            -            304     4e-81  270.2   1.8   1   3   4.8e-06     0.003   14.4   0.0     7    28    15    36     2    52 0.86 # 290745 # 292112 # 1 # ID=1_231;partial=00;start_type=ATG;rbs_motif=AGGAGG;rbs_spacer=5-10bp;gc_cont=0.311
1_231                -            456 267682at2            -            304     4e-81  270.2   1.8   2   3   2.2e-09   1.4e-06   25.4   0.0    33    75    64   117    58   136 0.83 # 290745 # 292112 # 1 # ID=1_231;partial=00;start_type=ATG;rbs_motif=AGGAGG;rbs_spacer=5-10bp;gc_cont=0.311
1_231                -            456 267682at2            -            304     4e-81  270.2   1.8   3   3   2.1e-68   1.3e-65  219.2   0.3    84   303   154   443   144   444 0.81 # 290745 # 292112 # 1 # ID=1_231;partial=00;start_type=ATG;rbs_motif=AGGAGG;rbs_spacer=5-10bp;gc_cont=0.311
1_144                -            261 267682at2            -            304   7.4e-05   19.7   0.1   1   1     2e-07   0.00013   19.0   0.1   207   258   195   246   165   251 0.82 # 186545 # 187327 # 1 # ID=1_144;partial=00;start_type=ATG;rbs_motif=None;rbs_spacer=None;gc_cont=0.215
1_131                -            611 267682at2            -            304   0.00033   17.6   0.0   1   2     0.014       8.8    3.1   0.0     8    33    16    41    11    50 0.83 # 170477 # 172309 # 1 # ID=1_131;partial=00;start_type=ATG;rbs_motif=AGGAGG;rbs_spacer=5-10bp;gc_cont=0.318
1_131                -            611 267682at2            -            304   0.00033   17.6   0.0   2   2   3.6e-05     0.023   11.5   0.0    30    76    63   118    60   135 0.82 # 170477 # 172309 # 1 # ID=1_131;partial=00;start_type=ATG;rbs_motif=AGGAGG;rbs_spacer=5-10bp;gc_cont=0.318
1_2673               -            176 267682at2            -            304    0.0043   13.9   0.1   1   1   9.4e-06    0.0059   13.5   0.1   214   257    79   122    50   132 0.87 # 2988116 # 2988643 # -1 # ID=1_2673;partial=00;start_type=ATG;rbs_motif=GGAGG;rbs_spacer=5-10bp;gc_cont=0.286
1_3570               -            317 267682at2            -            304    0.0076   13.1   0.2   1   2       1.1   6.6e+02   -3.1   0.0    72    97   110   135   105   141 0.71 # 4026977 # 4027927 # -1 # ID=1_3570;partial=00;start_type=ATG;rbs_motif=AGGAGG;rbs_spacer=5-10bp;gc_cont=0.320
1_3570               -            317 267682at2            -            304    0.0076   13.1   0.2   2   2   2.5e-05     0.016   12.1   0.1   218   260   210   252   193   271 0.84 # 4026977 # 4027927 # -1 # ID=1_3570;partial=00;start_type=ATG;rbs_motif=AGGAGG;rbs_spacer=5-10bp;gc_cont=0.320
1_2574               -            178 267682at2            -            304    0.0088   12.9   0.1   1   1   1.8e-05     0.011   12.6   0.1   217   258    88   130    77   168 0.85 # 2876687 # 2877220 # -1 # ID=1_2574;partial=00;start_type=ATG;rbs_motif=None;rbs_spacer=None;gc_cont=0.303
#
# Program:         hmmsearch
# Version:         3.1b2 (February 2015)
# Pipeline mode:   SEARCH
# Query file:      /home/johngn/Microbial-Genomics-Journey-Workshop-2023/Reads_session_3/busco_downloads/lineages/bacteria_odb10/hmms/267682at2.hmm
# Target file:     /home/johngn/Microbial-Genomics-Journey-Workshop-2023/Reads_session_3/busco_op2/prodigal_output/predicted_genes/predicted.faa
# Option settings: hmmsearch --domtblout /home/johngn/Microbial-Genomics-Journey-Workshop-2023/Reads_session_3/busco_op2/run_bacteria_odb10/hmmer_output/267682at2.out --cpu 1 /home/johngn/Microbial-Genomics-Journey-Workshop-2023/Reads_session_3/busco_downloads/lineages/bacteria_odb10/hmms/267682at2.hmm /home/johngn/Microbial-Genomics-Journey-Workshop-2023/Reads_session_3/busco_op2/prodigal_output/predicted_genes/predicted.faa 
# Current dir:     /home/johngn/Microbial-Genomics-Journey-Workshop-2023/Reads_session_3
# Date:            Wed Mar  1 18:12:15 2023
# [ok]
