#                                                                            --- full sequence --- -------------- this domain -------------   hmm coord   ali coord   env coord
# target name        accession   tlen query name           accession   qlen   E-value  score  bias   #  of  c-Evalue  i-Evalue  score  bias  from    to  from    to  from    to  acc description of target
#------------------- ---------- ----- -------------------- ---------- ----- --------- ------ ----- --- --- --------- --------- ------ ----- ----- ----- ----- ----- ----- ----- ---- ---------------------
1_53                 -            572 665824at2            -            547  1.6e-228  757.7   4.1   1   1  5.1e-231  1.9e-228  757.5   4.1     1   542     1   562     1   567 0.97 # 80304 # 82019 # 1 # ID=1_53;partial=00;start_type=ATG;rbs_motif=AGGAGG;rbs_spacer=5-10bp;gc_cont=0.328
1_54                 -            482 665824at2            -            547  1.3e-123  411.4   2.4   1   2   1.8e-66   6.6e-64  214.4   0.7     4   188     8   194     5   212 0.93 # 82141 # 83586 # 1 # ID=1_54;partial=00;start_type=ATG;rbs_motif=AGGAGG;rbs_spacer=5-10bp;gc_cont=0.328
1_54                 -            482 665824at2            -            547  1.3e-123  411.4   2.4   2   2   2.2e-61   8.3e-59  197.5   0.1   357   531   199   375   192   390 0.92 # 82141 # 83586 # 1 # ID=1_54;partial=00;start_type=ATG;rbs_motif=AGGAGG;rbs_spacer=5-10bp;gc_cont=0.328
1_545                -            640 665824at2            -            547   4.3e-38  129.2   0.1   1   2   1.5e-18   5.5e-16   56.2   0.0    31   193   254   415   242   435 0.90 # 655660 # 657579 # 1 # ID=1_545;partial=00;start_type=ATG;rbs_motif=AGGAGG;rbs_spacer=5-10bp;gc_cont=0.320
1_545                -            640 665824at2            -            547   4.3e-38  129.2   0.1   2   2   5.8e-23   2.2e-20   70.7   0.0   384   544   474   631   465   634 0.88 # 655660 # 657579 # 1 # ID=1_545;partial=00;start_type=ATG;rbs_motif=AGGAGG;rbs_spacer=5-10bp;gc_cont=0.320
1_2825               -            424 665824at2            -            547   8.3e-11   39.1   0.0   1   2   1.6e-11   6.1e-09   32.9   0.0    57   210   182   335   163   341 0.91 # 3197914 # 3199185 # -1 # ID=1_2825;partial=00;start_type=ATG;rbs_motif=AGGAGG;rbs_spacer=5-10bp;gc_cont=0.305
1_2825               -            424 665824at2            -            547   8.3e-11   39.1   0.0   2   2    0.0092       3.5    4.1   0.0   399   451   361   416   338   422 0.73 # 3197914 # 3199185 # -1 # ID=1_2825;partial=00;start_type=ATG;rbs_motif=AGGAGG;rbs_spacer=5-10bp;gc_cont=0.305
1_2724               -            421 665824at2            -            547   9.4e-11   38.9   1.5   1   2   8.6e-08   3.2e-05   20.7   0.1    33   145     3   116     1   131 0.79 # 3057366 # 3058628 # -1 # ID=1_2724;partial=00;start_type=ATG;rbs_motif=GGAG/GAGG;rbs_spacer=5-10bp;gc_cont=0.302
1_2724               -            421 665824at2            -            547   9.4e-11   38.9   1.5   2   2   7.9e-07    0.0003   17.5   0.1   452   541   329   418   322   420 0.85 # 3057366 # 3058628 # -1 # ID=1_2724;partial=00;start_type=ATG;rbs_motif=GGAG/GAGG;rbs_spacer=5-10bp;gc_cont=0.302
1_14                 -            424 665824at2            -            547   4.2e-09   33.5   0.0   1   2     1e-09   3.9e-07   27.0   0.0    56   205   181   330   154   339 0.88 # 23138 # 24409 # 1 # ID=1_14;partial=00;start_type=ATG;rbs_motif=AGGAGG;rbs_spacer=5-10bp;gc_cont=0.310
1_14                 -            424 665824at2            -            547   4.2e-09   33.5   0.0   2   2    0.0074       2.8    4.4   0.0   384   451   346   416   338   422 0.77 # 23138 # 24409 # 1 # ID=1_14;partial=00;start_type=ATG;rbs_motif=AGGAGG;rbs_spacer=5-10bp;gc_cont=0.310
1_1767               -            164 665824at2            -            547   7.2e-08   29.4   0.2   1   1   2.3e-10   8.6e-08   29.2   0.2   241   353    14   139     2   156 0.85 # 2027659 # 2028150 # -1 # ID=1_1767;partial=00;start_type=ATG;rbs_motif=GGAGG;rbs_spacer=5-10bp;gc_cont=0.274
1_954                -            156 665824at2            -            547   2.8e-07   27.5   0.0   1   1   8.2e-10   3.1e-07   27.3   0.0   251   344    26   122     8   150 0.85 # 1167957 # 1168424 # 1 # ID=1_954;partial=00;start_type=ATG;rbs_motif=AGGAGG;rbs_spacer=5-10bp;gc_cont=0.338
1_903                -            158 665824at2            -            547   3.7e-07   27.1   0.3   1   1   1.1e-09     4e-07   26.9   0.3   257   354    34   136     6   153 0.87 # 1093770 # 1094243 # 1 # ID=1_903;partial=00;start_type=ATG;rbs_motif=AGGA;rbs_spacer=5-10bp;gc_cont=0.283
1_1846               -            178 665824at2            -            547   1.6e-05   21.7   0.0   1   1   4.9e-08   1.8e-05   21.5   0.0   241   348    25   148     5   167 0.81 # 2105130 # 2105663 # -1 # ID=1_1846;partial=00;start_type=ATG;rbs_motif=AGGAG;rbs_spacer=5-10bp;gc_cont=0.255
#
# Program:         hmmsearch
# Version:         3.1b2 (February 2015)
# Pipeline mode:   SEARCH
# Query file:      /home/johngn/Microbial-Genomics-Journey-Workshop-2023/Reads_session_3/busco_downloads/lineages/bacteria_odb10/hmms/665824at2.hmm
# Target file:     /home/johngn/Microbial-Genomics-Journey-Workshop-2023/Reads_session_3/busco_op2/prodigal_output/predicted_genes/predicted.faa
# Option settings: hmmsearch --domtblout /home/johngn/Microbial-Genomics-Journey-Workshop-2023/Reads_session_3/busco_op2/run_bacteria_odb10/hmmer_output/665824at2.out --cpu 1 /home/johngn/Microbial-Genomics-Journey-Workshop-2023/Reads_session_3/busco_downloads/lineages/bacteria_odb10/hmms/665824at2.hmm /home/johngn/Microbial-Genomics-Journey-Workshop-2023/Reads_session_3/busco_op2/prodigal_output/predicted_genes/predicted.faa 
# Current dir:     /home/johngn/Microbial-Genomics-Journey-Workshop-2023/Reads_session_3
# Date:            Wed Mar  1 18:12:16 2023
# [ok]
