#                                                                            --- full sequence --- -------------- this domain -------------   hmm coord   ali coord   env coord
# target name        accession   tlen query name           accession   qlen   E-value  score  bias   #  of  c-Evalue  i-Evalue  score  bias  from    to  from    to  from    to  acc description of target
#------------------- ---------- ----- -------------------- ---------- ----- --------- ------ ----- --- --- --------- --------- ------ ----- ----- ----- ----- ----- ----- ----- ---- ---------------------
1_3595               -            646 761140at2            -            323     4e-58  195.1  13.5   1   2   8.9e-49   1.1e-45  154.2   9.3     2   252     5   368     4   395 0.74 # 4052228 # 4054165 # -1 # ID=1_3595;partial=00;start_type=ATG;rbs_motif=AGGAGG;rbs_spacer=5-10bp;gc_cont=0.313
1_3595               -            646 761140at2            -            323     4e-58  195.1  13.5   2   2   8.6e-12   1.1e-08   32.7   0.2   246   309   399   471   373   483 0.76 # 4052228 # 4054165 # -1 # ID=1_3595;partial=00;start_type=ATG;rbs_motif=AGGAGG;rbs_spacer=5-10bp;gc_cont=0.313
1_3207               -            889 761140at2            -            323   1.5e-08   32.1   1.9   1   5   1.7e-08   2.1e-05   21.8   0.0     1   150    38   195    38   205 0.87 # 3665667 # 3668333 # -1 # ID=1_3207;partial=00;start_type=ATG;rbs_motif=AGGAGG;rbs_spacer=5-10bp;gc_cont=0.318
1_3207               -            889 761140at2            -            323   1.5e-08   32.1   1.9   2   5     0.031        39    1.3   0.0   134   152   399   418   386   424 0.82 # 3665667 # 3668333 # -1 # ID=1_3207;partial=00;start_type=ATG;rbs_motif=AGGAGG;rbs_spacer=5-10bp;gc_cont=0.318
1_3207               -            889 761140at2            -            323   1.5e-08   32.1   1.9   3   5      0.03        38    1.3   0.1   168   193   473   498   468   509 0.82 # 3665667 # 3668333 # -1 # ID=1_3207;partial=00;start_type=ATG;rbs_motif=AGGAGG;rbs_spacer=5-10bp;gc_cont=0.318
1_3207               -            889 761140at2            -            323   1.5e-08   32.1   1.9   4   5      0.29   3.7e+02   -1.9   0.0    43    65   522   544   511   558 0.63 # 3665667 # 3668333 # -1 # ID=1_3207;partial=00;start_type=ATG;rbs_motif=AGGAGG;rbs_spacer=5-10bp;gc_cont=0.318
1_3207               -            889 761140at2            -            323   1.5e-08   32.1   1.9   5   5     0.014        17    2.4   0.0   258   309   645   700   612   708 0.66 # 3665667 # 3668333 # -1 # ID=1_3207;partial=00;start_type=ATG;rbs_motif=AGGAGG;rbs_spacer=5-10bp;gc_cont=0.318
1_2499               -            807 761140at2            -            323     2e-07   28.5   2.8   1   4   2.3e-08   2.9e-05   21.4   0.0     2    62    34   100    33   120 0.86 # 2788386 # 2790806 # -1 # ID=1_2499;partial=00;start_type=ATG;rbs_motif=AGGAGG;rbs_spacer=5-10bp;gc_cont=0.318
1_2499               -            807 761140at2            -            323     2e-07   28.5   2.8   2   4     0.055        69    0.4   0.0   132   157   401   424   389   428 0.80 # 2788386 # 2790806 # -1 # ID=1_2499;partial=00;start_type=ATG;rbs_motif=AGGAGG;rbs_spacer=5-10bp;gc_cont=0.318
1_2499               -            807 761140at2            -            323     2e-07   28.5   2.8   3   4      0.29   3.6e+02   -1.9   0.7   205   215   564   574   562   576 0.88 # 2788386 # 2790806 # -1 # ID=1_2499;partial=00;start_type=ATG;rbs_motif=AGGAGG;rbs_spacer=5-10bp;gc_cont=0.318
1_2499               -            807 761140at2            -            323     2e-07   28.5   2.8   4   4    0.0071       8.9    3.4   0.0   253   309   668   718   645   725 0.79 # 2788386 # 2790806 # -1 # ID=1_2499;partial=00;start_type=ATG;rbs_motif=AGGAGG;rbs_spacer=5-10bp;gc_cont=0.318
#
# Program:         hmmsearch
# Version:         3.1b2 (February 2015)
# Pipeline mode:   SEARCH
# Query file:      /home/johngn/Microbial-Genomics-Journey-Workshop-2023/Reads_session_3/busco_downloads/lineages/bacteria_odb10/hmms/761140at2.hmm
# Target file:     /home/johngn/Microbial-Genomics-Journey-Workshop-2023/Reads_session_3/busco_op2/prodigal_output/predicted_genes/predicted.faa
# Option settings: hmmsearch --domtblout /home/johngn/Microbial-Genomics-Journey-Workshop-2023/Reads_session_3/busco_op2/run_bacteria_odb10/hmmer_output/761140at2.out --cpu 1 /home/johngn/Microbial-Genomics-Journey-Workshop-2023/Reads_session_3/busco_downloads/lineages/bacteria_odb10/hmms/761140at2.hmm /home/johngn/Microbial-Genomics-Journey-Workshop-2023/Reads_session_3/busco_op2/prodigal_output/predicted_genes/predicted.faa 
# Current dir:     /home/johngn/Microbial-Genomics-Journey-Workshop-2023/Reads_session_3
# Date:            Wed Mar  8 16:57:25 2023
# [ok]
