#                                                                            --- full sequence --- -------------- this domain -------------   hmm coord   ali coord   env coord
# target name        accession   tlen query name           accession   qlen   E-value  score  bias   #  of  c-Evalue  i-Evalue  score  bias  from    to  from    to  from    to  acc description of target
#------------------- ---------- ----- -------------------- ---------- ----- --------- ------ ----- --- --- --------- --------- ------ ----- ----- ----- ----- ----- ----- ----- ---- ---------------------
1_1736               -            217 776861at2            -            618   1.4e-76  255.7   0.1   1   1   4.4e-79   1.7e-76  255.5   0.1   408   607     3   213     1   215 0.96 # 1985332 # 1985982 # 1 # ID=1_1736;partial=00;start_type=ATG;rbs_motif=GGAG/GAGG;rbs_spacer=5-10bp;gc_cont=0.289
1_1753               -            438 776861at2            -            618   4.4e-60  201.2   0.0   1   1   3.6e-62   1.4e-59  199.6   0.0    12   399    11   425     4   432 0.84 # 2007955 # 2009268 # 1 # ID=1_1753;partial=00;start_type=ATG;rbs_motif=AGGAGG;rbs_spacer=5-10bp;gc_cont=0.300
1_134                -            418 776861at2            -            618   6.3e-07   25.6   1.7   1   1     9e-09   3.4e-06   23.2   1.3    12   306    12   310     2   345 0.78 # 175248 # 176501 # 1 # ID=1_134;partial=00;start_type=ATG;rbs_motif=AGGAG;rbs_spacer=5-10bp;gc_cont=0.340
1_100                -            217 776861at2            -            618    0.0017   14.3   0.0   1   1   5.5e-06    0.0021   14.0   0.0   414   445     6    37     1    80 0.81 # 120258 # 120908 # 1 # ID=1_100;partial=00;start_type=ATG;rbs_motif=GGAG/GAGG;rbs_spacer=5-10bp;gc_cont=0.323
1_1444               -            272 776861at2            -            618    0.0034   13.3   0.0   1   1   1.4e-05    0.0053   12.7   0.0   368   428    14    75     7    79 0.83 # 1676723 # 1677538 # 1 # ID=1_1444;partial=00;start_type=ATG;rbs_motif=GGA/GAG/AGG;rbs_spacer=5-10bp;gc_cont=0.288
1_1365               -            226 776861at2            -            618    0.0049   12.8   0.0   1   1   1.8e-05    0.0067   12.3   0.0   402   425    27    50     4    55 0.80 # 1581021 # 1581698 # 1 # ID=1_1365;partial=00;start_type=ATG;rbs_motif=GGAGG;rbs_spacer=5-10bp;gc_cont=0.294
1_1855               -            245 776861at2            -            618    0.0099   11.8   0.0   1   1   3.2e-05     0.012   11.5   0.0   375   434    12    66     1    71 0.73 # 2116792 # 2117526 # -1 # ID=1_1855;partial=00;start_type=ATG;rbs_motif=GGA/GAG/AGG;rbs_spacer=5-10bp;gc_cont=0.260
1_2567               -            206 776861at2            -            618     0.016   11.1   0.0   1   1   5.6e-05     0.021   10.7   0.0   409   432     7    30     2    42 0.82 # 2867272 # 2867889 # -1 # ID=1_2567;partial=00;start_type=ATG;rbs_motif=AGxAGG/AGGxGG;rbs_spacer=11-12bp;gc_cont=0.294
1_2434               -            370 776861at2            -            618     0.021   10.7   0.3   1   2   0.00016     0.061    9.2   0.0   385   429     8    51     4    64 0.82 # 2708539 # 2709648 # 1 # ID=1_2434;partial=00;start_type=ATG;rbs_motif=AGGAGG;rbs_spacer=5-10bp;gc_cont=0.299
1_2434               -            370 776861at2            -            618     0.021   10.7   0.3   2   2      0.28   1.1e+02   -1.5   0.2   327   367   171   209   167   224 0.82 # 2708539 # 2709648 # 1 # ID=1_2434;partial=00;start_type=ATG;rbs_motif=AGGAGG;rbs_spacer=5-10bp;gc_cont=0.299
1_3339               -            788 776861at2            -            618     0.026   10.4   0.0   1   1   0.00014     0.051    9.4   0.0   399   436   346   383   316   385 0.83 # 3773050 # 3775413 # -1 # ID=1_3339;partial=00;start_type=ATG;rbs_motif=AGGAG;rbs_spacer=5-10bp;gc_cont=0.308
#
# Program:         hmmsearch
# Version:         3.1b2 (February 2015)
# Pipeline mode:   SEARCH
# Query file:      /home/johngn/Microbial-Genomics-Journey-Workshop-2023/Reads_session_3/busco_downloads/lineages/bacteria_odb10/hmms/776861at2.hmm
# Target file:     /home/johngn/Microbial-Genomics-Journey-Workshop-2023/Reads_session_3/busco_op2/prodigal_output/predicted_genes/predicted.faa
# Option settings: hmmsearch --domtblout /home/johngn/Microbial-Genomics-Journey-Workshop-2023/Reads_session_3/busco_op2/run_bacteria_odb10/hmmer_output/776861at2.out --cpu 1 /home/johngn/Microbial-Genomics-Journey-Workshop-2023/Reads_session_3/busco_downloads/lineages/bacteria_odb10/hmms/776861at2.hmm /home/johngn/Microbial-Genomics-Journey-Workshop-2023/Reads_session_3/busco_op2/prodigal_output/predicted_genes/predicted.faa 
# Current dir:     /home/johngn/Microbial-Genomics-Journey-Workshop-2023/Reads_session_3
# Date:            Wed Mar  1 18:12:16 2023
# [ok]
