#                                                                            --- full sequence --- -------------- this domain -------------   hmm coord   ali coord   env coord
# target name        accession   tlen query name           accession   qlen   E-value  score  bias   #  of  c-Evalue  i-Evalue  score  bias  from    to  from    to  from    to  acc description of target
#------------------- ---------- ----- -------------------- ---------- ----- --------- ------ ----- --- --- --------- --------- ------ ----- ----- ----- ----- ----- ----- ----- ---- ---------------------
1_3524               -            501 837522at2            -            420  4.1e-201  666.0   1.6   1   1  8.4e-204  5.2e-201  665.7   1.6    10   417    25   461    16   464 0.94 # 3981440 # 3982942 # -1 # ID=1_3524;partial=00;start_type=ATG;rbs_motif=GGxGG;rbs_spacer=5-10bp;gc_cont=0.341
1_269                -            440 837522at2            -            420   8.2e-45  151.1   0.3   1   1   1.6e-47     1e-44  150.8   0.3    58   373    82   405    15   438 0.82 # 329375 # 330694 # 1 # ID=1_269;partial=00;start_type=ATG;rbs_motif=None;rbs_spacer=None;gc_cont=0.333
1_2878               -            458 837522at2            -            420   6.5e-39  131.7   0.0   1   1   1.3e-41   7.9e-39  131.4   0.0    62   351    67   376     2   451 0.78 # 3259628 # 3261001 # -1 # ID=1_2878;partial=00;start_type=ATG;rbs_motif=AGxAGG/AGGxGG;rbs_spacer=11-12bp;gc_cont=0.377
1_3522               -            465 837522at2            -            420   5.6e-33  112.1   0.6   1   1   1.1e-35     7e-33  111.8   0.6    42   357    44   377     3   413 0.87 # 3979127 # 3980521 # -1 # ID=1_3522;partial=00;start_type=ATG;rbs_motif=GGAGG;rbs_spacer=5-10bp;gc_cont=0.371
1_2879               -            593 837522at2            -            420   4.8e-20   69.5   0.2   1   2    0.0038       2.4    4.6   0.5    12    98     2    97     1   114 0.81 # 3260998 # 3262776 # -1 # ID=1_2879;partial=00;start_type=ATG;rbs_motif=GGA/GAG/AGG;rbs_spacer=5-10bp;gc_cont=0.372
1_2879               -            593 837522at2            -            420   4.8e-20   69.5   0.2   2   2     1e-20   6.4e-18   62.5   0.0   113   354   206   463   194   527 0.83 # 3260998 # 3262776 # -1 # ID=1_2879;partial=00;start_type=ATG;rbs_motif=GGA/GAG/AGG;rbs_spacer=5-10bp;gc_cont=0.372
1_3542               -            530 837522at2            -            420   1.7e-05   21.6   0.0   1   1     5e-08   3.1e-05   20.7   0.0   120   326   269   475   260   498 0.75 # 3994582 # 3996171 # -1 # ID=1_3542;partial=00;start_type=TTG;rbs_motif=AGGAGG;rbs_spacer=5-10bp;gc_cont=0.306
#
# Program:         hmmsearch
# Version:         3.1b2 (February 2015)
# Pipeline mode:   SEARCH
# Query file:      /home/johngn/Microbial-Genomics-Journey-Workshop-2023/Reads_session_3/busco_downloads/lineages/bacteria_odb10/hmms/837522at2.hmm
# Target file:     /home/johngn/Microbial-Genomics-Journey-Workshop-2023/Reads_session_3/busco_op2/prodigal_output/predicted_genes/predicted.faa
# Option settings: hmmsearch --domtblout /home/johngn/Microbial-Genomics-Journey-Workshop-2023/Reads_session_3/busco_op2/run_bacteria_odb10/hmmer_output/837522at2.out --cpu 1 /home/johngn/Microbial-Genomics-Journey-Workshop-2023/Reads_session_3/busco_downloads/lineages/bacteria_odb10/hmms/837522at2.hmm /home/johngn/Microbial-Genomics-Journey-Workshop-2023/Reads_session_3/busco_op2/prodigal_output/predicted_genes/predicted.faa 
# Current dir:     /home/johngn/Microbial-Genomics-Journey-Workshop-2023/Reads_session_3
# Date:            Wed Mar  8 16:57:26 2023
# [ok]
