#                                                                            --- full sequence --- -------------- this domain -------------   hmm coord   ali coord   env coord
# target name        accession   tlen query name           accession   qlen   E-value  score  bias   #  of  c-Evalue  i-Evalue  score  bias  from    to  from    to  from    to  acc description of target
#------------------- ---------- ----- -------------------- ---------- ----- --------- ------ ----- --- --- --------- --------- ------ ----- ----- ----- ----- ----- ----- ----- ---- ---------------------
1_2790               -            340 874197at2            -            274  1.7e-126  418.8   0.1   1   1  1.6e-128  2.3e-126  418.3   0.1     1   273    23   324    23   325 0.92 # 3153432 # 3154451 # -1 # ID=1_2790;partial=00;start_type=ATG;rbs_motif=AGGAGG;rbs_spacer=5-10bp;gc_cont=0.340
1_1162               -            422 874197at2            -            274   3.8e-10   37.1   0.0   1   1   4.1e-12   5.9e-10   36.5   0.0     3   106     6   112     4   132 0.74 # 1373580 # 1374845 # 1 # ID=1_1162;partial=00;start_type=ATG;rbs_motif=AGGAG;rbs_spacer=5-10bp;gc_cont=0.286
1_659                -            468 874197at2            -            274   1.3e-07   28.8   0.0   1   1   1.7e-09   2.5e-07   27.9   0.0    28    98    68   146    34   212 0.63 # 806212 # 807615 # -1 # ID=1_659;partial=00;start_type=ATG;rbs_motif=GGAG/GAGG;rbs_spacer=5-10bp;gc_cont=0.318
1_3342               -            417 874197at2            -            274   6.8e-07   26.5   0.1   1   1   1.1e-08   1.6e-06   25.3   0.1     8    99    70   187    64   197 0.66 # 3776691 # 3777941 # -1 # ID=1_3342;partial=00;start_type=ATG;rbs_motif=GGAG/GAGG;rbs_spacer=5-10bp;gc_cont=0.316
1_1747               -            606 874197at2            -            274   8.5e-07   26.2   0.0   1   1   1.7e-08   2.5e-06   24.6   0.0     8    96   163   266   158   271 0.67 # 1998653 # 2000470 # 1 # ID=1_1747;partial=00;start_type=ATG;rbs_motif=AGGAG;rbs_spacer=5-10bp;gc_cont=0.340
1_1896               -            865 874197at2            -            274   4.5e-06   23.8   0.8   1   2    0.0033      0.48    7.3   0.5    39    99   208   289   196   292 0.53 # 2156420 # 2159014 # -1 # ID=1_1896;partial=00;start_type=ATG;rbs_motif=GGAGG;rbs_spacer=5-10bp;gc_cont=0.303
1_1896               -            865 874197at2            -            274   4.5e-06   23.8   0.8   2   2   0.00028      0.04   10.8   0.0    12    59   578   629   569   643 0.73 # 2156420 # 2159014 # -1 # ID=1_1896;partial=00;start_type=ATG;rbs_motif=GGAGG;rbs_spacer=5-10bp;gc_cont=0.303
1_3616               -            657 874197at2            -            274   5.6e-06   23.5   0.0   1   1   7.4e-08   1.1e-05   22.6   0.0     5    95   159   264   155   269 0.59 # 4077572 # 4079542 # -1 # ID=1_3616;partial=00;start_type=TTG;rbs_motif=AGGAGG;rbs_spacer=5-10bp;gc_cont=0.339
1_29                 -            816 874197at2            -            274   4.9e-05   20.4   1.3   1   2    0.0053      0.76    6.6   0.8    35    60   206   231   183   292 0.79 # 48021 # 50468 # 1 # ID=1_29;partial=00;start_type=GTG;rbs_motif=AGGAGG;rbs_spacer=5-10bp;gc_cont=0.312
1_29                 -            816 874197at2            -            274   4.9e-05   20.4   1.3   2   2   0.00054     0.077    9.9   0.0    11    57   515   565   509   580 0.77 # 48021 # 50468 # 1 # ID=1_29;partial=00;start_type=GTG;rbs_motif=AGGAGG;rbs_spacer=5-10bp;gc_cont=0.312
1_3715               -            331 874197at2            -            274   7.5e-05   19.8   0.0   1   1     8e-07   0.00011   19.2   0.0    16    68   165   222   158   232 0.72 # 4181978 # 4182970 # 1 # ID=1_3715;partial=00;start_type=ATG;rbs_motif=AGxAGG/AGGxGG;rbs_spacer=5-10bp;gc_cont=0.264
1_2221               -            274 874197at2            -            274   0.00011   19.2   0.1   1   2   1.5e-06   0.00022   18.2   0.0    37    66    34    63     3    82 0.81 # 2481037 # 2481858 # -1 # ID=1_2221;partial=00;start_type=ATG;rbs_motif=AGGAG;rbs_spacer=5-10bp;gc_cont=0.307
1_2221               -            274 874197at2            -            274   0.00011   19.2   0.1   2   2         5   7.1e+02   -3.1   0.0    88    97   116   125   109   162 0.67 # 2481037 # 2481858 # -1 # ID=1_2221;partial=00;start_type=ATG;rbs_motif=AGGAG;rbs_spacer=5-10bp;gc_cont=0.307
1_3318               -            919 874197at2            -            274   0.00013   19.0   0.0   1   2    0.0042      0.61    6.9   0.0    36    57   131   152   102   170 0.76 # 3746657 # 3749413 # -1 # ID=1_3318;partial=00;start_type=ATG;rbs_motif=GGAGG;rbs_spacer=5-10bp;gc_cont=0.265
1_3318               -            919 874197at2            -            274   0.00013   19.0   0.0   2   2   0.00076      0.11    9.4   0.0    81   128   203   253   190   264 0.75 # 3746657 # 3749413 # -1 # ID=1_3318;partial=00;start_type=ATG;rbs_motif=GGAGG;rbs_spacer=5-10bp;gc_cont=0.265
1_3339               -            788 874197at2            -            274   0.00029   17.8   0.0   1   1   1.8e-05    0.0026   14.7   0.0    12    72   331   392   326   522 0.63 # 3773050 # 3775413 # -1 # ID=1_3339;partial=00;start_type=ATG;rbs_motif=AGGAG;rbs_spacer=5-10bp;gc_cont=0.308
1_1757               -            178 874197at2            -            274   0.00067   16.6   0.0   1   2   9.2e-06    0.0013   15.7   0.0    33    66     4    37     1    58 0.80 # 2012392 # 2012925 # 1 # ID=1_1757;partial=00;start_type=ATG;rbs_motif=AGGAG;rbs_spacer=5-10bp;gc_cont=0.242
1_1757               -            178 874197at2            -            274   0.00067   16.6   0.0   2   2         4   5.7e+02   -2.8   0.0    66    93    81   105    71   116 0.48 # 2012392 # 2012925 # 1 # ID=1_1757;partial=00;start_type=ATG;rbs_motif=AGGAG;rbs_spacer=5-10bp;gc_cont=0.242
1_44                 -            983 874197at2            -            274   0.00082   16.4   0.3   1   2     0.031       4.5    4.1   0.0    35    55   153   173   125   184 0.78 # 70801 # 73749 # 1 # ID=1_44;partial=00;start_type=ATG;rbs_motif=AGGAGG;rbs_spacer=11-12bp;gc_cont=0.289
1_44                 -            983 874197at2            -            274   0.00082   16.4   0.3   2   2   0.00086      0.12    9.2   0.1    85   108   230   256   221   328 0.62 # 70801 # 73749 # 1 # ID=1_44;partial=00;start_type=ATG;rbs_motif=AGGAGG;rbs_spacer=11-12bp;gc_cont=0.289
1_2962               -            377 874197at2            -            274    0.0022   14.9   0.4   1   2   0.00041      0.06   10.3   0.0    39    72    21    54    13    65 0.84 # 3359379 # 3360509 # -1 # ID=1_2962;partial=00;start_type=ATG;rbs_motif=AGGAG;rbs_spacer=5-10bp;gc_cont=0.276
1_2962               -            377 874197at2            -            274    0.0022   14.9   0.4   2   2      0.11        15    2.4   0.1    75   102    91   117    68   128 0.63 # 3359379 # 3360509 # -1 # ID=1_2962;partial=00;start_type=ATG;rbs_motif=AGGAG;rbs_spacer=5-10bp;gc_cont=0.276
1_17                 -            546 874197at2            -            274    0.0025   14.8   0.0   1   1   4.2e-05     0.006   13.5   0.0     3   105     8   113     6   232 0.71 # 25656 # 27293 # 1 # ID=1_17;partial=00;start_type=ATG;rbs_motif=GGAG/GAGG;rbs_spacer=5-10bp;gc_cont=0.273
1_183                -            638 874197at2            -            274    0.0026   14.7   0.1   1   2     0.031       4.5    4.1   0.0    35    56    29    50    15    59 0.86 # 235633 # 237546 # -1 # ID=1_183;partial=00;start_type=ATG;rbs_motif=AGGAGG;rbs_spacer=5-10bp;gc_cont=0.277
1_183                -            638 874197at2            -            274    0.0026   14.7   0.1   2   2    0.0019      0.28    8.1   0.0    36    60   359   383   355   398 0.89 # 235633 # 237546 # -1 # ID=1_183;partial=00;start_type=ATG;rbs_motif=AGGAGG;rbs_spacer=5-10bp;gc_cont=0.277
1_2302               -            975 874197at2            -            274    0.0027   14.7   0.1   1   3     0.019       2.7    4.8   0.0    18    70   138   190   126   199 0.69 # 2565512 # 2568436 # -1 # ID=1_2302;partial=00;start_type=ATG;rbs_motif=AGGAGG;rbs_spacer=5-10bp;gc_cont=0.287
1_2302               -            975 874197at2            -            274    0.0027   14.7   0.1   2   3    0.0057      0.82    6.5   0.0    83   106   229   255   220   300 0.81 # 2565512 # 2568436 # -1 # ID=1_2302;partial=00;start_type=ATG;rbs_motif=AGGAGG;rbs_spacer=5-10bp;gc_cont=0.287
1_2302               -            975 874197at2            -            274    0.0027   14.7   0.1   3   3       3.3   4.7e+02   -2.5   0.0    75   107   486   518   480   528 0.80 # 2565512 # 2568436 # -1 # ID=1_2302;partial=00;start_type=ATG;rbs_motif=AGGAGG;rbs_spacer=5-10bp;gc_cont=0.287
1_1736               -            217 874197at2            -            274    0.0049   13.8   0.1   1   2   6.9e-05    0.0099   12.8   0.0    40    66     8    34     4    86 0.87 # 1985332 # 1985982 # 1 # ID=1_1736;partial=00;start_type=ATG;rbs_motif=GGAG/GAGG;rbs_spacer=5-10bp;gc_cont=0.289
1_1736               -            217 874197at2            -            274    0.0049   13.8   0.1   2   2       5.1   7.3e+02   -3.2   0.0   240   254   194   208   182   212 0.62 # 1985332 # 1985982 # 1 # ID=1_1736;partial=00;start_type=ATG;rbs_motif=GGAG/GAGG;rbs_spacer=5-10bp;gc_cont=0.289
1_1158               -            534 874197at2            -            274     0.008   13.1   0.2   1   4       8.4   1.2e+03   -3.9   0.1    87    98   144   155   129   175 0.71 # 1367683 # 1369284 # 1 # ID=1_1158;partial=00;start_type=ATG;rbs_motif=AGGA;rbs_spacer=5-10bp;gc_cont=0.280
1_1158               -            534 874197at2            -            274     0.008   13.1   0.2   2   4    0.0022      0.31    7.9   0.0    32    55   235   258   218   274 0.76 # 1367683 # 1369284 # 1 # ID=1_1158;partial=00;start_type=ATG;rbs_motif=AGGA;rbs_spacer=5-10bp;gc_cont=0.280
1_1158               -            534 874197at2            -            274     0.008   13.1   0.2   3   4      0.23        32    1.3   0.0    84   120   321   360   310   367 0.77 # 1367683 # 1369284 # 1 # ID=1_1158;partial=00;start_type=ATG;rbs_motif=AGGA;rbs_spacer=5-10bp;gc_cont=0.280
1_1158               -            534 874197at2            -            274     0.008   13.1   0.2   4   4       1.9   2.7e+02   -1.8   0.0   142   158   400   416   396   442 0.78 # 1367683 # 1369284 # 1 # ID=1_1158;partial=00;start_type=ATG;rbs_motif=AGGA;rbs_spacer=5-10bp;gc_cont=0.280
1_837                -            886 874197at2            -            274    0.0085   13.0   0.0   1   2      0.15        21    1.9   0.0    36    69   127   161    96   173 0.76 # 1012580 # 1015237 # 1 # ID=1_837;partial=00;start_type=ATG;rbs_motif=GGAG/GAGG;rbs_spacer=5-10bp;gc_cont=0.264
1_837                -            886 874197at2            -            274    0.0085   13.0   0.0   2   2    0.0018      0.26    8.1   0.0    81   101   199   219   188   266 0.80 # 1012580 # 1015237 # 1 # ID=1_837;partial=00;start_type=ATG;rbs_motif=GGAG/GAGG;rbs_spacer=5-10bp;gc_cont=0.264
1_487                -            945 874197at2            -            274    0.0096   12.9   0.0   1   2     0.043       6.3    3.6   0.0    37    55   137   155   115   173 0.82 # 584699 # 587533 # -1 # ID=1_487;partial=00;start_type=ATG;rbs_motif=AGGA;rbs_spacer=5-10bp;gc_cont=0.282
1_487                -            945 874197at2            -            274    0.0096   12.9   0.0   2   2     0.005      0.72    6.7   0.0    86   108   213   238   201   264 0.81 # 584699 # 587533 # -1 # ID=1_487;partial=00;start_type=ATG;rbs_motif=AGGA;rbs_spacer=5-10bp;gc_cont=0.282
1_283                -            339 874197at2            -            274    0.0099   12.8   0.5   1   2   0.00015     0.021   11.7   0.2    30    58   138   166   111   188 0.66 # 341448 # 342464 # 1 # ID=1_283;partial=00;start_type=ATG;rbs_motif=GGA/GAG/AGG;rbs_spacer=5-10bp;gc_cont=0.271
1_283                -            339 874197at2            -            274    0.0099   12.8   0.5   2   2       3.1   4.4e+02   -2.4   0.0    77    98   211   232   205   262 0.66 # 341448 # 342464 # 1 # ID=1_283;partial=00;start_type=ATG;rbs_motif=GGA/GAG/AGG;rbs_spacer=5-10bp;gc_cont=0.271
1_2054               -            645 874197at2            -            274      0.01   12.8   0.1   1   2    0.0043      0.61    6.9   0.0    34    53   295   314   277   328 0.75 # 2293776 # 2295710 # -1 # ID=1_2054;partial=00;start_type=ATG;rbs_motif=AGGAG;rbs_spacer=5-10bp;gc_cont=0.256
1_2054               -            645 874197at2            -            274      0.01   12.8   0.1   2   2     0.051       7.4    3.4   0.1    86   167   430   524   424   534 0.63 # 2293776 # 2295710 # -1 # ID=1_2054;partial=00;start_type=ATG;rbs_motif=AGGAG;rbs_spacer=5-10bp;gc_cont=0.256
1_2978               -            251 874197at2            -            274     0.013   12.4   0.1   1   1   0.00014      0.02   11.8   0.1    35   127    34   124    21   136 0.79 # 3377795 # 3378547 # -1 # ID=1_2978;partial=00;start_type=ATG;rbs_motif=GGAGG;rbs_spacer=5-10bp;gc_cont=0.275
1_1852               -            312 874197at2            -            274     0.014   12.3   0.6   1   3   0.00025     0.036   11.0   0.0    38    79     7    48     2    69 0.74 # 2110837 # 2111772 # -1 # ID=1_1852;partial=00;start_type=ATG;rbs_motif=AGGA;rbs_spacer=5-10bp;gc_cont=0.270
1_1852               -            312 874197at2            -            274     0.014   12.3   0.6   2   3       5.4   7.8e+02   -3.3   0.0   200   225   114   143   106   144 0.62 # 2110837 # 2111772 # -1 # ID=1_1852;partial=00;start_type=ATG;rbs_motif=AGGA;rbs_spacer=5-10bp;gc_cont=0.270
1_1852               -            312 874197at2            -            274     0.014   12.3   0.6   3   3         4   5.8e+02   -2.8   0.0   101   125   201   224   199   228 0.73 # 2110837 # 2111772 # -1 # ID=1_1852;partial=00;start_type=ATG;rbs_motif=AGGA;rbs_spacer=5-10bp;gc_cont=0.270
#
# Program:         hmmsearch
# Version:         3.1b2 (February 2015)
# Pipeline mode:   SEARCH
# Query file:      /home/johngn/Microbial-Genomics-Journey-Workshop-2023/Reads_session_3/busco_downloads/lineages/bacteria_odb10/hmms/874197at2.hmm
# Target file:     /home/johngn/Microbial-Genomics-Journey-Workshop-2023/Reads_session_3/busco_op2/prodigal_output/predicted_genes/predicted.faa
# Option settings: hmmsearch --domtblout /home/johngn/Microbial-Genomics-Journey-Workshop-2023/Reads_session_3/busco_op2/run_bacteria_odb10/hmmer_output/874197at2.out --cpu 1 /home/johngn/Microbial-Genomics-Journey-Workshop-2023/Reads_session_3/busco_downloads/lineages/bacteria_odb10/hmms/874197at2.hmm /home/johngn/Microbial-Genomics-Journey-Workshop-2023/Reads_session_3/busco_op2/prodigal_output/predicted_genes/predicted.faa 
# Current dir:     /home/johngn/Microbial-Genomics-Journey-Workshop-2023/Reads_session_3
# Date:            Wed Mar  1 18:12:16 2023
# [ok]
