#                                                                            --- full sequence --- -------------- this domain -------------   hmm coord   ali coord   env coord
# target name        accession   tlen query name           accession   qlen   E-value  score  bias   #  of  c-Evalue  i-Evalue  score  bias  from    to  from    to  from    to  acc description of target
#------------------- ---------- ----- -------------------- ---------- ----- --------- ------ ----- --- --- --------- --------- ------ ----- ----- ----- ----- ----- ----- ----- ---- ---------------------
1_1168               -            880 91428at2             -            555  1.4e-164  546.2  32.7   1   5  3.7e-113  4.6e-110  366.2   7.6     2   329     5   435     4   440 0.80 # 1379723 # 1382362 # 1 # ID=1_1168;partial=00;start_type=ATG;rbs_motif=AGGAGG;rbs_spacer=5-10bp;gc_cont=0.315
1_1168               -            880 91428at2             -            555  1.4e-164  546.2  32.7   2   5   1.1e-07   0.00014   18.1   0.0   325   360   481   516   467   525 0.82 # 1379723 # 1382362 # 1 # ID=1_1168;partial=00;start_type=ATG;rbs_motif=AGGAGG;rbs_spacer=5-10bp;gc_cont=0.315
1_1168               -            880 91428at2             -            555  1.4e-164  546.2  32.7   3   5   2.7e-50   3.3e-47  158.7   3.3   357   481   561   704   556   743 0.82 # 1379723 # 1382362 # 1 # ID=1_1168;partial=00;start_type=ATG;rbs_motif=AGGAGG;rbs_spacer=5-10bp;gc_cont=0.315
1_1168               -            880 91428at2             -            555  1.4e-164  546.2  32.7   4   5     0.061        77   -0.9   0.1   477   512   730   765   714   802 0.83 # 1379723 # 1382362 # 1 # ID=1_1168;partial=00;start_type=ATG;rbs_motif=AGGAGG;rbs_spacer=5-10bp;gc_cont=0.315
1_1168               -            880 91428at2             -            555  1.4e-164  546.2  32.7   5   5   0.00054      0.68    5.9   3.0   535   554   839   858   766   859 0.80 # 1379723 # 1382362 # 1 # ID=1_1168;partial=00;start_type=ATG;rbs_motif=AGGAGG;rbs_spacer=5-10bp;gc_cont=0.315
1_2129               -            400 91428at2             -            555   2.7e-08   30.3   2.6   1   3   1.5e-05     0.019   11.0   0.0   333   356    27    50    19    59 0.87 # 2375980 # 2377179 # -1 # ID=1_2129;partial=00;start_type=ATG;rbs_motif=AGGA/GGAG/GAGG;rbs_spacer=11-12bp;gc_cont=0.287
1_2129               -            400 91428at2             -            555   2.7e-08   30.3   2.6   2   3   1.5e-05     0.018   11.0   0.0   431   480   178   227   148   269 0.82 # 2375980 # 2377179 # -1 # ID=1_2129;partial=00;start_type=ATG;rbs_motif=AGGA/GGAG/GAGG;rbs_spacer=11-12bp;gc_cont=0.287
1_2129               -            400 91428at2             -            555   2.7e-08   30.3   2.6   3   3   0.00029      0.37    6.8   0.2   490   555   314   380   298   380 0.70 # 2375980 # 2377179 # -1 # ID=1_2129;partial=00;start_type=ATG;rbs_motif=AGGA/GGAG/GAGG;rbs_spacer=11-12bp;gc_cont=0.287
1_2262               -            125 91428at2             -            555    0.0099   11.9   0.1   1   1   8.7e-06     0.011   11.8   0.1   228   288    40   104     6   108 0.74 # 2534348 # 2534722 # -1 # ID=1_2262;partial=00;start_type=ATG;rbs_motif=GGA/GAG/AGG;rbs_spacer=5-10bp;gc_cont=0.285
#
# Program:         hmmsearch
# Version:         3.1b2 (February 2015)
# Pipeline mode:   SEARCH
# Query file:      /home/johngn/Microbial-Genomics-Journey-Workshop-2023/Reads_session_3/busco_downloads/lineages/bacteria_odb10/hmms/91428at2.hmm
# Target file:     /home/johngn/Microbial-Genomics-Journey-Workshop-2023/Reads_session_3/busco_op2/prodigal_output/predicted_genes/predicted.faa
# Option settings: hmmsearch --domtblout /home/johngn/Microbial-Genomics-Journey-Workshop-2023/Reads_session_3/busco_op2/run_bacteria_odb10/hmmer_output/91428at2.out --cpu 1 /home/johngn/Microbial-Genomics-Journey-Workshop-2023/Reads_session_3/busco_downloads/lineages/bacteria_odb10/hmms/91428at2.hmm /home/johngn/Microbial-Genomics-Journey-Workshop-2023/Reads_session_3/busco_op2/prodigal_output/predicted_genes/predicted.faa 
# Current dir:     /home/johngn/Microbial-Genomics-Journey-Workshop-2023/Reads_session_3
# Date:            Wed Mar  8 16:57:26 2023
# [ok]
