#                                                                            --- full sequence --- -------------- this domain -------------   hmm coord   ali coord   env coord
# target name        accession   tlen query name           accession   qlen   E-value  score  bias   #  of  c-Evalue  i-Evalue  score  bias  from    to  from    to  from    to  acc description of target
#------------------- ---------- ----- -------------------- ---------- ----- --------- ------ ----- --- --- --------- --------- ------ ----- ----- ----- ----- ----- ----- ----- ---- ---------------------
1_3461               -            657 95696at2             -            490  5.9e-227  751.8  15.7   1   1  1.1e-227  4.4e-225  745.7  15.7     2   478    34   588    33   602 0.89 # 3913403 # 3915373 # -1 # ID=1_3461;partial=00;start_type=ATG;rbs_motif=AGGAG;rbs_spacer=5-10bp;gc_cont=0.314
1_3557               -           1129 95696at2             -            490   1.8e-14   51.0  14.7   1   3   3.7e-09   1.5e-06   24.9   4.4    90   251   119   298    37   312 0.59 # 4010299 # 4013685 # -1 # ID=1_3557;partial=00;start_type=ATG;rbs_motif=GGAG/GAGG;rbs_spacer=5-10bp;gc_cont=0.286
1_3557               -           1129 95696at2             -            490   1.8e-14   51.0  14.7   2   3   4.8e-05      0.02   11.3   0.2   322   417   651   750   630   765 0.79 # 4010299 # 4013685 # -1 # ID=1_3557;partial=00;start_type=ATG;rbs_motif=GGAG/GAGG;rbs_spacer=5-10bp;gc_cont=0.286
1_3557               -           1129 95696at2             -            490   1.8e-14   51.0  14.7   3   3   9.5e-08     4e-05   20.2   0.2   360   443   850   932   811   961 0.77 # 4010299 # 4013685 # -1 # ID=1_3557;partial=00;start_type=ATG;rbs_motif=GGAG/GAGG;rbs_spacer=5-10bp;gc_cont=0.286
1_2536               -            687 95696at2             -            490   9.5e-10   35.4   1.4   1   2    0.0003      0.12    8.7   0.0   351   422   325   398   302   408 0.85 # 2832770 # 2834830 # -1 # ID=1_2536;partial=00;start_type=TTG;rbs_motif=AGxAGG/AGGxGG;rbs_spacer=5-10bp;gc_cont=0.301
1_2536               -            687 95696at2             -            490   9.5e-10   35.4   1.4   2   2   2.3e-09   9.6e-07   25.5   0.3   354   454   499   596   478   610 0.82 # 2832770 # 2834830 # -1 # ID=1_2536;partial=00;start_type=TTG;rbs_motif=AGxAGG/AGGxGG;rbs_spacer=5-10bp;gc_cont=0.301
1_2151               -            498 95696at2             -            490   1.6e-09   34.7   1.3   1   3     0.034        14    1.9   0.0     5    45    47    93    43   133 0.68 # 2401330 # 2402823 # -1 # ID=1_2151;partial=00;start_type=ATG;rbs_motif=AGxAGG/AGGxGG;rbs_spacer=5-10bp;gc_cont=0.258
1_2151               -            498 95696at2             -            490   1.6e-09   34.7   1.3   2   3   7.8e-11   3.3e-08   30.4   0.2   337   440   246   346   237   363 0.83 # 2401330 # 2402823 # -1 # ID=1_2151;partial=00;start_type=ATG;rbs_motif=AGxAGG/AGGxGG;rbs_spacer=5-10bp;gc_cont=0.258
1_2151               -            498 95696at2             -            490   1.6e-09   34.7   1.3   3   3      0.43   1.8e+02   -1.7   0.0    64   104   353   393   350   411 0.81 # 2401330 # 2402823 # -1 # ID=1_2151;partial=00;start_type=ATG;rbs_motif=AGxAGG/AGGxGG;rbs_spacer=5-10bp;gc_cont=0.258
1_2564               -            830 95696at2             -            490   8.2e-09   32.4   0.1   1   2      0.01       4.2    3.6   0.0     3    48   310   358   308   368 0.79 # 2863035 # 2865524 # -1 # ID=1_2564;partial=00;start_type=ATG;rbs_motif=GGAG/GAGG;rbs_spacer=5-10bp;gc_cont=0.266
1_2564               -            830 95696at2             -            490   8.2e-09   32.4   0.1   2   2   1.8e-09   7.5e-07   25.9   0.0   361   447   596   693   578   712 0.67 # 2863035 # 2865524 # -1 # ID=1_2564;partial=00;start_type=ATG;rbs_motif=GGAG/GAGG;rbs_spacer=5-10bp;gc_cont=0.266
1_739                -            538 95696at2             -            490     4e-08   30.1   0.5   1   2      0.01       4.2    3.6   0.0     6    46    49    95    44   100 0.74 # 911557 # 913170 # 1 # ID=1_739;partial=00;start_type=ATG;rbs_motif=GGAG/GAGG;rbs_spacer=5-10bp;gc_cont=0.315
1_739                -            538 95696at2             -            490     4e-08   30.1   0.5   2   2   4.7e-09   1.9e-06   24.5   0.1   340   415   247   322   230   385 0.80 # 911557 # 913170 # 1 # ID=1_739;partial=00;start_type=ATG;rbs_motif=GGAG/GAGG;rbs_spacer=5-10bp;gc_cont=0.315
1_808                -            370 95696at2             -            490   1.5e-07   28.2   0.1   1   2     0.041        17    1.6   0.0     6    53    46    99    41   105 0.67 # 983676 # 984785 # -1 # ID=1_808;partial=00;start_type=ATG;rbs_motif=GGA/GAG/AGG;rbs_spacer=5-10bp;gc_cont=0.294
1_808                -            370 95696at2             -            490   1.5e-07   28.2   0.1   2   2   4.8e-09     2e-06   24.5   0.0   340   409   243   312   214   357 0.89 # 983676 # 984785 # -1 # ID=1_808;partial=00;start_type=ATG;rbs_motif=GGA/GAG/AGG;rbs_spacer=5-10bp;gc_cont=0.294
1_1611               -            828 95696at2             -            490   3.7e-06   23.6   0.0   1   2    0.0011      0.47    6.8   0.0   328   390    50   111    40   137 0.85 # 1860030 # 1862513 # 1 # ID=1_1611;partial=00;start_type=ATG;rbs_motif=AGGAG;rbs_spacer=5-10bp;gc_cont=0.272
1_1611               -            828 95696at2             -            490   3.7e-06   23.6   0.0   2   2   5.7e-06    0.0024   14.3   0.0   340   435   233   323   217   338 0.87 # 1860030 # 1862513 # 1 # ID=1_1611;partial=00;start_type=ATG;rbs_motif=AGGAG;rbs_spacer=5-10bp;gc_cont=0.272
1_2067               -            382 95696at2             -            490   2.4e-05   20.9   0.8   1   2     0.037        15    1.8   0.1     5    48    46    94    42   102 0.68 # 2308195 # 2309340 # 1 # ID=1_2067;partial=00;start_type=ATG;rbs_motif=AGGAG;rbs_spacer=5-10bp;gc_cont=0.278
1_2067               -            382 95696at2             -            490   2.4e-05   20.9   0.8   2   2   6.3e-07   0.00026   17.5   0.1   338   436   245   338   236   367 0.86 # 2308195 # 2309340 # 1 # ID=1_2067;partial=00;start_type=ATG;rbs_motif=AGGAG;rbs_spacer=5-10bp;gc_cont=0.278
#
# Program:         hmmsearch
# Version:         3.1b2 (February 2015)
# Pipeline mode:   SEARCH
# Query file:      /home/johngn/Microbial-Genomics-Journey-Workshop-2023/Reads_session_3/busco_downloads/lineages/bacteria_odb10/hmms/95696at2.hmm
# Target file:     /home/johngn/Microbial-Genomics-Journey-Workshop-2023/Reads_session_3/busco_op2/prodigal_output/predicted_genes/predicted.faa
# Option settings: hmmsearch --domtblout /home/johngn/Microbial-Genomics-Journey-Workshop-2023/Reads_session_3/busco_op2/run_bacteria_odb10/hmmer_output/95696at2.out --cpu 1 /home/johngn/Microbial-Genomics-Journey-Workshop-2023/Reads_session_3/busco_downloads/lineages/bacteria_odb10/hmms/95696at2.hmm /home/johngn/Microbial-Genomics-Journey-Workshop-2023/Reads_session_3/busco_op2/prodigal_output/predicted_genes/predicted.faa 
# Current dir:     /home/johngn/Microbial-Genomics-Journey-Workshop-2023/Reads_session_3
# Date:            Wed Mar  8 16:57:26 2023
# [ok]
