#                                                                            --- full sequence --- -------------- this domain -------------   hmm coord   ali coord   env coord
# target name        accession   tlen query name           accession   qlen   E-value  score  bias   #  of  c-Evalue  i-Evalue  score  bias  from    to  from    to  from    to  acc description of target
#------------------- ---------- ----- -------------------- ---------- ----- --------- ------ ----- --- --- --------- --------- ------ ----- ----- ----- ----- ----- ----- ----- ---- ---------------------
1_2414               -            298 984717at2            -            224   9.1e-67  222.6  13.3   1   2   8.2e-40   1.5e-37  127.0   1.6     1   113     6   134     6   140 0.81 # 2690167 # 2691060 # -1 # ID=1_2414;partial=00;start_type=ATG;rbs_motif=AGGAG;rbs_spacer=5-10bp;gc_cont=0.281
1_2414               -            298 984717at2            -            224   9.1e-67  222.6  13.3   2   2   2.3e-30   4.3e-28   96.1   4.5   118   217   166   284   131   294 0.83 # 2690167 # 2691060 # -1 # ID=1_2414;partial=00;start_type=ATG;rbs_motif=AGGAG;rbs_spacer=5-10bp;gc_cont=0.281
1_2613               -            442 984717at2            -            224   1.5e-33  113.9   5.6   1   2   1.1e-19   2.1e-17   61.1   0.2     1   110     7   133     7   137 0.75 # 2919230 # 2920555 # -1 # ID=1_2613;partial=00;start_type=ATG;rbs_motif=AGGAG;rbs_spacer=5-10bp;gc_cont=0.311
1_2613               -            442 984717at2            -            224   1.5e-33  113.9   5.6   2   2   1.1e-16     2e-14   51.4   1.2     2   107   181   305   180   375 0.73 # 2919230 # 2920555 # -1 # ID=1_2613;partial=00;start_type=ATG;rbs_motif=AGGAG;rbs_spacer=5-10bp;gc_cont=0.311
1_3738               -            460 984717at2            -            224   2.9e-16   57.4   2.5   1   1   3.5e-18   6.5e-16   56.3   2.5     3   109   225   345   223   387 0.80 # 4203745 # 4205124 # -1 # ID=1_3738;partial=00;start_type=TTG;rbs_motif=GGAG/GAGG;rbs_spacer=5-10bp;gc_cont=0.290
1_1144               -            299 984717at2            -            224   1.3e-10   38.9   0.3   1   2      0.09        17    2.6   0.1    62   105    26    79    18   126 0.73 # 1351216 # 1352112 # 1 # ID=1_1144;partial=00;start_type=GTG;rbs_motif=AGGAG;rbs_spacer=5-10bp;gc_cont=0.315
1_1144               -            299 984717at2            -            224   1.3e-10   38.9   0.3   2   2   1.7e-11   3.2e-09   34.4   0.0     2    64   136   196   135   225 0.88 # 1351216 # 1352112 # 1 # ID=1_1144;partial=00;start_type=GTG;rbs_motif=AGGAG;rbs_spacer=5-10bp;gc_cont=0.315
1_2120               -            403 984717at2            -            224   5.6e-10   36.8   2.6   1   2   6.9e-12   1.3e-09   35.7   0.7     2   115    14   143    13   159 0.76 # 2367075 # 2368283 # 1 # ID=1_2120;partial=00;start_type=ATG;rbs_motif=AGxAGG/AGGxGG;rbs_spacer=5-10bp;gc_cont=0.303
1_2120               -            403 984717at2            -            224   5.6e-10   36.8   2.6   2   2      0.44        82    0.3   0.0     2    78   224   302   206   340 0.65 # 2367075 # 2368283 # 1 # ID=1_2120;partial=00;start_type=ATG;rbs_motif=AGxAGG/AGGxGG;rbs_spacer=5-10bp;gc_cont=0.303
1_3338               -            204 984717at2            -            224     5e-08   30.5   0.0   1   2   5.8e-09   1.1e-06   26.1   0.0     2    61    26    84    25    91 0.83 # 3772449 # 3773060 # -1 # ID=1_3338;partial=00;start_type=ATG;rbs_motif=GGA/GAG/AGG;rbs_spacer=11-12bp;gc_cont=0.314
1_3338               -            204 984717at2            -            224     5e-08   30.5   0.0   2   2     0.099        18    2.4   0.0    73   116   135   177   110   195 0.74 # 3772449 # 3773060 # -1 # ID=1_3338;partial=00;start_type=ATG;rbs_motif=GGA/GAG/AGG;rbs_spacer=11-12bp;gc_cont=0.314
1_3312               -            649 984717at2            -            224   1.9e-07   28.5   0.1   1   1     2e-09   3.7e-07   27.6   0.0     2   100     4   104     3   124 0.82 # 3740756 # 3742702 # 1 # ID=1_3312;partial=00;start_type=GTG;rbs_motif=AGGAGG;rbs_spacer=5-10bp;gc_cont=0.312
1_766                -            428 984717at2            -            224   4.1e-07   27.5   1.2   1   1   3.3e-08   6.1e-06   23.6   1.2     2    99   204   315   203   365 0.65 # 939677 # 940960 # 1 # ID=1_766;partial=00;start_type=GTG;rbs_motif=GGAG/GAGG;rbs_spacer=5-10bp;gc_cont=0.305
1_1044               -            426 984717at2            -            224   3.7e-05   21.1   0.1   1   2   1.4e-06   0.00027   18.3   0.0     2    60   161   220   160   263 0.77 # 1253945 # 1255222 # 1 # ID=1_1044;partial=00;start_type=TTG;rbs_motif=AGxAGG/AGGxGG;rbs_spacer=5-10bp;gc_cont=0.347
1_1044               -            426 984717at2            -            224   3.7e-05   21.1   0.1   2   2      0.45        84    0.3   0.0    86   106   269   289   255   301 0.82 # 1253945 # 1255222 # 1 # ID=1_1044;partial=00;start_type=TTG;rbs_motif=AGxAGG/AGGxGG;rbs_spacer=5-10bp;gc_cont=0.347
1_1381               -            719 984717at2            -            224   4.1e-05   20.9   0.1   1   1   4.9e-07   9.2e-05   19.8   0.1     2    94     5   101     4   128 0.83 # 1604801 # 1606957 # 1 # ID=1_1381;partial=00;start_type=ATG;rbs_motif=GGAGG;rbs_spacer=5-10bp;gc_cont=0.320
1_2178               -            424 984717at2            -            224   7.1e-05   20.2   1.8   1   2       2.5   4.7e+02   -2.2   0.1    62   116    60   112    54   116 0.72 # 2433406 # 2434677 # -1 # ID=1_2178;partial=00;start_type=ATG;rbs_motif=AGGAG;rbs_spacer=5-10bp;gc_cont=0.281
1_2178               -            424 984717at2            -            224   7.1e-05   20.2   1.8   2   2   7.3e-07   0.00014   19.2   0.3     2    84   198   293   197   378 0.70 # 2433406 # 2434677 # -1 # ID=1_2178;partial=00;start_type=ATG;rbs_motif=AGGAG;rbs_spacer=5-10bp;gc_cont=0.281
1_1421               -            707 984717at2            -            224   7.5e-05   20.1   0.0   1   1   6.8e-07   0.00013   19.3   0.0     2   104    28   133    27   150 0.69 # 1648530 # 1650650 # -1 # ID=1_1421;partial=00;start_type=ATG;rbs_motif=AGGAGG;rbs_spacer=5-10bp;gc_cont=0.308
1_3394               -            356 984717at2            -            224   0.00015   19.1   0.0   1   1   1.7e-06   0.00033   18.0   0.0     2    58   202   263   201   279 0.80 # 3828421 # 3829488 # -1 # ID=1_3394;partial=00;start_type=ATG;rbs_motif=AGGAGG;rbs_spacer=5-10bp;gc_cont=0.350
1_1197               -            647 984717at2            -            224   0.00044   17.6   0.6   1   1   6.8e-06    0.0013   16.0   0.6     2   103   151   259   150   275 0.69 # 1409464 # 1411404 # 1 # ID=1_1197;partial=00;start_type=GTG;rbs_motif=AGxAGG/AGGxGG;rbs_spacer=5-10bp;gc_cont=0.337
1_2643               -            366 984717at2            -            224   0.00065   17.0   0.6   1   2   1.1e-05    0.0021   15.3   0.1     3    20     4    21     2    26 0.89 # 2950643 # 2951740 # 1 # ID=1_2643;partial=00;start_type=ATG;rbs_motif=GGAG/GAGG;rbs_spacer=5-10bp;gc_cont=0.312
1_2643               -            366 984717at2            -            224   0.00065   17.0   0.6   2   2       2.4   4.6e+02   -2.1   0.1    61    89   220   248   213   255 0.67 # 2950643 # 2951740 # 1 # ID=1_2643;partial=00;start_type=ATG;rbs_motif=GGAG/GAGG;rbs_spacer=5-10bp;gc_cont=0.312
1_2079               -            608 984717at2            -            224    0.0038   14.5   0.1   1   2     0.056        11    3.2   0.0     2    22    10    30     9    44 0.91 # 2322496 # 2324319 # 1 # ID=1_2079;partial=00;start_type=ATG;rbs_motif=GGAG/GAGG;rbs_spacer=5-10bp;gc_cont=0.327
1_2079               -            608 984717at2            -            224    0.0038   14.5   0.1   2   2    0.0011       0.2    8.8   0.0    39   107    63   138    50   151 0.70 # 2322496 # 2324319 # 1 # ID=1_2079;partial=00;start_type=ATG;rbs_motif=GGAG/GAGG;rbs_spacer=5-10bp;gc_cont=0.327
1_2554               -            295 984717at2            -            224     0.004   14.4   0.0   1   2      0.79   1.5e+02   -0.5   0.1    76   108    91   124    63   155 0.68 # 2853044 # 2853928 # -1 # ID=1_2554;partial=00;start_type=ATG;rbs_motif=GGAGG;rbs_spacer=5-10bp;gc_cont=0.286
1_2554               -            295 984717at2            -            224     0.004   14.4   0.0   2   2    0.0001     0.019   12.2   0.0     2    63   161   227   160   242 0.73 # 2853044 # 2853928 # -1 # ID=1_2554;partial=00;start_type=ATG;rbs_motif=GGAGG;rbs_spacer=5-10bp;gc_cont=0.286
1_852                -            252 984717at2            -            224     0.015   12.5   0.6   1   2    0.0002     0.038   11.2   0.1     1    21    34    54    34    83 0.87 # 1028574 # 1029329 # -1 # ID=1_852;partial=00;start_type=ATG;rbs_motif=GGAG/GAGG;rbs_spacer=5-10bp;gc_cont=0.291
1_852                -            252 984717at2            -            224     0.015   12.5   0.6   2   2         1   1.9e+02   -0.9   0.0   129   149   179   199   155   239 0.62 # 1028574 # 1029329 # -1 # ID=1_852;partial=00;start_type=ATG;rbs_motif=GGAG/GAGG;rbs_spacer=5-10bp;gc_cont=0.291
1_3385               -            513 984717at2            -            224     0.068   10.4   2.8   1   3    0.0054         1    6.6   0.1     2    24    32    54    31    56 0.90 # 3816797 # 3818335 # 1 # ID=1_3385;partial=00;start_type=ATG;rbs_motif=AGGAG;rbs_spacer=5-10bp;gc_cont=0.294
1_3385               -            513 984717at2            -            224     0.068   10.4   2.8   2   3       1.2   2.3e+02   -1.1   0.0    99   133    95   130    80   136 0.81 # 3816797 # 3818335 # 1 # ID=1_3385;partial=00;start_type=ATG;rbs_motif=AGGAG;rbs_spacer=5-10bp;gc_cont=0.294
1_3385               -            513 984717at2            -            224     0.068   10.4   2.8   3   3     0.095        18    2.5   0.0     2    21   349   368   348   378 0.86 # 3816797 # 3818335 # 1 # ID=1_3385;partial=00;start_type=ATG;rbs_motif=AGGAG;rbs_spacer=5-10bp;gc_cont=0.294
1_1300               -            663 984717at2            -            224       0.4    7.9   4.5   1   2      0.12        22    2.2   0.3     2    32    55    85    54    97 0.77 # 1514838 # 1516826 # -1 # ID=1_1300;partial=00;start_type=GTG;rbs_motif=GGAG/GAGG;rbs_spacer=5-10bp;gc_cont=0.293
1_1300               -            663 984717at2            -            224       0.4    7.9   4.5   2   2    0.0044      0.83    6.8   0.5     2    21   369   388   368   390 0.89 # 1514838 # 1516826 # -1 # ID=1_1300;partial=00;start_type=GTG;rbs_motif=GGAG/GAGG;rbs_spacer=5-10bp;gc_cont=0.293
#
# Program:         hmmsearch
# Version:         3.1b2 (February 2015)
# Pipeline mode:   SEARCH
# Query file:      /home/johngn/Microbial-Genomics-Journey-Workshop-2023/Reads_session_3/busco_downloads/lineages/bacteria_odb10/hmms/984717at2.hmm
# Target file:     /home/johngn/Microbial-Genomics-Journey-Workshop-2023/Reads_session_3/busco_op2/prodigal_output/predicted_genes/predicted.faa
# Option settings: hmmsearch --domtblout /home/johngn/Microbial-Genomics-Journey-Workshop-2023/Reads_session_3/busco_op2/run_bacteria_odb10/hmmer_output/984717at2.out --cpu 1 /home/johngn/Microbial-Genomics-Journey-Workshop-2023/Reads_session_3/busco_downloads/lineages/bacteria_odb10/hmms/984717at2.hmm /home/johngn/Microbial-Genomics-Journey-Workshop-2023/Reads_session_3/busco_op2/prodigal_output/predicted_genes/predicted.faa 
# Current dir:     /home/johngn/Microbial-Genomics-Journey-Workshop-2023/Reads_session_3
# Date:            Wed Mar  1 18:12:17 2023
# [ok]
