#                                                                            --- full sequence --- -------------- this domain -------------   hmm coord   ali coord   env coord
# target name        accession   tlen query name           accession   qlen   E-value  score  bias   #  of  c-Evalue  i-Evalue  score  bias  from    to  from    to  from    to  acc description of target
#------------------- ---------- ----- -------------------- ---------- ----- --------- ------ ----- --- --- --------- --------- ------ ----- ----- ----- ----- ----- ----- ----- ---- ---------------------
1_1022               -            195 100675at186802       -            123   1.7e-37  125.8   2.3   1   3     6e-07   0.00074   17.2   0.0     1    29     3    34     3    43 0.85 # 1233433 # 1234017 # 1 # ID=1_1022;partial=00;start_type=ATG;rbs_motif=GGAG/GAGG;rbs_spacer=5-10bp;gc_cont=0.313
1_1022               -            195 100675at186802       -            123   1.7e-37  125.8   2.3   2   3   7.5e-17   9.4e-14   49.2   0.1    29    80    56   111    39   126 0.82 # 1233433 # 1234017 # 1 # ID=1_1022;partial=00;start_type=ATG;rbs_motif=GGAG/GAGG;rbs_spacer=5-10bp;gc_cont=0.313
1_1022               -            195 100675at186802       -            123   1.7e-37  125.8   2.3   3   3   8.8e-20   1.1e-16   58.6   0.1    78   123   132   178   114   178 0.89 # 1233433 # 1234017 # 1 # ID=1_1022;partial=00;start_type=ATG;rbs_motif=GGAG/GAGG;rbs_spacer=5-10bp;gc_cont=0.313
1_3461               -            657 100675at186802       -            123     0.011   13.4   0.4   1   2       0.2   2.4e+02   -0.6   0.0    28    57   127   156   113   175 0.79 # 3913403 # 3915373 # -1 # ID=1_3461;partial=00;start_type=ATG;rbs_motif=AGGAG;rbs_spacer=5-10bp;gc_cont=0.314
1_3461               -            657 100675at186802       -            123     0.011   13.4   0.4   2   2     8e-05       0.1   10.3   0.2    32   101   543   611   528   618 0.90 # 3913403 # 3915373 # -1 # ID=1_3461;partial=00;start_type=ATG;rbs_motif=AGGAG;rbs_spacer=5-10bp;gc_cont=0.314
1_2783               -            632 100675at186802       -            123     0.068   10.9   3.0   1   3      0.51   6.4e+02   -2.0   0.0    69   109    11    54     1    67 0.64 # 3146814 # 3148709 # -1 # ID=1_2783;partial=00;start_type=ATG;rbs_motif=GGAGG;rbs_spacer=5-10bp;gc_cont=0.305
1_2783               -            632 100675at186802       -            123     0.068   10.9   3.0   2   3   9.8e-05      0.12   10.0   0.1    61    97   105   141    85   148 0.87 # 3146814 # 3148709 # -1 # ID=1_2783;partial=00;start_type=ATG;rbs_motif=GGAGG;rbs_spacer=5-10bp;gc_cont=0.305
1_2783               -            632 100675at186802       -            123     0.068   10.9   3.0   3   3      0.32     4e+02   -1.3   0.0    31    48   344   361   321   378 0.67 # 3146814 # 3148709 # -1 # ID=1_2783;partial=00;start_type=ATG;rbs_motif=GGAGG;rbs_spacer=5-10bp;gc_cont=0.305
#
# Program:         hmmsearch
# Version:         3.1b2 (February 2015)
# Pipeline mode:   SEARCH
# Query file:      /home/johngn/Microbial-Genomics-Journey-Workshop-2023/Reads_session_3/busco_downloads/lineages/clostridiales_odb10/hmms/100675at186802.hmm
# Target file:     /home/johngn/Microbial-Genomics-Journey-Workshop-2023/Reads_session_3/busco_op3/prodigal_output/predicted_genes/predicted.faa
# Option settings: hmmsearch --domtblout /home/johngn/Microbial-Genomics-Journey-Workshop-2023/Reads_session_3/busco_op3/run_clostridiales_odb10/hmmer_output/100675at186802.out --cpu 1 /home/johngn/Microbial-Genomics-Journey-Workshop-2023/Reads_session_3/busco_downloads/lineages/clostridiales_odb10/hmms/100675at186802.hmm /home/johngn/Microbial-Genomics-Journey-Workshop-2023/Reads_session_3/busco_op3/prodigal_output/predicted_genes/predicted.faa 
# Current dir:     /home/johngn/Microbial-Genomics-Journey-Workshop-2023/Reads_session_3
# Date:            Wed Mar  1 18:12:39 2023
# [ok]
