#                                                                            --- full sequence --- -------------- this domain -------------   hmm coord   ali coord   env coord
# target name        accession   tlen query name           accession   qlen   E-value  score  bias   #  of  c-Evalue  i-Evalue  score  bias  from    to  from    to  from    to  acc description of target
#------------------- ---------- ----- -------------------- ---------- ----- --------- ------ ----- --- --- --------- --------- ------ ----- ----- ----- ----- ----- ----- ----- ---- ---------------------
1_1007               -            201 101191at186802       -            147   1.8e-31  107.0   8.0   1   1   1.5e-31   3.6e-29   99.5   8.0     1   141     1   185     1   191 0.76 # 1220898 # 1221500 # 1 # ID=1_1007;partial=00;start_type=ATG;rbs_motif=AGxAGG/AGGxGG;rbs_spacer=5-10bp;gc_cont=0.305
1_3683               -            206 101191at186802       -            147   0.00014   19.7   0.1   1   2   2.1e-06    0.0005   17.9   0.0     3    64    29    92    28    98 0.88 # 4146480 # 4147097 # -1 # ID=1_3683;partial=00;start_type=ATG;rbs_motif=AGGAG/GGAGG;rbs_spacer=11-12bp;gc_cont=0.256
1_3683               -            206 101191at186802       -            147   0.00014   19.7   0.1   2   2       2.5   5.9e+02   -1.8   0.0    21    31   149   160   140   198 0.70 # 4146480 # 4147097 # -1 # ID=1_3683;partial=00;start_type=ATG;rbs_motif=AGGAG/GGAGG;rbs_spacer=11-12bp;gc_cont=0.256
1_951                -            287 101191at186802       -            147   0.00056   17.7   0.0   1   1   6.1e-06    0.0014   16.4   0.0     3    55    28    79    27    86 0.87 # 1165738 # 1166598 # 1 # ID=1_951;partial=00;start_type=GTG;rbs_motif=GGAG/GAGG;rbs_spacer=5-10bp;gc_cont=0.272
1_3385               -            513 101191at186802       -            147    0.0019   16.0   5.4   1   3   0.00044       0.1   10.4   0.2     4    25    32    53    30    61 0.88 # 3816797 # 3818335 # 1 # ID=1_3385;partial=00;start_type=ATG;rbs_motif=AGGAG;rbs_spacer=5-10bp;gc_cont=0.294
1_3385               -            513 101191at186802       -            147    0.0019   16.0   5.4   2   3       1.8   4.2e+02   -1.3   0.3   102   135   245   278   242   285 0.74 # 3816797 # 3818335 # 1 # ID=1_3385;partial=00;start_type=ATG;rbs_motif=AGGAG;rbs_spacer=5-10bp;gc_cont=0.294
1_3385               -            513 101191at186802       -            147    0.0019   16.0   5.4   3   3     0.006       1.4    6.7   0.0     3    25   348   370   347   396 0.76 # 3816797 # 3818335 # 1 # ID=1_3385;partial=00;start_type=ATG;rbs_motif=AGGAG;rbs_spacer=5-10bp;gc_cont=0.294
1_1300               -            663 101191at186802       -            147    0.0025   15.6   6.0   1   3       2.9   6.7e+02   -2.0   0.0    12    26     3    17     1    42 0.80 # 1514838 # 1516826 # -1 # ID=1_1300;partial=00;start_type=GTG;rbs_motif=GGAG/GAGG;rbs_spacer=5-10bp;gc_cont=0.293
1_1300               -            663 101191at186802       -            147    0.0025   15.6   6.0   2   3    0.0021       0.5    8.2   0.7     3    22    54    73    53    85 0.90 # 1514838 # 1516826 # -1 # ID=1_1300;partial=00;start_type=GTG;rbs_motif=GGAG/GAGG;rbs_spacer=5-10bp;gc_cont=0.293
1_1300               -            663 101191at186802       -            147    0.0025   15.6   6.0   3   3    0.0015      0.36    8.6   0.1     3    24   368   389   366   392 0.90 # 1514838 # 1516826 # -1 # ID=1_1300;partial=00;start_type=GTG;rbs_motif=GGAG/GAGG;rbs_spacer=5-10bp;gc_cont=0.293
1_3588               -            238 101191at186802       -            147     0.003   15.4   0.5   1   2     8e-05     0.019   12.8   0.3     3    25    39    61    38    72 0.87 # 4046479 # 4047192 # -1 # ID=1_3588;partial=00;start_type=ATG;rbs_motif=GGxGG;rbs_spacer=11-12bp;gc_cont=0.296
1_3588               -            238 101191at186802       -            147     0.003   15.4   0.5   2   2      0.76   1.8e+02   -0.1   0.0    17    43    99   127    97   136 0.85 # 4046479 # 4047192 # -1 # ID=1_3588;partial=00;start_type=ATG;rbs_motif=GGxGG;rbs_spacer=11-12bp;gc_cont=0.296
1_110                -            278 101191at186802       -            147    0.0051   14.6   0.2   1   2   0.00024     0.055   11.3   0.0     4    71    37   105    35   112 0.83 # 125471 # 126304 # 1 # ID=1_110;partial=00;start_type=ATG;rbs_motif=AGGAG;rbs_spacer=5-10bp;gc_cont=0.306
1_110                -            278 101191at186802       -            147    0.0051   14.6   0.2   2   2      0.52   1.2e+02    0.4   0.1    99   120   185   206   154   223 0.60 # 125471 # 126304 # 1 # ID=1_110;partial=00;start_type=ATG;rbs_motif=AGGAG;rbs_spacer=5-10bp;gc_cont=0.306
1_170                -            221 101191at186802       -            147    0.0053   14.6   0.4   1   2    0.0001     0.024   12.4   0.1     4    57    36    93    34   122 0.71 # 218096 # 218758 # 1 # ID=1_170;partial=00;start_type=ATG;rbs_motif=AGGAG;rbs_spacer=5-10bp;gc_cont=0.273
1_170                -            221 101191at186802       -            147    0.0053   14.6   0.4   2   2      0.87     2e+02   -0.3   0.0   103   132   183   212   158   215 0.71 # 218096 # 218758 # 1 # ID=1_170;partial=00;start_type=ATG;rbs_motif=AGGAG;rbs_spacer=5-10bp;gc_cont=0.273
1_3589               -            289 101191at186802       -            147    0.0066   14.3   0.0   1   1   6.2e-05     0.015   13.2   0.0     3    21    67    85    66   113 0.92 # 4047233 # 4048099 # -1 # ID=1_3589;partial=00;start_type=ATG;rbs_motif=AGGAGG;rbs_spacer=5-10bp;gc_cont=0.308
1_1832               -            229 101191at186802       -            147    0.0093   13.8   1.4   1   3   0.00052      0.12   10.2   0.3     5    57    37    93    34   110 0.69 # 2089608 # 2090294 # -1 # ID=1_1832;partial=00;start_type=ATG;rbs_motif=AGGAG;rbs_spacer=5-10bp;gc_cont=0.320
1_1832               -            229 101191at186802       -            147    0.0093   13.8   1.4   2   3      0.46   1.1e+02    0.6   0.0    60    89   112   141   109   159 0.80 # 2089608 # 2090294 # -1 # ID=1_1832;partial=00;start_type=ATG;rbs_motif=AGGAG;rbs_spacer=5-10bp;gc_cont=0.320
1_1832               -            229 101191at186802       -            147    0.0093   13.8   1.4   3   3       0.8   1.9e+02   -0.2   0.0    64    94   192   222   163   224 0.65 # 2089608 # 2090294 # -1 # ID=1_1832;partial=00;start_type=ATG;rbs_motif=AGGAG;rbs_spacer=5-10bp;gc_cont=0.320
1_1365               -            226 101191at186802       -            147      0.01   13.7   0.2   1   1   0.00011     0.026   12.4   0.2     3    21    35    53    33    58 0.91 # 1581021 # 1581698 # 1 # ID=1_1365;partial=00;start_type=ATG;rbs_motif=GGAGG;rbs_spacer=5-10bp;gc_cont=0.294
1_1436               -            256 101191at186802       -            147      0.01   13.7   1.1   1   1    0.0001     0.024   12.4   0.7     3    23    36    56    35   103 0.82 # 1665636 # 1666403 # 1 # ID=1_1436;partial=00;start_type=ATG;rbs_motif=GGA/GAG/AGG;rbs_spacer=11-12bp;gc_cont=0.290
1_1406               -            292 101191at186802       -            147     0.015   13.2   1.8   1   2    0.0003     0.069   11.0   0.1     2    27    31    56    30    61 0.92 # 1631011 # 1631886 # 1 # ID=1_1406;partial=00;start_type=ATG;rbs_motif=AGGAGG;rbs_spacer=5-10bp;gc_cont=0.249
1_1406               -            292 101191at186802       -            147     0.015   13.2   1.8   2   2      0.33        77    1.1   0.2    37    96   155   213   145   241 0.64 # 1631011 # 1631886 # 1 # ID=1_1406;partial=00;start_type=ATG;rbs_motif=AGGAGG;rbs_spacer=5-10bp;gc_cont=0.249
1_1803               -            200 101191at186802       -            147     0.019   12.8   0.2   1   1   0.00017      0.04   11.7   0.2     3    23    37    57    36    74 0.91 # 2059721 # 2060320 # -1 # ID=1_1803;partial=00;start_type=ATG;rbs_motif=AGxAGG/AGGxGG;rbs_spacer=5-10bp;gc_cont=0.288
1_111                -            289 101191at186802       -            147     0.021   12.6   0.1   1   1   0.00021     0.048   11.5   0.1     3    22    35    54    33    58 0.90 # 126292 # 127158 # 1 # ID=1_111;partial=00;start_type=ATG;rbs_motif=3Base/5BMM;rbs_spacer=13-15bp;gc_cont=0.319
1_3449               -            286 101191at186802       -            147     0.022   12.6   0.1   1   2   0.00029     0.068   11.0   0.0     1    30     1    31     1    43 0.85 # 3895527 # 3896384 # -1 # ID=1_3449;partial=00;start_type=ATG;rbs_motif=GGAGG;rbs_spacer=5-10bp;gc_cont=0.300
1_3449               -            286 101191at186802       -            147     0.022   12.6   0.1   2   2       4.1   9.6e+02   -2.5   0.0   124   146   129   153   118   154 0.61 # 3895527 # 3896384 # -1 # ID=1_3449;partial=00;start_type=ATG;rbs_motif=GGAGG;rbs_spacer=5-10bp;gc_cont=0.300
#
# Program:         hmmsearch
# Version:         3.1b2 (February 2015)
# Pipeline mode:   SEARCH
# Query file:      /home/johngn/Microbial-Genomics-Journey-Workshop-2023/Reads_session_3/busco_downloads/lineages/clostridiales_odb10/hmms/101191at186802.hmm
# Target file:     /home/johngn/Microbial-Genomics-Journey-Workshop-2023/Reads_session_3/busco_op3/prodigal_output/predicted_genes/predicted.faa
# Option settings: hmmsearch --domtblout /home/johngn/Microbial-Genomics-Journey-Workshop-2023/Reads_session_3/busco_op3/run_clostridiales_odb10/hmmer_output/101191at186802.out --cpu 1 /home/johngn/Microbial-Genomics-Journey-Workshop-2023/Reads_session_3/busco_downloads/lineages/clostridiales_odb10/hmms/101191at186802.hmm /home/johngn/Microbial-Genomics-Journey-Workshop-2023/Reads_session_3/busco_op3/prodigal_output/predicted_genes/predicted.faa 
# Current dir:     /home/johngn/Microbial-Genomics-Journey-Workshop-2023/Reads_session_3
# Date:            Wed Mar  8 16:58:03 2023
# [ok]
