#                                                                            --- full sequence --- -------------- this domain -------------   hmm coord   ali coord   env coord
# target name        accession   tlen query name           accession   qlen   E-value  score  bias   #  of  c-Evalue  i-Evalue  score  bias  from    to  from    to  from    to  acc description of target
#------------------- ---------- ----- -------------------- ---------- ----- --------- ------ ----- --- --- --------- --------- ------ ----- ----- ----- ----- ----- ----- ----- ---- ---------------------
1_2309               -            500 10283at186802        -            400  4.3e-142  471.3   0.5   1   1  9.3e-144    5e-141  467.8   0.5     1   399     9   496     9   497 0.89 # 2576070 # 2577569 # 1 # ID=1_2309;partial=00;start_type=ATG;rbs_motif=AGGAG;rbs_spacer=5-10bp;gc_cont=0.343
1_1061               -            310 10283at186802        -            400     1e-05   22.2  10.1   1   3   1.4e-05    0.0075   12.8   0.3    27    78     8    60     3    96 0.69 # 1272106 # 1273035 # 1 # ID=1_1061;partial=00;start_type=ATG;rbs_motif=AGGAG;rbs_spacer=5-10bp;gc_cont=0.357
1_1061               -            310 10283at186802        -            400     1e-05   22.2  10.1   2   3   0.00011     0.059    9.8   5.8   242   304   123   185    75   201 0.67 # 1272106 # 1273035 # 1 # ID=1_1061;partial=00;start_type=ATG;rbs_motif=AGGAG;rbs_spacer=5-10bp;gc_cont=0.357
1_1061               -            310 10283at186802        -            400     1e-05   22.2  10.1   3   3     0.061        33    0.8   0.0   182   226   191   236   185   253 0.76 # 1272106 # 1273035 # 1 # ID=1_1061;partial=00;start_type=ATG;rbs_motif=AGGAG;rbs_spacer=5-10bp;gc_cont=0.357
1_1217               -            521 10283at186802        -            400   0.00012   18.6   4.8   1   1   3.6e-07   0.00019   18.0   4.8    87   210    97   216    71   262 0.80 # 1432047 # 1433609 # 1 # ID=1_1217;partial=00;start_type=TTG;rbs_motif=None;rbs_spacer=None;gc_cont=0.330
1_3519               -            154 10283at186802        -            400   0.00063   16.3   8.1   1   2   2.1e-05     0.011   12.2   0.8   127   165     6    47     1    65 0.75 # 3977546 # 3978007 # -1 # ID=1_3519;partial=00;start_type=ATG;rbs_motif=AGGAG;rbs_spacer=5-10bp;gc_cont=0.273
1_3519               -            154 10283at186802        -            400   0.00063   16.3   8.1   2   2   0.00057      0.31    7.5   3.0   120   169    89   145    47   152 0.64 # 3977546 # 3978007 # -1 # ID=1_3519;partial=00;start_type=ATG;rbs_motif=AGGAG;rbs_spacer=5-10bp;gc_cont=0.273
1_1393               -            264 10283at186802        -            400     0.014   11.8   1.5   1   1   3.7e-05      0.02   11.4   1.5   133   221   126   223   113   250 0.70 # 1615980 # 1616771 # 1 # ID=1_1393;partial=00;start_type=ATG;rbs_motif=AGxAGG/AGGxGG;rbs_spacer=5-10bp;gc_cont=0.287
1_1149               -            339 10283at186802        -            400     0.034   10.6   9.1   1   2    0.0001     0.055    9.9   6.8   217   308   194   292    42   305 0.73 # 1359854 # 1360870 # 1 # ID=1_1149;partial=00;start_type=ATG;rbs_motif=GGxGG;rbs_spacer=5-10bp;gc_cont=0.333
1_1149               -            339 10283at186802        -            400     0.034   10.6   9.1   2   2     0.084        45    0.3   0.0   346   373   305   332   295   336 0.77 # 1359854 # 1360870 # 1 # ID=1_1149;partial=00;start_type=ATG;rbs_motif=GGxGG;rbs_spacer=5-10bp;gc_cont=0.333
1_3196               -            587 10283at186802        -            400       0.1    9.0   8.2   1   1    0.0011      0.59    6.5   8.2    74   167     6   118     3   131 0.69 # 3650581 # 3652341 # -1 # ID=1_3196;partial=00;start_type=ATG;rbs_motif=AGxAGG/AGGxGG;rbs_spacer=5-10bp;gc_cont=0.288
#
# Program:         hmmsearch
# Version:         3.1b2 (February 2015)
# Pipeline mode:   SEARCH
# Query file:      /home/johngn/Microbial-Genomics-Journey-Workshop-2023/Reads_session_3/busco_downloads/lineages/clostridiales_odb10/hmms/10283at186802.hmm
# Target file:     /home/johngn/Microbial-Genomics-Journey-Workshop-2023/Reads_session_3/busco_op3/prodigal_output/predicted_genes/predicted.faa
# Option settings: hmmsearch --domtblout /home/johngn/Microbial-Genomics-Journey-Workshop-2023/Reads_session_3/busco_op3/run_clostridiales_odb10/hmmer_output/10283at186802.out --cpu 1 /home/johngn/Microbial-Genomics-Journey-Workshop-2023/Reads_session_3/busco_downloads/lineages/clostridiales_odb10/hmms/10283at186802.hmm /home/johngn/Microbial-Genomics-Journey-Workshop-2023/Reads_session_3/busco_op3/prodigal_output/predicted_genes/predicted.faa 
# Current dir:     /home/johngn/Microbial-Genomics-Journey-Workshop-2023/Reads_session_3
# Date:            Wed Mar  8 16:58:03 2023
# [ok]
