#                                                                            --- full sequence --- -------------- this domain -------------   hmm coord   ali coord   env coord
# target name        accession   tlen query name           accession   qlen   E-value  score  bias   #  of  c-Evalue  i-Evalue  score  bias  from    to  from    to  from    to  acc description of target
#------------------- ---------- ----- -------------------- ---------- ----- --------- ------ ----- --- --- --------- --------- ------ ----- ----- ----- ----- ----- ----- ----- ---- ---------------------
1_2499               -            807 1036at186802         -            602  2.8e-232  770.0  31.7   1   2  5.5e-220  5.1e-217  719.6  12.9     1   514     9   637     9   643 0.85 # 2788386 # 2790806 # -1 # ID=1_2499;partial=00;start_type=ATG;rbs_motif=AGGAGG;rbs_spacer=5-10bp;gc_cont=0.318
1_2499               -            807 1036at186802         -            602  2.8e-232  770.0  31.7   2   2   4.5e-17   4.2e-14   49.4  10.8   499   602   649   806   645   806 0.66 # 2788386 # 2790806 # -1 # ID=1_2499;partial=00;start_type=ATG;rbs_motif=AGGAGG;rbs_spacer=5-10bp;gc_cont=0.318
1_3207               -            889 1036at186802         -            602   9.2e-46  154.0  14.8   1   6   3.2e-16     3e-13   46.6   0.5    12   146    36   196    25   206 0.76 # 3665667 # 3668333 # -1 # ID=1_3207;partial=00;start_type=ATG;rbs_motif=AGGAGG;rbs_spacer=5-10bp;gc_cont=0.318
1_3207               -            889 1036at186802         -            602   9.2e-46  154.0  14.8   2   6   6.7e-11   6.3e-08   29.1   0.0   204   307   215   300   210   339 0.74 # 3665667 # 3668333 # -1 # ID=1_3207;partial=00;start_type=ATG;rbs_motif=AGGAGG;rbs_spacer=5-10bp;gc_cont=0.318
1_3207               -            889 1036at186802         -            602   9.2e-46  154.0  14.8   3   6   2.8e-05     0.027   10.5   0.1   144   193   344   397   335   400 0.74 # 3665667 # 3668333 # -1 # ID=1_3207;partial=00;start_type=ATG;rbs_motif=AGGAGG;rbs_spacer=5-10bp;gc_cont=0.318
1_3207               -            889 1036at186802         -            602   9.2e-46  154.0  14.8   4   6   1.8e-21   1.7e-18   64.0   0.9   330   503   400   576   392   624 0.76 # 3665667 # 3668333 # -1 # ID=1_3207;partial=00;start_type=ATG;rbs_motif=AGGAGG;rbs_spacer=5-10bp;gc_cont=0.318
1_3207               -            889 1036at186802         -            602   9.2e-46  154.0  14.8   5   6    0.0083       7.8    2.3   0.1   527   550   680   703   656   737 0.78 # 3665667 # 3668333 # -1 # ID=1_3207;partial=00;start_type=ATG;rbs_motif=AGGAGG;rbs_spacer=5-10bp;gc_cont=0.318
1_3207               -            889 1036at186802         -            602   9.2e-46  154.0  14.8   6   6      0.42   3.9e+02   -3.3   0.0   233   263   814   844   805   846 0.82 # 3665667 # 3668333 # -1 # ID=1_3207;partial=00;start_type=ATG;rbs_motif=AGGAGG;rbs_spacer=5-10bp;gc_cont=0.318
1_2595               -           1039 1036at186802         -            602   4.2e-40  135.3  16.0   1   5   3.7e-16   3.4e-13   46.4   1.4    34   168    68   227    54   252 0.72 # 2897618 # 2900734 # -1 # ID=1_2595;partial=00;start_type=GTG;rbs_motif=AGxAGG/AGGxGG;rbs_spacer=5-10bp;gc_cont=0.308
1_2595               -           1039 1036at186802         -            602   4.2e-40  135.3  16.0   2   5   1.2e-08   1.1e-05   21.6   0.1   260   320   297   359   259   382 0.76 # 2897618 # 2900734 # -1 # ID=1_2595;partial=00;start_type=GTG;rbs_motif=AGxAGG/AGGxGG;rbs_spacer=5-10bp;gc_cont=0.308
1_2595               -           1039 1036at186802         -            602   4.2e-40  135.3  16.0   3   5   3.7e-05     0.035   10.1   0.2   128   182   370   427   363   443 0.83 # 2897618 # 2900734 # -1 # ID=1_2595;partial=00;start_type=GTG;rbs_motif=AGxAGG/AGGxGG;rbs_spacer=5-10bp;gc_cont=0.308
1_2595               -           1039 1036at186802         -            602   4.2e-40  135.3  16.0   4   5   4.7e-21   4.4e-18   62.6   0.1   330   484   443   626   434   653 0.74 # 2897618 # 2900734 # -1 # ID=1_2595;partial=00;start_type=GTG;rbs_motif=AGxAGG/AGGxGG;rbs_spacer=5-10bp;gc_cont=0.308
1_2595               -           1039 1036at186802         -            602   4.2e-40  135.3  16.0   5   5     0.044        42   -0.1   0.0   532   550   755   773   734   784 0.83 # 2897618 # 2900734 # -1 # ID=1_2595;partial=00;start_type=GTG;rbs_motif=AGxAGG/AGGxGG;rbs_spacer=5-10bp;gc_cont=0.308
1_3595               -            646 1036at186802         -            602   5.9e-30  101.8   1.8   1   2   1.8e-23   1.7e-20   70.6   0.2    12   177     3   175     1   198 0.83 # 4052228 # 4054165 # -1 # ID=1_3595;partial=00;start_type=ATG;rbs_motif=AGGAGG;rbs_spacer=5-10bp;gc_cont=0.313
1_3595               -            646 1036at186802         -            602   5.9e-30  101.8   1.8   2   2   2.1e-11     2e-08   30.7   0.1   406   498   241   346   220   385 0.79 # 4052228 # 4054165 # -1 # ID=1_3595;partial=00;start_type=ATG;rbs_motif=AGGAGG;rbs_spacer=5-10bp;gc_cont=0.313
#
# Program:         hmmsearch
# Version:         3.1b2 (February 2015)
# Pipeline mode:   SEARCH
# Query file:      /home/johngn/Microbial-Genomics-Journey-Workshop-2023/Reads_session_3/busco_downloads/lineages/clostridiales_odb10/hmms/1036at186802.hmm
# Target file:     /home/johngn/Microbial-Genomics-Journey-Workshop-2023/Reads_session_3/busco_op3/prodigal_output/predicted_genes/predicted.faa
# Option settings: hmmsearch --domtblout /home/johngn/Microbial-Genomics-Journey-Workshop-2023/Reads_session_3/busco_op3/run_clostridiales_odb10/hmmer_output/1036at186802.out --cpu 1 /home/johngn/Microbial-Genomics-Journey-Workshop-2023/Reads_session_3/busco_downloads/lineages/clostridiales_odb10/hmms/1036at186802.hmm /home/johngn/Microbial-Genomics-Journey-Workshop-2023/Reads_session_3/busco_op3/prodigal_output/predicted_genes/predicted.faa 
# Current dir:     /home/johngn/Microbial-Genomics-Journey-Workshop-2023/Reads_session_3
# Date:            Wed Mar  8 16:58:03 2023
# [ok]
