#                                                                            --- full sequence --- -------------- this domain -------------   hmm coord   ali coord   env coord
# target name        accession   tlen query name           accession   qlen   E-value  score  bias   #  of  c-Evalue  i-Evalue  score  bias  from    to  from    to  from    to  acc description of target
#------------------- ---------- ----- -------------------- ---------- ----- --------- ------ ----- --- --- --------- --------- ------ ----- ----- ----- ----- ----- ----- ----- ---- ---------------------
1_3736               -            240 105050at186802       -            181   5.2e-66  219.3   0.5   1   1   1.5e-67   1.9e-64  214.2   0.5     3   181    21   238    19   238 0.84 # 4201043 # 4201762 # -1 # ID=1_3736;partial=00;start_type=GTG;rbs_motif=AGxAGG/AGGxGG;rbs_spacer=5-10bp;gc_cont=0.294
1_3476               -            192 105050at186802       -            181     0.019   12.2   0.1   1   2   0.00014      0.17    9.1   0.0    42    84    29    71    13    89 0.84 # 3935578 # 3936153 # -1 # ID=1_3476;partial=00;start_type=ATG;rbs_motif=None;rbs_spacer=None;gc_cont=0.280
1_3476               -            192 105050at186802       -            181     0.019   12.2   0.1   2   2     0.045        56    0.9   0.0   124   167    97   143    91   151 0.73 # 3935578 # 3936153 # -1 # ID=1_3476;partial=00;start_type=ATG;rbs_motif=None;rbs_spacer=None;gc_cont=0.280
1_3460               -            942 105050at186802       -            181      0.76    7.0   5.9   1   4      0.81     1e+03   -3.2   0.2    13    47   191   228   189   230 0.71 # 3910559 # 3913384 # -1 # ID=1_3460;partial=00;start_type=ATG;rbs_motif=3Base/5BMM;rbs_spacer=13-15bp;gc_cont=0.313
1_3460               -            942 105050at186802       -            181      0.76    7.0   5.9   2   4   0.00082         1    6.6   0.1    32    58   544   570   531   578 0.87 # 3910559 # 3913384 # -1 # ID=1_3460;partial=00;start_type=ATG;rbs_motif=3Base/5BMM;rbs_spacer=13-15bp;gc_cont=0.313
1_3460               -            942 105050at186802       -            181      0.76    7.0   5.9   3   4       1.1   1.4e+03   -3.7   0.0   113   144   810   841   809   847 0.81 # 3910559 # 3913384 # -1 # ID=1_3460;partial=00;start_type=ATG;rbs_motif=3Base/5BMM;rbs_spacer=13-15bp;gc_cont=0.313
1_3460               -            942 105050at186802       -            181      0.76    7.0   5.9   4   4     0.017        21    2.3   0.1    30    55   884   909   870   924 0.86 # 3910559 # 3913384 # -1 # ID=1_3460;partial=00;start_type=ATG;rbs_motif=3Base/5BMM;rbs_spacer=13-15bp;gc_cont=0.313
#
# Program:         hmmsearch
# Version:         3.1b2 (February 2015)
# Pipeline mode:   SEARCH
# Query file:      /home/johngn/Microbial-Genomics-Journey-Workshop-2023/Reads_session_3/busco_downloads/lineages/clostridiales_odb10/hmms/105050at186802.hmm
# Target file:     /home/johngn/Microbial-Genomics-Journey-Workshop-2023/Reads_session_3/busco_op3/prodigal_output/predicted_genes/predicted.faa
# Option settings: hmmsearch --domtblout /home/johngn/Microbial-Genomics-Journey-Workshop-2023/Reads_session_3/busco_op3/run_clostridiales_odb10/hmmer_output/105050at186802.out --cpu 1 /home/johngn/Microbial-Genomics-Journey-Workshop-2023/Reads_session_3/busco_downloads/lineages/clostridiales_odb10/hmms/105050at186802.hmm /home/johngn/Microbial-Genomics-Journey-Workshop-2023/Reads_session_3/busco_op3/prodigal_output/predicted_genes/predicted.faa 
# Current dir:     /home/johngn/Microbial-Genomics-Journey-Workshop-2023/Reads_session_3
# Date:            Wed Mar  8 16:58:03 2023
# [ok]
