#                                                                            --- full sequence --- -------------- this domain -------------   hmm coord   ali coord   env coord
# target name        accession   tlen query name           accession   qlen   E-value  score  bias   #  of  c-Evalue  i-Evalue  score  bias  from    to  from    to  from    to  acc description of target
#------------------- ---------- ----- -------------------- ---------- ----- --------- ------ ----- --- --- --------- --------- ------ ----- ----- ----- ----- ----- ----- ----- ---- ---------------------
1_1057               -             59 112636at186802       -             49   3.9e-23   78.8   5.9   1   1   5.5e-26   5.1e-23   78.4   5.9     1    49     3    56     3    56 0.97 # 1269012 # 1269188 # 1 # ID=1_1057;partial=00;start_type=ATG;rbs_motif=AGGAGG;rbs_spacer=5-10bp;gc_cont=0.379
1_2384               -             82 112636at186802       -             49    0.0032   15.1   1.7   1   3   3.5e-06    0.0032   15.1   1.7    22    42     1    24     1    29 0.82 # 2656815 # 2657060 # -1 # ID=1_2384;partial=00;start_type=TTG;rbs_motif=GGAGG;rbs_spacer=5-10bp;gc_cont=0.350
1_2384               -             82 112636at186802       -             49    0.0032   15.1   1.7   2   3    0.0034       3.1    5.5   2.5    17    32    43    58    37    60 0.77 # 2656815 # 2657060 # -1 # ID=1_2384;partial=00;start_type=TTG;rbs_motif=GGAGG;rbs_spacer=5-10bp;gc_cont=0.350
1_2384               -             82 112636at186802       -             49    0.0032   15.1   1.7   3   3       1.8   1.7e+03   -3.2   0.0    20    25    67    72    65    73 0.74 # 2656815 # 2657060 # -1 # ID=1_2384;partial=00;start_type=TTG;rbs_motif=GGAGG;rbs_spacer=5-10bp;gc_cont=0.350
1_2247               -            709 112636at186802       -             49     0.047   11.3   5.6   1   2     0.026        24    2.6   0.1    22    31   589   598   576   601 0.58 # 2513938 # 2516064 # -1 # ID=1_2247;partial=00;start_type=ATG;rbs_motif=AGGA/GGAG/GAGG;rbs_spacer=11-12bp;gc_cont=0.297
1_2247               -            709 112636at186802       -             49     0.047   11.3   5.6   2   2   0.00025      0.24    9.1   1.8    12    33   618   639   613   641 0.88 # 2513938 # 2516064 # -1 # ID=1_2247;partial=00;start_type=ATG;rbs_motif=AGGA/GGAG/GAGG;rbs_spacer=11-12bp;gc_cont=0.297
1_1001               -             74 112636at186802       -             49       4.5    5.0  15.7   1   3    0.0007      0.65    7.7   0.5    23    32     6    15     2    18 0.75 # 1214292 # 1214513 # 1 # ID=1_1001;partial=00;start_type=ATG;rbs_motif=AGGAGG;rbs_spacer=5-10bp;gc_cont=0.270
1_1001               -             74 112636at186802       -             49       4.5    5.0  15.7   2   3   0.00091      0.85    7.3   1.3    22    42    29    49    25    54 0.89 # 1214292 # 1214513 # 1 # ID=1_1001;partial=00;start_type=ATG;rbs_motif=AGGAGG;rbs_spacer=5-10bp;gc_cont=0.270
1_1001               -             74 112636at186802       -             49       4.5    5.0  15.7   3   3      0.37   3.5e+02   -1.1   1.2    25    31    66    72    61    73 0.71 # 1214292 # 1214513 # 1 # ID=1_1001;partial=00;start_type=ATG;rbs_motif=AGGAGG;rbs_spacer=5-10bp;gc_cont=0.270
#
# Program:         hmmsearch
# Version:         3.1b2 (February 2015)
# Pipeline mode:   SEARCH
# Query file:      /home/johngn/Microbial-Genomics-Journey-Workshop-2023/Reads_session_3/busco_downloads/lineages/clostridiales_odb10/hmms/112636at186802.hmm
# Target file:     /home/johngn/Microbial-Genomics-Journey-Workshop-2023/Reads_session_3/busco_op3/prodigal_output/predicted_genes/predicted.faa
# Option settings: hmmsearch --domtblout /home/johngn/Microbial-Genomics-Journey-Workshop-2023/Reads_session_3/busco_op3/run_clostridiales_odb10/hmmer_output/112636at186802.out --cpu 1 /home/johngn/Microbial-Genomics-Journey-Workshop-2023/Reads_session_3/busco_downloads/lineages/clostridiales_odb10/hmms/112636at186802.hmm /home/johngn/Microbial-Genomics-Journey-Workshop-2023/Reads_session_3/busco_op3/prodigal_output/predicted_genes/predicted.faa 
# Current dir:     /home/johngn/Microbial-Genomics-Journey-Workshop-2023/Reads_session_3
# Date:            Wed Mar  8 16:58:04 2023
# [ok]
