#                                                                            --- full sequence --- -------------- this domain -------------   hmm coord   ali coord   env coord
# target name        accession   tlen query name           accession   qlen   E-value  score  bias   #  of  c-Evalue  i-Evalue  score  bias  from    to  from    to  from    to  acc description of target
#------------------- ---------- ----- -------------------- ---------- ----- --------- ------ ----- --- --- --------- --------- ------ ----- ----- ----- ----- ----- ----- ----- ---- ---------------------
1_2724               -            421 11595at186802        -            336   1.3e-87  291.9   3.5   1   1   2.1e-89     2e-86  287.9   3.5     1   335     6   409     6   410 0.78 # 3057366 # 3058628 # -1 # ID=1_2724;partial=00;start_type=ATG;rbs_motif=GGAG/GAGG;rbs_spacer=5-10bp;gc_cont=0.302
1_1453               -            315 11595at186802        -            336   1.2e-15   55.3   6.9   1   1   7.9e-18   7.4e-15   52.7   6.9    10   266    14   308     9   313 0.76 # 1685885 # 1686829 # 1 # ID=1_1453;partial=00;start_type=GTG;rbs_motif=GGAG/GAGG;rbs_spacer=5-10bp;gc_cont=0.256
1_545                -            640 11595at186802        -            336    0.0031   14.4   0.2   1   3    0.0095       8.9    3.1   0.0     7    61   112   175   110   218 0.75 # 655660 # 657579 # 1 # ID=1_545;partial=00;start_type=ATG;rbs_motif=AGGAGG;rbs_spacer=5-10bp;gc_cont=0.320
1_545                -            640 11595at186802        -            336    0.0031   14.4   0.2   2   3   0.00038      0.36    7.7   0.0    13    68   274   330   260   449 0.85 # 655660 # 657579 # 1 # ID=1_545;partial=00;start_type=ATG;rbs_motif=AGGAGG;rbs_spacer=5-10bp;gc_cont=0.320
1_545                -            640 11595at186802        -            336    0.0031   14.4   0.2   3   3      0.27   2.6e+02   -1.7   0.0   274   317   539   586   533   601 0.63 # 655660 # 657579 # 1 # ID=1_545;partial=00;start_type=ATG;rbs_motif=AGGAGG;rbs_spacer=5-10bp;gc_cont=0.320
1_2723               -            596 11595at186802        -            336     0.011   12.7   0.0   1   3      0.19   1.7e+02   -1.2   0.0    13    35   150   172   147   174 0.91 # 3055505 # 3057292 # -1 # ID=1_2723;partial=00;start_type=TTG;rbs_motif=GGAGG;rbs_spacer=5-10bp;gc_cont=0.320
1_2723               -            596 11595at186802        -            336     0.011   12.7   0.0   2   3   0.00092      0.86    6.4   0.0    83   126   221   266   212   294 0.76 # 3055505 # 3057292 # -1 # ID=1_2723;partial=00;start_type=TTG;rbs_motif=GGAGG;rbs_spacer=5-10bp;gc_cont=0.320
1_2723               -            596 11595at186802        -            336     0.011   12.7   0.0   3   3     0.021        20    1.9   0.0   250   272   528   550   522   577 0.85 # 3055505 # 3057292 # -1 # ID=1_2723;partial=00;start_type=TTG;rbs_motif=GGAGG;rbs_spacer=5-10bp;gc_cont=0.320
#
# Program:         hmmsearch
# Version:         3.1b2 (February 2015)
# Pipeline mode:   SEARCH
# Query file:      /home/johngn/Microbial-Genomics-Journey-Workshop-2023/Reads_session_3/busco_downloads/lineages/clostridiales_odb10/hmms/11595at186802.hmm
# Target file:     /home/johngn/Microbial-Genomics-Journey-Workshop-2023/Reads_session_3/busco_op3/prodigal_output/predicted_genes/predicted.faa
# Option settings: hmmsearch --domtblout /home/johngn/Microbial-Genomics-Journey-Workshop-2023/Reads_session_3/busco_op3/run_clostridiales_odb10/hmmer_output/11595at186802.out --cpu 1 /home/johngn/Microbial-Genomics-Journey-Workshop-2023/Reads_session_3/busco_downloads/lineages/clostridiales_odb10/hmms/11595at186802.hmm /home/johngn/Microbial-Genomics-Journey-Workshop-2023/Reads_session_3/busco_op3/prodigal_output/predicted_genes/predicted.faa 
# Current dir:     /home/johngn/Microbial-Genomics-Journey-Workshop-2023/Reads_session_3
# Date:            Wed Mar  8 16:58:04 2023
# [ok]
