#                                                                            --- full sequence --- -------------- this domain -------------   hmm coord   ali coord   env coord
# target name        accession   tlen query name           accession   qlen   E-value  score  bias   #  of  c-Evalue  i-Evalue  score  bias  from    to  from    to  from    to  acc description of target
#------------------- ---------- ----- -------------------- ---------- ----- --------- ------ ----- --- --- --------- --------- ------ ----- ----- ----- ----- ----- ----- ----- ---- ---------------------
1_3609               -            510 11876at186802        -            370  3.9e-155  514.2  13.9   1   2    2e-114  2.6e-111  370.0   4.8    11   270    45   339    23   367 0.85 # 4070521 # 4072050 # -1 # ID=1_3609;partial=00;start_type=ATG;rbs_motif=GGAGG;rbs_spacer=5-10bp;gc_cont=0.303
1_3609               -            510 11876at186802        -            370  3.9e-155  514.2  13.9   2   2   7.4e-46   9.3e-43  144.4   1.8   267   370   369   497   341   497 0.82 # 4070521 # 4072050 # -1 # ID=1_3609;partial=00;start_type=ATG;rbs_motif=GGAGG;rbs_spacer=5-10bp;gc_cont=0.303
1_2723               -            596 11876at186802        -            370   2.7e-33  113.3   0.0   1   2   1.8e-25   2.3e-22   77.3   0.1    12   263     9   288     1   301 0.76 # 3055505 # 3057292 # -1 # ID=1_2723;partial=00;start_type=TTG;rbs_motif=GGAGG;rbs_spacer=5-10bp;gc_cont=0.320
1_2723               -            596 11876at186802        -            370   2.7e-33  113.3   0.0   2   2   9.4e-12   1.2e-08   32.2   0.0   329   368   523   562   511   564 0.91 # 3055505 # 3057292 # -1 # ID=1_2723;partial=00;start_type=TTG;rbs_motif=GGAGG;rbs_spacer=5-10bp;gc_cont=0.320
1_2216               -            466 11876at186802        -            370     8e-16   55.8   6.0   1   3   8.1e-06      0.01   12.7   0.1    20   155    15   167     8   186 0.68 # 2472213 # 2473610 # -1 # ID=1_2216;partial=00;start_type=ATG;rbs_motif=AGGAGG;rbs_spacer=5-10bp;gc_cont=0.324
1_2216               -            466 11876at186802        -            370     8e-16   55.8   6.0   2   3   1.3e-08   1.6e-05   21.9   1.7   186   289   218   332   198   389 0.76 # 2472213 # 2473610 # -1 # ID=1_2216;partial=00;start_type=ATG;rbs_motif=AGGAGG;rbs_spacer=5-10bp;gc_cont=0.324
1_2216               -            466 11876at186802        -            370     8e-16   55.8   6.0   3   3   4.2e-08   5.3e-05   20.2   0.0   326   368   413   458   397   460 0.80 # 2472213 # 2473610 # -1 # ID=1_2216;partial=00;start_type=ATG;rbs_motif=AGGAGG;rbs_spacer=5-10bp;gc_cont=0.324
#
# Program:         hmmsearch
# Version:         3.1b2 (February 2015)
# Pipeline mode:   SEARCH
# Query file:      /home/johngn/Microbial-Genomics-Journey-Workshop-2023/Reads_session_3/busco_downloads/lineages/clostridiales_odb10/hmms/11876at186802.hmm
# Target file:     /home/johngn/Microbial-Genomics-Journey-Workshop-2023/Reads_session_3/busco_op3/prodigal_output/predicted_genes/predicted.faa
# Option settings: hmmsearch --domtblout /home/johngn/Microbial-Genomics-Journey-Workshop-2023/Reads_session_3/busco_op3/run_clostridiales_odb10/hmmer_output/11876at186802.out --cpu 1 /home/johngn/Microbial-Genomics-Journey-Workshop-2023/Reads_session_3/busco_downloads/lineages/clostridiales_odb10/hmms/11876at186802.hmm /home/johngn/Microbial-Genomics-Journey-Workshop-2023/Reads_session_3/busco_op3/prodigal_output/predicted_genes/predicted.faa 
# Current dir:     /home/johngn/Microbial-Genomics-Journey-Workshop-2023/Reads_session_3
# Date:            Wed Mar  1 18:12:40 2023
# [ok]
