#                                                                            --- full sequence --- -------------- this domain -------------   hmm coord   ali coord   env coord
# target name        accession   tlen query name           accession   qlen   E-value  score  bias   #  of  c-Evalue  i-Evalue  score  bias  from    to  from    to  from    to  acc description of target
#------------------- ---------- ----- -------------------- ---------- ----- --------- ------ ----- --- --- --------- --------- ------ ----- ----- ----- ----- ----- ----- ----- ---- ---------------------
1_2445               -            602 12978at186802        -            518  2.1e-265  878.8   9.9   1   1  1.5e-266  5.8e-264  874.0   9.9     2   518     8   600     7   600 0.92 # 2723398 # 2725203 # -1 # ID=1_2445;partial=00;start_type=GTG;rbs_motif=AGGAGG;rbs_spacer=5-10bp;gc_cont=0.335
1_76                 -            689 12978at186802        -            518   6.2e-36  121.7   0.0   1   2   1.1e-27     4e-25   86.0   0.0     2   139    10   147     9   164 0.86 # 105787 # 107853 # 1 # ID=1_76;partial=00;start_type=ATG;rbs_motif=AGGAGG;rbs_spacer=5-10bp;gc_cont=0.364
1_76                 -            689 12978at186802        -            518   6.2e-36  121.7   0.0   2   2   1.4e-11   5.1e-09   32.9   0.0   217   347   359   490   295   496 0.71 # 105787 # 107853 # 1 # ID=1_76;partial=00;start_type=ATG;rbs_motif=AGGAGG;rbs_spacer=5-10bp;gc_cont=0.364
1_2079               -            608 12978at186802        -            518   1.5e-34  117.1   5.5   1   2   5.6e-37   2.1e-34  116.6   2.8     1   234     6   257     6   281 0.80 # 2322496 # 2324319 # 1 # ID=1_2079;partial=00;start_type=ATG;rbs_motif=GGAG/GAGG;rbs_spacer=5-10bp;gc_cont=0.327
1_2079               -            608 12978at186802        -            518   1.5e-34  117.1   5.5   2   2     0.082        31    0.6   0.0   274   362   332   418   324   434 0.66 # 2322496 # 2324319 # 1 # ID=1_2079;partial=00;start_type=ATG;rbs_motif=GGAG/GAGG;rbs_spacer=5-10bp;gc_cont=0.327
1_25                 -            643 12978at186802        -            518   1.6e-19   67.5   5.1   1   2   1.3e-13   4.8e-11   39.5   0.1    63   142    57   135     9   190 0.78 # 43647 # 45575 # 1 # ID=1_25;partial=00;start_type=ATG;rbs_motif=AGxAGG/AGGxGG;rbs_spacer=5-10bp;gc_cont=0.306
1_25                 -            643 12978at186802        -            518   1.6e-19   67.5   5.1   2   2   4.1e-10   1.5e-07   28.0   1.4   145   343   215   438   197   447 0.71 # 43647 # 45575 # 1 # ID=1_25;partial=00;start_type=ATG;rbs_motif=AGxAGG/AGGxGG;rbs_spacer=5-10bp;gc_cont=0.306
1_63                 -            398 12978at186802        -            518   1.4e-17   61.1   0.1   1   1     8e-20     3e-17   60.0   0.1     4   257    14   286    12   293 0.72 # 90753 # 91946 # 1 # ID=1_63;partial=00;start_type=ATG;rbs_motif=GGAGG;rbs_spacer=5-10bp;gc_cont=0.370
1_77                 -            398 12978at186802        -            518   1.4e-17   61.1   0.1   1   1     8e-20     3e-17   60.0   0.1     4   257    14   286    12   293 0.72 # 107946 # 109139 # 1 # ID=1_77;partial=00;start_type=ATG;rbs_motif=GGAGG;rbs_spacer=5-10bp;gc_cont=0.371
1_1197               -            647 12978at186802        -            518   4.7e-14   49.5   3.6   1   1   1.9e-15     7e-13   45.6   3.6    49   219   180   358   150   376 0.76 # 1409464 # 1411404 # 1 # ID=1_1197;partial=00;start_type=GTG;rbs_motif=AGxAGG/AGGxGG;rbs_spacer=5-10bp;gc_cont=0.337
1_2613               -            442 12978at186802        -            518   1.5e-08   31.3   1.2   1   2   8.9e-05     0.033   10.4   0.0    93   179    88   170    54   184 0.86 # 2919230 # 2920555 # -1 # ID=1_2613;partial=00;start_type=ATG;rbs_motif=AGGAG;rbs_spacer=5-10bp;gc_cont=0.311
1_2613               -            442 12978at186802        -            518   1.5e-08   31.3   1.2   2   2   1.1e-07   4.2e-05   19.9   0.2    80   171   247   346   199   366 0.74 # 2919230 # 2920555 # -1 # ID=1_2613;partial=00;start_type=ATG;rbs_motif=AGGAG;rbs_spacer=5-10bp;gc_cont=0.311
1_2554               -            295 12978at186802        -            518    0.0004   16.7   0.1   1   1   1.3e-06   0.00048   16.4   0.1   112   247    99   235    69   265 0.76 # 2853044 # 2853928 # -1 # ID=1_2554;partial=00;start_type=ATG;rbs_motif=GGAGG;rbs_spacer=5-10bp;gc_cont=0.286
1_2120               -            403 12978at186802        -            518     0.001   15.4   1.6   1   1   4.3e-06    0.0016   14.7   1.6    88   181    88   178    62   186 0.79 # 2367075 # 2368283 # 1 # ID=1_2120;partial=00;start_type=ATG;rbs_motif=AGxAGG/AGGxGG;rbs_spacer=5-10bp;gc_cont=0.303
#
# Program:         hmmsearch
# Version:         3.1b2 (February 2015)
# Pipeline mode:   SEARCH
# Query file:      /home/johngn/Microbial-Genomics-Journey-Workshop-2023/Reads_session_3/busco_downloads/lineages/clostridiales_odb10/hmms/12978at186802.hmm
# Target file:     /home/johngn/Microbial-Genomics-Journey-Workshop-2023/Reads_session_3/busco_op3/prodigal_output/predicted_genes/predicted.faa
# Option settings: hmmsearch --domtblout /home/johngn/Microbial-Genomics-Journey-Workshop-2023/Reads_session_3/busco_op3/run_clostridiales_odb10/hmmer_output/12978at186802.out --cpu 1 /home/johngn/Microbial-Genomics-Journey-Workshop-2023/Reads_session_3/busco_downloads/lineages/clostridiales_odb10/hmms/12978at186802.hmm /home/johngn/Microbial-Genomics-Journey-Workshop-2023/Reads_session_3/busco_op3/prodigal_output/predicted_genes/predicted.faa 
# Current dir:     /home/johngn/Microbial-Genomics-Journey-Workshop-2023/Reads_session_3
# Date:            Wed Mar  1 18:12:40 2023
# [ok]
