#                                                                            --- full sequence --- -------------- this domain -------------   hmm coord   ali coord   env coord
# target name        accession   tlen query name           accession   qlen   E-value  score  bias   #  of  c-Evalue  i-Evalue  score  bias  from    to  from    to  from    to  acc description of target
#------------------- ---------- ----- -------------------- ---------- ----- --------- ------ ----- --- --- --------- --------- ------ ----- ----- ----- ----- ----- ----- ----- ---- ---------------------
1_942                -           1276 13102at186802        -            525  2.8e-127  423.1  32.2   1   7   1.3e-40   8.1e-38  127.9   0.0     4   131    17   165    15   209 0.86 # 1150034 # 1153861 # 1 # ID=1_942;partial=00;start_type=GTG;rbs_motif=AGGAG;rbs_spacer=5-10bp;gc_cont=0.280
1_942                -           1276 13102at186802        -            525  2.8e-127  423.1  32.2   2   7   2.8e-38   1.8e-35  120.2  11.3   129   243   355   502   303   513 0.74 # 1150034 # 1153861 # 1 # ID=1_942;partial=00;start_type=GTG;rbs_motif=AGGAG;rbs_spacer=5-10bp;gc_cont=0.280
1_942                -           1276 13102at186802        -            525  2.8e-127  423.1  32.2   3   7   2.1e-17   1.3e-14   51.4   0.0   231   361   579   723   574   746 0.74 # 1150034 # 1153861 # 1 # ID=1_942;partial=00;start_type=GTG;rbs_motif=AGGAG;rbs_spacer=5-10bp;gc_cont=0.280
1_942                -           1276 13102at186802        -            525  2.8e-127  423.1  32.2   4   7   5.6e-27   3.5e-24   82.9   0.0   327   427   746   865   734   870 0.80 # 1150034 # 1153861 # 1 # ID=1_942;partial=00;start_type=GTG;rbs_motif=AGGAG;rbs_spacer=5-10bp;gc_cont=0.280
1_942                -           1276 13102at186802        -            525  2.8e-127  423.1  32.2   5   7   8.3e-12   5.2e-09   32.8   0.0   427   460   897   930   878   939 0.77 # 1150034 # 1153861 # 1 # ID=1_942;partial=00;start_type=GTG;rbs_motif=AGGAG;rbs_spacer=5-10bp;gc_cont=0.280
1_942                -           1276 13102at186802        -            525  2.8e-127  423.1  32.2   6   7     0.013         8    2.5   0.0   463   482  1095  1114  1071  1120 0.81 # 1150034 # 1153861 # 1 # ID=1_942;partial=00;start_type=GTG;rbs_motif=AGGAG;rbs_spacer=5-10bp;gc_cont=0.280
1_942                -           1276 13102at186802        -            525  2.8e-127  423.1  32.2   7   7   6.6e-05     0.041   10.1   2.6   483   524  1195  1252  1174  1253 0.71 # 1150034 # 1153861 # 1 # ID=1_942;partial=00;start_type=GTG;rbs_motif=AGGAG;rbs_spacer=5-10bp;gc_cont=0.280
1_341                -            755 13102at186802        -            525   2.9e-68  228.4  20.3   1   3   2.3e-21   1.4e-18   64.4   0.1     6   110    19   126    15   178 0.76 # 404207 # 406471 # 1 # ID=1_341;partial=00;start_type=ATG;rbs_motif=AGGAGG;rbs_spacer=5-10bp;gc_cont=0.301
1_341                -            755 13102at186802        -            525   2.9e-68  228.4  20.3   2   3   3.3e-29   2.1e-26   90.3  10.8   126   317   169   411   153   440 0.74 # 404207 # 406471 # 1 # ID=1_341;partial=00;start_type=ATG;rbs_motif=AGGAGG;rbs_spacer=5-10bp;gc_cont=0.301
1_341                -            755 13102at186802        -            525   2.9e-68  228.4  20.3   3   3   2.8e-24   1.7e-21   74.0   0.4   350   459   511   631   435   665 0.71 # 404207 # 406471 # 1 # ID=1_341;partial=00;start_type=ATG;rbs_motif=AGGAGG;rbs_spacer=5-10bp;gc_cont=0.301
1_727                -            688 13102at186802        -            525   1.7e-48  163.2  30.4   1   2   9.1e-34   5.7e-31  105.3  20.9     9   366    30   466    26   483 0.67 # 893761 # 895824 # 1 # ID=1_727;partial=00;start_type=GTG;rbs_motif=None;rbs_spacer=None;gc_cont=0.273
1_727                -            688 13102at186802        -            525   1.7e-48  163.2  30.4   2   2   1.3e-17   8.4e-15   52.0   2.1   357   455   497   611   466   621 0.67 # 893761 # 895824 # 1 # ID=1_727;partial=00;start_type=GTG;rbs_motif=None;rbs_spacer=None;gc_cont=0.273
1_939                -            740 13102at186802        -            525   3.9e-37  125.7  10.5   1   4   3.4e-13   2.1e-10   37.4   0.0     7   107    20   127    16   157 0.80 # 1143419 # 1145638 # 1 # ID=1_939;partial=00;start_type=ATG;rbs_motif=AGGAG;rbs_spacer=5-10bp;gc_cont=0.271
1_939                -            740 13102at186802        -            525   3.9e-37  125.7  10.5   2   4   9.7e-17   6.1e-14   49.1   3.5   131   247   205   339   171   401 0.80 # 1143419 # 1145638 # 1 # ID=1_939;partial=00;start_type=ATG;rbs_motif=AGGAG;rbs_spacer=5-10bp;gc_cont=0.271
1_939                -            740 13102at186802        -            525   3.9e-37  125.7  10.5   3   4   1.9e-07   0.00012   18.5   0.0   342   434   557   649   533   652 0.76 # 1143419 # 1145638 # 1 # ID=1_939;partial=00;start_type=ATG;rbs_motif=AGGAG;rbs_spacer=5-10bp;gc_cont=0.271
1_939                -            740 13102at186802        -            525   3.9e-37  125.7  10.5   4   4   2.2e-08   1.4e-05   21.6   0.0   425   467   676   718   654   727 0.82 # 1143419 # 1145638 # 1 # ID=1_939;partial=00;start_type=ATG;rbs_motif=AGGAG;rbs_spacer=5-10bp;gc_cont=0.271
1_3095               -           1160 13102at186802        -            525   7.6e-31  104.9  31.2   1   6     0.072        45    0.1   0.3   290   335   239   284   179   342 0.76 # 3530850 # 3534329 # -1 # ID=1_3095;partial=00;start_type=ATG;rbs_motif=GGAGG;rbs_spacer=5-10bp;gc_cont=0.259
1_3095               -           1160 13102at186802        -            525   7.6e-31  104.9  31.2   2   6   1.3e-14   7.9e-12   42.2   0.8     5   122   430   569   427   603 0.62 # 3530850 # 3534329 # -1 # ID=1_3095;partial=00;start_type=ATG;rbs_motif=GGAGG;rbs_spacer=5-10bp;gc_cont=0.259
1_3095               -           1160 13102at186802        -            525   7.6e-31  104.9  31.2   3   6   4.1e-17   2.6e-14   50.4   6.2   159   238   669   765   649   846 0.81 # 3530850 # 3534329 # -1 # ID=1_3095;partial=00;start_type=ATG;rbs_motif=GGAGG;rbs_spacer=5-10bp;gc_cont=0.259
1_3095               -           1160 13102at186802        -            525   7.6e-31  104.9  31.2   4   6      0.35   2.2e+02   -2.2   0.1   139   189   966  1019   955  1024 0.80 # 3530850 # 3534329 # -1 # ID=1_3095;partial=00;start_type=ATG;rbs_motif=GGAGG;rbs_spacer=5-10bp;gc_cont=0.259
1_3095               -           1160 13102at186802        -            525   7.6e-31  104.9  31.2   5   6   8.3e-05     0.052    9.8   0.0   390   432  1041  1083  1030  1106 0.81 # 3530850 # 3534329 # -1 # ID=1_3095;partial=00;start_type=ATG;rbs_motif=GGAGG;rbs_spacer=5-10bp;gc_cont=0.259
1_3095               -           1160 13102at186802        -            525   7.6e-31  104.9  31.2   6   6     8e-07    0.0005   16.4   0.1   423   452  1108  1137  1096  1152 0.80 # 3530850 # 3534329 # -1 # ID=1_3095;partial=00;start_type=ATG;rbs_motif=GGAGG;rbs_spacer=5-10bp;gc_cont=0.259
1_450                -            705 13102at186802        -            525   2.1e-10   37.4   8.8   1   3   0.00046      0.29    7.3   0.0     4    30   238   264   235   273 0.83 # 544410 # 546524 # 1 # ID=1_450;partial=00;start_type=ATG;rbs_motif=AGGAGG;rbs_spacer=5-10bp;gc_cont=0.296
1_450                -            705 13102at186802        -            525   2.1e-10   37.4   8.8   2   3   8.3e-06    0.0052   13.1   2.2   154   232   478   561   411   621 0.77 # 544410 # 546524 # 1 # ID=1_450;partial=00;start_type=ATG;rbs_motif=AGGAGG;rbs_spacer=5-10bp;gc_cont=0.296
1_450                -            705 13102at186802        -            525   2.1e-10   37.4   8.8   3   3   1.8e-07   0.00011   18.6   0.5   383   455   636   696   586   701 0.80 # 544410 # 546524 # 1 # ID=1_450;partial=00;start_type=ATG;rbs_motif=AGGAGG;rbs_spacer=5-10bp;gc_cont=0.296
#
# Program:         hmmsearch
# Version:         3.1b2 (February 2015)
# Pipeline mode:   SEARCH
# Query file:      /home/johngn/Microbial-Genomics-Journey-Workshop-2023/Reads_session_3/busco_downloads/lineages/clostridiales_odb10/hmms/13102at186802.hmm
# Target file:     /home/johngn/Microbial-Genomics-Journey-Workshop-2023/Reads_session_3/busco_op3/prodigal_output/predicted_genes/predicted.faa
# Option settings: hmmsearch --domtblout /home/johngn/Microbial-Genomics-Journey-Workshop-2023/Reads_session_3/busco_op3/run_clostridiales_odb10/hmmer_output/13102at186802.out --cpu 1 /home/johngn/Microbial-Genomics-Journey-Workshop-2023/Reads_session_3/busco_downloads/lineages/clostridiales_odb10/hmms/13102at186802.hmm /home/johngn/Microbial-Genomics-Journey-Workshop-2023/Reads_session_3/busco_op3/prodigal_output/predicted_genes/predicted.faa 
# Current dir:     /home/johngn/Microbial-Genomics-Journey-Workshop-2023/Reads_session_3
# Date:            Wed Mar  8 16:58:04 2023
# [ok]
