#                                                                            --- full sequence --- -------------- this domain -------------   hmm coord   ali coord   env coord
# target name        accession   tlen query name           accession   qlen   E-value  score  bias   #  of  c-Evalue  i-Evalue  score  bias  from    to  from    to  from    to  acc description of target
#------------------- ---------- ----- -------------------- ---------- ----- --------- ------ ----- --- --- --------- --------- ------ ----- ----- ----- ----- ----- ----- ----- ---- ---------------------
1_2634               -            452 14022at186802        -            243   6.5e-66  219.7   9.4   1   3     0.052        48    0.8   0.1     1    21     7    27     7    37 0.85 # 2938915 # 2940270 # -1 # ID=1_2634;partial=00;start_type=ATG;rbs_motif=AGxAGG/AGGxGG;rbs_spacer=5-10bp;gc_cont=0.294
1_2634               -            452 14022at186802        -            243   6.5e-66  219.7   9.4   2   3   1.2e-30   1.1e-27   94.6   0.7    31   122   107   228    94   247 0.79 # 2938915 # 2940270 # -1 # ID=1_2634;partial=00;start_type=ATG;rbs_motif=AGxAGG/AGGxGG;rbs_spacer=5-10bp;gc_cont=0.294
1_2634               -            452 14022at186802        -            243   6.5e-66  219.7   9.4   3   3   4.2e-39   3.9e-36  122.2   0.5   104   243   259   447   251   447 0.81 # 2938915 # 2940270 # -1 # ID=1_2634;partial=00;start_type=ATG;rbs_motif=AGxAGG/AGGxGG;rbs_spacer=5-10bp;gc_cont=0.294
1_2646               -            485 14022at186802        -            243     5e-13   46.6   5.9   1   4     2e-07   0.00019   18.5   0.5    35    60   104   129    88   141 0.86 # 2954769 # 2956223 # -1 # ID=1_2646;partial=00;start_type=ATG;rbs_motif=GGAGG;rbs_spacer=5-10bp;gc_cont=0.293
1_2646               -            485 14022at186802        -            243     5e-13   46.6   5.9   2   4   9.4e-11   8.8e-08   29.4   0.0    65   114   170   225   150   247 0.80 # 2954769 # 2956223 # -1 # ID=1_2646;partial=00;start_type=ATG;rbs_motif=GGAGG;rbs_spacer=5-10bp;gc_cont=0.293
1_2646               -            485 14022at186802        -            243     5e-13   46.6   5.9   3   4       1.2   1.1e+03   -3.7   0.0   141   165   323   347   316   356 0.77 # 2954769 # 2956223 # -1 # ID=1_2646;partial=00;start_type=ATG;rbs_motif=GGAGG;rbs_spacer=5-10bp;gc_cont=0.293
1_2646               -            485 14022at186802        -            243     5e-13   46.6   5.9   4   4      0.24   2.2e+02   -1.4   0.1   173   211   443   481   423   483 0.77 # 2954769 # 2956223 # -1 # ID=1_2646;partial=00;start_type=ATG;rbs_motif=GGAGG;rbs_spacer=5-10bp;gc_cont=0.293
1_2636               -            458 14022at186802        -            243     1e-09   35.8   3.9   1   3   1.8e-05     0.017   12.1   0.5    35    66   109   140   106   166 0.80 # 2941298 # 2942671 # -1 # ID=1_2636;partial=00;start_type=ATG;rbs_motif=AGGAGG;rbs_spacer=5-10bp;gc_cont=0.274
1_2636               -            458 14022at186802        -            243     1e-09   35.8   3.9   2   3    0.0019       1.8    5.5   0.0    80   112   182   214   151   234 0.79 # 2941298 # 2942671 # -1 # ID=1_2636;partial=00;start_type=ATG;rbs_motif=AGGAGG;rbs_spacer=5-10bp;gc_cont=0.274
1_2636               -            458 14022at186802        -            243     1e-09   35.8   3.9   3   3   4.7e-07   0.00044   17.3   0.0   109   178   268   350   252   372 0.77 # 2941298 # 2942671 # -1 # ID=1_2636;partial=00;start_type=ATG;rbs_motif=AGGAGG;rbs_spacer=5-10bp;gc_cont=0.274
1_3574               -            451 14022at186802        -            243   1.3e-09   35.4   4.6   1   2   2.2e-10   2.1e-07   28.2   2.5    26   102    95   191    78   199 0.72 # 4031145 # 4032497 # 1 # ID=1_3574;partial=00;start_type=ATG;rbs_motif=AGxAGG/AGGxGG;rbs_spacer=5-10bp;gc_cont=0.315
1_3574               -            451 14022at186802        -            243   1.3e-09   35.4   4.6   2   2     0.013        12    2.7   0.0   120   165   271   326   264   345 0.66 # 4031145 # 4032497 # 1 # ID=1_3574;partial=00;start_type=ATG;rbs_motif=AGxAGG/AGGxGG;rbs_spacer=5-10bp;gc_cont=0.315
#
# Program:         hmmsearch
# Version:         3.1b2 (February 2015)
# Pipeline mode:   SEARCH
# Query file:      /home/johngn/Microbial-Genomics-Journey-Workshop-2023/Reads_session_3/busco_downloads/lineages/clostridiales_odb10/hmms/14022at186802.hmm
# Target file:     /home/johngn/Microbial-Genomics-Journey-Workshop-2023/Reads_session_3/busco_op3/prodigal_output/predicted_genes/predicted.faa
# Option settings: hmmsearch --domtblout /home/johngn/Microbial-Genomics-Journey-Workshop-2023/Reads_session_3/busco_op3/run_clostridiales_odb10/hmmer_output/14022at186802.out --cpu 1 /home/johngn/Microbial-Genomics-Journey-Workshop-2023/Reads_session_3/busco_downloads/lineages/clostridiales_odb10/hmms/14022at186802.hmm /home/johngn/Microbial-Genomics-Journey-Workshop-2023/Reads_session_3/busco_op3/prodigal_output/predicted_genes/predicted.faa 
# Current dir:     /home/johngn/Microbial-Genomics-Journey-Workshop-2023/Reads_session_3
# Date:            Wed Mar  1 18:12:41 2023
# [ok]
