#                                                                            --- full sequence --- -------------- this domain -------------   hmm coord   ali coord   env coord
# target name        accession   tlen query name           accession   qlen   E-value  score  bias   #  of  c-Evalue  i-Evalue  score  bias  from    to  from    to  from    to  acc description of target
#------------------- ---------- ----- -------------------- ---------- ----- --------- ------ ----- --- --- --------- --------- ------ ----- ----- ----- ----- ----- ----- ----- ---- ---------------------
1_57                 -            466 14032at186802        -            340  2.2e-139  462.0  24.7   1   3  1.2e-124  1.5e-121  403.4   8.8     1   275     1   320     1   326 0.89 # 86028 # 87425 # 1 # ID=1_57;partial=00;start_type=GTG;rbs_motif=GGAG/GAGG;rbs_spacer=5-10bp;gc_cont=0.302
1_57                 -            466 14032at186802        -            340  2.2e-139  462.0  24.7   2   3   4.7e-11   5.9e-08   29.9   0.7   266   310   344   388   326   397 0.86 # 86028 # 87425 # 1 # ID=1_57;partial=00;start_type=GTG;rbs_motif=GGAG/GAGG;rbs_spacer=5-10bp;gc_cont=0.302
1_57                 -            466 14032at186802        -            340  2.2e-139  462.0  24.7   3   3     6e-13   7.4e-10   36.1   1.9   276   340   390   464   385   464 0.74 # 86028 # 87425 # 1 # ID=1_57;partial=00;start_type=GTG;rbs_motif=GGAG/GAGG;rbs_spacer=5-10bp;gc_cont=0.302
1_3595               -            646 14032at186802        -            340   5.9e-09   33.2   2.2   1   3   2.6e-07   0.00032   17.6   0.2    21    79     6    67     2   122 0.78 # 4052228 # 4054165 # -1 # ID=1_3595;partial=00;start_type=ATG;rbs_motif=AGGAGG;rbs_spacer=5-10bp;gc_cont=0.313
1_3595               -            646 14032at186802        -            340   5.9e-09   33.2   2.2   2   3   1.4e-05     0.018   11.9   0.0   211   248   289   327   282   331 0.86 # 4052228 # 4054165 # -1 # ID=1_3595;partial=00;start_type=ATG;rbs_motif=AGGAGG;rbs_spacer=5-10bp;gc_cont=0.313
1_3595               -            646 14032at186802        -            340   5.9e-09   33.2   2.2   3   3     0.026        32    1.2   0.3   230   308   361   428   333   445 0.58 # 4052228 # 4054165 # -1 # ID=1_3595;partial=00;start_type=ATG;rbs_motif=AGGAGG;rbs_spacer=5-10bp;gc_cont=0.313
1_2499               -            807 14032at186802        -            340   3.5e-06   24.1   0.0   1   2    0.0012       1.5    5.5   0.1    31    57    47    73    19    75 0.85 # 2788386 # 2790806 # -1 # ID=1_2499;partial=00;start_type=ATG;rbs_motif=AGGAGG;rbs_spacer=5-10bp;gc_cont=0.318
1_2499               -            807 14032at186802        -            340   3.5e-06   24.1   0.0   2   2   1.2e-06    0.0015   15.5   0.0   214   287   560   638   549   673 0.72 # 2788386 # 2790806 # -1 # ID=1_2499;partial=00;start_type=ATG;rbs_motif=AGGAGG;rbs_spacer=5-10bp;gc_cont=0.318
#
# Program:         hmmsearch
# Version:         3.1b2 (February 2015)
# Pipeline mode:   SEARCH
# Query file:      /home/johngn/Microbial-Genomics-Journey-Workshop-2023/Reads_session_3/busco_downloads/lineages/clostridiales_odb10/hmms/14032at186802.hmm
# Target file:     /home/johngn/Microbial-Genomics-Journey-Workshop-2023/Reads_session_3/busco_op3/prodigal_output/predicted_genes/predicted.faa
# Option settings: hmmsearch --domtblout /home/johngn/Microbial-Genomics-Journey-Workshop-2023/Reads_session_3/busco_op3/run_clostridiales_odb10/hmmer_output/14032at186802.out --cpu 1 /home/johngn/Microbial-Genomics-Journey-Workshop-2023/Reads_session_3/busco_downloads/lineages/clostridiales_odb10/hmms/14032at186802.hmm /home/johngn/Microbial-Genomics-Journey-Workshop-2023/Reads_session_3/busco_op3/prodigal_output/predicted_genes/predicted.faa 
# Current dir:     /home/johngn/Microbial-Genomics-Journey-Workshop-2023/Reads_session_3
# Date:            Wed Mar  1 18:12:41 2023
# [ok]
