#                                                                            --- full sequence --- -------------- this domain -------------   hmm coord   ali coord   env coord
# target name        accession   tlen query name           accession   qlen   E-value  score  bias   #  of  c-Evalue  i-Evalue  score  bias  from    to  from    to  from    to  acc description of target
#------------------- ---------- ----- -------------------- ---------- ----- --------- ------ ----- --- --- --------- --------- ------ ----- ----- ----- ----- ----- ----- ----- ---- ---------------------
1_2613               -            442 14633at186802        -            366    6e-162  536.3   7.9   1   1  6.6e-164  1.4e-161  535.1   7.9     1   366     5   432     5   432 0.90 # 2919230 # 2920555 # -1 # ID=1_2613;partial=00;start_type=ATG;rbs_motif=AGGAG;rbs_spacer=5-10bp;gc_cont=0.311
1_3738               -            460 14633at186802        -            366   3.1e-31  106.2  11.2   1   1   2.9e-33   6.1e-31  105.2  11.2    90   306   164   387   115   410 0.76 # 4203745 # 4205124 # -1 # ID=1_3738;partial=00;start_type=TTG;rbs_motif=GGAG/GAGG;rbs_spacer=5-10bp;gc_cont=0.290
1_2414               -            298 14633at186802        -            366   2.2e-24   83.6   1.5   1   1   1.7e-26   3.6e-24   82.9   1.5     3   114     6   124     4   167 0.89 # 2690167 # 2691060 # -1 # ID=1_2414;partial=00;start_type=ATG;rbs_motif=AGGAG;rbs_spacer=5-10bp;gc_cont=0.281
1_2120               -            403 14633at186802        -            366   2.9e-20   70.0   0.6   1   1   2.2e-22   4.5e-20   69.4   0.6   144   294    11   168     4   184 0.81 # 2367075 # 2368283 # 1 # ID=1_2120;partial=00;start_type=ATG;rbs_motif=AGxAGG/AGGxGG;rbs_spacer=5-10bp;gc_cont=0.303
1_1144               -            299 14633at186802        -            366   5.5e-12   42.8   1.7   1   2   0.00031     0.064    9.7   0.4   218   316    36   130    28   137 0.72 # 1351216 # 1352112 # 1 # ID=1_1144;partial=00;start_type=GTG;rbs_motif=AGGAG;rbs_spacer=5-10bp;gc_cont=0.315
1_1144               -            299 14633at186802        -            366   5.5e-12   42.8   1.7   2   2   3.2e-11   6.6e-09   32.7   0.0     4    55   136   188   132   208 0.87 # 1351216 # 1352112 # 1 # ID=1_1144;partial=00;start_type=GTG;rbs_motif=AGGAG;rbs_spacer=5-10bp;gc_cont=0.315
1_766                -            428 14633at186802        -            366   1.3e-11   41.6   0.4   1   1   6.4e-12   1.3e-09   35.0   0.4   147   310   204   380   204   391 0.75 # 939677 # 940960 # 1 # ID=1_766;partial=00;start_type=GTG;rbs_motif=GGAG/GAGG;rbs_spacer=5-10bp;gc_cont=0.305
1_3338               -            204 14633at186802        -            366   5.2e-10   36.3   0.0   1   1   3.1e-12   6.4e-10   36.0   0.0   142   294    21   189     9   196 0.74 # 3772449 # 3773060 # -1 # ID=1_3338;partial=00;start_type=ATG;rbs_motif=GGA/GAG/AGG;rbs_spacer=11-12bp;gc_cont=0.314
1_3312               -            649 14633at186802        -            366     2e-09   34.4   0.9   1   1   1.5e-11   3.1e-09   33.8   0.9     4   115     4   116     2   150 0.81 # 3740756 # 3742702 # 1 # ID=1_3312;partial=00;start_type=GTG;rbs_motif=AGGAGG;rbs_spacer=5-10bp;gc_cont=0.312
1_2178               -            424 14633at186802        -            366   2.6e-06   24.1   2.6   1   2       1.5   3.1e+02   -2.4   0.4   105   171     8    73     2    78 0.67 # 2433406 # 2434677 # -1 # ID=1_2178;partial=00;start_type=ATG;rbs_motif=AGGAG;rbs_spacer=5-10bp;gc_cont=0.281
1_2178               -            424 14633at186802        -            366   2.6e-06   24.1   2.6   2   2   1.3e-08   2.6e-06   24.1   2.6   141   320   192   387   185   420 0.73 # 2433406 # 2434677 # -1 # ID=1_2178;partial=00;start_type=ATG;rbs_motif=AGGAG;rbs_spacer=5-10bp;gc_cont=0.281
1_1421               -            707 14633at186802        -            366     7e-06   22.7   0.0   1   1   4.7e-08   9.9e-06   22.3   0.0     3   113    27   141     1   189 0.60 # 1648530 # 1650650 # -1 # ID=1_1421;partial=00;start_type=ATG;rbs_motif=AGGAGG;rbs_spacer=5-10bp;gc_cont=0.308
1_1381               -            719 14633at186802        -            366   2.4e-05   21.0   0.3   1   1   5.6e-07   0.00012   18.7   0.1     4    89     5    92     2   122 0.76 # 1604801 # 1606957 # 1 # ID=1_1381;partial=00;start_type=ATG;rbs_motif=GGAGG;rbs_spacer=5-10bp;gc_cont=0.320
1_2643               -            366 14633at186802        -            366   0.00035   17.1   0.4   1   2   4.2e-06   0.00088   15.8   0.0     5    23     4    22     2    34 0.89 # 2950643 # 2951740 # 1 # ID=1_2643;partial=00;start_type=ATG;rbs_motif=GGAG/GAGG;rbs_spacer=5-10bp;gc_cont=0.312
1_2643               -            366 14633at186802        -            366   0.00035   17.1   0.4   2   2       1.5   3.1e+02   -2.4   0.1   209   236   222   249   214   252 0.67 # 2950643 # 2951740 # 1 # ID=1_2643;partial=00;start_type=ATG;rbs_motif=GGAG/GAGG;rbs_spacer=5-10bp;gc_cont=0.312
1_1197               -            647 14633at186802        -            366    0.0029   14.1   1.2   1   1   3.9e-05    0.0081   12.7   1.2   147   259   151   259   112   272 0.78 # 1409464 # 1411404 # 1 # ID=1_1197;partial=00;start_type=GTG;rbs_motif=AGxAGG/AGGxGG;rbs_spacer=5-10bp;gc_cont=0.337
1_2445               -            602 14633at186802        -            366    0.0034   13.9   0.0   1   3       1.8   3.7e+02   -2.7   0.0     6    24    13    31     5    42 0.57 # 2723398 # 2725203 # -1 # ID=1_2445;partial=00;start_type=GTG;rbs_motif=AGGAGG;rbs_spacer=5-10bp;gc_cont=0.335
1_2445               -            602 14633at186802        -            366    0.0034   13.9   0.0   2   3   6.2e-05     0.013   12.0   0.0   207   295    90   181    84   185 0.82 # 2723398 # 2725203 # -1 # ID=1_2445;partial=00;start_type=GTG;rbs_motif=AGGAGG;rbs_spacer=5-10bp;gc_cont=0.335
1_2445               -            602 14633at186802        -            366    0.0034   13.9   0.0   3   3       3.3   6.9e+02   -3.5   0.0    81   134   216   269   212   274 0.80 # 2723398 # 2725203 # -1 # ID=1_2445;partial=00;start_type=GTG;rbs_motif=AGGAGG;rbs_spacer=5-10bp;gc_cont=0.335
1_2079               -            608 14633at186802        -            366    0.0052   13.3   0.3   1   2     0.009       1.9    4.9   0.1   140   169     3    32     1    49 0.86 # 2322496 # 2324319 # 1 # ID=1_2079;partial=00;start_type=ATG;rbs_motif=GGAG/GAGG;rbs_spacer=5-10bp;gc_cont=0.327
1_2079               -            608 14633at186802        -            366    0.0052   13.3   0.3   2   2    0.0033      0.68    6.3   0.0    69   113    86   133    67   147 0.71 # 2322496 # 2324319 # 1 # ID=1_2079;partial=00;start_type=ATG;rbs_motif=GGAG/GAGG;rbs_spacer=5-10bp;gc_cont=0.327
1_2554               -            295 14633at186802        -            366    0.0078   12.7   1.5   1   2     0.013       2.7    4.4   0.5   213   296    73   158    52   160 0.72 # 2853044 # 2853928 # -1 # ID=1_2554;partial=00;start_type=ATG;rbs_motif=GGAGG;rbs_spacer=5-10bp;gc_cont=0.286
1_2554               -            295 14633at186802        -            366    0.0078   12.7   1.5   2   2   0.00011     0.024   11.1   1.4   115   167   129   181    76   203 0.84 # 2853044 # 2853928 # -1 # ID=1_2554;partial=00;start_type=ATG;rbs_motif=GGAGG;rbs_spacer=5-10bp;gc_cont=0.286
1_1300               -            663 14633at186802        -            366    0.0094   12.5   4.2   1   2    0.0098         2    4.8   1.2   106   177    11    85     2    92 0.74 # 1514838 # 1516826 # -1 # ID=1_1300;partial=00;start_type=GTG;rbs_motif=GGAG/GAGG;rbs_spacer=5-10bp;gc_cont=0.293
1_1300               -            663 14633at186802        -            366    0.0094   12.5   4.2   2   2   0.00093      0.19    8.1   0.1   144   167   366   389   340   393 0.80 # 1514838 # 1516826 # -1 # ID=1_1300;partial=00;start_type=GTG;rbs_motif=GGAG/GAGG;rbs_spacer=5-10bp;gc_cont=0.293
1_1044               -            426 14633at186802        -            366     0.011   12.3   0.5   1   1   0.00085      0.18    8.3   0.5   147   294   161   325   157   343 0.45 # 1253945 # 1255222 # 1 # ID=1_1044;partial=00;start_type=TTG;rbs_motif=AGxAGG/AGGxGG;rbs_spacer=5-10bp;gc_cont=0.347
#
# Program:         hmmsearch
# Version:         3.1b2 (February 2015)
# Pipeline mode:   SEARCH
# Query file:      /home/johngn/Microbial-Genomics-Journey-Workshop-2023/Reads_session_3/busco_downloads/lineages/clostridiales_odb10/hmms/14633at186802.hmm
# Target file:     /home/johngn/Microbial-Genomics-Journey-Workshop-2023/Reads_session_3/busco_op3/prodigal_output/predicted_genes/predicted.faa
# Option settings: hmmsearch --domtblout /home/johngn/Microbial-Genomics-Journey-Workshop-2023/Reads_session_3/busco_op3/run_clostridiales_odb10/hmmer_output/14633at186802.out --cpu 1 /home/johngn/Microbial-Genomics-Journey-Workshop-2023/Reads_session_3/busco_downloads/lineages/clostridiales_odb10/hmms/14633at186802.hmm /home/johngn/Microbial-Genomics-Journey-Workshop-2023/Reads_session_3/busco_op3/prodigal_output/predicted_genes/predicted.faa 
# Current dir:     /home/johngn/Microbial-Genomics-Journey-Workshop-2023/Reads_session_3
# Date:            Wed Mar  1 18:12:41 2023
# [ok]
