#                                                                            --- full sequence --- -------------- this domain -------------   hmm coord   ali coord   env coord
# target name        accession   tlen query name           accession   qlen   E-value  score  bias   #  of  c-Evalue  i-Evalue  score  bias  from    to  from    to  from    to  acc description of target
#------------------- ---------- ----- -------------------- ---------- ----- --------- ------ ----- --- --- --------- --------- ------ ----- ----- ----- ----- ----- ----- ----- ---- ---------------------
1_2636               -            458 17044at186802        -            278   3.6e-82  273.5  12.3   1   3     0.062        46    0.8   0.0     8    26    42    60    37    66 0.84 # 2941298 # 2942671 # -1 # ID=1_2636;partial=00;start_type=ATG;rbs_motif=AGGAGG;rbs_spacer=5-10bp;gc_cont=0.274
1_2636               -            458 17044at186802        -            278   3.6e-82  273.5  12.3   2   3   1.2e-55     9e-53  177.0   3.7    30   161   107   242    82   248 0.93 # 2941298 # 2942671 # -1 # ID=1_2636;partial=00;start_type=ATG;rbs_motif=AGGAGG;rbs_spacer=5-10bp;gc_cont=0.274
1_2636               -            458 17044at186802        -            278   3.6e-82  273.5  12.3   3   3     4e-30     3e-27   93.3   0.7   141   259   270   407   247   448 0.85 # 2941298 # 2942671 # -1 # ID=1_2636;partial=00;start_type=ATG;rbs_motif=AGGAGG;rbs_spacer=5-10bp;gc_cont=0.274
1_2634               -            452 17044at186802        -            278   1.5e-20   71.3   7.4   1   2   2.3e-14   1.7e-11   41.6   1.2    32   156   111   232    85   243 0.87 # 2938915 # 2940270 # -1 # ID=1_2634;partial=00;start_type=ATG;rbs_motif=AGxAGG/AGGxGG;rbs_spacer=5-10bp;gc_cont=0.294
1_2634               -            452 17044at186802        -            278   1.5e-20   71.3   7.4   2   2   8.4e-12   6.3e-09   33.2   0.6   136   260   261   393   252   407 0.80 # 2938915 # 2940270 # -1 # ID=1_2634;partial=00;start_type=ATG;rbs_motif=AGxAGG/AGGxGG;rbs_spacer=5-10bp;gc_cont=0.294
1_3574               -            451 17044at186802        -            278   5.4e-11   40.0   0.6   1   3   2.6e-05      0.02   11.9   0.1    16    53    88   125    74   128 0.82 # 4031145 # 4032497 # 1 # ID=1_3574;partial=00;start_type=ATG;rbs_motif=AGxAGG/AGGxGG;rbs_spacer=5-10bp;gc_cont=0.315
1_3574               -            451 17044at186802        -            278   5.4e-11   40.0   0.6   2   3    0.0035       2.6    4.9   0.0   105   148   169   216   156   221 0.80 # 4031145 # 4032497 # 1 # ID=1_3574;partial=00;start_type=ATG;rbs_motif=AGxAGG/AGGxGG;rbs_spacer=5-10bp;gc_cont=0.315
1_3574               -            451 17044at186802        -            278   5.4e-11   40.0   0.6   3   3   1.1e-07   8.3e-05   19.7   0.0   148   214   266   340   262   344 0.73 # 4031145 # 4032497 # 1 # ID=1_3574;partial=00;start_type=ATG;rbs_motif=AGxAGG/AGGxGG;rbs_spacer=5-10bp;gc_cont=0.315
1_2646               -            485 17044at186802        -            278   1.7e-09   35.1   0.5   1   4       1.3   9.5e+02   -3.5   0.0     9    26    40    57    37    59 0.83 # 2954769 # 2956223 # -1 # ID=1_2646;partial=00;start_type=ATG;rbs_motif=GGAGG;rbs_spacer=5-10bp;gc_cont=0.293
1_2646               -            485 17044at186802        -            278   1.7e-09   35.1   0.5   2   4   5.4e-06    0.0041   14.1   0.2    30    54   102   126    75   135 0.79 # 2954769 # 2956223 # -1 # ID=1_2646;partial=00;start_type=ATG;rbs_motif=GGAGG;rbs_spacer=5-10bp;gc_cont=0.293
1_2646               -            485 17044at186802        -            278   1.7e-09   35.1   0.5   3   4   0.00068      0.51    7.3   0.0   106   148   192   236   174   260 0.85 # 2954769 # 2956223 # -1 # ID=1_2646;partial=00;start_type=ATG;rbs_motif=GGAGG;rbs_spacer=5-10bp;gc_cont=0.293
1_2646               -            485 17044at186802        -            278   1.7e-09   35.1   0.5   4   4   0.00015      0.12    9.4   0.0   145   184   284   323   275   339 0.88 # 2954769 # 2956223 # -1 # ID=1_2646;partial=00;start_type=ATG;rbs_motif=GGAGG;rbs_spacer=5-10bp;gc_cont=0.293
1_3204               -            433 17044at186802        -            278   3.6e-06   24.2   4.2   1   3     0.014        10    3.0   0.0    29    54    38    63    30    72 0.87 # 3661024 # 3662322 # -1 # ID=1_3204;partial=00;start_type=ATG;rbs_motif=AGxAGG/AGGxGG;rbs_spacer=5-10bp;gc_cont=0.282
1_3204               -            433 17044at186802        -            278   3.6e-06   24.2   4.2   2   3   2.1e-05     0.016   12.2   0.2    80   147   134   200    98   207 0.83 # 3661024 # 3662322 # -1 # ID=1_3204;partial=00;start_type=ATG;rbs_motif=AGxAGG/AGGxGG;rbs_spacer=5-10bp;gc_cont=0.282
1_3204               -            433 17044at186802        -            278   3.6e-06   24.2   4.2   3   3   0.00027       0.2    8.6   0.2   144   173   246   275   223   307 0.71 # 3661024 # 3662322 # -1 # ID=1_3204;partial=00;start_type=ATG;rbs_motif=AGxAGG/AGGxGG;rbs_spacer=5-10bp;gc_cont=0.282
#
# Program:         hmmsearch
# Version:         3.1b2 (February 2015)
# Pipeline mode:   SEARCH
# Query file:      /home/johngn/Microbial-Genomics-Journey-Workshop-2023/Reads_session_3/busco_downloads/lineages/clostridiales_odb10/hmms/17044at186802.hmm
# Target file:     /home/johngn/Microbial-Genomics-Journey-Workshop-2023/Reads_session_3/busco_op3/prodigal_output/predicted_genes/predicted.faa
# Option settings: hmmsearch --domtblout /home/johngn/Microbial-Genomics-Journey-Workshop-2023/Reads_session_3/busco_op3/run_clostridiales_odb10/hmmer_output/17044at186802.out --cpu 1 /home/johngn/Microbial-Genomics-Journey-Workshop-2023/Reads_session_3/busco_downloads/lineages/clostridiales_odb10/hmms/17044at186802.hmm /home/johngn/Microbial-Genomics-Journey-Workshop-2023/Reads_session_3/busco_op3/prodigal_output/predicted_genes/predicted.faa 
# Current dir:     /home/johngn/Microbial-Genomics-Journey-Workshop-2023/Reads_session_3
# Date:            Wed Mar  1 18:12:41 2023
# [ok]
