#                                                                            --- full sequence --- -------------- this domain -------------   hmm coord   ali coord   env coord
# target name        accession   tlen query name           accession   qlen   E-value  score  bias   #  of  c-Evalue  i-Evalue  score  bias  from    to  from    to  from    to  acc description of target
#------------------- ---------- ----- -------------------- ---------- ----- --------- ------ ----- --- --- --------- --------- ------ ----- ----- ----- ----- ----- ----- ----- ---- ---------------------
1_1864               -            479 18042at186802        -            321  3.7e-127  421.4  10.0   1   2   8.4e-34   6.3e-31  105.2   1.0     6    92    66   160    50   166 0.80 # 2124256 # 2125692 # -1 # ID=1_1864;partial=00;start_type=GTG;rbs_motif=AGGAGG;rbs_spacer=5-10bp;gc_cont=0.303
1_1864               -            479 18042at186802        -            321  3.7e-127  421.4  10.0   2   2   1.8e-98   1.4e-95  317.6   2.4    84   295   172   410   162   465 0.85 # 2124256 # 2125692 # -1 # ID=1_1864;partial=00;start_type=GTG;rbs_motif=AGGAGG;rbs_spacer=5-10bp;gc_cont=0.303
1_2426               -            433 18042at186802        -            321   2.3e-71  238.1   8.9   1   2   1.9e-12   1.4e-09   35.0   0.6    10    97    33   121    24   130 0.81 # 2698318 # 2699616 # -1 # ID=1_2426;partial=00;start_type=TTG;rbs_motif=AGGAGG;rbs_spacer=11-12bp;gc_cont=0.293
1_2426               -            433 18042at186802        -            321   2.3e-71  238.1   8.9   2   2     1e-64   7.5e-62  206.8   3.5    66   286   116   352   110   385 0.83 # 2698318 # 2699616 # -1 # ID=1_2426;partial=00;start_type=TTG;rbs_motif=AGGAGG;rbs_spacer=11-12bp;gc_cont=0.293
1_1214               -            445 18042at186802        -            321   4.9e-65  217.2   5.2   1   3   4.2e-11   3.1e-08   30.6   0.3     6    95    29   124    25   134 0.76 # 1428698 # 1430032 # 1 # ID=1_1214;partial=00;start_type=ATG;rbs_motif=AGGAG;rbs_spacer=5-10bp;gc_cont=0.285
1_1214               -            445 18042at186802        -            321   4.9e-65  217.2   5.2   2   3   9.3e-59     7e-56  187.2   0.9    84   290   136   358   122   391 0.85 # 1428698 # 1430032 # 1 # ID=1_1214;partial=00;start_type=ATG;rbs_motif=AGGAG;rbs_spacer=5-10bp;gc_cont=0.285
1_1214               -            445 18042at186802        -            321   4.9e-65  217.2   5.2   3   3     0.054        41    0.6   0.0   275   304   366   399   356   412 0.73 # 1428698 # 1430032 # 1 # ID=1_1214;partial=00;start_type=ATG;rbs_motif=AGGAG;rbs_spacer=5-10bp;gc_cont=0.285
1_1309               -            329 18042at186802        -            321   1.6e-07   28.2   0.2   1   1   3.5e-10   2.6e-07   27.6   0.2   168   291   142   267   122   286 0.79 # 1526211 # 1527197 # -1 # ID=1_1309;partial=00;start_type=ATG;rbs_motif=None;rbs_spacer=None;gc_cont=0.307
1_2198               -            290 18042at186802        -            321   4.9e-06   23.4   1.0   1   1   4.9e-08   3.6e-05   20.5   1.0    97   243    19   177     8   197 0.62 # 2452699 # 2453568 # -1 # ID=1_2198;partial=00;start_type=ATG;rbs_motif=AGxAGG/AGGxGG;rbs_spacer=5-10bp;gc_cont=0.294
#
# Program:         hmmsearch
# Version:         3.1b2 (February 2015)
# Pipeline mode:   SEARCH
# Query file:      /home/johngn/Microbial-Genomics-Journey-Workshop-2023/Reads_session_3/busco_downloads/lineages/clostridiales_odb10/hmms/18042at186802.hmm
# Target file:     /home/johngn/Microbial-Genomics-Journey-Workshop-2023/Reads_session_3/busco_op3/prodigal_output/predicted_genes/predicted.faa
# Option settings: hmmsearch --domtblout /home/johngn/Microbial-Genomics-Journey-Workshop-2023/Reads_session_3/busco_op3/run_clostridiales_odb10/hmmer_output/18042at186802.out --cpu 1 /home/johngn/Microbial-Genomics-Journey-Workshop-2023/Reads_session_3/busco_downloads/lineages/clostridiales_odb10/hmms/18042at186802.hmm /home/johngn/Microbial-Genomics-Journey-Workshop-2023/Reads_session_3/busco_op3/prodigal_output/predicted_genes/predicted.faa 
# Current dir:     /home/johngn/Microbial-Genomics-Journey-Workshop-2023/Reads_session_3
# Date:            Wed Mar  1 18:12:41 2023
# [ok]
