#                                                                            --- full sequence --- -------------- this domain -------------   hmm coord   ali coord   env coord
# target name        accession   tlen query name           accession   qlen   E-value  score  bias   #  of  c-Evalue  i-Evalue  score  bias  from    to  from    to  from    to  acc description of target
#------------------- ---------- ----- -------------------- ---------- ----- --------- ------ ----- --- --- --------- --------- ------ ----- ----- ----- ----- ----- ----- ----- ---- ---------------------
1_3460               -            942 1863at186802         -            775         0 1275.9  24.2   1   4  2.3e-133  1.2e-131  438.2   0.2     1   272     5   305     5   318 0.90 # 3910559 # 3913384 # -1 # ID=1_3460;partial=00;start_type=ATG;rbs_motif=3Base/5BMM;rbs_spacer=13-15bp;gc_cont=0.313
1_3460               -            942 1863at186802         -            775         0 1275.9  24.2   2   4    0.0012     0.064    9.2   0.1   289   312   374   397   354   406 0.84 # 3910559 # 3913384 # -1 # ID=1_3460;partial=00;start_type=ATG;rbs_motif=3Base/5BMM;rbs_spacer=13-15bp;gc_cont=0.313
1_3460               -            942 1863at186802         -            775         0 1275.9  24.2   3   4   1.6e-07   8.4e-06   22.1   0.2   601   645   407   451   398   456 0.92 # 3910559 # 3913384 # -1 # ID=1_3460;partial=00;start_type=ATG;rbs_motif=3Base/5BMM;rbs_spacer=13-15bp;gc_cont=0.313
1_3460               -            942 1863at186802         -            775         0 1275.9  24.2   4   4  9.3e-246  4.8e-244  809.9  11.4   332   774   456   939   447   940 0.93 # 3910559 # 3913384 # -1 # ID=1_3460;partial=00;start_type=ATG;rbs_motif=3Base/5BMM;rbs_spacer=13-15bp;gc_cont=0.313
1_216                -           1143 1863at186802         -            775  1.2e-210  699.4  10.5   1   3   4.2e-49   2.2e-47  159.6   0.0     1   127   326   451   326   456 0.96 # 273172 # 276600 # -1 # ID=1_216;partial=00;start_type=ATG;rbs_motif=GGAG/GAGG;rbs_spacer=5-10bp;gc_cont=0.314
1_216                -           1143 1863at186802         -            775  1.2e-210  699.4  10.5   2   3   0.00091     0.047    9.7   0.3   223   270   454   502   446   513 0.83 # 273172 # 276600 # -1 # ID=1_216;partial=00;start_type=ATG;rbs_motif=GGAG/GAGG;rbs_spacer=5-10bp;gc_cont=0.314
1_216                -           1143 1863at186802         -            775  1.2e-210  699.4  10.5   3   3  1.3e-161  6.8e-160  531.6   2.4   331   770   662  1141   654  1142 0.90 # 273172 # 276600 # -1 # ID=1_216;partial=00;start_type=ATG;rbs_motif=GGAG/GAGG;rbs_spacer=5-10bp;gc_cont=0.314
1_3167               -            747 1863at186802         -            775  4.3e-175  581.9  18.1   1   4     1e-32   5.2e-31  105.4   0.1     1   117     6   122     6   126 0.97 # 3617347 # 3619587 # -1 # ID=1_3167;partial=00;start_type=ATG;rbs_motif=AGGAGG;rbs_spacer=5-10bp;gc_cont=0.309
1_3167               -            747 1863at186802         -            775  4.3e-175  581.9  18.1   2   4    0.0045      0.23    7.4   0.1   239   273   125   167   122   173 0.71 # 3617347 # 3619587 # -1 # ID=1_3167;partial=00;start_type=ATG;rbs_motif=AGGAGG;rbs_spacer=5-10bp;gc_cont=0.309
1_3167               -            747 1863at186802         -            775  4.3e-175  581.9  18.1   3   4    0.0056      0.29    7.0   0.0   601   644   258   301   229   305 0.90 # 3617347 # 3619587 # -1 # ID=1_3167;partial=00;start_type=ATG;rbs_motif=AGGAGG;rbs_spacer=5-10bp;gc_cont=0.309
1_3167               -            747 1863at186802         -            775  4.3e-175  581.9  18.1   4   4  2.1e-142  1.1e-140  468.1   7.8   334   770   304   744   296   746 0.92 # 3617347 # 3619587 # -1 # ID=1_3167;partial=00;start_type=ATG;rbs_motif=AGGAGG;rbs_spacer=5-10bp;gc_cont=0.309
1_3143               -            807 1863at186802         -            775  8.1e-173  574.3  15.4   1   5   6.7e-36   3.4e-34  115.9   0.1     1   126     4   126     4   129 0.93 # 3593285 # 3595705 # 1 # ID=1_3143;partial=00;start_type=ATG;rbs_motif=GGAG/GAGG;rbs_spacer=5-10bp;gc_cont=0.323
1_3143               -            807 1863at186802         -            775  8.1e-173  574.3  15.4   2   5   0.00038      0.02   10.9   0.5   221   258   124   162   121   188 0.88 # 3593285 # 3595705 # 1 # ID=1_3143;partial=00;start_type=ATG;rbs_motif=GGAG/GAGG;rbs_spacer=5-10bp;gc_cont=0.323
1_3143               -            807 1863at186802         -            775  8.1e-173  574.3  15.4   3   5      0.45        23    0.8   0.0   600   640   254   294   245   304 0.86 # 3593285 # 3595705 # 1 # ID=1_3143;partial=00;start_type=ATG;rbs_motif=GGAG/GAGG;rbs_spacer=5-10bp;gc_cont=0.323
1_3143               -            807 1863at186802         -            775  8.1e-173  574.3  15.4   4   5   1.3e-48   6.5e-47  158.0   2.2   336   517   308   510   294   535 0.84 # 3593285 # 3595705 # 1 # ID=1_3143;partial=00;start_type=ATG;rbs_motif=GGAG/GAGG;rbs_spacer=5-10bp;gc_cont=0.323
1_3143               -            807 1863at186802         -            775  8.1e-173  574.3  15.4   5   5   1.9e-90   9.8e-89  296.3   0.0   520   771   552   806   532   806 0.94 # 3593285 # 3595705 # 1 # ID=1_3143;partial=00;start_type=ATG;rbs_motif=GGAG/GAGG;rbs_spacer=5-10bp;gc_cont=0.323
1_423                -            486 1863at186802         -            775   2.3e-21   73.5   5.6   1   4    0.0042      0.21    7.5   0.0     5    37    13    45     9    49 0.88 # 509528 # 510985 # 1 # ID=1_423;partial=00;start_type=GTG;rbs_motif=AGGAG/GGAGG;rbs_spacer=11-12bp;gc_cont=0.270
1_423                -            486 1863at186802         -            775   2.3e-21   73.5   5.6   2   4   1.7e-10   8.7e-09   31.9   0.1   658   743   130   214    93   219 0.79 # 509528 # 510985 # 1 # ID=1_423;partial=00;start_type=GTG;rbs_motif=AGGAG/GGAGG;rbs_spacer=11-12bp;gc_cont=0.270
1_423                -            486 1863at186802         -            775   2.3e-21   73.5   5.6   3   4      0.17       8.7    2.1   0.0     8    37   275   304   269   325 0.85 # 509528 # 510985 # 1 # ID=1_423;partial=00;start_type=GTG;rbs_motif=AGGAG/GGAGG;rbs_spacer=11-12bp;gc_cont=0.270
1_423                -            486 1863at186802         -            775   2.3e-21   73.5   5.6   4   4   2.1e-10   1.1e-08   31.6   0.2   649   736   368   451   311   463 0.72 # 509528 # 510985 # 1 # ID=1_423;partial=00;start_type=GTG;rbs_motif=AGGAG/GGAGG;rbs_spacer=11-12bp;gc_cont=0.270
1_730                -            241 1863at186802         -            775   1.8e-15   54.0   0.4   1   2   1.1e-05   0.00054   16.1   0.1     9    37    15    43     8    49 0.90 # 898222 # 898944 # 1 # ID=1_730;partial=00;start_type=ATG;rbs_motif=AGGA;rbs_spacer=5-10bp;gc_cont=0.304
1_730                -            241 1863at186802         -            775   1.8e-15   54.0   0.4   2   2   7.3e-12   3.8e-10   36.4   0.0   652   764   121   224    91   240 0.83 # 898222 # 898944 # 1 # ID=1_730;partial=00;start_type=ATG;rbs_motif=AGGA;rbs_spacer=5-10bp;gc_cont=0.304
1_1432               -            225 1863at186802         -            775   4.9e-15   52.6   1.1   1   2   0.00011    0.0056   12.7   0.1     7    46    18    61    12    85 0.80 # 1661623 # 1662297 # -1 # ID=1_1432;partial=00;start_type=ATG;rbs_motif=None;rbs_spacer=None;gc_cont=0.305
1_1432               -            225 1863at186802         -            775   4.9e-15   52.6   1.1   2   2   1.2e-12     6e-11   39.1   0.1   650   743   126   215    88   219 0.83 # 1661623 # 1662297 # -1 # ID=1_1432;partial=00;start_type=ATG;rbs_motif=None;rbs_spacer=None;gc_cont=0.305
1_350                -            224 1863at186802         -            775   1.6e-14   50.9   1.6   1   2   4.7e-05    0.0024   13.9   0.0     4    37    16    49    12    52 0.91 # 417706 # 418377 # -1 # ID=1_350;partial=00;start_type=ATG;rbs_motif=AGGAGG;rbs_spacer=5-10bp;gc_cont=0.289
1_350                -            224 1863at186802         -            775   1.6e-14   50.9   1.6   2   2     8e-12   4.1e-10   36.3   0.3   608   743    80   214    68   218 0.82 # 417706 # 418377 # -1 # ID=1_350;partial=00;start_type=ATG;rbs_motif=AGGAGG;rbs_spacer=5-10bp;gc_cont=0.289
1_1492               -            499 1863at186802         -            775     4e-14   49.5   9.3   1   4      0.28        14    1.4   0.1   482   510    18    47     4    74 0.67 # 1728076 # 1729572 # 1 # ID=1_1492;partial=00;start_type=GTG;rbs_motif=GGAG/GAGG;rbs_spacer=5-10bp;gc_cont=0.273
1_1492               -            499 1863at186802         -            775     4e-14   49.5   9.3   2   4   5.2e-08   2.7e-06   23.7   0.1   675   738   148   209   114   222 0.84 # 1728076 # 1729572 # 1 # ID=1_1492;partial=00;start_type=GTG;rbs_motif=GGAG/GAGG;rbs_spacer=5-10bp;gc_cont=0.273
1_1492               -            499 1863at186802         -            775     4e-14   49.5   9.3   3   4      0.29        15    1.4   0.1     8    36   270   298   262   306 0.83 # 1728076 # 1729572 # 1 # ID=1_1492;partial=00;start_type=GTG;rbs_motif=GGAG/GAGG;rbs_spacer=5-10bp;gc_cont=0.273
1_1492               -            499 1863at186802         -            775     4e-14   49.5   9.3   4   4   9.4e-09   4.8e-07   26.2   0.3   638   741   369   470   353   477 0.90 # 1728076 # 1729572 # 1 # ID=1_1492;partial=00;start_type=GTG;rbs_motif=GGAG/GAGG;rbs_spacer=5-10bp;gc_cont=0.273
1_3683               -            206 1863at186802         -            775   8.6e-14   48.5   2.7   1   2   0.00085     0.043    9.8   0.1    11    37    17    43     7    62 0.85 # 4146480 # 4147097 # -1 # ID=1_3683;partial=00;start_type=ATG;rbs_motif=AGGAG/GGAGG;rbs_spacer=11-12bp;gc_cont=0.256
1_3683               -            206 1863at186802         -            775   8.6e-14   48.5   2.7   2   2   1.1e-12   5.6e-11   39.2   0.4   629   743    95   205    82   205 0.86 # 4146480 # 4147097 # -1 # ID=1_3683;partial=00;start_type=ATG;rbs_motif=AGGAG/GGAGG;rbs_spacer=11-12bp;gc_cont=0.256
1_170                -            221 1863at186802         -            775   2.6e-13   46.9   4.1   1   2     4e-05    0.0021   14.1   0.1     7    37    19    49     4    58 0.87 # 218096 # 218758 # 1 # ID=1_170;partial=00;start_type=ATG;rbs_motif=AGGAG;rbs_spacer=5-10bp;gc_cont=0.273
1_170                -            221 1863at186802         -            775   2.6e-13   46.9   4.1   2   2   3.4e-11   1.8e-09   34.2   0.8   612   743    84   213    64   216 0.77 # 218096 # 218758 # 1 # ID=1_170;partial=00;start_type=ATG;rbs_motif=AGGAG;rbs_spacer=5-10bp;gc_cont=0.273
1_3066               -            223 1863at186802         -            775   2.7e-13   46.8   1.6   1   2   6.5e-05    0.0034   13.4   0.1    10    38    24    52    15    77 0.88 # 3491053 # 3491721 # -1 # ID=1_3066;partial=00;start_type=ATG;rbs_motif=AGGA;rbs_spacer=5-10bp;gc_cont=0.277
1_3066               -            223 1863at186802         -            775   2.7e-13   46.8   1.6   2   2     9e-11   4.6e-09   32.8   0.3   627   743    99   215    82   219 0.83 # 3491053 # 3491721 # -1 # ID=1_3066;partial=00;start_type=ATG;rbs_motif=AGGA;rbs_spacer=5-10bp;gc_cont=0.277
1_3669               -            243 1863at186802         -            775   4.4e-13   46.1   0.9   1   3    0.0017     0.087    8.8   0.1    11    38    21    48    11    57 0.89 # 4133510 # 4134238 # -1 # ID=1_3669;partial=00;start_type=ATG;rbs_motif=GGAG/GAGG;rbs_spacer=5-10bp;gc_cont=0.322
1_3669               -            243 1863at186802         -            775   4.4e-13   46.1   0.9   2   3      0.85        43   -0.2   0.0   445   494    58   110    47   116 0.76 # 4133510 # 4134238 # -1 # ID=1_3669;partial=00;start_type=ATG;rbs_motif=GGAG/GAGG;rbs_spacer=5-10bp;gc_cont=0.322
1_3669               -            243 1863at186802         -            775   4.4e-13   46.1   0.9   3   3   2.5e-11   1.3e-09   34.7   0.0   346   444   116   215   111   227 0.81 # 4133510 # 4134238 # -1 # ID=1_3669;partial=00;start_type=ATG;rbs_motif=GGAG/GAGG;rbs_spacer=5-10bp;gc_cont=0.322
1_763                -            517 1863at186802         -            775   4.5e-13   46.1   1.1   1   4      0.34        17    1.2   0.0    11   513    17    47    10    68 0.63 # 936832 # 938382 # 1 # ID=1_763;partial=00;start_type=ATG;rbs_motif=GGAG/GAGG;rbs_spacer=5-10bp;gc_cont=0.314
1_763                -            517 1863at186802         -            775   4.5e-13   46.1   1.1   2   4   8.4e-09   4.3e-07   26.3   0.2   643   741   134   227   108   236 0.80 # 936832 # 938382 # 1 # ID=1_763;partial=00;start_type=ATG;rbs_motif=GGAG/GAGG;rbs_spacer=5-10bp;gc_cont=0.314
1_763                -            517 1863at186802         -            775   4.5e-13   46.1   1.1   3   4      0.71        36    0.1   0.0    11    37   338   364   320   372 0.71 # 936832 # 938382 # 1 # ID=1_763;partial=00;start_type=ATG;rbs_motif=GGAG/GAGG;rbs_spacer=5-10bp;gc_cont=0.314
1_763                -            517 1863at186802         -            775   4.5e-13   46.1   1.1   4   4   6.6e-05    0.0034   13.4   0.0   650   728   420   492   383   507 0.64 # 936832 # 938382 # 1 # ID=1_763;partial=00;start_type=ATG;rbs_motif=GGAG/GAGG;rbs_spacer=5-10bp;gc_cont=0.314
1_1695               -            224 1863at186802         -            775   4.1e-12   42.9   0.8   1   2     0.073       3.8    3.4   0.0     7    37    13    43     7    49 0.83 # 1943781 # 1944452 # 1 # ID=1_1695;partial=00;start_type=ATG;rbs_motif=AGGAGG;rbs_spacer=5-10bp;gc_cont=0.290
1_1695               -            224 1863at186802         -            775   4.1e-12   42.9   0.8   2   2   2.2e-12   1.1e-10   38.1   0.1   627   743    93   208    57   214 0.76 # 1943781 # 1944452 # 1 # ID=1_1695;partial=00;start_type=ATG;rbs_motif=AGGAGG;rbs_spacer=5-10bp;gc_cont=0.290
1_3085               -            221 1863at186802         -            775   4.6e-12   42.7   0.5   1   2    0.0017     0.087    8.8   0.0   469   510     5    50     1    60 0.68 # 3516405 # 3517067 # -1 # ID=1_3085;partial=00;start_type=ATG;rbs_motif=GGAGG;rbs_spacer=5-10bp;gc_cont=0.279
1_3085               -            221 1863at186802         -            775   4.6e-12   42.7   0.5   2   2     1e-10   5.2e-09   32.6   0.1   662   743   135   214    95   218 0.88 # 3516405 # 3517067 # -1 # ID=1_3085;partial=00;start_type=ATG;rbs_motif=GGAGG;rbs_spacer=5-10bp;gc_cont=0.279
1_1832               -            229 1863at186802         -            775   8.7e-12   41.8   0.7   1   2   5.5e-05    0.0028   13.7   0.1     6    37    18    49    15    53 0.90 # 2089608 # 2090294 # -1 # ID=1_1832;partial=00;start_type=ATG;rbs_motif=AGGAG;rbs_spacer=5-10bp;gc_cont=0.320
1_1832               -            229 1863at186802         -            775   8.7e-12   41.8   0.7   2   2   5.3e-09   2.7e-07   27.0   0.0   655   745   130   217    81   228 0.79 # 2089608 # 2090294 # -1 # ID=1_1832;partial=00;start_type=ATG;rbs_motif=AGGAG;rbs_spacer=5-10bp;gc_cont=0.320
1_2140               -            250 1863at186802         -            775   8.9e-12   41.8   1.6   1   2    0.0019     0.098    8.6   0.1     9    37    15    43     9    52 0.87 # 2387952 # 2388701 # -1 # ID=1_2140;partial=00;start_type=ATG;rbs_motif=AGxAGG/AGGxGG;rbs_spacer=5-10bp;gc_cont=0.288
1_2140               -            250 1863at186802         -            775   8.9e-12   41.8   1.6   2   2   8.9e-11   4.5e-09   32.8   0.2   649   764   121   227    58   240 0.80 # 2387952 # 2388701 # -1 # ID=1_2140;partial=00;start_type=ATG;rbs_motif=AGxAGG/AGGxGG;rbs_spacer=5-10bp;gc_cont=0.288
1_3406               -            219 1863at186802         -            775     1e-11   41.6   2.6   1   2     0.012      0.63    5.9   0.1   478   511    15    49     4    76 0.85 # 3839338 # 3839994 # -1 # ID=1_3406;partial=00;start_type=ATG;rbs_motif=AGGAG;rbs_spacer=5-10bp;gc_cont=0.277
1_3406               -            219 1863at186802         -            775     1e-11   41.6   2.6   2   2   1.1e-11   5.9e-10   35.8   0.7   318   743    82   202    62   209 0.51 # 3839338 # 3839994 # -1 # ID=1_3406;partial=00;start_type=ATG;rbs_motif=AGGAG;rbs_spacer=5-10bp;gc_cont=0.277
1_2512               -            228 1863at186802         -            775   1.7e-11   40.9   0.9   1   2    0.0001    0.0054   12.8   0.1     9    37    21    49    15    53 0.90 # 2803379 # 2804062 # -1 # ID=1_2512;partial=00;start_type=ATG;rbs_motif=GGAG/GAGG;rbs_spacer=5-10bp;gc_cont=0.319
1_2512               -            228 1863at186802         -            775   1.7e-11   40.9   0.9   2   2   5.5e-09   2.8e-07   26.9   0.1   667   743   140   214   122   224 0.75 # 2803379 # 2804062 # -1 # ID=1_2512;partial=00;start_type=ATG;rbs_motif=GGAG/GAGG;rbs_spacer=5-10bp;gc_cont=0.319
1_3643               -            229 1863at186802         -            775   4.2e-11   39.6   1.4   1   2   0.00014    0.0074   12.3   0.1     7    53    19    75    10   123 0.64 # 4103907 # 4104593 # -1 # ID=1_3643;partial=00;start_type=ATG;rbs_motif=AGGAG;rbs_spacer=5-10bp;gc_cont=0.367
1_3643               -            229 1863at186802         -            775   4.2e-11   39.6   1.4   2   2   5.6e-09   2.9e-07   26.9   0.2   360   441   137   217    97   226 0.77 # 4103907 # 4104593 # -1 # ID=1_3643;partial=00;start_type=ATG;rbs_motif=AGGAG;rbs_spacer=5-10bp;gc_cont=0.367
1_175                -            228 1863at186802         -            775   4.3e-11   39.5   0.9   1   2   0.00034     0.017   11.1   0.1     7    37    19    49    16    54 0.87 # 224196 # 224879 # 1 # ID=1_175;partial=00;start_type=ATG;rbs_motif=AGGAG;rbs_spacer=5-10bp;gc_cont=0.310
1_175                -            228 1863at186802         -            775   4.3e-11   39.5   0.9   2   2   3.6e-09   1.9e-07   27.5   0.1   667   743   140   214    70   221 0.87 # 224196 # 224879 # 1 # ID=1_175;partial=00;start_type=ATG;rbs_motif=AGGAG;rbs_spacer=5-10bp;gc_cont=0.310
1_3385               -            513 1863at186802         -            775   5.2e-11   39.3   0.7   1   4       4.3   2.2e+02   -2.5   0.0   496   514    32    50    23    55 0.79 # 3816797 # 3818335 # 1 # ID=1_3385;partial=00;start_type=ATG;rbs_motif=AGGAG;rbs_spacer=5-10bp;gc_cont=0.294
1_3385               -            513 1863at186802         -            775   5.2e-11   39.3   0.7   2   4   4.8e-06   0.00024   17.2   0.1   640   742   130   228    71   239 0.65 # 3816797 # 3818335 # 1 # ID=1_3385;partial=00;start_type=ATG;rbs_motif=AGGAG;rbs_spacer=5-10bp;gc_cont=0.294
1_3385               -            513 1863at186802         -            775   5.2e-11   39.3   0.7   3   4       0.3        15    1.3   0.0   495   513   348   366   332   382 0.68 # 3816797 # 3818335 # 1 # ID=1_3385;partial=00;start_type=ATG;rbs_motif=AGGAG;rbs_spacer=5-10bp;gc_cont=0.294
1_3385               -            513 1863at186802         -            775   5.2e-11   39.3   0.7   4   4   7.1e-06   0.00037   16.6   0.0   346   428   419   496   410   509 0.85 # 3816797 # 3818335 # 1 # ID=1_3385;partial=00;start_type=ATG;rbs_motif=AGGAG;rbs_spacer=5-10bp;gc_cont=0.294
1_2861               -            261 1863at186802         -            775   7.8e-11   38.7   2.0   1   2     0.002      0.11    8.5   0.2     9   510    17    46     5    67 0.64 # 3241859 # 3242641 # -1 # ID=1_2861;partial=00;start_type=ATG;rbs_motif=GGA/GAG/AGG;rbs_spacer=5-10bp;gc_cont=0.309
1_2861               -            261 1863at186802         -            775   7.8e-11   38.7   2.0   2   2   6.9e-10   3.5e-08   29.9   0.1   667   764   138   228   123   235 0.85 # 3241859 # 3242641 # -1 # ID=1_2861;partial=00;start_type=ATG;rbs_motif=GGA/GAG/AGG;rbs_spacer=5-10bp;gc_cont=0.309
1_1824               -            229 1863at186802         -            775   1.3e-10   37.9   0.5   1   2   8.5e-05    0.0044   13.1   0.1     5    38    23    56    15    61 0.86 # 2077518 # 2078204 # -1 # ID=1_1824;partial=00;start_type=ATG;rbs_motif=GGAGG;rbs_spacer=5-10bp;gc_cont=0.303
1_1824               -            229 1863at186802         -            775   1.3e-10   37.9   0.5   2   2   6.7e-08   3.4e-06   23.3   0.0   640   741   121   220    97   225 0.81 # 2077518 # 2078204 # -1 # ID=1_1824;partial=00;start_type=ATG;rbs_motif=GGAGG;rbs_spacer=5-10bp;gc_cont=0.303
1_1365               -            226 1863at186802         -            775   2.9e-10   36.8   1.4   1   2   4.3e-05    0.0022   14.0   0.1     6    37    18    49    15    53 0.90 # 1581021 # 1581698 # 1 # ID=1_1365;partial=00;start_type=ATG;rbs_motif=GGAGG;rbs_spacer=5-10bp;gc_cont=0.294
1_1365               -            226 1863at186802         -            775   2.9e-10   36.8   1.4   2   2   1.8e-07     9e-06   21.9   0.1   364   438   141   214   117   222 0.60 # 1581021 # 1581698 # 1 # ID=1_1365;partial=00;start_type=ATG;rbs_motif=GGAGG;rbs_spacer=5-10bp;gc_cont=0.294
1_3585               -            332 1863at186802         -            775   3.4e-10   36.6   0.2   1   2   0.00075     0.039    9.9   0.0     8    37    16    45     9    75 0.85 # 4043473 # 4044468 # -1 # ID=1_3585;partial=00;start_type=ATG;rbs_motif=AGGAGG;rbs_spacer=5-10bp;gc_cont=0.302
1_3585               -            332 1863at186802         -            775   3.4e-10   36.6   0.2   2   2   2.5e-08   1.3e-06   24.8   0.0   336   455   109   218    90   238 0.77 # 4043473 # 4044468 # -1 # ID=1_3585;partial=00;start_type=ATG;rbs_motif=AGGAGG;rbs_spacer=5-10bp;gc_cont=0.302
1_2875               -            330 1863at186802         -            775   5.9e-10   35.8   0.0   1   2     0.038         2    4.3   0.0     8    37    16    45     9    51 0.86 # 3256543 # 3257532 # -1 # ID=1_2875;partial=00;start_type=ATG;rbs_motif=AGGAG;rbs_spacer=5-10bp;gc_cont=0.291
1_2875               -            330 1863at186802         -            775   5.9e-10   35.8   0.0   2   2     1e-09   5.3e-08   29.3   0.0   341   460   110   223    78   238 0.70 # 3256543 # 3257532 # -1 # ID=1_2875;partial=00;start_type=ATG;rbs_motif=AGGAG;rbs_spacer=5-10bp;gc_cont=0.291
1_2434               -            370 1863at186802         -            775   9.2e-10   35.1   0.2   1   2   0.00053     0.027   10.4   0.0     9    36    18    45    12    50 0.91 # 2708539 # 2709648 # 1 # ID=1_2434;partial=00;start_type=ATG;rbs_motif=AGGAGG;rbs_spacer=5-10bp;gc_cont=0.299
1_2434               -            370 1863at186802         -            775   9.2e-10   35.1   0.2   2   2   1.3e-07   6.9e-06   22.3   0.0   353   439   122   209    94   217 0.81 # 2708539 # 2709648 # 1 # ID=1_2434;partial=00;start_type=ATG;rbs_motif=AGGAGG;rbs_spacer=5-10bp;gc_cont=0.299
1_111                -            289 1863at186802         -            775   1.6e-09   34.4   0.0   1   2      0.05       2.5    3.9   0.0     9    37    21    49    17    54 0.87 # 126292 # 127158 # 1 # ID=1_111;partial=00;start_type=ATG;rbs_motif=3Base/5BMM;rbs_spacer=13-15bp;gc_cont=0.319
1_111                -            289 1863at186802         -            775   1.6e-09   34.4   0.0   2   2   2.2e-09   1.1e-07   28.2   0.0   644   743   118   218    94   243 0.56 # 126292 # 127158 # 1 # ID=1_111;partial=00;start_type=ATG;rbs_motif=3Base/5BMM;rbs_spacer=13-15bp;gc_cont=0.319
1_1838               -            222 1863at186802         -            775   1.7e-09   34.3   1.4   1   2    0.0016     0.083    8.8   0.1     9    37    21    49     4    55 0.80 # 2095225 # 2095890 # 1 # ID=1_1838;partial=00;start_type=ATG;rbs_motif=AGGAGG;rbs_spacer=5-10bp;gc_cont=0.296
1_1838               -            222 1863at186802         -            775   1.7e-09   34.3   1.4   2   2   2.5e-08   1.3e-06   24.7   0.1   665   743   138   214   124   218 0.83 # 2095225 # 2095890 # 1 # ID=1_1838;partial=00;start_type=ATG;rbs_motif=AGGAGG;rbs_spacer=5-10bp;gc_cont=0.296
1_110                -            278 1863at186802         -            775   2.6e-09   33.6   1.1   1   2    0.0014     0.072    9.0   0.1     5    38    18    51    14    59 0.89 # 125471 # 126304 # 1 # ID=1_110;partial=00;start_type=ATG;rbs_motif=AGGAG;rbs_spacer=5-10bp;gc_cont=0.306
1_110                -            278 1863at186802         -            775   2.6e-09   33.6   1.1   2   2   5.5e-08   2.8e-06   23.6   0.1   644   766   118   232    87   239 0.79 # 125471 # 126304 # 1 # ID=1_110;partial=00;start_type=ATG;rbs_motif=AGGAG;rbs_spacer=5-10bp;gc_cont=0.306
1_472                -            223 1863at186802         -            775   2.9e-09   33.5   1.5   1   2    0.0003     0.015   11.2   0.2     7    37    18    48     5    53 0.83 # 568343 # 569011 # -1 # ID=1_472;partial=00;start_type=ATG;rbs_motif=AGGAG;rbs_spacer=5-10bp;gc_cont=0.308
1_472                -            223 1863at186802         -            775   2.9e-09   33.5   1.5   2   2   2.4e-07   1.2e-05   21.5   0.1   665   742   137   212   119   216 0.83 # 568343 # 569011 # -1 # ID=1_472;partial=00;start_type=ATG;rbs_motif=AGGAG;rbs_spacer=5-10bp;gc_cont=0.308
1_3589               -            289 1863at186802         -            775   4.5e-09   32.9   1.3   1   2     0.044       2.3    4.1   0.0   486   514    57    86    50    98 0.60 # 4047233 # 4048099 # -1 # ID=1_3589;partial=00;start_type=ATG;rbs_motif=AGGAGG;rbs_spacer=5-10bp;gc_cont=0.308
1_3589               -            289 1863at186802         -            775   4.5e-09   32.9   1.3   2   2   2.8e-09   1.4e-07   27.9   0.2   652   743   167   257   141   287 0.77 # 4047233 # 4048099 # -1 # ID=1_3589;partial=00;start_type=ATG;rbs_motif=AGGAGG;rbs_spacer=5-10bp;gc_cont=0.308
1_878                -            379 1863at186802         -            775   7.2e-09   32.2   1.4   1   2     0.056       2.9    3.8   0.2    10    36    16    42     2    69 0.73 # 1061526 # 1062662 # 1 # ID=1_878;partial=00;start_type=ATG;rbs_motif=GGA/GAG/AGG;rbs_spacer=5-10bp;gc_cont=0.307
1_878                -            379 1863at186802         -            775   7.2e-09   32.2   1.4   2   2   3.6e-09   1.9e-07   27.5   0.1   334   436   104   208    74   227 0.84 # 1061526 # 1062662 # 1 # ID=1_878;partial=00;start_type=ATG;rbs_motif=GGA/GAG/AGG;rbs_spacer=5-10bp;gc_cont=0.307
1_452                -            228 1863at186802         -            775   7.3e-09   32.2   1.9   1   2   0.00017    0.0087   12.1   0.2     6    37    18    49    11    56 0.89 # 548347 # 549030 # 1 # ID=1_452;partial=00;start_type=ATG;rbs_motif=AGGAG;rbs_spacer=5-10bp;gc_cont=0.319
1_452                -            228 1863at186802         -            775   7.3e-09   32.2   1.9   2   2   7.8e-07     4e-05   19.8   0.1   662   743   135   214   112   225 0.75 # 548347 # 549030 # 1 # ID=1_452;partial=00;start_type=ATG;rbs_motif=AGGAG;rbs_spacer=5-10bp;gc_cont=0.319
1_988                -            567 1863at186802         -            775     1e-08   31.7   0.5   1   2      0.19       9.6    2.0   0.0     8   510   345   375   329   401 0.67 # 1198181 # 1199881 # 1 # ID=1_988;partial=00;start_type=ATG;rbs_motif=AGGAGG;rbs_spacer=11-12bp;gc_cont=0.289
1_988                -            567 1863at186802         -            775     1e-08   31.7   0.5   2   2     3e-09   1.6e-07   27.8   0.1   641   753   443   549   431   562 0.85 # 1198181 # 1199881 # 1 # ID=1_988;partial=00;start_type=ATG;rbs_motif=AGGAGG;rbs_spacer=11-12bp;gc_cont=0.289
1_1391               -            322 1863at186802         -            775     1e-08   31.7   3.6   1   3     0.014      0.74    5.7   0.0     9    37    15    43     2    56 0.66 # 1614330 # 1615295 # 1 # ID=1_1391;partial=00;start_type=ATG;rbs_motif=GGAGG;rbs_spacer=5-10bp;gc_cont=0.295
1_1391               -            322 1863at186802         -            775     1e-08   31.7   3.6   2   3   5.3e-09   2.7e-07   27.0   0.2   643   737   111   203    91   236 0.77 # 1614330 # 1615295 # 1 # ID=1_1391;partial=00;start_type=ATG;rbs_motif=GGAGG;rbs_spacer=5-10bp;gc_cont=0.295
1_1391               -            322 1863at186802         -            775     1e-08   31.7   3.6   3   3       6.6   3.4e+02   -3.1   0.1   260   293   250   283   247   306 0.71 # 1614330 # 1615295 # 1 # ID=1_1391;partial=00;start_type=ATG;rbs_motif=GGAGG;rbs_spacer=5-10bp;gc_cont=0.295
1_951                -            287 1863at186802         -            775   1.4e-08   31.3   3.4   1   3     0.019      0.96    5.3   0.1   482   528    14    60     4    88 0.64 # 1165738 # 1166598 # 1 # ID=1_951;partial=00;start_type=GTG;rbs_motif=GGAG/GAGG;rbs_spacer=5-10bp;gc_cont=0.272
1_951                -            287 1863at186802         -            775   1.4e-08   31.3   3.4   2   3     1e-08   5.2e-07   26.0   0.1   668   743   126   200   118   208 0.86 # 1165738 # 1166598 # 1 # ID=1_951;partial=00;start_type=GTG;rbs_motif=GGAG/GAGG;rbs_spacer=5-10bp;gc_cont=0.272
1_951                -            287 1863at186802         -            775   1.4e-08   31.3   3.4   3   3       2.2   1.1e+02   -1.6   0.1   300   330   242   272   224   278 0.81 # 1165738 # 1166598 # 1 # ID=1_951;partial=00;start_type=GTG;rbs_motif=GGAG/GAGG;rbs_spacer=5-10bp;gc_cont=0.272
1_320                -            504 1863at186802         -            775   1.5e-08   31.2   7.5   1   4       6.1   3.1e+02   -3.0   0.0   484   510    21    48    18    55 0.59 # 376356 # 377867 # 1 # ID=1_320;partial=00;start_type=ATG;rbs_motif=AGGAG;rbs_spacer=5-10bp;gc_cont=0.294
1_320                -            504 1863at186802         -            775   1.5e-08   31.2   7.5   2   4   1.6e-05   0.00084   15.4   0.2   667   740   140   211    92   230 0.82 # 376356 # 377867 # 1 # ID=1_320;partial=00;start_type=ATG;rbs_motif=AGGAG;rbs_spacer=5-10bp;gc_cont=0.294
1_320                -            504 1863at186802         -            775   1.5e-08   31.2   7.5   3   4   7.1e-05    0.0036   13.3   1.4   680   740   153   211   142   324 0.58 # 376356 # 377867 # 1 # ID=1_320;partial=00;start_type=ATG;rbs_motif=AGGAG;rbs_spacer=5-10bp;gc_cont=0.294
1_320                -            504 1863at186802         -            775   1.5e-08   31.2   7.5   4   4   3.1e-06   0.00016   17.8   0.2   661   743   390   470   343   487 0.82 # 376356 # 377867 # 1 # ID=1_320;partial=00;start_type=ATG;rbs_motif=AGGAG;rbs_spacer=5-10bp;gc_cont=0.294
1_340                -            274 1863at186802         -            775   4.6e-08   29.5   2.1   1   2    0.0057      0.29    7.0   0.1   481   511    16    47     5    55 0.62 # 403131 # 403952 # 1 # ID=1_340;partial=00;start_type=ATG;rbs_motif=AGxAGG/AGGxGG;rbs_spacer=5-10bp;gc_cont=0.270
1_340                -            274 1863at186802         -            775   4.6e-08   29.5   2.1   2   2   1.3e-07   6.8e-06   22.3   0.2   645   743   115   211    95   231 0.79 # 403131 # 403952 # 1 # ID=1_340;partial=00;start_type=ATG;rbs_motif=AGxAGG/AGGxGG;rbs_spacer=5-10bp;gc_cont=0.270
1_2978               -            251 1863at186802         -            775   5.6e-08   29.2   0.2   1   2    0.0003     0.015   11.3   0.1     3    37    16    50    14    61 0.89 # 3377795 # 3378547 # -1 # ID=1_2978;partial=00;start_type=ATG;rbs_motif=GGAGG;rbs_spacer=5-10bp;gc_cont=0.275
1_2978               -            251 1863at186802         -            775   5.6e-08   29.2   0.2   2   2   1.3e-05   0.00069   15.7   0.0   644   730   120   204    79   221 0.68 # 3377795 # 3378547 # -1 # ID=1_2978;partial=00;start_type=ATG;rbs_motif=GGAGG;rbs_spacer=5-10bp;gc_cont=0.275
1_835                -            338 1863at186802         -            775   8.9e-08   28.6   2.7   1   2     0.034       1.7    4.5   0.1     5    43    14    52    10   113 0.61 # 1010271 # 1011284 # 1 # ID=1_835;partial=00;start_type=TTG;rbs_motif=GGA/GAG/AGG;rbs_spacer=5-10bp;gc_cont=0.329
1_835                -            338 1863at186802         -            775   8.9e-08   28.6   2.7   2   2   3.2e-08   1.7e-06   24.4   0.6   646   763   126   238   105   242 0.76 # 1010271 # 1011284 # 1 # ID=1_835;partial=00;start_type=TTG;rbs_motif=GGA/GAG/AGG;rbs_spacer=5-10bp;gc_cont=0.329
1_2652               -            326 1863at186802         -            775   9.4e-08   28.5   1.5   1   2      0.52        27    0.5   0.1    10    41    24    55    18   117 0.71 # 2964113 # 2965090 # -1 # ID=1_2652;partial=00;start_type=ATG;rbs_motif=AGGAG;rbs_spacer=5-10bp;gc_cont=0.307
1_2652               -            326 1863at186802         -            775   9.4e-08   28.5   1.5   2   2   6.4e-09   3.3e-07   26.7   0.2   668   740   154   225   148   231 0.86 # 2964113 # 2965090 # -1 # ID=1_2652;partial=00;start_type=ATG;rbs_motif=AGGAG;rbs_spacer=5-10bp;gc_cont=0.307
1_2921               -            399 1863at186802         -            775     1e-07   28.4   3.7   1   2      0.28        14    1.4   0.3   484   511    17    45     5    72 0.69 # 3309407 # 3310603 # -1 # ID=1_2921;partial=00;start_type=ATG;rbs_motif=GGA/GAG/AGG;rbs_spacer=5-10bp;gc_cont=0.277
1_2921               -            399 1863at186802         -            775     1e-07   28.4   3.7   2   2   3.5e-09   1.8e-07   27.6   0.3   667   764   136   226    91   229 0.84 # 3309407 # 3310603 # -1 # ID=1_2921;partial=00;start_type=ATG;rbs_motif=GGA/GAG/AGG;rbs_spacer=5-10bp;gc_cont=0.277
1_1526               -            242 1863at186802         -            775   1.3e-07   28.0   1.4   1   2   5.4e-05    0.0028   13.7   0.2     8    37    26    55    18    60 0.85 # 1761887 # 1762612 # 1 # ID=1_1526;partial=00;start_type=ATG;rbs_motif=AGGAG;rbs_spacer=5-10bp;gc_cont=0.281
1_1526               -            242 1863at186802         -            775   1.3e-07   28.0   1.4   2   2   5.7e-05    0.0029   13.6   0.1   660   764   128   224    88   235 0.73 # 1761887 # 1762612 # 1 # ID=1_1526;partial=00;start_type=ATG;rbs_motif=AGGAG;rbs_spacer=5-10bp;gc_cont=0.281
1_585                -            251 1863at186802         -            775     2e-07   27.4   0.1   1   2    0.0003     0.015   11.3   0.0    10    37    20    47    12    53 0.85 # 710754 # 711506 # -1 # ID=1_585;partial=00;start_type=ATG;rbs_motif=GGAG/GAGG;rbs_spacer=5-10bp;gc_cont=0.316
1_585                -            251 1863at186802         -            775     2e-07   27.4   0.1   2   2   3.5e-05    0.0018   14.3   0.0   654   741   128   212    97   226 0.57 # 710754 # 711506 # -1 # ID=1_585;partial=00;start_type=ATG;rbs_motif=GGAG/GAGG;rbs_spacer=5-10bp;gc_cont=0.316
1_925                -            348 1863at186802         -            775   3.3e-07   26.7   0.0   1   2     0.077       3.9    3.3   0.0    10    36    20    46    11    85 0.88 # 1118055 # 1119098 # 1 # ID=1_925;partial=00;start_type=TTG;rbs_motif=GGAG/GAGG;rbs_spacer=5-10bp;gc_cont=0.296
1_925                -            348 1863at186802         -            775   3.3e-07   26.7   0.0   2   2   2.3e-07   1.2e-05   21.5   0.0   348   441   120   212    91   235 0.79 # 1118055 # 1119098 # 1 # ID=1_925;partial=00;start_type=TTG;rbs_motif=GGAG/GAGG;rbs_spacer=5-10bp;gc_cont=0.296
1_3212               -            255 1863at186802         -            775   4.2e-07   26.3   0.4   1   2    0.0024      0.12    8.3   0.0     8    37    21    50    14    75 0.79 # 3673078 # 3673842 # -1 # ID=1_3212;partial=00;start_type=ATG;rbs_motif=GGAG/GAGG;rbs_spacer=5-10bp;gc_cont=0.320
1_3212               -            255 1863at186802         -            775   4.2e-07   26.3   0.4   2   2   8.5e-06   0.00043   16.4   0.1   662   732   144   210   123   219 0.88 # 3673078 # 3673842 # -1 # ID=1_3212;partial=00;start_type=ATG;rbs_motif=GGAG/GAGG;rbs_spacer=5-10bp;gc_cont=0.320
1_3165               -            254 1863at186802         -            775   6.1e-07   25.8   0.7   1   2    0.0089      0.46    6.4   0.1    10    37    19    46     8    55 0.80 # 3614623 # 3615384 # -1 # ID=1_3165;partial=00;start_type=ATG;rbs_motif=GGAGG;rbs_spacer=5-10bp;gc_cont=0.294
1_3165               -            254 1863at186802         -            775   6.1e-07   25.8   0.7   2   2   2.8e-06   0.00014   18.0   0.0   629   731    92   199    81   215 0.75 # 3614623 # 3615384 # -1 # ID=1_3165;partial=00;start_type=ATG;rbs_motif=GGAGG;rbs_spacer=5-10bp;gc_cont=0.294
1_1444               -            272 1863at186802         -            775   7.2e-07   25.6   0.5   1   2    0.0016     0.084    8.8   0.1    10    37    44    71    13    87 0.80 # 1676723 # 1677538 # 1 # ID=1_1444;partial=00;start_type=ATG;rbs_motif=GGA/GAG/AGG;rbs_spacer=5-10bp;gc_cont=0.288
1_1444               -            272 1863at186802         -            775   7.2e-07   25.6   0.5   2   2   1.7e-05   0.00086   15.4   0.0   358   741   159   236   102   244 0.58 # 1676723 # 1677538 # 1 # ID=1_1444;partial=00;start_type=ATG;rbs_motif=GGA/GAG/AGG;rbs_spacer=5-10bp;gc_cont=0.288
1_836                -            315 1863at186802         -            775   7.3e-07   25.5   0.2   1   2      0.12       6.1    2.7   0.1     7    37    23    53    19   114 0.84 # 1011277 # 1012221 # 1 # ID=1_836;partial=00;start_type=ATG;rbs_motif=GGA/GAG/AGG;rbs_spacer=5-10bp;gc_cont=0.293
1_836                -            315 1863at186802         -            775   7.3e-07   25.5   0.2   2   2   3.2e-07   1.7e-05   21.1   0.0   641   736   126   219   106   231 0.84 # 1011277 # 1012221 # 1 # ID=1_836;partial=00;start_type=ATG;rbs_motif=GGA/GAG/AGG;rbs_spacer=5-10bp;gc_cont=0.293
1_1436               -            256 1863at186802         -            775   9.2e-07   25.2   0.4   1   2    0.0012     0.059    9.3   0.1   472   513    12    54     2    66 0.64 # 1665636 # 1666403 # 1 # ID=1_1436;partial=00;start_type=ATG;rbs_motif=GGA/GAG/AGG;rbs_spacer=11-12bp;gc_cont=0.290
1_1436               -            256 1863at186802         -            775   9.2e-07   25.2   0.4   2   2   4.3e-05    0.0022   14.0   0.0   341   428   121   207    83   229 0.60 # 1665636 # 1666403 # 1 # ID=1_1436;partial=00;start_type=ATG;rbs_motif=GGA/GAG/AGG;rbs_spacer=11-12bp;gc_cont=0.290
1_1511               -            321 1863at186802         -            775   1.9e-06   24.2   0.1   1   2       1.4        70   -0.9   0.0   489   511    25    48     4    57 0.60 # 1746349 # 1747311 # -1 # ID=1_1511;partial=00;start_type=ATG;rbs_motif=AGGAGG;rbs_spacer=5-10bp;gc_cont=0.291
1_1511               -            321 1863at186802         -            775   1.9e-06   24.2   0.1   2   2   1.2e-07   6.4e-06   22.4   0.0   637   771   103   231    75   235 0.75 # 1746349 # 1747311 # -1 # ID=1_1511;partial=00;start_type=ATG;rbs_motif=AGGAGG;rbs_spacer=5-10bp;gc_cont=0.291
1_2909               -            249 1863at186802         -            775   2.4e-06   23.8   0.6   1   2    0.0096      0.49    6.3   0.1   482   513    20    52     2    58 0.66 # 3296652 # 3297398 # -1 # ID=1_2909;partial=00;start_type=ATG;rbs_motif=AGGA;rbs_spacer=5-10bp;gc_cont=0.300
1_2909               -            249 1863at186802         -            775   2.4e-06   23.8   0.6   2   2   9.7e-06    0.0005   16.2   0.0   619   729    90   201    79   213 0.72 # 3296652 # 3297398 # -1 # ID=1_2909;partial=00;start_type=ATG;rbs_motif=AGGA;rbs_spacer=5-10bp;gc_cont=0.300
1_2914               -            293 1863at186802         -            775   3.1e-06   23.5   1.7   1   3    0.0022      0.11    8.4   0.0     9    38    27    56    19    79 0.83 # 3301613 # 3302491 # -1 # ID=1_2914;partial=00;start_type=ATG;rbs_motif=GGxGG;rbs_spacer=5-10bp;gc_cont=0.266
1_2914               -            293 1863at186802         -            775   3.1e-06   23.5   1.7   2   3      0.91        46   -0.3   0.3   134   190   100   158    96   174 0.77 # 3301613 # 3302491 # -1 # ID=1_2914;partial=00;start_type=ATG;rbs_motif=GGxGG;rbs_spacer=5-10bp;gc_cont=0.266
1_2914               -            293 1863at186802         -            775   3.1e-06   23.5   1.7   3   3   0.00011    0.0058   12.6   0.0   667   739   176   247   161   258 0.82 # 3301613 # 3302491 # -1 # ID=1_2914;partial=00;start_type=ATG;rbs_motif=GGxGG;rbs_spacer=5-10bp;gc_cont=0.266
1_2651               -            324 1863at186802         -            775   7.3e-06   22.3   0.3   1   2       1.8        90   -1.2   0.0    14   509    37    60    28    78 0.59 # 2963141 # 2964112 # -1 # ID=1_2651;partial=00;start_type=TTG;rbs_motif=AGGAGG;rbs_spacer=5-10bp;gc_cont=0.295
1_2651               -            324 1863at186802         -            775   7.3e-06   22.3   0.3   2   2   4.2e-07   2.1e-05   20.7   0.0   644   737   132   224   108   236 0.78 # 2963141 # 2964112 # -1 # ID=1_2651;partial=00;start_type=TTG;rbs_motif=AGGAGG;rbs_spacer=5-10bp;gc_cont=0.295
1_2286               -            232 1863at186802         -            775   8.7e-06   22.0   0.0   1   2     0.042       2.1    4.2   0.0    10    41    15    45    10    67 0.73 # 2550179 # 2550874 # 1 # ID=1_2286;partial=00;start_type=ATG;rbs_motif=3Base/5BMM;rbs_spacer=13-15bp;gc_cont=0.256
1_2286               -            232 1863at186802         -            775   8.7e-06   22.0   0.0   2   2     1e-05   0.00053   16.1   0.0   628   732    85   192    69   210 0.76 # 2550179 # 2550874 # 1 # ID=1_2286;partial=00;start_type=ATG;rbs_motif=3Base/5BMM;rbs_spacer=13-15bp;gc_cont=0.256
1_1515               -            239 1863at186802         -            775   9.5e-06   21.9   2.7   1   2     0.004      0.21    7.5   0.2     7    37    21    51    13    58 0.81 # 1748557 # 1749273 # 1 # ID=1_1515;partial=00;start_type=ATG;rbs_motif=GGAGG;rbs_spacer=5-10bp;gc_cont=0.285
1_1515               -            239 1863at186802         -            775   9.5e-06   21.9   2.7   2   2     3e-05    0.0015   14.6   0.2   629   735    93   196    67   218 0.78 # 1748557 # 1749273 # 1 # ID=1_1515;partial=00;start_type=ATG;rbs_motif=GGAGG;rbs_spacer=5-10bp;gc_cont=0.285
1_1522               -            265 1863at186802         -            775   2.1e-05   20.7   0.4   1   2       2.5   1.3e+02   -1.7   0.1    10   509    39    66    20    72 0.48 # 1756260 # 1757054 # 1 # ID=1_1522;partial=00;start_type=ATG;rbs_motif=AGGAG/GGAGG;rbs_spacer=11-12bp;gc_cont=0.294
1_1522               -            265 1863at186802         -            775   2.1e-05   20.7   0.4   2   2   8.6e-07   4.4e-05   19.7   0.0   666   764   153   243   107   254 0.76 # 1756260 # 1757054 # 1 # ID=1_1522;partial=00;start_type=ATG;rbs_motif=AGGAG/GGAGG;rbs_spacer=11-12bp;gc_cont=0.294
1_3588               -            238 1863at186802         -            775   2.5e-05   20.5   0.1   1   2     0.069       3.5    3.4   0.1    12   512    28    56    19    73 0.67 # 4046479 # 4047192 # -1 # ID=1_3588;partial=00;start_type=ATG;rbs_motif=GGxGG;rbs_spacer=11-12bp;gc_cont=0.296
1_3588               -            238 1863at186802         -            775   2.5e-05   20.5   0.1   2   2   2.1e-05    0.0011   15.1   0.0   668   736   153   218   148   230 0.87 # 4046479 # 4047192 # -1 # ID=1_3588;partial=00;start_type=ATG;rbs_motif=GGxGG;rbs_spacer=11-12bp;gc_cont=0.296
1_1385               -            244 1863at186802         -            775   3.5e-05   20.0   0.2   1   2    0.0082      0.42    6.5   0.1    10    37    24    51    15    55 0.86 # 1608873 # 1609604 # 1 # ID=1_1385;partial=00;start_type=ATG;rbs_motif=AGxAGG/AGGxGG;rbs_spacer=5-10bp;gc_cont=0.277
1_1385               -            244 1863at186802         -            775   3.5e-05   20.0   0.2   2   2   0.00021     0.011   11.8   0.0   667   741   130   203    97   209 0.80 # 1608873 # 1609604 # 1 # ID=1_1385;partial=00;start_type=ATG;rbs_motif=AGxAGG/AGGxGG;rbs_spacer=5-10bp;gc_cont=0.277
1_1237               -            236 1863at186802         -            775   9.7e-05   18.5   1.2   1   2       1.3        64   -0.7   0.1     9    37    19    47     8    54 0.77 # 1456658 # 1457365 # 1 # ID=1_1237;partial=00;start_type=ATG;rbs_motif=AGGA;rbs_spacer=5-10bp;gc_cont=0.323
1_1237               -            236 1863at186802         -            775   9.7e-05   18.5   1.2   2   2   3.2e-06   0.00016   17.8   0.1   664   735   125   193    89   221 0.84 # 1456658 # 1457365 # 1 # ID=1_1237;partial=00;start_type=ATG;rbs_motif=AGGA;rbs_spacer=5-10bp;gc_cont=0.323
1_1154               -            312 1863at186802         -            775   0.00012   18.2   1.4   1   2      0.32        16    1.2   0.2   484   514    19    50     3    63 0.71 # 1364279 # 1365214 # -1 # ID=1_1154;partial=00;start_type=ATG;rbs_motif=GGAGG;rbs_spacer=5-10bp;gc_cont=0.264
1_1154               -            312 1863at186802         -            775   0.00012   18.2   1.4   2   2   1.2e-05   0.00063   15.8   0.1   647   735   114   199    87   225 0.79 # 1364279 # 1365214 # -1 # ID=1_1154;partial=00;start_type=ATG;rbs_motif=GGAGG;rbs_spacer=5-10bp;gc_cont=0.264
1_640                -            305 1863at186802         -            775   0.00014   18.0   0.2   1   2      0.87        45   -0.2   0.0    11   508    20    45     6    54 0.64 # 781295 # 782209 # -1 # ID=1_640;partial=00;start_type=ATG;rbs_motif=GGA/GAG/AGG;rbs_spacer=5-10bp;gc_cont=0.307
1_640                -            305 1863at186802         -            775   0.00014   18.0   0.2   2   2   1.3e-05   0.00069   15.7   0.1   665   736   129   198    96   221 0.80 # 781295 # 782209 # -1 # ID=1_640;partial=00;start_type=ATG;rbs_motif=GGA/GAG/AGG;rbs_spacer=5-10bp;gc_cont=0.307
1_3149               -            282 1863at186802         -            775   0.00021   17.4   0.1   1   2   1.1e-05   0.00056   16.0   0.0   662   731   125   191    88   207 0.80 # 3601610 # 3602455 # -1 # ID=1_3149;partial=00;start_type=ATG;rbs_motif=AGGAGG;rbs_spacer=5-10bp;gc_cont=0.284
1_3149               -            282 1863at186802         -            775   0.00021   17.4   0.1   2   2       3.9     2e+02   -2.3   0.1   611   659   225   275   215   277 0.77 # 3601610 # 3602455 # -1 # ID=1_3149;partial=00;start_type=ATG;rbs_motif=AGGAGG;rbs_spacer=5-10bp;gc_cont=0.284
1_2066               -            236 1863at186802         -            775   0.00055   16.0   0.0   1   1   1.5e-05   0.00076   15.6   0.0   670   764   134   220    95   229 0.79 # 2307235 # 2307942 # -1 # ID=1_2066;partial=00;start_type=ATG;rbs_motif=GGAGG;rbs_spacer=5-10bp;gc_cont=0.288
1_1671               -            282 1863at186802         -            775   0.00063   15.8   0.3   1   2      0.34        17    1.2   0.0     9    37    15    43     9    49 0.84 # 1918456 # 1919301 # 1 # ID=1_1671;partial=00;start_type=ATG;rbs_motif=GGA/GAG/AGG;rbs_spacer=5-10bp;gc_cont=0.268
1_1671               -            282 1863at186802         -            775   0.00063   15.8   0.3   2   2   0.00013    0.0068   12.4   0.1   630   739    89   197    63   205 0.76 # 1918456 # 1919301 # 1 # ID=1_1671;partial=00;start_type=ATG;rbs_motif=GGA/GAG/AGG;rbs_spacer=5-10bp;gc_cont=0.268
1_1803               -            200 1863at186802         -            775     0.001   15.1   0.3   1   2    0.0068      0.35    6.8   0.1   482   511    23    53     6    73 0.67 # 2059721 # 2060320 # -1 # ID=1_1803;partial=00;start_type=ATG;rbs_motif=AGxAGG/AGGxGG;rbs_spacer=5-10bp;gc_cont=0.288
1_1803               -            200 1863at186802         -            775     0.001   15.1   0.3   2   2    0.0059       0.3    7.0   0.0   667   731   127   189    83   197 0.75 # 2059721 # 2060320 # -1 # ID=1_1803;partial=00;start_type=ATG;rbs_motif=AGxAGG/AGGxGG;rbs_spacer=5-10bp;gc_cont=0.288
1_849                -            359 1863at186802         -            775    0.0013   14.8   0.1   1   2       6.5   3.3e+02   -3.1   0.1   487   508    18    39    12    46 0.59 # 1025618 # 1026694 # 1 # ID=1_849;partial=00;start_type=TTG;rbs_motif=GGAG/GAGG;rbs_spacer=5-10bp;gc_cont=0.305
1_849                -            359 1863at186802         -            775    0.0013   14.8   0.1   2   2   4.7e-05    0.0024   13.9   0.0   667   741   131   204    91   213 0.65 # 1025618 # 1026694 # 1 # ID=1_849;partial=00;start_type=TTG;rbs_motif=GGAG/GAGG;rbs_spacer=5-10bp;gc_cont=0.305
1_2335               -            251 1863at186802         -            775    0.0013   14.8   0.1   1   2     0.028       1.4    4.8   0.0     8    37    19    48    12    58 0.85 # 2605254 # 2606006 # -1 # ID=1_2335;partial=00;start_type=ATG;rbs_motif=AGGAG/GGAGG;rbs_spacer=11-12bp;gc_cont=0.303
1_2335               -            251 1863at186802         -            775    0.0013   14.8   0.1   2   2    0.0027      0.14    8.1   0.0   668   748   133   212   124   220 0.86 # 2605254 # 2606006 # -1 # ID=1_2335;partial=00;start_type=ATG;rbs_motif=AGGAG/GGAGG;rbs_spacer=11-12bp;gc_cont=0.303
1_1855               -            245 1863at186802         -            775    0.0029   13.7   0.2   1   2    0.0065      0.33    6.8   0.1    10    39    29    57    19   123 0.71 # 2116792 # 2117526 # -1 # ID=1_1855;partial=00;start_type=ATG;rbs_motif=GGA/GAG/AGG;rbs_spacer=5-10bp;gc_cont=0.260
1_1855               -            245 1863at186802         -            775    0.0029   13.7   0.2   2   2     0.027       1.4    4.8   0.0   667   732   132   195   120   213 0.61 # 2116792 # 2117526 # -1 # ID=1_1855;partial=00;start_type=ATG;rbs_motif=GGA/GAG/AGG;rbs_spacer=5-10bp;gc_cont=0.260
1_852                -            252 1863at186802         -            775    0.0034   13.4   1.6   1   2     0.099       5.1    2.9   0.1    12   510    23    49    16    62 0.67 # 1028574 # 1029329 # -1 # ID=1_852;partial=00;start_type=ATG;rbs_motif=GGAG/GAGG;rbs_spacer=5-10bp;gc_cont=0.291
1_852                -            252 1863at186802         -            775    0.0034   13.4   1.6   2   2   0.00076     0.039    9.9   0.2   667   741   146   219   105   236 0.81 # 1028574 # 1029329 # -1 # ID=1_852;partial=00;start_type=ATG;rbs_motif=GGAG/GAGG;rbs_spacer=5-10bp;gc_cont=0.291
#
# Program:         hmmsearch
# Version:         3.1b2 (February 2015)
# Pipeline mode:   SEARCH
# Query file:      /home/johngn/Microbial-Genomics-Journey-Workshop-2023/Reads_session_3/busco_downloads/lineages/clostridiales_odb10/hmms/1863at186802.hmm
# Target file:     /home/johngn/Microbial-Genomics-Journey-Workshop-2023/Reads_session_3/busco_op3/prodigal_output/predicted_genes/predicted.faa
# Option settings: hmmsearch --domtblout /home/johngn/Microbial-Genomics-Journey-Workshop-2023/Reads_session_3/busco_op3/run_clostridiales_odb10/hmmer_output/1863at186802.out --cpu 1 /home/johngn/Microbial-Genomics-Journey-Workshop-2023/Reads_session_3/busco_downloads/lineages/clostridiales_odb10/hmms/1863at186802.hmm /home/johngn/Microbial-Genomics-Journey-Workshop-2023/Reads_session_3/busco_op3/prodigal_output/predicted_genes/predicted.faa 
# Current dir:     /home/johngn/Microbial-Genomics-Journey-Workshop-2023/Reads_session_3
# Date:            Wed Mar  1 18:12:42 2023
# [ok]
