#                                                                            --- full sequence --- -------------- this domain -------------   hmm coord   ali coord   env coord
# target name        accession   tlen query name           accession   qlen   E-value  score  bias   #  of  c-Evalue  i-Evalue  score  bias  from    to  from    to  from    to  acc description of target
#------------------- ---------- ----- -------------------- ---------- ----- --------- ------ ----- --- --- --------- --------- ------ ----- ----- ----- ----- ----- ----- ----- ---- ---------------------
1_211                -            512 19373at186802        -            417  1.8e-188  624.4   1.2   1   1  3.6e-189  2.7e-186  617.2   1.2     1   417     8   511     8   511 0.86 # 266725 # 268260 # 1 # ID=1_211;partial=00;start_type=ATG;rbs_motif=AGGAG/GGAGG;rbs_spacer=11-12bp;gc_cont=0.311
1_1698               -            268 19373at186802        -            417   1.4e-06   25.2   0.7   1   1   2.7e-09     2e-06   24.7   0.7   135   288     8   158     1   209 0.65 # 1946536 # 1947339 # 1 # ID=1_1698;partial=00;start_type=GTG;rbs_motif=GGAGG;rbs_spacer=5-10bp;gc_cont=0.274
1_772                -            252 19373at186802        -            417     2e-06   24.7   0.0   1   1   4.2e-09   3.1e-06   24.1   0.0   129   306    11   194     3   200 0.72 # 944151 # 944906 # 1 # ID=1_772;partial=00;start_type=ATG;rbs_motif=AGGAG;rbs_spacer=5-10bp;gc_cont=0.331
1_1167               -            360 19373at186802        -            417   0.00026   17.7   1.1   1   2   7.8e-07   0.00058   16.6   0.2   143   165     2    24     1    46 0.89 # 1378195 # 1379274 # 1 # ID=1_1167;partial=00;start_type=ATG;rbs_motif=AGGA/GGAG/GAGG;rbs_spacer=11-12bp;gc_cont=0.300
1_1167               -            360 19373at186802        -            417   0.00026   17.7   1.1   2   2      0.45   3.4e+02   -2.4   0.0   194   238   286   334   276   356 0.65 # 1378195 # 1379274 # 1 # ID=1_1167;partial=00;start_type=ATG;rbs_motif=AGGA/GGAG/GAGG;rbs_spacer=11-12bp;gc_cont=0.300
1_1457               -            202 19373at186802        -            417    0.0018   15.0   0.2   1   2    0.0001     0.077    9.6   0.1     1    76     4    94     4   117 0.72 # 1689143 # 1689748 # 1 # ID=1_1457;partial=00;start_type=ATG;rbs_motif=AGxAGG/AGGxGG;rbs_spacer=5-10bp;gc_cont=0.292
1_1457               -            202 19373at186802        -            417    0.0018   15.0   0.2   2   2     0.012       8.9    2.8   0.0    97   110   171   184   151   196 0.74 # 1689143 # 1689748 # 1 # ID=1_1457;partial=00;start_type=ATG;rbs_motif=AGxAGG/AGGxGG;rbs_spacer=5-10bp;gc_cont=0.292
#
# Program:         hmmsearch
# Version:         3.1b2 (February 2015)
# Pipeline mode:   SEARCH
# Query file:      /home/johngn/Microbial-Genomics-Journey-Workshop-2023/Reads_session_3/busco_downloads/lineages/clostridiales_odb10/hmms/19373at186802.hmm
# Target file:     /home/johngn/Microbial-Genomics-Journey-Workshop-2023/Reads_session_3/busco_op3/prodigal_output/predicted_genes/predicted.faa
# Option settings: hmmsearch --domtblout /home/johngn/Microbial-Genomics-Journey-Workshop-2023/Reads_session_3/busco_op3/run_clostridiales_odb10/hmmer_output/19373at186802.out --cpu 1 /home/johngn/Microbial-Genomics-Journey-Workshop-2023/Reads_session_3/busco_downloads/lineages/clostridiales_odb10/hmms/19373at186802.hmm /home/johngn/Microbial-Genomics-Journey-Workshop-2023/Reads_session_3/busco_op3/prodigal_output/predicted_genes/predicted.faa 
# Current dir:     /home/johngn/Microbial-Genomics-Journey-Workshop-2023/Reads_session_3
# Date:            Wed Mar  8 16:58:06 2023
# [ok]
