#                                                                            --- full sequence --- -------------- this domain -------------   hmm coord   ali coord   env coord
# target name        accession   tlen query name           accession   qlen   E-value  score  bias   #  of  c-Evalue  i-Evalue  score  bias  from    to  from    to  from    to  acc description of target
#------------------- ---------- ----- -------------------- ---------- ----- --------- ------ ----- --- --- --------- --------- ------ ----- ----- ----- ----- ----- ----- ----- ---- ---------------------
1_63                 -            398 19690at186802        -            350  4.4e-195  645.3   9.1   1   1  5.4e-197  2.5e-194  642.8   9.1     1   350     1   392     1   392 0.95 # 90753 # 91946 # 1 # ID=1_63;partial=00;start_type=ATG;rbs_motif=GGAGG;rbs_spacer=5-10bp;gc_cont=0.370
1_77                 -            398 19690at186802        -            350  4.4e-195  645.3   9.1   1   1  5.4e-197  2.5e-194  642.8   9.1     1   350     1   392     1   392 0.95 # 107946 # 109139 # 1 # ID=1_77;partial=00;start_type=ATG;rbs_motif=GGAGG;rbs_spacer=5-10bp;gc_cont=0.371
1_2471               -            628 19690at186802        -            350     2e-44  149.8   5.9   1   1   5.7e-47   2.7e-44  149.4   5.4    12   348     3   351     1   353 0.84 # 2752794 # 2754677 # -1 # ID=1_2471;partial=00;start_type=ATG;rbs_motif=AGxAGG/AGGxGG;rbs_spacer=5-10bp;gc_cont=0.284
1_1197               -            647 19690at186802        -            350   2.2e-20   70.8   8.5   1   2   4.4e-22   2.1e-19   67.6   3.7    15   227   151   365   136   391 0.74 # 1409464 # 1411404 # 1 # ID=1_1197;partial=00;start_type=GTG;rbs_motif=AGxAGG/AGGxGG;rbs_spacer=5-10bp;gc_cont=0.337
1_1197               -            647 19690at186802        -            350   2.2e-20   70.8   8.5   2   2    0.0034       1.6    5.5   0.2   175   247   547   620   519   640 0.67 # 1409464 # 1411404 # 1 # ID=1_1197;partial=00;start_type=GTG;rbs_motif=AGxAGG/AGGxGG;rbs_spacer=5-10bp;gc_cont=0.337
1_2079               -            608 19690at186802        -            350   6.7e-18   62.6   1.0   1   1   3.2e-20   1.5e-17   61.5   1.0    10   172     5   182     1   278 0.73 # 2322496 # 2324319 # 1 # ID=1_2079;partial=00;start_type=ATG;rbs_motif=GGAG/GAGG;rbs_spacer=5-10bp;gc_cont=0.327
1_2445               -            602 19690at186802        -            350   4.3e-16   56.7   0.4   1   1   1.9e-18   8.7e-16   55.7   0.4    13   243     9   258     2   282 0.78 # 2723398 # 2725203 # -1 # ID=1_2445;partial=00;start_type=GTG;rbs_motif=AGGAGG;rbs_spacer=5-10bp;gc_cont=0.335
1_76                 -            689 19690at186802        -            350   2.6e-13   47.5   2.3   1   2   6.1e-14   2.9e-11   40.8   0.5    13   136    11   150     1   184 0.77 # 105787 # 107853 # 1 # ID=1_76;partial=00;start_type=ATG;rbs_motif=AGGAGG;rbs_spacer=5-10bp;gc_cont=0.364
1_76                 -            689 19690at186802        -            350   2.6e-13   47.5   2.3   2   2    0.0044       2.1    5.1   0.1   137   185   239   287   215   292 0.79 # 105787 # 107853 # 1 # ID=1_76;partial=00;start_type=ATG;rbs_motif=AGGAGG;rbs_spacer=5-10bp;gc_cont=0.364
1_25                 -            643 19690at186802        -            350   5.8e-10   36.5   2.0   1   2   9.4e-10   4.4e-07   27.0   0.0     9   124     6   123     1   169 0.83 # 43647 # 45575 # 1 # ID=1_25;partial=00;start_type=ATG;rbs_motif=AGxAGG/AGGxGG;rbs_spacer=5-10bp;gc_cont=0.306
1_25                 -            643 19690at186802        -            350   5.8e-10   36.5   2.0   2   2   0.00035      0.17    8.7   0.4   148   243   220   323   193   330 0.69 # 43647 # 45575 # 1 # ID=1_25;partial=00;start_type=ATG;rbs_motif=AGxAGG/AGGxGG;rbs_spacer=5-10bp;gc_cont=0.306
#
# Program:         hmmsearch
# Version:         3.1b2 (February 2015)
# Pipeline mode:   SEARCH
# Query file:      /home/johngn/Microbial-Genomics-Journey-Workshop-2023/Reads_session_3/busco_downloads/lineages/clostridiales_odb10/hmms/19690at186802.hmm
# Target file:     /home/johngn/Microbial-Genomics-Journey-Workshop-2023/Reads_session_3/busco_op3/prodigal_output/predicted_genes/predicted.faa
# Option settings: hmmsearch --domtblout /home/johngn/Microbial-Genomics-Journey-Workshop-2023/Reads_session_3/busco_op3/run_clostridiales_odb10/hmmer_output/19690at186802.out --cpu 1 /home/johngn/Microbial-Genomics-Journey-Workshop-2023/Reads_session_3/busco_downloads/lineages/clostridiales_odb10/hmms/19690at186802.hmm /home/johngn/Microbial-Genomics-Journey-Workshop-2023/Reads_session_3/busco_op3/prodigal_output/predicted_genes/predicted.faa 
# Current dir:     /home/johngn/Microbial-Genomics-Journey-Workshop-2023/Reads_session_3
# Date:            Wed Mar  1 18:12:42 2023
# [ok]
