#                                                                            --- full sequence --- -------------- this domain -------------   hmm coord   ali coord   env coord
# target name        accession   tlen query name           accession   qlen   E-value  score  bias   #  of  c-Evalue  i-Evalue  score  bias  from    to  from    to  from    to  acc description of target
#------------------- ---------- ----- -------------------- ---------- ----- --------- ------ ----- --- --- --------- --------- ------ ----- ----- ----- ----- ----- ----- ----- ---- ---------------------
1_1065               -            413 20620at186802        -            332  1.2e-131  436.4   8.7   1   1  2.8e-134  2.6e-131  435.3   8.7     1   332     1   410     1   410 0.85 # 1275057 # 1276295 # 1 # ID=1_1065;partial=00;start_type=ATG;rbs_motif=GGAGG;rbs_spacer=5-10bp;gc_cont=0.341
1_960                -            392 20620at186802        -            332   9.5e-08   29.1   9.7   1   2   2.8e-08   2.6e-05   21.1   1.5    56   145    27   118    19   127 0.84 # 1173985 # 1175160 # 1 # ID=1_960;partial=00;start_type=ATG;rbs_motif=GGxGG;rbs_spacer=5-10bp;gc_cont=0.361
1_960                -            392 20620at186802        -            332   9.5e-08   29.1   9.7   2   2   1.2e-05     0.011   12.5   1.4   179   288   249   355   242   377 0.85 # 1173985 # 1175160 # 1 # ID=1_960;partial=00;start_type=ATG;rbs_motif=GGxGG;rbs_spacer=5-10bp;gc_cont=0.361
1_2657               -            393 20620at186802        -            332   5.2e-07   26.7   6.6   1   2   5.2e-07   0.00049   16.9   0.8    56   145    27   118    19   130 0.75 # 2970220 # 2971398 # 1 # ID=1_2657;partial=00;start_type=ATG;rbs_motif=GGA/GAG/AGG;rbs_spacer=11-12bp;gc_cont=0.360
1_2657               -            393 20620at186802        -            332   5.2e-07   26.7   6.6   2   2     1e-05    0.0093   12.7   0.6   179   292   250   360   244   378 0.82 # 2970220 # 2971398 # 1 # ID=1_2657;partial=00;start_type=ATG;rbs_motif=GGA/GAG/AGG;rbs_spacer=11-12bp;gc_cont=0.360
1_2895               -            379 20620at186802        -            332   0.00025   17.9   0.3   1   3      0.42     4e+02   -2.5   0.0   304   328    40    64    30    68 0.75 # 3280256 # 3281392 # -1 # ID=1_2895;partial=00;start_type=ATG;rbs_motif=GGA/GAG/AGG;rbs_spacer=5-10bp;gc_cont=0.328
1_2895               -            379 20620at186802        -            332   0.00025   17.9   0.3   2   3   2.7e-07   0.00025   17.9   0.3   109   146    78   115    56   124 0.86 # 3280256 # 3281392 # -1 # ID=1_2895;partial=00;start_type=ATG;rbs_motif=GGA/GAG/AGG;rbs_spacer=5-10bp;gc_cont=0.328
1_2895               -            379 20620at186802        -            332   0.00025   17.9   0.3   3   3      0.89   8.4e+02   -3.6   0.1   279   292   332   345   331   353 0.78 # 3280256 # 3281392 # -1 # ID=1_2895;partial=00;start_type=ATG;rbs_motif=GGA/GAG/AGG;rbs_spacer=5-10bp;gc_cont=0.328
#
# Program:         hmmsearch
# Version:         3.1b2 (February 2015)
# Pipeline mode:   SEARCH
# Query file:      /home/johngn/Microbial-Genomics-Journey-Workshop-2023/Reads_session_3/busco_downloads/lineages/clostridiales_odb10/hmms/20620at186802.hmm
# Target file:     /home/johngn/Microbial-Genomics-Journey-Workshop-2023/Reads_session_3/busco_op3/prodigal_output/predicted_genes/predicted.faa
# Option settings: hmmsearch --domtblout /home/johngn/Microbial-Genomics-Journey-Workshop-2023/Reads_session_3/busco_op3/run_clostridiales_odb10/hmmer_output/20620at186802.out --cpu 1 /home/johngn/Microbial-Genomics-Journey-Workshop-2023/Reads_session_3/busco_downloads/lineages/clostridiales_odb10/hmms/20620at186802.hmm /home/johngn/Microbial-Genomics-Journey-Workshop-2023/Reads_session_3/busco_op3/prodigal_output/predicted_genes/predicted.faa 
# Current dir:     /home/johngn/Microbial-Genomics-Journey-Workshop-2023/Reads_session_3
# Date:            Wed Mar  8 16:58:06 2023
# [ok]
