#                                                                            --- full sequence --- -------------- this domain -------------   hmm coord   ali coord   env coord
# target name        accession   tlen query name           accession   qlen   E-value  score  bias   #  of  c-Evalue  i-Evalue  score  bias  from    to  from    to  from    to  acc description of target
#------------------- ---------- ----- -------------------- ---------- ----- --------- ------ ----- --- --- --------- --------- ------ ----- ----- ----- ----- ----- ----- ----- ---- ---------------------
1_2564               -            830 21960at186802        -            557  8.6e-201  665.8   7.8   1   3   6.2e-13   3.8e-10   36.4   0.3     1    87     4   116     4   181 0.73 # 2863035 # 2865524 # -1 # ID=1_2564;partial=00;start_type=ATG;rbs_motif=GGAG/GAGG;rbs_spacer=5-10bp;gc_cont=0.266
1_2564               -            830 21960at186802        -            557  8.6e-201  665.8   7.8   2   3  3.6e-193  2.2e-190  631.4   1.6    92   526   276   740   187   770 0.88 # 2863035 # 2865524 # -1 # ID=1_2564;partial=00;start_type=ATG;rbs_motif=GGAG/GAGG;rbs_spacer=5-10bp;gc_cont=0.266
1_2564               -            830 21960at186802        -            557  8.6e-201  665.8   7.8   3   3      0.32     2e+02   -2.2   0.0   525   543   766   785   758   796 0.76 # 2863035 # 2865524 # -1 # ID=1_2564;partial=00;start_type=ATG;rbs_motif=GGAG/GAGG;rbs_spacer=5-10bp;gc_cont=0.266
1_3557               -           1129 21960at186802        -            557   3.2e-18   63.1   3.9   1   2   5.4e-16   3.4e-13   46.5   0.3   114   220   640   751   616   834 0.84 # 4010299 # 4013685 # -1 # ID=1_3557;partial=00;start_type=ATG;rbs_motif=GGAG/GAGG;rbs_spacer=5-10bp;gc_cont=0.286
1_3557               -           1129 21960at186802        -            557   3.2e-18   63.1   3.9   2   2   3.8e-07   0.00023   17.4   0.2   369   440   837   906   828   918 0.88 # 4010299 # 4013685 # -1 # ID=1_3557;partial=00;start_type=ATG;rbs_motif=GGAG/GAGG;rbs_spacer=5-10bp;gc_cont=0.286
1_2536               -            687 21960at186802        -            557     3e-17   59.9   0.4   1   2   2.4e-13   1.5e-10   37.8   0.1   107   217   273   390   245   406 0.84 # 2832770 # 2834830 # -1 # ID=1_2536;partial=00;start_type=TTG;rbs_motif=AGxAGG/AGGxGG;rbs_spacer=5-10bp;gc_cont=0.301
1_2536               -            687 21960at186802        -            557     3e-17   59.9   0.4   2   2   5.9e-08   3.7e-05   20.0   0.0   353   437   474   556   467   593 0.90 # 2832770 # 2834830 # -1 # ID=1_2536;partial=00;start_type=TTG;rbs_motif=AGxAGG/AGGxGG;rbs_spacer=5-10bp;gc_cont=0.301
1_3461               -            657 21960at186802        -            557   7.2e-13   45.5   3.1   1   2   0.00013     0.079    9.0   0.0   110   165    30    82    23    91 0.87 # 3913403 # 3915373 # -1 # ID=1_3461;partial=00;start_type=ATG;rbs_motif=AGGAG;rbs_spacer=5-10bp;gc_cont=0.314
1_3461               -            657 21960at186802        -            557   7.2e-13   45.5   3.1   2   2   8.2e-13   5.1e-10   36.0   1.1   369   523   452   603   441   635 0.74 # 3913403 # 3915373 # -1 # ID=1_3461;partial=00;start_type=ATG;rbs_motif=AGGAG;rbs_spacer=5-10bp;gc_cont=0.314
1_2067               -            382 21960at186802        -            557   3.7e-07   26.6   4.6   1   2   9.3e-07   0.00058   16.1   2.2    86   214     9   155     4   160 0.70 # 2308195 # 2309340 # 1 # ID=1_2067;partial=00;start_type=ATG;rbs_motif=AGGAG;rbs_spacer=5-10bp;gc_cont=0.278
1_2067               -            382 21960at186802        -            557   3.7e-07   26.6   4.6   2   2   3.9e-05     0.024   10.7   0.0   394   432   277   315   256   327 0.91 # 2308195 # 2309340 # 1 # ID=1_2067;partial=00;start_type=ATG;rbs_motif=AGGAG;rbs_spacer=5-10bp;gc_cont=0.278
1_739                -            538 21960at186802        -            557   4.5e-05   19.7   0.3   1   2   0.00051      0.32    7.0   0.1   118   217    49   158    42   162 0.80 # 911557 # 913170 # 1 # ID=1_739;partial=00;start_type=ATG;rbs_motif=GGAG/GAGG;rbs_spacer=5-10bp;gc_cont=0.315
1_739                -            538 21960at186802        -            557   4.5e-05   19.7   0.3   2   2   4.5e-05     0.028   10.5   0.0   397   432   280   315   271   321 0.87 # 911557 # 913170 # 1 # ID=1_739;partial=00;start_type=ATG;rbs_motif=GGAG/GAGG;rbs_spacer=5-10bp;gc_cont=0.315
#
# Program:         hmmsearch
# Version:         3.1b2 (February 2015)
# Pipeline mode:   SEARCH
# Query file:      /home/johngn/Microbial-Genomics-Journey-Workshop-2023/Reads_session_3/busco_downloads/lineages/clostridiales_odb10/hmms/21960at186802.hmm
# Target file:     /home/johngn/Microbial-Genomics-Journey-Workshop-2023/Reads_session_3/busco_op3/prodigal_output/predicted_genes/predicted.faa
# Option settings: hmmsearch --domtblout /home/johngn/Microbial-Genomics-Journey-Workshop-2023/Reads_session_3/busco_op3/run_clostridiales_odb10/hmmer_output/21960at186802.out --cpu 1 /home/johngn/Microbial-Genomics-Journey-Workshop-2023/Reads_session_3/busco_downloads/lineages/clostridiales_odb10/hmms/21960at186802.hmm /home/johngn/Microbial-Genomics-Journey-Workshop-2023/Reads_session_3/busco_op3/prodigal_output/predicted_genes/predicted.faa 
# Current dir:     /home/johngn/Microbial-Genomics-Journey-Workshop-2023/Reads_session_3
# Date:            Wed Mar  8 16:58:06 2023
# [ok]
