#                                                                            --- full sequence --- -------------- this domain -------------   hmm coord   ali coord   env coord
# target name        accession   tlen query name           accession   qlen   E-value  score  bias   #  of  c-Evalue  i-Evalue  score  bias  from    to  from    to  from    to  acc description of target
#------------------- ---------- ----- -------------------- ---------- ----- --------- ------ ----- --- --- --------- --------- ------ ----- ----- ----- ----- ----- ----- ----- ---- ---------------------
1_2725               -            519 22464at186802        -            331    2e-120  399.4  16.6   1   2   6.1e-95   2.5e-92  307.0   1.8     5   260   105   400   101   416 0.82 # 3058618 # 3060174 # -1 # ID=1_2725;partial=00;start_type=ATG;rbs_motif=AGGAG;rbs_spacer=5-10bp;gc_cont=0.269
1_2725               -            519 22464at186802        -            331    2e-120  399.4  16.6   2   2   5.6e-31   2.3e-28   96.8   7.6   252   331   419   509   411   509 0.91 # 3058618 # 3060174 # -1 # ID=1_2725;partial=00;start_type=ATG;rbs_motif=AGGAG;rbs_spacer=5-10bp;gc_cont=0.269
1_2442               -            392 22464at186802        -            331   1.8e-38  130.0  16.6   1   1   2.4e-37     1e-34  117.7  16.6    79   313     3   286     1   304 0.75 # 2719019 # 2720194 # -1 # ID=1_2442;partial=00;start_type=ATG;rbs_motif=AGGAG;rbs_spacer=5-10bp;gc_cont=0.258
1_1134               -            357 22464at186802        -            331   1.8e-15   54.4   0.4   1   2   4.3e-18   1.8e-15   54.4   0.4    80   274     8   222     1   250 0.78 # 1340653 # 1341723 # 1 # ID=1_1134;partial=00;start_type=ATG;rbs_motif=AGxAGG/AGGxGG;rbs_spacer=5-10bp;gc_cont=0.275
1_1134               -            357 22464at186802        -            331   1.8e-15   54.4   0.4   2   2      0.99   4.1e+02   -2.6   0.1    46    72   279   305   270   326 0.63 # 1340653 # 1341723 # 1 # ID=1_1134;partial=00;start_type=ATG;rbs_motif=AGxAGG/AGGxGG;rbs_spacer=5-10bp;gc_cont=0.275
1_1309               -            329 22464at186802        -            331   1.7e-10   38.0   0.0   1   1   5.8e-13   2.4e-10   37.6   0.0   132   254   123   250    67   267 0.81 # 1526211 # 1527197 # -1 # ID=1_1309;partial=00;start_type=ATG;rbs_motif=None;rbs_spacer=None;gc_cont=0.307
1_2198               -            290 22464at186802        -            331   8.4e-10   35.8   0.1   1   2   8.2e-12   3.4e-09   33.8   0.1    76   259    13   215     9   236 0.80 # 2452699 # 2453568 # -1 # ID=1_2198;partial=00;start_type=ATG;rbs_motif=AGxAGG/AGGxGG;rbs_spacer=5-10bp;gc_cont=0.294
1_2198               -            290 22464at186802        -            331   8.4e-10   35.8   0.1   2   2      0.15        64    0.0   0.0     3    39   229   265   227   283 0.82 # 2452699 # 2453568 # -1 # ID=1_2198;partial=00;start_type=ATG;rbs_motif=AGxAGG/AGGxGG;rbs_spacer=5-10bp;gc_cont=0.294
1_690                -            585 22464at186802        -            331   1.1e-09   35.5   0.5   1   1     1e-11   4.2e-09   33.5   0.5   155   255   264   366   167   388 0.75 # 848690 # 850444 # 1 # ID=1_690;partial=00;start_type=TTG;rbs_motif=GGAG/GAGG;rbs_spacer=5-10bp;gc_cont=0.279
1_1214               -            445 22464at186802        -            331     3e-08   30.7   0.2   1   2       0.2        83   -0.3   0.0    77    97   144   165   110   190 0.76 # 1428698 # 1430032 # 1 # ID=1_1214;partial=00;start_type=ATG;rbs_motif=AGGAG;rbs_spacer=5-10bp;gc_cont=0.285
1_1214               -            445 22464at186802        -            331     3e-08   30.7   0.2   2   2   3.6e-10   1.5e-07   28.4   0.0   152   241   237   329   220   337 0.88 # 1428698 # 1430032 # 1 # ID=1_1214;partial=00;start_type=ATG;rbs_motif=AGGAG;rbs_spacer=5-10bp;gc_cont=0.285
1_2426               -            433 22464at186802        -            331   1.8e-07   28.2   0.2   1   2      0.47     2e+02   -1.6   0.0    79   116   143   183    97   187 0.61 # 2698318 # 2699616 # -1 # ID=1_2426;partial=00;start_type=TTG;rbs_motif=AGGAGG;rbs_spacer=11-12bp;gc_cont=0.293
1_2426               -            433 22464at186802        -            331   1.8e-07   28.2   0.2   2   2   1.5e-09   6.1e-07   26.4   0.0   176   254   261   340   239   372 0.83 # 2698318 # 2699616 # -1 # ID=1_2426;partial=00;start_type=TTG;rbs_motif=AGGAGG;rbs_spacer=11-12bp;gc_cont=0.293
1_1864               -            479 22464at186802        -            331    0.0001   19.1   0.4   1   3       2.2   9.2e+02   -3.8   0.1   284   316    76   108    58   120 0.58 # 2124256 # 2125692 # -1 # ID=1_1864;partial=00;start_type=GTG;rbs_motif=AGGAGG;rbs_spacer=5-10bp;gc_cont=0.303
1_1864               -            479 22464at186802        -            331    0.0001   19.1   0.4   2   3      0.57   2.4e+02   -1.9   0.0    79    96   185   203   170   228 0.75 # 2124256 # 2125692 # -1 # ID=1_1864;partial=00;start_type=GTG;rbs_motif=AGGAGG;rbs_spacer=5-10bp;gc_cont=0.303
1_1864               -            479 22464at186802        -            331    0.0001   19.1   0.4   3   3   8.6e-07   0.00036   17.3   0.0   177   241   303   368   275   390 0.84 # 2124256 # 2125692 # -1 # ID=1_1864;partial=00;start_type=GTG;rbs_motif=AGGAGG;rbs_spacer=5-10bp;gc_cont=0.303
#
# Program:         hmmsearch
# Version:         3.1b2 (February 2015)
# Pipeline mode:   SEARCH
# Query file:      /home/johngn/Microbial-Genomics-Journey-Workshop-2023/Reads_session_3/busco_downloads/lineages/clostridiales_odb10/hmms/22464at186802.hmm
# Target file:     /home/johngn/Microbial-Genomics-Journey-Workshop-2023/Reads_session_3/busco_op3/prodigal_output/predicted_genes/predicted.faa
# Option settings: hmmsearch --domtblout /home/johngn/Microbial-Genomics-Journey-Workshop-2023/Reads_session_3/busco_op3/run_clostridiales_odb10/hmmer_output/22464at186802.out --cpu 1 /home/johngn/Microbial-Genomics-Journey-Workshop-2023/Reads_session_3/busco_downloads/lineages/clostridiales_odb10/hmms/22464at186802.hmm /home/johngn/Microbial-Genomics-Journey-Workshop-2023/Reads_session_3/busco_op3/prodigal_output/predicted_genes/predicted.faa 
# Current dir:     /home/johngn/Microbial-Genomics-Journey-Workshop-2023/Reads_session_3
# Date:            Wed Mar  1 18:12:43 2023
# [ok]
