#                                                                            --- full sequence --- -------------- this domain -------------   hmm coord   ali coord   env coord
# target name        accession   tlen query name           accession   qlen   E-value  score  bias   #  of  c-Evalue  i-Evalue  score  bias  from    to  from    to  from    to  acc description of target
#------------------- ---------- ----- -------------------- ---------- ----- --------- ------ ----- --- --- --------- --------- ------ ----- ----- ----- ----- ----- ----- ----- ---- ---------------------
1_1135               -           1185 2372at186802         -            745  1.2e-270  897.4 104.4   1   5  2.4e-115  5.6e-113  376.2  18.1     1   309     1   301     1   313 0.86 # 1341751 # 1345305 # 1 # ID=1_1135;partial=00;start_type=TTG;rbs_motif=GGAG/GAGG;rbs_spacer=5-10bp;gc_cont=0.251
1_1135               -           1185 2372at186802         -            745  1.2e-270  897.4 104.4   2   5       1.8   4.1e+02   -3.6  24.2   174   313   251   398   248   414 0.76 # 1341751 # 1345305 # 1 # ID=1_1135;partial=00;start_type=TTG;rbs_motif=GGAG/GAGG;rbs_spacer=5-10bp;gc_cont=0.251
1_1135               -           1185 2372at186802         -            745  1.2e-270  897.4 104.4   3   5   5.5e-68   1.3e-65  219.6  32.8   195   574   398   804   396   831 0.76 # 1341751 # 1345305 # 1 # ID=1_1135;partial=00;start_type=TTG;rbs_motif=GGAG/GAGG;rbs_spacer=5-10bp;gc_cont=0.251
1_1135               -           1185 2372at186802         -            745  1.2e-270  897.4 104.4   4   5      0.76   1.8e+02   -2.4  13.7   179   300   769   900   763   915 0.41 # 1341751 # 1345305 # 1 # ID=1_1135;partial=00;start_type=TTG;rbs_motif=GGAG/GAGG;rbs_spacer=5-10bp;gc_cont=0.251
1_1135               -           1185 2372at186802         -            745  1.2e-270  897.4 104.4   5   5   5.1e-99   1.2e-96  322.2  16.0   448   745   884  1176   858  1176 0.78 # 1341751 # 1345305 # 1 # ID=1_1135;partial=00;start_type=TTG;rbs_motif=GGAG/GAGG;rbs_spacer=5-10bp;gc_cont=0.251
1_426                -            574 2372at186802         -            745   1.2e-11   41.1   0.2   1   2      0.32        76   -1.2   0.1    22    37   357   372   347   376 0.84 # 514211 # 515932 # 1 # ID=1_426;partial=00;start_type=ATG;rbs_motif=GGAGG;rbs_spacer=5-10bp;gc_cont=0.275
1_426                -            574 2372at186802         -            745   1.2e-11   41.1   0.2   2   2   2.2e-13   5.2e-11   39.0   0.0   652   725   465   534   449   539 0.94 # 514211 # 515932 # 1 # ID=1_426;partial=00;start_type=ATG;rbs_motif=GGAGG;rbs_spacer=5-10bp;gc_cont=0.275
1_988                -            567 2372at186802         -            745   1.1e-07   28.1   0.0   1   1   9.2e-10   2.1e-07   27.1   0.0   653   726   468   537   465   548 0.91 # 1198181 # 1199881 # 1 # ID=1_988;partial=00;start_type=ATG;rbs_motif=AGGAGG;rbs_spacer=11-12bp;gc_cont=0.289
1_110                -            278 2372at186802         -            745   7.1e-06   22.0   0.3   1   2    0.0027      0.64    5.6   0.1    23    40    36    53    29    60 0.81 # 125471 # 126304 # 1 # ID=1_110;partial=00;start_type=ATG;rbs_motif=AGGAG;rbs_spacer=5-10bp;gc_cont=0.306
1_110                -            278 2372at186802         -            745   7.1e-06   22.0   0.3   2   2     6e-06    0.0014   14.4   0.0   652   724   141   211   136   219 0.77 # 125471 # 126304 # 1 # ID=1_110;partial=00;start_type=ATG;rbs_motif=AGGAG;rbs_spacer=5-10bp;gc_cont=0.306
1_730                -            241 2372at186802         -            745   1.1e-05   21.5   1.2   1   3     0.001      0.23    7.1   0.0    22    37    28    43     9    50 0.83 # 898222 # 898944 # 1 # ID=1_730;partial=00;start_type=ATG;rbs_motif=AGGA;rbs_spacer=5-10bp;gc_cont=0.304
1_730                -            241 2372at186802         -            745   1.1e-05   21.5   1.2   2   3      0.09        21    0.6   0.1   440   496    54   111    52   131 0.65 # 898222 # 898944 # 1 # ID=1_730;partial=00;start_type=ATG;rbs_motif=AGGA;rbs_spacer=5-10bp;gc_cont=0.304
1_730                -            241 2372at186802         -            745   1.1e-05   21.5   1.2   3   3   4.9e-05     0.011   11.4   0.0   651   718   134   198   118   209 0.83 # 898222 # 898944 # 1 # ID=1_730;partial=00;start_type=ATG;rbs_motif=AGGA;rbs_spacer=5-10bp;gc_cont=0.304
1_3669               -            243 2372at186802         -            745   2.2e-05   20.4   0.6   1   2    0.0046       1.1    4.9   0.2    23    38    33    48    27    61 0.84 # 4133510 # 4134238 # -1 # ID=1_3669;partial=00;start_type=ATG;rbs_motif=GGAG/GAGG;rbs_spacer=5-10bp;gc_cont=0.322
1_3669               -            243 2372at186802         -            745   2.2e-05   20.4   0.6   2   2   8.8e-06    0.0021   13.9   0.0   652   725   135   206   131   214 0.86 # 4133510 # 4134238 # -1 # ID=1_3669;partial=00;start_type=ATG;rbs_motif=GGAG/GAGG;rbs_spacer=5-10bp;gc_cont=0.322
1_425                -            586 2372at186802         -            745   3.1e-05   19.9   0.4   1   2      0.12        28    0.2   0.1    24    38   365   379   356   383 0.82 # 512470 # 514227 # 1 # ID=1_425;partial=00;start_type=ATG;rbs_motif=AGxAGG/AGGxGG;rbs_spacer=5-10bp;gc_cont=0.274
1_425                -            586 2372at186802         -            745   3.1e-05   19.9   0.4   2   2   8.5e-07    0.0002   17.2   0.0   653   725   472   540   469   545 0.90 # 512470 # 514227 # 1 # ID=1_425;partial=00;start_type=ATG;rbs_motif=AGxAGG/AGGxGG;rbs_spacer=5-10bp;gc_cont=0.274
1_350                -            224 2372at186802         -            745   0.00013   17.8   0.3   1   2    0.0077       1.8    4.2   0.1    17    35    29    47    16    52 0.76 # 417706 # 418377 # -1 # ID=1_350;partial=00;start_type=ATG;rbs_motif=AGGAGG;rbs_spacer=5-10bp;gc_cont=0.289
1_350                -            224 2372at186802         -            745   0.00013   17.8   0.3   2   2   3.7e-05    0.0087   11.8   0.0   652   726   140   212   132   218 0.84 # 417706 # 418377 # -1 # ID=1_350;partial=00;start_type=ATG;rbs_motif=AGGAGG;rbs_spacer=5-10bp;gc_cont=0.289
1_3212               -            255 2372at186802         -            745   0.00019   17.3   0.1   1   2    0.0031      0.71    5.5   0.1    17    36    30    49    19    55 0.83 # 3673078 # 3673842 # -1 # ID=1_3212;partial=00;start_type=ATG;rbs_motif=GGAG/GAGG;rbs_spacer=5-10bp;gc_cont=0.320
1_3212               -            255 2372at186802         -            745   0.00019   17.3   0.1   2   2   0.00015     0.035    9.8   0.0   654   716   151   209   136   219 0.87 # 3673078 # 3673842 # -1 # ID=1_3212;partial=00;start_type=ATG;rbs_motif=GGAG/GAGG;rbs_spacer=5-10bp;gc_cont=0.320
1_1579               -            296 2372at186802         -            745   0.00035   16.4   0.1   1   2    0.0031      0.73    5.5   0.1    21    38    28    45     9    64 0.79 # 1831778 # 1832665 # 1 # ID=1_1579;partial=00;start_type=ATG;rbs_motif=GGAG/GAGG;rbs_spacer=5-10bp;gc_cont=0.298
1_1579               -            296 2372at186802         -            745   0.00035   16.4   0.1   2   2   0.00033     0.078    8.7   0.0   649   715   129   191   126   200 0.83 # 1831778 # 1832665 # 1 # ID=1_1579;partial=00;start_type=ATG;rbs_motif=GGAG/GAGG;rbs_spacer=5-10bp;gc_cont=0.298
1_3643               -            229 2372at186802         -            745   0.00058   15.7   0.2   1   2    0.0084         2    4.0   0.1    22    41    34    53    27    56 0.82 # 4103907 # 4104593 # -1 # ID=1_3643;partial=00;start_type=ATG;rbs_motif=AGGAG;rbs_spacer=5-10bp;gc_cont=0.367
1_3643               -            229 2372at186802         -            745   0.00058   15.7   0.2   2   2   0.00016     0.038    9.7   0.0   652   726   140   212   132   218 0.78 # 4103907 # 4104593 # -1 # ID=1_3643;partial=00;start_type=ATG;rbs_motif=AGGAG;rbs_spacer=5-10bp;gc_cont=0.367
1_3066               -            223 2372at186802         -            745   0.00064   15.6   0.9   1   2      0.49   1.1e+02   -1.8   0.1    25    36    39    50    34    53 0.85 # 3491053 # 3491721 # -1 # ID=1_3066;partial=00;start_type=ATG;rbs_motif=AGGA;rbs_spacer=5-10bp;gc_cont=0.277
1_3066               -            223 2372at186802         -            745   0.00064   15.6   0.9   2   2   4.5e-06    0.0011   14.9   0.0   645   725   134   212   122   217 0.84 # 3491053 # 3491721 # -1 # ID=1_3066;partial=00;start_type=ATG;rbs_motif=AGGA;rbs_spacer=5-10bp;gc_cont=0.277
1_340                -            274 2372at186802         -            745    0.0025   13.6   1.3   1   2    0.0045         1    4.9   0.4    23    36    31    44    25    50 0.88 # 403131 # 403952 # 1 # ID=1_340;partial=00;start_type=ATG;rbs_motif=AGxAGG/AGGxGG;rbs_spacer=5-10bp;gc_cont=0.270
1_340                -            274 2372at186802         -            745    0.0025   13.6   1.3   2   2   0.00083      0.19    7.4   0.0   652   726   137   209   133   220 0.86 # 403131 # 403952 # 1 # ID=1_340;partial=00;start_type=ATG;rbs_motif=AGxAGG/AGGxGG;rbs_spacer=5-10bp;gc_cont=0.270
1_2861               -            261 2372at186802         -            745    0.0063   12.3   2.7   1   2   0.00013      0.03   10.0   1.1    22    41    30    49    21    65 0.87 # 3241859 # 3242641 # -1 # ID=1_2861;partial=00;start_type=ATG;rbs_motif=GGA/GAG/AGG;rbs_spacer=5-10bp;gc_cont=0.309
1_2861               -            261 2372at186802         -            745    0.0063   12.3   2.7   2   2     0.041       9.6    1.8   0.0   648   728   134   213   127   217 0.66 # 3241859 # 3242641 # -1 # ID=1_2861;partial=00;start_type=ATG;rbs_motif=GGA/GAG/AGG;rbs_spacer=5-10bp;gc_cont=0.309
1_944                -           1176 2372at186802         -            745     0.021   10.6   0.0   1   6   8.8e-05     0.021   10.6   0.0     5    45     5    52     1    62 0.78 # 1155105 # 1158632 # 1 # ID=1_944;partial=00;start_type=ATG;rbs_motif=AGxAGG/AGGxGG;rbs_spacer=11-12bp;gc_cont=0.267
1_944                -           1176 2372at186802         -            745     0.021   10.6   0.0   2   6    0.0072       1.7    4.3  19.3   137   303   147   311   136   336 0.65 # 1155105 # 1158632 # 1 # ID=1_944;partial=00;start_type=ATG;rbs_motif=AGxAGG/AGGxGG;rbs_spacer=11-12bp;gc_cont=0.267
1_944                -           1176 2372at186802         -            745     0.021   10.6   0.0   3   6      0.21        50   -0.6  16.5   464   587   360   479   336   488 0.66 # 1155105 # 1158632 # 1 # ID=1_944;partial=00;start_type=ATG;rbs_motif=AGxAGG/AGGxGG;rbs_spacer=11-12bp;gc_cont=0.267
1_944                -           1176 2372at186802         -            745     0.021   10.6   0.0   4   6         4   9.3e+02   -4.8   9.0   448   532   493   577   488   584 0.62 # 1155105 # 1158632 # 1 # ID=1_944;partial=00;start_type=ATG;rbs_motif=AGxAGG/AGGxGG;rbs_spacer=11-12bp;gc_cont=0.267
1_944                -           1176 2372at186802         -            745     0.021   10.6   0.0   5   6     0.003       0.7    5.5  23.1   160   325   593   759   590   773 0.86 # 1155105 # 1158632 # 1 # ID=1_944;partial=00;start_type=ATG;rbs_motif=AGxAGG/AGGxGG;rbs_spacer=11-12bp;gc_cont=0.267
1_944                -           1176 2372at186802         -            745     0.021   10.6   0.0   6   6    0.0065       1.5    4.4  12.5   460   714   878  1145   864  1174 0.60 # 1155105 # 1158632 # 1 # ID=1_944;partial=00;start_type=ATG;rbs_motif=AGxAGG/AGGxGG;rbs_spacer=11-12bp;gc_cont=0.267
1_1832               -            229 2372at186802         -            745     0.036    9.8   1.1   1   2    0.0066       1.5    4.4   0.3    21    37    33    49    25    55 0.82 # 2089608 # 2090294 # -1 # ID=1_1832;partial=00;start_type=ATG;rbs_motif=AGGAG;rbs_spacer=5-10bp;gc_cont=0.320
1_1832               -            229 2372at186802         -            745     0.036    9.8   1.1   2   2     0.008       1.9    4.1   0.0   646   725   135   212   120   220 0.83 # 2089608 # 2090294 # -1 # ID=1_1832;partial=00;start_type=ATG;rbs_motif=AGGAG;rbs_spacer=5-10bp;gc_cont=0.320
#
# Program:         hmmsearch
# Version:         3.1b2 (February 2015)
# Pipeline mode:   SEARCH
# Query file:      /home/johngn/Microbial-Genomics-Journey-Workshop-2023/Reads_session_3/busco_downloads/lineages/clostridiales_odb10/hmms/2372at186802.hmm
# Target file:     /home/johngn/Microbial-Genomics-Journey-Workshop-2023/Reads_session_3/busco_op3/prodigal_output/predicted_genes/predicted.faa
# Option settings: hmmsearch --domtblout /home/johngn/Microbial-Genomics-Journey-Workshop-2023/Reads_session_3/busco_op3/run_clostridiales_odb10/hmmer_output/2372at186802.out --cpu 1 /home/johngn/Microbial-Genomics-Journey-Workshop-2023/Reads_session_3/busco_downloads/lineages/clostridiales_odb10/hmms/2372at186802.hmm /home/johngn/Microbial-Genomics-Journey-Workshop-2023/Reads_session_3/busco_op3/prodigal_output/predicted_genes/predicted.faa 
# Current dir:     /home/johngn/Microbial-Genomics-Journey-Workshop-2023/Reads_session_3
# Date:            Wed Mar  8 16:58:07 2023
# [ok]
