#                                                                            --- full sequence --- -------------- this domain -------------   hmm coord   ali coord   env coord
# target name        accession   tlen query name           accession   qlen   E-value  score  bias   #  of  c-Evalue  i-Evalue  score  bias  from    to  from    to  from    to  acc description of target
#------------------- ---------- ----- -------------------- ---------- ----- --------- ------ ----- --- --- --------- --------- ------ ----- ----- ----- ----- ----- ----- ----- ---- ---------------------
1_3617               -            463 23980at186802        -            290   2.3e-75  251.1  13.7   1   2   7.6e-67   3.6e-64  214.4   4.8     1   191    12   237    12   275 0.83 # 4079576 # 4080964 # -1 # ID=1_3617;partial=00;start_type=ATG;rbs_motif=GGAG/GAGG;rbs_spacer=5-10bp;gc_cont=0.269
1_3617               -            463 23980at186802        -            290   2.3e-75  251.1  13.7   2   2   7.9e-14   3.7e-11   40.4   1.1   201   284   352   445   331   457 0.82 # 4079576 # 4080964 # -1 # ID=1_3617;partial=00;start_type=ATG;rbs_motif=GGAG/GAGG;rbs_spacer=5-10bp;gc_cont=0.269
1_2373               -            287 23980at186802        -            290   3.1e-13   47.3   0.1   1   2   5.7e-08   2.7e-05   21.2   0.0     2    32    47    77    46    84 0.92 # 2643323 # 2644183 # -1 # ID=1_2373;partial=00;start_type=ATG;rbs_motif=GGAG/GAGG;rbs_spacer=5-10bp;gc_cont=0.288
1_2373               -            287 23980at186802        -            290   3.1e-13   47.3   0.1   2   2   7.9e-09   3.7e-06   24.0   0.0    74   146   137   218   120   265 0.79 # 2643323 # 2644183 # -1 # ID=1_2373;partial=00;start_type=ATG;rbs_motif=GGAG/GAGG;rbs_spacer=5-10bp;gc_cont=0.288
1_3661               -            245 23980at186802        -            290   3.9e-13   46.9   0.1   1   2   5.6e-10   2.6e-07   27.8   0.0     3    32    18    47    16    62 0.92 # 4127215 # 4127949 # 1 # ID=1_3661;partial=00;start_type=ATG;rbs_motif=AGGA;rbs_spacer=5-10bp;gc_cont=0.288
1_3661               -            245 23980at186802        -            290   3.9e-13   46.9   0.1   2   2   9.2e-07   0.00043   17.2   0.1    78   110   109   145    86   215 0.77 # 4127215 # 4127949 # 1 # ID=1_3661;partial=00;start_type=ATG;rbs_motif=AGGA;rbs_spacer=5-10bp;gc_cont=0.288
1_1698               -            268 23980at186802        -            290    0.0007   16.5   0.1   1   1   2.3e-06    0.0011   15.9   0.1     3    58    12    69    10   115 0.75 # 1946536 # 1947339 # 1 # ID=1_1698;partial=00;start_type=GTG;rbs_motif=GGAGG;rbs_spacer=5-10bp;gc_cont=0.274
1_211                -            512 23980at186802        -            290    0.0026   14.6   0.1   1   1   9.3e-06    0.0044   13.9   0.1     9    61   216   269   210   280 0.71 # 266725 # 268260 # 1 # ID=1_211;partial=00;start_type=ATG;rbs_motif=AGGAG/GGAGG;rbs_spacer=11-12bp;gc_cont=0.311
1_1222               -            482 23980at186802        -            290     0.008   13.1   1.9   1   2       2.1   9.8e+02   -3.6   0.0   145   169    64    91    61    98 0.67 # 1438805 # 1440250 # 1 # ID=1_1222;partial=00;start_type=ATG;rbs_motif=GGA/GAG/AGG;rbs_spacer=5-10bp;gc_cont=0.315
1_1222               -            482 23980at186802        -            290     0.008   13.1   1.9   2   2   1.6e-05    0.0073   13.2   0.5   135   221   272   361   256   412 0.81 # 1438805 # 1440250 # 1 # ID=1_1222;partial=00;start_type=ATG;rbs_motif=GGA/GAG/AGG;rbs_spacer=5-10bp;gc_cont=0.315
1_2877               -            223 23980at186802        -            290     0.017   12.0   5.3   1   2       0.2        94   -0.3   0.1   171   203    42    74    27   115 0.71 # 3258954 # 3259622 # -1 # ID=1_2877;partial=00;start_type=GTG;rbs_motif=AGGAG;rbs_spacer=5-10bp;gc_cont=0.336
1_2877               -            223 23980at186802        -            290     0.017   12.0   5.3   2   2   1.5e-05     0.007   13.2   2.0   178   266   133   221   114   222 0.82 # 3258954 # 3259622 # -1 # ID=1_2877;partial=00;start_type=GTG;rbs_motif=AGGAG;rbs_spacer=5-10bp;gc_cont=0.336
1_2466               -            152 23980at186802        -            290     0.019   11.9   0.0   1   1   6.4e-05      0.03   11.2   0.0    54   102    25    73    16    80 0.90 # 2744907 # 2745362 # -1 # ID=1_2466;partial=00;start_type=ATG;rbs_motif=AGGAGG;rbs_spacer=5-10bp;gc_cont=0.263
#
# Program:         hmmsearch
# Version:         3.1b2 (February 2015)
# Pipeline mode:   SEARCH
# Query file:      /home/johngn/Microbial-Genomics-Journey-Workshop-2023/Reads_session_3/busco_downloads/lineages/clostridiales_odb10/hmms/23980at186802.hmm
# Target file:     /home/johngn/Microbial-Genomics-Journey-Workshop-2023/Reads_session_3/busco_op3/prodigal_output/predicted_genes/predicted.faa
# Option settings: hmmsearch --domtblout /home/johngn/Microbial-Genomics-Journey-Workshop-2023/Reads_session_3/busco_op3/run_clostridiales_odb10/hmmer_output/23980at186802.out --cpu 1 /home/johngn/Microbial-Genomics-Journey-Workshop-2023/Reads_session_3/busco_downloads/lineages/clostridiales_odb10/hmms/23980at186802.hmm /home/johngn/Microbial-Genomics-Journey-Workshop-2023/Reads_session_3/busco_op3/prodigal_output/predicted_genes/predicted.faa 
# Current dir:     /home/johngn/Microbial-Genomics-Journey-Workshop-2023/Reads_session_3
# Date:            Wed Mar  1 18:12:43 2023
# [ok]
