#                                                                            --- full sequence --- -------------- this domain -------------   hmm coord   ali coord   env coord
# target name        accession   tlen query name           accession   qlen   E-value  score  bias   #  of  c-Evalue  i-Evalue  score  bias  from    to  from    to  from    to  acc description of target
#------------------- ---------- ----- -------------------- ---------- ----- --------- ------ ----- --- --- --------- --------- ------ ----- ----- ----- ----- ----- ----- ----- ---- ---------------------
1_3342               -            417 24181at186802        -            350  3.3e-185  612.7   5.4   1   1  2.1e-187  5.1e-185  612.0   5.4     1   344    10   385    10   393 0.93 # 3776691 # 3777941 # -1 # ID=1_3342;partial=00;start_type=ATG;rbs_motif=GGAG/GAGG;rbs_spacer=5-10bp;gc_cont=0.316
1_29                 -            816 24181at186802        -            350     4e-15   53.3   2.0   1   3    0.0021      0.53    6.8   0.1    80   116   205   244   193   300 0.65 # 48021 # 50468 # 1 # ID=1_29;partial=00;start_type=GTG;rbs_motif=AGGAGG;rbs_spacer=5-10bp;gc_cont=0.312
1_29                 -            816 24181at186802        -            350     4e-15   53.3   2.0   2   3   3.4e-08   8.5e-06   22.6   0.0    33   104   494   566   480   569 0.88 # 48021 # 50468 # 1 # ID=1_29;partial=00;start_type=GTG;rbs_motif=AGGAGG;rbs_spacer=5-10bp;gc_cont=0.312
1_29                 -            816 24181at186802        -            350     4e-15   53.3   2.0   3   3   9.7e-08   2.4e-05   21.1   0.5   237   337   686   785   630   792 0.70 # 48021 # 50468 # 1 # ID=1_29;partial=00;start_type=GTG;rbs_motif=AGGAGG;rbs_spacer=5-10bp;gc_cont=0.312
1_1896               -            865 24181at186802        -            350   1.9e-13   47.8   1.1   1   3    0.0056       1.4    5.5   0.0    80   158   203   288   193   297 0.64 # 2156420 # 2159014 # -1 # ID=1_1896;partial=00;start_type=ATG;rbs_motif=GGAGG;rbs_spacer=5-10bp;gc_cont=0.303
1_1896               -            865 24181at186802        -            350   1.9e-13   47.8   1.1   2   3   5.1e-09   1.3e-06   25.3   0.0    34   105   557   629   543   634 0.87 # 2156420 # 2159014 # -1 # ID=1_1896;partial=00;start_type=ATG;rbs_motif=GGAGG;rbs_spacer=5-10bp;gc_cont=0.303
1_1896               -            865 24181at186802        -            350   1.9e-13   47.8   1.1   3   3   2.7e-05    0.0067   13.1   0.2   244   338   745   835   719   841 0.89 # 2156420 # 2159014 # -1 # ID=1_1896;partial=00;start_type=ATG;rbs_motif=GGAGG;rbs_spacer=5-10bp;gc_cont=0.303
1_1747               -            606 24181at186802        -            350   2.8e-12   43.9   0.0   1   2   8.9e-14   2.2e-11   41.0   0.0    54   166   166   276   158   294 0.83 # 1998653 # 2000470 # 1 # ID=1_1747;partial=00;start_type=ATG;rbs_motif=AGGAG;rbs_spacer=5-10bp;gc_cont=0.340
1_1747               -            606 24181at186802        -            350   2.8e-12   43.9   0.0   2   2      0.31        76   -0.3   0.1    22    55   559   593   547   604 0.76 # 1998653 # 2000470 # 1 # ID=1_1747;partial=00;start_type=ATG;rbs_motif=AGGAG;rbs_spacer=5-10bp;gc_cont=0.340
1_2790               -            340 24181at186802        -            350   4.3e-06   23.6   0.1   1   1   7.5e-08   1.9e-05   21.5   0.1    48   133    29   106     6   130 0.73 # 3153432 # 3154451 # -1 # ID=1_2790;partial=00;start_type=ATG;rbs_motif=AGGAGG;rbs_spacer=5-10bp;gc_cont=0.340
1_3616               -            657 24181at186802        -            350   2.3e-05   21.2   0.0   1   1     2e-07   5.1e-05   20.1   0.0    82   162   197   271   148   276 0.75 # 4077572 # 4079542 # -1 # ID=1_3616;partial=00;start_type=TTG;rbs_motif=AGGAGG;rbs_spacer=5-10bp;gc_cont=0.339
1_659                -            468 24181at186802        -            350   0.00014   18.6   0.0   1   2   2.2e-06   0.00056   16.6   0.0    71   162    66   150    44   161 0.80 # 806212 # 807615 # -1 # ID=1_659;partial=00;start_type=ATG;rbs_motif=GGAG/GAGG;rbs_spacer=5-10bp;gc_cont=0.318
1_659                -            468 24181at186802        -            350   0.00014   18.6   0.0   2   2      0.83   2.1e+02   -1.7   0.0   274   276   407   409   357   454 0.52 # 806212 # 807615 # -1 # ID=1_659;partial=00;start_type=ATG;rbs_motif=GGAG/GAGG;rbs_spacer=5-10bp;gc_cont=0.318
1_2962               -            377 24181at186802        -            350     0.001   15.7   2.2   1   2   0.00038     0.094    9.3   0.5    73   120     8    56     2   118 0.74 # 3359379 # 3360509 # -1 # ID=1_2962;partial=00;start_type=ATG;rbs_motif=AGGAG;rbs_spacer=5-10bp;gc_cont=0.276
1_2962               -            377 24181at186802        -            350     0.001   15.7   2.2   2   2      0.27        68   -0.1   0.0   268   299   331   362   323   374 0.79 # 3359379 # 3360509 # -1 # ID=1_2962;partial=00;start_type=ATG;rbs_motif=AGGAG;rbs_spacer=5-10bp;gc_cont=0.276
1_730                -            241 24181at186802        -            350    0.0012   15.5   0.0   1   1   8.9e-06    0.0022   14.7   0.0    69   108    14    53     5    61 0.82 # 898222 # 898944 # 1 # ID=1_730;partial=00;start_type=ATG;rbs_motif=AGGA;rbs_spacer=5-10bp;gc_cont=0.304
1_1158               -            534 24181at186802        -            350    0.0023   14.6   0.0   1   2   0.00017     0.042   10.5   0.0    81   105   238   262   221   269 0.85 # 1367683 # 1369284 # 1 # ID=1_1158;partial=00;start_type=ATG;rbs_motif=AGGA;rbs_spacer=5-10bp;gc_cont=0.280
1_1158               -            534 24181at186802        -            350    0.0023   14.6   0.0   2   2      0.15        38    0.8   0.0   141   161   318   338   312   342 0.85 # 1367683 # 1369284 # 1 # ID=1_1158;partial=00;start_type=ATG;rbs_motif=AGGA;rbs_spacer=5-10bp;gc_cont=0.280
1_3212               -            255 24181at186802        -            350    0.0029   14.3   0.0   1   1   1.9e-05    0.0047   13.6   0.0    72   130    24    86    17    94 0.72 # 3673078 # 3673842 # -1 # ID=1_3212;partial=00;start_type=ATG;rbs_motif=GGAG/GAGG;rbs_spacer=5-10bp;gc_cont=0.320
1_2221               -            274 24181at186802        -            350    0.0038   13.9   0.6   1   1   8.5e-05     0.021   11.4   0.6    79   129    31    83    21   133 0.62 # 2481037 # 2481858 # -1 # ID=1_2221;partial=00;start_type=ATG;rbs_motif=AGGAG;rbs_spacer=5-10bp;gc_cont=0.307
1_487                -            945 24181at186802        -            350    0.0044   13.7   0.3   1   2   0.00086      0.21    8.1   0.0    83   104   137   158   133   232 0.75 # 584699 # 587533 # -1 # ID=1_487;partial=00;start_type=ATG;rbs_motif=AGGA;rbs_spacer=5-10bp;gc_cont=0.282
1_487                -            945 24181at186802        -            350    0.0044   13.7   0.3   2   2     0.042        10    2.6   0.0   233   281   250   297   233   323 0.79 # 584699 # 587533 # -1 # ID=1_487;partial=00;start_type=ATG;rbs_motif=AGGA;rbs_spacer=5-10bp;gc_cont=0.282
1_335                -            327 24181at186802        -            350    0.0057   13.3   0.0   1   2   4.3e-05     0.011   12.4   0.0    77   108    73   104    28   131 0.88 # 398141 # 399121 # 1 # ID=1_335;partial=00;start_type=ATG;rbs_motif=None;rbs_spacer=None;gc_cont=0.296
1_335                -            327 24181at186802        -            350    0.0057   13.3   0.0   2   2       2.4   5.9e+02   -3.2   0.1   267   318   215   265   206   278 0.60 # 398141 # 399121 # 1 # ID=1_335;partial=00;start_type=ATG;rbs_motif=None;rbs_spacer=None;gc_cont=0.296
1_585                -            251 24181at186802        -            350    0.0062   13.2   0.1   1   2    0.0012      0.29    7.7   0.0    69   103    18    53     7    59 0.82 # 710754 # 711506 # -1 # ID=1_585;partial=00;start_type=ATG;rbs_motif=GGAG/GAGG;rbs_spacer=5-10bp;gc_cont=0.316
1_585                -            251 24181at186802        -            350    0.0062   13.2   0.1   2   2     0.025       6.2    3.3   0.0    21    53   204   236   181   243 0.78 # 710754 # 711506 # -1 # ID=1_585;partial=00;start_type=ATG;rbs_motif=GGAG/GAGG;rbs_spacer=5-10bp;gc_cont=0.316
#
# Program:         hmmsearch
# Version:         3.1b2 (February 2015)
# Pipeline mode:   SEARCH
# Query file:      /home/johngn/Microbial-Genomics-Journey-Workshop-2023/Reads_session_3/busco_downloads/lineages/clostridiales_odb10/hmms/24181at186802.hmm
# Target file:     /home/johngn/Microbial-Genomics-Journey-Workshop-2023/Reads_session_3/busco_op3/prodigal_output/predicted_genes/predicted.faa
# Option settings: hmmsearch --domtblout /home/johngn/Microbial-Genomics-Journey-Workshop-2023/Reads_session_3/busco_op3/run_clostridiales_odb10/hmmer_output/24181at186802.out --cpu 1 /home/johngn/Microbial-Genomics-Journey-Workshop-2023/Reads_session_3/busco_downloads/lineages/clostridiales_odb10/hmms/24181at186802.hmm /home/johngn/Microbial-Genomics-Journey-Workshop-2023/Reads_session_3/busco_op3/prodigal_output/predicted_genes/predicted.faa 
# Current dir:     /home/johngn/Microbial-Genomics-Journey-Workshop-2023/Reads_session_3
# Date:            Wed Mar  1 18:12:43 2023
# [ok]
