#                                                                            --- full sequence --- -------------- this domain -------------   hmm coord   ali coord   env coord
# target name        accession   tlen query name           accession   qlen   E-value  score  bias   #  of  c-Evalue  i-Evalue  score  bias  from    to  from    to  from    to  acc description of target
#------------------- ---------- ----- -------------------- ---------- ----- --------- ------ ----- --- --- --------- --------- ------ ----- ----- ----- ----- ----- ----- ----- ---- ---------------------
1_3207               -            889 2485at186802         -            675         0 1066.0  21.3   1   3  1.3e-281  1.2e-278  923.5   5.1     6   519    35   602    30   612 0.92 # 3665667 # 3668333 # -1 # ID=1_3207;partial=00;start_type=ATG;rbs_motif=AGGAGG;rbs_spacer=5-10bp;gc_cont=0.318
1_3207               -            889 2485at186802         -            675         0 1066.0  21.3   2   3     1e-34   9.7e-32  107.6   4.9   509   615   612   758   608   795 0.77 # 3665667 # 3668333 # -1 # ID=1_3207;partial=00;start_type=ATG;rbs_motif=AGGAGG;rbs_spacer=5-10bp;gc_cont=0.318
1_3207               -            889 2485at186802         -            675         0 1066.0  21.3   3   3   8.3e-14   7.8e-11   38.6   0.2   606   672   787   857   779   863 0.79 # 3665667 # 3668333 # -1 # ID=1_3207;partial=00;start_type=ATG;rbs_motif=AGGAGG;rbs_spacer=5-10bp;gc_cont=0.318
1_2595               -           1039 2485at186802         -            675   5.2e-76  254.0  12.5   1   3   2.5e-21   2.4e-18   63.4   0.1     7   204    41   257    35   281 0.78 # 2897618 # 2900734 # -1 # ID=1_2595;partial=00;start_type=GTG;rbs_motif=AGxAGG/AGGxGG;rbs_spacer=5-10bp;gc_cont=0.308
1_2595               -           1039 2485at186802         -            675   5.2e-76  254.0  12.5   2   3   7.4e-26   6.9e-23   78.4   0.2   209   364   299   469   278   478 0.79 # 2897618 # 2900734 # -1 # ID=1_2595;partial=00;start_type=GTG;rbs_motif=AGxAGG/AGGxGG;rbs_spacer=5-10bp;gc_cont=0.308
1_2595               -           1039 2485at186802         -            675   5.2e-76  254.0  12.5   3   3   4.4e-37   4.1e-34  115.5   3.2   367   563   512   735   500   854 0.76 # 2897618 # 2900734 # -1 # ID=1_2595;partial=00;start_type=GTG;rbs_motif=AGxAGG/AGGxGG;rbs_spacer=5-10bp;gc_cont=0.308
1_2499               -            807 2485at186802         -            675   2.1e-59  199.1  18.3   1   6   1.8e-25   1.7e-22   77.1   0.0     9   153    34   171    25   177 0.88 # 2788386 # 2790806 # -1 # ID=1_2499;partial=00;start_type=ATG;rbs_motif=AGGAGG;rbs_spacer=5-10bp;gc_cont=0.318
1_2499               -            807 2485at186802         -            675   2.1e-59  199.1  18.3   2   6     0.012        12    1.6   0.0   292   333   175   217   170   226 0.78 # 2788386 # 2790806 # -1 # ID=1_2499;partial=00;start_type=ATG;rbs_motif=AGGAGG;rbs_spacer=5-10bp;gc_cont=0.318
1_2499               -            807 2485at186802         -            675   2.1e-59  199.1  18.3   3   6     0.011        11    1.8   0.1   170   200   243   273   239   286 0.88 # 2788386 # 2790806 # -1 # ID=1_2499;partial=00;start_type=ATG;rbs_motif=AGGAGG;rbs_spacer=5-10bp;gc_cont=0.318
1_2499               -            807 2485at186802         -            675   2.1e-59  199.1  18.3   4   6   1.9e-15   1.7e-12   44.0   0.1   194   282   303   394   281   403 0.88 # 2788386 # 2790806 # -1 # ID=1_2499;partial=00;start_type=ATG;rbs_motif=AGGAGG;rbs_spacer=5-10bp;gc_cont=0.318
1_2499               -            807 2485at186802         -            675   2.1e-59  199.1  18.3   5   6   9.2e-08   8.6e-05   18.6   0.5   339   371   405   438   398   446 0.84 # 2788386 # 2790806 # -1 # ID=1_2499;partial=00;start_type=ATG;rbs_motif=AGGAGG;rbs_spacer=5-10bp;gc_cont=0.318
1_2499               -            807 2485at186802         -            675   2.1e-59  199.1  18.3   6   6   1.1e-21   9.9e-19   64.7   0.5   369   590   476   726   467   780 0.73 # 2788386 # 2790806 # -1 # ID=1_2499;partial=00;start_type=ATG;rbs_motif=AGGAGG;rbs_spacer=5-10bp;gc_cont=0.318
1_3595               -            646 2485at186802         -            675   1.3e-26   90.7   4.2   1   2   4.3e-15     4e-12   42.8   0.1     9   146     4   133     1   145 0.80 # 4052228 # 4054165 # -1 # ID=1_3595;partial=00;start_type=ATG;rbs_motif=AGGAGG;rbs_spacer=5-10bp;gc_cont=0.313
1_3595               -            646 2485at186802         -            675   1.3e-26   90.7   4.2   2   2     7e-17   6.5e-14   48.7   1.0   370   507   220   364   213   523 0.84 # 4052228 # 4054165 # -1 # ID=1_3595;partial=00;start_type=ATG;rbs_motif=AGGAGG;rbs_spacer=5-10bp;gc_cont=0.313
#
# Program:         hmmsearch
# Version:         3.1b2 (February 2015)
# Pipeline mode:   SEARCH
# Query file:      /home/johngn/Microbial-Genomics-Journey-Workshop-2023/Reads_session_3/busco_downloads/lineages/clostridiales_odb10/hmms/2485at186802.hmm
# Target file:     /home/johngn/Microbial-Genomics-Journey-Workshop-2023/Reads_session_3/busco_op3/prodigal_output/predicted_genes/predicted.faa
# Option settings: hmmsearch --domtblout /home/johngn/Microbial-Genomics-Journey-Workshop-2023/Reads_session_3/busco_op3/run_clostridiales_odb10/hmmer_output/2485at186802.out --cpu 1 /home/johngn/Microbial-Genomics-Journey-Workshop-2023/Reads_session_3/busco_downloads/lineages/clostridiales_odb10/hmms/2485at186802.hmm /home/johngn/Microbial-Genomics-Journey-Workshop-2023/Reads_session_3/busco_op3/prodigal_output/predicted_genes/predicted.faa 
# Current dir:     /home/johngn/Microbial-Genomics-Journey-Workshop-2023/Reads_session_3
# Date:            Wed Mar  8 16:58:07 2023
# [ok]
