#                                                                            --- full sequence --- -------------- this domain -------------   hmm coord   ali coord   env coord
# target name        accession   tlen query name           accession   qlen   E-value  score  bias   #  of  c-Evalue  i-Evalue  score  bias  from    to  from    to  from    to  acc description of target
#------------------- ---------- ----- -------------------- ---------- ----- --------- ------ ----- --- --- --------- --------- ------ ----- ----- ----- ----- ----- ----- ----- ---- ---------------------
1_2426               -            433 26105at186802        -            265  9.3e-101  334.5   9.9   1   2   1.5e-24   6.4e-22   76.1   1.1     4    65    35   105    31   113 0.83 # 2698318 # 2699616 # -1 # ID=1_2426;partial=00;start_type=TTG;rbs_motif=AGGAGG;rbs_spacer=11-12bp;gc_cont=0.293
1_2426               -            433 26105at186802        -            265  9.3e-101  334.5   9.9   2   2   2.2e-81   9.1e-79  262.4   2.0    64   246   137   346   117   360 0.87 # 2698318 # 2699616 # -1 # ID=1_2426;partial=00;start_type=TTG;rbs_motif=AGGAGG;rbs_spacer=11-12bp;gc_cont=0.293
1_1864               -            479 26105at186802        -            265   7.4e-54  180.8   1.2   1   2   1.9e-06    0.0008   16.7   0.0     8    51    76   122    68   143 0.83 # 2124256 # 2125692 # -1 # ID=1_1864;partial=00;start_type=GTG;rbs_motif=AGGAGG;rbs_spacer=5-10bp;gc_cont=0.303
1_1864               -            479 26105at186802        -            265   7.4e-54  180.8   1.2   2   2   8.3e-51   3.5e-48  162.2   0.3    62   245   177   386   166   391 0.85 # 2124256 # 2125692 # -1 # ID=1_1864;partial=00;start_type=GTG;rbs_motif=AGGAGG;rbs_spacer=5-10bp;gc_cont=0.303
1_1214               -            445 26105at186802        -            265   1.3e-45  153.7   0.4   1   2     4e-06    0.0017   15.7   0.0     7    51    38    85    29   113 0.85 # 1428698 # 1430032 # 1 # ID=1_1214;partial=00;start_type=ATG;rbs_motif=AGGAG;rbs_spacer=5-10bp;gc_cont=0.285
1_1214               -            445 26105at186802        -            265   1.3e-45  153.7   0.4   2   2   9.4e-43   3.9e-40  135.8   0.2    70   243   146   345   128   364 0.83 # 1428698 # 1430032 # 1 # ID=1_1214;partial=00;start_type=ATG;rbs_motif=AGGAG;rbs_spacer=5-10bp;gc_cont=0.285
1_2198               -            290 26105at186802        -            265   3.9e-05   21.0   0.8   1   2   1.5e-07   6.3e-05   20.3   0.4    72   192    18   150    13   183 0.81 # 2452699 # 2453568 # -1 # ID=1_2198;partial=00;start_type=ATG;rbs_motif=AGxAGG/AGGxGG;rbs_spacer=5-10bp;gc_cont=0.294
1_2198               -            290 26105at186802        -            265   3.9e-05   21.0   0.8   2   2         2   8.3e+02   -3.0   0.0   102   126   228   254   223   267 0.51 # 2452699 # 2453568 # -1 # ID=1_2198;partial=00;start_type=ATG;rbs_motif=AGxAGG/AGGxGG;rbs_spacer=5-10bp;gc_cont=0.294
1_1038               -            615 26105at186802        -            265   0.00039   17.7   0.0   1   1   1.8e-06   0.00074   16.8   0.0    67   160   257   358   254   431 0.72 # 1248800 # 1250644 # 1 # ID=1_1038;partial=00;start_type=ATG;rbs_motif=AGGAG/GGAGG;rbs_spacer=11-12bp;gc_cont=0.296
1_711                -            313 26105at186802        -            265   0.00043   17.6   2.3   1   1   3.7e-06    0.0015   15.8   2.3    62   245    17   219     6   233 0.77 # 874452 # 875390 # 1 # ID=1_711;partial=00;start_type=ATG;rbs_motif=AGGAG/GGAGG;rbs_spacer=11-12bp;gc_cont=0.269
1_690                -            585 26105at186802        -            265     0.012   12.9   0.1   1   1   6.9e-05     0.029   11.6   0.1    77   226   184   351   171   371 0.73 # 848690 # 850444 # 1 # ID=1_690;partial=00;start_type=TTG;rbs_motif=GGAG/GAGG;rbs_spacer=5-10bp;gc_cont=0.279
1_2168               -             79 26105at186802        -            265     0.015   12.6   5.0   1   1   3.8e-05     0.016   12.5   5.0    73   136     9    72     2    77 0.89 # 2422520 # 2422756 # -1 # ID=1_2168;partial=00;start_type=ATG;rbs_motif=None;rbs_spacer=None;gc_cont=0.312
1_1309               -            329 26105at186802        -            265     0.029   11.6   0.0   1   1   0.00011     0.046   11.0   0.0   156   248   156   258   141   268 0.80 # 1526211 # 1527197 # -1 # ID=1_1309;partial=00;start_type=ATG;rbs_motif=None;rbs_spacer=None;gc_cont=0.307
#
# Program:         hmmsearch
# Version:         3.1b2 (February 2015)
# Pipeline mode:   SEARCH
# Query file:      /home/johngn/Microbial-Genomics-Journey-Workshop-2023/Reads_session_3/busco_downloads/lineages/clostridiales_odb10/hmms/26105at186802.hmm
# Target file:     /home/johngn/Microbial-Genomics-Journey-Workshop-2023/Reads_session_3/busco_op3/prodigal_output/predicted_genes/predicted.faa
# Option settings: hmmsearch --domtblout /home/johngn/Microbial-Genomics-Journey-Workshop-2023/Reads_session_3/busco_op3/run_clostridiales_odb10/hmmer_output/26105at186802.out --cpu 1 /home/johngn/Microbial-Genomics-Journey-Workshop-2023/Reads_session_3/busco_downloads/lineages/clostridiales_odb10/hmms/26105at186802.hmm /home/johngn/Microbial-Genomics-Journey-Workshop-2023/Reads_session_3/busco_op3/prodigal_output/predicted_genes/predicted.faa 
# Current dir:     /home/johngn/Microbial-Genomics-Journey-Workshop-2023/Reads_session_3
# Date:            Wed Mar  8 16:58:07 2023
# [ok]
