#                                                                            --- full sequence --- -------------- this domain -------------   hmm coord   ali coord   env coord
# target name        accession   tlen query name           accession   qlen   E-value  score  bias   #  of  c-Evalue  i-Evalue  score  bias  from    to  from    to  from    to  acc description of target
#------------------- ---------- ----- -------------------- ---------- ----- --------- ------ ----- --- --- --------- --------- ------ ----- ----- ----- ----- ----- ----- ----- ---- ---------------------
1_3557               -           1129 2667at186802         -            804         0 1117.0  32.9   1   3      0.23   1.5e+02   -2.1   0.0     1    25    55    79    55    83 0.87 # 4010299 # 4013685 # -1 # ID=1_3557;partial=00;start_type=ATG;rbs_motif=GGAG/GAGG;rbs_spacer=5-10bp;gc_cont=0.286
1_3557               -           1129 2667at186802         -            804         0 1117.0  32.9   2   3     7e-25   4.4e-22   75.7   0.7     7   137    98   243    93   307 0.75 # 4010299 # 4013685 # -1 # ID=1_3557;partial=00;start_type=ATG;rbs_motif=GGAG/GAGG;rbs_spacer=5-10bp;gc_cont=0.286
1_3557               -           1129 2667at186802         -            804         0 1117.0  32.9   3   3         0         0 1046.4  24.0   164   803   393  1077   361  1078 0.89 # 4010299 # 4013685 # -1 # ID=1_3557;partial=00;start_type=ATG;rbs_motif=GGAG/GAGG;rbs_spacer=5-10bp;gc_cont=0.286
1_2536               -            687 2667at186802         -            804  1.6e-110  368.2   3.6   1   1  3.3e-113  2.1e-110  367.8   3.6   326   720   229   628   147   646 0.92 # 2832770 # 2834830 # -1 # ID=1_2536;partial=00;start_type=TTG;rbs_motif=AGxAGG/AGGxGG;rbs_spacer=5-10bp;gc_cont=0.301
1_2564               -            830 2667at186802         -            804   4.4e-19   65.7   0.0   1   2   2.3e-15   1.4e-12   44.2   0.0   358   487   287   411   280   448 0.87 # 2863035 # 2865524 # -1 # ID=1_2564;partial=00;start_type=ATG;rbs_motif=GGAG/GAGG;rbs_spacer=5-10bp;gc_cont=0.266
1_2564               -            830 2667at186802         -            804   4.4e-19   65.7   0.0   2   2   8.8e-08   5.5e-05   19.1   0.0   578   663   584   682   575   699 0.70 # 2863035 # 2865524 # -1 # ID=1_2564;partial=00;start_type=ATG;rbs_motif=GGAG/GAGG;rbs_spacer=5-10bp;gc_cont=0.266
1_3461               -            657 2667at186802         -            804   4.9e-17   59.0   9.3   1   3   0.00046      0.29    6.8   0.1   347   434     2    85     1    95 0.85 # 3913403 # 3915373 # -1 # ID=1_3461;partial=00;start_type=ATG;rbs_motif=AGGAG;rbs_spacer=5-10bp;gc_cont=0.314
1_3461               -            657 2667at186802         -            804   4.9e-17   59.0   9.3   2   3   8.1e-13   5.1e-10   35.8   0.4    52   133   164   254   118   297 0.78 # 3913403 # 3915373 # -1 # ID=1_3461;partial=00;start_type=ATG;rbs_motif=AGGAG;rbs_spacer=5-10bp;gc_cont=0.314
1_3461               -            657 2667at186802         -            804   4.9e-17   59.0   9.3   3   3   2.3e-08   1.4e-05   21.0   0.6   577   661   453   543   383   574 0.80 # 3913403 # 3915373 # -1 # ID=1_3461;partial=00;start_type=ATG;rbs_motif=AGGAG;rbs_spacer=5-10bp;gc_cont=0.314
1_739                -            538 2667at186802         -            804   4.7e-09   32.6   0.6   1   2   6.6e-05     0.041    9.6   0.1   404   486    72   156    45   176 0.79 # 911557 # 913170 # 1 # ID=1_739;partial=00;start_type=ATG;rbs_motif=GGAG/GAGG;rbs_spacer=5-10bp;gc_cont=0.315
1_739                -            538 2667at186802         -            804   4.7e-09   32.6   0.6   2   2     2e-08   1.2e-05   21.2   0.1   594   678   272   357   250   370 0.78 # 911557 # 913170 # 1 # ID=1_739;partial=00;start_type=ATG;rbs_motif=GGAG/GAGG;rbs_spacer=5-10bp;gc_cont=0.315
1_808                -            370 2667at186802         -            804     4e-07   26.2   1.3   1   1   1.9e-09   1.2e-06   24.6   1.3   385   680    47   355    35   362 0.78 # 983676 # 984785 # -1 # ID=1_808;partial=00;start_type=ATG;rbs_motif=GGA/GAG/AGG;rbs_spacer=5-10bp;gc_cont=0.294
#
# Program:         hmmsearch
# Version:         3.1b2 (February 2015)
# Pipeline mode:   SEARCH
# Query file:      /home/johngn/Microbial-Genomics-Journey-Workshop-2023/Reads_session_3/busco_downloads/lineages/clostridiales_odb10/hmms/2667at186802.hmm
# Target file:     /home/johngn/Microbial-Genomics-Journey-Workshop-2023/Reads_session_3/busco_op3/prodigal_output/predicted_genes/predicted.faa
# Option settings: hmmsearch --domtblout /home/johngn/Microbial-Genomics-Journey-Workshop-2023/Reads_session_3/busco_op3/run_clostridiales_odb10/hmmer_output/2667at186802.out --cpu 1 /home/johngn/Microbial-Genomics-Journey-Workshop-2023/Reads_session_3/busco_downloads/lineages/clostridiales_odb10/hmms/2667at186802.hmm /home/johngn/Microbial-Genomics-Journey-Workshop-2023/Reads_session_3/busco_op3/prodigal_output/predicted_genes/predicted.faa 
# Current dir:     /home/johngn/Microbial-Genomics-Journey-Workshop-2023/Reads_session_3
# Date:            Wed Mar  8 16:58:07 2023
# [ok]
