#                                                                            --- full sequence --- -------------- this domain -------------   hmm coord   ali coord   env coord
# target name        accession   tlen query name           accession   qlen   E-value  score  bias   #  of  c-Evalue  i-Evalue  score  bias  from    to  from    to  from    to  acc description of target
#------------------- ---------- ----- -------------------- ---------- ----- --------- ------ ----- --- --- --------- --------- ------ ----- ----- ----- ----- ----- ----- ----- ---- ---------------------
1_1167               -            360 29008at186802        -            268   2.4e-98  326.5  11.8   1   1   1.2e-96   4.6e-94  312.5  11.8     1   268     3   355     3   355 0.81 # 1378195 # 1379274 # 1 # ID=1_1167;partial=00;start_type=ATG;rbs_motif=AGGA/GGAG/GAGG;rbs_spacer=11-12bp;gc_cont=0.300
1_1698               -            268 29008at186802        -            268   7.6e-08   29.8   0.2   1   2   6.5e-10   2.4e-07   28.1   0.2     2    65    19    83    18   125 0.79 # 1946536 # 1947339 # 1 # ID=1_1698;partial=00;start_type=GTG;rbs_motif=GGAGG;rbs_spacer=5-10bp;gc_cont=0.274
1_1698               -            268 29008at186802        -            268   7.6e-08   29.8   0.2   2   2      0.83   3.1e+02   -1.7   0.0   146   165   152   171   142   175 0.85 # 1946536 # 1947339 # 1 # ID=1_1698;partial=00;start_type=GTG;rbs_motif=GGAGG;rbs_spacer=5-10bp;gc_cont=0.274
1_772                -            252 29008at186802        -            268   2.4e-07   28.1   0.0   1   1     1e-09   3.9e-07   27.4   0.0     3    62    27    86    25   101 0.86 # 944151 # 944906 # 1 # ID=1_772;partial=00;start_type=ATG;rbs_motif=AGGAG;rbs_spacer=5-10bp;gc_cont=0.331
1_211                -            512 29008at186802        -            268   1.8e-06   25.3   0.0   1   1   8.3e-09   3.1e-06   24.5   0.0     1    64   216   281   216   286 0.87 # 266725 # 268260 # 1 # ID=1_211;partial=00;start_type=ATG;rbs_motif=AGGAG/GGAGG;rbs_spacer=11-12bp;gc_cont=0.311
1_3661               -            245 29008at186802        -            268   3.2e-05   21.2   0.0   1   1   1.2e-07   4.6e-05   20.6   0.0     2   109    25   132    24   143 0.78 # 4127215 # 4127949 # 1 # ID=1_3661;partial=00;start_type=ATG;rbs_motif=AGGA;rbs_spacer=5-10bp;gc_cont=0.288
1_732                -            391 29008at186802        -            268   0.00052   17.2   0.0   1   1   2.3e-06   0.00084   16.5   0.0     6    53   184   232   179   251 0.78 # 900790 # 901962 # 1 # ID=1_732;partial=00;start_type=GTG;rbs_motif=GGAG/GAGG;rbs_spacer=5-10bp;gc_cont=0.325
1_2373               -            287 29008at186802        -            268   0.00053   17.1   0.0   1   1   1.9e-06   0.00072   16.7   0.0     2   111    55   166    54   208 0.78 # 2643323 # 2644183 # -1 # ID=1_2373;partial=00;start_type=ATG;rbs_motif=GGAG/GAGG;rbs_spacer=5-10bp;gc_cont=0.288
1_1541               -            625 29008at186802        -            268   0.00095   16.3   0.0   1   2      0.67   2.5e+02   -1.4   0.0    97   116   192   211   183   218 0.80 # 1778747 # 1780621 # 1 # ID=1_1541;partial=00;start_type=ATG;rbs_motif=AGGA/GGAG/GAGG;rbs_spacer=11-12bp;gc_cont=0.265
1_1541               -            625 29008at186802        -            268   0.00095   16.3   0.0   2   2   1.1e-05    0.0041   14.3   0.0     7    69   266   328   260   338 0.93 # 1778747 # 1780621 # 1 # ID=1_1541;partial=00;start_type=ATG;rbs_motif=AGGA/GGAG/GAGG;rbs_spacer=11-12bp;gc_cont=0.265
1_1704               -            400 29008at186802        -            268    0.0061   13.7   0.1   1   1   3.8e-05     0.014   12.5   0.1     1    69     3    72     3    81 0.74 # 1953567 # 1954766 # 1 # ID=1_1704;partial=00;start_type=ATG;rbs_motif=GGAGG;rbs_spacer=5-10bp;gc_cont=0.313
1_1312               -            217 29008at186802        -            268     0.016   12.3   0.0   1   1   6.8e-05     0.025   11.6   0.0     2    70     5    79     4   108 0.76 # 1528478 # 1529128 # 1 # ID=1_1312;partial=00;start_type=TTG;rbs_motif=GGAG/GAGG;rbs_spacer=5-10bp;gc_cont=0.327
#
# Program:         hmmsearch
# Version:         3.1b2 (February 2015)
# Pipeline mode:   SEARCH
# Query file:      /home/johngn/Microbial-Genomics-Journey-Workshop-2023/Reads_session_3/busco_downloads/lineages/clostridiales_odb10/hmms/29008at186802.hmm
# Target file:     /home/johngn/Microbial-Genomics-Journey-Workshop-2023/Reads_session_3/busco_op3/prodigal_output/predicted_genes/predicted.faa
# Option settings: hmmsearch --domtblout /home/johngn/Microbial-Genomics-Journey-Workshop-2023/Reads_session_3/busco_op3/run_clostridiales_odb10/hmmer_output/29008at186802.out --cpu 1 /home/johngn/Microbial-Genomics-Journey-Workshop-2023/Reads_session_3/busco_downloads/lineages/clostridiales_odb10/hmms/29008at186802.hmm /home/johngn/Microbial-Genomics-Journey-Workshop-2023/Reads_session_3/busco_op3/prodigal_output/predicted_genes/predicted.faa 
# Current dir:     /home/johngn/Microbial-Genomics-Journey-Workshop-2023/Reads_session_3
# Date:            Wed Mar  8 16:58:08 2023
# [ok]
