#                                                                            --- full sequence --- -------------- this domain -------------   hmm coord   ali coord   env coord
# target name        accession   tlen query name           accession   qlen   E-value  score  bias   #  of  c-Evalue  i-Evalue  score  bias  from    to  from    to  from    to  acc description of target
#------------------- ---------- ----- -------------------- ---------- ----- --------- ------ ----- --- --- --------- --------- ------ ----- ----- ----- ----- ----- ----- ----- ---- ---------------------
1_1168               -            880 2963at186802         -            602  2.9e-229  760.3  31.0   1   4  2.5e-150  3.1e-147  489.4   8.2     1   336    13   435    13   439 0.86 # 1379723 # 1382362 # 1 # ID=1_1168;partial=00;start_type=ATG;rbs_motif=AGGAGG;rbs_spacer=5-10bp;gc_cont=0.315
1_1168               -            880 2963at186802         -            602  2.9e-229  760.3  31.0   2   4   5.5e-06    0.0069   12.6   0.0   341   365   491   515   476   529 0.84 # 1379723 # 1382362 # 1 # ID=1_1168;partial=00;start_type=ATG;rbs_motif=AGGAGG;rbs_spacer=5-10bp;gc_cont=0.315
1_1168               -            880 2963at186802         -            602  2.9e-229  760.3  31.0   3   4   1.9e-61   2.4e-58  195.8   3.9   369   501   560   705   542   756 0.80 # 1379723 # 1382362 # 1 # ID=1_1168;partial=00;start_type=ATG;rbs_motif=AGGAGG;rbs_spacer=5-10bp;gc_cont=0.315
1_1168               -            880 2963at186802         -            602  2.9e-229  760.3  31.0   4   4   1.6e-21   1.9e-18   64.0   2.9   509   599   758   862   731   868 0.76 # 1379723 # 1382362 # 1 # ID=1_1168;partial=00;start_type=ATG;rbs_motif=AGGAGG;rbs_spacer=5-10bp;gc_cont=0.315
1_2129               -            400 2963at186802         -            602   1.2e-11   41.5   7.4   1   3   1.1e-05     0.014   11.6   0.0   339   370    27    57    20    77 0.77 # 2375980 # 2377179 # -1 # ID=1_2129;partial=00;start_type=ATG;rbs_motif=AGGA/GGAG/GAGG;rbs_spacer=11-12bp;gc_cont=0.287
1_2129               -            400 2963at186802         -            602   1.2e-11   41.5   7.4   2   3   2.8e-05     0.034   10.3   1.0   450   512   177   239   132   301 0.81 # 2375980 # 2377179 # -1 # ID=1_2129;partial=00;start_type=ATG;rbs_motif=AGGA/GGAG/GAGG;rbs_spacer=11-12bp;gc_cont=0.287
1_2129               -            400 2963at186802         -            602   1.2e-11   41.5   7.4   3   3   1.8e-08   2.3e-05   20.8   2.1   491   596   273   380   266   386 0.66 # 2375980 # 2377179 # -1 # ID=1_2129;partial=00;start_type=ATG;rbs_motif=AGGA/GGAG/GAGG;rbs_spacer=11-12bp;gc_cont=0.287
1_2409               -            293 2963at186802         -            602     0.015   11.5   0.2   1   1   1.6e-05      0.02   11.1   0.2   152   195   137   178    86   195 0.68 # 2686179 # 2687057 # -1 # ID=1_2409;partial=00;start_type=ATG;rbs_motif=AGGAGG;rbs_spacer=5-10bp;gc_cont=0.337
#
# Program:         hmmsearch
# Version:         3.1b2 (February 2015)
# Pipeline mode:   SEARCH
# Query file:      /home/johngn/Microbial-Genomics-Journey-Workshop-2023/Reads_session_3/busco_downloads/lineages/clostridiales_odb10/hmms/2963at186802.hmm
# Target file:     /home/johngn/Microbial-Genomics-Journey-Workshop-2023/Reads_session_3/busco_op3/prodigal_output/predicted_genes/predicted.faa
# Option settings: hmmsearch --domtblout /home/johngn/Microbial-Genomics-Journey-Workshop-2023/Reads_session_3/busco_op3/run_clostridiales_odb10/hmmer_output/2963at186802.out --cpu 1 /home/johngn/Microbial-Genomics-Journey-Workshop-2023/Reads_session_3/busco_downloads/lineages/clostridiales_odb10/hmms/2963at186802.hmm /home/johngn/Microbial-Genomics-Journey-Workshop-2023/Reads_session_3/busco_op3/prodigal_output/predicted_genes/predicted.faa 
# Current dir:     /home/johngn/Microbial-Genomics-Journey-Workshop-2023/Reads_session_3
# Date:            Wed Mar  8 16:58:08 2023
# [ok]
