#                                                                            --- full sequence --- -------------- this domain -------------   hmm coord   ali coord   env coord
# target name        accession   tlen query name           accession   qlen   E-value  score  bias   #  of  c-Evalue  i-Evalue  score  bias  from    to  from    to  from    to  acc description of target
#------------------- ---------- ----- -------------------- ---------- ----- --------- ------ ----- --- --- --------- --------- ------ ----- ----- ----- ----- ----- ----- ----- ---- ---------------------
1_1430               -            422 29683at186802        -            329  1.5e-104  347.3   0.9   1   1  6.1e-107  2.5e-104  346.5   0.9    17   329    42   420    23   420 0.85 # 1658837 # 1660102 # 1 # ID=1_1430;partial=00;start_type=ATG;rbs_motif=AGGAG;rbs_spacer=5-10bp;gc_cont=0.325
1_3126               -            464 29683at186802        -            329   6.8e-33  111.7   0.9   1   2   1.7e-11   7.1e-09   32.8   0.2     8    90    31   117    21   133 0.86 # 3570440 # 3571831 # -1 # ID=1_3126;partial=00;start_type=ATG;rbs_motif=AGxAGG/AGGxGG;rbs_spacer=5-10bp;gc_cont=0.327
1_3126               -            464 29683at186802        -            329   6.8e-33  111.7   0.9   2   2   7.2e-25     3e-22   76.7   0.0   139   317   206   423   182   436 0.77 # 3570440 # 3571831 # -1 # ID=1_3126;partial=00;start_type=ATG;rbs_motif=AGxAGG/AGGxGG;rbs_spacer=5-10bp;gc_cont=0.327
1_2043               -            457 29683at186802        -            329     5e-30  102.3   0.8   1   2   2.5e-11   1.1e-08   32.2   0.5     7    85    30   112    25   160 0.81 # 2278449 # 2279819 # -1 # ID=1_2043;partial=00;start_type=ATG;rbs_motif=AGGAGG;rbs_spacer=5-10bp;gc_cont=0.309
1_2043               -            457 29683at186802        -            329     5e-30  102.3   0.8   2   2   3.2e-22   1.3e-19   68.0   0.0   142   318   208   423   192   437 0.76 # 2278449 # 2279819 # -1 # ID=1_2043;partial=00;start_type=ATG;rbs_motif=AGGAGG;rbs_spacer=5-10bp;gc_cont=0.309
1_3130               -            528 29683at186802        -            329   1.3e-05   22.0   0.5   1   3   3.7e-05     0.015   11.9   0.1     6    35    31    62    23    64 0.82 # 3576322 # 3577905 # -1 # ID=1_3130;partial=00;start_type=ATG;rbs_motif=AGGAG;rbs_spacer=5-10bp;gc_cont=0.321
1_3130               -            528 29683at186802        -            329   1.3e-05   22.0   0.5   2   3       1.4   5.7e+02   -3.1   0.0   156   171   234   249   180   256 0.56 # 3576322 # 3577905 # -1 # ID=1_3130;partial=00;start_type=ATG;rbs_motif=AGGAG;rbs_spacer=5-10bp;gc_cont=0.321
1_3130               -            528 29683at186802        -            329   1.3e-05   22.0   0.5   3   3   0.00073       0.3    7.7   0.0   259   299   441   485   435   508 0.87 # 3576322 # 3577905 # -1 # ID=1_3130;partial=00;start_type=ATG;rbs_motif=AGGAG;rbs_spacer=5-10bp;gc_cont=0.321
1_157                -            389 29683at186802        -            329     2e-05   21.4   5.4   1   4     0.042        17    1.9   0.5     3    23    12    32    10    43 0.83 # 202572 # 203738 # 1 # ID=1_157;partial=00;start_type=ATG;rbs_motif=AGGAGG;rbs_spacer=5-10bp;gc_cont=0.322
1_157                -            389 29683at186802        -            329     2e-05   21.4   5.4   2   4   0.00033      0.14    8.8   1.1    10    36    33    62    21    64 0.70 # 202572 # 203738 # 1 # ID=1_157;partial=00;start_type=ATG;rbs_motif=AGGAGG;rbs_spacer=5-10bp;gc_cont=0.322
1_157                -            389 29683at186802        -            329     2e-05   21.4   5.4   3   4     0.057        24    1.4   0.0    52    95   101   145    95   213 0.60 # 202572 # 203738 # 1 # ID=1_157;partial=00;start_type=ATG;rbs_motif=AGGAGG;rbs_spacer=5-10bp;gc_cont=0.322
1_157                -            389 29683at186802        -            329     2e-05   21.4   5.4   4   4    0.0003      0.12    9.0   0.0   255   306   320   374   314   386 0.76 # 202572 # 203738 # 1 # ID=1_157;partial=00;start_type=ATG;rbs_motif=AGGAGG;rbs_spacer=5-10bp;gc_cont=0.322
1_911                -            378 29683at186802        -            329   0.00011   18.9   3.2   1   2   6.1e-06    0.0025   14.5   1.3    11    87    32   116     9   122 0.76 # 1100191 # 1101324 # 1 # ID=1_911;partial=00;start_type=ATG;rbs_motif=AGxAGG/AGGxGG;rbs_spacer=5-10bp;gc_cont=0.289
1_911                -            378 29683at186802        -            329   0.00011   18.9   3.2   2   2     0.016       6.5    3.3   0.0   260   296   319   360   309   369 0.82 # 1100191 # 1101324 # 1 # ID=1_911;partial=00;start_type=ATG;rbs_motif=AGxAGG/AGGxGG;rbs_spacer=5-10bp;gc_cont=0.289
1_652                -            547 29683at186802        -            329    0.0007   16.3   0.2   1   3    0.0022      0.92    6.1   0.0    16    35    42    63    30    66 0.81 # 795692 # 797332 # 1 # ID=1_652;partial=00;start_type=ATG;rbs_motif=AGGAG;rbs_spacer=5-10bp;gc_cont=0.353
1_652                -            547 29683at186802        -            329    0.0007   16.3   0.2   2   3      0.44   1.8e+02   -1.5   0.0   151   172   232   253   221   260 0.78 # 795692 # 797332 # 1 # ID=1_652;partial=00;start_type=ATG;rbs_motif=AGGAG;rbs_spacer=5-10bp;gc_cont=0.353
1_652                -            547 29683at186802        -            329    0.0007   16.3   0.2   3   3    0.0015      0.62    6.6   0.0   259   302   453   501   444   524 0.75 # 795692 # 797332 # 1 # ID=1_652;partial=00;start_type=ATG;rbs_motif=AGGAG;rbs_spacer=5-10bp;gc_cont=0.353
1_3667               -            395 29683at186802        -            329    0.0018   15.0   0.1   1   2    0.0019      0.79    6.3   0.0    16    36    53    75    41    89 0.79 # 4131245 # 4132429 # -1 # ID=1_3667;partial=00;start_type=ATG;rbs_motif=AGGA;rbs_spacer=5-10bp;gc_cont=0.277
1_3667               -            395 29683at186802        -            329    0.0018   15.0   0.1   2   2    0.0018      0.77    6.3   0.1   215   306   263   358   260   376 0.69 # 4131245 # 4132429 # -1 # ID=1_3667;partial=00;start_type=ATG;rbs_motif=AGGA;rbs_spacer=5-10bp;gc_cont=0.277
1_2687               -            455 29683at186802        -            329    0.0088   12.7   0.3   1   2   0.00045      0.19    8.3   0.1    11    37    42    70    31    75 0.80 # 3005277 # 3006641 # 1 # ID=1_2687;partial=00;start_type=ATG;rbs_motif=AGGAG;rbs_spacer=5-10bp;gc_cont=0.310
1_2687               -            455 29683at186802        -            329    0.0088   12.7   0.3   2   2      0.04        16    2.0   0.0   262   300   341   384   292   415 0.71 # 3005277 # 3006641 # 1 # ID=1_2687;partial=00;start_type=ATG;rbs_motif=AGGAG;rbs_spacer=5-10bp;gc_cont=0.310
#
# Program:         hmmsearch
# Version:         3.1b2 (February 2015)
# Pipeline mode:   SEARCH
# Query file:      /home/johngn/Microbial-Genomics-Journey-Workshop-2023/Reads_session_3/busco_downloads/lineages/clostridiales_odb10/hmms/29683at186802.hmm
# Target file:     /home/johngn/Microbial-Genomics-Journey-Workshop-2023/Reads_session_3/busco_op3/prodigal_output/predicted_genes/predicted.faa
# Option settings: hmmsearch --domtblout /home/johngn/Microbial-Genomics-Journey-Workshop-2023/Reads_session_3/busco_op3/run_clostridiales_odb10/hmmer_output/29683at186802.out --cpu 1 /home/johngn/Microbial-Genomics-Journey-Workshop-2023/Reads_session_3/busco_downloads/lineages/clostridiales_odb10/hmms/29683at186802.hmm /home/johngn/Microbial-Genomics-Journey-Workshop-2023/Reads_session_3/busco_op3/prodigal_output/predicted_genes/predicted.faa 
# Current dir:     /home/johngn/Microbial-Genomics-Journey-Workshop-2023/Reads_session_3
# Date:            Wed Mar  8 16:58:08 2023
# [ok]
