#                                                                            --- full sequence --- -------------- this domain -------------   hmm coord   ali coord   env coord
# target name        accession   tlen query name           accession   qlen   E-value  score  bias   #  of  c-Evalue  i-Evalue  score  bias  from    to  from    to  from    to  acc description of target
#------------------- ---------- ----- -------------------- ---------- ----- --------- ------ ----- --- --- --------- --------- ------ ----- ----- ----- ----- ----- ----- ----- ---- ---------------------
1_130                -            449 32108at186802        -            337  7.9e-128  423.9  13.5   1   2   6.1e-52   5.7e-49  164.7   0.1     2   120     3   133     2   140 0.90 # 168864 # 170210 # 1 # ID=1_130;partial=00;start_type=GTG;rbs_motif=AGGAG;rbs_spacer=5-10bp;gc_cont=0.323
1_130                -            449 32108at186802        -            337  7.9e-128  423.9  13.5   2   2   4.3e-80   4.1e-77  257.2   9.4   101   332   145   429   142   434 0.80 # 168864 # 170210 # 1 # ID=1_130;partial=00;start_type=GTG;rbs_motif=AGGAG;rbs_spacer=5-10bp;gc_cont=0.323
1_2292               -            501 32108at186802        -            337   8.6e-19   65.4   1.5   1   4   7.4e-12   6.9e-09   32.9   0.1    15   109    25   134     8   156 0.73 # 2555830 # 2557332 # -1 # ID=1_2292;partial=00;start_type=ATG;rbs_motif=AGGAG;rbs_spacer=5-10bp;gc_cont=0.306
1_2292               -            501 32108at186802        -            337   8.6e-19   65.4   1.5   2   4   7.8e-10   7.3e-07   26.2   0.2   108   219   175   304   165   316 0.67 # 2555830 # 2557332 # -1 # ID=1_2292;partial=00;start_type=ATG;rbs_motif=AGGAG;rbs_spacer=5-10bp;gc_cont=0.306
1_2292               -            501 32108at186802        -            337   8.6e-19   65.4   1.5   3   4     0.018        17    2.0   0.0   239   297   345   407   341   420 0.77 # 2555830 # 2557332 # -1 # ID=1_2292;partial=00;start_type=ATG;rbs_motif=AGGAG;rbs_spacer=5-10bp;gc_cont=0.306
1_2292               -            501 32108at186802        -            337   8.6e-19   65.4   1.5   4   4      0.38   3.6e+02   -2.3   0.0   124   312   441   458   424   477 0.64 # 2555830 # 2557332 # -1 # ID=1_2292;partial=00;start_type=ATG;rbs_motif=AGGAG;rbs_spacer=5-10bp;gc_cont=0.306
1_1480               -            566 32108at186802        -            337   4.7e-12   43.3   0.7   1   3   6.2e-12   5.8e-09   33.1   0.0     4   120    44   180    41   214 0.77 # 1713843 # 1715540 # 1 # ID=1_1480;partial=00;start_type=ATG;rbs_motif=GGAG/GAGG;rbs_spacer=5-10bp;gc_cont=0.294
1_1480               -            566 32108at186802        -            337   4.7e-12   43.3   0.7   2   3    0.0063       5.9    3.5   0.4   174   237   297   373   289   431 0.74 # 1713843 # 1715540 # 1 # ID=1_1480;partial=00;start_type=ATG;rbs_motif=GGAG/GAGG;rbs_spacer=5-10bp;gc_cont=0.294
1_1480               -            566 32108at186802        -            337   4.7e-12   43.3   0.7   3   3     0.011        10    2.7   0.0   309   327   518   536   503   546 0.79 # 1713843 # 1715540 # 1 # ID=1_1480;partial=00;start_type=ATG;rbs_motif=GGAG/GAGG;rbs_spacer=5-10bp;gc_cont=0.294
1_2764               -            569 32108at186802        -            337   8.3e-12   42.5   2.0   1   3   4.5e-12   4.2e-09   33.6   0.1     4   107    44   167    41   195 0.68 # 3108618 # 3110324 # -1 # ID=1_2764;partial=00;start_type=ATG;rbs_motif=AGGA;rbs_spacer=5-10bp;gc_cont=0.285
1_2764               -            569 32108at186802        -            337   8.3e-12   42.5   2.0   2   3     0.029        27    1.3   0.9   171   230   297   370   284   449 0.54 # 3108618 # 3110324 # -1 # ID=1_2764;partial=00;start_type=ATG;rbs_motif=AGGA;rbs_spacer=5-10bp;gc_cont=0.285
1_2764               -            569 32108at186802        -            337   8.3e-12   42.5   2.0   3   3    0.0077       7.2    3.2   0.0   311   328   524   541   505   549 0.78 # 3108618 # 3110324 # -1 # ID=1_2764;partial=00;start_type=ATG;rbs_motif=AGGA;rbs_spacer=5-10bp;gc_cont=0.285
#
# Program:         hmmsearch
# Version:         3.1b2 (February 2015)
# Pipeline mode:   SEARCH
# Query file:      /home/johngn/Microbial-Genomics-Journey-Workshop-2023/Reads_session_3/busco_downloads/lineages/clostridiales_odb10/hmms/32108at186802.hmm
# Target file:     /home/johngn/Microbial-Genomics-Journey-Workshop-2023/Reads_session_3/busco_op3/prodigal_output/predicted_genes/predicted.faa
# Option settings: hmmsearch --domtblout /home/johngn/Microbial-Genomics-Journey-Workshop-2023/Reads_session_3/busco_op3/run_clostridiales_odb10/hmmer_output/32108at186802.out --cpu 1 /home/johngn/Microbial-Genomics-Journey-Workshop-2023/Reads_session_3/busco_downloads/lineages/clostridiales_odb10/hmms/32108at186802.hmm /home/johngn/Microbial-Genomics-Journey-Workshop-2023/Reads_session_3/busco_op3/prodigal_output/predicted_genes/predicted.faa 
# Current dir:     /home/johngn/Microbial-Genomics-Journey-Workshop-2023/Reads_session_3
# Date:            Wed Mar  8 16:58:08 2023
# [ok]
