#                                                                            --- full sequence --- -------------- this domain -------------   hmm coord   ali coord   env coord
# target name        accession   tlen query name           accession   qlen   E-value  score  bias   #  of  c-Evalue  i-Evalue  score  bias  from    to  from    to  from    to  acc description of target
#------------------- ---------- ----- -------------------- ---------- ----- --------- ------ ----- --- --- --------- --------- ------ ----- ----- ----- ----- ----- ----- ----- ---- ---------------------
1_73                 -           1162 329at186802          -            876         0 1485.9  32.8   1   7  3.1e-288  1.2e-284  944.4   1.1     1   461     7   503     7   509 0.95 # 100948 # 104433 # 1 # ID=1_73;partial=00;start_type=TTG;rbs_motif=AGxAGG/AGGxGG;rbs_spacer=11-12bp;gc_cont=0.337
1_73                 -           1162 329at186802          -            876         0 1485.9  32.8   2   7      0.06   2.3e+02   -2.8   0.0   470   483   552   565   551   571 0.86 # 100948 # 104433 # 1 # ID=1_73;partial=00;start_type=TTG;rbs_motif=AGxAGG/AGGxGG;rbs_spacer=11-12bp;gc_cont=0.337
1_73                 -           1162 329at186802          -            876         0 1485.9  32.8   3   7   4.9e-13   1.8e-09   33.9   0.0   471   530   589   651   580   659 0.84 # 100948 # 104433 # 1 # ID=1_73;partial=00;start_type=TTG;rbs_motif=AGxAGG/AGGxGG;rbs_spacer=11-12bp;gc_cont=0.337
1_73                 -           1162 329at186802          -            876         0 1485.9  32.8   4   7   2.6e-52   9.8e-49  163.9   1.4   532   631   694   795   650   824 0.79 # 100948 # 104433 # 1 # ID=1_73;partial=00;start_type=TTG;rbs_motif=AGxAGG/AGGxGG;rbs_spacer=11-12bp;gc_cont=0.337
1_73                 -           1162 329at186802          -            876         0 1485.9  32.8   5   7   8.4e-46   3.1e-42  142.3   2.6   621   728   833   946   819   967 0.86 # 100948 # 104433 # 1 # ID=1_73;partial=00;start_type=TTG;rbs_motif=AGxAGG/AGGxGG;rbs_spacer=11-12bp;gc_cont=0.337
1_73                 -           1162 329at186802          -            876         0 1485.9  32.8   6   7   6.5e-35   2.4e-31  106.3   0.5   715   817   954  1071   948  1080 0.80 # 100948 # 104433 # 1 # ID=1_73;partial=00;start_type=TTG;rbs_motif=AGxAGG/AGGxGG;rbs_spacer=11-12bp;gc_cont=0.337
1_73                 -           1162 329at186802          -            876         0 1485.9  32.8   7   7   2.8e-35   1.1e-31  107.5   0.1   812   876  1090  1154  1070  1154 0.92 # 100948 # 104433 # 1 # ID=1_73;partial=00;start_type=TTG;rbs_motif=AGxAGG/AGGxGG;rbs_spacer=11-12bp;gc_cont=0.337
#
# Program:         hmmsearch
# Version:         3.1b2 (February 2015)
# Pipeline mode:   SEARCH
# Query file:      /home/johngn/Microbial-Genomics-Journey-Workshop-2023/Reads_session_3/busco_downloads/lineages/clostridiales_odb10/hmms/329at186802.hmm
# Target file:     /home/johngn/Microbial-Genomics-Journey-Workshop-2023/Reads_session_3/busco_op3/prodigal_output/predicted_genes/predicted.faa
# Option settings: hmmsearch --domtblout /home/johngn/Microbial-Genomics-Journey-Workshop-2023/Reads_session_3/busco_op3/run_clostridiales_odb10/hmmer_output/329at186802.out --cpu 1 /home/johngn/Microbial-Genomics-Journey-Workshop-2023/Reads_session_3/busco_downloads/lineages/clostridiales_odb10/hmms/329at186802.hmm /home/johngn/Microbial-Genomics-Journey-Workshop-2023/Reads_session_3/busco_op3/prodigal_output/predicted_genes/predicted.faa 
# Current dir:     /home/johngn/Microbial-Genomics-Journey-Workshop-2023/Reads_session_3
# Date:            Wed Mar  8 16:58:08 2023
# [ok]
