#                                                                            --- full sequence --- -------------- this domain -------------   hmm coord   ali coord   env coord
# target name        accession   tlen query name           accession   qlen   E-value  score  bias   #  of  c-Evalue  i-Evalue  score  bias  from    to  from    to  from    to  acc description of target
#------------------- ---------- ----- -------------------- ---------- ----- --------- ------ ----- --- --- --------- --------- ------ ----- ----- ----- ----- ----- ----- ----- ---- ---------------------
1_30                 -            458 36669at186802        -            340  8.3e-134  443.7  10.1   1   2   1.6e-05    0.0099   12.7   0.2     1    18    21    38    21    47 0.84 # 50648 # 52021 # 1 # ID=1_30;partial=00;start_type=ATG;rbs_motif=AGGA;rbs_spacer=5-10bp;gc_cont=0.313
1_30                 -            458 36669at186802        -            340  8.3e-134  443.7  10.1   2   2  1.5e-133  9.4e-131  433.6   5.3    16   330    70   427    55   436 0.89 # 50648 # 52021 # 1 # ID=1_30;partial=00;start_type=ATG;rbs_motif=AGGA;rbs_spacer=5-10bp;gc_cont=0.313
1_595                -            434 36669at186802        -            340   2.2e-07   28.0   2.5   1   2     7e-08   4.4e-05   20.4   0.1    20    78   171   232   165   268 0.74 # 721097 # 722398 # 1 # ID=1_595;partial=00;start_type=ATG;rbs_motif=GGA/GAG/AGG;rbs_spacer=5-10bp;gc_cont=0.307
1_595                -            434 36669at186802        -            340   2.2e-07   28.0   2.5   2   2   0.00054      0.34    7.6   0.3    65   112   260   307   251   344 0.76 # 721097 # 722398 # 1 # ID=1_595;partial=00;start_type=ATG;rbs_motif=GGA/GAG/AGG;rbs_spacer=5-10bp;gc_cont=0.307
1_3339               -            788 36669at186802        -            340   3.9e-05   20.6   0.0   1   2     0.029        18    2.0   0.0    33    60   354   381   348   405 0.82 # 3773050 # 3775413 # -1 # ID=1_3339;partial=00;start_type=ATG;rbs_motif=AGGAG;rbs_spacer=5-10bp;gc_cont=0.308
1_3339               -            788 36669at186802        -            340   3.9e-05   20.6   0.0   2   2   1.7e-06     0.001   15.9   0.0   259   330   670   747   665   757 0.82 # 3773050 # 3775413 # -1 # ID=1_3339;partial=00;start_type=ATG;rbs_motif=AGGAG;rbs_spacer=5-10bp;gc_cont=0.308
1_3718               -            443 36669at186802        -            340    0.0027   14.5   0.3   1   4      0.28   1.8e+02   -1.3   0.0   249   306    17    75     9    82 0.78 # 4185907 # 4187235 # -1 # ID=1_3718;partial=00;start_type=ATG;rbs_motif=GGAG/GAGG;rbs_spacer=5-10bp;gc_cont=0.318
1_3718               -            443 36669at186802        -            340    0.0027   14.5   0.3   2   4   7.5e-05     0.047   10.5   0.0    17    76   185   248   176   293 0.82 # 4185907 # 4187235 # -1 # ID=1_3718;partial=00;start_type=ATG;rbs_motif=GGAG/GAGG;rbs_spacer=5-10bp;gc_cont=0.318
1_3718               -            443 36669at186802        -            340    0.0027   14.5   0.3   3   4      0.64     4e+02   -2.5   0.0   245   272   271   298   253   304 0.82 # 4185907 # 4187235 # -1 # ID=1_3718;partial=00;start_type=ATG;rbs_motif=GGAG/GAGG;rbs_spacer=5-10bp;gc_cont=0.318
1_3718               -            443 36669at186802        -            340    0.0027   14.5   0.3   4   4      0.12        75   -0.1   0.0    96   144   313   362   299   429 0.69 # 4185907 # 4187235 # -1 # ID=1_3718;partial=00;start_type=ATG;rbs_motif=GGAG/GAGG;rbs_spacer=5-10bp;gc_cont=0.318
1_1158               -            534 36669at186802        -            340     0.022   11.6   0.1   1   2   3.5e-05     0.022   11.6   0.1   287   332    99   144    62   152 0.76 # 1367683 # 1369284 # 1 # ID=1_1158;partial=00;start_type=ATG;rbs_motif=AGGA;rbs_spacer=5-10bp;gc_cont=0.280
1_1158               -            534 36669at186802        -            340     0.022   11.6   0.1   2   2       1.1   6.8e+02   -3.2   0.3    66    80   428   442   425   458 0.64 # 1367683 # 1369284 # 1 # ID=1_1158;partial=00;start_type=ATG;rbs_motif=AGGA;rbs_spacer=5-10bp;gc_cont=0.280
1_160                -            151 36669at186802        -            340     0.028   11.2   0.1   1   1   5.8e-05     0.036   10.9   0.1    14    60     6    52     2    60 0.87 # 206153 # 206605 # 1 # ID=1_160;partial=00;start_type=ATG;rbs_motif=GGAG/GAGG;rbs_spacer=5-10bp;gc_cont=0.265
#
# Program:         hmmsearch
# Version:         3.1b2 (February 2015)
# Pipeline mode:   SEARCH
# Query file:      /home/johngn/Microbial-Genomics-Journey-Workshop-2023/Reads_session_3/busco_downloads/lineages/clostridiales_odb10/hmms/36669at186802.hmm
# Target file:     /home/johngn/Microbial-Genomics-Journey-Workshop-2023/Reads_session_3/busco_op3/prodigal_output/predicted_genes/predicted.faa
# Option settings: hmmsearch --domtblout /home/johngn/Microbial-Genomics-Journey-Workshop-2023/Reads_session_3/busco_op3/run_clostridiales_odb10/hmmer_output/36669at186802.out --cpu 1 /home/johngn/Microbial-Genomics-Journey-Workshop-2023/Reads_session_3/busco_downloads/lineages/clostridiales_odb10/hmms/36669at186802.hmm /home/johngn/Microbial-Genomics-Journey-Workshop-2023/Reads_session_3/busco_op3/prodigal_output/predicted_genes/predicted.faa 
# Current dir:     /home/johngn/Microbial-Genomics-Journey-Workshop-2023/Reads_session_3
# Date:            Wed Mar  8 16:58:09 2023
# [ok]
