#                                                                            --- full sequence --- -------------- this domain -------------   hmm coord   ali coord   env coord
# target name        accession   tlen query name           accession   qlen   E-value  score  bias   #  of  c-Evalue  i-Evalue  score  bias  from    to  from    to  from    to  acc description of target
#------------------- ---------- ----- -------------------- ---------- ----- --------- ------ ----- --- --- --------- --------- ------ ----- ----- ----- ----- ----- ----- ----- ---- ---------------------
1_1853               -            656 38968at186802        -            415  8.4e-133  440.9  25.3   1   2  1.5e-109  1.4e-106  354.5  10.8     1   280     7   318     7   338 0.92 # 2111810 # 2113777 # -1 # ID=1_1853;partial=00;start_type=ATG;rbs_motif=GGAG/GAGG;rbs_spacer=5-10bp;gc_cont=0.268
1_1853               -            656 38968at186802        -            415  8.4e-133  440.9  25.3   2   2   4.7e-29   4.4e-26   89.3   6.5   287   415   470   653   449   653 0.76 # 2111810 # 2113777 # -1 # ID=1_1853;partial=00;start_type=ATG;rbs_motif=GGAG/GAGG;rbs_spacer=5-10bp;gc_cont=0.268
1_798                -            310 38968at186802        -            415   3.6e-05   20.4   0.0   1   1   6.1e-08   5.7e-05   19.8   0.0    21    70   208   259   205   263 0.87 # 973529 # 974458 # 1 # ID=1_798;partial=00;start_type=ATG;rbs_motif=GGAGG;rbs_spacer=5-10bp;gc_cont=0.380
1_174                -            414 38968at186802        -            415     5e-05   20.0   0.2   1   2     0.088        82   -0.5   0.7   142   192   227   276   169   299 0.71 # 222884 # 224125 # 1 # ID=1_174;partial=00;start_type=ATG;rbs_motif=GGAG/GAGG;rbs_spacer=5-10bp;gc_cont=0.263
1_174                -            414 38968at186802        -            415     5e-05   20.0   0.2   2   2   5.4e-08     5e-05   20.0   0.2    25    79   312   369   306   374 0.81 # 222884 # 224125 # 1 # ID=1_174;partial=00;start_type=ATG;rbs_motif=GGAG/GAGG;rbs_spacer=5-10bp;gc_cont=0.263
1_491                -            536 38968at186802        -            415   0.00025   17.7   0.1   1   3      0.36   3.4e+02   -2.5   0.3   168   205   140   177   122   221 0.60 # 591169 # 592776 # 1 # ID=1_491;partial=00;start_type=ATG;rbs_motif=AGGAGG;rbs_spacer=11-12bp;gc_cont=0.294
1_491                -            536 38968at186802        -            415   0.00025   17.7   0.1   2   3      0.64     6e+02   -3.3   0.0    77   122   291   336   275   352 0.69 # 591169 # 592776 # 1 # ID=1_491;partial=00;start_type=ATG;rbs_motif=AGGAGG;rbs_spacer=11-12bp;gc_cont=0.294
1_491                -            536 38968at186802        -            415   0.00025   17.7   0.1   3   3   2.7e-07   0.00025   17.7   0.1    22    74   423   478   419   501 0.78 # 591169 # 592776 # 1 # ID=1_491;partial=00;start_type=ATG;rbs_motif=AGGAGG;rbs_spacer=11-12bp;gc_cont=0.294
#
# Program:         hmmsearch
# Version:         3.1b2 (February 2015)
# Pipeline mode:   SEARCH
# Query file:      /home/johngn/Microbial-Genomics-Journey-Workshop-2023/Reads_session_3/busco_downloads/lineages/clostridiales_odb10/hmms/38968at186802.hmm
# Target file:     /home/johngn/Microbial-Genomics-Journey-Workshop-2023/Reads_session_3/busco_op3/prodigal_output/predicted_genes/predicted.faa
# Option settings: hmmsearch --domtblout /home/johngn/Microbial-Genomics-Journey-Workshop-2023/Reads_session_3/busco_op3/run_clostridiales_odb10/hmmer_output/38968at186802.out --cpu 1 /home/johngn/Microbial-Genomics-Journey-Workshop-2023/Reads_session_3/busco_downloads/lineages/clostridiales_odb10/hmms/38968at186802.hmm /home/johngn/Microbial-Genomics-Journey-Workshop-2023/Reads_session_3/busco_op3/prodigal_output/predicted_genes/predicted.faa 
# Current dir:     /home/johngn/Microbial-Genomics-Journey-Workshop-2023/Reads_session_3
# Date:            Wed Mar  1 18:12:45 2023
# [ok]
