#                                                                            --- full sequence --- -------------- this domain -------------   hmm coord   ali coord   env coord
# target name        accession   tlen query name           accession   qlen   E-value  score  bias   #  of  c-Evalue  i-Evalue  score  bias  from    to  from    to  from    to  acc description of target
#------------------- ---------- ----- -------------------- ---------- ----- --------- ------ ----- --- --- --------- --------- ------ ----- ----- ----- ----- ----- ----- ----- ---- ---------------------
1_1144               -            299 40562at186802        -            212   2.5e-82  273.0   7.1   1   2   3.9e-31   1.1e-28   97.6   0.9     2    95    15   111    14   119 0.90 # 1351216 # 1352112 # 1 # ID=1_1144;partial=00;start_type=GTG;rbs_motif=AGGAG;rbs_spacer=5-10bp;gc_cont=0.315
1_1144               -            299 40562at186802        -            212   2.5e-82  273.0   7.1   2   2   4.4e-55   1.3e-52  175.9   0.8    66   212   121   293   114   293 0.86 # 1351216 # 1352112 # 1 # ID=1_1144;partial=00;start_type=GTG;rbs_motif=AGGAG;rbs_spacer=5-10bp;gc_cont=0.315
1_2613               -            442 40562at186802        -            212   1.8e-16   57.8   8.8   1   5   6.1e-12   1.7e-09   34.9   0.1    80   128     8    63     2    72 0.76 # 2919230 # 2920555 # -1 # ID=1_2613;partial=00;start_type=ATG;rbs_motif=AGGAG;rbs_spacer=5-10bp;gc_cont=0.311
1_2613               -            442 40562at186802        -            212   1.8e-16   57.8   8.8   2   5     0.012       3.6    4.5   0.3    20    60    82   126    71   133 0.77 # 2919230 # 2920555 # -1 # ID=1_2613;partial=00;start_type=ATG;rbs_motif=AGGAG;rbs_spacer=5-10bp;gc_cont=0.311
1_2613               -            442 40562at186802        -            212   1.8e-16   57.8   8.8   3   5   8.4e-07   0.00024   18.1   0.0    72   112   173   214   161   240 0.82 # 2919230 # 2920555 # -1 # ID=1_2613;partial=00;start_type=ATG;rbs_motif=AGGAG;rbs_spacer=5-10bp;gc_cont=0.311
1_2613               -            442 40562at186802        -            212   1.8e-16   57.8   8.8   4   5      0.14        39    1.1   0.0    21    63   258   304   243   328 0.72 # 2919230 # 2920555 # -1 # ID=1_2613;partial=00;start_type=ATG;rbs_motif=AGGAG;rbs_spacer=5-10bp;gc_cont=0.311
1_2613               -            442 40562at186802        -            212   1.8e-16   57.8   8.8   5   5      0.32        91   -0.1   0.1    11    45   333   367   330   372 0.91 # 2919230 # 2920555 # -1 # ID=1_2613;partial=00;start_type=ATG;rbs_motif=AGGAG;rbs_spacer=5-10bp;gc_cont=0.311
1_3738               -            460 40562at186802        -            212   6.1e-12   43.0   5.0   1   2   4.8e-11   1.4e-08   32.0   0.1    68   128   212   279   148   282 0.81 # 4203745 # 4205124 # -1 # ID=1_3738;partial=00;start_type=TTG;rbs_motif=GGAG/GAGG;rbs_spacer=5-10bp;gc_cont=0.290
1_3738               -            460 40562at186802        -            212   6.1e-12   43.0   5.0   2   2   8.5e-05     0.024   11.6   1.6    18    71   295   350   288   361 0.79 # 4203745 # 4205124 # -1 # ID=1_3738;partial=00;start_type=TTG;rbs_motif=GGAG/GAGG;rbs_spacer=5-10bp;gc_cont=0.290
1_3312               -            649 40562at186802        -            212   9.6e-11   39.1   5.5   1   2   1.2e-09   3.5e-07   27.4   0.2    79   130     3    57     1    71 0.80 # 3740756 # 3742702 # 1 # ID=1_3312;partial=00;start_type=GTG;rbs_motif=AGGAGG;rbs_spacer=5-10bp;gc_cont=0.312
1_3312               -            649 40562at186802        -            212   9.6e-11   39.1   5.5   2   2   1.9e-05    0.0055   13.7   1.0    23    82    76   136    65   144 0.77 # 3740756 # 3742702 # 1 # ID=1_3312;partial=00;start_type=GTG;rbs_motif=AGGAGG;rbs_spacer=5-10bp;gc_cont=0.312
1_2414               -            298 40562at186802        -            212   1.4e-09   35.3   4.0   1   2   1.9e-11   5.4e-09   33.3   0.3    81   135     8    69     4    80 0.78 # 2690167 # 2691060 # -1 # ID=1_2414;partial=00;start_type=ATG;rbs_motif=AGGAG;rbs_spacer=5-10bp;gc_cont=0.281
1_2414               -            298 40562at186802        -            212   1.4e-09   35.3   4.0   2   2     0.026       7.5    3.5   0.4    17    62    77   126    70   134 0.71 # 2690167 # 2691060 # -1 # ID=1_2414;partial=00;start_type=ATG;rbs_motif=AGGAG;rbs_spacer=5-10bp;gc_cont=0.281
1_1381               -            719 40562at186802        -            212   8.5e-07   26.2   1.1   1   2   6.3e-09   1.8e-06   25.1   0.3    78   128     3    58     1    76 0.82 # 1604801 # 1606957 # 1 # ID=1_1381;partial=00;start_type=ATG;rbs_motif=GGAGG;rbs_spacer=5-10bp;gc_cont=0.320
1_1381               -            719 40562at186802        -            212   8.5e-07   26.2   1.1   2   2       1.6   4.5e+02   -2.4   0.0    25    61    81   119    78   135 0.69 # 1604801 # 1606957 # 1 # ID=1_1381;partial=00;start_type=ATG;rbs_motif=GGAGG;rbs_spacer=5-10bp;gc_cont=0.320
1_3338               -            204 40562at186802        -            212   5.2e-06   23.6   0.0   1   1   3.2e-08   9.1e-06   22.8   0.0    80   137    26    88     5   113 0.80 # 3772449 # 3773060 # -1 # ID=1_3338;partial=00;start_type=ATG;rbs_motif=GGA/GAG/AGG;rbs_spacer=11-12bp;gc_cont=0.314
1_2643               -            366 40562at186802        -            212   1.1e-05   22.5   0.3   1   2   9.5e-08   2.7e-05   21.2   0.0    79   111     2    34     1    39 0.89 # 2950643 # 2951740 # 1 # ID=1_2643;partial=00;start_type=ATG;rbs_motif=GGAG/GAGG;rbs_spacer=5-10bp;gc_cont=0.312
1_2643               -            366 40562at186802        -            212   1.1e-05   22.5   0.3   2   2       2.3   6.6e+02   -2.9   0.0    27    41   134   148    90   177 0.59 # 2950643 # 2951740 # 1 # ID=1_2643;partial=00;start_type=ATG;rbs_motif=GGAG/GAGG;rbs_spacer=5-10bp;gc_cont=0.312
1_1421               -            707 40562at186802        -            212   1.4e-05   22.2   0.2   1   2   1.2e-07   3.4e-05   20.9   0.0    76   113    24    61     6    96 0.76 # 1648530 # 1650650 # -1 # ID=1_1421;partial=00;start_type=ATG;rbs_motif=AGGAGG;rbs_spacer=5-10bp;gc_cont=0.308
1_1421               -            707 40562at186802        -            212   1.4e-05   22.2   0.2   2   2       2.3   6.5e+02   -2.9   0.1    26    61   106   143   103   158 0.54 # 1648530 # 1650650 # -1 # ID=1_1421;partial=00;start_type=ATG;rbs_motif=AGGAGG;rbs_spacer=5-10bp;gc_cont=0.308
1_766                -            428 40562at186802        -            212   0.00014   18.9   0.5   1   2   3.8e-05     0.011   12.7   0.1    45   103   162   227   149   241 0.60 # 939677 # 940960 # 1 # ID=1_766;partial=00;start_type=GTG;rbs_motif=GGAG/GAGG;rbs_spacer=5-10bp;gc_cont=0.305
1_766                -            428 40562at186802        -            212   0.00014   18.9   0.5   2   2     0.016       4.6    4.2   0.1     9    62   274   335   268   352 0.76 # 939677 # 940960 # 1 # ID=1_766;partial=00;start_type=GTG;rbs_motif=GGAG/GAGG;rbs_spacer=5-10bp;gc_cont=0.305
1_2120               -            403 40562at186802        -            212    0.0016   15.4   3.8   1   2   0.00024      0.07   10.1   0.0    78   112    12    47     2    69 0.75 # 2367075 # 2368283 # 1 # ID=1_2120;partial=00;start_type=ATG;rbs_motif=AGxAGG/AGGxGG;rbs_spacer=5-10bp;gc_cont=0.303
1_2120               -            403 40562at186802        -            212    0.0016   15.4   3.8   2   2    0.0064       1.8    5.5   1.3    21    86    88   154    82   174 0.70 # 2367075 # 2368283 # 1 # ID=1_2120;partial=00;start_type=ATG;rbs_motif=AGxAGG/AGGxGG;rbs_spacer=5-10bp;gc_cont=0.303
1_1044               -            426 40562at186802        -            212    0.0026   14.8   0.1   1   2   1.9e-05    0.0056   13.7   0.0    82   107   163   188   148   225 0.74 # 1253945 # 1255222 # 1 # ID=1_1044;partial=00;start_type=TTG;rbs_motif=AGxAGG/AGGxGG;rbs_spacer=5-10bp;gc_cont=0.347
1_1044               -            426 40562at186802        -            212    0.0026   14.8   0.1   2   2       4.8   1.4e+03   -3.9   0.0    48    61   274   287   270   301 0.70 # 1253945 # 1255222 # 1 # ID=1_1044;partial=00;start_type=TTG;rbs_motif=AGxAGG/AGGxGG;rbs_spacer=5-10bp;gc_cont=0.347
1_2178               -            424 40562at186802        -            212     0.016   12.2   1.3   1   2   0.00038      0.11    9.5   0.0    72    99   190   217   159   233 0.69 # 2433406 # 2434677 # -1 # ID=1_2178;partial=00;start_type=ATG;rbs_motif=AGGAG;rbs_spacer=5-10bp;gc_cont=0.281
1_2178               -            424 40562at186802        -            212     0.016   12.2   1.3   2   2      0.14        41    1.1   0.2     9    76   267   342   261   365 0.68 # 2433406 # 2434677 # -1 # ID=1_2178;partial=00;start_type=ATG;rbs_motif=AGGAG;rbs_spacer=5-10bp;gc_cont=0.281
#
# Program:         hmmsearch
# Version:         3.1b2 (February 2015)
# Pipeline mode:   SEARCH
# Query file:      /home/johngn/Microbial-Genomics-Journey-Workshop-2023/Reads_session_3/busco_downloads/lineages/clostridiales_odb10/hmms/40562at186802.hmm
# Target file:     /home/johngn/Microbial-Genomics-Journey-Workshop-2023/Reads_session_3/busco_op3/prodigal_output/predicted_genes/predicted.faa
# Option settings: hmmsearch --domtblout /home/johngn/Microbial-Genomics-Journey-Workshop-2023/Reads_session_3/busco_op3/run_clostridiales_odb10/hmmer_output/40562at186802.out --cpu 1 /home/johngn/Microbial-Genomics-Journey-Workshop-2023/Reads_session_3/busco_downloads/lineages/clostridiales_odb10/hmms/40562at186802.hmm /home/johngn/Microbial-Genomics-Journey-Workshop-2023/Reads_session_3/busco_op3/prodigal_output/predicted_genes/predicted.faa 
# Current dir:     /home/johngn/Microbial-Genomics-Journey-Workshop-2023/Reads_session_3
# Date:            Wed Mar  1 18:12:45 2023
# [ok]
