#                                                                            --- full sequence --- -------------- this domain -------------   hmm coord   ali coord   env coord
# target name        accession   tlen query name           accession   qlen   E-value  score  bias   #  of  c-Evalue  i-Evalue  score  bias  from    to  from    to  from    to  acc description of target
#------------------- ---------- ----- -------------------- ---------- ----- --------- ------ ----- --- --- --------- --------- ------ ----- ----- ----- ----- ----- ----- ----- ---- ---------------------
1_1044               -            426 41630at186802        -            328  1.9e-139  462.0  13.5   1   3    3e-130  1.3e-127  423.2   6.0     1   264     6   288     6   299 0.93 # 1253945 # 1255222 # 1 # ID=1_1044;partial=00;start_type=TTG;rbs_motif=AGxAGG/AGGxGG;rbs_spacer=5-10bp;gc_cont=0.347
1_1044               -            426 41630at186802        -            328  1.9e-139  462.0  13.5   2   3   0.00027      0.11    9.2   0.1   262   314   306   355   300   364 0.73 # 1253945 # 1255222 # 1 # ID=1_1044;partial=00;start_type=TTG;rbs_motif=AGxAGG/AGGxGG;rbs_spacer=5-10bp;gc_cont=0.347
1_1044               -            426 41630at186802        -            328  1.9e-139  462.0  13.5   3   3   8.1e-12   3.4e-09   33.9   0.1   279   328   364   416   359   416 0.92 # 1253945 # 1255222 # 1 # ID=1_1044;partial=00;start_type=TTG;rbs_motif=AGxAGG/AGGxGG;rbs_spacer=5-10bp;gc_cont=0.347
1_2643               -            366 41630at186802        -            328   2.5e-22   77.1   2.0   1   2   3.7e-14   1.5e-11   41.6   0.2   147   188     3    44     1    45 0.96 # 2950643 # 2951740 # 1 # ID=1_2643;partial=00;start_type=ATG;rbs_motif=GGAG/GAGG;rbs_spacer=5-10bp;gc_cont=0.312
1_2643               -            366 41630at186802        -            328   2.5e-22   77.1   2.0   2   2     4e-12   1.7e-09   34.9   0.1   191   275    68   160    60   212 0.66 # 2950643 # 2951740 # 1 # ID=1_2643;partial=00;start_type=ATG;rbs_motif=GGAG/GAGG;rbs_spacer=5-10bp;gc_cont=0.312
1_766                -            428 41630at186802        -            328   3.5e-06   24.0   0.5   1   1   1.4e-08     6e-06   23.2   0.5   143   299   200   372   172   395 0.70 # 939677 # 940960 # 1 # ID=1_766;partial=00;start_type=GTG;rbs_motif=GGAG/GAGG;rbs_spacer=5-10bp;gc_cont=0.305
1_3312               -            649 41630at186802        -            328   1.5e-05   21.9   0.2   1   1   6.2e-08   2.6e-05   21.2   0.2   146   262     3   115     1   181 0.80 # 3740756 # 3742702 # 1 # ID=1_3312;partial=00;start_type=GTG;rbs_motif=AGGAGG;rbs_spacer=5-10bp;gc_cont=0.312
1_2120               -            403 41630at186802        -            328   0.00026   17.9   0.6   1   1   9.9e-07   0.00041   17.2   0.6   146   289    13   158     9   194 0.72 # 2367075 # 2368283 # 1 # ID=1_2120;partial=00;start_type=ATG;rbs_motif=AGxAGG/AGGxGG;rbs_spacer=5-10bp;gc_cont=0.303
1_2178               -            424 41630at186802        -            328    0.0011   15.8   0.2   1   1   5.3e-06    0.0022   14.8   0.2   144   263   195   327   183   361 0.73 # 2433406 # 2434677 # -1 # ID=1_2178;partial=00;start_type=ATG;rbs_motif=AGGAG;rbs_spacer=5-10bp;gc_cont=0.281
1_2414               -            298 41630at186802        -            328    0.0013   15.6   0.3   1   1   4.7e-06     0.002   15.0   0.3   147   261     7   123     5   172 0.68 # 2690167 # 2691060 # -1 # ID=1_2414;partial=00;start_type=ATG;rbs_motif=AGGAG;rbs_spacer=5-10bp;gc_cont=0.281
1_2613               -            442 41630at186802        -            328    0.0027   14.5   2.9   1   2   0.00012     0.052   10.3   0.1   147   262     8   126     6   134 0.66 # 2919230 # 2920555 # -1 # ID=1_2613;partial=00;start_type=ATG;rbs_motif=AGGAG;rbs_spacer=5-10bp;gc_cont=0.311
1_2613               -            442 41630at186802        -            328    0.0027   14.5   2.9   2   2     0.017       6.9    3.3   0.3   146   165   180   199   173   340 0.79 # 2919230 # 2920555 # -1 # ID=1_2613;partial=00;start_type=ATG;rbs_motif=AGGAG;rbs_spacer=5-10bp;gc_cont=0.311
1_1381               -            719 41630at186802        -            328     0.032   11.0   4.5   1   2   9.5e-05     0.039   10.7   0.2   146   199     4    60     1   151 0.71 # 1604801 # 1606957 # 1 # ID=1_1381;partial=00;start_type=ATG;rbs_motif=GGAGG;rbs_spacer=5-10bp;gc_cont=0.320
1_1381               -            719 41630at186802        -            328     0.032   11.0   4.5   2   2     0.071        29    1.3   0.7   213   270   205   262   180   283 0.78 # 1604801 # 1606957 # 1 # ID=1_1381;partial=00;start_type=ATG;rbs_motif=GGAGG;rbs_spacer=5-10bp;gc_cont=0.320
#
# Program:         hmmsearch
# Version:         3.1b2 (February 2015)
# Pipeline mode:   SEARCH
# Query file:      /home/johngn/Microbial-Genomics-Journey-Workshop-2023/Reads_session_3/busco_downloads/lineages/clostridiales_odb10/hmms/41630at186802.hmm
# Target file:     /home/johngn/Microbial-Genomics-Journey-Workshop-2023/Reads_session_3/busco_op3/prodigal_output/predicted_genes/predicted.faa
# Option settings: hmmsearch --domtblout /home/johngn/Microbial-Genomics-Journey-Workshop-2023/Reads_session_3/busco_op3/run_clostridiales_odb10/hmmer_output/41630at186802.out --cpu 1 /home/johngn/Microbial-Genomics-Journey-Workshop-2023/Reads_session_3/busco_downloads/lineages/clostridiales_odb10/hmms/41630at186802.hmm /home/johngn/Microbial-Genomics-Journey-Workshop-2023/Reads_session_3/busco_op3/prodigal_output/predicted_genes/predicted.faa 
# Current dir:     /home/johngn/Microbial-Genomics-Journey-Workshop-2023/Reads_session_3
# Date:            Wed Mar  8 16:58:09 2023
# [ok]
