#                                                                            --- full sequence --- -------------- this domain -------------   hmm coord   ali coord   env coord
# target name        accession   tlen query name           accession   qlen   E-value  score  bias   #  of  c-Evalue  i-Evalue  score  bias  from    to  from    to  from    to  acc description of target
#------------------- ---------- ----- -------------------- ---------- ----- --------- ------ ----- --- --- --------- --------- ------ ----- ----- ----- ----- ----- ----- ----- ---- ---------------------
1_3738               -            460 41773at186802        -            343  8.9e-109  361.5  31.7   1   3     8e-56   2.3e-53  179.3   7.3     1   158     5   191     5   200 0.85 # 4203745 # 4205124 # -1 # ID=1_3738;partial=00;start_type=TTG;rbs_motif=GGAG/GAGG;rbs_spacer=5-10bp;gc_cont=0.290
1_3738               -            460 41773at186802        -            343  8.9e-109  361.5  31.7   2   3   1.6e-50   4.5e-48  161.9  12.0   142   312   194   376   190   385 0.84 # 4203745 # 4205124 # -1 # ID=1_3738;partial=00;start_type=TTG;rbs_motif=GGAG/GAGG;rbs_spacer=5-10bp;gc_cont=0.290
1_3738               -            460 41773at186802        -            343  8.9e-109  361.5  31.7   3   3   1.5e-08   4.3e-06   23.9   0.2   294   343   391   459   381   459 0.60 # 4203745 # 4205124 # -1 # ID=1_3738;partial=00;start_type=TTG;rbs_motif=GGAG/GAGG;rbs_spacer=5-10bp;gc_cont=0.290
1_2613               -            442 41773at186802        -            343   6.3e-40  135.1   8.1   1   2   1.4e-17   4.2e-15   53.5   0.1   171   274     8   126     4   137 0.77 # 2919230 # 2920555 # -1 # ID=1_2613;partial=00;start_type=ATG;rbs_motif=AGGAG;rbs_spacer=5-10bp;gc_cont=0.311
1_2613               -            442 41773at186802        -            343   6.3e-40  135.1   8.1   2   2   1.4e-26   4.1e-24   83.1   3.8   164   295   174   323   157   371 0.78 # 2919230 # 2920555 # -1 # ID=1_2613;partial=00;start_type=ATG;rbs_motif=AGGAG;rbs_spacer=5-10bp;gc_cont=0.311
1_2414               -            298 41773at186802        -            343   2.1e-18   64.4   0.7   1   1   1.1e-20   3.1e-18   63.8   0.7   171   287     7   127     1   149 0.75 # 2690167 # 2691060 # -1 # ID=1_2414;partial=00;start_type=ATG;rbs_motif=AGGAG;rbs_spacer=5-10bp;gc_cont=0.281
1_2120               -            403 41773at186802        -            343   6.8e-15   52.8   2.9   1   1     4e-17   1.2e-14   52.1   2.9   169   283    12   140     6   170 0.74 # 2367075 # 2368283 # 1 # ID=1_2120;partial=00;start_type=ATG;rbs_motif=AGxAGG/AGGxGG;rbs_spacer=5-10bp;gc_cont=0.303
1_1144               -            299 41773at186802        -            343     1e-09   35.8   0.3   1   1   7.8e-12   2.3e-09   34.7   0.2   154   223   119   188    93   198 0.83 # 1351216 # 1352112 # 1 # ID=1_1144;partial=00;start_type=GTG;rbs_motif=AGGAG;rbs_spacer=5-10bp;gc_cont=0.315
1_3312               -            649 41773at186802        -            343   5.5e-09   33.4   1.5   1   1   2.9e-11   8.3e-09   32.8   1.5   169   276     2   109     1   156 0.87 # 3740756 # 3742702 # 1 # ID=1_3312;partial=00;start_type=GTG;rbs_motif=AGGAGG;rbs_spacer=5-10bp;gc_cont=0.312
1_766                -            428 41773at186802        -            343     6e-07   26.7   1.1   1   1   4.3e-09   1.2e-06   25.7   1.1   133   261   169   306   150   374 0.73 # 939677 # 940960 # 1 # ID=1_766;partial=00;start_type=GTG;rbs_motif=GGAG/GAGG;rbs_spacer=5-10bp;gc_cont=0.305
1_3338               -            204 41773at186802        -            343     3e-06   24.4   0.1   1   1   1.8e-08   5.3e-06   23.6   0.1   159   219    13    75     5   192 0.83 # 3772449 # 3773060 # -1 # ID=1_3338;partial=00;start_type=ATG;rbs_motif=GGA/GAG/AGG;rbs_spacer=11-12bp;gc_cont=0.314
1_3394               -            356 41773at186802        -            343    0.0005   17.1   0.0   1   1   2.6e-06   0.00075   16.5   0.0   152   192   183   223   150   284 0.70 # 3828421 # 3829488 # -1 # ID=1_3394;partial=00;start_type=ATG;rbs_motif=AGGAGG;rbs_spacer=5-10bp;gc_cont=0.350
1_2178               -            424 41773at186802        -            343   0.00066   16.7   2.7   1   2   3.2e-06   0.00091   16.2   0.7   122   190   152   217   132   327 0.61 # 2433406 # 2434677 # -1 # ID=1_2178;partial=00;start_type=ATG;rbs_motif=AGGAG;rbs_spacer=5-10bp;gc_cont=0.281
1_2178               -            424 41773at186802        -            343   0.00066   16.7   2.7   2   2      0.31        88   -0.2   0.3   212   236   283   313   250   365 0.53 # 2433406 # 2434677 # -1 # ID=1_2178;partial=00;start_type=ATG;rbs_motif=AGGAG;rbs_spacer=5-10bp;gc_cont=0.281
1_2643               -            366 41773at186802        -            343    0.0021   15.1   1.6   1   2   1.6e-05    0.0046   13.9   0.1   170   190     2    22     1    28 0.88 # 2950643 # 2951740 # 1 # ID=1_2643;partial=00;start_type=ATG;rbs_motif=GGAG/GAGG;rbs_spacer=5-10bp;gc_cont=0.312
1_2643               -            366 41773at186802        -            343    0.0021   15.1   1.6   2   2      0.38   1.1e+02   -0.5   0.3    75   151   171   250   153   273 0.55 # 2950643 # 2951740 # 1 # ID=1_2643;partial=00;start_type=ATG;rbs_motif=GGAG/GAGG;rbs_spacer=5-10bp;gc_cont=0.312
1_763                -            517 41773at186802        -            343     0.017   12.0   0.3   1   2    0.0014      0.41    7.5   0.0   165   191    24    50    13    67 0.87 # 936832 # 938382 # 1 # ID=1_763;partial=00;start_type=ATG;rbs_motif=GGAG/GAGG;rbs_spacer=5-10bp;gc_cont=0.314
1_763                -            517 41773at186802        -            343     0.017   12.0   0.3   2   2     0.061        18    2.1   0.0   165   190   345   370   319   378 0.88 # 936832 # 938382 # 1 # ID=1_763;partial=00;start_type=ATG;rbs_motif=GGAG/GAGG;rbs_spacer=5-10bp;gc_cont=0.314
1_1300               -            663 41773at186802        -            343     0.059   10.3   4.2   1   2     0.016       4.5    4.1   1.1   162   200    46    84     5    92 0.74 # 1514838 # 1516826 # -1 # ID=1_1300;partial=00;start_type=GTG;rbs_motif=GGAG/GAGG;rbs_spacer=5-10bp;gc_cont=0.293
1_1300               -            663 41773at186802        -            343     0.059   10.3   4.2   2   2    0.0026      0.76    6.6   0.1   170   191   368   389   333   392 0.85 # 1514838 # 1516826 # -1 # ID=1_1300;partial=00;start_type=GTG;rbs_motif=GGAG/GAGG;rbs_spacer=5-10bp;gc_cont=0.293
#
# Program:         hmmsearch
# Version:         3.1b2 (February 2015)
# Pipeline mode:   SEARCH
# Query file:      /home/johngn/Microbial-Genomics-Journey-Workshop-2023/Reads_session_3/busco_downloads/lineages/clostridiales_odb10/hmms/41773at186802.hmm
# Target file:     /home/johngn/Microbial-Genomics-Journey-Workshop-2023/Reads_session_3/busco_op3/prodigal_output/predicted_genes/predicted.faa
# Option settings: hmmsearch --domtblout /home/johngn/Microbial-Genomics-Journey-Workshop-2023/Reads_session_3/busco_op3/run_clostridiales_odb10/hmmer_output/41773at186802.out --cpu 1 /home/johngn/Microbial-Genomics-Journey-Workshop-2023/Reads_session_3/busco_downloads/lineages/clostridiales_odb10/hmms/41773at186802.hmm /home/johngn/Microbial-Genomics-Journey-Workshop-2023/Reads_session_3/busco_op3/prodigal_output/predicted_genes/predicted.faa 
# Current dir:     /home/johngn/Microbial-Genomics-Journey-Workshop-2023/Reads_session_3
# Date:            Wed Mar  8 16:58:09 2023
# [ok]
