#                                                                            --- full sequence --- -------------- this domain -------------   hmm coord   ali coord   env coord
# target name        accession   tlen query name           accession   qlen   E-value  score  bias   #  of  c-Evalue  i-Evalue  score  bias  from    to  from    to  from    to  acc description of target
#------------------- ---------- ----- -------------------- ---------- ----- --------- ------ ----- --- --- --------- --------- ------ ----- ----- ----- ----- ----- ----- ----- ---- ---------------------
1_1214               -            445 42515at186802        -            344  1.8e-136  452.4  18.3   1   2   2.7e-35   9.2e-33  111.3   1.3     1    88     3   104     3   115 0.87 # 1428698 # 1430032 # 1 # ID=1_1214;partial=00;start_type=ATG;rbs_motif=AGGAG;rbs_spacer=5-10bp;gc_cont=0.285
1_1214               -            445 42515at186802        -            344  1.8e-136  452.4  18.3   2   2  4.3e-106  1.5e-103  344.1   9.8    87   343   146   438   132   439 0.90 # 1428698 # 1430032 # 1 # ID=1_1214;partial=00;start_type=ATG;rbs_motif=AGGAG;rbs_spacer=5-10bp;gc_cont=0.285
1_1864               -            479 42515at186802        -            344   8.1e-70  233.2   5.1   1   2   3.5e-09   1.2e-06   25.5   0.4     3    89    42   144    40   147 0.78 # 2124256 # 2125692 # -1 # ID=1_1864;partial=00;start_type=GTG;rbs_motif=AGGAGG;rbs_spacer=5-10bp;gc_cont=0.303
1_1864               -            479 42515at186802        -            344   8.1e-70  233.2   5.1   2   2   3.7e-65   1.3e-62  209.5   0.5    88   302   186   410   171   473 0.92 # 2124256 # 2125692 # -1 # ID=1_1864;partial=00;start_type=GTG;rbs_motif=AGGAGG;rbs_spacer=5-10bp;gc_cont=0.303
1_2426               -            433 42515at186802        -            344   1.1e-69  232.8  12.5   1   3   1.5e-11   4.9e-09   33.3   0.6     1    88     3   100     3   114 0.82 # 2698318 # 2699616 # -1 # ID=1_2426;partial=00;start_type=TTG;rbs_motif=AGGAGG;rbs_spacer=11-12bp;gc_cont=0.293
1_2426               -            433 42515at186802        -            344   1.1e-69  232.8  12.5   2   3   1.2e-63   4.2e-61  204.5   1.6    87   312   143   378   127   390 0.90 # 2698318 # 2699616 # -1 # ID=1_2426;partial=00;start_type=TTG;rbs_motif=AGGAGG;rbs_spacer=11-12bp;gc_cont=0.293
1_2426               -            433 42515at186802        -            344   1.1e-69  232.8  12.5   3   3     0.098        33    1.0   0.1   315   338   402   425   390   430 0.78 # 2698318 # 2699616 # -1 # ID=1_2426;partial=00;start_type=TTG;rbs_motif=AGGAGG;rbs_spacer=11-12bp;gc_cont=0.293
1_690                -            585 42515at186802        -            344   3.4e-07   27.3   0.1   1   1   2.4e-09   8.2e-07   26.0   0.1    89   263   179   352   175   371 0.85 # 848690 # 850444 # 1 # ID=1_690;partial=00;start_type=TTG;rbs_motif=GGAG/GAGG;rbs_spacer=5-10bp;gc_cont=0.279
1_1309               -            329 42515at186802        -            344   2.7e-05   21.0   0.1   1   1   9.8e-08   3.4e-05   20.7   0.1   172   281   144   255    66   294 0.78 # 1526211 # 1527197 # -1 # ID=1_1309;partial=00;start_type=ATG;rbs_motif=None;rbs_spacer=None;gc_cont=0.307
1_2224               -            423 42515at186802        -            344   0.00012   18.8   0.9   1   2       1.8     6e+02   -3.1   0.0   235   245    28    38    11    75 0.53 # 2484016 # 2485284 # -1 # ID=1_2224;partial=00;start_type=ATG;rbs_motif=None;rbs_spacer=None;gc_cont=0.305
1_2224               -            423 42515at186802        -            344   0.00012   18.8   0.9   2   2   3.7e-07   0.00012   18.8   0.9    90   191   158   264   144   280 0.82 # 2484016 # 2485284 # -1 # ID=1_2224;partial=00;start_type=ATG;rbs_motif=None;rbs_spacer=None;gc_cont=0.305
1_1616               -            368 42515at186802        -            344   0.00089   16.0   0.4   1   1   3.9e-06    0.0013   15.4   0.4    90   147    78   136    70   181 0.85 # 1866050 # 1867153 # 1 # ID=1_1616;partial=00;start_type=ATG;rbs_motif=None;rbs_spacer=None;gc_cont=0.294
1_711                -            313 42515at186802        -            344   0.00098   15.9   5.8   1   1   0.00014     0.047   10.4   5.8    86   294    24   232    16   241 0.70 # 874452 # 875390 # 1 # ID=1_711;partial=00;start_type=ATG;rbs_motif=AGGAG/GGAGG;rbs_spacer=11-12bp;gc_cont=0.269
1_899                -            645 42515at186802        -            344    0.0018   15.0   0.3   1   2   0.00047      0.16    8.6   0.0    93   126   306   340   278   347 0.80 # 1089169 # 1091103 # 1 # ID=1_899;partial=00;start_type=ATG;rbs_motif=AGxAGG/AGGxGG;rbs_spacer=5-10bp;gc_cont=0.315
1_899                -            645 42515at186802        -            344    0.0018   15.0   0.3   2   2    0.0097       3.3    4.3   0.0   155   274   406   529   390   545 0.64 # 1089169 # 1091103 # 1 # ID=1_899;partial=00;start_type=ATG;rbs_motif=AGxAGG/AGGxGG;rbs_spacer=5-10bp;gc_cont=0.315
1_2122               -            459 42515at186802        -            344    0.0029   14.3   0.3   1   1   1.6e-05    0.0054   13.5   0.3    84   140    72   129    52   146 0.84 # 2369405 # 2370781 # 1 # ID=1_2122;partial=00;start_type=ATG;rbs_motif=GGAGG;rbs_spacer=5-10bp;gc_cont=0.313
1_1038               -            615 42515at186802        -            344     0.013   12.2   0.1   1   1     8e-05     0.027   11.1   0.1    78   147   251   321   240   428 0.89 # 1248800 # 1250644 # 1 # ID=1_1038;partial=00;start_type=ATG;rbs_motif=AGGAG/GGAGG;rbs_spacer=11-12bp;gc_cont=0.296
#
# Program:         hmmsearch
# Version:         3.1b2 (February 2015)
# Pipeline mode:   SEARCH
# Query file:      /home/johngn/Microbial-Genomics-Journey-Workshop-2023/Reads_session_3/busco_downloads/lineages/clostridiales_odb10/hmms/42515at186802.hmm
# Target file:     /home/johngn/Microbial-Genomics-Journey-Workshop-2023/Reads_session_3/busco_op3/prodigal_output/predicted_genes/predicted.faa
# Option settings: hmmsearch --domtblout /home/johngn/Microbial-Genomics-Journey-Workshop-2023/Reads_session_3/busco_op3/run_clostridiales_odb10/hmmer_output/42515at186802.out --cpu 1 /home/johngn/Microbial-Genomics-Journey-Workshop-2023/Reads_session_3/busco_downloads/lineages/clostridiales_odb10/hmms/42515at186802.hmm /home/johngn/Microbial-Genomics-Journey-Workshop-2023/Reads_session_3/busco_op3/prodigal_output/predicted_genes/predicted.faa 
# Current dir:     /home/johngn/Microbial-Genomics-Journey-Workshop-2023/Reads_session_3
# Date:            Wed Mar  1 18:12:46 2023
# [ok]
