#                                                                            --- full sequence --- -------------- this domain -------------   hmm coord   ali coord   env coord
# target name        accession   tlen query name           accession   qlen   E-value  score  bias   #  of  c-Evalue  i-Evalue  score  bias  from    to  from    to  from    to  acc description of target
#------------------- ---------- ----- -------------------- ---------- ----- --------- ------ ----- --- --- --------- --------- ------ ----- ----- ----- ----- ----- ----- ----- ---- ---------------------
1_3461               -            657 4260at186802         -            555  1.1e-285  946.2  21.9   1   2  1.1e-285  5.2e-283  937.3  14.5     1   532     9   597     9   609 0.94 # 3913403 # 3915373 # -1 # ID=1_3461;partial=00;start_type=ATG;rbs_motif=AGGAG;rbs_spacer=5-10bp;gc_cont=0.314
1_3461               -            657 4260at186802         -            555  1.1e-285  946.2  21.9   2   2   8.6e-06     0.004   13.4   0.7   521   554   617   650   605   651 0.79 # 3913403 # 3915373 # -1 # ID=1_3461;partial=00;start_type=ATG;rbs_motif=AGGAG;rbs_spacer=5-10bp;gc_cont=0.314
1_2151               -            498 4260at186802         -            555   5.7e-10   36.0   1.6   1   3    0.0016      0.77    5.9   0.0     7    64    30    93    25   100 0.76 # 2401330 # 2402823 # -1 # ID=1_2151;partial=00;start_type=ATG;rbs_motif=AGxAGG/AGGxGG;rbs_spacer=5-10bp;gc_cont=0.258
1_2151               -            498 4260at186802         -            555   5.7e-10   36.0   1.6   2   3     3e-10   1.4e-07   28.1   0.3   379   477   246   339   210   360 0.86 # 2401330 # 2402823 # -1 # ID=1_2151;partial=00;start_type=ATG;rbs_motif=AGxAGG/AGGxGG;rbs_spacer=5-10bp;gc_cont=0.258
1_2151               -            498 4260at186802         -            555   5.7e-10   36.0   1.6   3   3      0.48   2.2e+02   -2.2   0.0    83   124   353   394   349   417 0.77 # 2401330 # 2402823 # -1 # ID=1_2151;partial=00;start_type=ATG;rbs_motif=AGxAGG/AGGxGG;rbs_spacer=5-10bp;gc_cont=0.258
1_2564               -            830 4260at186802         -            555   2.3e-09   34.1   0.1   1   2    0.0051       2.4    4.3   0.0     6    65   288   356   283   391 0.67 # 2863035 # 2865524 # -1 # ID=1_2564;partial=00;start_type=ATG;rbs_motif=GGAG/GAGG;rbs_spacer=5-10bp;gc_cont=0.266
1_2564               -            830 4260at186802         -            555   2.3e-09   34.1   0.1   2   2   5.3e-10   2.5e-07   27.3   0.0   402   498   595   702   579   708 0.68 # 2863035 # 2865524 # -1 # ID=1_2564;partial=00;start_type=ATG;rbs_motif=GGAG/GAGG;rbs_spacer=5-10bp;gc_cont=0.266
1_2536               -            687 4260at186802         -            555   3.2e-08   30.3   3.0   1   2   0.00024      0.11    8.6   0.1   393   461   325   394   261   404 0.89 # 2832770 # 2834830 # -1 # ID=1_2536;partial=00;start_type=TTG;rbs_motif=AGxAGG/AGGxGG;rbs_spacer=5-10bp;gc_cont=0.301
1_2536               -            687 4260at186802         -            555   3.2e-08   30.3   3.0   2   2   2.4e-08   1.1e-05   21.8   0.4   395   502   498   603   477   613 0.72 # 2832770 # 2834830 # -1 # ID=1_2536;partial=00;start_type=TTG;rbs_motif=AGxAGG/AGGxGG;rbs_spacer=5-10bp;gc_cont=0.301
1_808                -            370 4260at186802         -            555   3.9e-07   26.7   1.2   1   2    0.0036       1.7    4.8   0.1     3    65    24    92    22   105 0.74 # 983676 # 984785 # -1 # ID=1_808;partial=00;start_type=ATG;rbs_motif=GGA/GAG/AGG;rbs_spacer=5-10bp;gc_cont=0.294
1_808                -            370 4260at186802         -            555   3.9e-07   26.7   1.2   2   2   4.6e-08   2.2e-05   20.9   0.2   382   487   243   344   211   368 0.79 # 983676 # 984785 # -1 # ID=1_808;partial=00;start_type=ATG;rbs_motif=GGA/GAG/AGG;rbs_spacer=5-10bp;gc_cont=0.294
1_1611               -            828 4260at186802         -            555   6.3e-07   26.0   0.1   1   2   0.00044      0.21    7.8   0.0   366   432    46   111    34   130 0.89 # 1860030 # 1862513 # 1 # ID=1_1611;partial=00;start_type=ATG;rbs_motif=AGGAG;rbs_spacer=5-10bp;gc_cont=0.272
1_1611               -            828 4260at186802         -            555   6.3e-07   26.0   0.1   2   2   1.8e-06   0.00083   15.7   0.0   382   479   233   325   209   350 0.86 # 1860030 # 1862513 # 1 # ID=1_1611;partial=00;start_type=ATG;rbs_motif=AGGAG;rbs_spacer=5-10bp;gc_cont=0.272
1_739                -            538 4260at186802         -            555   2.8e-06   23.9   3.2   1   3    0.0084         4    3.5   0.0     6    65    30    95    26    99 0.77 # 911557 # 913170 # 1 # ID=1_739;partial=00;start_type=ATG;rbs_motif=GGAG/GAGG;rbs_spacer=5-10bp;gc_cont=0.315
1_739                -            538 4260at186802         -            555   2.8e-06   23.9   3.2   2   3   6.3e-08     3e-05   20.5   0.1   382   488   247   351   234   395 0.81 # 911557 # 913170 # 1 # ID=1_739;partial=00;start_type=ATG;rbs_motif=GGAG/GAGG;rbs_spacer=5-10bp;gc_cont=0.315
1_739                -            538 4260at186802         -            555   2.8e-06   23.9   3.2   3   3         1   4.9e+02   -3.4   0.1   150   175   507   532   502   535 0.83 # 911557 # 913170 # 1 # ID=1_739;partial=00;start_type=ATG;rbs_motif=GGAG/GAGG;rbs_spacer=5-10bp;gc_cont=0.315
1_2067               -            382 4260at186802         -            555   0.00016   18.0   2.0   1   2     0.019       8.8    2.4   0.2     3    62    25    90    23   101 0.74 # 2308195 # 2309340 # 1 # ID=1_2067;partial=00;start_type=ATG;rbs_motif=AGGAG;rbs_spacer=5-10bp;gc_cont=0.278
1_2067               -            382 4260at186802         -            555   0.00016   18.0   2.0   2   2   2.5e-06    0.0012   15.2   0.1   380   481   245   342   201   377 0.79 # 2308195 # 2309340 # 1 # ID=1_2067;partial=00;start_type=ATG;rbs_motif=AGGAG;rbs_spacer=5-10bp;gc_cont=0.278
#
# Program:         hmmsearch
# Version:         3.1b2 (February 2015)
# Pipeline mode:   SEARCH
# Query file:      /home/johngn/Microbial-Genomics-Journey-Workshop-2023/Reads_session_3/busco_downloads/lineages/clostridiales_odb10/hmms/4260at186802.hmm
# Target file:     /home/johngn/Microbial-Genomics-Journey-Workshop-2023/Reads_session_3/busco_op3/prodigal_output/predicted_genes/predicted.faa
# Option settings: hmmsearch --domtblout /home/johngn/Microbial-Genomics-Journey-Workshop-2023/Reads_session_3/busco_op3/run_clostridiales_odb10/hmmer_output/4260at186802.out --cpu 1 /home/johngn/Microbial-Genomics-Journey-Workshop-2023/Reads_session_3/busco_downloads/lineages/clostridiales_odb10/hmms/4260at186802.hmm /home/johngn/Microbial-Genomics-Journey-Workshop-2023/Reads_session_3/busco_op3/prodigal_output/predicted_genes/predicted.faa 
# Current dir:     /home/johngn/Microbial-Genomics-Journey-Workshop-2023/Reads_session_3
# Date:            Wed Mar  1 18:12:46 2023
# [ok]
