#                                                                            --- full sequence --- -------------- this domain -------------   hmm coord   ali coord   env coord
# target name        accession   tlen query name           accession   qlen   E-value  score  bias   #  of  c-Evalue  i-Evalue  score  bias  from    to  from    to  from    to  acc description of target
#------------------- ---------- ----- -------------------- ---------- ----- --------- ------ ----- --- --- --------- --------- ------ ----- ----- ----- ----- ----- ----- ----- ---- ---------------------
1_2441               -            340 42754at186802        -            254   1.7e-76  254.9  16.5   1   3   6.6e-49   6.2e-46  154.7   0.2     1    84     1    84     1    98 0.96 # 2717897 # 2718916 # -1 # ID=1_2441;partial=00;start_type=ATG;rbs_motif=AGGAGG;rbs_spacer=5-10bp;gc_cont=0.282
1_2441               -            340 42754at186802        -            254   1.7e-76  254.9  16.5   2   3   1.7e-12   1.6e-09   35.4   5.4    78   143    99   169    90   192 0.83 # 2717897 # 2718916 # -1 # ID=1_2441;partial=00;start_type=ATG;rbs_motif=AGGAGG;rbs_spacer=5-10bp;gc_cont=0.282
1_2441               -            340 42754at186802        -            254   1.7e-76  254.9  16.5   3   3   1.2e-23   1.1e-20   72.0   0.4   153   254   216   332   192   332 0.82 # 2717897 # 2718916 # -1 # ID=1_2441;partial=00;start_type=ATG;rbs_motif=AGGAGG;rbs_spacer=5-10bp;gc_cont=0.282
1_3503               -            242 42754at186802        -            254   0.00017   18.9   0.0   1   1   2.9e-07   0.00027   18.3   0.0    28    60    36    66    11    70 0.78 # 3962217 # 3962942 # 1 # ID=1_3503;partial=00;start_type=ATG;rbs_motif=AGGA;rbs_spacer=5-10bp;gc_cont=0.313
1_2387               -            213 42754at186802        -            254    0.0016   15.8   1.3   1   2   2.2e-06    0.0021   15.4   0.2     2    57     5    53     4    57 0.86 # 2660811 # 2661449 # -1 # ID=1_2387;partial=00;start_type=GTG;rbs_motif=None;rbs_spacer=None;gc_cont=0.308
1_2387               -            213 42754at186802        -            254    0.0016   15.8   1.3   2   2      0.49   4.6e+02   -2.1   0.1   191   234    97   111    69   135 0.53 # 2660811 # 2661449 # -1 # ID=1_2387;partial=00;start_type=GTG;rbs_motif=None;rbs_spacer=None;gc_cont=0.308
1_1807               -            212 42754at186802        -            254     0.015   12.6   0.0   1   1   2.6e-05     0.024   11.9   0.0     2    58     4    59     3    63 0.92 # 2064106 # 2064741 # -1 # ID=1_1807;partial=00;start_type=ATG;rbs_motif=GGA/GAG/AGG;rbs_spacer=5-10bp;gc_cont=0.321
#
# Program:         hmmsearch
# Version:         3.1b2 (February 2015)
# Pipeline mode:   SEARCH
# Query file:      /home/johngn/Microbial-Genomics-Journey-Workshop-2023/Reads_session_3/busco_downloads/lineages/clostridiales_odb10/hmms/42754at186802.hmm
# Target file:     /home/johngn/Microbial-Genomics-Journey-Workshop-2023/Reads_session_3/busco_op3/prodigal_output/predicted_genes/predicted.faa
# Option settings: hmmsearch --domtblout /home/johngn/Microbial-Genomics-Journey-Workshop-2023/Reads_session_3/busco_op3/run_clostridiales_odb10/hmmer_output/42754at186802.out --cpu 1 /home/johngn/Microbial-Genomics-Journey-Workshop-2023/Reads_session_3/busco_downloads/lineages/clostridiales_odb10/hmms/42754at186802.hmm /home/johngn/Microbial-Genomics-Journey-Workshop-2023/Reads_session_3/busco_op3/prodigal_output/predicted_genes/predicted.faa 
# Current dir:     /home/johngn/Microbial-Genomics-Journey-Workshop-2023/Reads_session_3
# Date:            Wed Mar  1 18:12:46 2023
# [ok]
