#                                                                            --- full sequence --- -------------- this domain -------------   hmm coord   ali coord   env coord
# target name        accession   tlen query name           accession   qlen   E-value  score  bias   #  of  c-Evalue  i-Evalue  score  bias  from    to  from    to  from    to  acc description of target
#------------------- ---------- ----- -------------------- ---------- ----- --------- ------ ----- --- --- --------- --------- ------ ----- ----- ----- ----- ----- ----- ----- ---- ---------------------
1_2790               -            340 43024at186802        -            285  8.7e-142  469.3   0.2   1   1  1.1e-143  2.2e-141  468.0   0.2     1   285    23   332    23   332 0.93 # 3153432 # 3154451 # -1 # ID=1_2790;partial=00;start_type=ATG;rbs_motif=AGGAGG;rbs_spacer=5-10bp;gc_cont=0.340
1_1162               -            422 43024at186802        -            285   1.1e-11   42.5   0.0   1   1   8.2e-14   1.7e-11   41.8   0.0     3   114     6   124     4   130 0.78 # 1373580 # 1374845 # 1 # ID=1_1162;partial=00;start_type=ATG;rbs_motif=AGGAG;rbs_spacer=5-10bp;gc_cont=0.286
1_659                -            468 43024at186802        -            285   1.9e-05   22.0   0.0   1   1   2.1e-07   4.4e-05   20.8   0.0     9    76    42   118    33   154 0.65 # 806212 # 807615 # -1 # ID=1_659;partial=00;start_type=ATG;rbs_motif=GGAG/GAGG;rbs_spacer=5-10bp;gc_cont=0.318
1_3339               -            788 43024at186802        -            285   2.2e-05   21.8   0.1   1   3   3.7e-05    0.0077   13.4   0.0     9    62   328   383   322   397 0.82 # 3773050 # 3775413 # -1 # ID=1_3339;partial=00;start_type=ATG;rbs_motif=AGGAG;rbs_spacer=5-10bp;gc_cont=0.308
1_3339               -            788 43024at186802        -            285   2.2e-05   21.8   0.1   2   3     0.063        13    2.8   0.0   123   167   465   509   459   518 0.87 # 3773050 # 3775413 # -1 # ID=1_3339;partial=00;start_type=ATG;rbs_motif=AGGAG;rbs_spacer=5-10bp;gc_cont=0.308
1_3339               -            788 43024at186802        -            285   2.2e-05   21.8   0.1   3   3      0.25        51    0.8   0.0   218   253   527   562   519   583 0.80 # 3773050 # 3775413 # -1 # ID=1_3339;partial=00;start_type=ATG;rbs_motif=AGGAG;rbs_spacer=5-10bp;gc_cont=0.308
1_3342               -            417 43024at186802        -            285   8.9e-05   19.7   0.3   1   1   1.6e-06   0.00033   17.9   0.3     8    77    70   152    64   195 0.66 # 3776691 # 3777941 # -1 # ID=1_3342;partial=00;start_type=ATG;rbs_motif=GGAG/GAGG;rbs_spacer=5-10bp;gc_cont=0.316
1_1158               -            534 43024at186802        -            285   0.00019   18.7   0.0   1   3     0.022       4.6    4.3   0.0    35    54   238   258   217   275 0.76 # 1367683 # 1369284 # 1 # ID=1_1158;partial=00;start_type=ATG;rbs_motif=AGGA;rbs_spacer=5-10bp;gc_cont=0.280
1_1158               -            534 43024at186802        -            285   0.00019   18.7   0.0   2   3   0.00026     0.053   10.6   0.0    71   121   314   362   301   370 0.86 # 1367683 # 1369284 # 1 # ID=1_1158;partial=00;start_type=ATG;rbs_motif=AGGA;rbs_spacer=5-10bp;gc_cont=0.280
1_1158               -            534 43024at186802        -            285   0.00019   18.7   0.0   3   3       1.2   2.4e+02   -1.4   0.0   141   159   400   418   395   470 0.73 # 1367683 # 1369284 # 1 # ID=1_1158;partial=00;start_type=ATG;rbs_motif=AGGA;rbs_spacer=5-10bp;gc_cont=0.280
1_44                 -            983 43024at186802        -            285   0.00064   16.9   0.3   1   2      0.19        40    1.2   0.0    36    54   155   173   123   181 0.87 # 70801 # 73749 # 1 # ID=1_44;partial=00;start_type=ATG;rbs_motif=AGGAGG;rbs_spacer=11-12bp;gc_cont=0.289
1_44                 -            983 43024at186802        -            285   0.00064   16.9   0.3   2   2   5.8e-05     0.012   12.8   0.1    85   156   234   320   219   342 0.64 # 70801 # 73749 # 1 # ID=1_44;partial=00;start_type=ATG;rbs_motif=AGGAGG;rbs_spacer=11-12bp;gc_cont=0.289
1_3318               -            919 43024at186802        -            285   0.00067   16.9   0.0   1   2     0.047       9.8    3.2   0.0    36    56   132   152   102   171 0.80 # 3746657 # 3749413 # -1 # ID=1_3318;partial=00;start_type=ATG;rbs_motif=GGAGG;rbs_spacer=5-10bp;gc_cont=0.265
1_3318               -            919 43024at186802        -            285   0.00067   16.9   0.0   2   2   0.00027     0.057   10.5   0.0    84   125   210   251   195   262 0.79 # 3746657 # 3749413 # -1 # ID=1_3318;partial=00;start_type=ATG;rbs_motif=GGAGG;rbs_spacer=5-10bp;gc_cont=0.265
1_2302               -            975 43024at186802        -            285   0.00094   16.4   0.0   1   2     0.018       3.8    4.6   0.0    16    70   136   191   125   200 0.74 # 2565512 # 2568436 # -1 # ID=1_2302;partial=00;start_type=ATG;rbs_motif=AGGAGG;rbs_spacer=5-10bp;gc_cont=0.287
1_2302               -            975 43024at186802        -            285   0.00094   16.4   0.0   2   2   0.00063      0.13    9.3   0.0    82   106   232   256   205   284 0.89 # 2565512 # 2568436 # -1 # ID=1_2302;partial=00;start_type=ATG;rbs_motif=AGGAGG;rbs_spacer=5-10bp;gc_cont=0.287
1_3715               -            331 43024at186802        -            285     0.001   16.2   0.0   1   1   8.2e-06    0.0017   15.5   0.0    30    59   181   210   160   222 0.80 # 4181978 # 4182970 # 1 # ID=1_3715;partial=00;start_type=ATG;rbs_motif=AGxAGG/AGGxGG;rbs_spacer=5-10bp;gc_cont=0.264
1_1896               -            865 43024at186802        -            285    0.0012   16.0   0.1   1   3      0.16        33    1.5   0.0    31    56   201   226   178   233 0.69 # 2156420 # 2159014 # -1 # ID=1_1896;partial=00;start_type=ATG;rbs_motif=GGAGG;rbs_spacer=5-10bp;gc_cont=0.303
1_1896               -            865 43024at186802        -            285    0.0012   16.0   0.1   2   3      0.85   1.8e+02   -0.9   0.0    85    94   279   288   263   291 0.85 # 2156420 # 2159014 # -1 # ID=1_1896;partial=00;start_type=ATG;rbs_motif=GGAGG;rbs_spacer=5-10bp;gc_cont=0.303
1_1896               -            865 43024at186802        -            285    0.0012   16.0   0.1   3   3   0.00044     0.091    9.9   0.0    11    58   577   629   568   647 0.74 # 2156420 # 2159014 # -1 # ID=1_1896;partial=00;start_type=ATG;rbs_motif=GGAGG;rbs_spacer=5-10bp;gc_cont=0.303
1_183                -            638 43024at186802        -            285    0.0012   16.0   1.3   1   3      0.18        37    1.3   0.0    35    55    30    50    17    57 0.86 # 235633 # 237546 # -1 # ID=1_183;partial=00;start_type=ATG;rbs_motif=AGGAGG;rbs_spacer=5-10bp;gc_cont=0.277
1_183                -            638 43024at186802        -            285    0.0012   16.0   1.3   2   3    0.0009      0.19    8.8   0.0    36    93   360   419   356   432 0.73 # 235633 # 237546 # -1 # ID=1_183;partial=00;start_type=ATG;rbs_motif=AGGAGG;rbs_spacer=5-10bp;gc_cont=0.277
1_183                -            638 43024at186802        -            285    0.0012   16.0   1.3   3   3     0.068        14    2.7   0.1    54   109   439   495   422   503 0.83 # 235633 # 237546 # -1 # ID=1_183;partial=00;start_type=ATG;rbs_motif=AGGAGG;rbs_spacer=5-10bp;gc_cont=0.277
1_1747               -            606 43024at186802        -            285    0.0013   15.9   0.0   1   1   1.5e-05    0.0031   14.7   0.0     8    68   163   231   158   272 0.74 # 1998653 # 2000470 # 1 # ID=1_1747;partial=00;start_type=ATG;rbs_motif=AGGAG;rbs_spacer=5-10bp;gc_cont=0.340
1_17                 -            546 43024at186802        -            285    0.0015   15.8   0.0   1   2   5.3e-05     0.011   12.9   0.0     5    89    10    93     7   106 0.75 # 25656 # 27293 # 1 # ID=1_17;partial=00;start_type=ATG;rbs_motif=GGAG/GAGG;rbs_spacer=5-10bp;gc_cont=0.273
1_17                 -            546 43024at186802        -            285    0.0015   15.8   0.0   2   2      0.96     2e+02   -1.1   0.0    83   108   119   144   115   165 0.81 # 25656 # 27293 # 1 # ID=1_17;partial=00;start_type=ATG;rbs_motif=GGAG/GAGG;rbs_spacer=5-10bp;gc_cont=0.273
1_2221               -            274 43024at186802        -            285    0.0029   14.8   0.1   1   2   5.2e-05     0.011   12.9   0.0    37    65    35    63    12    84 0.84 # 2481037 # 2481858 # -1 # ID=1_2221;partial=00;start_type=ATG;rbs_motif=AGGAG;rbs_spacer=5-10bp;gc_cont=0.307
1_2221               -            274 43024at186802        -            285    0.0029   14.8   0.1   2   2      0.99   2.1e+02   -1.1   0.0   155   227   140   208   133   214 0.48 # 2481037 # 2481858 # -1 # ID=1_2221;partial=00;start_type=ATG;rbs_motif=AGGAG;rbs_spacer=5-10bp;gc_cont=0.307
1_1736               -            217 43024at186802        -            285    0.0085   13.3   1.1   1   2   0.00012     0.026   11.7   0.1    39    64     8    33     4    89 0.68 # 1985332 # 1985982 # 1 # ID=1_1736;partial=00;start_type=ATG;rbs_motif=GGAG/GAGG;rbs_spacer=5-10bp;gc_cont=0.289
1_1736               -            217 43024at186802        -            285    0.0085   13.3   1.1   2   2      0.65   1.4e+02   -0.5   0.1   200   218   182   201   168   214 0.61 # 1985332 # 1985982 # 1 # ID=1_1736;partial=00;start_type=ATG;rbs_motif=GGAG/GAGG;rbs_spacer=5-10bp;gc_cont=0.289
1_3616               -            657 43024at186802        -            285     0.013   12.7   0.0   1   1   0.00012     0.025   11.7   0.0    36    68   198   230   155   271 0.72 # 4077572 # 4079542 # -1 # ID=1_3616;partial=00;start_type=TTG;rbs_motif=AGGAGG;rbs_spacer=5-10bp;gc_cont=0.339
1_2962               -            377 43024at186802        -            285     0.014   12.6   0.4   1   2    0.0028      0.59    7.2   0.0    38    72    21    54    15    66 0.83 # 3359379 # 3360509 # -1 # ID=1_2962;partial=00;start_type=ATG;rbs_motif=AGGAG;rbs_spacer=5-10bp;gc_cont=0.276
1_2962               -            377 43024at186802        -            285     0.014   12.6   0.4   2   2     0.052        11    3.1   0.1    85   102   104   121    73   131 0.84 # 3359379 # 3360509 # -1 # ID=1_2962;partial=00;start_type=ATG;rbs_motif=AGGAG;rbs_spacer=5-10bp;gc_cont=0.276
#
# Program:         hmmsearch
# Version:         3.1b2 (February 2015)
# Pipeline mode:   SEARCH
# Query file:      /home/johngn/Microbial-Genomics-Journey-Workshop-2023/Reads_session_3/busco_downloads/lineages/clostridiales_odb10/hmms/43024at186802.hmm
# Target file:     /home/johngn/Microbial-Genomics-Journey-Workshop-2023/Reads_session_3/busco_op3/prodigal_output/predicted_genes/predicted.faa
# Option settings: hmmsearch --domtblout /home/johngn/Microbial-Genomics-Journey-Workshop-2023/Reads_session_3/busco_op3/run_clostridiales_odb10/hmmer_output/43024at186802.out --cpu 1 /home/johngn/Microbial-Genomics-Journey-Workshop-2023/Reads_session_3/busco_downloads/lineages/clostridiales_odb10/hmms/43024at186802.hmm /home/johngn/Microbial-Genomics-Journey-Workshop-2023/Reads_session_3/busco_op3/prodigal_output/predicted_genes/predicted.faa 
# Current dir:     /home/johngn/Microbial-Genomics-Journey-Workshop-2023/Reads_session_3
# Date:            Wed Mar  8 16:58:10 2023
# [ok]
