#                                                                            --- full sequence --- -------------- this domain -------------   hmm coord   ali coord   env coord
# target name        accession   tlen query name           accession   qlen   E-value  score  bias   #  of  c-Evalue  i-Evalue  score  bias  from    to  from    to  from    to  acc description of target
#------------------- ---------- ----- -------------------- ---------- ----- --------- ------ ----- --- --- --------- --------- ------ ----- ----- ----- ----- ----- ----- ----- ---- ---------------------
1_1206               -            704 4395at186802         -            554  5.6e-257  851.5  13.5   1   2   4.4e-92   3.3e-89  297.7   0.5     1   207    11   237    11   274 0.88 # 1418224 # 1420335 # 1 # ID=1_1206;partial=00;start_type=ATG;rbs_motif=AGGAGG;rbs_spacer=5-10bp;gc_cont=0.333
1_1206               -            704 4395at186802         -            554  5.6e-257  851.5  13.5   2   2  6.3e-171  4.7e-168  558.0   7.0   200   553   298   692   266   693 0.90 # 1418224 # 1420335 # 1 # ID=1_1206;partial=00;start_type=ATG;rbs_motif=AGGAGG;rbs_spacer=5-10bp;gc_cont=0.333
1_887                -            425 4395at186802         -            554   2.7e-24   83.5  10.1   1   4   1.6e-07   0.00012   18.6   0.3   488   549    21    85    14    90 0.91 # 1072172 # 1073446 # 1 # ID=1_887;partial=00;start_type=ATG;rbs_motif=GGAG/GAGG;rbs_spacer=5-10bp;gc_cont=0.298
1_887                -            425 4395at186802         -            554   2.7e-24   83.5  10.1   2   4      0.11        81   -0.7   0.0   510   536    80   106    78   110 0.83 # 1072172 # 1073446 # 1 # ID=1_887;partial=00;start_type=ATG;rbs_motif=GGAG/GAGG;rbs_spacer=5-10bp;gc_cont=0.298
1_887                -            425 4395at186802         -            554   2.7e-24   83.5  10.1   3   4   1.2e-13   9.3e-11   38.8   0.4   487   551   227   293   205   296 0.82 # 1072172 # 1073446 # 1 # ID=1_887;partial=00;start_type=ATG;rbs_motif=GGAG/GAGG;rbs_spacer=5-10bp;gc_cont=0.298
1_887                -            425 4395at186802         -            554   2.7e-24   83.5  10.1   4   4   2.8e-11   2.1e-08   31.0   0.3   492   545   317   373   306   382 0.87 # 1072172 # 1073446 # 1 # ID=1_887;partial=00;start_type=ATG;rbs_motif=GGAG/GAGG;rbs_spacer=5-10bp;gc_cont=0.298
1_156                -            714 4395at186802         -            554   9.9e-09   32.1   2.1   1   1   2.6e-11   1.9e-08   31.1   2.1   485   553   634   705   585   706 0.84 # 200283 # 202424 # 1 # ID=1_156;partial=00;start_type=TTG;rbs_motif=AGGAG;rbs_spacer=5-10bp;gc_cont=0.294
1_3346               -            450 4395at186802         -            554   1.7e-05   21.4   0.4   1   2   1.9e-07   0.00014   18.4   0.1   218   391     3   194     1   199 0.78 # 3780644 # 3781993 # -1 # ID=1_3346;partial=00;start_type=ATG;rbs_motif=AGGA;rbs_spacer=5-10bp;gc_cont=0.324
1_3346               -            450 4395at186802         -            554   1.7e-05   21.4   0.4   2   2     0.054        40    0.3   0.0    10    84   237   310   231   316 0.71 # 3780644 # 3781993 # -1 # ID=1_3346;partial=00;start_type=ATG;rbs_motif=AGGA;rbs_spacer=5-10bp;gc_cont=0.324
1_3111               -            712 4395at186802         -            554   5.9e-05   19.6   0.1   1   1   2.5e-07   0.00019   17.9   0.1   489   527   621   659   586   700 0.81 # 3550543 # 3552678 # -1 # ID=1_3111;partial=00;start_type=ATG;rbs_motif=AGGAGG;rbs_spacer=5-10bp;gc_cont=0.303
#
# Program:         hmmsearch
# Version:         3.1b2 (February 2015)
# Pipeline mode:   SEARCH
# Query file:      /home/johngn/Microbial-Genomics-Journey-Workshop-2023/Reads_session_3/busco_downloads/lineages/clostridiales_odb10/hmms/4395at186802.hmm
# Target file:     /home/johngn/Microbial-Genomics-Journey-Workshop-2023/Reads_session_3/busco_op3/prodigal_output/predicted_genes/predicted.faa
# Option settings: hmmsearch --domtblout /home/johngn/Microbial-Genomics-Journey-Workshop-2023/Reads_session_3/busco_op3/run_clostridiales_odb10/hmmer_output/4395at186802.out --cpu 1 /home/johngn/Microbial-Genomics-Journey-Workshop-2023/Reads_session_3/busco_downloads/lineages/clostridiales_odb10/hmms/4395at186802.hmm /home/johngn/Microbial-Genomics-Journey-Workshop-2023/Reads_session_3/busco_op3/prodigal_output/predicted_genes/predicted.faa 
# Current dir:     /home/johngn/Microbial-Genomics-Journey-Workshop-2023/Reads_session_3
# Date:            Wed Mar  1 18:12:46 2023
# [ok]
