#                                                                            --- full sequence --- -------------- this domain -------------   hmm coord   ali coord   env coord
# target name        accession   tlen query name           accession   qlen   E-value  score  bias   #  of  c-Evalue  i-Evalue  score  bias  from    to  from    to  from    to  acc description of target
#------------------- ---------- ----- -------------------- ---------- ----- --------- ------ ----- --- --- --------- --------- ------ ----- ----- ----- ----- ----- ----- ----- ---- ---------------------
1_1158               -            534 44167at186802        -            367  3.2e-126  418.6   7.0   1   3   1.1e-32   7.8e-31  104.7   0.3     8   119    18   145    10   165 0.78 # 1367683 # 1369284 # 1 # ID=1_1158;partial=00;start_type=ATG;rbs_motif=AGGA;rbs_spacer=5-10bp;gc_cont=0.280
1_1158               -            534 44167at186802        -            367  3.2e-126  418.6   7.0   2   3   9.6e-88     7e-86  285.8   0.0   121   325   215   432   203   451 0.91 # 1367683 # 1369284 # 1 # ID=1_1158;partial=00;start_type=ATG;rbs_motif=AGGA;rbs_spacer=5-10bp;gc_cont=0.280
1_1158               -            534 44167at186802        -            367  3.2e-126  418.6   7.0   3   3   6.3e-10   4.7e-08   29.7   0.2   320   367   475   525   453   525 0.87 # 1367683 # 1369284 # 1 # ID=1_1158;partial=00;start_type=ATG;rbs_motif=AGGA;rbs_spacer=5-10bp;gc_cont=0.280
1_1654               -            441 44167at186802        -            367   1.2e-19   67.9   0.0   1   1   2.5e-21   1.9e-19   67.2   0.0   132   276   143   279    97   298 0.86 # 1900811 # 1902133 # 1 # ID=1_1654;partial=00;start_type=ATG;rbs_motif=GGAG/GAGG;rbs_spacer=5-10bp;gc_cont=0.260
1_2357               -            664 44167at186802        -            367   4.1e-16   56.2   0.0   1   1   1.1e-17     8e-16   55.3   0.0   144   275   348   472   329   503 0.86 # 2625035 # 2627026 # -1 # ID=1_2357;partial=00;start_type=TTG;rbs_motif=GGAG/GAGG;rbs_spacer=5-10bp;gc_cont=0.286
1_2715               -            703 44167at186802        -            367   7.2e-16   55.4   0.1   1   1     2e-17   1.5e-15   54.4   0.1   123   274   334   482   302   506 0.80 # 3044887 # 3046995 # 1 # ID=1_2715;partial=00;start_type=ATG;rbs_motif=GGAG/GAGG;rbs_spacer=5-10bp;gc_cont=0.265
1_3184               -            589 44167at186802        -            367   5.8e-15   52.5   0.1   1   1   2.6e-16   1.9e-14   50.8   0.1   131   281   285   428   253   443 0.83 # 3639253 # 3641019 # -1 # ID=1_3184;partial=00;start_type=ATG;rbs_motif=AGGA;rbs_spacer=5-10bp;gc_cont=0.282
1_2849               -            682 44167at186802        -            367   5.9e-15   52.4   0.2   1   1   1.6e-16   1.2e-14   51.5   0.2   123   275   328   477   282   496 0.79 # 3224756 # 3226801 # -1 # ID=1_2849;partial=00;start_type=ATG;rbs_motif=AGGAGG;rbs_spacer=5-10bp;gc_cont=0.261
1_3029               -            670 44167at186802        -            367   2.7e-14   50.3   0.1   1   1   6.5e-16   4.7e-14   49.4   0.1   121   278   332   483   315   527 0.80 # 3441296 # 3443305 # -1 # ID=1_3029;partial=00;start_type=ATG;rbs_motif=AGGAG;rbs_spacer=5-10bp;gc_cont=0.269
1_3134               -            602 44167at186802        -            367   2.9e-14   50.1   0.0   1   1   9.6e-16   7.1e-14   48.9   0.0   123   276   268   418   266   451 0.81 # 3581883 # 3583688 # -1 # ID=1_3134;partial=00;start_type=ATG;rbs_motif=GGxGG;rbs_spacer=5-10bp;gc_cont=0.282
1_434                -            458 44167at186802        -            367   8.6e-14   48.6   0.0   1   1   3.1e-15   2.3e-13   47.2   0.0   117   293   130   301   103   334 0.81 # 523804 # 525177 # 1 # ID=1_434;partial=00;start_type=ATG;rbs_motif=3Base/5BMM;rbs_spacer=13-15bp;gc_cont=0.287
1_2052               -            347 44167at186802        -            367     3e-13   46.8   0.0   1   1   7.7e-15   5.6e-13   45.9   0.0   125   290    25   187    20   229 0.76 # 2291148 # 2292188 # -1 # ID=1_2052;partial=00;start_type=ATG;rbs_motif=GGAG/GAGG;rbs_spacer=5-10bp;gc_cont=0.319
1_2682               -            675 44167at186802        -            367   4.4e-13   46.3   0.0   1   1   1.3e-14   9.3e-13   45.2   0.0   123   274   335   483   313   500 0.81 # 2997543 # 2999567 # 1 # ID=1_2682;partial=00;start_type=ATG;rbs_motif=AGGAG;rbs_spacer=5-10bp;gc_cont=0.261
1_3196               -            587 44167at186802        -            367   9.9e-13   45.1   0.0   1   1   5.7e-14   4.2e-12   43.0   0.0   124   285   270   427   252   449 0.79 # 3650581 # 3652341 # -1 # ID=1_3196;partial=00;start_type=ATG;rbs_motif=AGxAGG/AGGxGG;rbs_spacer=5-10bp;gc_cont=0.288
1_383                -            544 44167at186802        -            367   2.5e-12   43.8   0.1   1   1   6.8e-14     5e-12   42.8   0.1   114   275   219   373   211   424 0.85 # 456460 # 458091 # 1 # ID=1_383;partial=00;start_type=ATG;rbs_motif=GGA/GAG/AGG;rbs_spacer=11-12bp;gc_cont=0.292
1_301                -            833 44167at186802        -            367   3.8e-12   43.2   0.0   1   1     9e-14   6.6e-12   42.4   0.0   133   277   115   259    81   274 0.84 # 358243 # 360741 # 1 # ID=1_301;partial=00;start_type=TTG;rbs_motif=3Base/5BMM;rbs_spacer=13-15bp;gc_cont=0.271
1_2855               -            631 44167at186802        -            367     5e-12   42.8   0.0   1   1   1.6e-13   1.1e-11   41.6   0.0   131   277   326   468   295   478 0.79 # 3233186 # 3235078 # 1 # ID=1_2855;partial=00;start_type=ATG;rbs_motif=GGAGG;rbs_spacer=5-10bp;gc_cont=0.286
1_44                 -            983 44167at186802        -            367   9.4e-12   41.9   0.1   1   3   1.1e-11   7.8e-10   35.6   0.0   133   307   143   319   116   342 0.77 # 70801 # 73749 # 1 # ID=1_44;partial=00;start_type=ATG;rbs_motif=AGGAGG;rbs_spacer=11-12bp;gc_cont=0.289
1_44                 -            983 44167at186802        -            367   9.4e-12   41.9   0.1   2   3      0.42        31    0.7   0.0   164   254   366   457   359   464 0.82 # 70801 # 73749 # 1 # ID=1_44;partial=00;start_type=ATG;rbs_motif=AGGAGG;rbs_spacer=11-12bp;gc_cont=0.289
1_44                 -            983 44167at186802        -            367   9.4e-12   41.9   0.1   3   3      0.38        28    0.9   0.0    62   107   683   728   678   732 0.89 # 70801 # 73749 # 1 # ID=1_44;partial=00;start_type=ATG;rbs_motif=AGGAGG;rbs_spacer=11-12bp;gc_cont=0.289
1_180                -            671 44167at186802        -            367   4.2e-11   39.7   0.0   1   1   1.2e-12   8.5e-11   38.7   0.0   144   279   357   485   329   518 0.82 # 230968 # 232980 # -1 # ID=1_180;partial=00;start_type=ATG;rbs_motif=AGGAG;rbs_spacer=5-10bp;gc_cont=0.247
1_1067               -            667 44167at186802        -            367   5.2e-11   39.4   0.0   1   1   1.3e-12   9.5e-11   38.6   0.0   124   279   333   485   315   502 0.77 # 1278270 # 1280270 # 1 # ID=1_1067;partial=00;start_type=ATG;rbs_motif=GGAG/GAGG;rbs_spacer=5-10bp;gc_cont=0.273
1_1307               -            477 44167at186802        -            367   1.2e-10   38.3   0.1   1   2   5.2e-12   3.8e-10   36.6   0.0   145   308   171   331   158   350 0.78 # 1523248 # 1524678 # -1 # ID=1_1307;partial=00;start_type=ATG;rbs_motif=AGGAGG;rbs_spacer=11-12bp;gc_cont=0.272
1_1307               -            477 44167at186802        -            367   1.2e-10   38.3   0.1   2   2       5.8   4.3e+02   -3.0   0.0   239   315   387   462   383   468 0.65 # 1523248 # 1524678 # -1 # ID=1_1307;partial=00;start_type=ATG;rbs_motif=AGGAGG;rbs_spacer=11-12bp;gc_cont=0.272
1_487                -            945 44167at186802        -            367   4.4e-10   36.4   0.1   1   1     3e-11   2.2e-09   34.1   0.1   146   272   137   263   122   323 0.85 # 584699 # 587533 # -1 # ID=1_487;partial=00;start_type=ATG;rbs_motif=AGGA;rbs_spacer=5-10bp;gc_cont=0.282
1_837                -            886 44167at186802        -            367   4.8e-10   36.3   0.1   1   1   1.6e-11   1.2e-09   35.0   0.1   133   280   116   262    96   313 0.79 # 1012580 # 1015237 # 1 # ID=1_837;partial=00;start_type=ATG;rbs_motif=GGAG/GAGG;rbs_spacer=5-10bp;gc_cont=0.264
1_784                -            459 44167at186802        -            367   7.6e-10   35.6   0.0   1   1   1.9e-11   1.4e-09   34.7   0.0   134   274   157   290   130   323 0.83 # 958055 # 959431 # 1 # ID=1_784;partial=00;start_type=ATG;rbs_motif=GGAG/GAGG;rbs_spacer=5-10bp;gc_cont=0.308
1_2255               -            968 44167at186802        -            367   8.5e-10   35.5   1.9   1   3   1.2e-10   8.5e-09   32.2   0.0    97   272    90   271    79   332 0.77 # 2523653 # 2526556 # -1 # ID=1_2255;partial=00;start_type=ATG;rbs_motif=AGGAG;rbs_spacer=5-10bp;gc_cont=0.280
1_2255               -            968 44167at186802        -            367   8.5e-10   35.5   1.9   2   3       1.5   1.1e+02   -1.1   0.3    18    53   515   550   504   556 0.87 # 2523653 # 2526556 # -1 # ID=1_2255;partial=00;start_type=ATG;rbs_motif=AGGAG;rbs_spacer=5-10bp;gc_cont=0.280
1_2255               -            968 44167at186802        -            367   8.5e-10   35.5   1.9   3   3      0.49        36    0.5   0.0   287   324   669   706   663   727 0.79 # 2523653 # 2526556 # -1 # ID=1_2255;partial=00;start_type=ATG;rbs_motif=AGGAG;rbs_spacer=5-10bp;gc_cont=0.280
1_3318               -            919 44167at186802        -            367   1.4e-09   34.8   0.0   1   2   6.8e-11     5e-09   32.9   0.0   135   271   121   257    82   283 0.76 # 3746657 # 3749413 # -1 # ID=1_3318;partial=00;start_type=ATG;rbs_motif=GGAGG;rbs_spacer=5-10bp;gc_cont=0.265
1_3318               -            919 44167at186802        -            367   1.4e-09   34.8   0.0   2   2         9   6.6e+02   -3.7   0.0    62   113   302   353   298   361 0.75 # 3746657 # 3749413 # -1 # ID=1_3318;partial=00;start_type=ATG;rbs_motif=GGAGG;rbs_spacer=5-10bp;gc_cont=0.265
1_2302               -            975 44167at186802        -            367   1.2e-08   31.7   0.0   1   1   3.7e-10   2.7e-08   30.5   0.0   133   308   144   321   125   351 0.74 # 2565512 # 2568436 # -1 # ID=1_2302;partial=00;start_type=ATG;rbs_motif=AGGAGG;rbs_spacer=5-10bp;gc_cont=0.287
1_2790               -            340 44167at186802        -            367   1.2e-07   28.4   0.0   1   2   1.5e-05    0.0011   15.4   0.0   124   168    31    82    21    88 0.75 # 3153432 # 3154451 # -1 # ID=1_2790;partial=00;start_type=ATG;rbs_motif=AGGAGG;rbs_spacer=5-10bp;gc_cont=0.340
1_2790               -            340 44167at186802        -            367   1.2e-07   28.4   0.0   2   2   0.00039     0.029   10.7   0.0   219   248   106   135    98   185 0.92 # 3153432 # 3154451 # -1 # ID=1_2790;partial=00;start_type=ATG;rbs_motif=AGGAGG;rbs_spacer=5-10bp;gc_cont=0.340
1_29                 -            816 44167at186802        -            367   9.7e-07   25.4   0.3   1   2   1.4e-05     0.001   15.4   0.0   127   198   187   260   163   289 0.76 # 48021 # 50468 # 1 # ID=1_29;partial=00;start_type=GTG;rbs_motif=AGGAGG;rbs_spacer=5-10bp;gc_cont=0.312
1_29                 -            816 44167at186802        -            367   9.7e-07   25.4   0.3   2   2    0.0078      0.57    6.4   0.1   147   268   546   661   512   670 0.72 # 48021 # 50468 # 1 # ID=1_29;partial=00;start_type=GTG;rbs_motif=AGGAGG;rbs_spacer=5-10bp;gc_cont=0.312
1_3342               -            417 44167at186802        -            367   5.7e-06   22.9   0.1   1   2   2.7e-06    0.0002   17.8   0.1   120   168    88   133    59   147 0.82 # 3776691 # 3777941 # -1 # ID=1_3342;partial=00;start_type=ATG;rbs_motif=GGAG/GAGG;rbs_spacer=5-10bp;gc_cont=0.316
1_3342               -            417 44167at186802        -            367   5.7e-06   22.9   0.1   2   2       0.3        22    1.2   0.0   218   237   170   189   168   193 0.86 # 3776691 # 3777941 # -1 # ID=1_3342;partial=00;start_type=ATG;rbs_motif=GGAG/GAGG;rbs_spacer=5-10bp;gc_cont=0.316
1_2221               -            274 44167at186802        -            367   1.8e-05   21.2   0.0   1   1   3.9e-07   2.8e-05   20.6   0.0   134   169    22    57     5    78 0.88 # 2481037 # 2481858 # -1 # ID=1_2221;partial=00;start_type=ATG;rbs_motif=AGGAG;rbs_spacer=5-10bp;gc_cont=0.307
1_1162               -            422 44167at186802        -            367   5.1e-05   19.7   0.2   1   2   0.00062     0.045   10.0   0.0   146   166    39    59    10    79 0.78 # 1373580 # 1374845 # 1 # ID=1_1162;partial=00;start_type=ATG;rbs_motif=AGGAG;rbs_spacer=5-10bp;gc_cont=0.286
1_1162               -            422 44167at186802        -            367   5.1e-05   19.7   0.2   2   2    0.0044      0.32    7.2   0.0   216   249    86   119    81   141 0.78 # 1373580 # 1374845 # 1 # ID=1_1162;partial=00;start_type=ATG;rbs_motif=AGGAG;rbs_spacer=5-10bp;gc_cont=0.286
1_1896               -            865 44167at186802        -            367   5.5e-05   19.6   0.2   1   2    0.0038      0.28    7.4   0.0   131   178   190   238   167   287 0.68 # 2156420 # 2159014 # -1 # ID=1_1896;partial=00;start_type=ATG;rbs_motif=GGAGG;rbs_spacer=5-10bp;gc_cont=0.303
1_1896               -            865 44167at186802        -            367   5.5e-05   19.6   0.2   2   2    0.0023      0.17    8.2   0.1   147   270   608   725   574   780 0.71 # 2156420 # 2159014 # -1 # ID=1_1896;partial=00;start_type=ATG;rbs_motif=GGAGG;rbs_spacer=5-10bp;gc_cont=0.303
1_17                 -            546 44167at186802        -            367   0.00019   17.8   0.0   1   1   6.4e-06   0.00047   16.6   0.0   122   185    12    81     9   145 0.80 # 25656 # 27293 # 1 # ID=1_17;partial=00;start_type=ATG;rbs_motif=GGAG/GAGG;rbs_spacer=5-10bp;gc_cont=0.273
1_423                -            486 44167at186802        -            367   0.00038   16.8   0.0   1   2   0.00035     0.026   10.8   0.0   134   171    19    56     6    63 0.82 # 509528 # 510985 # 1 # ID=1_423;partial=00;start_type=GTG;rbs_motif=AGGAG/GGAGG;rbs_spacer=11-12bp;gc_cont=0.270
1_423                -            486 44167at186802        -            367   0.00038   16.8   0.0   2   2     0.062       4.5    3.5   0.0   130   181   274   325   241   358 0.78 # 509528 # 510985 # 1 # ID=1_423;partial=00;start_type=GTG;rbs_motif=AGGAG/GGAGG;rbs_spacer=11-12bp;gc_cont=0.270
1_835                -            338 44167at186802        -            367   0.00048   16.5   0.0   1   1     1e-05   0.00075   15.9   0.0   118   171     4    57     1    79 0.86 # 1010271 # 1011284 # 1 # ID=1_835;partial=00;start_type=TTG;rbs_motif=GGA/GAG/AGG;rbs_spacer=5-10bp;gc_cont=0.329
1_335                -            327 44167at186802        -            367   0.00062   16.2   0.0   1   1   1.3e-05   0.00094   15.6   0.0   137   223    70   157    60   164 0.83 # 398141 # 399121 # 1 # ID=1_335;partial=00;start_type=ATG;rbs_motif=None;rbs_spacer=None;gc_cont=0.296
1_3385               -            513 44167at186802        -            367   0.00074   15.9   0.0   1   4      0.64        47    0.1   0.0   146   165    31    50    18    61 0.82 # 3816797 # 3818335 # 1 # ID=1_3385;partial=00;start_type=ATG;rbs_motif=AGGAG;rbs_spacer=5-10bp;gc_cont=0.294
1_3385               -            513 44167at186802        -            367   0.00074   15.9   0.0   2   4      0.14        10    2.3   0.0   207   246   159   202   107   205 0.67 # 3816797 # 3818335 # 1 # ID=1_3385;partial=00;start_type=ATG;rbs_motif=AGGAG;rbs_spacer=5-10bp;gc_cont=0.294
1_3385               -            513 44167at186802        -            367   0.00074   15.9   0.0   3   4    0.0036      0.26    7.5   0.0   137   176   339   378   326   397 0.83 # 3816797 # 3818335 # 1 # ID=1_3385;partial=00;start_type=ATG;rbs_motif=AGGAG;rbs_spacer=5-10bp;gc_cont=0.294
1_3385               -            513 44167at186802        -            367   0.00074   15.9   0.0   4   4       1.4   1.1e+02   -1.1   0.0   196   246   426   480   420   483 0.78 # 3816797 # 3818335 # 1 # ID=1_3385;partial=00;start_type=ATG;rbs_motif=AGGAG;rbs_spacer=5-10bp;gc_cont=0.294
1_3616               -            657 44167at186802        -            367    0.0012   15.2   0.0   1   1   3.2e-05    0.0024   14.3   0.0   117   165   168   217   149   221 0.79 # 4077572 # 4079542 # -1 # ID=1_3616;partial=00;start_type=TTG;rbs_motif=AGGAGG;rbs_spacer=5-10bp;gc_cont=0.339
1_1747               -            606 44167at186802        -            367    0.0017   14.7   0.2   1   1   7.2e-05    0.0053   13.1   0.2   139   165   192   218   157   224 0.71 # 1998653 # 2000470 # 1 # ID=1_1747;partial=00;start_type=ATG;rbs_motif=AGGAG;rbs_spacer=5-10bp;gc_cont=0.340
1_1782               -            150 44167at186802        -            367    0.0024   14.2   0.1   1   2   5.7e-05    0.0042   13.4   0.0   145   199     2    56     1    67 0.76 # 2039792 # 2040241 # 1 # ID=1_1782;partial=00;start_type=ATG;rbs_motif=AGGA/GGAG/GAGG;rbs_spacer=11-12bp;gc_cont=0.282
1_1782               -            150 44167at186802        -            367    0.0024   14.2   0.1   2   2       5.1   3.8e+02   -2.9   0.0   159   183    87   111    85   124 0.62 # 2039792 # 2040241 # 1 # ID=1_1782;partial=00;start_type=ATG;rbs_motif=AGGA/GGAG/GAGG;rbs_spacer=11-12bp;gc_cont=0.282
1_3212               -            255 44167at186802        -            367    0.0027   14.1   0.0   1   1     6e-05    0.0044   13.4   0.0   114   166     4    56     1    88 0.84 # 3673078 # 3673842 # -1 # ID=1_3212;partial=00;start_type=ATG;rbs_motif=GGAG/GAGG;rbs_spacer=5-10bp;gc_cont=0.320
1_183                -            638 44167at186802        -            367    0.0027   14.0   0.0   1   3     0.028       2.1    4.6   0.0   129   168    14    53     5    59 0.83 # 235633 # 237546 # -1 # ID=1_183;partial=00;start_type=ATG;rbs_motif=AGGAGG;rbs_spacer=5-10bp;gc_cont=0.277
1_183                -            638 44167at186802        -            367    0.0027   14.0   0.0   2   3    0.0098      0.72    6.1   0.0   130   174   344   388   331   406 0.78 # 235633 # 237546 # -1 # ID=1_183;partial=00;start_type=ATG;rbs_motif=AGGAGG;rbs_spacer=5-10bp;gc_cont=0.277
1_183                -            638 44167at186802        -            367    0.0027   14.0   0.0   3   3       9.9   7.3e+02   -3.8   0.0   119   153   442   476   441   477 0.83 # 235633 # 237546 # -1 # ID=1_183;partial=00;start_type=ATG;rbs_motif=AGGAGG;rbs_spacer=5-10bp;gc_cont=0.277
1_878                -            379 44167at186802        -            367    0.0031   13.9   0.0   1   1   7.5e-05    0.0055   13.0   0.0   126   175     9    58     3    75 0.84 # 1061526 # 1062662 # 1 # ID=1_878;partial=00;start_type=ATG;rbs_motif=GGA/GAG/AGG;rbs_spacer=5-10bp;gc_cont=0.307
1_855                -            252 44167at186802        -            367    0.0049   13.2   0.0   1   2   0.00016     0.011   12.0   0.0   135   200    23    90     2    99 0.79 # 1032162 # 1032917 # -1 # ID=1_855;partial=00;start_type=ATG;rbs_motif=GGAG/GAGG;rbs_spacer=5-10bp;gc_cont=0.295
1_855                -            252 44167at186802        -            367    0.0049   13.2   0.0   2   2       2.7     2e+02   -2.0   0.0   219   231   162   174   114   200 0.72 # 1032162 # 1032917 # -1 # ID=1_855;partial=00;start_type=ATG;rbs_motif=GGAG/GAGG;rbs_spacer=5-10bp;gc_cont=0.295
1_659                -            468 44167at186802        -            367     0.005   13.2   0.0   1   2   0.00015     0.011   12.0   0.0   138   166    69    97     9   110 0.82 # 806212 # 807615 # -1 # ID=1_659;partial=00;start_type=ATG;rbs_motif=GGAG/GAGG;rbs_spacer=5-10bp;gc_cont=0.318
1_659                -            468 44167at186802        -            367     0.005   13.2   0.0   2   2         9   6.6e+02   -3.7   0.0   236   253   426   443   424   447 0.81 # 806212 # 807615 # -1 # ID=1_659;partial=00;start_type=ATG;rbs_motif=GGAG/GAGG;rbs_spacer=5-10bp;gc_cont=0.318
1_2978               -            251 44167at186802        -            367    0.0053   13.1   0.1   1   2   0.00018     0.013   11.8   0.1   117   189     7    79     3    87 0.81 # 3377795 # 3378547 # -1 # ID=1_2978;partial=00;start_type=ATG;rbs_motif=GGAGG;rbs_spacer=5-10bp;gc_cont=0.275
1_2978               -            251 44167at186802        -            367    0.0053   13.1   0.1   2   2       2.9   2.1e+02   -2.0   0.0   199   230   136   170   116   202 0.70 # 3377795 # 3378547 # -1 # ID=1_2978;partial=00;start_type=ATG;rbs_motif=GGAGG;rbs_spacer=5-10bp;gc_cont=0.275
1_2921               -            399 44167at186802        -            367    0.0074   12.6   0.0   1   1   0.00016     0.012   12.0   0.0   131   194    14    77     5   129 0.81 # 3309407 # 3310603 # -1 # ID=1_2921;partial=00;start_type=ATG;rbs_motif=GGA/GAG/AGG;rbs_spacer=5-10bp;gc_cont=0.277
1_2962               -            377 44167at186802        -            367    0.0076   12.6   0.6   1   1    0.0013     0.096    9.0   0.6   148   274    21   148     7   156 0.67 # 3359379 # 3360509 # -1 # ID=1_2962;partial=00;start_type=ATG;rbs_motif=AGGAG;rbs_spacer=5-10bp;gc_cont=0.276
1_1237               -            236 44167at186802        -            367     0.008   12.5   0.2   1   1   0.00022     0.016   11.5   0.2   133   176    20    63     5    71 0.81 # 1456658 # 1457365 # 1 # ID=1_1237;partial=00;start_type=ATG;rbs_motif=AGGA;rbs_spacer=5-10bp;gc_cont=0.323
1_3339               -            788 44167at186802        -            367     0.017   11.5   3.1   1   4       1.1        81   -0.7   0.2   232   289   191   245   188   290 0.83 # 3773050 # 3775413 # -1 # ID=1_3339;partial=00;start_type=ATG;rbs_motif=AGGAG;rbs_spacer=5-10bp;gc_cont=0.308
1_3339               -            788 44167at186802        -            367     0.017   11.5   3.1   2   4    0.0017      0.12    8.6   0.0   147   169   358   380   341   388 0.87 # 3773050 # 3775413 # -1 # ID=1_3339;partial=00;start_type=ATG;rbs_motif=AGGAG;rbs_spacer=5-10bp;gc_cont=0.308
1_3339               -            788 44167at186802        -            367     0.017   11.5   3.1   3   4       2.3   1.7e+02   -1.7   0.0   291   305   481   495   476   521 0.74 # 3773050 # 3775413 # -1 # ID=1_3339;partial=00;start_type=ATG;rbs_motif=AGGAG;rbs_spacer=5-10bp;gc_cont=0.308
1_3339               -            788 44167at186802        -            367     0.017   11.5   3.1   4   4       0.6        44    0.2   0.0    45    94   668   727   635   766 0.72 # 3773050 # 3775413 # -1 # ID=1_3339;partial=00;start_type=ATG;rbs_motif=AGGAG;rbs_spacer=5-10bp;gc_cont=0.308
1_1803               -            200 44167at186802        -            367     0.017   11.4   0.0   1   1   0.00032     0.024   11.0   0.0   117   175     8    66     3    90 0.84 # 2059721 # 2060320 # -1 # ID=1_1803;partial=00;start_type=ATG;rbs_motif=AGxAGG/AGGxGG;rbs_spacer=5-10bp;gc_cont=0.288
1_2861               -            261 44167at186802        -            367     0.019   11.3   0.2   1   2    0.0006     0.044   10.1   0.1   132   187    17    72     6    90 0.79 # 3241859 # 3242641 # -1 # ID=1_2861;partial=00;start_type=ATG;rbs_motif=GGA/GAG/AGG;rbs_spacer=5-10bp;gc_cont=0.309
1_2861               -            261 44167at186802        -            367     0.019   11.3   0.2   2   2       2.7   1.9e+02   -1.9   0.0   126   232   139   167   126   204 0.60 # 3241859 # 3242641 # -1 # ID=1_2861;partial=00;start_type=ATG;rbs_motif=GGA/GAG/AGG;rbs_spacer=5-10bp;gc_cont=0.309
#
# Program:         hmmsearch
# Version:         3.1b2 (February 2015)
# Pipeline mode:   SEARCH
# Query file:      /home/johngn/Microbial-Genomics-Journey-Workshop-2023/Reads_session_3/busco_downloads/lineages/clostridiales_odb10/hmms/44167at186802.hmm
# Target file:     /home/johngn/Microbial-Genomics-Journey-Workshop-2023/Reads_session_3/busco_op3/prodigal_output/predicted_genes/predicted.faa
# Option settings: hmmsearch --domtblout /home/johngn/Microbial-Genomics-Journey-Workshop-2023/Reads_session_3/busco_op3/run_clostridiales_odb10/hmmer_output/44167at186802.out --cpu 1 /home/johngn/Microbial-Genomics-Journey-Workshop-2023/Reads_session_3/busco_downloads/lineages/clostridiales_odb10/hmms/44167at186802.hmm /home/johngn/Microbial-Genomics-Journey-Workshop-2023/Reads_session_3/busco_op3/prodigal_output/predicted_genes/predicted.faa 
# Current dir:     /home/johngn/Microbial-Genomics-Journey-Workshop-2023/Reads_session_3
# Date:            Wed Mar  1 18:12:46 2023
# [ok]
