#                                                                            --- full sequence --- -------------- this domain -------------   hmm coord   ali coord   env coord
# target name        accession   tlen query name           accession   qlen   E-value  score  bias   #  of  c-Evalue  i-Evalue  score  bias  from    to  from    to  from    to  acc description of target
#------------------- ---------- ----- -------------------- ---------- ----- --------- ------ ----- --- --- --------- --------- ------ ----- ----- ----- ----- ----- ----- ----- ---- ---------------------
1_2733               -            460 44347at186802        -            337  5.8e-141  467.0  20.1   1   2   5.8e-07   0.00054   16.7   0.1     1    39    13    51    13    58 0.86 # 3069123 # 3070502 # -1 # ID=1_2733;partial=00;start_type=ATG;rbs_motif=AGGAGG;rbs_spacer=5-10bp;gc_cont=0.290
1_2733               -            460 44347at186802        -            337  5.8e-141  467.0  20.1   2   2  5.9e-138  5.6e-135  447.3  15.7    41   337    92   450    55   450 0.90 # 3069123 # 3070502 # -1 # ID=1_2733;partial=00;start_type=ATG;rbs_motif=AGGAGG;rbs_spacer=5-10bp;gc_cont=0.290
1_3023               -            476 44347at186802        -            337   5.2e-35  118.7   2.0   1   3     0.014        13    2.3   0.1     3    25    18    40    16    53 0.84 # 3433271 # 3434698 # -1 # ID=1_3023;partial=00;start_type=ATG;rbs_motif=AGGAG;rbs_spacer=5-10bp;gc_cont=0.268
1_3023               -            476 44347at186802        -            337   5.2e-35  118.7   2.0   2   3   5.6e-38   5.2e-35  118.7   2.0    32   190    76   239    61   265 0.83 # 3433271 # 3434698 # -1 # ID=1_3023;partial=00;start_type=ATG;rbs_motif=AGGAG;rbs_spacer=5-10bp;gc_cont=0.268
1_3023               -            476 44347at186802        -            337   5.2e-35  118.7   2.0   3   3      0.17   1.6e+02   -1.3   2.2   263   293   359   390   351   450 0.55 # 3433271 # 3434698 # -1 # ID=1_3023;partial=00;start_type=ATG;rbs_motif=AGGAG;rbs_spacer=5-10bp;gc_cont=0.268
1_1624               -            320 44347at186802        -            337   5.4e-15   52.9   0.9   1   2   1.2e-17   1.1e-14   51.8   0.8    38   164     5   129     3   173 0.88 # 1873893 # 1874852 # 1 # ID=1_1624;partial=00;start_type=ATG;rbs_motif=GGAG/GAGG;rbs_spacer=5-10bp;gc_cont=0.266
1_1624               -            320 44347at186802        -            337   5.4e-15   52.9   0.9   2   2      0.55   5.2e+02   -3.0   0.0    90   116   269   295   266   302 0.81 # 1873893 # 1874852 # 1 # ID=1_1624;partial=00;start_type=ATG;rbs_motif=GGAG/GAGG;rbs_spacer=5-10bp;gc_cont=0.266
1_1134               -            357 44347at186802        -            337     3e-06   24.1   0.1   1   2   3.2e-09     3e-06   24.1   0.1    52   182    14   150     3   157 0.86 # 1340653 # 1341723 # 1 # ID=1_1134;partial=00;start_type=ATG;rbs_motif=AGxAGG/AGGxGG;rbs_spacer=5-10bp;gc_cont=0.275
1_1134               -            357 44347at186802        -            337     3e-06   24.1   0.1   2   2       0.1        97   -0.6   0.4   121   169   302   347   213   354 0.61 # 1340653 # 1341723 # 1 # ID=1_1134;partial=00;start_type=ATG;rbs_motif=AGxAGG/AGGxGG;rbs_spacer=5-10bp;gc_cont=0.275
#
# Program:         hmmsearch
# Version:         3.1b2 (February 2015)
# Pipeline mode:   SEARCH
# Query file:      /home/johngn/Microbial-Genomics-Journey-Workshop-2023/Reads_session_3/busco_downloads/lineages/clostridiales_odb10/hmms/44347at186802.hmm
# Target file:     /home/johngn/Microbial-Genomics-Journey-Workshop-2023/Reads_session_3/busco_op3/prodigal_output/predicted_genes/predicted.faa
# Option settings: hmmsearch --domtblout /home/johngn/Microbial-Genomics-Journey-Workshop-2023/Reads_session_3/busco_op3/run_clostridiales_odb10/hmmer_output/44347at186802.out --cpu 1 /home/johngn/Microbial-Genomics-Journey-Workshop-2023/Reads_session_3/busco_downloads/lineages/clostridiales_odb10/hmms/44347at186802.hmm /home/johngn/Microbial-Genomics-Journey-Workshop-2023/Reads_session_3/busco_op3/prodigal_output/predicted_genes/predicted.faa 
# Current dir:     /home/johngn/Microbial-Genomics-Journey-Workshop-2023/Reads_session_3
# Date:            Wed Mar  1 18:12:46 2023
# [ok]
