#                                                                            --- full sequence --- -------------- this domain -------------   hmm coord   ali coord   env coord
# target name        accession   tlen query name           accession   qlen   E-value  score  bias   #  of  c-Evalue  i-Evalue  score  bias  from    to  from    to  from    to  acc description of target
#------------------- ---------- ----- -------------------- ---------- ----- --------- ------ ----- --- --- --------- --------- ------ ----- ----- ----- ----- ----- ----- ----- ---- ---------------------
1_3712               -            266 44380at186802        -            187   3.3e-61  203.8   4.1   1   2   2.3e-27   6.8e-25   85.4   0.3     2    74     3    82     2    91 0.86 # 4178424 # 4179221 # -1 # ID=1_3712;partial=00;start_type=ATG;rbs_motif=GGAG/GAGG;rbs_spacer=5-10bp;gc_cont=0.299
1_3712               -            266 44380at186802        -            187   3.3e-61  203.8   4.1   2   2   6.5e-38   1.9e-35  119.8   0.3    64   182    96   233    89   236 0.85 # 4178424 # 4179221 # -1 # ID=1_3712;partial=00;start_type=ATG;rbs_motif=GGAG/GAGG;rbs_spacer=5-10bp;gc_cont=0.299
1_1175               -            559 44380at186802        -            187   2.5e-09   34.7   0.2   1   1   3.2e-11   9.2e-09   32.8   0.2    35    74    62   101    24   114 0.85 # 1387632 # 1389308 # 1 # ID=1_1175;partial=00;start_type=ATG;rbs_motif=AGxAGG/AGGxGG;rbs_spacer=5-10bp;gc_cont=0.315
1_2517               -            306 44380at186802        -            187   5.2e-06   23.8   1.3   1   2   3.1e-08   8.9e-06   23.1   0.2    19    59    29    71    21    79 0.82 # 2809641 # 2810558 # 1 # ID=1_2517;partial=00;start_type=ATG;rbs_motif=GGA/GAG/AGG;rbs_spacer=5-10bp;gc_cont=0.295
1_2517               -            306 44380at186802        -            187   5.2e-06   23.8   1.3   2   2       1.1   3.3e+02   -1.6   0.1   159   179   260   280   244   286 0.74 # 2809641 # 2810558 # 1 # ID=1_2517;partial=00;start_type=ATG;rbs_motif=GGA/GAG/AGG;rbs_spacer=5-10bp;gc_cont=0.295
1_626                -            245 44380at186802        -            187   6.8e-06   23.5   0.2   1   1   4.4e-08   1.3e-05   22.6   0.2    15    74    28    96    26   151 0.79 # 753448 # 754182 # 1 # ID=1_626;partial=00;start_type=ATG;rbs_motif=AGGAG;rbs_spacer=5-10bp;gc_cont=0.290
1_2456               -            279 44380at186802        -            187   6.1e-05   20.4   0.8   1   1   3.9e-07   0.00011   19.5   0.8    11    76    34   108    25   161 0.76 # 2735181 # 2736017 # 1 # ID=1_2456;partial=00;start_type=TTG;rbs_motif=GGAG/GAGG;rbs_spacer=5-10bp;gc_cont=0.232
1_2726               -            205 44380at186802        -            187   0.00013   19.3   0.6   1   1   7.8e-07   0.00023   18.5   0.4    23    74    28    81    14   103 0.80 # 3060263 # 3060877 # -1 # ID=1_2726;partial=00;start_type=ATG;rbs_motif=AGxAGG/AGGxGG;rbs_spacer=5-10bp;gc_cont=0.307
1_873                -            305 44380at186802        -            187   0.00024   18.4   0.6   1   1   1.7e-06   0.00048   17.4   0.6     5    68    66   136    62   160 0.73 # 1056214 # 1057128 # 1 # ID=1_873;partial=00;start_type=ATG;rbs_motif=AGGAG;rbs_spacer=5-10bp;gc_cont=0.274
1_806                -            272 44380at186802        -            187   0.00053   17.3   0.1   1   1   3.2e-06   0.00091   16.5   0.1    17    68    32    87    25    93 0.77 # 980698 # 981513 # 1 # ID=1_806;partial=00;start_type=ATG;rbs_motif=AGGAG;rbs_spacer=5-10bp;gc_cont=0.294
1_1806               -            386 44380at186802        -            187   0.00073   16.8   0.1   1   1   4.5e-06    0.0013   16.0   0.1    36    71    99   135    60   148 0.75 # 2062802 # 2063959 # 1 # ID=1_1806;partial=00;start_type=GTG;rbs_motif=GGAGG;rbs_spacer=5-10bp;gc_cont=0.292
1_667                -            274 44380at186802        -            187    0.0008   16.7   1.2   1   2   4.8e-06    0.0014   15.9   0.2    12    63    38    89    35   100 0.91 # 817271 # 818092 # -1 # ID=1_667;partial=00;start_type=TTG;rbs_motif=AGxAGG/AGGxGG;rbs_spacer=5-10bp;gc_cont=0.294
1_667                -            274 44380at186802        -            187    0.0008   16.7   1.2   2   2       1.4   4.1e+02   -1.9   0.0    72   100   147   175   126   208 0.63 # 817271 # 818092 # -1 # ID=1_667;partial=00;start_type=TTG;rbs_motif=AGxAGG/AGGxGG;rbs_spacer=5-10bp;gc_cont=0.294
1_498                -            249 44380at186802        -            187    0.0016   15.7   0.1   1   1     1e-05     0.003   14.8   0.1    19    62    18    68    11    87 0.68 # 602380 # 603126 # -1 # ID=1_498;partial=00;start_type=ATG;rbs_motif=AGxAGG/AGGxGG;rbs_spacer=5-10bp;gc_cont=0.289
1_1721               -            297 44380at186802        -            187    0.0024   15.1   0.0   1   1   1.5e-05    0.0043   14.3   0.0    19    75    29    90    23    99 0.78 # 1969547 # 1970437 # 1 # ID=1_1721;partial=00;start_type=ATG;rbs_motif=GGAGG;rbs_spacer=5-10bp;gc_cont=0.284
1_358                -            304 44380at186802        -            187    0.0051   14.1   0.0   1   1   3.1e-05    0.0088   13.3   0.0    15    73    23    87    11    95 0.74 # 429916 # 430827 # 1 # ID=1_358;partial=00;start_type=GTG;rbs_motif=GGAG/GAGG;rbs_spacer=5-10bp;gc_cont=0.252
#
# Program:         hmmsearch
# Version:         3.1b2 (February 2015)
# Pipeline mode:   SEARCH
# Query file:      /home/johngn/Microbial-Genomics-Journey-Workshop-2023/Reads_session_3/busco_downloads/lineages/clostridiales_odb10/hmms/44380at186802.hmm
# Target file:     /home/johngn/Microbial-Genomics-Journey-Workshop-2023/Reads_session_3/busco_op3/prodigal_output/predicted_genes/predicted.faa
# Option settings: hmmsearch --domtblout /home/johngn/Microbial-Genomics-Journey-Workshop-2023/Reads_session_3/busco_op3/run_clostridiales_odb10/hmmer_output/44380at186802.out --cpu 1 /home/johngn/Microbial-Genomics-Journey-Workshop-2023/Reads_session_3/busco_downloads/lineages/clostridiales_odb10/hmms/44380at186802.hmm /home/johngn/Microbial-Genomics-Journey-Workshop-2023/Reads_session_3/busco_op3/prodigal_output/predicted_genes/predicted.faa 
# Current dir:     /home/johngn/Microbial-Genomics-Journey-Workshop-2023/Reads_session_3
# Date:            Wed Mar  8 16:58:10 2023
# [ok]
