#                                                                            --- full sequence --- -------------- this domain -------------   hmm coord   ali coord   env coord
# target name        accession   tlen query name           accession   qlen   E-value  score  bias   #  of  c-Evalue  i-Evalue  score  bias  from    to  from    to  from    to  acc description of target
#------------------- ---------- ----- -------------------- ---------- ----- --------- ------ ----- --- --- --------- --------- ------ ----- ----- ----- ----- ----- ----- ----- ---- ---------------------
1_2632               -            409 45194at186802        -            278   8.7e-87  288.4   7.8   1   2   5.5e-66   2.9e-63  211.3   2.3     1   195     2   234     2   244 0.85 # 2936489 # 2937715 # -1 # ID=1_2632;partial=00;start_type=ATG;rbs_motif=AGGAG/GGAGG;rbs_spacer=11-12bp;gc_cont=0.319
1_2632               -            409 45194at186802        -            278   8.7e-87  288.4   7.8   2   2   2.6e-25   1.4e-22   77.8   0.3   190   261   251   324   246   329 0.93 # 2936489 # 2937715 # -1 # ID=1_2632;partial=00;start_type=ATG;rbs_motif=AGGAG/GGAGG;rbs_spacer=11-12bp;gc_cont=0.319
1_21                 -            402 45194at186802        -            278   2.4e-09   34.4   0.1   1   4     0.037        20    1.9   0.0     2    26     6    30     4    44 0.87 # 28747 # 29952 # -1 # ID=1_21;partial=00;start_type=ATG;rbs_motif=AGGAGG;rbs_spacer=5-10bp;gc_cont=0.294
1_21                 -            402 45194at186802        -            278   2.4e-09   34.4   0.1   2   4    0.0013      0.69    6.6   0.0    63    98    85   120    56   149 0.79 # 28747 # 29952 # -1 # ID=1_21;partial=00;start_type=ATG;rbs_motif=AGGAGG;rbs_spacer=5-10bp;gc_cont=0.294
1_21                 -            402 45194at186802        -            278   2.4e-09   34.4   0.1   3   4    0.0028       1.5    5.6   0.0   159   180   229   250   225   279 0.75 # 28747 # 29952 # -1 # ID=1_21;partial=00;start_type=ATG;rbs_motif=AGGAGG;rbs_spacer=5-10bp;gc_cont=0.294
1_21                 -            402 45194at186802        -            278   2.4e-09   34.4   0.1   4   4   4.2e-06    0.0023   14.8   0.0   187   251   289   352   259   369 0.85 # 28747 # 29952 # -1 # ID=1_21;partial=00;start_type=ATG;rbs_motif=AGGAGG;rbs_spacer=5-10bp;gc_cont=0.294
1_1232               -            374 45194at186802        -            278   1.7e-07   28.4   0.1   1   2     0.034        18    2.0   0.0     3    41     9    47     7   124 0.52 # 1452144 # 1453265 # -1 # ID=1_1232;partial=00;start_type=ATG;rbs_motif=None;rbs_spacer=None;gc_cont=0.269
1_1232               -            374 45194at186802        -            278   1.7e-07   28.4   0.1   2   2   9.4e-09     5e-06   23.5   0.0   191   275   260   343   245   346 0.83 # 1452144 # 1453265 # -1 # ID=1_1232;partial=00;start_type=ATG;rbs_motif=None;rbs_spacer=None;gc_cont=0.269
1_3056               -            396 45194at186802        -            278   8.9e-06   22.7   0.1   1   2      0.18        95   -0.4   0.0    11    33    13    36     3   107 0.50 # 3479017 # 3480204 # -1 # ID=1_3056;partial=00;start_type=ATG;rbs_motif=AGGAGG;rbs_spacer=5-10bp;gc_cont=0.279
1_3056               -            396 45194at186802        -            278   8.9e-06   22.7   0.1   2   2   1.3e-07   6.9e-05   19.8   0.0   197   257   286   344   277   363 0.86 # 3479017 # 3480204 # -1 # ID=1_3056;partial=00;start_type=ATG;rbs_motif=AGGAGG;rbs_spacer=5-10bp;gc_cont=0.279
1_2708               -            366 45194at186802        -            278   6.3e-05   19.9   0.1   1   2     0.024        13    2.5   0.1    80   103    93   116    67   230 0.61 # 3039117 # 3040214 # -1 # ID=1_2708;partial=00;start_type=ATG;rbs_motif=AGGAGG;rbs_spacer=5-10bp;gc_cont=0.248
1_2708               -            366 45194at186802        -            278   6.3e-05   19.9   0.1   2   2   4.7e-06    0.0025   14.6   0.0   191   260   249   318   230   336 0.84 # 3039117 # 3040214 # -1 # ID=1_2708;partial=00;start_type=ATG;rbs_motif=AGGAGG;rbs_spacer=5-10bp;gc_cont=0.248
1_3050               -            460 45194at186802        -            278    0.0087   12.9   0.0   1   2   7.9e-05     0.042   10.6   0.0    47   128     9    93     4   100 0.83 # 3469937 # 3471316 # -1 # ID=1_3050;partial=00;start_type=ATG;rbs_motif=AGGAGG;rbs_spacer=5-10bp;gc_cont=0.343
1_3050               -            460 45194at186802        -            278    0.0087   12.9   0.0   2   2      0.24   1.3e+02   -0.8   0.0    21    77   223   278   220   294 0.73 # 3469937 # 3471316 # -1 # ID=1_3050;partial=00;start_type=ATG;rbs_motif=AGGAGG;rbs_spacer=5-10bp;gc_cont=0.343
1_2754               -            364 45194at186802        -            278     0.015   12.1   0.1   1   2   0.00089      0.48    7.2   0.0    36    91    25    84    21    97 0.80 # 3098658 # 3099749 # -1 # ID=1_2754;partial=00;start_type=ATG;rbs_motif=GGA/GAG/AGG;rbs_spacer=5-10bp;gc_cont=0.282
1_2754               -            364 45194at186802        -            278     0.015   12.1   0.1   2   2     0.022        12    2.6   0.0     1    33   211   243   182   260 0.72 # 3098658 # 3099749 # -1 # ID=1_2754;partial=00;start_type=ATG;rbs_motif=GGA/GAG/AGG;rbs_spacer=5-10bp;gc_cont=0.282
#
# Program:         hmmsearch
# Version:         3.1b2 (February 2015)
# Pipeline mode:   SEARCH
# Query file:      /home/johngn/Microbial-Genomics-Journey-Workshop-2023/Reads_session_3/busco_downloads/lineages/clostridiales_odb10/hmms/45194at186802.hmm
# Target file:     /home/johngn/Microbial-Genomics-Journey-Workshop-2023/Reads_session_3/busco_op3/prodigal_output/predicted_genes/predicted.faa
# Option settings: hmmsearch --domtblout /home/johngn/Microbial-Genomics-Journey-Workshop-2023/Reads_session_3/busco_op3/run_clostridiales_odb10/hmmer_output/45194at186802.out --cpu 1 /home/johngn/Microbial-Genomics-Journey-Workshop-2023/Reads_session_3/busco_downloads/lineages/clostridiales_odb10/hmms/45194at186802.hmm /home/johngn/Microbial-Genomics-Journey-Workshop-2023/Reads_session_3/busco_op3/prodigal_output/predicted_genes/predicted.faa 
# Current dir:     /home/johngn/Microbial-Genomics-Journey-Workshop-2023/Reads_session_3
# Date:            Wed Mar  8 16:58:10 2023
# [ok]
