#                                                                            --- full sequence --- -------------- this domain -------------   hmm coord   ali coord   env coord
# target name        accession   tlen query name           accession   qlen   E-value  score  bias   #  of  c-Evalue  i-Evalue  score  bias  from    to  from    to  from    to  acc description of target
#------------------- ---------- ----- -------------------- ---------- ----- --------- ------ ----- --- --- --------- --------- ------ ----- ----- ----- ----- ----- ----- ----- ---- ---------------------
1_3611               -            323 45973at186802        -            262    1e-114  379.7   1.8   1   2  5.1e-106  1.6e-103  343.1   0.1     1   220     1   239     1   249 0.90 # 4072653 # 4073621 # -1 # ID=1_3611;partial=00;start_type=ATG;rbs_motif=AGGAG;rbs_spacer=5-10bp;gc_cont=0.341
1_3611               -            323 45973at186802        -            262    1e-114  379.7   1.8   2   2   2.1e-12   6.6e-10   36.2   0.1   221   260   266   305   256   307 0.87 # 4072653 # 4073621 # -1 # ID=1_3611;partial=00;start_type=ATG;rbs_motif=AGGAG;rbs_spacer=5-10bp;gc_cont=0.341
1_1459               -            253 45973at186802        -            262   2.2e-10   37.8   0.1   1   2   4.5e-07   0.00014   18.7   0.0   159   230    58   128    18   152 0.75 # 1690449 # 1691207 # 1 # ID=1_1459;partial=00;start_type=ATG;rbs_motif=AGGAGG;rbs_spacer=5-10bp;gc_cont=0.316
1_1459               -            253 45973at186802        -            262   2.2e-10   37.8   0.1   2   2   7.4e-07   0.00023   18.0   0.1   119   205   141   226   129   231 0.85 # 1690449 # 1691207 # 1 # ID=1_1459;partial=00;start_type=ATG;rbs_motif=AGGAGG;rbs_spacer=5-10bp;gc_cont=0.316
1_1458               -            241 45973at186802        -            262   3.9e-08   30.4   4.4   1   2   7.6e-05     0.024   11.4   0.5   134   218    34   116    22   123 0.76 # 1689745 # 1690467 # 1 # ID=1_1458;partial=00;start_type=ATG;rbs_motif=GGAG/GAGG;rbs_spacer=5-10bp;gc_cont=0.302
1_1458               -            241 45973at186802        -            262   3.9e-08   30.4   4.4   2   2   1.5e-08   4.6e-06   23.6   0.6    94   210   102   224    94   235 0.78 # 1689745 # 1690467 # 1 # ID=1_1458;partial=00;start_type=ATG;rbs_motif=GGAG/GAGG;rbs_spacer=5-10bp;gc_cont=0.302
1_2691               -            641 45973at186802        -            262   5.9e-08   29.8   0.3   1   3      0.18        55    0.4   0.0   133   151   150   168   114   171 0.72 # 3011282 # 3013204 # -1 # ID=1_2691;partial=00;start_type=ATG;rbs_motif=AGGA;rbs_spacer=5-10bp;gc_cont=0.356
1_2691               -            641 45973at186802        -            262   5.9e-08   29.8   0.3   2   3   3.1e-09   9.8e-07   25.8   0.0   164   212   276   324   227   331 0.85 # 3011282 # 3013204 # -1 # ID=1_2691;partial=00;start_type=ATG;rbs_motif=AGGA;rbs_spacer=5-10bp;gc_cont=0.356
1_2691               -            641 45973at186802        -            262   5.9e-08   29.8   0.3   3   3       1.4   4.4e+02   -2.6   0.0   104   131   602   631   598   639 0.71 # 3011282 # 3013204 # -1 # ID=1_2691;partial=00;start_type=ATG;rbs_motif=AGGA;rbs_spacer=5-10bp;gc_cont=0.356
1_199                -            301 45973at186802        -            262   9.2e-07   25.9   5.7   1   1   5.2e-08   1.6e-05   21.8   5.7    75   218   120   277   108   297 0.75 # 254386 # 255288 # 1 # ID=1_199;partial=00;start_type=ATG;rbs_motif=AGGA/GGAG/GAGG;rbs_spacer=11-12bp;gc_cont=0.327
1_2037               -            362 45973at186802        -            262     2e-05   21.5   0.3   1   2    0.0072       2.2    5.0   0.0   114   148   138   170   102   174 0.78 # 2270958 # 2272043 # -1 # ID=1_2037;partial=00;start_type=ATG;rbs_motif=GGA/GAG/AGG;rbs_spacer=5-10bp;gc_cont=0.328
1_2037               -            362 45973at186802        -            262     2e-05   21.5   0.3   2   2   1.1e-05    0.0036   14.1   0.2   165   204   209   247   205   261 0.86 # 2270958 # 2272043 # -1 # ID=1_2037;partial=00;start_type=ATG;rbs_motif=GGA/GAG/AGG;rbs_spacer=5-10bp;gc_cont=0.328
1_1061               -            310 45973at186802        -            262    0.0016   15.3   1.2   1   2   3.7e-05     0.011   12.5   0.2   133   191   119   177   111   194 0.82 # 1272106 # 1273035 # 1 # ID=1_1061;partial=00;start_type=ATG;rbs_motif=AGGAG;rbs_spacer=5-10bp;gc_cont=0.357
1_1061               -            310 45973at186802        -            262    0.0016   15.3   1.2   2   2      0.12        37    1.0   0.0    93   117   277   301   274   305 0.86 # 1272106 # 1273035 # 1 # ID=1_1061;partial=00;start_type=ATG;rbs_motif=AGGAG;rbs_spacer=5-10bp;gc_cont=0.357
1_1149               -            339 45973at186802        -            262    0.0016   15.3   1.0   1   2      0.15        46    0.7   0.0   120   149   144   173   128   208 0.85 # 1359854 # 1360870 # 1 # ID=1_1149;partial=00;start_type=ATG;rbs_motif=GGxGG;rbs_spacer=5-10bp;gc_cont=0.333
1_1149               -            339 45973at186802        -            262    0.0016   15.3   1.0   2   2   3.7e-05     0.012   12.4   0.2   128   207   212   292   190   298 0.76 # 1359854 # 1360870 # 1 # ID=1_1149;partial=00;start_type=ATG;rbs_motif=GGxGG;rbs_spacer=5-10bp;gc_cont=0.333
1_2212               -            224 45973at186802        -            262    0.0044   13.8   0.0   1   1   3.1e-05    0.0096   12.7   0.0   139   205   136   203   105   219 0.72 # 2467625 # 2468296 # -1 # ID=1_2212;partial=00;start_type=ATG;rbs_motif=AGGA/GGAG/GAGG;rbs_spacer=11-12bp;gc_cont=0.315
1_2810               -            365 45973at186802        -            262    0.0052   13.6   0.1   1   2       0.2        64    0.2   0.1   135   151   148   164   112   174 0.75 # 3176185 # 3177279 # -1 # ID=1_2810;partial=00;start_type=ATG;rbs_motif=GGAGG;rbs_spacer=5-10bp;gc_cont=0.299
1_2810               -            365 45973at186802        -            262    0.0052   13.6   0.1   2   2   0.00022      0.07    9.9   0.0   168   211   281   324   271   335 0.90 # 3176185 # 3177279 # -1 # ID=1_2810;partial=00;start_type=ATG;rbs_motif=GGAGG;rbs_spacer=5-10bp;gc_cont=0.299
1_3499               -            284 45973at186802        -            262    0.0075   13.1   0.0   1   1     5e-05     0.015   12.0   0.0   130   184   154   210   149   233 0.81 # 3957435 # 3958286 # -1 # ID=1_3499;partial=00;start_type=GTG;rbs_motif=GGAGG;rbs_spacer=5-10bp;gc_cont=0.332
1_3127               -            370 45973at186802        -            262     0.008   13.0   3.3   1   3      0.25        79   -0.1   0.1   118   146   148   173   127   179 0.56 # 3572114 # 3573223 # -1 # ID=1_3127;partial=00;start_type=ATG;rbs_motif=GGAG/GAGG;rbs_spacer=5-10bp;gc_cont=0.365
1_3127               -            370 45973at186802        -            262     0.008   13.0   3.3   2   3       2.1   6.7e+02   -3.2   0.0    75    86   183   194   169   195 0.83 # 3572114 # 3573223 # -1 # ID=1_3127;partial=00;start_type=ATG;rbs_motif=GGAG/GAGG;rbs_spacer=5-10bp;gc_cont=0.365
1_3127               -            370 45973at186802        -            262     0.008   13.0   3.3   3   3   3.3e-05      0.01   12.6   0.1   166   218   216   268   212   296 0.79 # 3572114 # 3573223 # -1 # ID=1_3127;partial=00;start_type=ATG;rbs_motif=GGAG/GAGG;rbs_spacer=5-10bp;gc_cont=0.365
#
# Program:         hmmsearch
# Version:         3.1b2 (February 2015)
# Pipeline mode:   SEARCH
# Query file:      /home/johngn/Microbial-Genomics-Journey-Workshop-2023/Reads_session_3/busco_downloads/lineages/clostridiales_odb10/hmms/45973at186802.hmm
# Target file:     /home/johngn/Microbial-Genomics-Journey-Workshop-2023/Reads_session_3/busco_op3/prodigal_output/predicted_genes/predicted.faa
# Option settings: hmmsearch --domtblout /home/johngn/Microbial-Genomics-Journey-Workshop-2023/Reads_session_3/busco_op3/run_clostridiales_odb10/hmmer_output/45973at186802.out --cpu 1 /home/johngn/Microbial-Genomics-Journey-Workshop-2023/Reads_session_3/busco_downloads/lineages/clostridiales_odb10/hmms/45973at186802.hmm /home/johngn/Microbial-Genomics-Journey-Workshop-2023/Reads_session_3/busco_op3/prodigal_output/predicted_genes/predicted.faa 
# Current dir:     /home/johngn/Microbial-Genomics-Journey-Workshop-2023/Reads_session_3
# Date:            Wed Mar  1 18:12:46 2023
# [ok]
