#                                                                            --- full sequence --- -------------- this domain -------------   hmm coord   ali coord   env coord
# target name        accession   tlen query name           accession   qlen   E-value  score  bias   #  of  c-Evalue  i-Evalue  score  bias  from    to  from    to  from    to  acc description of target
#------------------- ---------- ----- -------------------- ---------- ----- --------- ------ ----- --- --- --------- --------- ------ ----- ----- ----- ----- ----- ----- ----- ---- ---------------------
1_2414               -            298 46317at186802        -            241   1.8e-96  319.8   9.4   1   2   6.1e-47     1e-44  150.3   2.1     1   108     3   125     3   130 0.89 # 2690167 # 2691060 # -1 # ID=1_2414;partial=00;start_type=ATG;rbs_motif=AGGAG;rbs_spacer=5-10bp;gc_cont=0.281
1_2414               -            298 46317at186802        -            241   1.8e-96  319.8   9.4   2   2   2.9e-54     5e-52  174.3   0.9   107   241   145   294   128   294 0.87 # 2690167 # 2691060 # -1 # ID=1_2414;partial=00;start_type=ATG;rbs_motif=AGGAG;rbs_spacer=5-10bp;gc_cont=0.281
1_2613               -            442 46317at186802        -            241   5.7e-32  108.6   6.1   1   2   8.9e-21   1.5e-18   64.7   0.3     4   107     7   126     5   130 0.80 # 2919230 # 2920555 # -1 # ID=1_2613;partial=00;start_type=ATG;rbs_motif=AGGAG;rbs_spacer=5-10bp;gc_cont=0.311
1_2613               -            442 46317at186802        -            241   5.7e-32  108.6   6.1   2   2   3.3e-15   5.6e-13   46.4   1.1     5   125   181   319   178   349 0.71 # 2919230 # 2920555 # -1 # ID=1_2613;partial=00;start_type=ATG;rbs_motif=AGGAG;rbs_spacer=5-10bp;gc_cont=0.311
1_3738               -            460 46317at186802        -            241   2.2e-18   64.1   4.0   1   1   4.8e-20   8.2e-18   62.3   3.9     6   107   225   339   220   381 0.86 # 4203745 # 4205124 # -1 # ID=1_3738;partial=00;start_type=TTG;rbs_motif=GGAG/GAGG;rbs_spacer=5-10bp;gc_cont=0.290
1_2120               -            403 46317at186802        -            241   8.9e-12   42.5   2.9   1   2   6.6e-14   1.1e-11   42.2   1.0     4   109    13   133    11   173 0.80 # 2367075 # 2368283 # 1 # ID=1_2120;partial=00;start_type=ATG;rbs_motif=AGxAGG/AGGxGG;rbs_spacer=5-10bp;gc_cont=0.303
1_2120               -            403 46317at186802        -            241   8.9e-12   42.5   2.9   2   2      0.89   1.5e+02   -0.8   0.1    82    82   198   198   141   257 0.51 # 2367075 # 2368283 # 1 # ID=1_2120;partial=00;start_type=ATG;rbs_motif=AGxAGG/AGGxGG;rbs_spacer=5-10bp;gc_cont=0.303
1_1144               -            299 46317at186802        -            241   2.9e-10   37.5   1.9   1   2     0.015       2.5    5.0   0.5    60   114    24    76    19   127 0.70 # 1351216 # 1352112 # 1 # ID=1_1144;partial=00;start_type=GTG;rbs_motif=AGGAG;rbs_spacer=5-10bp;gc_cont=0.315
1_1144               -            299 46317at186802        -            241   2.9e-10   37.5   1.9   2   2   9.8e-11   1.7e-08   31.8   0.0     5    63   136   197   132   229 0.81 # 1351216 # 1352112 # 1 # ID=1_1144;partial=00;start_type=GTG;rbs_motif=AGGAG;rbs_spacer=5-10bp;gc_cont=0.315
1_3338               -            204 46317at186802        -            241   1.5e-08   31.9   0.0   1   1   2.5e-10   4.2e-08   30.5   0.0     5   108    26   147    24   192 0.73 # 3772449 # 3773060 # -1 # ID=1_3338;partial=00;start_type=ATG;rbs_motif=GGA/GAG/AGG;rbs_spacer=11-12bp;gc_cont=0.314
1_3312               -            649 46317at186802        -            241   4.3e-06   23.9   0.9   1   1   4.2e-08   7.2e-06   23.2   0.9     5   107     4   115     2   152 0.79 # 3740756 # 3742702 # 1 # ID=1_3312;partial=00;start_type=GTG;rbs_motif=AGGAGG;rbs_spacer=5-10bp;gc_cont=0.312
1_766                -            428 46317at186802        -            241   1.3e-05   22.3   2.0   1   1   1.6e-06   0.00028   17.9   2.0     4   113   203   339   200   363 0.62 # 939677 # 940960 # 1 # ID=1_766;partial=00;start_type=GTG;rbs_motif=GGAG/GAGG;rbs_spacer=5-10bp;gc_cont=0.305
1_1197               -            647 46317at186802        -            241   5.3e-05   20.3   1.7   1   2       2.9     5e+02   -2.5   0.1    77   104    72    99    17   120 0.65 # 1409464 # 1411404 # 1 # ID=1_1197;partial=00;start_type=GTG;rbs_motif=AGxAGG/AGGxGG;rbs_spacer=5-10bp;gc_cont=0.337
1_1197               -            647 46317at186802        -            241   5.3e-05   20.3   1.7   2   2   4.9e-07   8.3e-05   19.7   0.2     4   107   150   259   147   274 0.71 # 1409464 # 1411404 # 1 # ID=1_1197;partial=00;start_type=GTG;rbs_motif=AGxAGG/AGGxGG;rbs_spacer=5-10bp;gc_cont=0.337
1_3394               -            356 46317at186802        -            241   0.00029   17.9   0.0   1   1   3.3e-06   0.00056   17.0   0.0     4    56   201   263   198   282 0.80 # 3828421 # 3829488 # -1 # ID=1_3394;partial=00;start_type=ATG;rbs_motif=AGGAGG;rbs_spacer=5-10bp;gc_cont=0.350
1_2643               -            366 46317at186802        -            241    0.0004   17.4   0.1   1   2   4.6e-05    0.0078   13.2   0.0     6    24     4    22     2    31 0.90 # 2950643 # 2951740 # 1 # ID=1_2643;partial=00;start_type=ATG;rbs_motif=GGAG/GAGG;rbs_spacer=5-10bp;gc_cont=0.312
1_2643               -            366 46317at186802        -            241    0.0004   17.4   0.1   2   2      0.17        29    1.5   0.0    43    89    63   111    51   153 0.79 # 2950643 # 2951740 # 1 # ID=1_2643;partial=00;start_type=ATG;rbs_motif=GGAG/GAGG;rbs_spacer=5-10bp;gc_cont=0.312
1_1044               -            426 46317at186802        -            241   0.00046   17.2   0.1   1   1   1.4e-05    0.0023   14.9   0.1     5    84   161   248   158   323 0.75 # 1253945 # 1255222 # 1 # ID=1_1044;partial=00;start_type=TTG;rbs_motif=AGxAGG/AGGxGG;rbs_spacer=5-10bp;gc_cont=0.347
1_1421               -            707 46317at186802        -            241   0.00057   16.9   0.0   1   1   5.9e-06     0.001   16.1   0.0     4   108    27   143    24   156 0.71 # 1648530 # 1650650 # -1 # ID=1_1421;partial=00;start_type=ATG;rbs_motif=AGGAGG;rbs_spacer=5-10bp;gc_cont=0.308
1_2178               -            424 46317at186802        -            241    0.0053   13.8   2.8   1   1   0.00023     0.038   11.0   2.8     5    24   198   217   194   376 0.56 # 2433406 # 2434677 # -1 # ID=1_2178;partial=00;start_type=ATG;rbs_motif=AGGAG;rbs_spacer=5-10bp;gc_cont=0.281
1_1838               -            222 46317at186802        -            241    0.0057   13.7   0.8   1   2   8.8e-05     0.015   12.3   0.1     2    23    33    54    32    76 0.90 # 2095225 # 2095890 # 1 # ID=1_1838;partial=00;start_type=ATG;rbs_motif=AGGAGG;rbs_spacer=5-10bp;gc_cont=0.296
1_1838               -            222 46317at186802        -            241    0.0057   13.7   0.8   2   2      0.59     1e+02   -0.2   0.0    95   149    93   153    83   207 0.64 # 2095225 # 2095890 # 1 # ID=1_1838;partial=00;start_type=ATG;rbs_motif=AGGAGG;rbs_spacer=5-10bp;gc_cont=0.296
1_3085               -            221 46317at186802        -            241    0.0071   13.4   0.2   1   2    0.0063       1.1    6.2   0.0     4    24    35    55    33    59 0.89 # 3516405 # 3517067 # -1 # ID=1_3085;partial=00;start_type=ATG;rbs_motif=GGAGG;rbs_spacer=5-10bp;gc_cont=0.279
1_3085               -            221 46317at186802        -            241    0.0071   13.4   0.2   2   2     0.016       2.7    4.9   0.1    94   155    92   159    84   209 0.74 # 3516405 # 3517067 # -1 # ID=1_3085;partial=00;start_type=ATG;rbs_motif=GGAGG;rbs_spacer=5-10bp;gc_cont=0.279
1_175                -            228 46317at186802        -            241    0.0084   13.1   0.1   1   1    0.0001     0.017   12.1   0.1     2    23    33    54    32    63 0.89 # 224196 # 224879 # 1 # ID=1_175;partial=00;start_type=ATG;rbs_motif=AGGAG;rbs_spacer=5-10bp;gc_cont=0.310
1_1436               -            256 46317at186802        -            241    0.0091   13.0   0.5   1   2   0.00042     0.071   10.1   0.1     2    23    34    55    33    80 0.87 # 1665636 # 1666403 # 1 # ID=1_1436;partial=00;start_type=ATG;rbs_motif=GGA/GAG/AGG;rbs_spacer=11-12bp;gc_cont=0.290
1_1436               -            256 46317at186802        -            241    0.0091   13.0   0.5   2   2      0.22        38    1.2   0.0   111   194   117   200    92   207 0.75 # 1665636 # 1666403 # 1 # ID=1_1436;partial=00;start_type=ATG;rbs_motif=GGA/GAG/AGG;rbs_spacer=11-12bp;gc_cont=0.290
1_852                -            252 46317at186802        -            241     0.011   12.8   0.5   1   2   0.00012      0.02   11.9   0.1     3    24    33    54    31    63 0.90 # 1028574 # 1029329 # -1 # ID=1_852;partial=00;start_type=ATG;rbs_motif=GGAG/GAGG;rbs_spacer=5-10bp;gc_cont=0.291
1_852                -            252 46317at186802        -            241     0.011   12.8   0.5   2   2       4.5   7.7e+02   -3.1   0.0   146   158   188   200   176   214 0.64 # 1028574 # 1029329 # -1 # ID=1_852;partial=00;start_type=ATG;rbs_motif=GGAG/GAGG;rbs_spacer=5-10bp;gc_cont=0.291
1_2512               -            228 46317at186802        -            241     0.011   12.7   0.1   1   1   0.00014     0.024   11.6   0.1     3    27    34    58    32    74 0.85 # 2803379 # 2804062 # -1 # ID=1_2512;partial=00;start_type=ATG;rbs_motif=GGAG/GAGG;rbs_spacer=5-10bp;gc_cont=0.319
1_855                -            252 46317at186802        -            241     0.012   12.6   1.4   1   3   7.9e-05     0.013   12.4   0.1     3    24    33    54    31    88 0.87 # 1032162 # 1032917 # -1 # ID=1_855;partial=00;start_type=ATG;rbs_motif=GGAG/GAGG;rbs_spacer=5-10bp;gc_cont=0.295
1_855                -            252 46317at186802        -            241     0.012   12.6   1.4   2   3       5.8   9.9e+02   -3.5   0.0   201   229   115   144   110   148 0.64 # 1032162 # 1032917 # -1 # ID=1_855;partial=00;start_type=ATG;rbs_motif=GGAG/GAGG;rbs_spacer=5-10bp;gc_cont=0.295
1_855                -            252 46317at186802        -            241     0.012   12.6   1.4   3   3       2.7   4.5e+02   -2.4   0.0   148   158   190   200   160   243 0.70 # 1032162 # 1032917 # -1 # ID=1_855;partial=00;start_type=ATG;rbs_motif=GGAG/GAGG;rbs_spacer=5-10bp;gc_cont=0.295
1_1832               -            229 46317at186802        -            241     0.017   12.1   0.5   1   2   0.00077      0.13    9.2   0.1     3    22    34    53    32    58 0.88 # 2089608 # 2090294 # -1 # ID=1_1832;partial=00;start_type=ATG;rbs_motif=AGGAG;rbs_spacer=5-10bp;gc_cont=0.320
1_1832               -            229 46317at186802        -            241     0.017   12.1   0.5   2   2      0.34        57    0.6   0.0    94   155    92   160    70   180 0.63 # 2089608 # 2090294 # -1 # ID=1_1832;partial=00;start_type=ATG;rbs_motif=AGGAG;rbs_spacer=5-10bp;gc_cont=0.320
#
# Program:         hmmsearch
# Version:         3.1b2 (February 2015)
# Pipeline mode:   SEARCH
# Query file:      /home/johngn/Microbial-Genomics-Journey-Workshop-2023/Reads_session_3/busco_downloads/lineages/clostridiales_odb10/hmms/46317at186802.hmm
# Target file:     /home/johngn/Microbial-Genomics-Journey-Workshop-2023/Reads_session_3/busco_op3/prodigal_output/predicted_genes/predicted.faa
# Option settings: hmmsearch --domtblout /home/johngn/Microbial-Genomics-Journey-Workshop-2023/Reads_session_3/busco_op3/run_clostridiales_odb10/hmmer_output/46317at186802.out --cpu 1 /home/johngn/Microbial-Genomics-Journey-Workshop-2023/Reads_session_3/busco_downloads/lineages/clostridiales_odb10/hmms/46317at186802.hmm /home/johngn/Microbial-Genomics-Journey-Workshop-2023/Reads_session_3/busco_op3/prodigal_output/predicted_genes/predicted.faa 
# Current dir:     /home/johngn/Microbial-Genomics-Journey-Workshop-2023/Reads_session_3
# Date:            Wed Mar  1 18:12:47 2023
# [ok]
