#                                                                            --- full sequence --- -------------- this domain -------------   hmm coord   ali coord   env coord
# target name        accession   tlen query name           accession   qlen   E-value  score  bias   #  of  c-Evalue  i-Evalue  score  bias  from    to  from    to  from    to  acc description of target
#------------------- ---------- ----- -------------------- ---------- ----- --------- ------ ----- --- --- --------- --------- ------ ----- ----- ----- ----- ----- ----- ----- ---- ---------------------
1_2079               -            608 4896at186802         -            512  1.3e-214  711.1   5.4   1   1  4.7e-217  2.2e-214  710.3   5.4     2   512     5   593     4   593 0.90 # 2322496 # 2324319 # 1 # ID=1_2079;partial=00;start_type=ATG;rbs_motif=GGAG/GAGG;rbs_spacer=5-10bp;gc_cont=0.327
1_2445               -            602 4896at186802         -            512     1e-46  157.1   0.4   1   2   1.5e-48   6.8e-46  154.4   0.1     3   353     7   385     5   394 0.78 # 2723398 # 2725203 # -1 # ID=1_2445;partial=00;start_type=GTG;rbs_motif=AGGAGG;rbs_spacer=5-10bp;gc_cont=0.335
1_2445               -            602 4896at186802         -            512     1e-46  157.1   0.4   2   2     0.055        26    0.8   0.0   341   382   407   448   395   489 0.75 # 2723398 # 2725203 # -1 # ID=1_2445;partial=00;start_type=GTG;rbs_motif=AGGAGG;rbs_spacer=5-10bp;gc_cont=0.335
1_76                 -            689 4896at186802         -            512   4.1e-40  135.4   0.6   1   3   8.1e-30   3.8e-27   92.6   0.0     3   138     9   150     7   160 0.88 # 105787 # 107853 # 1 # ID=1_76;partial=00;start_type=ATG;rbs_motif=AGGAGG;rbs_spacer=5-10bp;gc_cont=0.364
1_76                 -            689 4896at186802         -            512   4.1e-40  135.4   0.6   2   3     6e-13   2.8e-10   36.9   0.0   187   350   313   486   304   536 0.77 # 105787 # 107853 # 1 # ID=1_76;partial=00;start_type=ATG;rbs_motif=AGGAGG;rbs_spacer=5-10bp;gc_cont=0.364
1_76                 -            689 4896at186802         -            512   4.1e-40  135.4   0.6   3   3     0.016       7.7    2.5   0.0   348   398   609   668   597   685 0.68 # 105787 # 107853 # 1 # ID=1_76;partial=00;start_type=ATG;rbs_motif=AGGAGG;rbs_spacer=5-10bp;gc_cont=0.364
1_25                 -            643 4896at186802         -            512   4.4e-23   79.2   5.4   1   3   1.3e-15   5.9e-13   45.8   0.3     3   141     8   137     6   187 0.78 # 43647 # 45575 # 1 # ID=1_25;partial=00;start_type=ATG;rbs_motif=AGxAGG/AGGxGG;rbs_spacer=5-10bp;gc_cont=0.306
1_25                 -            643 4896at186802         -            512   4.4e-23   79.2   5.4   2   3   5.4e-12   2.5e-09   33.8   0.3   183   335   261   423   238   443 0.75 # 43647 # 45575 # 1 # ID=1_25;partial=00;start_type=ATG;rbs_motif=AGxAGG/AGGxGG;rbs_spacer=5-10bp;gc_cont=0.306
1_25                 -            643 4896at186802         -            512   4.4e-23   79.2   5.4   3   3     0.082        38    0.2   0.0   343   366   554   578   546   627 0.85 # 43647 # 45575 # 1 # ID=1_25;partial=00;start_type=ATG;rbs_motif=AGxAGG/AGGxGG;rbs_spacer=5-10bp;gc_cont=0.306
1_63                 -            398 4896at186802         -            512   8.3e-23   78.3   0.0   1   1   2.8e-25   1.3e-22   77.6   0.0     5   214    13   246     9   258 0.76 # 90753 # 91946 # 1 # ID=1_63;partial=00;start_type=ATG;rbs_motif=GGAGG;rbs_spacer=5-10bp;gc_cont=0.370
1_77                 -            398 4896at186802         -            512   8.3e-23   78.3   0.0   1   1   2.8e-25   1.3e-22   77.6   0.0     5   214    13   246     9   258 0.76 # 107946 # 109139 # 1 # ID=1_77;partial=00;start_type=ATG;rbs_motif=GGAGG;rbs_spacer=5-10bp;gc_cont=0.371
1_1197               -            647 4896at186802         -            512   1.9e-16   57.3   3.7   1   1   8.5e-18     4e-15   52.9   3.7     7   179   151   311   149   407 0.76 # 1409464 # 1411404 # 1 # ID=1_1197;partial=00;start_type=GTG;rbs_motif=AGxAGG/AGGxGG;rbs_spacer=5-10bp;gc_cont=0.337
1_2471               -            628 4896at186802         -            512   1.2e-08   31.5   6.9   1   1   8.9e-11   4.2e-08   29.8   6.9     9   141     8   134     1   280 0.72 # 2752794 # 2754677 # -1 # ID=1_2471;partial=00;start_type=ATG;rbs_motif=AGxAGG/AGGxGG;rbs_spacer=5-10bp;gc_cont=0.284
#
# Program:         hmmsearch
# Version:         3.1b2 (February 2015)
# Pipeline mode:   SEARCH
# Query file:      /home/johngn/Microbial-Genomics-Journey-Workshop-2023/Reads_session_3/busco_downloads/lineages/clostridiales_odb10/hmms/4896at186802.hmm
# Target file:     /home/johngn/Microbial-Genomics-Journey-Workshop-2023/Reads_session_3/busco_op3/prodigal_output/predicted_genes/predicted.faa
# Option settings: hmmsearch --domtblout /home/johngn/Microbial-Genomics-Journey-Workshop-2023/Reads_session_3/busco_op3/run_clostridiales_odb10/hmmer_output/4896at186802.out --cpu 1 /home/johngn/Microbial-Genomics-Journey-Workshop-2023/Reads_session_3/busco_downloads/lineages/clostridiales_odb10/hmms/4896at186802.hmm /home/johngn/Microbial-Genomics-Journey-Workshop-2023/Reads_session_3/busco_op3/prodigal_output/predicted_genes/predicted.faa 
# Current dir:     /home/johngn/Microbial-Genomics-Journey-Workshop-2023/Reads_session_3
# Date:            Wed Mar  8 16:58:11 2023
# [ok]
