#                                                                            --- full sequence --- -------------- this domain -------------   hmm coord   ali coord   env coord
# target name        accession   tlen query name           accession   qlen   E-value  score  bias   #  of  c-Evalue  i-Evalue  score  bias  from    to  from    to  from    to  acc description of target
#------------------- ---------- ----- -------------------- ---------- ----- --------- ------ ----- --- --- --------- --------- ------ ----- ----- ----- ----- ----- ----- ----- ---- ---------------------
1_2643               -            366 48972at186802        -            269    1e-119  396.4   4.2   1   3   7.9e-60   7.3e-57  190.4   0.0     1   125     6   145     6   153 0.91 # 2950643 # 2951740 # 1 # ID=1_2643;partial=00;start_type=ATG;rbs_motif=GGAG/GAGG;rbs_spacer=5-10bp;gc_cont=0.312
1_2643               -            366 48972at186802        -            269    1e-119  396.4   4.2   2   3   7.2e-06    0.0068   13.4   0.0   128   152   189   214   160   228 0.79 # 2950643 # 2951740 # 1 # ID=1_2643;partial=00;start_type=ATG;rbs_motif=GGAG/GAGG;rbs_spacer=5-10bp;gc_cont=0.312
1_2643               -            366 48972at186802        -            269    1e-119  396.4   4.2   3   3   1.3e-60   1.2e-57  192.9   0.6   146   269   233   365   221   365 0.92 # 2950643 # 2951740 # 1 # ID=1_2643;partial=00;start_type=ATG;rbs_motif=GGAG/GAGG;rbs_spacer=5-10bp;gc_cont=0.312
1_1044               -            426 48972at186802        -            269   1.3e-06   25.6   0.2   1   2   1.4e-09   1.3e-06   25.6   0.2     2   113   165   268   164   286 0.75 # 1253945 # 1255222 # 1 # ID=1_1044;partial=00;start_type=TTG;rbs_motif=AGxAGG/AGGxGG;rbs_spacer=5-10bp;gc_cont=0.347
1_1044               -            426 48972at186802        -            269   1.3e-06   25.6   0.2   2   2      0.42   3.9e+02   -2.2   0.3    91   110   323   342   313   416 0.53 # 1253945 # 1255222 # 1 # ID=1_1044;partial=00;start_type=TTG;rbs_motif=AGxAGG/AGGxGG;rbs_spacer=5-10bp;gc_cont=0.347
1_2414               -            298 48972at186802        -            269   3.1e-05   21.1   0.5   1   1   5.4e-08     5e-05   20.4   0.5     1   112    10   117    10   141 0.72 # 2690167 # 2691060 # -1 # ID=1_2414;partial=00;start_type=ATG;rbs_motif=AGGAG;rbs_spacer=5-10bp;gc_cont=0.281
1_2613               -            442 48972at186802        -            269    0.0099   12.9   1.6   1   3    0.0002      0.19    8.7   0.0     1    19    11    29    11    48 0.81 # 2919230 # 2920555 # -1 # ID=1_2613;partial=00;start_type=ATG;rbs_motif=AGGAG;rbs_spacer=5-10bp;gc_cont=0.311
1_2613               -            442 48972at186802        -            269    0.0099   12.9   1.6   2   3     0.084        79    0.1   0.1   121   146   101   126    66   131 0.75 # 2919230 # 2920555 # -1 # ID=1_2613;partial=00;start_type=ATG;rbs_motif=AGGAG;rbs_spacer=5-10bp;gc_cont=0.311
1_2613               -            442 48972at186802        -            269    0.0099   12.9   1.6   3   3     0.031        29    1.5   0.0     2    60   185   239   184   339 0.74 # 2919230 # 2920555 # -1 # ID=1_2613;partial=00;start_type=ATG;rbs_motif=AGGAG;rbs_spacer=5-10bp;gc_cont=0.311
#
# Program:         hmmsearch
# Version:         3.1b2 (February 2015)
# Pipeline mode:   SEARCH
# Query file:      /home/johngn/Microbial-Genomics-Journey-Workshop-2023/Reads_session_3/busco_downloads/lineages/clostridiales_odb10/hmms/48972at186802.hmm
# Target file:     /home/johngn/Microbial-Genomics-Journey-Workshop-2023/Reads_session_3/busco_op3/prodigal_output/predicted_genes/predicted.faa
# Option settings: hmmsearch --domtblout /home/johngn/Microbial-Genomics-Journey-Workshop-2023/Reads_session_3/busco_op3/run_clostridiales_odb10/hmmer_output/48972at186802.out --cpu 1 /home/johngn/Microbial-Genomics-Journey-Workshop-2023/Reads_session_3/busco_downloads/lineages/clostridiales_odb10/hmms/48972at186802.hmm /home/johngn/Microbial-Genomics-Journey-Workshop-2023/Reads_session_3/busco_op3/prodigal_output/predicted_genes/predicted.faa 
# Current dir:     /home/johngn/Microbial-Genomics-Journey-Workshop-2023/Reads_session_3
# Date:            Wed Mar  8 16:58:11 2023
# [ok]
