#                                                                            --- full sequence --- -------------- this domain -------------   hmm coord   ali coord   env coord
# target name        accession   tlen query name           accession   qlen   E-value  score  bias   #  of  c-Evalue  i-Evalue  score  bias  from    to  from    to  from    to  acc description of target
#------------------- ---------- ----- -------------------- ---------- ----- --------- ------ ----- --- --- --------- --------- ------ ----- ----- ----- ----- ----- ----- ----- ---- ---------------------
1_4                  -            372 49358at186802        -            278   2.7e-86  286.9  17.4   1   2   7.7e-57   5.8e-54  180.8  10.9     1   187     1   221     1   240 0.85 # 3029 # 4144 # 1 # ID=1_4;partial=00;start_type=GTG;rbs_motif=AGGAG;rbs_spacer=5-10bp;gc_cont=0.256
1_4                  -            372 49358at186802        -            278   2.7e-86  286.9  17.4   2   2   1.1e-33   8.2e-31  104.9   0.9   191   273   255   343   219   349 0.85 # 3029 # 4144 # 1 # ID=1_4;partial=00;start_type=GTG;rbs_motif=AGGAG;rbs_spacer=5-10bp;gc_cont=0.256
1_1695               -            224 49358at186802        -            278   7.6e-05   19.7   0.2   1   1   1.3e-07    0.0001   19.3   0.2     8   101    11   102     2   152 0.79 # 1943781 # 1944452 # 1 # ID=1_1695;partial=00;start_type=ATG;rbs_motif=AGGAGG;rbs_spacer=5-10bp;gc_cont=0.290
1_3589               -            289 49358at186802        -            278    0.0011   15.9   1.9   1   2     0.045        34    1.2   0.1    27    66    69   113    55   126 0.74 # 4047233 # 4048099 # -1 # ID=1_3589;partial=00;start_type=ATG;rbs_motif=AGGAGG;rbs_spacer=5-10bp;gc_cont=0.308
1_3589               -            289 49358at186802        -            278    0.0011   15.9   1.9   2   2   7.4e-06    0.0056   13.6   0.3   227   262   192   227   189   244 0.89 # 4047233 # 4048099 # -1 # ID=1_3589;partial=00;start_type=ATG;rbs_motif=AGGAGG;rbs_spacer=5-10bp;gc_cont=0.308
1_2072               -            255 49358at186802        -            278    0.0013   15.6   0.1   1   1   4.6e-06    0.0034   14.3   0.1    49   109    84   144    78   147 0.93 # 2315147 # 2315911 # 1 # ID=1_2072;partial=00;start_type=ATG;rbs_motif=GGAG/GAGG;rbs_spacer=5-10bp;gc_cont=0.264
1_2286               -            232 49358at186802        -            278      0.04   10.8   3.6   1   3    0.0017       1.3    5.9   0.2     5    44     8    47     2    67 0.76 # 2550179 # 2550874 # 1 # ID=1_2286;partial=00;start_type=ATG;rbs_motif=3Base/5BMM;rbs_spacer=13-15bp;gc_cont=0.256
1_2286               -            232 49358at186802        -            278      0.04   10.8   3.6   2   3       1.5   1.1e+03   -3.8   0.1   117   139   104   126    98   130 0.65 # 2550179 # 2550874 # 1 # ID=1_2286;partial=00;start_type=ATG;rbs_motif=3Base/5BMM;rbs_spacer=13-15bp;gc_cont=0.256
1_2286               -            232 49358at186802        -            278      0.04   10.8   3.6   3   3    0.0016       1.2    6.0   0.0   230   261   142   173   137   186 0.83 # 2550179 # 2550874 # 1 # ID=1_2286;partial=00;start_type=ATG;rbs_motif=3Base/5BMM;rbs_spacer=13-15bp;gc_cont=0.256
#
# Program:         hmmsearch
# Version:         3.1b2 (February 2015)
# Pipeline mode:   SEARCH
# Query file:      /home/johngn/Microbial-Genomics-Journey-Workshop-2023/Reads_session_3/busco_downloads/lineages/clostridiales_odb10/hmms/49358at186802.hmm
# Target file:     /home/johngn/Microbial-Genomics-Journey-Workshop-2023/Reads_session_3/busco_op3/prodigal_output/predicted_genes/predicted.faa
# Option settings: hmmsearch --domtblout /home/johngn/Microbial-Genomics-Journey-Workshop-2023/Reads_session_3/busco_op3/run_clostridiales_odb10/hmmer_output/49358at186802.out --cpu 1 /home/johngn/Microbial-Genomics-Journey-Workshop-2023/Reads_session_3/busco_downloads/lineages/clostridiales_odb10/hmms/49358at186802.hmm /home/johngn/Microbial-Genomics-Journey-Workshop-2023/Reads_session_3/busco_op3/prodigal_output/predicted_genes/predicted.faa 
# Current dir:     /home/johngn/Microbial-Genomics-Journey-Workshop-2023/Reads_session_3
# Date:            Wed Mar  1 18:12:47 2023
# [ok]
