#                                                                            --- full sequence --- -------------- this domain -------------   hmm coord   ali coord   env coord
# target name        accession   tlen query name           accession   qlen   E-value  score  bias   #  of  c-Evalue  i-Evalue  score  bias  from    to  from    to  from    to  acc description of target
#------------------- ---------- ----- -------------------- ---------- ----- --------- ------ ----- --- --- --------- --------- ------ ----- ----- ----- ----- ----- ----- ----- ---- ---------------------
1_154                -            892 4949at186802         -            703         0 1074.3  40.3   1   3  1.5e-287  1.2e-284  943.9  21.9     1   588     1   694     1   714 0.93 # 196342 # 199017 # 1 # ID=1_154;partial=00;start_type=ATG;rbs_motif=AGGAG/GGAGG;rbs_spacer=11-12bp;gc_cont=0.320
1_154                -            892 4949at186802         -            703         0 1074.3  40.3   2   3   7.5e-36   5.6e-33  111.9   1.0   591   682   749   844   731   857 0.84 # 196342 # 199017 # 1 # ID=1_154;partial=00;start_type=ATG;rbs_motif=AGGAG/GGAGG;rbs_spacer=11-12bp;gc_cont=0.320
1_154                -            892 4949at186802         -            703         0 1074.3  40.3   3   3   5.6e-11   4.2e-08   29.7   2.7   675   703   863   891   858   891 0.91 # 196342 # 199017 # 1 # ID=1_154;partial=00;start_type=ATG;rbs_motif=AGGAG/GGAGG;rbs_spacer=11-12bp;gc_cont=0.320
1_2776               -            782 4949at186802         -            703  7.9e-293  970.9  36.8   1   2    3e-271  2.2e-268  890.1  28.2     1   587     1   639     1   653 0.91 # 3127675 # 3130020 # -1 # ID=1_2776;partial=00;start_type=ATG;rbs_motif=AGGAGG;rbs_spacer=5-10bp;gc_cont=0.306
1_2776               -            782 4949at186802         -            703  7.9e-293  970.9  36.8   2   2   4.5e-28   3.4e-25   86.2   1.4   581   672   684   780   672   781 0.83 # 3127675 # 3130020 # -1 # ID=1_2776;partial=00;start_type=ATG;rbs_motif=AGGAGG;rbs_spacer=5-10bp;gc_cont=0.306
1_3629               -            166 4949at186802         -            703   9.8e-10   35.1   3.6   1   1   1.3e-12     1e-09   35.1   3.6   662   703   126   165    34   165 0.83 # 4089833 # 4090330 # -1 # ID=1_3629;partial=00;start_type=ATG;rbs_motif=AGGAGG;rbs_spacer=5-10bp;gc_cont=0.287
1_3328               -            346 4949at186802         -            703   2.2e-05   20.8   2.9   1   1   7.1e-08   5.3e-05   19.5   2.9   683   702     2    21     1    22 0.92 # 3761787 # 3762824 # -1 # ID=1_3328;partial=00;start_type=TTG;rbs_motif=GGA/GAG/AGG;rbs_spacer=5-10bp;gc_cont=0.269
1_1503               -            290 4949at186802         -            703   0.00079   15.6   1.8   1   2   1.1e-06   0.00079   15.6   1.8   682   702     2    22     1    23 0.92 # 1739645 # 1740514 # -1 # ID=1_1503;partial=00;start_type=ATG;rbs_motif=AGxAGG/AGGxGG;rbs_spacer=5-10bp;gc_cont=0.300
1_1503               -            290 4949at186802         -            703   0.00079   15.6   1.8   2   2      0.11        83   -1.0   0.1   220   287    62   136    40   170 0.62 # 1739645 # 1740514 # -1 # ID=1_1503;partial=00;start_type=ATG;rbs_motif=AGxAGG/AGGxGG;rbs_spacer=5-10bp;gc_cont=0.300
#
# Program:         hmmsearch
# Version:         3.1b2 (February 2015)
# Pipeline mode:   SEARCH
# Query file:      /home/johngn/Microbial-Genomics-Journey-Workshop-2023/Reads_session_3/busco_downloads/lineages/clostridiales_odb10/hmms/4949at186802.hmm
# Target file:     /home/johngn/Microbial-Genomics-Journey-Workshop-2023/Reads_session_3/busco_op3/prodigal_output/predicted_genes/predicted.faa
# Option settings: hmmsearch --domtblout /home/johngn/Microbial-Genomics-Journey-Workshop-2023/Reads_session_3/busco_op3/run_clostridiales_odb10/hmmer_output/4949at186802.out --cpu 1 /home/johngn/Microbial-Genomics-Journey-Workshop-2023/Reads_session_3/busco_downloads/lineages/clostridiales_odb10/hmms/4949at186802.hmm /home/johngn/Microbial-Genomics-Journey-Workshop-2023/Reads_session_3/busco_op3/prodigal_output/predicted_genes/predicted.faa 
# Current dir:     /home/johngn/Microbial-Genomics-Journey-Workshop-2023/Reads_session_3
# Date:            Wed Mar  8 16:58:11 2023
# [ok]
