#                                                                            --- full sequence --- -------------- this domain -------------   hmm coord   ali coord   env coord
# target name        accession   tlen query name           accession   qlen   E-value  score  bias   #  of  c-Evalue  i-Evalue  score  bias  from    to  from    to  from    to  acc description of target
#------------------- ---------- ----- -------------------- ---------- ----- --------- ------ ----- --- --- --------- --------- ------ ----- ----- ----- ----- ----- ----- ----- ---- ---------------------
1_2595               -           1039 494at186802          -            788  3.7e-280  929.4  18.9   1   2    4e-269    3e-266  883.4  13.7     9   693    17   829    11   866 0.84 # 2897618 # 2900734 # -1 # ID=1_2595;partial=00;start_type=GTG;rbs_motif=AGxAGG/AGGxGG;rbs_spacer=5-10bp;gc_cont=0.308
1_2595               -           1039 494at186802          -            788  3.7e-280  929.4  18.9   2   2     4e-16     3e-13   46.7   0.2   712   761   939   988   916  1017 0.82 # 2897618 # 2900734 # -1 # ID=1_2595;partial=00;start_type=GTG;rbs_motif=AGxAGG/AGGxGG;rbs_spacer=5-10bp;gc_cont=0.308
1_3207               -            889 494at186802          -            788  7.7e-103  342.9  11.7   1   2   3.4e-30   2.5e-27   93.2   0.6    14   212    20   239     9   246 0.82 # 3665667 # 3668333 # -1 # ID=1_3207;partial=00;start_type=ATG;rbs_motif=AGGAGG;rbs_spacer=5-10bp;gc_cont=0.318
1_3207               -            889 494at186802          -            788  7.7e-103  342.9  11.7   2   2   1.2e-78   9.2e-76  253.4   4.8   249   677   251   728   240   769 0.79 # 3665667 # 3668333 # -1 # ID=1_3207;partial=00;start_type=ATG;rbs_motif=AGGAGG;rbs_spacer=5-10bp;gc_cont=0.318
1_2499               -            807 494at186802          -            788   3.6e-58  195.2  20.8   1   4   7.9e-29   5.9e-26   88.7   3.6     6   168     5   174     2   177 0.85 # 2788386 # 2790806 # -1 # ID=1_2499;partial=00;start_type=ATG;rbs_motif=AGGAGG;rbs_spacer=5-10bp;gc_cont=0.318
1_2499               -            807 494at186802          -            788   3.6e-58  195.2  20.8   2   4    0.0013      0.98    5.3   0.1   334   376   176   217   173   226 0.82 # 2788386 # 2790806 # -1 # ID=1_2499;partial=00;start_type=ATG;rbs_motif=AGGAGG;rbs_spacer=5-10bp;gc_cont=0.318
1_2499               -            807 494at186802          -            788   3.6e-58  195.2  20.8   3   4   2.6e-08     2e-05   20.8   0.1   218   310   283   375   240   396 0.83 # 2788386 # 2790806 # -1 # ID=1_2499;partial=00;start_type=ATG;rbs_motif=AGGAGG;rbs_spacer=5-10bp;gc_cont=0.318
1_2499               -            807 494at186802          -            788   3.6e-58  195.2  20.8   4   4   8.5e-28   6.3e-25   85.3   2.1   381   670   404   739   385   795 0.68 # 2788386 # 2790806 # -1 # ID=1_2499;partial=00;start_type=ATG;rbs_motif=AGGAGG;rbs_spacer=5-10bp;gc_cont=0.318
1_3595               -            646 494at186802          -            788   8.1e-19   65.1   7.6   1   2   3.1e-13   2.3e-10   37.1   1.3    40   170    14   145     2   162 0.77 # 4052228 # 4054165 # -1 # ID=1_3595;partial=00;start_type=ATG;rbs_motif=AGGAGG;rbs_spacer=5-10bp;gc_cont=0.313
1_3595               -            646 494at186802          -            788   8.1e-19   65.1   7.6   2   2   2.1e-10   1.5e-07   27.8   0.6   422   653   215   475   196   492 0.64 # 4052228 # 4054165 # -1 # ID=1_3595;partial=00;start_type=ATG;rbs_motif=AGGAGG;rbs_spacer=5-10bp;gc_cont=0.313
1_57                 -            466 494at186802          -            788    0.0066   12.4  13.2   1   3   1.6e-05     0.012   11.6   1.0    34   146    24   135     4   182 0.87 # 86028 # 87425 # 1 # ID=1_57;partial=00;start_type=GTG;rbs_motif=GGAG/GAGG;rbs_spacer=5-10bp;gc_cont=0.302
1_57                 -            466 494at186802          -            788    0.0066   12.4  13.2   2   3    0.0025       1.9    4.3   0.0   491   528   252   289   233   310 0.82 # 86028 # 87425 # 1 # ID=1_57;partial=00;start_type=GTG;rbs_motif=GGAG/GAGG;rbs_spacer=5-10bp;gc_cont=0.302
1_57                 -            466 494at186802          -            788    0.0066   12.4  13.2   3   3     0.011         8    2.3   2.8   660   761   346   447   324   457 0.86 # 86028 # 87425 # 1 # ID=1_57;partial=00;start_type=GTG;rbs_motif=GGAG/GAGG;rbs_spacer=5-10bp;gc_cont=0.302
#
# Program:         hmmsearch
# Version:         3.1b2 (February 2015)
# Pipeline mode:   SEARCH
# Query file:      /home/johngn/Microbial-Genomics-Journey-Workshop-2023/Reads_session_3/busco_downloads/lineages/clostridiales_odb10/hmms/494at186802.hmm
# Target file:     /home/johngn/Microbial-Genomics-Journey-Workshop-2023/Reads_session_3/busco_op3/prodigal_output/predicted_genes/predicted.faa
# Option settings: hmmsearch --domtblout /home/johngn/Microbial-Genomics-Journey-Workshop-2023/Reads_session_3/busco_op3/run_clostridiales_odb10/hmmer_output/494at186802.out --cpu 1 /home/johngn/Microbial-Genomics-Journey-Workshop-2023/Reads_session_3/busco_downloads/lineages/clostridiales_odb10/hmms/494at186802.hmm /home/johngn/Microbial-Genomics-Journey-Workshop-2023/Reads_session_3/busco_op3/prodigal_output/predicted_genes/predicted.faa 
# Current dir:     /home/johngn/Microbial-Genomics-Journey-Workshop-2023/Reads_session_3
# Date:            Wed Mar  8 16:58:11 2023
# [ok]
