#                                                                            --- full sequence --- -------------- this domain -------------   hmm coord   ali coord   env coord
# target name        accession   tlen query name           accession   qlen   E-value  score  bias   #  of  c-Evalue  i-Evalue  score  bias  from    to  from    to  from    to  acc description of target
#------------------- ---------- ----- -------------------- ---------- ----- --------- ------ ----- --- --- --------- --------- ------ ----- ----- ----- ----- ----- ----- ----- ---- ---------------------
1_2442               -            392 54516at186802        -            270   6.3e-77  256.3  25.9   1   4   3.2e-09   1.7e-06   25.4   1.3     1    23     2    24     2    30 0.84 # 2719019 # 2720194 # -1 # ID=1_2442;partial=00;start_type=ATG;rbs_motif=AGGAG;rbs_spacer=5-10bp;gc_cont=0.258
1_2442               -            392 54516at186802        -            270   6.3e-77  256.3  25.9   2   4   2.1e-05     0.011   12.9   0.0    24    43    65    84    52    93 0.82 # 2719019 # 2720194 # -1 # ID=1_2442;partial=00;start_type=ATG;rbs_motif=AGGAG;rbs_spacer=5-10bp;gc_cont=0.258
1_2442               -            392 54516at186802        -            270   6.3e-77  256.3  25.9   3   4   8.3e-61   4.5e-58  194.5   7.7    41   209   102   290   100   314 0.85 # 2719019 # 2720194 # -1 # ID=1_2442;partial=00;start_type=ATG;rbs_motif=AGGAG;rbs_spacer=5-10bp;gc_cont=0.258
1_2442               -            392 54516at186802        -            270   6.3e-77  256.3  25.9   4   4   6.4e-11   3.4e-08   30.9   1.4   209   269   314   389   306   390 0.75 # 2719019 # 2720194 # -1 # ID=1_2442;partial=00;start_type=ATG;rbs_motif=AGGAG;rbs_spacer=5-10bp;gc_cont=0.258
1_2725               -            519 54516at186802        -            270   3.9e-22   76.7  17.7   1   5      0.26   1.4e+02   -0.6   0.2   212   262    66   116    27   124 0.72 # 3058618 # 3060174 # -1 # ID=1_2725;partial=00;start_type=ATG;rbs_motif=AGGAG;rbs_spacer=5-10bp;gc_cont=0.269
1_2725               -            519 54516at186802        -            270   3.9e-22   76.7  17.7   2   5   1.9e-05      0.01   13.0   0.7     2    18   194   210   193   218 0.89 # 3058618 # 3060174 # -1 # ID=1_2725;partial=00;start_type=ATG;rbs_motif=AGGAG;rbs_spacer=5-10bp;gc_cont=0.269
1_2725               -            519 54516at186802        -            270   3.9e-22   76.7  17.7   3   5   1.7e-05    0.0089   13.2   0.0    24    43   245   264   237   273 0.84 # 3058618 # 3060174 # -1 # ID=1_2725;partial=00;start_type=ATG;rbs_motif=AGGAG;rbs_spacer=5-10bp;gc_cont=0.269
1_2725               -            519 54516at186802        -            270   3.9e-22   76.7  17.7   4   5   7.2e-20   3.8e-17   60.3   0.8    42   164   283   413   279   423 0.85 # 3058618 # 3060174 # -1 # ID=1_2725;partial=00;start_type=ATG;rbs_motif=AGGAG;rbs_spacer=5-10bp;gc_cont=0.269
1_2725               -            519 54516at186802        -            270   3.9e-22   76.7  17.7   5   5      0.42   2.2e+02   -1.2   0.5   130   205   402   481   393   499 0.64 # 3058618 # 3060174 # -1 # ID=1_2725;partial=00;start_type=ATG;rbs_motif=AGGAG;rbs_spacer=5-10bp;gc_cont=0.269
1_690                -            585 54516at186802        -            270   1.3e-07   29.0   0.0   1   1   4.6e-10   2.5e-07   28.1   0.0    61   153   276   372   252   395 0.78 # 848690 # 850444 # 1 # ID=1_690;partial=00;start_type=TTG;rbs_motif=GGAG/GAGG;rbs_spacer=5-10bp;gc_cont=0.279
1_1309               -            329 54516at186802        -            270   9.3e-06   23.0   0.1   1   1   2.5e-08   1.4e-05   22.4   0.1    56   161   157   265   147   278 0.82 # 1526211 # 1527197 # -1 # ID=1_1309;partial=00;start_type=ATG;rbs_motif=None;rbs_spacer=None;gc_cont=0.307
1_2198               -            290 54516at186802        -            270   3.5e-05   21.1   0.1   1   1     1e-07   5.4e-05   20.5   0.1    52   219   111   286    94   289 0.71 # 2452699 # 2453568 # -1 # ID=1_2198;partial=00;start_type=ATG;rbs_motif=AGxAGG/AGGxGG;rbs_spacer=5-10bp;gc_cont=0.294
1_1864               -            479 54516at186802        -            270   0.00048   17.3   0.0   1   3      0.69   3.7e+02   -2.0   0.4   205   264    17    72    12    76 0.65 # 2124256 # 2125692 # -1 # ID=1_1864;partial=00;start_type=GTG;rbs_motif=AGGAGG;rbs_spacer=5-10bp;gc_cont=0.303
1_1864               -            479 54516at186802        -            270   0.00048   17.3   0.0   2   3         7   3.7e+03   -5.7   2.1    10    19   194   203   187   205 0.79 # 2124256 # 2125692 # -1 # ID=1_1864;partial=00;start_type=GTG;rbs_motif=AGGAGG;rbs_spacer=5-10bp;gc_cont=0.303
1_1864               -            479 54516at186802        -            270   0.00048   17.3   0.0   3   3   9.1e-07   0.00048   17.3   0.0    73   164   306   402   295   417 0.74 # 2124256 # 2125692 # -1 # ID=1_1864;partial=00;start_type=GTG;rbs_motif=AGGAGG;rbs_spacer=5-10bp;gc_cont=0.303
1_1214               -            445 54516at186802        -            270    0.0079   13.3   0.1   1   2      0.25   1.3e+02   -0.5   0.3    10    23   155   168   147   174 0.83 # 1428698 # 1430032 # 1 # ID=1_1214;partial=00;start_type=ATG;rbs_motif=AGGAG;rbs_spacer=5-10bp;gc_cont=0.285
1_1214               -            445 54516at186802        -            270    0.0079   13.3   0.1   2   2   1.5e-05    0.0079   13.3   0.1    75   157   269   354   237   388 0.87 # 1428698 # 1430032 # 1 # ID=1_1214;partial=00;start_type=ATG;rbs_motif=AGGAG;rbs_spacer=5-10bp;gc_cont=0.285
#
# Program:         hmmsearch
# Version:         3.1b2 (February 2015)
# Pipeline mode:   SEARCH
# Query file:      /home/johngn/Microbial-Genomics-Journey-Workshop-2023/Reads_session_3/busco_downloads/lineages/clostridiales_odb10/hmms/54516at186802.hmm
# Target file:     /home/johngn/Microbial-Genomics-Journey-Workshop-2023/Reads_session_3/busco_op3/prodigal_output/predicted_genes/predicted.faa
# Option settings: hmmsearch --domtblout /home/johngn/Microbial-Genomics-Journey-Workshop-2023/Reads_session_3/busco_op3/run_clostridiales_odb10/hmmer_output/54516at186802.out --cpu 1 /home/johngn/Microbial-Genomics-Journey-Workshop-2023/Reads_session_3/busco_downloads/lineages/clostridiales_odb10/hmms/54516at186802.hmm /home/johngn/Microbial-Genomics-Journey-Workshop-2023/Reads_session_3/busco_op3/prodigal_output/predicted_genes/predicted.faa 
# Current dir:     /home/johngn/Microbial-Genomics-Journey-Workshop-2023/Reads_session_3
# Date:            Wed Mar  8 16:58:11 2023
# [ok]
