#                                                                            --- full sequence --- -------------- this domain -------------   hmm coord   ali coord   env coord
# target name        accession   tlen query name           accession   qlen   E-value  score  bias   #  of  c-Evalue  i-Evalue  score  bias  from    to  from    to  from    to  acc description of target
#------------------- ---------- ----- -------------------- ---------- ----- --------- ------ ----- --- --- --------- --------- ------ ----- ----- ----- ----- ----- ----- ----- ---- ---------------------
1_1090               -            560 63394at186802        -            342   1.1e-91  305.4  29.4   1   4   1.3e-19     3e-17   60.6   0.0     1    66     7    76     7    85 0.88 # 1299103 # 1300782 # 1 # ID=1_1090;partial=00;start_type=TTG;rbs_motif=AGxAGG/AGGxGG;rbs_spacer=5-10bp;gc_cont=0.280
1_1090               -            560 63394at186802        -            342   1.1e-91  305.4  29.4   2   4   4.5e-16   1.1e-13   48.9   0.3    59   122    92   159    84   181 0.80 # 1299103 # 1300782 # 1 # ID=1_1090;partial=00;start_type=TTG;rbs_motif=AGxAGG/AGGxGG;rbs_spacer=5-10bp;gc_cont=0.280
1_1090               -            560 63394at186802        -            342   1.1e-91  305.4  29.4   3   4   1.1e-07   2.7e-05   21.3   5.7   115   181   180   248   168   269 0.77 # 1299103 # 1300782 # 1 # ID=1_1090;partial=00;start_type=TTG;rbs_motif=AGxAGG/AGGxGG;rbs_spacer=5-10bp;gc_cont=0.280
1_1090               -            560 63394at186802        -            342   1.1e-91  305.4  29.4   4   4   1.8e-57   4.2e-55  185.1   7.6   126   339   301   545   268   552 0.75 # 1299103 # 1300782 # 1 # ID=1_1090;partial=00;start_type=TTG;rbs_motif=AGxAGG/AGGxGG;rbs_spacer=5-10bp;gc_cont=0.280
1_3669               -            243 63394at186802        -            342   1.2e-09   35.6   2.8   1   2    0.0006      0.14    9.1   0.6     3    35    17    51    15    88 0.78 # 4133510 # 4134238 # -1 # ID=1_3669;partial=00;start_type=ATG;rbs_motif=GGAG/GAGG;rbs_spacer=5-10bp;gc_cont=0.322
1_3669               -            243 63394at186802        -            342   1.2e-09   35.6   2.8   2   2   2.4e-09   5.7e-07   26.8   0.1   234   312   131   210   122   231 0.81 # 4133510 # 4134238 # -1 # ID=1_3669;partial=00;start_type=ATG;rbs_motif=GGAG/GAGG;rbs_spacer=5-10bp;gc_cont=0.322
1_3167               -            747 63394at186802        -            342   1.4e-05   22.2   6.8   1   4    0.0098       2.3    5.1   0.0    11    32    22    43    15    61 0.79 # 3617347 # 3619587 # -1 # ID=1_3167;partial=00;start_type=ATG;rbs_motif=AGGAGG;rbs_spacer=5-10bp;gc_cont=0.309
1_3167               -            747 63394at186802        -            342   1.4e-05   22.2   6.8   2   4   0.00026     0.061   10.2   0.0   240   307   335   404   269   412 0.89 # 3617347 # 3619587 # -1 # ID=1_3167;partial=00;start_type=ATG;rbs_motif=AGGAGG;rbs_spacer=5-10bp;gc_cont=0.309
1_3167               -            747 63394at186802        -            342   1.4e-05   22.2   6.8   3   4     0.013       3.1    4.6   0.1    13    33   474   494   462   497 0.79 # 3617347 # 3619587 # -1 # ID=1_3167;partial=00;start_type=ATG;rbs_motif=AGGAGG;rbs_spacer=5-10bp;gc_cont=0.309
1_3167               -            747 63394at186802        -            342   1.4e-05   22.2   6.8   4   4     0.056        13    2.6   0.2   239   305   641   707   582   712 0.82 # 3617347 # 3619587 # -1 # ID=1_3167;partial=00;start_type=ATG;rbs_motif=AGGAGG;rbs_spacer=5-10bp;gc_cont=0.309
1_110                -            278 63394at186802        -            342   3.3e-05   21.0   1.7   1   2     0.024       5.6    3.8   0.1     7    39    24    58    19    70 0.79 # 125471 # 126304 # 1 # ID=1_110;partial=00;start_type=ATG;rbs_motif=AGGAG;rbs_spacer=5-10bp;gc_cont=0.306
1_110                -            278 63394at186802        -            342   3.3e-05   21.0   1.7   2   2   3.2e-06   0.00075   16.5   0.1   239   320   142   224   136   238 0.78 # 125471 # 126304 # 1 # ID=1_110;partial=00;start_type=ATG;rbs_motif=AGGAG;rbs_spacer=5-10bp;gc_cont=0.306
1_2512               -            228 63394at186802        -            342     4e-05   20.7   0.6   1   2     0.022       5.2    3.9   0.1    10    35    28    53    21    73 0.84 # 2803379 # 2804062 # -1 # ID=1_2512;partial=00;start_type=ATG;rbs_motif=GGAG/GAGG;rbs_spacer=5-10bp;gc_cont=0.319
1_2512               -            228 63394at186802        -            342     4e-05   20.7   0.6   2   2   7.2e-06    0.0017   15.4   0.0   231   312   133   215   119   224 0.84 # 2803379 # 2804062 # -1 # ID=1_2512;partial=00;start_type=ATG;rbs_motif=GGAG/GAGG;rbs_spacer=5-10bp;gc_cont=0.319
1_3460               -            942 63394at186802        -            342   4.6e-05   20.5   1.4   1   4     0.072        17    2.2   0.0    11    32    21    42    14    61 0.74 # 3910559 # 3913384 # -1 # ID=1_3460;partial=00;start_type=ATG;rbs_motif=3Base/5BMM;rbs_spacer=13-15bp;gc_cont=0.313
1_3460               -            942 63394at186802        -            342   4.6e-05   20.5   1.4   2   4      0.23        54    0.6   0.0   239   267   488   516   425   559 0.76 # 3910559 # 3913384 # -1 # ID=1_3460;partial=00;start_type=ATG;rbs_motif=3Base/5BMM;rbs_spacer=13-15bp;gc_cont=0.313
1_3460               -            942 63394at186802        -            342   4.6e-05   20.5   1.4   3   4    0.0021       0.5    7.3   0.0    11    36   630   655   622   675 0.78 # 3910559 # 3913384 # -1 # ID=1_3460;partial=00;start_type=ATG;rbs_motif=3Base/5BMM;rbs_spacer=13-15bp;gc_cont=0.313
1_3460               -            942 63394at186802        -            342   4.6e-05   20.5   1.4   4   4      0.01       2.4    5.0   0.1   240   303   830   896   767   903 0.84 # 3910559 # 3913384 # -1 # ID=1_3460;partial=00;start_type=ATG;rbs_motif=3Base/5BMM;rbs_spacer=13-15bp;gc_cont=0.313
1_3085               -            221 63394at186802        -            342   0.00021   18.4   0.1   1   2    0.0042      0.99    6.3   0.0    10    35    28    53    20    61 0.89 # 3516405 # 3517067 # -1 # ID=1_3085;partial=00;start_type=ATG;rbs_motif=GGAGG;rbs_spacer=5-10bp;gc_cont=0.279
1_3085               -            221 63394at186802        -            342   0.00021   18.4   0.1   2   2   0.00028     0.065   10.2   0.0   239   312   141   215   124   219 0.75 # 3516405 # 3517067 # -1 # ID=1_3085;partial=00;start_type=ATG;rbs_motif=GGAGG;rbs_spacer=5-10bp;gc_cont=0.279
1_3561               -            361 63394at186802        -            342   0.00025   18.1   0.1   1   2   5.1e-06    0.0012   15.9   0.0    10    57   118   165   113   187 0.85 # 4015791 # 4016873 # -1 # ID=1_3561;partial=00;start_type=ATG;rbs_motif=GGAG/GAGG;rbs_spacer=5-10bp;gc_cont=0.337
1_3561               -            361 63394at186802        -            342   0.00025   18.1   0.1   2   2         1   2.4e+02   -1.6   0.0   310   333   329   352   326   355 0.90 # 4015791 # 4016873 # -1 # ID=1_3561;partial=00;start_type=ATG;rbs_motif=GGAG/GAGG;rbs_spacer=5-10bp;gc_cont=0.337
1_1832               -            229 63394at186802        -            342   0.00025   18.1   1.4   1   2    0.0021      0.49    7.3   0.4    10    52    28    69    23    87 0.80 # 2089608 # 2090294 # -1 # ID=1_1832;partial=00;start_type=ATG;rbs_motif=AGGAG;rbs_spacer=5-10bp;gc_cont=0.320
1_1832               -            229 63394at186802        -            342   0.00025   18.1   1.4   2   2   0.00028     0.066   10.1   0.0   240   318   143   222    92   227 0.84 # 2089608 # 2090294 # -1 # ID=1_1832;partial=00;start_type=ATG;rbs_motif=AGGAG;rbs_spacer=5-10bp;gc_cont=0.320
1_3643               -            229 63394at186802        -            342   0.00049   17.1   1.5   1   2    0.0018      0.43    7.5   0.2    10    36    28    54    18    58 0.83 # 4103907 # 4104593 # -1 # ID=1_3643;partial=00;start_type=ATG;rbs_motif=AGGAG;rbs_spacer=5-10bp;gc_cont=0.367
1_3643               -            229 63394at186802        -            342   0.00049   17.1   1.5   2   2   0.00068      0.16    8.9   0.1   235   323   137   226   124   228 0.77 # 4103907 # 4104593 # -1 # ID=1_3643;partial=00;start_type=ATG;rbs_motif=AGGAG;rbs_spacer=5-10bp;gc_cont=0.367
1_835                -            338 63394at186802        -            342    0.0006   16.8   2.5   1   2    0.0014      0.33    7.8   0.1    19    40    34    55    17   119 0.76 # 1010271 # 1011284 # 1 # ID=1_835;partial=00;start_type=TTG;rbs_motif=GGA/GAG/AGG;rbs_spacer=5-10bp;gc_cont=0.329
1_835                -            338 63394at186802        -            342    0.0006   16.8   2.5   2   2    0.0006      0.14    9.1   0.3   221   307   132   220   125   236 0.76 # 1010271 # 1011284 # 1 # ID=1_835;partial=00;start_type=TTG;rbs_motif=GGA/GAG/AGG;rbs_spacer=5-10bp;gc_cont=0.329
1_216                -           1143 63394at186802        -            342   0.00091   16.3   2.9   1   5       3.5   8.1e+02   -3.3   0.3   131   131   278   278   235   323 0.43 # 273172 # 276600 # -1 # ID=1_216;partial=00;start_type=ATG;rbs_motif=GGAG/GAGG;rbs_spacer=5-10bp;gc_cont=0.314
1_216                -           1143 63394at186802        -            342   0.00091   16.3   2.9   2   5     0.032       7.5    3.4   0.0    10    31   341   362   336   386 0.80 # 273172 # 276600 # -1 # ID=1_216;partial=00;start_type=ATG;rbs_motif=GGAG/GAGG;rbs_spacer=5-10bp;gc_cont=0.314
1_216                -           1143 63394at186802        -            342   0.00091   16.3   2.9   3   5     0.087        20    2.0   0.0   239   301   696   760   649   770 0.79 # 273172 # 276600 # -1 # ID=1_216;partial=00;start_type=ATG;rbs_motif=GGAG/GAGG;rbs_spacer=5-10bp;gc_cont=0.314
1_216                -           1143 63394at186802        -            342   0.00091   16.3   2.9   4   5    0.0093       2.2    5.1   0.0    10    54   835   880   828   889 0.83 # 273172 # 276600 # -1 # ID=1_216;partial=00;start_type=ATG;rbs_motif=GGAG/GAGG;rbs_spacer=5-10bp;gc_cont=0.314
1_216                -           1143 63394at186802        -            342   0.00091   16.3   2.9   5   5     0.091        21    1.9   0.0   241   306  1037  1105  1033  1117 0.77 # 273172 # 276600 # -1 # ID=1_216;partial=00;start_type=ATG;rbs_motif=GGAG/GAGG;rbs_spacer=5-10bp;gc_cont=0.314
1_2978               -            251 63394at186802        -            342    0.0011   16.0   0.8   1   3     0.066        15    2.4   0.2    16    55    35    73    21    77 0.75 # 3377795 # 3378547 # -1 # ID=1_2978;partial=00;start_type=ATG;rbs_motif=GGAGG;rbs_spacer=5-10bp;gc_cont=0.275
1_2978               -            251 63394at186802        -            342    0.0011   16.0   0.8   2   3      0.64   1.5e+02   -0.9   0.1   123   173    84   134    66   145 0.60 # 3377795 # 3378547 # -1 # ID=1_2978;partial=00;start_type=ATG;rbs_motif=GGAGG;rbs_spacer=5-10bp;gc_cont=0.275
1_2978               -            251 63394at186802        -            342    0.0011   16.0   0.8   3   3   0.00014     0.034   11.1   0.0   261   313   163   219   145   243 0.72 # 3377795 # 3378547 # -1 # ID=1_2978;partial=00;start_type=ATG;rbs_motif=GGAGG;rbs_spacer=5-10bp;gc_cont=0.275
1_175                -            228 63394at186802        -            342    0.0012   15.8   0.8   1   2     0.011       2.6    4.9   0.1    15    33    33    51    22    60 0.81 # 224196 # 224879 # 1 # ID=1_175;partial=00;start_type=ATG;rbs_motif=AGGAG;rbs_spacer=5-10bp;gc_cont=0.310
1_175                -            228 63394at186802        -            342    0.0012   15.8   0.8   2   2   0.00042     0.098    9.6   0.1   240   312   142   215   126   221 0.71 # 224196 # 224879 # 1 # ID=1_175;partial=00;start_type=ATG;rbs_motif=AGGAG;rbs_spacer=5-10bp;gc_cont=0.310
1_730                -            241 63394at186802        -            342    0.0075   13.2   0.8   1   2    0.0046       1.1    6.1   0.1     6    37    16    49    12    72 0.81 # 898222 # 898944 # 1 # ID=1_730;partial=00;start_type=ATG;rbs_motif=AGGA;rbs_spacer=5-10bp;gc_cont=0.304
1_730                -            241 63394at186802        -            342    0.0075   13.2   0.8   2   2    0.0062       1.5    5.7   0.0   240   317   137   215   114   224 0.81 # 898222 # 898944 # 1 # ID=1_730;partial=00;start_type=ATG;rbs_motif=AGGA;rbs_spacer=5-10bp;gc_cont=0.304
1_3115               -             92 63394at186802        -            342      0.02   11.9   2.2   1   1   9.5e-05     0.022   11.7   2.2   155   238     3    85     1    87 0.89 # 3555350 # 3555625 # 1 # ID=1_3115;partial=00;start_type=ATG;rbs_motif=AGGAG;rbs_spacer=5-10bp;gc_cont=0.199
#
# Program:         hmmsearch
# Version:         3.1b2 (February 2015)
# Pipeline mode:   SEARCH
# Query file:      /home/johngn/Microbial-Genomics-Journey-Workshop-2023/Reads_session_3/busco_downloads/lineages/clostridiales_odb10/hmms/63394at186802.hmm
# Target file:     /home/johngn/Microbial-Genomics-Journey-Workshop-2023/Reads_session_3/busco_op3/prodigal_output/predicted_genes/predicted.faa
# Option settings: hmmsearch --domtblout /home/johngn/Microbial-Genomics-Journey-Workshop-2023/Reads_session_3/busco_op3/run_clostridiales_odb10/hmmer_output/63394at186802.out --cpu 1 /home/johngn/Microbial-Genomics-Journey-Workshop-2023/Reads_session_3/busco_downloads/lineages/clostridiales_odb10/hmms/63394at186802.hmm /home/johngn/Microbial-Genomics-Journey-Workshop-2023/Reads_session_3/busco_op3/prodigal_output/predicted_genes/predicted.faa 
# Current dir:     /home/johngn/Microbial-Genomics-Journey-Workshop-2023/Reads_session_3
# Date:            Wed Mar  1 18:12:48 2023
# [ok]
