#                                                                            --- full sequence --- -------------- this domain -------------   hmm coord   ali coord   env coord
# target name        accession   tlen query name           accession   qlen   E-value  score  bias   #  of  c-Evalue  i-Evalue  score  bias  from    to  from    to  from    to  acc description of target
#------------------- ---------- ----- -------------------- ---------- ----- --------- ------ ----- --- --- --------- --------- ------ ----- ----- ----- ----- ----- ----- ----- ---- ---------------------
1_2095               -            335 65041at186802        -            250     2e-82  273.8  12.4   1   2   2.9e-51   2.7e-48  162.0   3.3     2   160     1   177     1   181 0.84 # 2340624 # 2341628 # -1 # ID=1_2095;partial=00;start_type=ATG;rbs_motif=AGGA;rbs_spacer=5-10bp;gc_cont=0.325
1_2095               -            335 65041at186802        -            250     2e-82  273.8  12.4   2   2   1.4e-36   1.3e-33  113.9   1.7   132   250   211   333   185   333 0.85 # 2340624 # 2341628 # -1 # ID=1_2095;partial=00;start_type=ATG;rbs_motif=AGGA;rbs_spacer=5-10bp;gc_cont=0.325
1_1180               -            199 65041at186802        -            250   2.5e-08   31.1  11.5   1   3   9.2e-05     0.086    9.7   0.3     3    29     8    34     6    38 0.89 # 1392720 # 1393316 # 1 # ID=1_1180;partial=00;start_type=ATG;rbs_motif=AGGAG;rbs_spacer=5-10bp;gc_cont=0.308
1_1180               -            199 65041at186802        -            250   2.5e-08   31.1  11.5   2   3   0.00012      0.11    9.3   0.8    74   109    77   111    71   116 0.79 # 1392720 # 1393316 # 1 # ID=1_1180;partial=00;start_type=ATG;rbs_motif=AGGAG;rbs_spacer=5-10bp;gc_cont=0.308
1_1180               -            199 65041at186802        -            250   2.5e-08   31.1  11.5   3   3   9.5e-08   8.9e-05   19.4   0.9   173   238   113   178   106   190 0.67 # 1392720 # 1393316 # 1 # ID=1_1180;partial=00;start_type=ATG;rbs_motif=AGGAG;rbs_spacer=5-10bp;gc_cont=0.308
1_3509               -            383 65041at186802        -            250   0.00033   17.6   1.4   1   2      0.53     5e+02   -2.7   0.1    99   122    11    34     6    57 0.57 # 3968938 # 3970086 # -1 # ID=1_3509;partial=00;start_type=GTG;rbs_motif=AGGAG;rbs_spacer=5-10bp;gc_cont=0.306
1_3509               -            383 65041at186802        -            250   0.00033   17.6   1.4   2   2   9.4e-07   0.00088   16.2   0.2   100   173   120   193   118   213 0.75 # 3968938 # 3970086 # -1 # ID=1_3509;partial=00;start_type=GTG;rbs_motif=AGGAG;rbs_spacer=5-10bp;gc_cont=0.306
1_2783               -            632 65041at186802        -            250     0.028   11.3   0.7   1   1   5.7e-05     0.053   10.3   0.7   103   168    56   123     9   145 0.80 # 3146814 # 3148709 # -1 # ID=1_2783;partial=00;start_type=ATG;rbs_motif=GGAGG;rbs_spacer=5-10bp;gc_cont=0.305
#
# Program:         hmmsearch
# Version:         3.1b2 (February 2015)
# Pipeline mode:   SEARCH
# Query file:      /home/johngn/Microbial-Genomics-Journey-Workshop-2023/Reads_session_3/busco_downloads/lineages/clostridiales_odb10/hmms/65041at186802.hmm
# Target file:     /home/johngn/Microbial-Genomics-Journey-Workshop-2023/Reads_session_3/busco_op3/prodigal_output/predicted_genes/predicted.faa
# Option settings: hmmsearch --domtblout /home/johngn/Microbial-Genomics-Journey-Workshop-2023/Reads_session_3/busco_op3/run_clostridiales_odb10/hmmer_output/65041at186802.out --cpu 1 /home/johngn/Microbial-Genomics-Journey-Workshop-2023/Reads_session_3/busco_downloads/lineages/clostridiales_odb10/hmms/65041at186802.hmm /home/johngn/Microbial-Genomics-Journey-Workshop-2023/Reads_session_3/busco_op3/prodigal_output/predicted_genes/predicted.faa 
# Current dir:     /home/johngn/Microbial-Genomics-Journey-Workshop-2023/Reads_session_3
# Date:            Wed Mar  1 18:12:48 2023
# [ok]
