#                                                                            --- full sequence --- -------------- this domain -------------   hmm coord   ali coord   env coord
# target name        accession   tlen query name           accession   qlen   E-value  score  bias   #  of  c-Evalue  i-Evalue  score  bias  from    to  from    to  from    to  acc description of target
#------------------- ---------- ----- -------------------- ---------- ----- --------- ------ ----- --- --- --------- --------- ------ ----- ----- ----- ----- ----- ----- ----- ---- ---------------------
1_3737               -            632 6880at186802         -            525  8.7e-242  801.0   8.4   1   2  1.3e-211  1.2e-208  691.6   1.0     1   429     9   472     9   500 0.89 # 4201755 # 4203650 # -1 # ID=1_3737;partial=00;start_type=ATG;rbs_motif=AGGA;rbs_spacer=5-10bp;gc_cont=0.326
1_3737               -            632 6880at186802         -            525  8.7e-242  801.0   8.4   2   2   2.2e-36   2.1e-33  113.4   1.3   443   525   537   620   503   620 0.91 # 4201755 # 4203650 # -1 # ID=1_3737;partial=00;start_type=ATG;rbs_motif=AGGA;rbs_spacer=5-10bp;gc_cont=0.326
1_1601               -            293 6880at186802         -            525   8.5e-06   22.3   0.3   1   3   0.00031      0.29    7.3   0.0     1    30     3    31     3    48 0.81 # 1850061 # 1850939 # 1 # ID=1_1601;partial=00;start_type=ATG;rbs_motif=GGA/GAG/AGG;rbs_spacer=3-4bp;gc_cont=0.311
1_1601               -            293 6880at186802         -            525   8.5e-06   22.3   0.3   2   3       0.4   3.7e+02   -3.0   0.0   109   139    75   110    64   123 0.55 # 1850061 # 1850939 # 1 # ID=1_1601;partial=00;start_type=ATG;rbs_motif=GGA/GAG/AGG;rbs_spacer=3-4bp;gc_cont=0.311
1_1601               -            293 6880at186802         -            525   8.5e-06   22.3   0.3   3   3   8.3e-06    0.0078   12.5   0.0   304   355   235   286   230   290 0.85 # 1850061 # 1850939 # 1 # ID=1_1601;partial=00;start_type=ATG;rbs_motif=GGA/GAG/AGG;rbs_spacer=3-4bp;gc_cont=0.311
1_2330               -            316 6880at186802         -            525     0.006   12.8   0.1   1   2   1.8e-05     0.016   11.4   0.1     1    30     5    34     5   109 0.77 # 2599496 # 2600443 # -1 # ID=1_2330;partial=00;start_type=ATG;rbs_motif=GGAGG;rbs_spacer=5-10bp;gc_cont=0.346
1_2330               -            316 6880at186802         -            525     0.006   12.8   0.1   2   2      0.15   1.4e+02   -1.6   0.0     1    28   145   172   145   177 0.84 # 2599496 # 2600443 # -1 # ID=1_2330;partial=00;start_type=ATG;rbs_motif=GGAGG;rbs_spacer=5-10bp;gc_cont=0.346
1_2080               -            303 6880at186802         -            525     0.042   10.1   3.9   1   3   7.8e-05     0.073    9.3   0.2     2    32     3    33     2    43 0.89 # 2324409 # 2325317 # -1 # ID=1_2080;partial=00;start_type=ATG;rbs_motif=GGAG/GAGG;rbs_spacer=5-10bp;gc_cont=0.332
1_2080               -            303 6880at186802         -            525     0.042   10.1   3.9   2   3     0.029        27    0.8   0.1   106   139    71   109    49   120 0.73 # 2324409 # 2325317 # -1 # ID=1_2080;partial=00;start_type=ATG;rbs_motif=GGAG/GAGG;rbs_spacer=5-10bp;gc_cont=0.332
1_2080               -            303 6880at186802         -            525     0.042   10.1   3.9   3   3      0.26   2.4e+02   -2.3   0.0     2    26   142   166   141   170 0.83 # 2324409 # 2325317 # -1 # ID=1_2080;partial=00;start_type=ATG;rbs_motif=GGAG/GAGG;rbs_spacer=5-10bp;gc_cont=0.332
#
# Program:         hmmsearch
# Version:         3.1b2 (February 2015)
# Pipeline mode:   SEARCH
# Query file:      /home/johngn/Microbial-Genomics-Journey-Workshop-2023/Reads_session_3/busco_downloads/lineages/clostridiales_odb10/hmms/6880at186802.hmm
# Target file:     /home/johngn/Microbial-Genomics-Journey-Workshop-2023/Reads_session_3/busco_op3/prodigal_output/predicted_genes/predicted.faa
# Option settings: hmmsearch --domtblout /home/johngn/Microbial-Genomics-Journey-Workshop-2023/Reads_session_3/busco_op3/run_clostridiales_odb10/hmmer_output/6880at186802.out --cpu 1 /home/johngn/Microbial-Genomics-Journey-Workshop-2023/Reads_session_3/busco_downloads/lineages/clostridiales_odb10/hmms/6880at186802.hmm /home/johngn/Microbial-Genomics-Journey-Workshop-2023/Reads_session_3/busco_op3/prodigal_output/predicted_genes/predicted.faa 
# Current dir:     /home/johngn/Microbial-Genomics-Journey-Workshop-2023/Reads_session_3
# Date:            Wed Mar  1 18:12:48 2023
# [ok]
