#                                                                            --- full sequence --- -------------- this domain -------------   hmm coord   ali coord   env coord
# target name        accession   tlen query name           accession   qlen   E-value  score  bias   #  of  c-Evalue  i-Evalue  score  bias  from    to  from    to  from    to  acc description of target
#------------------- ---------- ----- -------------------- ---------- ----- --------- ------ ----- --- --- --------- --------- ------ ----- ----- ----- ----- ----- ----- ----- ---- ---------------------
1_100                -            217 68832at186802        -            169   9.6e-75  247.7   1.5   1   1   6.7e-77     5e-74  245.4   1.5     1   169     1   192     1   192 0.89 # 120258 # 120908 # 1 # ID=1_100;partial=00;start_type=ATG;rbs_motif=GGAG/GAGG;rbs_spacer=5-10bp;gc_cont=0.323
1_1736               -            217 68832at186802        -            169   0.00013   19.5   0.3   1   2   6.4e-07   0.00048   17.6   0.1     6    45     9    49     4    60 0.80 # 1985332 # 1985982 # 1 # ID=1_1736;partial=00;start_type=ATG;rbs_motif=GGAG/GAGG;rbs_spacer=5-10bp;gc_cont=0.289
1_1736               -            217 68832at186802        -            169   0.00013   19.5   0.3   2   2       0.5   3.8e+02   -1.5   0.0    65    83   105   123    57   126 0.52 # 1985332 # 1985982 # 1 # ID=1_1736;partial=00;start_type=ATG;rbs_motif=GGAG/GAGG;rbs_spacer=5-10bp;gc_cont=0.289
1_1782               -            150 68832at186802        -            169    0.0084   13.6   0.1   1   1   1.3e-05      0.01   13.4   0.1     2    75     3    78     1   113 0.82 # 2039792 # 2040241 # 1 # ID=1_1782;partial=00;start_type=ATG;rbs_motif=AGGA/GGAG/GAGG;rbs_spacer=11-12bp;gc_cont=0.282
1_283                -            339 68832at186802        -            169    0.0094   13.4   0.3   1   2   0.00021      0.16    9.5   0.1     2    65   145   214   144   276 0.73 # 341448 # 342464 # 1 # ID=1_283;partial=00;start_type=ATG;rbs_motif=GGA/GAG/AGG;rbs_spacer=5-10bp;gc_cont=0.271
1_283                -            339 68832at186802        -            169    0.0094   13.4   0.3   2   2     0.049        36    1.8   0.0    42    63   300   321   285   329 0.82 # 341448 # 342464 # 1 # ID=1_283;partial=00;start_type=ATG;rbs_motif=GGA/GAG/AGG;rbs_spacer=5-10bp;gc_cont=0.271
1_1757               -            178 68832at186802        -            169     0.027   12.0   1.1   1   1   0.00027       0.2    9.1   1.1     2    22     8    28     7   100 0.88 # 2012392 # 2012925 # 1 # ID=1_1757;partial=00;start_type=ATG;rbs_motif=AGGAG;rbs_spacer=5-10bp;gc_cont=0.242
#
# Program:         hmmsearch
# Version:         3.1b2 (February 2015)
# Pipeline mode:   SEARCH
# Query file:      /home/johngn/Microbial-Genomics-Journey-Workshop-2023/Reads_session_3/busco_downloads/lineages/clostridiales_odb10/hmms/68832at186802.hmm
# Target file:     /home/johngn/Microbial-Genomics-Journey-Workshop-2023/Reads_session_3/busco_op3/prodigal_output/predicted_genes/predicted.faa
# Option settings: hmmsearch --domtblout /home/johngn/Microbial-Genomics-Journey-Workshop-2023/Reads_session_3/busco_op3/run_clostridiales_odb10/hmmer_output/68832at186802.out --cpu 1 /home/johngn/Microbial-Genomics-Journey-Workshop-2023/Reads_session_3/busco_downloads/lineages/clostridiales_odb10/hmms/68832at186802.hmm /home/johngn/Microbial-Genomics-Journey-Workshop-2023/Reads_session_3/busco_op3/prodigal_output/predicted_genes/predicted.faa 
# Current dir:     /home/johngn/Microbial-Genomics-Journey-Workshop-2023/Reads_session_3
# Date:            Wed Mar  8 16:58:12 2023
# [ok]
