#                                                                            --- full sequence --- -------------- this domain -------------   hmm coord   ali coord   env coord
# target name        accession   tlen query name           accession   qlen   E-value  score  bias   #  of  c-Evalue  i-Evalue  score  bias  from    to  from    to  from    to  acc description of target
#------------------- ---------- ----- -------------------- ---------- ----- --------- ------ ----- --- --- --------- --------- ------ ----- ----- ----- ----- ----- ----- ----- ---- ---------------------
1_1136               -            391 72880at186802        -            237  1.7e-105  349.5  18.1   1   2   5.2e-14   1.4e-11   42.1   1.8     2    51   109   158   108   168 0.91 # 1345439 # 1346611 # 1 # ID=1_1136;partial=00;start_type=TTG;rbs_motif=None;rbs_spacer=None;gc_cont=0.314
1_1136               -            391 72880at186802        -            237  1.7e-105  349.5  18.1   2   2   1.3e-96   3.6e-94  312.5   8.8    49   237   189   388   169   388 0.94 # 1345439 # 1346611 # 1 # ID=1_1136;partial=00;start_type=TTG;rbs_motif=None;rbs_spacer=None;gc_cont=0.314
1_1138               -            451 72880at186802        -            237   2.6e-50  168.9   3.8   1   2     0.067        18    2.5   0.2    14    51    29    66    16    70 0.80 # 1347079 # 1348431 # 1 # ID=1_1138;partial=00;start_type=ATG;rbs_motif=GGAG/GAGG;rbs_spacer=5-10bp;gc_cont=0.333
1_1138               -            451 72880at186802        -            237   2.6e-50  168.9   3.8   2   2   3.7e-52     1e-49  167.0   0.4    44   235    97   293    78   295 0.89 # 1347079 # 1348431 # 1 # ID=1_1138;partial=00;start_type=ATG;rbs_motif=GGAG/GAGG;rbs_spacer=5-10bp;gc_cont=0.333
1_283                -            339 72880at186802        -            237   3.5e-26   89.9   3.4   1   1   2.2e-28   5.8e-26   89.2   3.4    29   233   119   329    93   333 0.81 # 341448 # 342464 # 1 # ID=1_283;partial=00;start_type=ATG;rbs_motif=GGA/GAG/AGG;rbs_spacer=5-10bp;gc_cont=0.271
1_183                -            638 72880at186802        -            237   0.00032   18.0   1.1   1   2    0.0003     0.079   10.2   0.3    36    64    17    45     9    52 0.88 # 235633 # 237546 # -1 # ID=1_183;partial=00;start_type=ATG;rbs_motif=AGGAGG;rbs_spacer=5-10bp;gc_cont=0.277
1_183                -            638 72880at186802        -            237   0.00032   18.0   1.1   2   2    0.0069       1.8    5.7   0.0    23    65   332   375   326   385 0.78 # 235633 # 237546 # -1 # ID=1_183;partial=00;start_type=ATG;rbs_motif=AGGAGG;rbs_spacer=5-10bp;gc_cont=0.277
1_1300               -            663 72880at186802        -            237    0.0016   15.8   2.2   1   2    0.0016      0.43    7.8   0.2    34    67    38    71    16    79 0.82 # 1514838 # 1516826 # -1 # ID=1_1300;partial=00;start_type=GTG;rbs_motif=GGAG/GAGG;rbs_spacer=5-10bp;gc_cont=0.293
1_1300               -            663 72880at186802        -            237    0.0016   15.8   2.2   2   2    0.0036      0.97    6.6   0.1    35    68   353   386   338   410 0.89 # 1514838 # 1516826 # -1 # ID=1_1300;partial=00;start_type=GTG;rbs_motif=GGAG/GAGG;rbs_spacer=5-10bp;gc_cont=0.293
1_2802               -            597 72880at186802        -            237     0.002   15.4   0.1   1   1   1.9e-05    0.0051   14.1   0.1    30    69   362   401   352   411 0.87 # 3164831 # 3166621 # -1 # ID=1_2802;partial=00;start_type=ATG;rbs_motif=AGGAGG;rbs_spacer=5-10bp;gc_cont=0.298
1_2921               -            399 72880at186802        -            237    0.0025   15.1   2.3   1   2   3.5e-05    0.0093   13.2   0.2    35    69    14    48     2    55 0.83 # 3309407 # 3310603 # -1 # ID=1_2921;partial=00;start_type=ATG;rbs_motif=GGA/GAG/AGG;rbs_spacer=5-10bp;gc_cont=0.277
1_2921               -            399 72880at186802        -            237    0.0025   15.1   2.3   2   2      0.23        61    0.7   0.1   123   169   113   167   108   209 0.71 # 3309407 # 3310603 # -1 # ID=1_2921;partial=00;start_type=ATG;rbs_motif=GGA/GAG/AGG;rbs_spacer=5-10bp;gc_cont=0.277
1_312                -            307 72880at186802        -            237    0.0026   15.0   0.1   1   1   1.8e-05    0.0049   14.1   0.1    35    65    17    47     9    53 0.92 # 368606 # 369526 # 1 # ID=1_312;partial=00;start_type=ATG;rbs_motif=GGAG/GAGG;rbs_spacer=5-10bp;gc_cont=0.336
1_623                -            286 72880at186802        -            237    0.0028   14.9   0.3   1   2   5.7e-05     0.015   12.5   0.0    44    68    25    49     1    55 0.78 # 750944 # 751801 # 1 # ID=1_623;partial=00;start_type=ATG;rbs_motif=AGGAGG;rbs_spacer=5-10bp;gc_cont=0.298
1_623                -            286 72880at186802        -            237    0.0028   14.9   0.3   2   2      0.33        87    0.2   0.1   120   152   194   229   181   266 0.70 # 750944 # 751801 # 1 # ID=1_623;partial=00;start_type=ATG;rbs_motif=AGGAGG;rbs_spacer=5-10bp;gc_cont=0.298
1_2861               -            261 72880at186802        -            237    0.0056   14.0   1.6   1   2   3.4e-05    0.0092   13.2   0.3    35    68    16    52     5    79 0.78 # 3241859 # 3242641 # -1 # ID=1_2861;partial=00;start_type=ATG;rbs_motif=GGA/GAG/AGG;rbs_spacer=5-10bp;gc_cont=0.309
1_2861               -            261 72880at186802        -            237    0.0056   14.0   1.6   2   2      0.57   1.5e+02   -0.6   0.1    36    47   180   191   149   244 0.55 # 3241859 # 3242641 # -1 # ID=1_2861;partial=00;start_type=ATG;rbs_motif=GGA/GAG/AGG;rbs_spacer=5-10bp;gc_cont=0.309
1_110                -            278 72880at186802        -            237    0.0062   13.8   0.5   1   2   0.00011     0.029   11.6   0.0    32    65    18    51     8    71 0.88 # 125471 # 126304 # 1 # ID=1_110;partial=00;start_type=ATG;rbs_motif=AGGAG;rbs_spacer=5-10bp;gc_cont=0.306
1_110                -            278 72880at186802        -            237    0.0062   13.8   0.5   2   2       0.4   1.1e+02   -0.1   0.1   105   161   159   213   147   243 0.60 # 125471 # 126304 # 1 # ID=1_110;partial=00;start_type=ATG;rbs_motif=AGGAG;rbs_spacer=5-10bp;gc_cont=0.306
1_423                -            486 72880at186802        -            237    0.0062   13.8   0.8   1   2     0.012       3.3    4.9   0.1    39    65    20    46    12    52 0.86 # 509528 # 510985 # 1 # ID=1_423;partial=00;start_type=GTG;rbs_motif=AGGAG/GGAGG;rbs_spacer=11-12bp;gc_cont=0.270
1_423                -            486 72880at186802        -            237    0.0062   13.8   0.8   2   2    0.0035      0.94    6.7   0.0    34    64   274   304   255   315 0.86 # 509528 # 510985 # 1 # ID=1_423;partial=00;start_type=GTG;rbs_motif=AGGAG/GGAGG;rbs_spacer=11-12bp;gc_cont=0.270
1_2066               -            236 72880at186802        -            237     0.019   12.2   0.1   1   1   0.00011      0.03   11.6   0.1    35    68    14    47     4    54 0.88 # 2307235 # 2307942 # -1 # ID=1_2066;partial=00;start_type=ATG;rbs_motif=GGAGG;rbs_spacer=5-10bp;gc_cont=0.288
1_160                -            151 72880at186802        -            237     0.037   11.2   0.1   1   1   0.00024     0.064   10.5   0.1    33    70    11    48     7    54 0.88 # 206153 # 206605 # 1 # ID=1_160;partial=00;start_type=ATG;rbs_motif=GGAG/GAGG;rbs_spacer=5-10bp;gc_cont=0.265
#
# Program:         hmmsearch
# Version:         3.1b2 (February 2015)
# Pipeline mode:   SEARCH
# Query file:      /home/johngn/Microbial-Genomics-Journey-Workshop-2023/Reads_session_3/busco_downloads/lineages/clostridiales_odb10/hmms/72880at186802.hmm
# Target file:     /home/johngn/Microbial-Genomics-Journey-Workshop-2023/Reads_session_3/busco_op3/prodigal_output/predicted_genes/predicted.faa
# Option settings: hmmsearch --domtblout /home/johngn/Microbial-Genomics-Journey-Workshop-2023/Reads_session_3/busco_op3/run_clostridiales_odb10/hmmer_output/72880at186802.out --cpu 1 /home/johngn/Microbial-Genomics-Journey-Workshop-2023/Reads_session_3/busco_downloads/lineages/clostridiales_odb10/hmms/72880at186802.hmm /home/johngn/Microbial-Genomics-Journey-Workshop-2023/Reads_session_3/busco_op3/prodigal_output/predicted_genes/predicted.faa 
# Current dir:     /home/johngn/Microbial-Genomics-Journey-Workshop-2023/Reads_session_3
# Date:            Wed Mar  1 18:12:49 2023
# [ok]
