#                                                                            --- full sequence --- -------------- this domain -------------   hmm coord   ali coord   env coord
# target name        accession   tlen query name           accession   qlen   E-value  score  bias   #  of  c-Evalue  i-Evalue  score  bias  from    to  from    to  from    to  acc description of target
#------------------- ---------- ----- -------------------- ---------- ----- --------- ------ ----- --- --- --------- --------- ------ ----- ----- ----- ----- ----- ----- ----- ---- ---------------------
1_1160               -            696 7867at186802         -            473  1.8e-182  605.1  29.1   1   5   1.8e-92   1.7e-89  298.5   1.2     1   167    20   200    20   222 0.92 # 1370436 # 1372523 # 1 # ID=1_1160;partial=00;start_type=ATG;rbs_motif=GGxGG;rbs_spacer=11-12bp;gc_cont=0.307
1_1160               -            696 7867at186802         -            473  1.8e-182  605.1  29.1   2   5     1e-22   9.6e-20   68.6   0.8   140   234   207   314   202   323 0.82 # 1370436 # 1372523 # 1 # ID=1_1160;partial=00;start_type=ATG;rbs_motif=GGxGG;rbs_spacer=11-12bp;gc_cont=0.307
1_1160               -            696 7867at186802         -            473  1.8e-182  605.1  29.1   3   5   8.4e-26   7.8e-23   78.7   0.1   235   308   341   423   335   431 0.84 # 1370436 # 1372523 # 1 # ID=1_1160;partial=00;start_type=ATG;rbs_motif=GGxGG;rbs_spacer=11-12bp;gc_cont=0.307
1_1160               -            696 7867at186802         -            473  1.8e-182  605.1  29.1   4   5   7.7e-56   7.2e-53  177.8   2.2   308   473   450   651   445   651 0.83 # 1370436 # 1372523 # 1 # ID=1_1160;partial=00;start_type=ATG;rbs_motif=GGxGG;rbs_spacer=11-12bp;gc_cont=0.307
1_1160               -            696 7867at186802         -            473  1.8e-182  605.1  29.1   5   5      0.15   1.4e+02   -1.2   1.5   407   442   653   690   651   695 0.56 # 1370436 # 1372523 # 1 # ID=1_1160;partial=00;start_type=ATG;rbs_motif=GGxGG;rbs_spacer=11-12bp;gc_cont=0.307
1_2247               -            709 7867at186802         -            473   1.1e-37  127.7  16.6   1   4   5.5e-15   5.2e-12   43.1   1.0    36   178    76   237    70   255 0.78 # 2513938 # 2516064 # -1 # ID=1_2247;partial=00;start_type=ATG;rbs_motif=AGGA/GGAG/GAGG;rbs_spacer=11-12bp;gc_cont=0.297
1_2247               -            709 7867at186802         -            473   1.1e-37  127.7  16.6   2   4   2.7e-10   2.5e-07   27.6   0.4   160   234   250   327   228   334 0.74 # 2513938 # 2516064 # -1 # ID=1_2247;partial=00;start_type=ATG;rbs_motif=AGGA/GGAG/GAGG;rbs_spacer=11-12bp;gc_cont=0.297
1_2247               -            709 7867at186802         -            473   1.1e-37  127.7  16.6   3   4   8.3e-07   0.00078   16.1   0.0   225   309   351   440   346   449 0.83 # 2513938 # 2516064 # -1 # ID=1_2247;partial=00;start_type=ATG;rbs_motif=AGGA/GGAG/GAGG;rbs_spacer=11-12bp;gc_cont=0.297
1_2247               -            709 7867at186802         -            473   1.1e-37  127.7  16.6   4   4   6.8e-17   6.3e-14   49.4   2.0   305   469   465   655   450   658 0.73 # 2513938 # 2516064 # -1 # ID=1_2247;partial=00;start_type=ATG;rbs_motif=AGGA/GGAG/GAGG;rbs_spacer=11-12bp;gc_cont=0.297
1_3426               -            306 7867at186802         -            473   2.1e-26   90.5   3.0   1   2     1e-17   9.4e-15   52.1   0.5    34   165    72   219    29   238 0.75 # 3869059 # 3869976 # -1 # ID=1_3426;partial=00;start_type=ATG;rbs_motif=AGGAGG;rbs_spacer=5-10bp;gc_cont=0.368
1_3426               -            306 7867at186802         -            473   2.1e-26   90.5   3.0   2   2   1.1e-13     1e-10   38.8   0.1   166   225   245   304   224   305 0.87 # 3869059 # 3869976 # -1 # ID=1_3426;partial=00;start_type=ATG;rbs_motif=AGGAGG;rbs_spacer=5-10bp;gc_cont=0.368
1_3425               -            259 7867at186802         -            473   2.2e-14   50.9   1.6   1   2   7.5e-07    0.0007   16.2   0.0   224   318    16   115     8   130 0.71 # 3868270 # 3869046 # -1 # ID=1_3425;partial=00;start_type=ATG;rbs_motif=GGA/GAG/AGG;rbs_spacer=3-4bp;gc_cont=0.329
1_3425               -            259 7867at186802         -            473   2.2e-14   50.9   1.6   2   2   1.1e-11   1.1e-08   32.1   0.6   306   408   133   254   126   257 0.77 # 3868270 # 3869046 # -1 # ID=1_3425;partial=00;start_type=ATG;rbs_motif=GGA/GAG/AGG;rbs_spacer=3-4bp;gc_cont=0.329
#
# Program:         hmmsearch
# Version:         3.1b2 (February 2015)
# Pipeline mode:   SEARCH
# Query file:      /home/johngn/Microbial-Genomics-Journey-Workshop-2023/Reads_session_3/busco_downloads/lineages/clostridiales_odb10/hmms/7867at186802.hmm
# Target file:     /home/johngn/Microbial-Genomics-Journey-Workshop-2023/Reads_session_3/busco_op3/prodigal_output/predicted_genes/predicted.faa
# Option settings: hmmsearch --domtblout /home/johngn/Microbial-Genomics-Journey-Workshop-2023/Reads_session_3/busco_op3/run_clostridiales_odb10/hmmer_output/7867at186802.out --cpu 1 /home/johngn/Microbial-Genomics-Journey-Workshop-2023/Reads_session_3/busco_downloads/lineages/clostridiales_odb10/hmms/7867at186802.hmm /home/johngn/Microbial-Genomics-Journey-Workshop-2023/Reads_session_3/busco_op3/prodigal_output/predicted_genes/predicted.faa 
# Current dir:     /home/johngn/Microbial-Genomics-Journey-Workshop-2023/Reads_session_3
# Date:            Wed Mar  8 16:58:13 2023
# [ok]
