#                                                                            --- full sequence --- -------------- this domain -------------   hmm coord   ali coord   env coord
# target name        accession   tlen query name           accession   qlen   E-value  score  bias   #  of  c-Evalue  i-Evalue  score  bias  from    to  from    to  from    to  acc description of target
#------------------- ---------- ----- -------------------- ---------- ----- --------- ------ ----- --- --- --------- --------- ------ ----- ----- ----- ----- ----- ----- ----- ---- ---------------------
1_2536               -            687 7940at186802         -            631  1.6e-258  856.9   5.3   1   1  5.9e-261  2.2e-258  856.5   5.3     2   625     5   672     4   678 0.89 # 2832770 # 2834830 # -1 # ID=1_2536;partial=00;start_type=TTG;rbs_motif=AGxAGG/AGGxGG;rbs_spacer=5-10bp;gc_cont=0.301
1_3557               -           1129 7940at186802         -            631  1.2e-118  394.8  12.0   1   1  5.8e-121  2.2e-118  394.0  12.0    40   599   434   994   422  1014 0.86 # 4010299 # 4013685 # -1 # ID=1_3557;partial=00;start_type=ATG;rbs_motif=GGAG/GAGG;rbs_spacer=5-10bp;gc_cont=0.286
1_2564               -            830 7940at186802         -            631     4e-20   69.4   0.0   1   2   1.3e-17   4.7e-15   52.6   0.0   215   348   283   411   243   416 0.90 # 2863035 # 2865524 # -1 # ID=1_2564;partial=00;start_type=ATG;rbs_motif=GGAG/GAGG;rbs_spacer=5-10bp;gc_cont=0.266
1_2564               -            830 7940at186802         -            631     4e-20   69.4   0.0   2   2     5e-06    0.0019   14.3   0.0   470   543   608   692   581   716 0.68 # 2863035 # 2865524 # -1 # ID=1_2564;partial=00;start_type=ATG;rbs_motif=GGAG/GAGG;rbs_spacer=5-10bp;gc_cont=0.266
1_739                -            538 7940at186802         -            631   4.9e-13   46.0   0.2   1   1   4.3e-14   1.6e-11   41.0   0.2   243   506    47   314    43   360 0.71 # 911557 # 913170 # 1 # ID=1_739;partial=00;start_type=ATG;rbs_motif=GGAG/GAGG;rbs_spacer=5-10bp;gc_cont=0.315
1_3461               -            657 7940at186802         -            631   4.5e-12   42.8   6.5   1   3   1.4e-06   0.00053   16.1   0.0   212   294     6    84     1    90 0.84 # 3913403 # 3915373 # -1 # ID=1_3461;partial=00;start_type=ATG;rbs_motif=AGGAG;rbs_spacer=5-10bp;gc_cont=0.314
1_3461               -            657 7940at186802         -            631   4.5e-12   42.8   6.5   2   3   3.3e-09   1.2e-06   24.8   0.1   432   531   437   543   433   556 0.84 # 3913403 # 3915373 # -1 # ID=1_3461;partial=00;start_type=ATG;rbs_motif=AGGAG;rbs_spacer=5-10bp;gc_cont=0.314
1_3461               -            657 7940at186802         -            631   4.5e-12   42.8   6.5   3   3     0.014       5.1    3.0   1.7    97   194   559   654   540   656 0.74 # 3913403 # 3915373 # -1 # ID=1_3461;partial=00;start_type=ATG;rbs_motif=AGGAG;rbs_spacer=5-10bp;gc_cont=0.314
1_2151               -            498 7940at186802         -            631   1.6e-11   41.0   3.8   1   1   1.3e-13   4.8e-11   39.4   3.8   239   552    42   361     5   376 0.76 # 2401330 # 2402823 # -1 # ID=1_2151;partial=00;start_type=ATG;rbs_motif=AGxAGG/AGGxGG;rbs_spacer=5-10bp;gc_cont=0.258
1_808                -            370 7940at186802         -            631   1.3e-10   38.0   0.3   1   1   6.5e-13   2.4e-10   37.1   0.3   246   546    47   349    39   363 0.77 # 983676 # 984785 # -1 # ID=1_808;partial=00;start_type=ATG;rbs_motif=GGA/GAG/AGG;rbs_spacer=5-10bp;gc_cont=0.294
1_2067               -            382 7940at186802         -            631   4.5e-09   32.9   6.2   1   2   6.4e-08   2.4e-05   20.6   2.1   240   346    42   155    10   158 0.76 # 2308195 # 2309340 # 1 # ID=1_2067;partial=00;start_type=ATG;rbs_motif=AGGAG;rbs_spacer=5-10bp;gc_cont=0.278
1_2067               -            382 7940at186802         -            631   4.5e-09   32.9   6.2   2   2   5.2e-06    0.0019   14.3   0.1   443   537   253   344   246   364 0.75 # 2308195 # 2309340 # 1 # ID=1_2067;partial=00;start_type=ATG;rbs_motif=AGGAG;rbs_spacer=5-10bp;gc_cont=0.278
1_1611               -            828 7940at186802         -            631   1.1e-07   28.3   0.1   1   2     0.075        28    0.5   0.0   287   323    75   111    69   144 0.74 # 1860030 # 1862513 # 1 # ID=1_1611;partial=00;start_type=ATG;rbs_motif=AGGAG;rbs_spacer=5-10bp;gc_cont=0.272
1_1611               -            828 7940at186802         -            631   1.1e-07   28.3   0.1   2   2   4.5e-09   1.7e-06   24.4   0.0   443   541   239   334   218   346 0.90 # 1860030 # 1862513 # 1 # ID=1_1611;partial=00;start_type=ATG;rbs_motif=AGGAG;rbs_spacer=5-10bp;gc_cont=0.272
1_2429               -            803 7940at186802         -            631   1.4e-05   21.3   0.1   1   2       1.3   4.8e+02   -3.6   0.0   435   469   327   360   317   366 0.74 # 2701784 # 2704192 # -1 # ID=1_2429;partial=00;start_type=ATG;rbs_motif=GGA/GAG/AGG;rbs_spacer=5-10bp;gc_cont=0.251
1_2429               -            803 7940at186802         -            631   1.4e-05   21.3   0.1   2   2   1.1e-07   4.1e-05   19.8   0.1   410   502   511   599   501   651 0.81 # 2701784 # 2704192 # -1 # ID=1_2429;partial=00;start_type=ATG;rbs_motif=GGA/GAG/AGG;rbs_spacer=5-10bp;gc_cont=0.251
#
# Program:         hmmsearch
# Version:         3.1b2 (February 2015)
# Pipeline mode:   SEARCH
# Query file:      /home/johngn/Microbial-Genomics-Journey-Workshop-2023/Reads_session_3/busco_downloads/lineages/clostridiales_odb10/hmms/7940at186802.hmm
# Target file:     /home/johngn/Microbial-Genomics-Journey-Workshop-2023/Reads_session_3/busco_op3/prodigal_output/predicted_genes/predicted.faa
# Option settings: hmmsearch --domtblout /home/johngn/Microbial-Genomics-Journey-Workshop-2023/Reads_session_3/busco_op3/run_clostridiales_odb10/hmmer_output/7940at186802.out --cpu 1 /home/johngn/Microbial-Genomics-Journey-Workshop-2023/Reads_session_3/busco_downloads/lineages/clostridiales_odb10/hmms/7940at186802.hmm /home/johngn/Microbial-Genomics-Journey-Workshop-2023/Reads_session_3/busco_op3/prodigal_output/predicted_genes/predicted.faa 
# Current dir:     /home/johngn/Microbial-Genomics-Journey-Workshop-2023/Reads_session_3
# Date:            Wed Mar  8 16:58:13 2023
# [ok]
