#                                                                            --- full sequence --- -------------- this domain -------------   hmm coord   ali coord   env coord
# target name        accession   tlen query name           accession   qlen   E-value  score  bias   #  of  c-Evalue  i-Evalue  score  bias  from    to  from    to  from    to  acc description of target
#------------------- ---------- ----- -------------------- ---------- ----- --------- ------ ----- --- --- --------- --------- ------ ----- ----- ----- ----- ----- ----- ----- ---- ---------------------
1_2428               -            316 81270at186802        -            190   1.1e-53  179.4  19.3   1   3   0.00024     0.074   10.3   1.3     2    54     3    61     2    77 0.72 # 2700395 # 2701342 # -1 # ID=1_2428;partial=00;start_type=ATG;rbs_motif=GGAG/GAGG;rbs_spacer=5-10bp;gc_cont=0.313
1_2428               -            316 81270at186802        -            190   1.1e-53  179.4  19.3   2   3     0.069        22    2.3   0.5    14    53    48    87    40    92 0.81 # 2700395 # 2701342 # -1 # ID=1_2428;partial=00;start_type=ATG;rbs_motif=GGAG/GAGG;rbs_spacer=5-10bp;gc_cont=0.313
1_2428               -            316 81270at186802        -            190   1.1e-53  179.4  19.3   3   3   8.6e-53   2.7e-50  168.3  10.2    36   176   107   281    82   292 0.81 # 2700395 # 2701342 # -1 # ID=1_2428;partial=00;start_type=ATG;rbs_motif=GGAG/GAGG;rbs_spacer=5-10bp;gc_cont=0.313
1_3539               -            283 81270at186802        -            190   6.2e-08   30.1   0.7   1   1   3.4e-10   1.1e-07   29.4   0.7    93   147   110   165   100   188 0.86 # 3992325 # 3993173 # -1 # ID=1_3539;partial=00;start_type=ATG;rbs_motif=AGGA;rbs_spacer=5-10bp;gc_cont=0.261
1_3602               -            249 81270at186802        -            190     3e-07   27.9   0.8   1   2   1.4e-09   4.4e-07   27.4   0.4    89   147    38    97    18   117 0.85 # 4059458 # 4060204 # -1 # ID=1_3602;partial=00;start_type=ATG;rbs_motif=AGGAG;rbs_spacer=5-10bp;gc_cont=0.293
1_3602               -            249 81270at186802        -            190     3e-07   27.9   0.8   2   2       3.4   1.1e+03   -3.2   0.0    34    55   224   245   219   246 0.82 # 4059458 # 4060204 # -1 # ID=1_3602;partial=00;start_type=ATG;rbs_motif=AGGAG;rbs_spacer=5-10bp;gc_cont=0.293
1_2535               -            185 81270at186802        -            190   3.6e-07   27.6   0.1   1   1   1.8e-09   5.7e-07   27.0   0.1    96   151    43    98    32   118 0.87 # 2832157 # 2832711 # -1 # ID=1_2535;partial=00;start_type=TTG;rbs_motif=GGAG/GAGG;rbs_spacer=5-10bp;gc_cont=0.281
1_3442               -            545 81270at186802        -            190   0.00023   18.5   1.2   1   2      0.88   2.7e+02   -1.3   0.4    95   144     9    59     4    62 0.76 # 3884436 # 3886070 # -1 # ID=1_3442;partial=00;start_type=ATG;rbs_motif=GGAGG;rbs_spacer=5-10bp;gc_cont=0.317
1_3442               -            545 81270at186802        -            190   0.00023   18.5   1.2   2   2   1.8e-06   0.00056   17.2   0.0    90   144   301   354   271   370 0.90 # 3884436 # 3886070 # -1 # ID=1_3442;partial=00;start_type=ATG;rbs_motif=GGAGG;rbs_spacer=5-10bp;gc_cont=0.317
1_646                -            236 81270at186802        -            190   0.00032   18.0   0.0   1   1   1.9e-06    0.0006   17.1   0.0    91   125    35    69    29    87 0.86 # 790023 # 790730 # 1 # ID=1_646;partial=00;start_type=ATG;rbs_motif=AGGA;rbs_spacer=5-10bp;gc_cont=0.311
1_1766               -            245 81270at186802        -            190   0.00043   17.6   0.0   1   1   2.3e-06   0.00071   16.9   0.0    97   142    45    90    32    96 0.92 # 2026782 # 2027516 # 1 # ID=1_1766;partial=00;start_type=ATG;rbs_motif=GGAGG;rbs_spacer=5-10bp;gc_cont=0.284
1_191                -            396 81270at186802        -            190   0.00087   16.6   0.0   1   1   5.5e-06    0.0017   15.7   0.0    91   144   162   215   154   220 0.87 # 244566 # 245753 # -1 # ID=1_191;partial=00;start_type=ATG;rbs_motif=AGGAG;rbs_spacer=5-10bp;gc_cont=0.300
1_3476               -            192 81270at186802        -            190   0.00093   16.5   0.1   1   1   5.2e-06    0.0016   15.7   0.1    92   144    28    81     8    94 0.85 # 3935578 # 3936153 # -1 # ID=1_3476;partial=00;start_type=ATG;rbs_motif=None;rbs_spacer=None;gc_cont=0.280
1_388                -            452 81270at186802        -            190    0.0023   15.3   0.7   1   1   1.4e-05    0.0043   14.3   0.7    98   160   311   372   302   379 0.84 # 461048 # 462403 # 1 # ID=1_388;partial=00;start_type=GTG;rbs_motif=GGAGG;rbs_spacer=5-10bp;gc_cont=0.332
1_1782               -            150 81270at186802        -            190    0.0067   13.7   0.1   1   1     3e-05    0.0093   13.3   0.1   111   176    22    87     2    97 0.85 # 2039792 # 2040241 # 1 # ID=1_1782;partial=00;start_type=ATG;rbs_motif=AGGA/GGAG/GAGG;rbs_spacer=11-12bp;gc_cont=0.282
1_1678               -            277 81270at186802        -            190     0.008   13.5   0.0   1   1   4.9e-05     0.015   12.5   0.0    94   143    66   114    59   123 0.85 # 1923298 # 1924128 # 1 # ID=1_1678;partial=00;start_type=TTG;rbs_motif=AGGAG;rbs_spacer=5-10bp;gc_cont=0.258
#
# Program:         hmmsearch
# Version:         3.1b2 (February 2015)
# Pipeline mode:   SEARCH
# Query file:      /home/johngn/Microbial-Genomics-Journey-Workshop-2023/Reads_session_3/busco_downloads/lineages/clostridiales_odb10/hmms/81270at186802.hmm
# Target file:     /home/johngn/Microbial-Genomics-Journey-Workshop-2023/Reads_session_3/busco_op3/prodigal_output/predicted_genes/predicted.faa
# Option settings: hmmsearch --domtblout /home/johngn/Microbial-Genomics-Journey-Workshop-2023/Reads_session_3/busco_op3/run_clostridiales_odb10/hmmer_output/81270at186802.out --cpu 1 /home/johngn/Microbial-Genomics-Journey-Workshop-2023/Reads_session_3/busco_downloads/lineages/clostridiales_odb10/hmms/81270at186802.hmm /home/johngn/Microbial-Genomics-Journey-Workshop-2023/Reads_session_3/busco_op3/prodigal_output/predicted_genes/predicted.faa 
# Current dir:     /home/johngn/Microbial-Genomics-Journey-Workshop-2023/Reads_session_3
# Date:            Wed Mar  8 16:58:14 2023
# [ok]
