#                                                                            --- full sequence --- -------------- this domain -------------   hmm coord   ali coord   env coord
# target name        accession   tlen query name           accession   qlen   E-value  score  bias   #  of  c-Evalue  i-Evalue  score  bias  from    to  from    to  from    to  acc description of target
#------------------- ---------- ----- -------------------- ---------- ----- --------- ------ ----- --- --- --------- --------- ------ ----- ----- ----- ----- ----- ----- ----- ---- ---------------------
1_1088               -            622 8349at186802         -            477  1.8e-184  611.4   8.9   1   3   6.2e-94   3.3e-91  303.9   2.1     6   184    10   196     4   208 0.93 # 1296273 # 1298138 # 1 # ID=1_1088;partial=00;start_type=ATG;rbs_motif=GGAG/GAGG;rbs_spacer=5-10bp;gc_cont=0.309
1_1088               -            622 8349at186802         -            477  1.8e-184  611.4   8.9   2   3     6e-92   3.2e-89  297.3   0.1   170   408   211   479   205   490 0.86 # 1296273 # 1298138 # 1 # ID=1_1088;partial=00;start_type=ATG;rbs_motif=GGAG/GAGG;rbs_spacer=5-10bp;gc_cont=0.309
1_1088               -            622 8349at186802         -            477  1.8e-184  611.4   8.9   3   3   9.6e-06    0.0051   13.0   0.1   413   461   519   576   493   602 0.78 # 1296273 # 1298138 # 1 # ID=1_1088;partial=00;start_type=ATG;rbs_motif=GGAG/GAGG;rbs_spacer=5-10bp;gc_cont=0.309
1_2295               -            307 8349at186802         -            477   1.3e-32  110.6   0.9   1   2   1.2e-31   6.3e-29   98.5   0.1   259   425     7   185     3   207 0.81 # 2558758 # 2559678 # -1 # ID=1_2295;partial=00;start_type=ATG;rbs_motif=AGGAGG;rbs_spacer=5-10bp;gc_cont=0.342
1_2295               -            307 8349at186802         -            477   1.3e-32  110.6   0.9   2   2   3.1e-05     0.016   11.4   0.2   408   460   202   263   181   274 0.81 # 2558758 # 2559678 # -1 # ID=1_2295;partial=00;start_type=ATG;rbs_motif=AGGAGG;rbs_spacer=5-10bp;gc_cont=0.342
1_3513               -            314 8349at186802         -            477   8.4e-32  108.0   0.9   1   2   6.5e-31   3.5e-28   96.0   0.1   263   411    13   173     2   203 0.83 # 3973159 # 3974100 # -1 # ID=1_3513;partial=00;start_type=ATG;rbs_motif=AGGAGG;rbs_spacer=5-10bp;gc_cont=0.324
1_3513               -            314 8349at186802         -            477   8.4e-32  108.0   0.9   2   2   5.4e-05     0.029   10.6   0.1   414   458   210   263   199   277 0.76 # 3973159 # 3974100 # -1 # ID=1_3513;partial=00;start_type=ATG;rbs_motif=AGGAGG;rbs_spacer=5-10bp;gc_cont=0.324
1_3514               -            276 8349at186802         -            477   3.5e-15   53.2   0.1   1   1   7.6e-16   4.1e-13   46.4   0.1    16   255     5   259     2   270 0.77 # 3974093 # 3974920 # -1 # ID=1_3514;partial=00;start_type=ATG;rbs_motif=GGAGG;rbs_spacer=5-10bp;gc_cont=0.365
1_41                 -            329 8349at186802         -            477   9.2e-12   41.9   1.6   1   2   1.4e-12   7.6e-10   35.6   0.2   287   393    47   164     6   182 0.71 # 66441 # 67427 # 1 # ID=1_41;partial=00;start_type=ATG;rbs_motif=AGGAGG;rbs_spacer=5-10bp;gc_cont=0.352
1_41                 -            329 8349at186802         -            477   9.2e-12   41.9   1.6   2   2    0.0019         1    5.5   0.1   394   456   205   276   196   283 0.68 # 66441 # 67427 # 1 # ID=1_41;partial=00;start_type=ATG;rbs_motif=AGGAGG;rbs_spacer=5-10bp;gc_cont=0.352
1_2296               -            271 8349at186802         -            477     4e-11   39.8   0.6   1   1     1e-12   5.5e-10   36.0   0.6    18   255     4   256     1   266 0.74 # 2559681 # 2560493 # -1 # ID=1_2296;partial=00;start_type=ATG;rbs_motif=AGGAGG;rbs_spacer=5-10bp;gc_cont=0.336
1_1053               -            464 8349at186802         -            477   0.00019   17.7   0.0   1   1   5.3e-07   0.00029   17.2   0.0   342   454     7   125     3   129 0.88 # 1263777 # 1265168 # 1 # ID=1_1053;partial=00;start_type=ATG;rbs_motif=AGxAGG/AGGxGG;rbs_spacer=5-10bp;gc_cont=0.300
#
# Program:         hmmsearch
# Version:         3.1b2 (February 2015)
# Pipeline mode:   SEARCH
# Query file:      /home/johngn/Microbial-Genomics-Journey-Workshop-2023/Reads_session_3/busco_downloads/lineages/clostridiales_odb10/hmms/8349at186802.hmm
# Target file:     /home/johngn/Microbial-Genomics-Journey-Workshop-2023/Reads_session_3/busco_op3/prodigal_output/predicted_genes/predicted.faa
# Option settings: hmmsearch --domtblout /home/johngn/Microbial-Genomics-Journey-Workshop-2023/Reads_session_3/busco_op3/run_clostridiales_odb10/hmmer_output/8349at186802.out --cpu 1 /home/johngn/Microbial-Genomics-Journey-Workshop-2023/Reads_session_3/busco_downloads/lineages/clostridiales_odb10/hmms/8349at186802.hmm /home/johngn/Microbial-Genomics-Journey-Workshop-2023/Reads_session_3/busco_op3/prodigal_output/predicted_genes/predicted.faa 
# Current dir:     /home/johngn/Microbial-Genomics-Journey-Workshop-2023/Reads_session_3
# Date:            Wed Mar  1 18:12:50 2023
# [ok]
