#                                                                            --- full sequence --- -------------- this domain -------------   hmm coord   ali coord   env coord
# target name        accession   tlen query name           accession   qlen   E-value  score  bias   #  of  c-Evalue  i-Evalue  score  bias  from    to  from    to  from    to  acc description of target
#------------------- ---------- ----- -------------------- ---------- ----- --------- ------ ----- --- --- --------- --------- ------ ----- ----- ----- ----- ----- ----- ----- ---- ---------------------
1_3338               -            204 86695at186802        -            145   3.9e-54  180.2   0.1   1   1   2.3e-56   7.1e-54  179.3   0.1     7   135    21   168    16   187 0.85 # 3772449 # 3773060 # -1 # ID=1_3338;partial=00;start_type=ATG;rbs_motif=GGA/GAG/AGG;rbs_spacer=11-12bp;gc_cont=0.314
1_2613               -            442 86695at186802        -            145   5.3e-11   40.3   2.2   1   2   4.4e-08   1.4e-05   22.7   0.1    10    56     6    51     2   133 0.78 # 2919230 # 2920555 # -1 # ID=1_2613;partial=00;start_type=ATG;rbs_motif=AGGAG;rbs_spacer=5-10bp;gc_cont=0.311
1_2613               -            442 86695at186802        -            145   5.3e-11   40.3   2.2   2   2   4.6e-06    0.0014   16.1   0.2     9    47   178   215   171   313 0.79 # 2919230 # 2920555 # -1 # ID=1_2613;partial=00;start_type=ATG;rbs_motif=AGGAG;rbs_spacer=5-10bp;gc_cont=0.311
1_1144               -            299 86695at186802        -            145   1.1e-08   32.7   0.3   1   2      0.15        46    1.6   0.2    83   125    36    83    21    97 0.67 # 1351216 # 1352112 # 1 # ID=1_1144;partial=00;start_type=GTG;rbs_motif=AGGAG;rbs_spacer=5-10bp;gc_cont=0.315
1_1144               -            299 86695at186802        -            145   1.1e-08   32.7   0.3   2   2   5.8e-10   1.8e-07   28.8   0.0     9    67   133   193   127   218 0.81 # 1351216 # 1352112 # 1 # ID=1_1144;partial=00;start_type=GTG;rbs_motif=AGGAG;rbs_spacer=5-10bp;gc_cont=0.315
1_3738               -            460 86695at186802        -            145     6e-07   27.1   3.1   1   1   6.7e-09   2.1e-06   25.4   3.1    12   138   224   364   219   373 0.70 # 4203745 # 4205124 # -1 # ID=1_3738;partial=00;start_type=TTG;rbs_motif=GGAG/GAGG;rbs_spacer=5-10bp;gc_cont=0.290
1_2120               -            403 86695at186802        -            145   1.8e-05   22.3   2.6   1   2     1e-07   3.1e-05   21.5   0.9     7   121     9   135     3   161 0.63 # 2367075 # 2368283 # 1 # ID=1_2120;partial=00;start_type=ATG;rbs_motif=AGxAGG/AGGxGG;rbs_spacer=5-10bp;gc_cont=0.303
1_2120               -            403 86695at186802        -            145   1.8e-05   22.3   2.6   2   2       4.6   1.4e+03   -3.3   0.0   110   125   225   240   219   252 0.67 # 2367075 # 2368283 # 1 # ID=1_2120;partial=00;start_type=ATG;rbs_motif=AGxAGG/AGGxGG;rbs_spacer=5-10bp;gc_cont=0.303
1_1421               -            707 86695at186802        -            145     7e-05   20.4   0.0   1   1   4.4e-07   0.00014   19.5   0.0     4    62    20    83    17    96 0.74 # 1648530 # 1650650 # -1 # ID=1_1421;partial=00;start_type=ATG;rbs_motif=AGGAGG;rbs_spacer=5-10bp;gc_cont=0.308
1_2414               -            298 86695at186802        -            145    0.0001   19.9   3.6   1   2   3.5e-07   0.00011   19.8   1.3    12    51     7    47     3   159 0.59 # 2690167 # 2691060 # -1 # ID=1_2414;partial=00;start_type=ATG;rbs_motif=AGGAG;rbs_spacer=5-10bp;gc_cont=0.281
1_2414               -            298 86695at186802        -            145    0.0001   19.9   3.6   2   2       2.5   7.7e+02   -2.4   0.0    91   116   212   237   195   240 0.73 # 2690167 # 2691060 # -1 # ID=1_2414;partial=00;start_type=ATG;rbs_motif=AGGAG;rbs_spacer=5-10bp;gc_cont=0.281
1_3394               -            356 86695at186802        -            145   0.00041   17.9   0.0   1   1   3.7e-06    0.0012   16.5   0.0    11    33   201   223   192   290 0.70 # 3828421 # 3829488 # -1 # ID=1_3394;partial=00;start_type=ATG;rbs_motif=AGGAGG;rbs_spacer=5-10bp;gc_cont=0.350
1_3312               -            649 86695at186802        -            145   0.00054   17.5   0.1   1   1   4.4e-06    0.0014   16.2   0.1    10    93     2    86     1   132 0.73 # 3740756 # 3742702 # 1 # ID=1_3312;partial=00;start_type=GTG;rbs_motif=AGGAGG;rbs_spacer=5-10bp;gc_cont=0.312
1_2554               -            295 86695at186802        -            145    0.0013   16.3   0.1   1   2       2.4   7.6e+02   -2.4   0.0   109   128   110   129   106   145 0.75 # 2853044 # 2853928 # -1 # ID=1_2554;partial=00;start_type=ATG;rbs_motif=GGAGG;rbs_spacer=5-10bp;gc_cont=0.286
1_2554               -            295 86695at186802        -            145    0.0013   16.3   0.1   2   2   1.1e-05    0.0034   14.9   0.0     8    35   157   184   147   221 0.81 # 2853044 # 2853928 # -1 # ID=1_2554;partial=00;start_type=ATG;rbs_motif=GGAGG;rbs_spacer=5-10bp;gc_cont=0.286
1_2178               -            424 86695at186802        -            145    0.0017   15.9   0.1   1   1   1.2e-05    0.0039   14.8   0.1     7    31   193   217   188   226 0.86 # 2433406 # 2434677 # -1 # ID=1_2178;partial=00;start_type=ATG;rbs_motif=AGGAG;rbs_spacer=5-10bp;gc_cont=0.281
1_766                -            428 86695at186802        -            145    0.0023   15.5   0.2   1   2     6e-05     0.019   12.6   0.0     9    33   201   225   193   231 0.85 # 939677 # 940960 # 1 # ID=1_766;partial=00;start_type=GTG;rbs_motif=GGAG/GAGG;rbs_spacer=5-10bp;gc_cont=0.305
1_766                -            428 86695at186802        -            145    0.0023   15.5   0.2   2   2       0.7   2.2e+02   -0.6   0.1   109   140   325   355   319   360 0.75 # 939677 # 940960 # 1 # ID=1_766;partial=00;start_type=GTG;rbs_motif=GGAG/GAGG;rbs_spacer=5-10bp;gc_cont=0.305
#
# Program:         hmmsearch
# Version:         3.1b2 (February 2015)
# Pipeline mode:   SEARCH
# Query file:      /home/johngn/Microbial-Genomics-Journey-Workshop-2023/Reads_session_3/busco_downloads/lineages/clostridiales_odb10/hmms/86695at186802.hmm
# Target file:     /home/johngn/Microbial-Genomics-Journey-Workshop-2023/Reads_session_3/busco_op3/prodigal_output/predicted_genes/predicted.faa
# Option settings: hmmsearch --domtblout /home/johngn/Microbial-Genomics-Journey-Workshop-2023/Reads_session_3/busco_op3/run_clostridiales_odb10/hmmer_output/86695at186802.out --cpu 1 /home/johngn/Microbial-Genomics-Journey-Workshop-2023/Reads_session_3/busco_downloads/lineages/clostridiales_odb10/hmms/86695at186802.hmm /home/johngn/Microbial-Genomics-Journey-Workshop-2023/Reads_session_3/busco_op3/prodigal_output/predicted_genes/predicted.faa 
# Current dir:     /home/johngn/Microbial-Genomics-Journey-Workshop-2023/Reads_session_3
# Date:            Wed Mar  8 16:58:14 2023
# [ok]
