#                                                                            --- full sequence --- -------------- this domain -------------   hmm coord   ali coord   env coord
# target name        accession   tlen query name           accession   qlen   E-value  score  bias   #  of  c-Evalue  i-Evalue  score  bias  from    to  from    to  from    to  acc description of target
#------------------- ---------- ----- -------------------- ---------- ----- --------- ------ ----- --- --- --------- --------- ------ ----- ----- ----- ----- ----- ----- ----- ---- ---------------------
1_156                -            714 8913at186802         -            594  9.2e-271  897.3  39.9   1   3   2.3e-50   2.1e-47  159.7  11.5     1   139     7   172     7   180 0.86 # 200283 # 202424 # 1 # ID=1_156;partial=00;start_type=TTG;rbs_motif=AGGAG;rbs_spacer=5-10bp;gc_cont=0.294
1_156                -            714 8913at186802         -            594  9.2e-271  897.3  39.9   2   3  6.5e-173  6.1e-170  564.4   7.8   129   479   186   568   175   595 0.88 # 200283 # 202424 # 1 # ID=1_156;partial=00;start_type=TTG;rbs_motif=AGGAG;rbs_spacer=5-10bp;gc_cont=0.294
1_156                -            714 8913at186802         -            594  9.2e-271  897.3  39.9   3   3   4.3e-55     4e-52  175.3   5.4   478   594   596   712   583   712 0.98 # 200283 # 202424 # 1 # ID=1_156;partial=00;start_type=TTG;rbs_motif=AGGAG;rbs_spacer=5-10bp;gc_cont=0.294
1_887                -            425 8913at186802         -            594   1.5e-19   67.8  15.2   1   4    0.0019       1.8    4.8   0.2   521   592    23    94     6    96 0.80 # 1072172 # 1073446 # 1 # ID=1_887;partial=00;start_type=ATG;rbs_motif=GGAG/GAGG;rbs_spacer=5-10bp;gc_cont=0.298
1_887                -            425 8913at186802         -            594   1.5e-19   67.8  15.2   2   4      0.01       9.6    2.3   0.1   527   590   116   176   100   180 0.74 # 1072172 # 1073446 # 1 # ID=1_887;partial=00;start_type=ATG;rbs_motif=GGAG/GAGG;rbs_spacer=5-10bp;gc_cont=0.298
1_887                -            425 8913at186802         -            594   1.5e-19   67.8  15.2   3   4   1.5e-14   1.4e-11   41.4   0.1   504   594   213   302   194   302 0.84 # 1072172 # 1073446 # 1 # ID=1_887;partial=00;start_type=ATG;rbs_motif=GGAG/GAGG;rbs_spacer=5-10bp;gc_cont=0.298
1_887                -            425 8913at186802         -            594   1.5e-19   67.8  15.2   4   4   4.9e-10   4.6e-07   26.5   2.4   520   594   314   388   310   388 0.93 # 1072172 # 1073446 # 1 # ID=1_887;partial=00;start_type=ATG;rbs_motif=GGAG/GAGG;rbs_spacer=5-10bp;gc_cont=0.298
1_1206               -            704 8913at186802         -            594   4.6e-12   43.0   0.8   1   2      0.56   5.3e+02   -3.4   0.3    49    74   262   287   213   308 0.54 # 1418224 # 1420335 # 1 # ID=1_1206;partial=00;start_type=ATG;rbs_motif=AGGAGG;rbs_spacer=5-10bp;gc_cont=0.333
1_1206               -            704 8913at186802         -            594   4.6e-12   43.0   0.8   2   2   4.9e-15   4.6e-12   43.0   0.8   524   593   623   691   605   692 0.92 # 1418224 # 1420335 # 1 # ID=1_1206;partial=00;start_type=ATG;rbs_motif=AGGAGG;rbs_spacer=5-10bp;gc_cont=0.333
1_2474               -            235 8913at186802         -            594     5e-10   36.3   0.2   1   1   8.4e-13   7.8e-10   35.6   0.2   389   451   166   228   152   234 0.91 # 2757359 # 2758063 # -1 # ID=1_2474;partial=00;start_type=ATG;rbs_motif=AGGAG;rbs_spacer=5-10bp;gc_cont=0.267
#
# Program:         hmmsearch
# Version:         3.1b2 (February 2015)
# Pipeline mode:   SEARCH
# Query file:      /home/johngn/Microbial-Genomics-Journey-Workshop-2023/Reads_session_3/busco_downloads/lineages/clostridiales_odb10/hmms/8913at186802.hmm
# Target file:     /home/johngn/Microbial-Genomics-Journey-Workshop-2023/Reads_session_3/busco_op3/prodigal_output/predicted_genes/predicted.faa
# Option settings: hmmsearch --domtblout /home/johngn/Microbial-Genomics-Journey-Workshop-2023/Reads_session_3/busco_op3/run_clostridiales_odb10/hmmer_output/8913at186802.out --cpu 1 /home/johngn/Microbial-Genomics-Journey-Workshop-2023/Reads_session_3/busco_downloads/lineages/clostridiales_odb10/hmms/8913at186802.hmm /home/johngn/Microbial-Genomics-Journey-Workshop-2023/Reads_session_3/busco_op3/prodigal_output/predicted_genes/predicted.faa 
# Current dir:     /home/johngn/Microbial-Genomics-Journey-Workshop-2023/Reads_session_3
# Date:            Wed Mar  8 16:58:15 2023
# [ok]
