#                                                                            --- full sequence --- -------------- this domain -------------   hmm coord   ali coord   env coord
# target name        accession   tlen query name           accession   qlen   E-value  score  bias   #  of  c-Evalue  i-Evalue  score  bias  from    to  from    to  from    to  acc description of target
#------------------- ---------- ----- -------------------- ---------- ----- --------- ------ ----- --- --- --------- --------- ------ ----- ----- ----- ----- ----- ----- ----- ---- ---------------------
1_2474               -            235 96334at186802        -             98   1.7e-30  102.9   5.2   1   2   2.5e-07   0.00031   18.7   0.0     1    59    80   137    80   141 0.76 # 2757359 # 2758063 # -1 # ID=1_2474;partial=00;start_type=ATG;rbs_motif=AGGAG;rbs_spacer=5-10bp;gc_cont=0.267
1_2474               -            235 96334at186802        -             98   1.7e-30  102.9   5.2   2   2   1.6e-27     2e-24   83.4   3.6    21    98   152   231   140   231 0.93 # 2757359 # 2758063 # -1 # ID=1_2474;partial=00;start_type=ATG;rbs_motif=AGGAG;rbs_spacer=5-10bp;gc_cont=0.267
1_156                -            714 96334at186802        -             98   2.7e-12   44.5   2.3   1   3      0.99   1.2e+03   -2.5   0.1    28    74    80    94    64   102 0.49 # 200283 # 202424 # 1 # ID=1_156;partial=00;start_type=TTG;rbs_motif=AGGAG;rbs_spacer=5-10bp;gc_cont=0.294
1_156                -            714 96334at186802        -             98   2.7e-12   44.5   2.3   2   3      0.34   4.3e+02   -1.0   0.1    36    80   212   260   189   272 0.61 # 200283 # 202424 # 1 # ID=1_156;partial=00;start_type=TTG;rbs_motif=AGGAG;rbs_spacer=5-10bp;gc_cont=0.294
1_156                -            714 96334at186802        -             98   2.7e-12   44.5   2.3   3   3   1.1e-14   1.4e-11   42.2   0.0    38    93   478   535   450   539 0.87 # 200283 # 202424 # 1 # ID=1_156;partial=00;start_type=TTG;rbs_motif=AGGAG;rbs_spacer=5-10bp;gc_cont=0.294
1_143                -            740 96334at186802        -             98   0.00021   19.2   0.6   1   4   1.7e-07   0.00021   19.2   0.6    52    95    87   133    84   136 0.79 # 184323 # 186542 # 1 # ID=1_143;partial=00;start_type=ATG;rbs_motif=AGGAG;rbs_spacer=5-10bp;gc_cont=0.281
1_143                -            740 96334at186802        -             98   0.00021   19.2   0.6   2   4     0.083     1e+02    1.0   0.1    38    65   170   197   160   202 0.78 # 184323 # 186542 # 1 # ID=1_143;partial=00;start_type=ATG;rbs_motif=AGGAG;rbs_spacer=5-10bp;gc_cont=0.281
1_143                -            740 96334at186802        -             98   0.00021   19.2   0.6   3   4     0.059        74    1.4   0.0    19    53   239   273   225   283 0.86 # 184323 # 186542 # 1 # ID=1_143;partial=00;start_type=ATG;rbs_motif=AGGAG;rbs_spacer=5-10bp;gc_cont=0.281
1_143                -            740 96334at186802        -             98   0.00021   19.2   0.6   4   4      0.34   4.3e+02   -1.0   0.2     2    48   286   331   285   364 0.58 # 184323 # 186542 # 1 # ID=1_143;partial=00;start_type=ATG;rbs_motif=AGGAG;rbs_spacer=5-10bp;gc_cont=0.281
#
# Program:         hmmsearch
# Version:         3.1b2 (February 2015)
# Pipeline mode:   SEARCH
# Query file:      /home/johngn/Microbial-Genomics-Journey-Workshop-2023/Reads_session_3/busco_downloads/lineages/clostridiales_odb10/hmms/96334at186802.hmm
# Target file:     /home/johngn/Microbial-Genomics-Journey-Workshop-2023/Reads_session_3/busco_op3/prodigal_output/predicted_genes/predicted.faa
# Option settings: hmmsearch --domtblout /home/johngn/Microbial-Genomics-Journey-Workshop-2023/Reads_session_3/busco_op3/run_clostridiales_odb10/hmmer_output/96334at186802.out --cpu 1 /home/johngn/Microbial-Genomics-Journey-Workshop-2023/Reads_session_3/busco_downloads/lineages/clostridiales_odb10/hmms/96334at186802.hmm /home/johngn/Microbial-Genomics-Journey-Workshop-2023/Reads_session_3/busco_op3/prodigal_output/predicted_genes/predicted.faa 
# Current dir:     /home/johngn/Microbial-Genomics-Journey-Workshop-2023/Reads_session_3
# Date:            Wed Mar  8 16:58:15 2023
# [ok]
