#                                                                            --- full sequence --- -------------- this domain -------------   hmm coord   ali coord   env coord
# target name        accession   tlen query name           accession   qlen   E-value  score  bias   #  of  c-Evalue  i-Evalue  score  bias  from    to  from    to  from    to  acc description of target
#------------------- ---------- ----- -------------------- ---------- ----- --------- ------ ----- --- --- --------- --------- ------ ----- ----- ----- ----- ----- ----- ----- ---- ---------------------
1_144                -            261 97594at186802        -            110   6.2e-17   59.5  15.7   1   3       2.2   8.2e+02   -2.1   0.3     1    89    30    41    17    57 0.62 # 186545 # 187327 # 1 # ID=1_144;partial=00;start_type=ATG;rbs_motif=None;rbs_spacer=None;gc_cont=0.215
1_144                -            261 97594at186802        -            110   6.2e-17   59.5  15.7   2   3      0.03        11    3.9   0.1    33    54   108   129    91   136 0.78 # 186545 # 187327 # 1 # ID=1_144;partial=00;start_type=ATG;rbs_motif=None;rbs_spacer=None;gc_cont=0.215
1_144                -            261 97594at186802        -            110   6.2e-17   59.5  15.7   3   3   1.4e-18   5.4e-16   56.5   6.2    20   105   138   243   129   248 0.77 # 186545 # 187327 # 1 # ID=1_144;partial=00;start_type=ATG;rbs_motif=None;rbs_spacer=None;gc_cont=0.215
1_2729               -            171 97594at186802        -            110   1.8e-05   22.6   0.0   1   1   8.2e-08   3.1e-05   21.8   0.0    68   102   104   138    90   145 0.87 # 3063647 # 3064159 # -1 # ID=1_2729;partial=00;start_type=ATG;rbs_motif=AGGAGG;rbs_spacer=5-10bp;gc_cont=0.337
1_1550               -            413 97594at186802        -            110   0.00057   17.8   0.0   1   2   5.5e-06     0.002   16.0   0.0    69    99   136   166   114   178 0.88 # 1791041 # 1792279 # 1 # ID=1_1550;partial=00;start_type=ATG;rbs_motif=AGGAG;rbs_spacer=5-10bp;gc_cont=0.244
1_1550               -            413 97594at186802        -            110   0.00057   17.8   0.0   2   2       8.9   3.3e+03   -4.0   0.0    22    38   312   328   307   329 0.80 # 1791041 # 1792279 # 1 # ID=1_1550;partial=00;start_type=ATG;rbs_motif=AGGAG;rbs_spacer=5-10bp;gc_cont=0.244
1_200                -            195 97594at186802        -            110   0.00075   17.4   0.0   1   1   4.1e-06    0.0015   16.4   0.0    65   102    95   134    73   143 0.70 # 255373 # 255957 # 1 # ID=1_200;partial=00;start_type=ATG;rbs_motif=GGAGG;rbs_spacer=5-10bp;gc_cont=0.332
1_2574               -            178 97594at186802        -            110    0.0011   16.8   0.1   1   1     7e-06    0.0026   15.6   0.1    75    99    96   120    87   128 0.84 # 2876687 # 2877220 # -1 # ID=1_2574;partial=00;start_type=ATG;rbs_motif=None;rbs_spacer=None;gc_cont=0.303
1_3570               -            317 97594at186802        -            110    0.0015   16.4   0.1   1   1   8.6e-06    0.0032   15.3   0.1    75   104   217   246   165   253 0.86 # 4026977 # 4027927 # -1 # ID=1_3570;partial=00;start_type=ATG;rbs_motif=AGGAGG;rbs_spacer=5-10bp;gc_cont=0.320
1_231                -            456 97594at186802        -            110    0.0019   16.1   0.1   1   2        10   3.7e+03   -4.3   0.0    18    26   275   283   270   286 0.82 # 290745 # 292112 # 1 # ID=1_231;partial=00;start_type=ATG;rbs_motif=AGGAGG;rbs_spacer=5-10bp;gc_cont=0.311
1_231                -            456 97594at186802        -            110    0.0019   16.1   0.1   2   2   1.1e-05    0.0043   14.9   0.0    67   103   332   368   295   373 0.82 # 290745 # 292112 # 1 # ID=1_231;partial=00;start_type=ATG;rbs_motif=AGGAGG;rbs_spacer=5-10bp;gc_cont=0.311
1_2673               -            176 97594at186802        -            110    0.0033   15.3   0.1   1   1   1.6e-05    0.0059   14.5   0.1    75   102    90   117    71   125 0.90 # 2988116 # 2988643 # -1 # ID=1_2673;partial=00;start_type=ATG;rbs_motif=GGAGG;rbs_spacer=5-10bp;gc_cont=0.286
1_3573               -            293 97594at186802        -            110     0.017   13.0   0.0   1   1   9.6e-05     0.036   12.0   0.0    69   104   190   225   176   229 0.87 # 4030048 # 4030926 # -1 # ID=1_3573;partial=00;start_type=ATG;rbs_motif=AGGAGG;rbs_spacer=5-10bp;gc_cont=0.301
1_3182               -            180 97594at186802        -            110     0.024   12.6   0.5   1   1   0.00013     0.048   11.6   0.5    75   103    93   121    73   128 0.87 # 3636654 # 3637193 # -1 # ID=1_3182;partial=00;start_type=ATG;rbs_motif=GGAGG;rbs_spacer=5-10bp;gc_cont=0.281
#
# Program:         hmmsearch
# Version:         3.1b2 (February 2015)
# Pipeline mode:   SEARCH
# Query file:      /home/johngn/Microbial-Genomics-Journey-Workshop-2023/Reads_session_3/busco_downloads/lineages/clostridiales_odb10/hmms/97594at186802.hmm
# Target file:     /home/johngn/Microbial-Genomics-Journey-Workshop-2023/Reads_session_3/busco_op3/prodigal_output/predicted_genes/predicted.faa
# Option settings: hmmsearch --domtblout /home/johngn/Microbial-Genomics-Journey-Workshop-2023/Reads_session_3/busco_op3/run_clostridiales_odb10/hmmer_output/97594at186802.out --cpu 1 /home/johngn/Microbial-Genomics-Journey-Workshop-2023/Reads_session_3/busco_downloads/lineages/clostridiales_odb10/hmms/97594at186802.hmm /home/johngn/Microbial-Genomics-Journey-Workshop-2023/Reads_session_3/busco_op3/prodigal_output/predicted_genes/predicted.faa 
# Current dir:     /home/johngn/Microbial-Genomics-Journey-Workshop-2023/Reads_session_3
# Date:            Wed Mar  1 18:12:51 2023
# [ok]
