#                                                                            --- full sequence --- -------------- this domain -------------   hmm coord   ali coord   env coord
# target name        accession   tlen query name           accession   qlen   E-value  score  bias   #  of  c-Evalue  i-Evalue  score  bias  from    to  from    to  from    to  acc description of target
#------------------- ---------- ----- -------------------- ---------- ----- --------- ------ ----- --- --- --------- --------- ------ ----- ----- ----- ----- ----- ----- ----- ---- ---------------------
1_160                -            151 97917at186802        -            107   8.3e-40  133.1   0.1   1   1   3.2e-42   1.1e-39  132.7   0.1     2   102     9   116     8   122 0.90 # 206153 # 206605 # 1 # ID=1_160;partial=00;start_type=ATG;rbs_motif=GGAG/GAGG;rbs_spacer=5-10bp;gc_cont=0.265
1_3336               -            360 97917at186802        -            107   3.2e-07   28.3   0.0   1   2   0.00066      0.22    9.5   0.0    12    40    26    54    18    67 0.89 # 3769157 # 3770236 # -1 # ID=1_3336;partial=00;start_type=ATG;rbs_motif=AGGAGG;rbs_spacer=5-10bp;gc_cont=0.283
1_3336               -            360 97917at186802        -            107   3.2e-07   28.3   0.0   2   2   6.2e-06    0.0021   16.0   0.0     9    39   207   237   202   254 0.74 # 3769157 # 3770236 # -1 # ID=1_3336;partial=00;start_type=ATG;rbs_motif=AGGAGG;rbs_spacer=5-10bp;gc_cont=0.283
1_29                 -            816 97917at186802        -            107   0.00011   20.2   0.0   1   2   5.4e-05     0.019   13.0   0.0     3    46   192   235   190   246 0.88 # 48021 # 50468 # 1 # ID=1_29;partial=00;start_type=GTG;rbs_motif=AGGAGG;rbs_spacer=5-10bp;gc_cont=0.312
1_29                 -            816 97917at186802        -            107   0.00011   20.2   0.0   2   2     0.027       9.3    4.3   0.0    21    39   547   565   540   573 0.85 # 48021 # 50468 # 1 # ID=1_29;partial=00;start_type=GTG;rbs_motif=AGGAGG;rbs_spacer=5-10bp;gc_cont=0.312
1_1896               -            865 97917at186802        -            107   0.00028   18.9   0.0   1   2   0.00057      0.19    9.7   0.0     3    41   190   228   188   234 0.84 # 2156420 # 2159014 # -1 # ID=1_1896;partial=00;start_type=ATG;rbs_motif=GGAGG;rbs_spacer=5-10bp;gc_cont=0.303
1_1896               -            865 97917at186802        -            107   0.00028   18.9   0.0   2   2    0.0084       2.9    6.0   0.0    21    41   609   629   601   635 0.85 # 2156420 # 2159014 # -1 # ID=1_1896;partial=00;start_type=ATG;rbs_motif=GGAGG;rbs_spacer=5-10bp;gc_cont=0.303
1_423                -            486 97917at186802        -            107   0.00047   18.2   0.3   1   2     0.014       4.9    5.2   0.0    15    37    27    49    18    54 0.85 # 509528 # 510985 # 1 # ID=1_423;partial=00;start_type=GTG;rbs_motif=AGGAG/GGAGG;rbs_spacer=11-12bp;gc_cont=0.270
1_423                -            486 97917at186802        -            107   0.00047   18.2   0.3   2   2    0.0004      0.14   10.2   0.1    16    38   287   309   277   317 0.84 # 509528 # 510985 # 1 # ID=1_423;partial=00;start_type=GTG;rbs_motif=AGGAG/GGAGG;rbs_spacer=11-12bp;gc_cont=0.270
1_3339               -            788 97917at186802        -            107    0.0025   15.8   0.0   1   1   2.5e-05    0.0085   14.1   0.0    12    44   349   382   342   386 0.83 # 3773050 # 3775413 # -1 # ID=1_3339;partial=00;start_type=ATG;rbs_motif=AGGAG;rbs_spacer=5-10bp;gc_cont=0.308
1_1736               -            217 97917at186802        -            107     0.003   15.5   0.1   1   1   1.9e-05    0.0066   14.4   0.1    19    58     5    44     1   104 0.79 # 1985332 # 1985982 # 1 # ID=1_1736;partial=00;start_type=ATG;rbs_motif=GGAG/GAGG;rbs_spacer=5-10bp;gc_cont=0.289
1_2572               -            551 97917at186802        -            107    0.0054   14.7   0.5   1   2    0.0052       1.8    6.6   0.1    18    45    30    57    22    63 0.87 # 2873241 # 2874893 # -1 # ID=1_2572;partial=00;start_type=ATG;rbs_motif=AGGAGG;rbs_spacer=5-10bp;gc_cont=0.276
1_2572               -            551 97917at186802        -            107    0.0054   14.7   0.5   2   2     0.011       3.8    5.6   0.0    17    39   314   336   306   344 0.86 # 2873241 # 2874893 # -1 # ID=1_2572;partial=00;start_type=ATG;rbs_motif=AGGAGG;rbs_spacer=5-10bp;gc_cont=0.276
1_2221               -            274 97917at186802        -            107    0.0056   14.7   0.0   1   1   3.9e-05     0.013   13.5   0.0    11    45    26    60    19    72 0.85 # 2481037 # 2481858 # -1 # ID=1_2221;partial=00;start_type=ATG;rbs_motif=AGGAG;rbs_spacer=5-10bp;gc_cont=0.307
1_2921               -            399 97917at186802        -            107     0.019   12.9   0.0   1   1   0.00017     0.058   11.4   0.0    15    40    25    50    14    55 0.87 # 3309407 # 3310603 # -1 # ID=1_2921;partial=00;start_type=ATG;rbs_motif=GGA/GAG/AGG;rbs_spacer=5-10bp;gc_cont=0.277
1_2875               -            330 97917at186802        -            107     0.051   11.6   1.5   1   3   0.00028     0.097   10.7   0.0    15    51    27    60    15    69 0.82 # 3256543 # 3257532 # -1 # ID=1_2875;partial=00;start_type=ATG;rbs_motif=AGGAG;rbs_spacer=5-10bp;gc_cont=0.291
1_2875               -            330 97917at186802        -            107     0.051   11.6   1.5   2   3       3.9   1.3e+03   -2.6   0.0    64    81   174   191   164   204 0.71 # 3256543 # 3257532 # -1 # ID=1_2875;partial=00;start_type=ATG;rbs_motif=AGGAG;rbs_spacer=5-10bp;gc_cont=0.291
1_2875               -            330 97917at186802        -            107     0.051   11.6   1.5   3   3       3.3   1.1e+03   -2.4   0.1    83   105   291   315   278   317 0.67 # 3256543 # 3257532 # -1 # ID=1_2875;partial=00;start_type=ATG;rbs_motif=AGGAG;rbs_spacer=5-10bp;gc_cont=0.291
#
# Program:         hmmsearch
# Version:         3.1b2 (February 2015)
# Pipeline mode:   SEARCH
# Query file:      /home/johngn/Microbial-Genomics-Journey-Workshop-2023/Reads_session_3/busco_downloads/lineages/clostridiales_odb10/hmms/97917at186802.hmm
# Target file:     /home/johngn/Microbial-Genomics-Journey-Workshop-2023/Reads_session_3/busco_op3/prodigal_output/predicted_genes/predicted.faa
# Option settings: hmmsearch --domtblout /home/johngn/Microbial-Genomics-Journey-Workshop-2023/Reads_session_3/busco_op3/run_clostridiales_odb10/hmmer_output/97917at186802.out --cpu 1 /home/johngn/Microbial-Genomics-Journey-Workshop-2023/Reads_session_3/busco_downloads/lineages/clostridiales_odb10/hmms/97917at186802.hmm /home/johngn/Microbial-Genomics-Journey-Workshop-2023/Reads_session_3/busco_op3/prodigal_output/predicted_genes/predicted.faa 
# Current dir:     /home/johngn/Microbial-Genomics-Journey-Workshop-2023/Reads_session_3
# Date:            Wed Mar  8 16:58:15 2023
# [ok]
