2023-03-01 18:09:54 DEBUG:busco.run_BUSCO	Command line: /home/johngn/miniconda3/envs/busco/bin/busco -i /home/johngn/MGJW/problem_set3/out_S56/contigs.fa -l bacteria_odb10 -o busco_op -m genome
2023-03-01 18:09:54 INFO:busco.run_BUSCO	***** Start a BUSCO v5.4.4 analysis, current time: 03/01/2023 18:09:54 *****
2023-03-01 18:09:54 DEBUG:busco.ConfigManager	Getting config file
2023-03-01 18:09:54 INFO:busco.ConfigManager	Configuring BUSCO with local environment
2023-03-01 18:09:54 INFO:busco.BuscoConfig	Mode is genome
2023-03-01 18:09:54 ERROR:busco.BuscoRunner	Input /home/johngn/MGJW/problem_set3/out_S56/contigs.fa does not exist
2023-03-01 18:09:54 DEBUG:busco.BuscoRunner	Input /home/johngn/MGJW/problem_set3/out_S56/contigs.fa does not exist
Traceback (most recent call last):
  File "/home/johngn/miniconda3/envs/busco/lib/python3.7/site-packages/busco/run_BUSCO.py", line 70, in run
    self.load_config()
  File "/home/johngn/miniconda3/envs/busco/lib/python3.7/site-packages/busco/run_BUSCO.py", line 62, in load_config
    self.config_manager.load_busco_config_main()
  File "/home/johngn/miniconda3/envs/busco/lib/python3.7/site-packages/busco/BuscoLogger.py", line 62, in wrapped_func
    self.retval = func(*args, **kwargs)
  File "/home/johngn/miniconda3/envs/busco/lib/python3.7/site-packages/busco/ConfigManager.py", line 58, in load_busco_config_main
    self.config_main.validate()
  File "/home/johngn/miniconda3/envs/busco/lib/python3.7/site-packages/busco/BuscoConfig.py", line 529, in validate
    self._check_required_input_exists()
  File "/home/johngn/miniconda3/envs/busco/lib/python3.7/site-packages/busco/BuscoConfig.py", line 719, in _check_required_input_exists
    "Input {} does not exist".format(self._input_filepath)
busco.Exceptions.BatchFatalError: Input /home/johngn/MGJW/problem_set3/out_S56/contigs.fa does not exist
2023-03-01 18:09:54 ERROR:busco.BuscoRunner	BUSCO analysis failed!
2023-03-01 18:09:54 ERROR:busco.BuscoRunner	Check the logs, read the user guide (https://busco.ezlab.org/busco_userguide.html), and check the BUSCO issue board on https://gitlab.com/ezlab/busco/issues

