#                                                                            --- full sequence --- -------------- this domain -------------   hmm coord   ali coord   env coord
# target name        accession   tlen query name           accession   qlen   E-value  score  bias   #  of  c-Evalue  i-Evalue  score  bias  from    to  from    to  from    to  acc description of target
#------------------- ---------- ----- -------------------- ---------- ----- --------- ------ ----- --- --- --------- --------- ------ ----- ----- ----- ----- ----- ----- ----- ---- ---------------------
contig02340_1        -            280 10120at72274         -            507  8.5e-119  396.1   1.6   1   1  1.2e-120  9.6e-119  395.9   1.6   268   507     1   266     1   266 0.93 # 82 # 921 # -1 # ID=2340_1;partial=01;start_type=Edge;rbs_motif=None;rbs_spacer=None;gc_cont=0.658
contig00296_2        -            597 10120at72274         -            507   1.3e-78  263.5   1.7   1   1   4.4e-80   3.4e-78  262.1   1.7    51   506    97   589    78   590 0.79 # 296 # 2086 # 1 # ID=296_2;partial=00;start_type=ATG;rbs_motif=GGA/GAG/AGG;rbs_spacer=11-12bp;gc_cont=0.678
contig02186_1        -            223 10120at72274         -            507   1.6e-73  246.7   7.7   1   1   3.1e-75   2.4e-73  246.1   7.7     1   173    12   223    12   223 0.94 # 2 # 670 # -1 # ID=2186_1;partial=10;start_type=ATG;rbs_motif=None;rbs_spacer=None;gc_cont=0.601
contig00381_1        -            145 10120at72274         -            507   1.2e-56  191.1   1.6   1   1   1.7e-58   1.4e-56  190.9   1.6   379   502     4   127     2   135 0.96 # 2 # 436 # 1 # ID=381_1;partial=10;start_type=Edge;rbs_motif=None;rbs_spacer=None;gc_cont=0.713
contig00389_1        -            647 10120at72274         -            507   2.2e-49  167.1   2.2   1   1     4e-50   3.1e-48  163.3   2.2    42   491   143   626   116   639 0.78 # 1 # 1941 # 1 # ID=389_1;partial=10;start_type=Edge;rbs_motif=None;rbs_spacer=None;gc_cont=0.676
contig01633_3        -            144 10120at72274         -            507   2.9e-49  166.7   0.9   1   1     4e-51   3.1e-49  166.6   0.9   385   502     2   124     1   132 0.91 # 920 # 1351 # -1 # ID=1633_3;partial=01;start_type=Edge;rbs_motif=None;rbs_spacer=None;gc_cont=0.683
contig00163_1        -            498 10120at72274         -            507   6.7e-42  142.4   2.6   1   3   9.6e-08   7.5e-06   23.5   0.0   295   333    19    57     6    74 0.87 # 2 # 1495 # -1 # ID=163_1;partial=10;start_type=ATG;rbs_motif=GGAG/GAGG;rbs_spacer=5-10bp;gc_cont=0.665
contig00163_1        -            498 10120at72274         -            507   6.7e-42  142.4   2.6   2   3   1.3e-16     1e-14   52.7   0.2   414   501   156   246   127   251 0.91 # 2 # 1495 # -1 # ID=163_1;partial=10;start_type=ATG;rbs_motif=GGAG/GAGG;rbs_spacer=5-10bp;gc_cont=0.665
contig00163_1        -            498 10120at72274         -            507   6.7e-42  142.4   2.6   3   3   3.7e-20   2.9e-18   64.4   0.1   299   478   299   489   288   497 0.75 # 2 # 1495 # -1 # ID=163_1;partial=10;start_type=ATG;rbs_motif=GGAG/GAGG;rbs_spacer=5-10bp;gc_cont=0.665
contig02819_1        -            231 10120at72274         -            507   2.8e-37  127.2   0.0   1   1   4.2e-39   3.3e-37  126.9   0.0   299   472    50   230    38   231 0.90 # 3 # 695 # 1 # ID=2819_1;partial=11;start_type=Edge;rbs_motif=None;rbs_spacer=None;gc_cont=0.739
contig00305_4        -            274 10120at72274         -            507   2.2e-36  124.2   0.2   1   1   4.3e-38   3.3e-36  123.6   0.2   296   498    35   248    21   252 0.84 # 2890 # 3711 # 1 # ID=305_4;partial=01;start_type=ATG;rbs_motif=GGAG/GAGG;rbs_spacer=5-10bp;gc_cont=0.697
contig02856_1        -            225 10120at72274         -            507   6.1e-35  119.4   0.0   1   1   9.3e-37   7.3e-35  119.2   0.0   298   451    62   221    51   225 0.91 # 3 # 677 # -1 # ID=2856_1;partial=11;start_type=Edge;rbs_motif=None;rbs_spacer=None;gc_cont=0.747
contig02722_2        -            141 10120at72274         -            507   2.5e-34  117.4   0.1   1   1   3.4e-36   2.7e-34  117.3   0.1   382   505     3   128     1   130 0.94 # 322 # 744 # -1 # ID=2722_2;partial=01;start_type=Edge;rbs_motif=None;rbs_spacer=None;gc_cont=0.709
contig00233_3        -            330 10120at72274         -            507   7.1e-33  112.6   0.0   1   1   1.1e-34   8.7e-33  112.3   0.0   288   498     4   223     1   229 0.87 # 1279 # 2268 # -1 # ID=233_3;partial=00;start_type=ATG;rbs_motif=GGAG/GAGG;rbs_spacer=5-10bp;gc_cont=0.661
contig01160_1        -            588 10120at72274         -            507   2.7e-32  110.7   0.4   1   1     8e-34   6.2e-32  109.5   0.4    41   484   112   587    96   588 0.75 # 1 # 1764 # 1 # ID=1160_1;partial=11;start_type=Edge;rbs_motif=None;rbs_spacer=None;gc_cont=0.697
contig00177_4        -            380 10120at72274         -            507   2.9e-32  110.6   3.1   1   2   1.6e-08   1.3e-06   26.0   0.1   422   500     1    82     1    91 0.87 # 3583 # 4722 # -1 # ID=177_4;partial=01;start_type=Edge;rbs_motif=None;rbs_spacer=None;gc_cont=0.701
contig00177_4        -            380 10120at72274         -            507   2.9e-32  110.6   3.1   2   2   9.8e-26   7.6e-24   82.8   0.5   299   502   135   350   131   353 0.78 # 3583 # 4722 # -1 # ID=177_4;partial=01;start_type=Edge;rbs_motif=None;rbs_spacer=None;gc_cont=0.701
contig01363_2        -            336 10120at72274         -            507   1.9e-31  107.9   0.2   1   1   3.1e-33   2.5e-31  107.5   0.2   300   499    20   229     3   234 0.85 # 83 # 1090 # -1 # ID=1363_2;partial=00;start_type=GTG;rbs_motif=GGA/GAG/AGG;rbs_spacer=5-10bp;gc_cont=0.671
contig00956_2        -            477 10120at72274         -            507   7.3e-30  102.7   0.2   1   2     2e-17   1.6e-15   55.4   0.0   289   491    11   223     6   237 0.83 # 610 # 2040 # 1 # ID=956_2;partial=01;start_type=ATG;rbs_motif=GGAG/GAGG;rbs_spacer=5-10bp;gc_cont=0.707
contig00956_2        -            477 10120at72274         -            507   7.3e-30  102.7   0.2   2   2   2.3e-14   1.8e-12   45.3   0.1   301   488   272   476   258   477 0.77 # 610 # 2040 # 1 # ID=956_2;partial=01;start_type=ATG;rbs_motif=GGAG/GAGG;rbs_spacer=5-10bp;gc_cont=0.707
contig00191_5        -            248 10120at72274         -            507   1.1e-29  102.0   0.0   1   1     2e-31   1.5e-29  101.6   0.0   291   499     6   223     2   228 0.81 # 2972 # 3715 # 1 # ID=191_5;partial=00;start_type=ATG;rbs_motif=AGGAG;rbs_spacer=5-10bp;gc_cont=0.683
contig00130_4        -            332 10120at72274         -            507   2.5e-29  100.9   0.0   1   1   4.4e-31   3.4e-29  100.5   0.0   289   499     6   221     2   226 0.83 # 2759 # 3754 # -1 # ID=130_4;partial=00;start_type=ATG;rbs_motif=GGA/GAG/AGG;rbs_spacer=5-10bp;gc_cont=0.676
contig01192_3        -            245 10120at72274         -            507   1.6e-27   95.0   0.0   1   1   2.6e-29     2e-27   94.6   0.0   299   494    19   222     4   230 0.84 # 798 # 1532 # -1 # ID=1192_3;partial=00;start_type=GTG;rbs_motif=GGAGG;rbs_spacer=5-10bp;gc_cont=0.663
contig00597_2        -            371 10120at72274         -            507   6.9e-27   92.9   0.1   1   1     1e-28   8.1e-27   92.6   0.1   288   504     5   226     1   229 0.83 # 579 # 1691 # 1 # ID=597_2;partial=00;start_type=ATG;rbs_motif=GGAGG;rbs_spacer=5-10bp;gc_cont=0.694
contig00463_2        -            370 10120at72274         -            507   8.4e-27   92.6   0.0   1   1   1.4e-28   1.1e-26   92.2   0.0   283   491     7   221     3   232 0.86 # 556 # 1665 # -1 # ID=463_2;partial=00;start_type=ATG;rbs_motif=GGA/GAG/AGG;rbs_spacer=5-10bp;gc_cont=0.654
contig00349_2        -            278 10120at72274         -            507   1.1e-26   92.2   0.0   1   1   1.9e-28   1.5e-26   91.8   0.0   284   501    28   261    20   266 0.85 # 946 # 1779 # 1 # ID=349_2;partial=00;start_type=ATG;rbs_motif=GGAG/GAGG;rbs_spacer=5-10bp;gc_cont=0.629
contig00034_6        -            641 10120at72274         -            507     2e-26   91.3   0.1   1   3   1.3e-05    0.0011   16.4   0.0   288   332     5    50     1    65 0.85 # 5187 # 7109 # -1 # ID=34_6;partial=00;start_type=ATG;rbs_motif=GGAGG;rbs_spacer=5-10bp;gc_cont=0.664
contig00034_6        -            641 10120at72274         -            507     2e-26   91.3   0.1   2   3   4.7e-08   3.6e-06   24.5   0.1   411   499   150   238   106   246 0.81 # 5187 # 7109 # -1 # ID=34_6;partial=00;start_type=ATG;rbs_motif=GGAGG;rbs_spacer=5-10bp;gc_cont=0.664
contig00034_6        -            641 10120at72274         -            507     2e-26   91.3   0.1   3   3   8.5e-15   6.6e-13   46.7   0.0   276   457   306   481   282   525 0.80 # 5187 # 7109 # -1 # ID=34_6;partial=00;start_type=ATG;rbs_motif=GGAGG;rbs_spacer=5-10bp;gc_cont=0.664
contig00404_3        -            387 10120at72274         -            507   2.6e-25   87.7   0.0   1   1     4e-27   3.2e-25   87.4   0.0   289   502     6   226     1   231 0.78 # 1639 # 2799 # 1 # ID=404_3;partial=00;start_type=ATG;rbs_motif=AGGA/GGAG/GAGG;rbs_spacer=11-12bp;gc_cont=0.671
contig00515_2        -            279 10120at72274         -            507   3.5e-24   83.9   0.3   1   1   1.4e-25   1.1e-23   82.3   0.3   290   500     8   241     3   247 0.78 # 368 # 1204 # -1 # ID=515_2;partial=00;start_type=ATG;rbs_motif=GGAGG;rbs_spacer=5-10bp;gc_cont=0.687
contig01307_2        -            228 10120at72274         -            507   5.8e-24   83.2   0.0   1   1   8.9e-26     7e-24   83.0   0.0   298   491    23   225     2   227 0.83 # 635 # 1318 # 1 # ID=1307_2;partial=00;start_type=ATG;rbs_motif=GGAGG;rbs_spacer=5-10bp;gc_cont=0.677
contig00319_1        -            248 10120at72274         -            507   6.9e-24   83.0   0.2   1   1     1e-24   7.9e-23   79.5   0.2   288   499     5   237     1   241 0.76 # 1 # 744 # -1 # ID=319_1;partial=10;start_type=ATG;rbs_motif=GGAG/GAGG;rbs_spacer=5-10bp;gc_cont=0.668
contig00271_4        -            255 10120at72274         -            507   7.8e-24   82.8   0.1   1   1   4.9e-25   3.8e-23   80.5   0.1   286   502     3   239     1   242 0.72 # 1778 # 2542 # -1 # ID=271_4;partial=00;start_type=ATG;rbs_motif=GGA/GAG/AGG;rbs_spacer=5-10bp;gc_cont=0.654
contig00897_2        -            265 10120at72274         -            507     8e-24   82.8   0.2   1   1   1.3e-25   9.9e-24   82.4   0.2   297   491    18   228     5   239 0.82 # 406 # 1200 # -1 # ID=897_2;partial=00;start_type=ATG;rbs_motif=GGAG/GAGG;rbs_spacer=5-10bp;gc_cont=0.692
contig03010_1        -            204 10120at72274         -            507     1e-23   82.4   0.0   1   1   1.8e-25   1.4e-23   82.0   0.0   301   473    14   195     7   200 0.80 # 1 # 612 # 1 # ID=3010_1;partial=11;start_type=Edge;rbs_motif=None;rbs_spacer=None;gc_cont=0.649
contig01932_1        -            258 10120at72274         -            507   4.4e-23   80.3   0.2   1   1   1.5e-24   1.2e-22   78.9   0.2   287   501     8   242     2   246 0.72 # 64 # 837 # 1 # ID=1932_1;partial=00;start_type=ATG;rbs_motif=GGAG/GAGG;rbs_spacer=5-10bp;gc_cont=0.634
contig00577_2        -            241 10120at72274         -            507     5e-23   80.1   0.1   1   1   7.7e-25     6e-23   79.9   0.1   299   500    15   224     2   229 0.80 # 255 # 977 # 1 # ID=577_2;partial=00;start_type=ATG;rbs_motif=GGAG/GAGG;rbs_spacer=5-10bp;gc_cont=0.665
contig00766_1        -            268 10120at72274         -            507     2e-22   78.1   0.3   1   2   8.3e-10   6.4e-08   30.3   0.0   298   332    33    67    20   113 0.91 # 1 # 804 # -1 # ID=766_1;partial=10;start_type=ATG;rbs_motif=GGAGG;rbs_spacer=5-10bp;gc_cont=0.726
contig00766_1        -            268 10120at72274         -            507     2e-22   78.1   0.3   2   2   1.1e-14   8.7e-13   46.3   0.2   413   490   140   220   117   223 0.90 # 1 # 804 # -1 # ID=766_1;partial=10;start_type=ATG;rbs_motif=GGAGG;rbs_spacer=5-10bp;gc_cont=0.726
contig02227_1        -            287 10120at72274         -            507   2.8e-22   77.6   2.6   1   1   4.3e-24   3.3e-22   77.4   2.6    41   244    70   287    36   287 0.86 # 112 # 972 # 1 # ID=2227_1;partial=01;start_type=ATG;rbs_motif=GGA/GAG/AGG;rbs_spacer=5-10bp;gc_cont=0.670
contig00183_3        -            285 10120at72274         -            507   3.9e-21   73.9   0.0   1   1   6.6e-23   5.1e-21   73.5   0.0   299   491    28   223     9   226 0.84 # 2276 # 3130 # 1 # ID=183_3;partial=00;start_type=ATG;rbs_motif=GGAGG;rbs_spacer=5-10bp;gc_cont=0.712
contig00498_3        -            234 10120at72274         -            507     1e-19   69.2   0.0   1   1   1.6e-21   1.2e-19   68.9   0.0   288   501     3   222     1   225 0.82 # 1927 # 2628 # 1 # ID=498_3;partial=00;start_type=ATG;rbs_motif=GGA/GAG/AGG;rbs_spacer=5-10bp;gc_cont=0.644
contig00826_3        -            233 10120at72274         -            507   2.3e-19   68.0   0.0   1   1   3.7e-21   2.9e-19   67.7   0.0   289   497     4   219     1   224 0.82 # 1174 # 1872 # 1 # ID=826_3;partial=00;start_type=ATG;rbs_motif=GGA/GAG/AGG;rbs_spacer=5-10bp;gc_cont=0.685
contig00646_4        -            228 10120at72274         -            507   1.4e-18   65.5   0.1   1   1   2.5e-20   1.9e-18   65.0   0.1   299   493    23   224     9   226 0.76 # 1339 # 2022 # 1 # ID=646_4;partial=00;start_type=ATG;rbs_motif=GGA/GAG/AGG;rbs_spacer=5-10bp;gc_cont=0.693
contig00028_7        -            361 10120at72274         -            507   1.5e-18   65.4   0.0   1   1   5.1e-20     4e-18   64.0   0.0   289   490     9   215     4   226 0.80 # 7486 # 8568 # -1 # ID=28_7;partial=00;start_type=ATG;rbs_motif=None;rbs_spacer=None;gc_cont=0.676
contig00072_2        -            522 10120at72274         -            507   1.8e-18   65.1   0.0   1   4     0.043       3.4    4.8   0.0   301   339     9    52     2    72 0.78 # 561 # 2126 # 1 # ID=72_2;partial=00;start_type=ATG;rbs_motif=None;rbs_spacer=None;gc_cont=0.645
contig00072_2        -            522 10120at72274         -            507   1.8e-18   65.1   0.0   2   4   0.00018     0.014   12.7   0.0   416   472   149   203   120   223 0.87 # 561 # 2126 # 1 # ID=72_2;partial=00;start_type=ATG;rbs_motif=None;rbs_spacer=None;gc_cont=0.645
contig00072_2        -            522 10120at72274         -            507   1.8e-18   65.1   0.0   3   4   2.6e-07   2.1e-05   22.0   0.0   282   344   307   368   295   376 0.83 # 561 # 2126 # 1 # ID=72_2;partial=00;start_type=ATG;rbs_motif=None;rbs_spacer=None;gc_cont=0.645
contig00072_2        -            522 10120at72274         -            507   1.8e-18   65.1   0.0   4   4   9.7e-07   7.6e-05   20.1   0.0   413   459   427   473   418   506 0.87 # 561 # 2126 # 1 # ID=72_2;partial=00;start_type=ATG;rbs_motif=None;rbs_spacer=None;gc_cont=0.645
contig00306_4        -            311 10120at72274         -            507   2.1e-18   64.9   0.0   1   1   4.4e-20   3.5e-18   64.2   0.0   288   501     6   225     2   229 0.79 # 2174 # 3106 # 1 # ID=306_4;partial=00;start_type=ATG;rbs_motif=GGA/GAG/AGG;rbs_spacer=5-10bp;gc_cont=0.624
contig00214_2        -            242 10120at72274         -            507   6.1e-18   63.3   0.7   1   1   9.7e-20   7.6e-18   63.0   0.7   289   502     6   227     1   230 0.79 # 246 # 971 # 1 # ID=214_2;partial=00;start_type=ATG;rbs_motif=GGA/GAG/AGG;rbs_spacer=5-10bp;gc_cont=0.631
contig00731_2        -            325 10120at72274         -            507     1e-17   62.6   2.5   1   1   3.4e-19   2.7e-17   61.2   2.5   288   500     5   241     2   246 0.76 # 1017 # 1991 # 1 # ID=731_2;partial=00;start_type=ATG;rbs_motif=AGGAG;rbs_spacer=5-10bp;gc_cont=0.693
contig03261_1        -            175 10120at72274         -            507   2.6e-17   61.2   0.1   1   1   3.4e-19   2.6e-17   61.2   0.1   281   367    81   175    24   175 0.83 # 2 # 526 # 1 # ID=3261_1;partial=11;start_type=Edge;rbs_motif=None;rbs_spacer=None;gc_cont=0.674
contig00573_3        -            236 10120at72274         -            507   5.1e-17   60.3   0.2   1   1   1.4e-18   1.1e-16   59.2   0.2   288   501     7   226     2   230 0.80 # 2039 # 2746 # 1 # ID=573_3;partial=01;start_type=ATG;rbs_motif=AGGAG;rbs_spacer=5-10bp;gc_cont=0.658
contig01200_1        -            266 10120at72274         -            507   7.3e-17   59.8   0.0   1   1   1.2e-18   9.6e-17   59.4   0.0   299   499    18   227     2   232 0.82 # 19 # 816 # -1 # ID=1200_1;partial=00;start_type=ATG;rbs_motif=AGGA;rbs_spacer=5-10bp;gc_cont=0.707
contig02609_1        -            242 10120at72274         -            507   1.2e-16   59.0   0.0   1   1   5.8e-18   4.5e-16   57.2   0.0   303   493    50   237    44   241 0.79 # 68 # 793 # -1 # ID=2609_1;partial=01;start_type=Edge;rbs_motif=None;rbs_spacer=None;gc_cont=0.602
contig00033_7        -            279 10120at72274         -            507   3.6e-16   57.5   0.0   1   1   5.7e-18   4.5e-16   57.2   0.0   298   469    22   194     6   213 0.89 # 7285 # 8121 # 1 # ID=33_7;partial=00;start_type=ATG;rbs_motif=GGAG/GAGG;rbs_spacer=5-10bp;gc_cont=0.723
contig00573_2        -            291 10120at72274         -            507   3.6e-16   57.5   0.7   1   2   6.6e-08   5.1e-06   24.0   0.0   288   334     7    54     3    73 0.84 # 1170 # 2042 # 1 # ID=573_2;partial=00;start_type=ATG;rbs_motif=GGA/GAG/AGG;rbs_spacer=5-10bp;gc_cont=0.647
contig00573_2        -            291 10120at72274         -            507   3.6e-16   57.5   0.7   2   2   2.3e-10   1.8e-08   32.1   0.1   414   498   183   270   106   281 0.73 # 1170 # 2042 # 1 # ID=573_2;partial=00;start_type=ATG;rbs_motif=GGA/GAG/AGG;rbs_spacer=5-10bp;gc_cont=0.647
contig02153_1        -            336 10120at72274         -            507   5.6e-16   56.9   0.0   1   2   8.4e-08   6.5e-06   23.7   0.0   414   489    23    97    18   114 0.79 # 1 # 1008 # 1 # ID=2153_1;partial=11;start_type=Edge;rbs_motif=None;rbs_spacer=None;gc_cont=0.656
contig02153_1        -            336 10120at72274         -            507   5.6e-16   56.9   0.0   2   2   6.7e-10   5.2e-08   30.6   0.1   285   442   183   333   178   336 0.77 # 1 # 1008 # 1 # ID=2153_1;partial=11;start_type=Edge;rbs_motif=None;rbs_spacer=None;gc_cont=0.656
contig00826_2        -            286 10120at72274         -            507   1.6e-15   55.4   0.3   1   1   2.5e-17     2e-15   55.1   0.3   279   500    37   273    26   279 0.82 # 180 # 1037 # 1 # ID=826_2;partial=00;start_type=ATG;rbs_motif=AGGAG;rbs_spacer=5-10bp;gc_cont=0.675
contig00498_2        -            256 10120at72274         -            507   1.6e-15   55.3   0.0   1   1   3.7e-17   2.9e-15   54.5   0.0   292   498    11   240     4   244 0.73 # 1157 # 1924 # 1 # ID=498_2;partial=00;start_type=ATG;rbs_motif=GGAG/GAGG;rbs_spacer=5-10bp;gc_cont=0.652
contig00059_7        -            268 10120at72274         -            507   2.5e-15   54.7   0.0   1   1   4.6e-17   3.6e-15   54.2   0.0   292   464     8   196     1   225 0.78 # 5637 # 6440 # -1 # ID=59_7;partial=00;start_type=GTG;rbs_motif=None;rbs_spacer=None;gc_cont=0.731
contig02615_1        -            262 10120at72274         -            507   1.3e-14   52.4   0.1   1   1   1.9e-15   1.5e-13   48.9   0.1   288   499     5   220     1   228 0.80 # 3 # 788 # 1 # ID=2615_1;partial=11;start_type=Edge;rbs_motif=None;rbs_spacer=None;gc_cont=0.644
contig01293_2        -            270 10120at72274         -            507   1.3e-14   52.3   0.0   1   1   2.7e-16   2.1e-14   51.7   0.0   288   497    10   230     3   235 0.76 # 266 # 1075 # -1 # ID=1293_2;partial=00;start_type=ATG;rbs_motif=AGGAG;rbs_spacer=5-10bp;gc_cont=0.646
contig00167_2        -            305 10120at72274         -            507   1.6e-14   52.0   0.0   1   1   8.3e-16   6.5e-14   50.1   0.0   289   500     6   216     2   221 0.81 # 850 # 1764 # 1 # ID=167_2;partial=00;start_type=ATG;rbs_motif=GGAG/GAGG;rbs_spacer=5-10bp;gc_cont=0.728
contig00878_2        -            240 10120at72274         -            507   5.8e-14   50.2   0.8   1   2   5.9e-05    0.0046   14.3   0.0   305   332    25    52    18    54 0.91 # 1098 # 1817 # 1 # ID=878_2;partial=00;start_type=ATG;rbs_motif=None;rbs_spacer=None;gc_cont=0.750
contig00878_2        -            240 10120at72274         -            507   5.8e-14   50.2   0.8   2   2   4.8e-11   3.7e-09   34.4   0.4   406   471   139   206   117   219 0.77 # 1098 # 1817 # 1 # ID=878_2;partial=00;start_type=ATG;rbs_motif=None;rbs_spacer=None;gc_cont=0.750
contig02371_1        -            205 10120at72274         -            507   1.8e-13   48.6   0.0   1   1   2.9e-15   2.3e-13   48.3   0.0   299   447    18   173     6   183 0.88 # 3 # 617 # -1 # ID=2371_1;partial=10;start_type=ATG;rbs_motif=GGA/GAG/AGG;rbs_spacer=5-10bp;gc_cont=0.717
contig00525_3        -            270 10120at72274         -            507   2.8e-13   47.9   0.1   1   2   2.9e-08   2.3e-06   25.2   0.0   289   330     8    50     2    62 0.85 # 1296 # 2105 # -1 # ID=525_3;partial=00;start_type=ATG;rbs_motif=AGGA;rbs_spacer=5-10bp;gc_cont=0.694
contig00525_3        -            270 10120at72274         -            507   2.8e-13   47.9   0.1   2   2   5.4e-07   4.2e-05   21.0   0.0   414   485   121   195   107   208 0.79 # 1296 # 2105 # -1 # ID=525_3;partial=00;start_type=ATG;rbs_motif=AGGA;rbs_spacer=5-10bp;gc_cont=0.694
contig00945_1        -            308 10120at72274         -            507   3.2e-13   47.8   0.8   1   2   5.2e-06    0.0004   17.8   0.0   299   334    15    50     2    76 0.75 # 13 # 936 # -1 # ID=945_1;partial=00;start_type=ATG;rbs_motif=GGA/GAG/AGG;rbs_spacer=5-10bp;gc_cont=0.695
contig00945_1        -            308 10120at72274         -            507   3.2e-13   47.8   0.8   2   2   2.6e-09     2e-07   28.6   0.2   414   499   132   218   122   226 0.90 # 13 # 936 # -1 # ID=945_1;partial=00;start_type=ATG;rbs_motif=GGA/GAG/AGG;rbs_spacer=5-10bp;gc_cont=0.695
contig01963_2        -            140 10120at72274         -            507   5.3e-13   47.1   0.0   1   1   6.9e-15   5.4e-13   47.0   0.0   299   372    20   102     3   134 0.84 # 688 # 1107 # 1 # ID=1963_2;partial=01;start_type=ATG;rbs_motif=AGGAG;rbs_spacer=5-10bp;gc_cont=0.629
contig01739_1        -            263 10120at72274         -            507   8.7e-13   46.3   0.4   1   1   1.6e-14   1.2e-12   45.9   0.4   409   490    29   113    10   124 0.86 # 1 # 789 # 1 # ID=1739_1;partial=10;start_type=Edge;rbs_motif=None;rbs_spacer=None;gc_cont=0.678
contig00359_3        -            149 10120at72274         -            507   1.2e-12   45.9   0.0   1   1   1.8e-14   1.4e-12   45.6   0.0   299   424    22   148     7   149 0.85 # 3016 # 3462 # 1 # ID=359_3;partial=01;start_type=ATG;rbs_motif=GGA/GAG/AGG;rbs_spacer=5-10bp;gc_cont=0.655
contig00242_1        -            335 10120at72274         -            507   1.7e-12   45.4   0.0   1   1   3.2e-14   2.5e-12   44.8   0.0   314   501     2   197     1   200 0.75 # 3 # 1007 # 1 # ID=242_1;partial=10;start_type=Edge;rbs_motif=None;rbs_spacer=None;gc_cont=0.693
contig00769_1        -            219 10120at72274         -            507   2.4e-12   44.9   0.0   1   1   3.8e-14   2.9e-12   44.6   0.0   287   476    10   210     2   219 0.68 # 3 # 659 # -1 # ID=769_1;partial=10;start_type=GTG;rbs_motif=GGAG/GAGG;rbs_spacer=5-10bp;gc_cont=0.706
contig00058_8        -            115 10120at72274         -            507   2.8e-12   44.7   0.0   1   1   3.7e-14   2.9e-12   44.6   0.0   288   378     3   105     1   115 0.80 # 7127 # 7471 # 1 # ID=58_8;partial=01;start_type=ATG;rbs_motif=GGA/GAG/AGG;rbs_spacer=5-10bp;gc_cont=0.600
contig01568_1        -             93 10120at72274         -            507   2.9e-12   44.6   0.0   1   1   4.1e-14   3.2e-12   44.5   0.0   433   501     1    69     1    75 0.97 # 3 # 281 # 1 # ID=1568_1;partial=10;start_type=Edge;rbs_motif=None;rbs_spacer=None;gc_cont=0.703
contig00048_6        -            103 10120at72274         -            507   2.9e-12   44.6   0.1   1   1   4.2e-14   3.3e-12   44.5   0.1   421   499     1    81     1    87 0.86 # 7518 # 7826 # -1 # ID=48_6;partial=01;start_type=Edge;rbs_motif=None;rbs_spacer=None;gc_cont=0.650
contig00718_2        -            283 10120at72274         -            507   5.8e-12   43.6   0.0   1   1   1.4e-13   1.1e-11   42.7   0.0   290   471    20   208    14   223 0.76 # 1024 # 1872 # 1 # ID=718_2;partial=00;start_type=ATG;rbs_motif=GGA/GAG/AGG;rbs_spacer=5-10bp;gc_cont=0.702
contig01341_1        -            235 10120at72274         -            507   7.5e-12   43.3   0.2   1   1   1.3e-13     1e-11   42.8   0.2   414   497     2    88     1    95 0.90 # 2 # 706 # 1 # ID=1341_1;partial=10;start_type=Edge;rbs_motif=None;rbs_spacer=None;gc_cont=0.655
contig01032_2        -            252 10120at72274         -            507     1e-11   42.8   0.1   1   2   2.8e-05    0.0022   15.3   0.0   298   331    28    61    13    74 0.82 # 644 # 1399 # -1 # ID=1032_2;partial=00;start_type=ATG;rbs_motif=AGGAG;rbs_spacer=5-10bp;gc_cont=0.730
contig01032_2        -            252 10120at72274         -            507     1e-11   42.8   0.1   2   2   2.2e-08   1.7e-06   25.6   0.0   413   482   142   213   130   224 0.82 # 644 # 1399 # -1 # ID=1032_2;partial=00;start_type=ATG;rbs_motif=AGGAG;rbs_spacer=5-10bp;gc_cont=0.730
contig01349_2        -            241 10120at72274         -            507     2e-11   41.9   0.1   1   1   3.4e-13   2.7e-11   41.4   0.1   414   500    15   104    10   111 0.87 # 855 # 1577 # -1 # ID=1349_2;partial=01;start_type=Edge;rbs_motif=None;rbs_spacer=None;gc_cont=0.657
contig00588_3        -            162 10120at72274         -            507   1.3e-10   39.2   0.4   1   1     2e-12   1.5e-10   38.9   0.4   403   473    63   135    49   155 0.82 # 2226 # 2711 # -1 # ID=588_3;partial=01;start_type=Edge;rbs_motif=None;rbs_spacer=None;gc_cont=0.706
contig02782_1        -            166 10120at72274         -            507   2.2e-10   38.4   0.0   1   1   3.4e-12   2.6e-10   38.2   0.0   420   500     1    84     1    91 0.86 # 2 # 499 # 1 # ID=2782_1;partial=10;start_type=Edge;rbs_motif=None;rbs_spacer=None;gc_cont=0.687
contig03279_1        -            173 10120at72274         -            507     4e-10   37.6   0.0   1   1   5.9e-12   4.6e-10   37.4   0.0   408   500    67   166    36   168 0.83 # 1 # 519 # -1 # ID=3279_1;partial=11;start_type=Edge;rbs_motif=None;rbs_spacer=None;gc_cont=0.730
contig00120_4        -            234 10120at72274         -            507   7.5e-10   36.7   0.0   1   2   5.9e-05    0.0046   14.3   0.0   302   341    30    74    22    88 0.77 # 1692 # 2393 # -1 # ID=120_4;partial=00;start_type=ATG;rbs_motif=None;rbs_spacer=None;gc_cont=0.712
contig00120_4        -            234 10120at72274         -            507   7.5e-10   36.7   0.0   2   2   7.1e-07   5.5e-05   20.6   0.0   414   452   141   179   118   203 0.85 # 1692 # 2393 # -1 # ID=120_4;partial=00;start_type=ATG;rbs_motif=None;rbs_spacer=None;gc_cont=0.712
contig00002_13       -            884 10120at72274         -            507   8.7e-10   36.4   1.6   1   4      0.11       8.5    3.5   0.0   298   328    26    56    19    63 0.90 # 12339 # 14990 # -1 # ID=2_13;partial=00;start_type=ATG;rbs_motif=AGGA;rbs_spacer=5-10bp;gc_cont=0.679
contig00002_13       -            884 10120at72274         -            507   8.7e-10   36.4   1.6   2   4     0.064         5    4.3   0.0   414   483   414   486   404   497 0.84 # 12339 # 14990 # -1 # ID=2_13;partial=00;start_type=ATG;rbs_motif=AGGA;rbs_spacer=5-10bp;gc_cont=0.679
contig00002_13       -            884 10120at72274         -            507   8.7e-10   36.4   1.6   3   4     0.039         3    5.0   0.0   298   329   545   576   516   590 0.86 # 12339 # 14990 # -1 # ID=2_13;partial=00;start_type=ATG;rbs_motif=AGGA;rbs_spacer=5-10bp;gc_cont=0.679
contig00002_13       -            884 10120at72274         -            507   8.7e-10   36.4   1.6   4   4   1.6e-06   0.00013   19.4   0.2   407   486   761   844   723   863 0.77 # 12339 # 14990 # -1 # ID=2_13;partial=00;start_type=ATG;rbs_motif=AGGA;rbs_spacer=5-10bp;gc_cont=0.679
contig02138_1        -            313 10120at72274         -            507   1.6e-09   35.5   0.0   1   1   1.2e-09     9e-08   29.8   0.0   297   452    13   187     2   224 0.62 # 78 # 1016 # 1 # ID=2138_1;partial=01;start_type=ATG;rbs_motif=None;rbs_spacer=None;gc_cont=0.658
contig01850_2        -            143 10120at72274         -            507   3.5e-09   34.4   0.0   1   1   5.3e-11   4.1e-09   34.2   0.0   288   360     7    88     2    98 0.75 # 751 # 1179 # 1 # ID=1850_2;partial=01;start_type=ATG;rbs_motif=GGAG/GAGG;rbs_spacer=5-10bp;gc_cont=0.713
contig02944_1        -            170 10120at72274         -            507   4.7e-09   34.0   0.1   1   1     6e-11   4.7e-09   34.0   0.1   414   465    84   136    19   155 0.84 # 2 # 511 # 1 # ID=2944_1;partial=10;start_type=Edge;rbs_motif=None;rbs_spacer=None;gc_cont=0.706
contig00226_4        -             89 10120at72274         -            507   6.6e-09   33.5   0.0   1   1   8.8e-11   6.9e-09   33.5   0.0   288   346    24    88     9    89 0.84 # 3920 # 4186 # 1 # ID=226_4;partial=01;start_type=ATG;rbs_motif=GGAG/GAGG;rbs_spacer=5-10bp;gc_cont=0.622
contig03154_1        -            146 10120at72274         -            507   9.4e-09   33.0   0.0   1   1   1.4e-10   1.1e-08   32.8   0.0   414   486    28   103    14   114 0.87 # 1 # 438 # 1 # ID=3154_1;partial=10;start_type=Edge;rbs_motif=None;rbs_spacer=None;gc_cont=0.699
contig01158_1        -            144 10120at72274         -            507   1.4e-08   32.5   0.1   1   1     2e-10   1.6e-08   32.3   0.1   407   498    20   121     3   127 0.78 # 1 # 432 # 1 # ID=1158_1;partial=10;start_type=Edge;rbs_motif=None;rbs_spacer=None;gc_cont=0.674
contig03286_2        -            138 10120at72274         -            507   2.6e-08   31.6   0.0   1   1   3.4e-10   2.6e-08   31.6   0.0   299   332    29    62    13   115 0.86 # 102 # 515 # 1 # ID=3286_2;partial=01;start_type=ATG;rbs_motif=None;rbs_spacer=None;gc_cont=0.688
contig00561_2        -            664 10120at72274         -            507     4e-08   31.0   1.0   1   3     0.026         2    5.5   0.0   299   328    12    41     7    51 0.90 # 783 # 2774 # 1 # ID=561_2;partial=01;start_type=GTG;rbs_motif=GGAG/GAGG;rbs_spacer=5-10bp;gc_cont=0.656
contig00561_2        -            664 10120at72274         -            507     4e-08   31.0   1.0   2   3   0.00033     0.026   11.8   0.1   413   501   485   582   469   587 0.79 # 783 # 2774 # 1 # ID=561_2;partial=01;start_type=GTG;rbs_motif=GGAG/GAGG;rbs_spacer=5-10bp;gc_cont=0.656
contig00561_2        -            664 10120at72274         -            507     4e-08   31.0   1.0   3   3   0.00079     0.062   10.5   0.0   298   329   620   651   608   658 0.91 # 783 # 2774 # 1 # ID=561_2;partial=01;start_type=GTG;rbs_motif=GGAG/GAGG;rbs_spacer=5-10bp;gc_cont=0.656
contig03027_1        -             60 10120at72274         -            507   2.9e-07   28.1   0.0   1   1   4.2e-09   3.3e-07   28.0   0.0   299   331    28    60    21    60 0.94 # 430 # 609 # 1 # ID=3027_1;partial=01;start_type=ATG;rbs_motif=None;rbs_spacer=None;gc_cont=0.600
contig00731_3        -            136 10120at72274         -            507     3e-07   28.1   0.0   1   1   4.6e-09   3.6e-07   27.8   0.0   299   358    28    98    13   103 0.76 # 1991 # 2398 # 1 # ID=731_3;partial=01;start_type=ATG;rbs_motif=GGAG/GAGG;rbs_spacer=5-10bp;gc_cont=0.664
contig01105_3        -            163 10120at72274         -            507   4.5e-07   27.5   0.0   1   1   7.3e-09   5.7e-07   27.2   0.0   415   453    77   115    73   142 0.85 # 1350 # 1838 # -1 # ID=1105_3;partial=01;start_type=Edge;rbs_motif=None;rbs_spacer=None;gc_cont=0.701
contig03178_2        -            128 10120at72274         -            507   7.1e-07   26.8   0.0   1   1   9.2e-09   7.2e-07   26.8   0.0   287   350     9    73     2   119 0.75 # 177 # 560 # 1 # ID=3178_2;partial=01;start_type=ATG;rbs_motif=GGA/GAG/AGG;rbs_spacer=5-10bp;gc_cont=0.703
contig01445_1        -             74 10120at72274         -            507   9.4e-07   26.4   0.0   1   1   1.2e-08   9.4e-07   26.4   0.0   299   332    31    64     8    69 0.86 # 1 # 222 # -1 # ID=1445_1;partial=10;start_type=ATG;rbs_motif=GGAG/GAGG;rbs_spacer=5-10bp;gc_cont=0.694
contig00801_3        -            164 10120at72274         -            507   1.1e-06   26.3   0.0   1   1   1.7e-08   1.3e-06   25.9   0.0   270   332     3    66     1    71 0.90 # 1786 # 2277 # 1 # ID=801_3;partial=01;start_type=ATG;rbs_motif=GGAGG;rbs_spacer=5-10bp;gc_cont=0.720
contig01473_1        -            338 10120at72274         -            507   1.4e-06   25.8   0.1   1   1   2.6e-08   2.1e-06   25.3   0.1   414   506    61   155    39   156 0.83 # 3 # 1016 # 1 # ID=1473_1;partial=10;start_type=Edge;rbs_motif=None;rbs_spacer=None;gc_cont=0.664
contig02377_2        -             84 10120at72274         -            507     2e-06   25.4   0.0   1   1   2.7e-08   2.1e-06   25.3   0.0   288   344     7    69     4    82 0.81 # 644 # 895 # 1 # ID=2377_2;partial=01;start_type=GTG;rbs_motif=None;rbs_spacer=None;gc_cont=0.679
contig00004_1        -            239 10120at72274         -            507   1.4e-05   22.6   0.1   1   2     0.023       1.8    5.7   0.0   287   332    15    61     7    67 0.71 # 3 # 719 # -1 # ID=4_1;partial=10;start_type=ATG;rbs_motif=AGGA/GGAG/GAGG;rbs_spacer=11-12bp;gc_cont=0.699
contig00004_1        -            239 10120at72274         -            507   1.4e-05   22.6   0.1   2   2   3.4e-05    0.0027   15.0   0.0   414   454   151   191   137   220 0.87 # 3 # 719 # -1 # ID=4_1;partial=10;start_type=ATG;rbs_motif=AGGA/GGAG/GAGG;rbs_spacer=11-12bp;gc_cont=0.699
contig03205_1        -            183 10120at72274         -            507     2e-05   22.1   0.0   1   1   3.1e-07   2.5e-05   21.8   0.0   408   491    28   110    12   121 0.85 # 3 # 551 # -1 # ID=3205_1;partial=11;start_type=Edge;rbs_motif=None;rbs_spacer=None;gc_cont=0.679
contig01978_2        -             77 10120at72274         -            507   3.4e-05   21.3   0.0   1   1   4.3e-07   3.4e-05   21.3   0.0   288   332    13    58     9    76 0.84 # 868 # 1098 # 1 # ID=1978_2;partial=01;start_type=ATG;rbs_motif=None;rbs_spacer=None;gc_cont=0.680
contig02259_2        -            292 10120at72274         -            507   6.9e-05   20.3   0.2   1   2     0.001     0.078   10.2   0.0   301   332   109   140    88   149 0.87 # 82 # 957 # -1 # ID=2259_2;partial=01;start_type=Edge;rbs_motif=None;rbs_spacer=None;gc_cont=0.715
contig02259_2        -            292 10120at72274         -            507   6.9e-05   20.3   0.2   2   2    0.0045      0.35    8.1   0.1   412   460   206   252   196   266 0.74 # 82 # 957 # -1 # ID=2259_2;partial=01;start_type=Edge;rbs_motif=None;rbs_spacer=None;gc_cont=0.715
contig00385_1        -             99 10120at72274         -            507   9.4e-05   19.8   0.0   1   1   1.4e-06   0.00011   19.6   0.0   294   330    12    49     3    54 0.84 # 1 # 297 # -1 # ID=385_1;partial=10;start_type=ATG;rbs_motif=GGAGG;rbs_spacer=5-10bp;gc_cont=0.697
contig02191_1        -             44 10120at72274         -            507   0.00013   19.3   0.0   1   1   1.7e-06   0.00013   19.3   0.0   289   327     4    43     1    44 0.86 # 1 # 132 # -1 # ID=2191_1;partial=10;start_type=ATG;rbs_motif=GGxGG;rbs_spacer=5-10bp;gc_cont=0.644
contig00568_4        -            129 10120at72274         -            507   0.00059   17.2   0.0   1   1   7.5e-06   0.00059   17.2   0.0   301   339    43    81    22   129 0.70 # 2373 # 2759 # 1 # ID=568_4;partial=01;start_type=ATG;rbs_motif=GGA/GAG/AGG;rbs_spacer=5-10bp;gc_cont=0.649
contig02472_1        -            123 10120at72274         -            507    0.0011   16.3   0.0   1   1   1.8e-05    0.0014   15.9   0.0   298   332    19    53     9    61 0.91 # 2 # 370 # -1 # ID=2472_1;partial=10;start_type=TTG;rbs_motif=GGAG/GAGG;rbs_spacer=5-10bp;gc_cont=0.667
contig01658_1        -            443 10120at72274         -            507    0.0022   15.3   0.1   1   1   4.2e-05    0.0033   14.8   0.1   116   213   289   386   277   401 0.84 # 2 # 1330 # -1 # ID=1658_1;partial=11;start_type=Edge;rbs_motif=None;rbs_spacer=None;gc_cont=0.650
contig02549_1        -            272 10120at72274         -            507     0.011   13.1   0.7   1   2   0.00013     0.011   13.1   0.7    96   145    24    73    14    80 0.86 # 3 # 818 # -1 # ID=2549_1;partial=11;start_type=Edge;rbs_motif=None;rbs_spacer=None;gc_cont=0.641
contig02549_1        -            272 10120at72274         -            507     0.011   13.1   0.7   2   2       4.4   3.4e+02   -1.8   0.1   215   230   169   184    89   194 0.66 # 3 # 818 # -1 # ID=2549_1;partial=11;start_type=Edge;rbs_motif=None;rbs_spacer=None;gc_cont=0.641
contig00214_6        -            235 10120at72274         -            507     0.016   12.5   0.0   1   1    0.0003     0.024   11.9   0.0   314   343     4    33     2    55 0.88 # 3556 # 4260 # 1 # ID=214_6;partial=01;start_type=ATG;rbs_motif=None;rbs_spacer=None;gc_cont=0.633
contig02441_1        -             29 10120at72274         -            507      0.03   11.6   0.0   1   1   0.00039      0.03   11.6   0.0   313   333     4    24     2    29 0.89 # 3 # 89 # -1 # ID=2441_1;partial=10;start_type=ATG;rbs_motif=GGAG/GAGG;rbs_spacer=5-10bp;gc_cont=0.621
contig00494_1        -            166 10120at72274         -            507     0.041   11.1   0.0   1   1   0.00069     0.054   10.7   0.0   172   211    11    50     8    65 0.86 # 1 # 498 # 1 # ID=494_1;partial=10;start_type=Edge;rbs_motif=None;rbs_spacer=None;gc_cont=0.614
contig01188_2        -            238 10120at72274         -            507     0.048   10.9   0.1   1   1   0.00093     0.072   10.3   0.1   393   473   102   182    77   203 0.78 # 1019 # 1732 # -1 # ID=1188_2;partial=01;start_type=Edge;rbs_motif=None;rbs_spacer=None;gc_cont=0.742
contig02075_2        -            285 10120at72274         -            507     0.063   10.5   0.1   1   1    0.0012     0.094    9.9   0.1   309   354   214   260   191   270 0.89 # 202 # 1056 # 1 # ID=2075_2;partial=01;start_type=ATG;rbs_motif=GGAG/GAGG;rbs_spacer=5-10bp;gc_cont=0.643
#
# Program:         hmmsearch
# Version:         3.1b2 (February 2015)
# Pipeline mode:   SEARCH
# Query file:      /home/johngn/Microbial-Genomics-Journey-Workshop-2023/Reads_session_3/busco_downloads/lineages/pseudomonadales_odb10/hmms/10120at72274.hmm
# Target file:     /home/johngn/Microbial-Genomics-Journey-Workshop-2023/Reads_session_3/busco_op4/prodigal_output/predicted_genes/predicted.faa
# Option settings: hmmsearch --domtblout /home/johngn/Microbial-Genomics-Journey-Workshop-2023/Reads_session_3/busco_op4/run_pseudomonadales_odb10/hmmer_output/10120at72274.out --cpu 1 /home/johngn/Microbial-Genomics-Journey-Workshop-2023/Reads_session_3/busco_downloads/lineages/pseudomonadales_odb10/hmms/10120at72274.hmm /home/johngn/Microbial-Genomics-Journey-Workshop-2023/Reads_session_3/busco_op4/prodigal_output/predicted_genes/predicted.faa 
# Current dir:     /home/johngn/Microbial-Genomics-Journey-Workshop-2023/Reads_session_3
# Date:            Wed Mar  8 17:01:02 2023
# [ok]
