#                                                                            --- full sequence --- -------------- this domain -------------   hmm coord   ali coord   env coord
# target name        accession   tlen query name           accession   qlen   E-value  score  bias   #  of  c-Evalue  i-Evalue  score  bias  from    to  from    to  from    to  acc description of target
#------------------- ---------- ----- -------------------- ---------- ----- --------- ------ ----- --- --- --------- --------- ------ ----- ----- ----- ----- ----- ----- ----- ---- ---------------------
contig01843_1        -            394 10449at72274         -            381  1.8e-160  533.1  10.2   1   1  8.2e-163  8.6e-160  530.8  10.2    16   326     1   375     1   394 0.89 # 1 # 1182 # 1 # ID=1843_1;partial=11;start_type=Edge;rbs_motif=None;rbs_spacer=None;gc_cont=0.695
contig01091_2        -            431 10449at72274         -            381   2.2e-87  292.5   2.2   1   1   2.7e-89   2.8e-86  288.9   2.2     1   347     7   431     7   431 0.79 # 566 # 1858 # 1 # ID=1091_2;partial=01;start_type=ATG;rbs_motif=GGA/GAG/AGG;rbs_spacer=11-12bp;gc_cont=0.660
contig00522_4        -            263 10449at72274         -            381   4.4e-53  179.6   2.8   1   1   2.4e-55   2.5e-52  177.1   2.8     1   198     4   253     4   263 0.75 # 2088 # 2876 # 1 # ID=522_4;partial=01;start_type=ATG;rbs_motif=AGGA;rbs_spacer=5-10bp;gc_cont=0.662
contig01101_1        -            181 10449at72274         -            381   1.4e-49  168.1   0.9   1   1     2e-52   2.1e-49  167.5   0.9   220   380     1   175     1   176 0.87 # 1 # 543 # 1 # ID=1101_1;partial=10;start_type=Edge;rbs_motif=None;rbs_spacer=None;gc_cont=0.645
contig01375_1        -             49 10449at72274         -            381   8.2e-16   56.9   0.1   1   1   8.4e-19   8.8e-16   56.8   0.1   340   381     1    42     1    42 0.98 # 1 # 147 # 1 # ID=1375_1;partial=10;start_type=Edge;rbs_motif=None;rbs_spacer=None;gc_cont=0.680
contig02788_1        -            237 10449at72274         -            381   7.8e-06   24.1   0.0   1   1   7.5e-08   7.9e-05   20.8   0.0   141   272    88   234    75   236 0.61 # 3 # 713 # 1 # ID=2788_1;partial=11;start_type=Edge;rbs_motif=None;rbs_spacer=None;gc_cont=0.689
contig00212_3        -            457 10449at72274         -            381   0.00049   18.2   0.0   1   2   8.4e-05     0.089   10.7   0.0   140   173   166   199   140   235 0.71 # 1696 # 3066 # -1 # ID=212_3;partial=00;start_type=ATG;rbs_motif=GGA/GAG/AGG;rbs_spacer=5-10bp;gc_cont=0.648
contig00212_3        -            457 10449at72274         -            381   0.00049   18.2   0.0   2   2    0.0041       4.3    5.2   0.0   246   266   289   309   278   314 0.84 # 1696 # 3066 # -1 # ID=212_3;partial=00;start_type=ATG;rbs_motif=GGA/GAG/AGG;rbs_spacer=5-10bp;gc_cont=0.648
contig03278_1        -            173 10449at72274         -            381     0.021   12.8   0.2   1   1   2.3e-05     0.024   12.6   0.2   182   284    30   131    11   140 0.78 # 3 # 521 # -1 # ID=3278_1;partial=11;start_type=Edge;rbs_motif=None;rbs_spacer=None;gc_cont=0.723
#
# Program:         hmmsearch
# Version:         3.1b2 (February 2015)
# Pipeline mode:   SEARCH
# Query file:      /home/johngn/Microbial-Genomics-Journey-Workshop-2023/Reads_session_3/busco_downloads/lineages/pseudomonadales_odb10/hmms/10449at72274.hmm
# Target file:     /home/johngn/Microbial-Genomics-Journey-Workshop-2023/Reads_session_3/busco_op4/prodigal_output/predicted_genes/predicted.faa
# Option settings: hmmsearch --domtblout /home/johngn/Microbial-Genomics-Journey-Workshop-2023/Reads_session_3/busco_op4/run_pseudomonadales_odb10/hmmer_output/10449at72274.out --cpu 1 /home/johngn/Microbial-Genomics-Journey-Workshop-2023/Reads_session_3/busco_downloads/lineages/pseudomonadales_odb10/hmms/10449at72274.hmm /home/johngn/Microbial-Genomics-Journey-Workshop-2023/Reads_session_3/busco_op4/prodigal_output/predicted_genes/predicted.faa 
# Current dir:     /home/johngn/Microbial-Genomics-Journey-Workshop-2023/Reads_session_3
# Date:            Wed Mar  8 17:01:02 2023
# [ok]
