#                                                                            --- full sequence --- -------------- this domain -------------   hmm coord   ali coord   env coord
# target name        accession   tlen query name           accession   qlen   E-value  score  bias   #  of  c-Evalue  i-Evalue  score  bias  from    to  from    to  from    to  acc description of target
#------------------- ---------- ----- -------------------- ---------- ----- --------- ------ ----- --- --- --------- --------- ------ ----- ----- ----- ----- ----- ----- ----- ---- ---------------------
contig00580_1        -            214 10595at72274         -            464   6.7e-79  264.8   3.6   1   1   1.3e-81   1.2e-78  264.0   3.6   292   464    10   206     2   206 0.90 # 2 # 643 # 1 # ID=580_1;partial=10;start_type=Edge;rbs_motif=None;rbs_spacer=None;gc_cont=0.688
contig00669_3        -            175 10595at72274         -            464   8.3e-71  238.1   0.2   1   1   9.9e-74   9.3e-71  238.0   0.2     1   151     1   174     1   175 0.93 # 1989 # 2513 # 1 # ID=669_3;partial=01;start_type=ATG;rbs_motif=GGAG/GAGG;rbs_spacer=5-10bp;gc_cont=0.669
contig00913_1        -            388 10595at72274         -            464   6.8e-06   24.1   0.1   1   2   5.7e-06    0.0054   14.5   0.0     1    44     1    43     1    58 0.89 # 50 # 1213 # 1 # ID=913_1;partial=00;start_type=ATG;rbs_motif=GGA/GAG/AGG;rbs_spacer=5-10bp;gc_cont=0.721
contig00913_1        -            388 10595at72274         -            464   6.8e-06   24.1   0.1   2   2   0.00073      0.68    7.6   0.0   395   425   324   354   286   360 0.86 # 50 # 1213 # 1 # ID=913_1;partial=00;start_type=ATG;rbs_motif=GGA/GAG/AGG;rbs_spacer=5-10bp;gc_cont=0.721
contig02652_1        -            258 10595at72274         -            464   0.00046   18.1   0.0   1   2   4.9e-07   0.00046   18.1   0.0    22    46    16    40    10    51 0.89 # 1 # 774 # 1 # ID=2652_1;partial=11;start_type=Edge;rbs_motif=None;rbs_spacer=None;gc_cont=0.668
contig02652_1        -            258 10595at72274         -            464   0.00046   18.1   0.0   2   2         9   8.4e+03   -6.4   8.1   177   177   154   154    64   237 0.54 # 1 # 774 # 1 # ID=2652_1;partial=11;start_type=Edge;rbs_motif=None;rbs_spacer=None;gc_cont=0.668
contig01568_1        -             93 10595at72274         -            464    0.0021   15.9   0.0   1   1   2.4e-06    0.0022   15.8   0.0   391   436    17    61     1    67 0.75 # 3 # 281 # 1 # ID=1568_1;partial=10;start_type=Edge;rbs_motif=None;rbs_spacer=None;gc_cont=0.703
contig00053_5        -            582 10595at72274         -            464    0.0039   15.0   0.0   1   2   4.2e-06    0.0039   15.0   0.0     3    47     4    48     2    63 0.89 # 2832 # 4577 # 1 # ID=53_5;partial=00;start_type=ATG;rbs_motif=GGAG/GAGG;rbs_spacer=5-10bp;gc_cont=0.689
contig00053_5        -            582 10595at72274         -            464    0.0039   15.0   0.0   2   2         9   8.4e+03   -7.2   9.7   144   322   231   409   218   417 0.47 # 2832 # 4577 # 1 # ID=53_5;partial=00;start_type=ATG;rbs_motif=GGAG/GAGG;rbs_spacer=5-10bp;gc_cont=0.689
contig00731_2        -            325 10595at72274         -            464     0.016   13.0   4.7   1   2   0.00051      0.48    8.1   0.3    12    42    21    52    15    58 0.85 # 1017 # 1991 # 1 # ID=731_2;partial=00;start_type=ATG;rbs_motif=AGGAG;rbs_spacer=5-10bp;gc_cont=0.693
contig00731_2        -            325 10595at72274         -            464     0.016   13.0   4.7   2   2    0.0014       1.3    6.7   0.5   356   432   154   229   141   234 0.74 # 1017 # 1991 # 1 # ID=731_2;partial=00;start_type=ATG;rbs_motif=AGGAG;rbs_spacer=5-10bp;gc_cont=0.693
contig00588_3        -            162 10595at72274         -            464     0.026   12.3   0.1   1   1   3.1e-05     0.029   12.1   0.1   356   430    76   149    52   158 0.77 # 2226 # 2711 # -1 # ID=588_3;partial=01;start_type=Edge;rbs_motif=None;rbs_spacer=None;gc_cont=0.706
contig03286_2        -            138 10595at72274         -            464     0.068   10.9   0.0   1   1     9e-05     0.085   10.6   0.0    16    75    34    93    27    97 0.82 # 102 # 515 # 1 # ID=3286_2;partial=01;start_type=ATG;rbs_motif=None;rbs_spacer=None;gc_cont=0.688
#
# Program:         hmmsearch
# Version:         3.1b2 (February 2015)
# Pipeline mode:   SEARCH
# Query file:      /home/johngn/Microbial-Genomics-Journey-Workshop-2023/Reads_session_3/busco_downloads/lineages/pseudomonadales_odb10/hmms/10595at72274.hmm
# Target file:     /home/johngn/Microbial-Genomics-Journey-Workshop-2023/Reads_session_3/busco_op4/prodigal_output/predicted_genes/predicted.faa
# Option settings: hmmsearch --domtblout /home/johngn/Microbial-Genomics-Journey-Workshop-2023/Reads_session_3/busco_op4/run_pseudomonadales_odb10/hmmer_output/10595at72274.out --cpu 1 /home/johngn/Microbial-Genomics-Journey-Workshop-2023/Reads_session_3/busco_downloads/lineages/pseudomonadales_odb10/hmms/10595at72274.hmm /home/johngn/Microbial-Genomics-Journey-Workshop-2023/Reads_session_3/busco_op4/prodigal_output/predicted_genes/predicted.faa 
# Current dir:     /home/johngn/Microbial-Genomics-Journey-Workshop-2023/Reads_session_3
# Date:            Wed Mar  8 17:01:02 2023
# [ok]
