#                                                                            --- full sequence --- -------------- this domain -------------   hmm coord   ali coord   env coord
# target name        accession   tlen query name           accession   qlen   E-value  score  bias   #  of  c-Evalue  i-Evalue  score  bias  from    to  from    to  from    to  acc description of target
#------------------- ---------- ----- -------------------- ---------- ----- --------- ------ ----- --- --- --------- --------- ------ ----- ----- ----- ----- ----- ----- ----- ---- ---------------------
contig00418_5        -            322 10683at72274         -            448  1.1e-195  649.6   0.0   1   1  5.2e-198  1.2e-195  649.5   0.0   136   448     1   321     1   321 0.99 # 2232 # 3197 # -1 # ID=418_5;partial=01;start_type=Edge;rbs_motif=None;rbs_spacer=None;gc_cont=0.623
contig01264_1        -            467 10683at72274         -            448   4.2e-64  215.9   0.0   1   1   2.1e-66   4.8e-64  215.7   0.0     2   444     3   460     2   464 0.89 # 63 # 1463 # 1 # ID=1264_1;partial=00;start_type=ATG;rbs_motif=AGGAG;rbs_spacer=5-10bp;gc_cont=0.695
contig01951_3        -            128 10683at72274         -            448   1.3e-62  210.9   0.0   1   1   6.5e-65   1.5e-62  210.8   0.0     1   124     4   127     4   128 0.99 # 731 # 1114 # 1 # ID=1951_3;partial=01;start_type=ATG;rbs_motif=AGGAG;rbs_spacer=5-10bp;gc_cont=0.635
contig01480_1        -            447 10683at72274         -            448   7.9e-53  178.7   0.1   1   1   4.6e-55   1.1e-52  178.3   0.1    35   441    11   431     5   436 0.88 # 1 # 1341 # 1 # ID=1480_1;partial=10;start_type=Edge;rbs_motif=None;rbs_spacer=None;gc_cont=0.645
contig00333_1        -            397 10683at72274         -            448   1.9e-48  164.2   0.0   1   1     1e-50   2.4e-48  163.9   0.0     2   366     4   375     3   393 0.92 # 2 # 1192 # -1 # ID=333_1;partial=10;start_type=ATG;rbs_motif=AGGAG;rbs_spacer=5-10bp;gc_cont=0.657
contig00019_7        -            563 10683at72274         -            448   1.8e-45  154.4   0.0   1   1   1.1e-47   2.4e-45  154.0   0.0     4   440   101   547    98   552 0.87 # 4472 # 6160 # -1 # ID=19_7;partial=00;start_type=ATG;rbs_motif=GGAG/GAGG;rbs_spacer=5-10bp;gc_cont=0.690
contig00052_8        -            465 10683at72274         -            448   4.4e-41  140.0   0.0   1   1   2.2e-43     5e-41  139.8   0.0     5   444     9   458     5   462 0.88 # 4876 # 6270 # 1 # ID=52_8;partial=00;start_type=ATG;rbs_motif=GGAG/GAGG;rbs_spacer=5-10bp;gc_cont=0.706
contig00832_1        -            348 10683at72274         -            448   2.4e-08   32.0   0.0   1   1   1.4e-10   3.3e-08   31.6   0.0    87   307    55   284    29   306 0.79 # 3 # 1046 # -1 # ID=832_1;partial=10;start_type=ATG;rbs_motif=AGGAG;rbs_spacer=5-10bp;gc_cont=0.661
contig01220_2        -            298 10683at72274         -            448   6.1e-08   30.7   0.0   1   3   8.5e-07   0.00019   19.2   0.0     6    51     4    49     2    65 0.87 # 806 # 1699 # -1 # ID=1220_2;partial=01;start_type=Edge;rbs_motif=None;rbs_spacer=None;gc_cont=0.726
contig01220_2        -            298 10683at72274         -            448   6.1e-08   30.7   0.0   2   3    0.0015      0.33    8.5   0.0   130   186    84   140    74   144 0.93 # 806 # 1699 # -1 # ID=1220_2;partial=01;start_type=Edge;rbs_motif=None;rbs_spacer=None;gc_cont=0.726
contig01220_2        -            298 10683at72274         -            448   6.1e-08   30.7   0.0   3   3       2.1   4.9e+02   -1.9   0.0   100   146   208   259   203   264 0.65 # 806 # 1699 # -1 # ID=1220_2;partial=01;start_type=Edge;rbs_motif=None;rbs_spacer=None;gc_cont=0.726
contig02282_3        -             52 10683at72274         -            448   6.6e-08   30.6   0.1   1   1   2.9e-10   6.6e-08   30.6   0.1     2    41     4    43     3    51 0.93 # 789 # 944 # 1 # ID=2282_3;partial=01;start_type=ATG;rbs_motif=GGAG/GAGG;rbs_spacer=5-10bp;gc_cont=0.782
contig00371_4        -            317 10683at72274         -            448   2.5e-07   28.7   0.1   1   2   0.00051      0.12   10.0   0.0     5    40    10    44     7    55 0.80 # 1918 # 2868 # -1 # ID=371_4;partial=00;start_type=ATG;rbs_motif=AGGAG;rbs_spacer=5-10bp;gc_cont=0.671
contig00371_4        -            317 10683at72274         -            448   2.5e-07   28.7   0.1   2   2   4.2e-06   0.00096   16.9   0.0   127   305   104   289    66   309 0.80 # 1918 # 2868 # -1 # ID=371_4;partial=00;start_type=ATG;rbs_motif=AGGAG;rbs_spacer=5-10bp;gc_cont=0.671
contig02265_1        -            318 10683at72274         -            448   4.6e-06   24.6   0.1   1   1   3.3e-08   7.6e-06   23.8   0.1     3    40    39    76    37    91 0.93 # 2 # 955 # -1 # ID=2265_1;partial=11;start_type=Edge;rbs_motif=None;rbs_spacer=None;gc_cont=0.709
contig00158_5        -            601 10683at72274         -            448   4.6e-05   21.2   0.1   1   1   3.2e-07   7.2e-05   20.6   0.1     4    49   392   437   390   458 0.88 # 3085 # 4887 # 1 # ID=158_5;partial=01;start_type=ATG;rbs_motif=GGAG/GAGG;rbs_spacer=5-10bp;gc_cont=0.663
contig00874_4        -             58 10683at72274         -            448   0.00011   20.0   1.0   1   1   5.2e-07   0.00012   19.9   1.0     3    40     4    41     2    49 0.91 # 1987 # 2160 # 1 # ID=874_4;partial=01;start_type=GTG;rbs_motif=GGAG/GAGG;rbs_spacer=5-10bp;gc_cont=0.678
contig01229_1        -            336 10683at72274         -            448   0.00017   19.3   0.0   1   1   1.2e-06   0.00028   18.6   0.0     5    41    30    66    27    73 0.94 # 3 # 1010 # -1 # ID=1229_1;partial=10;start_type=ATG;rbs_motif=GGAG/GAGG;rbs_spacer=5-10bp;gc_cont=0.667
contig00774_2        -            575 10683at72274         -            448   0.00036   18.3   0.8   1   2   0.00029     0.066   10.8   0.2     2    35     7    42     6    86 0.85 # 239 # 1963 # 1 # ID=774_2;partial=00;start_type=ATG;rbs_motif=GGAG/GAGG;rbs_spacer=5-10bp;gc_cont=0.668
contig00774_2        -            575 10683at72274         -            448   0.00036   18.3   0.8   2   2    0.0097       2.2    5.8   0.0   271   308   343   381   331   407 0.72 # 239 # 1963 # 1 # ID=774_2;partial=00;start_type=ATG;rbs_motif=GGAG/GAGG;rbs_spacer=5-10bp;gc_cont=0.668
contig01896_1        -            184 10683at72274         -            448    0.0012   16.6   0.1   1   2   0.00033     0.075   10.7   0.0     5    33     9    37     5    53 0.81 # 3 # 554 # -1 # ID=1896_1;partial=10;start_type=ATG;rbs_motif=GGAG/GAGG;rbs_spacer=5-10bp;gc_cont=0.630
contig01896_1        -            184 10683at72274         -            448    0.0012   16.6   0.1   2   2     0.027       6.1    4.4   0.0   126   203   102   182    64   184 0.73 # 3 # 554 # -1 # ID=1896_1;partial=10;start_type=ATG;rbs_motif=GGAG/GAGG;rbs_spacer=5-10bp;gc_cont=0.630
contig02392_1        -            250 10683at72274         -            448    0.0019   15.9   0.1   1   1   1.1e-05    0.0025   15.5   0.1     2    40     7    51     6    65 0.77 # 140 # 889 # 1 # ID=2392_1;partial=01;start_type=GTG;rbs_motif=AGGAG;rbs_spacer=5-10bp;gc_cont=0.641
contig02494_1        -            279 10683at72274         -            448    0.0021   15.8   0.3   1   2   6.8e-05     0.016   12.9   0.1     5    39   113   147   111   158 0.93 # 1 # 837 # 1 # ID=2494_1;partial=11;start_type=Edge;rbs_motif=None;rbs_spacer=None;gc_cont=0.703
contig02494_1        -            279 10683at72274         -            448    0.0021   15.8   0.3   2   2      0.47   1.1e+02    0.3   0.0   156   196   234   274   227   278 0.75 # 1 # 837 # 1 # ID=2494_1;partial=11;start_type=Edge;rbs_motif=None;rbs_spacer=None;gc_cont=0.703
contig01823_2        -            273 10683at72274         -            448    0.0024   15.6   0.5   1   1   1.8e-05    0.0041   14.8   0.5     3    34   212   243   210   255 0.87 # 378 # 1196 # 1 # ID=1823_2;partial=01;start_type=ATG;rbs_motif=AGGAG;rbs_spacer=5-10bp;gc_cont=0.662
contig01799_2        -            243 10683at72274         -            448    0.0035   15.1   0.0   1   1   2.8e-05    0.0064   14.2   0.0   128   308    33   214    23   233 0.71 # 485 # 1213 # -1 # ID=1799_2;partial=01;start_type=Edge;rbs_motif=None;rbs_spacer=None;gc_cont=0.665
contig00208_2        -            649 10683at72274         -            448    0.0035   15.0   0.2   1   2   6.4e-05     0.015   13.0   0.4     5    50   387   432   384   446 0.89 # 463 # 2409 # 1 # ID=208_2;partial=00;start_type=GTG;rbs_motif=AGGA;rbs_spacer=5-10bp;gc_cont=0.707
contig00208_2        -            649 10683at72274         -            448    0.0035   15.0   0.2   2   2       1.3     3e+02   -1.2   0.0   130   161   469   500   455   606 0.74 # 463 # 2409 # 1 # ID=208_2;partial=00;start_type=GTG;rbs_motif=AGGA;rbs_spacer=5-10bp;gc_cont=0.707
contig00258_4        -            282 10683at72274         -            448    0.0049   14.6   0.0   1   1   3.7e-05    0.0085   13.8   0.0   130   183    65   119    19   131 0.78 # 3122 # 3967 # -1 # ID=258_4;partial=01;start_type=Edge;rbs_motif=None;rbs_spacer=None;gc_cont=0.683
contig00002_16       -            436 10683at72274         -            448    0.0091   13.7   0.0   1   2   0.00065      0.15    9.7   0.0   167   259     8   109     2   119 0.62 # 18307 # 19614 # -1 # ID=2_16;partial=00;start_type=ATG;rbs_motif=AGGAG;rbs_spacer=5-10bp;gc_cont=0.617
contig00002_16       -            436 10683at72274         -            448    0.0091   13.7   0.0   2   2      0.19        43    1.6   0.0   192   322   201   332   164   337 0.74 # 18307 # 19614 # -1 # ID=2_16;partial=00;start_type=ATG;rbs_motif=AGGAG;rbs_spacer=5-10bp;gc_cont=0.617
contig00390_4        -            591 10683at72274         -            448     0.013   13.2   0.1   1   1   9.4e-05     0.021   12.5   0.1     2    33     8    39     7    52 0.93 # 1283 # 3055 # 1 # ID=390_4;partial=00;start_type=ATG;rbs_motif=None;rbs_spacer=None;gc_cont=0.651
contig01078_2        -            296 10683at72274         -            448     0.015   12.9   0.3   1   2   0.00015     0.033   11.8   0.0     2    33     2    33     1    46 0.91 # 309 # 1196 # 1 # ID=1078_2;partial=00;start_type=ATG;rbs_motif=GGAG/GAGG;rbs_spacer=5-10bp;gc_cont=0.703
contig01078_2        -            296 10683at72274         -            448     0.015   12.9   0.3   2   2       2.3   5.3e+02   -2.0   0.0   284   319   248   284   241   289 0.72 # 309 # 1196 # 1 # ID=1078_2;partial=00;start_type=ATG;rbs_motif=GGAG/GAGG;rbs_spacer=5-10bp;gc_cont=0.703
contig00712_2        -            429 10683at72274         -            448     0.026   12.2   0.2   1   1   0.00017     0.038   11.6   0.2     3    48    29    75    27    79 0.86 # 252 # 1538 # -1 # ID=712_2;partial=00;start_type=ATG;rbs_motif=GGAG/GAGG;rbs_spacer=5-10bp;gc_cont=0.677
contig02479_2        -             80 10683at72274         -            448     0.029   12.0   0.1   1   1   0.00015     0.035   11.8   0.1     3    34    40    71    38    78 0.90 # 605 # 844 # 1 # ID=2479_2;partial=01;start_type=ATG;rbs_motif=GGAG/GAGG;rbs_spacer=5-10bp;gc_cont=0.654
contig02146_1        -            337 10683at72274         -            448     0.029   12.0   0.2   1   1   0.00017      0.04   11.6   0.2     3    39     1    38     1    81 0.80 # 2 # 1012 # 1 # ID=2146_1;partial=11;start_type=Edge;rbs_motif=None;rbs_spacer=None;gc_cont=0.632
contig00830_2        -            417 10683at72274         -            448     0.042   11.5   0.1   1   1   0.00026      0.06   11.0   0.1     3    48    33    80    31    95 0.88 # 296 # 1546 # 1 # ID=830_2;partial=00;start_type=ATG;rbs_motif=AGGAG;rbs_spacer=5-10bp;gc_cont=0.671
contig02079_1        -            351 10683at72274         -            448     0.043   11.5   0.4   1   2    0.0003     0.069   10.8   0.2     3    39    35    71    33    97 0.85 # 2 # 1054 # 1 # ID=2079_1;partial=11;start_type=Edge;rbs_motif=None;rbs_spacer=None;gc_cont=0.689
contig02079_1        -            351 10683at72274         -            448     0.043   11.5   0.4   2   2       9.9   2.3e+03   -4.1   0.0   236   272   158   193   152   198 0.75 # 2 # 1054 # 1 # ID=2079_1;partial=11;start_type=Edge;rbs_motif=None;rbs_spacer=None;gc_cont=0.689
contig00263_4        -            199 10683at72274         -            448     0.044   11.4   0.0   1   2   0.00047      0.11   10.2   0.0     3    40     6    45     4    50 0.92 # 3337 # 3933 # 1 # ID=263_4;partial=01;start_type=ATG;rbs_motif=GGAG/GAGG;rbs_spacer=5-10bp;gc_cont=0.668
contig00263_4        -            199 10683at72274         -            448     0.044   11.4   0.0   2   2       2.5   5.6e+02   -2.1   0.0   162   177   173   188   148   192 0.77 # 3337 # 3933 # 1 # ID=263_4;partial=01;start_type=ATG;rbs_motif=GGAG/GAGG;rbs_spacer=5-10bp;gc_cont=0.668
contig02687_1        -            253 10683at72274         -            448     0.045   11.4   0.0   1   1   0.00028     0.063   10.9   0.0     5    43    84   122    82   172 0.83 # 3 # 761 # -1 # ID=2687_1;partial=11;start_type=Edge;rbs_motif=None;rbs_spacer=None;gc_cont=0.660
contig00570_1        -            444 10683at72274         -            448     0.078   10.6   0.0   1   2    0.0033      0.75    7.4   0.0     4    40    13    51    11    55 0.81 # 3 # 1334 # -1 # ID=570_1;partial=10;start_type=ATG;rbs_motif=AGGAG;rbs_spacer=5-10bp;gc_cont=0.598
contig00570_1        -            444 10683at72274         -            448     0.078   10.6   0.0   2   2       0.4        91    0.5   0.0   232   261   323   351   317   356 0.84 # 3 # 1334 # -1 # ID=570_1;partial=10;start_type=ATG;rbs_motif=AGGAG;rbs_spacer=5-10bp;gc_cont=0.598
contig01620_1        -             74 10683at72274         -            448      0.11   10.1   0.0   1   1   0.00051      0.12   10.0   0.0     2    43    21    62    20    73 0.87 # 2 # 223 # -1 # ID=1620_1;partial=10;start_type=ATG;rbs_motif=AGGA;rbs_spacer=5-10bp;gc_cont=0.725
contig00406_2        -            430 10683at72274         -            448      0.13    9.9   0.1   1   2    0.0053       1.2    6.7   0.1     3    35    33    65    31    76 0.89 # 684 # 1973 # 1 # ID=406_2;partial=00;start_type=ATG;rbs_motif=GGAGG;rbs_spacer=5-10bp;gc_cont=0.696
contig00406_2        -            430 10683at72274         -            448      0.13    9.9   0.1   2   2      0.32        73    0.8   0.0    32    50   299   317   296   329 0.85 # 684 # 1973 # 1 # ID=406_2;partial=00;start_type=ATG;rbs_motif=GGAGG;rbs_spacer=5-10bp;gc_cont=0.696
contig01130_2        -            369 10683at72274         -            448      0.14    9.8   0.2   1   1   0.00081      0.18    9.4   0.2     3    41     4    42     2    50 0.89 # 85 # 1191 # 1 # ID=1130_2;partial=00;start_type=ATG;rbs_motif=None;rbs_spacer=None;gc_cont=0.724
#
# Program:         hmmsearch
# Version:         3.1b2 (February 2015)
# Pipeline mode:   SEARCH
# Query file:      /home/johngn/Microbial-Genomics-Journey-Workshop-2023/Reads_session_3/busco_downloads/lineages/pseudomonadales_odb10/hmms/10683at72274.hmm
# Target file:     /home/johngn/Microbial-Genomics-Journey-Workshop-2023/Reads_session_3/busco_op4/prodigal_output/predicted_genes/predicted.faa
# Option settings: hmmsearch --domtblout /home/johngn/Microbial-Genomics-Journey-Workshop-2023/Reads_session_3/busco_op4/run_pseudomonadales_odb10/hmmer_output/10683at72274.out --cpu 1 /home/johngn/Microbial-Genomics-Journey-Workshop-2023/Reads_session_3/busco_downloads/lineages/pseudomonadales_odb10/hmms/10683at72274.hmm /home/johngn/Microbial-Genomics-Journey-Workshop-2023/Reads_session_3/busco_op4/prodigal_output/predicted_genes/predicted.faa 
# Current dir:     /home/johngn/Microbial-Genomics-Journey-Workshop-2023/Reads_session_3
# Date:            Wed Mar  8 17:01:03 2023
# [ok]
