#                                                                            --- full sequence --- -------------- this domain -------------   hmm coord   ali coord   env coord
# target name        accession   tlen query name           accession   qlen   E-value  score  bias   #  of  c-Evalue  i-Evalue  score  bias  from    to  from    to  from    to  acc description of target
#------------------- ---------- ----- -------------------- ---------- ----- --------- ------ ----- --- --- --------- --------- ------ ----- ----- ----- ----- ----- ----- ----- ---- ---------------------
contig01736_2        -            381 10772at72274         -            351  1.1e-102  342.7   0.0   1   3   3.5e-07   0.00033   18.8   0.0     7    42    17    62    12    67 0.76 # 129 # 1271 # 1 # ID=1736_2;partial=01;start_type=ATG;rbs_motif=AGGAG;rbs_spacer=5-10bp;gc_cont=0.703
contig01736_2        -            381 10772at72274         -            351  1.1e-102  342.7   0.0   2   3   4.7e-59   4.4e-56  189.4   0.1    42   164   102   236    76   257 0.91 # 129 # 1271 # 1 # ID=1736_2;partial=01;start_type=ATG;rbs_motif=AGGAG;rbs_spacer=5-10bp;gc_cont=0.703
contig01736_2        -            381 10772at72274         -            351  1.1e-102  342.7   0.0   3   3   2.3e-41   2.1e-38  131.3   0.0   142   263   250   381   244   381 0.90 # 129 # 1271 # 1 # ID=1736_2;partial=01;start_type=ATG;rbs_motif=AGGAG;rbs_spacer=5-10bp;gc_cont=0.703
contig02547_2        -             92 10772at72274         -            351   1.3e-25   89.2   0.2   1   1     2e-28   1.9e-25   88.7   0.2   279   350     1    84     1    85 0.91 # 544 # 819 # -1 # ID=2547_2;partial=01;start_type=Edge;rbs_motif=None;rbs_spacer=None;gc_cont=0.652
contig00118_3        -            449 10772at72274         -            351   3.3e-10   38.5   6.2   1   2   3.5e-10   3.2e-07   28.7   6.3    41   163   109   218    94   227 0.80 # 2314 # 3660 # -1 # ID=118_3;partial=00;start_type=ATG;rbs_motif=AGGA;rbs_spacer=5-10bp;gc_cont=0.674
contig00118_3        -            449 10772at72274         -            351   3.3e-10   38.5   6.2   2   2    0.0083       7.7    4.4   0.0   179   229   269   321   240   356 0.77 # 2314 # 3660 # -1 # ID=118_3;partial=00;start_type=ATG;rbs_motif=AGGA;rbs_spacer=5-10bp;gc_cont=0.674
contig01726_1        -            249 10772at72274         -            351   5.1e-05   21.5   0.0   1   1   8.3e-08   7.7e-05   20.9   0.0   178   249    70   147    49   161 0.81 # 1 # 747 # 1 # ID=1726_1;partial=10;start_type=Edge;rbs_motif=None;rbs_spacer=None;gc_cont=0.708
contig00118_5        -            208 10772at72274         -            351   8.4e-05   20.8   0.2   1   1   1.2e-07   0.00011   20.4   0.2   177   258    30   118    11   142 0.79 # 4756 # 5379 # -1 # ID=118_5;partial=01;start_type=Edge;rbs_motif=None;rbs_spacer=None;gc_cont=0.681
contig02547_1        -            183 10772at72274         -            351   0.00011   20.4   0.1   1   2    0.0012       1.1    7.2   0.0     6    30    23    47    19    73 0.86 # 3 # 551 # -1 # ID=2547_1;partial=10;start_type=ATG;rbs_motif=GGAGG;rbs_spacer=5-10bp;gc_cont=0.689
contig02547_1        -            183 10772at72274         -            351   0.00011   20.4   0.1   2   2   5.2e-05     0.049   11.7   0.1    43    77   104   140    85   170 0.82 # 3 # 551 # -1 # ID=2547_1;partial=10;start_type=ATG;rbs_motif=GGAGG;rbs_spacer=5-10bp;gc_cont=0.689
contig00871_1        -            447 10772at72274         -            351   0.00021   19.5   3.4   1   3   0.00043       0.4    8.7   1.0    43    66    83   106    68   143 0.81 # 1 # 1341 # 1 # ID=871_1;partial=10;start_type=Edge;rbs_motif=None;rbs_spacer=None;gc_cont=0.673
contig00871_1        -            447 10772at72274         -            351   0.00021   19.5   3.4   2   3      0.16   1.5e+02    0.2   0.0   124   146   150   173   141   199 0.74 # 1 # 1341 # 1 # ID=871_1;partial=10;start_type=Edge;rbs_motif=None;rbs_spacer=None;gc_cont=0.673
contig00871_1        -            447 10772at72274         -            351   0.00021   19.5   3.4   3   3   0.00035      0.33    8.9   0.0   179   245   249   325   220   374 0.76 # 1 # 1341 # 1 # ID=871_1;partial=10;start_type=Edge;rbs_motif=None;rbs_spacer=None;gc_cont=0.673
contig00195_5        -            294 10772at72274         -            351   0.00027   19.1   0.0   1   2   5.7e-06    0.0053   14.8   0.0    41    68    42    69    32    75 0.88 # 3552 # 4433 # 1 # ID=195_5;partial=01;start_type=ATG;rbs_motif=GGA/GAG/AGG;rbs_spacer=11-12bp;gc_cont=0.692
contig00195_5        -            294 10772at72274         -            351   0.00027   19.1   0.0   2   2     0.042        39    2.1   0.0    96   144   128   175   104   187 0.73 # 3552 # 4433 # 1 # ID=195_5;partial=01;start_type=ATG;rbs_motif=GGA/GAG/AGG;rbs_spacer=11-12bp;gc_cont=0.692
contig00500_1        -            188 10772at72274         -            351     0.087   10.8   0.1   1   1   0.00012      0.12   10.4   0.1    43    69   105   131    96   152 0.85 # 3 # 566 # -1 # ID=500_1;partial=10;start_type=ATG;rbs_motif=AGGAG;rbs_spacer=5-10bp;gc_cont=0.674
#
# Program:         hmmsearch
# Version:         3.1b2 (February 2015)
# Pipeline mode:   SEARCH
# Query file:      /home/johngn/Microbial-Genomics-Journey-Workshop-2023/Reads_session_3/busco_downloads/lineages/pseudomonadales_odb10/hmms/10772at72274.hmm
# Target file:     /home/johngn/Microbial-Genomics-Journey-Workshop-2023/Reads_session_3/busco_op4/prodigal_output/predicted_genes/predicted.faa
# Option settings: hmmsearch --domtblout /home/johngn/Microbial-Genomics-Journey-Workshop-2023/Reads_session_3/busco_op4/run_pseudomonadales_odb10/hmmer_output/10772at72274.out --cpu 1 /home/johngn/Microbial-Genomics-Journey-Workshop-2023/Reads_session_3/busco_downloads/lineages/pseudomonadales_odb10/hmms/10772at72274.hmm /home/johngn/Microbial-Genomics-Journey-Workshop-2023/Reads_session_3/busco_op4/prodigal_output/predicted_genes/predicted.faa 
# Current dir:     /home/johngn/Microbial-Genomics-Journey-Workshop-2023/Reads_session_3
# Date:            Wed Mar  8 17:01:03 2023
# [ok]
