#                                                                            --- full sequence --- -------------- this domain -------------   hmm coord   ali coord   env coord
# target name        accession   tlen query name           accession   qlen   E-value  score  bias   #  of  c-Evalue  i-Evalue  score  bias  from    to  from    to  from    to  acc description of target
#------------------- ---------- ----- -------------------- ---------- ----- --------- ------ ----- --- --- --------- --------- ------ ----- ----- ----- ----- ----- ----- ----- ---- ---------------------
contig00703_3        -            245 10984at72274         -            409  5.8e-116  386.6   2.0   1   1  5.4e-119  7.6e-116  386.2   2.0     1   205     1   245     1   245 0.93 # 1713 # 2447 # 1 # ID=703_3;partial=01;start_type=ATG;rbs_motif=GGAG/GAGG;rbs_spacer=5-10bp;gc_cont=0.614
contig00273_1        -            430 10984at72274         -            409   2.5e-39  134.3   0.0   1   1   6.7e-42   9.3e-39  132.4   0.0    59   373    83   422    66   428 0.86 # 151 # 1440 # 1 # ID=273_1;partial=00;start_type=ATG;rbs_motif=None;rbs_spacer=None;gc_cont=0.692
contig00469_4        -            404 10984at72274         -            409   1.7e-38  131.5   0.1   1   2      0.14   1.9e+02   -0.4   0.1    63    82    55    74    35    82 0.91 # 1799 # 3010 # -1 # ID=469_4;partial=01;start_type=Edge;rbs_motif=None;rbs_spacer=None;gc_cont=0.691
contig00469_4        -            404 10984at72274         -            409   1.7e-38  131.5   0.1   2   2   5.2e-41   7.3e-38  129.4   0.0    90   378   102   397    83   400 0.87 # 1799 # 3010 # -1 # ID=469_4;partial=01;start_type=Edge;rbs_motif=None;rbs_spacer=None;gc_cont=0.691
contig02878_1        -             41 10984at72274         -            409   1.9e-09   35.8   0.0   1   1   1.4e-12   1.9e-09   35.8   0.0   378   408     1    39     1    40 0.76 # 1 # 123 # 1 # ID=2878_1;partial=10;start_type=Edge;rbs_motif=None;rbs_spacer=None;gc_cont=0.545
contig02835_1        -            207 10984at72274         -            409    0.0032   15.3   0.0   1   1   3.4e-06    0.0048   14.8   0.0   161   303    12   155     2   194 0.78 # 68 # 688 # -1 # ID=2835_1;partial=01;start_type=Edge;rbs_motif=None;rbs_spacer=None;gc_cont=0.604
contig00703_1        -            257 10984at72274         -            409    0.0061   14.4   0.0   1   1   5.8e-06    0.0081   14.0   0.0   242   361    60   177    43   195 0.81 # 1 # 771 # 1 # ID=703_1;partial=10;start_type=Edge;rbs_motif=None;rbs_spacer=None;gc_cont=0.624
#
# Program:         hmmsearch
# Version:         3.1b2 (February 2015)
# Pipeline mode:   SEARCH
# Query file:      /home/johngn/Microbial-Genomics-Journey-Workshop-2023/Reads_session_3/busco_downloads/lineages/pseudomonadales_odb10/hmms/10984at72274.hmm
# Target file:     /home/johngn/Microbial-Genomics-Journey-Workshop-2023/Reads_session_3/busco_op4/prodigal_output/predicted_genes/predicted.faa
# Option settings: hmmsearch --domtblout /home/johngn/Microbial-Genomics-Journey-Workshop-2023/Reads_session_3/busco_op4/run_pseudomonadales_odb10/hmmer_output/10984at72274.out --cpu 1 /home/johngn/Microbial-Genomics-Journey-Workshop-2023/Reads_session_3/busco_downloads/lineages/pseudomonadales_odb10/hmms/10984at72274.hmm /home/johngn/Microbial-Genomics-Journey-Workshop-2023/Reads_session_3/busco_op4/prodigal_output/predicted_genes/predicted.faa 
# Current dir:     /home/johngn/Microbial-Genomics-Journey-Workshop-2023/Reads_session_3
# Date:            Wed Mar  8 17:01:03 2023
# [ok]
