#                                                                            --- full sequence --- -------------- this domain -------------   hmm coord   ali coord   env coord
# target name        accession   tlen query name           accession   qlen   E-value  score  bias   #  of  c-Evalue  i-Evalue  score  bias  from    to  from    to  from    to  acc description of target
#------------------- ---------- ----- -------------------- ---------- ----- --------- ------ ----- --- --- --------- --------- ------ ----- ----- ----- ----- ----- ----- ----- ---- ---------------------
contig01211_1        -            488 11534at72274         -            422  1.6e-129  431.5   2.3   1   2    1e-105  1.3e-103  346.1   1.5     1   319     2   399     2   408 0.86 # 3 # 1466 # -1 # ID=1211_1;partial=10;start_type=ATG;rbs_motif=GGxGG;rbs_spacer=5-10bp;gc_cont=0.689
contig01211_1        -            488 11534at72274         -            422  1.6e-129  431.5   2.3   2   2   3.2e-24     4e-22   77.7   0.0   320   378   419   488   409   488 0.90 # 3 # 1466 # -1 # ID=1211_1;partial=10;start_type=ATG;rbs_motif=GGxGG;rbs_spacer=5-10bp;gc_cont=0.689
contig02595_1        -            266 11534at72274         -            422   2.3e-64  216.9   5.1   1   1   1.7e-65   2.1e-63  213.7   5.1   188   415     1   266     1   266 0.79 # 3 # 800 # -1 # ID=2595_1;partial=11;start_type=Edge;rbs_motif=None;rbs_spacer=None;gc_cont=0.660
contig00556_2        -            296 11534at72274         -            422   9.1e-37  125.9   0.0   1   1   1.1e-38   1.4e-36  125.3   0.0   165   414    17   284     5   292 0.78 # 1895 # 2782 # -1 # ID=556_2;partial=01;start_type=Edge;rbs_motif=None;rbs_spacer=None;gc_cont=0.681
contig00628_2        -            461 11534at72274         -            422   8.1e-22   76.7   2.2   1   2   2.6e-11   3.3e-09   35.2   0.9   168   302   172   314   151   341 0.74 # 488 # 1870 # -1 # ID=628_2;partial=00;start_type=GTG;rbs_motif=GGAGG;rbs_spacer=5-10bp;gc_cont=0.705
contig00628_2        -            461 11534at72274         -            422   8.1e-22   76.7   2.2   2   2   4.6e-13   5.8e-11   40.9   0.0   321   412   355   450   345   460 0.81 # 488 # 1870 # -1 # ID=628_2;partial=00;start_type=GTG;rbs_motif=GGAGG;rbs_spacer=5-10bp;gc_cont=0.705
contig03191_1        -            185 11534at72274         -            422   1.1e-20   72.9   0.1   1   1     1e-22   1.3e-20   72.7   0.1   162   269    55   169    29   177 0.78 # 2 # 556 # -1 # ID=3191_1;partial=11;start_type=Edge;rbs_motif=None;rbs_spacer=None;gc_cont=0.697
contig00107_4        -            472 11534at72274         -            422   1.7e-20   72.3   4.1   1   2       1.4   1.7e+02   -0.2   0.0   171   198    14    41     5    73 0.66 # 1850 # 3265 # -1 # ID=107_4;partial=00;start_type=ATG;rbs_motif=GGAG/GAGG;rbs_spacer=5-10bp;gc_cont=0.700
contig00107_4        -            472 11534at72274         -            422   1.7e-20   72.3   4.1   2   2   1.1e-21   1.4e-19   69.3   3.1   158   408   149   440   134   450 0.73 # 1850 # 3265 # -1 # ID=107_4;partial=00;start_type=ATG;rbs_motif=GGAG/GAGG;rbs_spacer=5-10bp;gc_cont=0.700
contig02222_1        -            325 11534at72274         -            422   2.9e-20   71.6   3.9   1   1   1.4e-21   1.8e-19   69.0   3.9   164   406    38   318    16   324 0.72 # 2 # 976 # -1 # ID=2222_1;partial=11;start_type=Edge;rbs_motif=None;rbs_spacer=None;gc_cont=0.699
contig00426_3        -            330 11534at72274         -            422   3.1e-20   71.5   0.4   1   1   3.5e-22   4.4e-20   71.0   0.4   173   308   166   304   150   313 0.82 # 2174 # 3163 # 1 # ID=426_3;partial=01;start_type=ATG;rbs_motif=GGA/GAG/AGG;rbs_spacer=5-10bp;gc_cont=0.699
contig00134_5        -            478 11534at72274         -            422   1.3e-19   69.4   3.8   1   1   4.9e-21   6.2e-19   67.2   3.8   172   407   170   443   136   457 0.74 # 3265 # 4698 # 1 # ID=134_5;partial=00;start_type=ATG;rbs_motif=GGAG/GAGG;rbs_spacer=5-10bp;gc_cont=0.685
contig00940_2        -            643 11534at72274         -            422   1.4e-19   69.3   5.7   1   3       7.6   9.5e+02   -2.6   0.0   288   313    31    56    13    81 0.56 # 132 # 2060 # 1 # ID=940_2;partial=01;start_type=ATG;rbs_motif=AGGAG;rbs_spacer=5-10bp;gc_cont=0.658
contig00940_2        -            643 11534at72274         -            422   1.4e-19   69.3   5.7   2   3   9.6e-10   1.2e-07   30.0   2.2   169   328   172   361   150   373 0.72 # 132 # 2060 # 1 # ID=940_2;partial=01;start_type=ATG;rbs_motif=AGGAG;rbs_spacer=5-10bp;gc_cont=0.658
contig00940_2        -            643 11534at72274         -            422   1.4e-19   69.3   5.7   3   3   3.8e-11   4.7e-09   34.6   0.0   321   415   376   486   356   494 0.73 # 132 # 2060 # 1 # ID=940_2;partial=01;start_type=ATG;rbs_motif=AGGAG;rbs_spacer=5-10bp;gc_cont=0.658
contig00726_2        -            444 11534at72274         -            422     4e-18   64.5   1.2   1   1   6.2e-19   7.8e-17   60.3   1.2   232   409   202   420   198   430 0.73 # 184 # 1515 # 1 # ID=726_2;partial=00;start_type=ATG;rbs_motif=None;rbs_spacer=None;gc_cont=0.676
contig00151_5        -            446 11534at72274         -            422   7.3e-18   63.7   1.3   1   2   7.1e-08     9e-06   23.8   0.7   142   283   128   276   118   309 0.77 # 2660 # 3997 # 1 # ID=151_5;partial=00;start_type=ATG;rbs_motif=GGxGG;rbs_spacer=5-10bp;gc_cont=0.687
contig00151_5        -            446 11534at72274         -            422   7.3e-18   63.7   1.3   2   2   2.9e-12   3.7e-10   38.3   0.0   330   415   339   430   329   438 0.81 # 2660 # 3997 # 1 # ID=151_5;partial=00;start_type=ATG;rbs_motif=GGxGG;rbs_spacer=5-10bp;gc_cont=0.687
contig02569_1        -            269 11534at72274         -            422   5.3e-17   60.8   5.0   1   1   5.1e-18   6.4e-16   57.2   5.0   192   405     6   259     1   268 0.73 # 2 # 808 # -1 # ID=2569_1;partial=11;start_type=Edge;rbs_motif=None;rbs_spacer=None;gc_cont=0.701
contig01185_1        -            155 11534at72274         -            422   6.8e-16   57.2   0.1   1   1   6.3e-18   7.9e-16   57.0   0.1   316   416    41   149    11   154 0.77 # 1 # 465 # 1 # ID=1185_1;partial=10;start_type=Edge;rbs_motif=None;rbs_spacer=None;gc_cont=0.669
contig02924_1        -            217 11534at72274         -            422   1.8e-14   52.5   1.9   1   1   2.4e-16   3.1e-14   51.7   1.9   324   407    24   124    16   134 0.79 # 1 # 651 # 1 # ID=2924_1;partial=11;start_type=Edge;rbs_motif=None;rbs_spacer=None;gc_cont=0.711
contig00443_3        -            462 11534at72274         -            422   1.8e-14   52.4   1.4   1   2   6.2e-07   7.9e-05   20.7   0.2   171   242   174   248   161   265 0.78 # 1696 # 3081 # 1 # ID=443_3;partial=01;start_type=GTG;rbs_motif=GGAG/GAGG;rbs_spacer=5-10bp;gc_cont=0.650
contig00443_3        -            462 11534at72274         -            422   1.8e-14   52.4   1.4   2   2   1.4e-07   1.8e-05   22.8   0.1   239   356   283   428   273   460 0.65 # 1696 # 3081 # 1 # ID=443_3;partial=01;start_type=GTG;rbs_motif=GGAG/GAGG;rbs_spacer=5-10bp;gc_cont=0.650
contig00443_1        -            264 11534at72274         -            422   2.9e-14   51.8   0.3   1   1   2.9e-16   3.6e-14   51.5   0.3   180   263   173   258   151   264 0.79 # 3 # 794 # -1 # ID=443_1;partial=10;start_type=ATG;rbs_motif=None;rbs_spacer=None;gc_cont=0.693
contig00093_5        -            787 11534at72274         -            422   4.5e-14   51.2   3.0   1   1   1.2e-14   1.5e-12   46.1   2.5   242   411   308   516   232   526 0.69 # 2317 # 4677 # 1 # ID=93_5;partial=00;start_type=ATG;rbs_motif=GGA/GAG/AGG;rbs_spacer=5-10bp;gc_cont=0.671
contig01088_1        -            122 11534at72274         -            422   8.8e-14   50.2   0.0   1   1   9.8e-16   1.2e-13   49.7   0.0   326   404    16   105     8   116 0.76 # 2 # 367 # 1 # ID=1088_1;partial=10;start_type=Edge;rbs_motif=None;rbs_spacer=None;gc_cont=0.675
contig00660_1        -            695 11534at72274         -            422   9.7e-14   50.1   5.5   1   1   1.2e-13   1.5e-11   42.9   5.5   242   407   203   413   178   423 0.66 # 2 # 2086 # 1 # ID=660_1;partial=10;start_type=Edge;rbs_motif=None;rbs_spacer=None;gc_cont=0.678
contig00474_2        -            541 11534at72274         -            422   1.1e-13   49.9   2.2   1   1   3.8e-15   4.8e-13   47.8   2.2   237   403   178   380   163   394 0.69 # 705 # 2327 # 1 # ID=474_2;partial=00;start_type=ATG;rbs_motif=GGAGG;rbs_spacer=5-10bp;gc_cont=0.688
contig00373_5        -            370 11534at72274         -            422   1.3e-13   49.6   0.7   1   1   4.7e-15   5.9e-13   47.5   0.7   243   415     5   214     1   222 0.71 # 2303 # 3412 # -1 # ID=373_5;partial=01;start_type=Edge;rbs_motif=None;rbs_spacer=None;gc_cont=0.682
contig00540_1        -            109 11534at72274         -            422   1.7e-13   49.2   0.0   1   1   1.8e-15   2.3e-13   48.8   0.0   328   405     5    92     3   106 0.81 # 1 # 327 # 1 # ID=540_1;partial=10;start_type=Edge;rbs_motif=None;rbs_spacer=None;gc_cont=0.706
contig00187_4        -            250 11534at72274         -            422     2e-13   49.0   0.0   1   1   2.3e-15   2.9e-13   48.5   0.0   173   265   152   248   134   250 0.80 # 3850 # 4599 # 1 # ID=187_4;partial=01;start_type=ATG;rbs_motif=None;rbs_spacer=None;gc_cont=0.688
contig01068_2        -            389 11534at72274         -            422   3.3e-13   48.3   1.3   1   1     3e-14   3.7e-12   44.8   1.2   175   345   182   380   148   387 0.77 # 721 # 1887 # 1 # ID=1068_2;partial=01;start_type=ATG;rbs_motif=GGA/GAG/AGG;rbs_spacer=5-10bp;gc_cont=0.692
contig01074_1        -            489 11534at72274         -            422   7.3e-13   47.2  10.0   1   1   2.6e-14   3.2e-12   45.1  10.0   205   412   167   412   144   422 0.70 # 3 # 1469 # -1 # ID=1074_1;partial=10;start_type=ATG;rbs_motif=GGAG/GAGG;rbs_spacer=5-10bp;gc_cont=0.699
contig01604_2        -            436 11534at72274         -            422   2.8e-12   45.3   1.5   1   2   1.2e-06   0.00015   19.8   0.4   216   296   202   288   131   297 0.76 # 63 # 1370 # 1 # ID=1604_2;partial=01;start_type=ATG;rbs_motif=GGAG/GAGG;rbs_spacer=5-10bp;gc_cont=0.719
contig01604_2        -            436 11534at72274         -            422   2.8e-12   45.3   1.5   2   2   4.6e-08   5.7e-06   24.5   0.0   331   406   342   425   325   431 0.78 # 63 # 1370 # 1 # ID=1604_2;partial=01;start_type=ATG;rbs_motif=GGAG/GAGG;rbs_spacer=5-10bp;gc_cont=0.719
contig00397_2        -            699 11534at72274         -            422   5.6e-12   44.3   0.2   1   2   8.8e-07   0.00011   20.2   0.1   168   235   168   235   145   264 0.82 # 356 # 2452 # 1 # ID=397_2;partial=00;start_type=ATG;rbs_motif=GGA/GAG/AGG;rbs_spacer=11-12bp;gc_cont=0.667
contig00397_2        -            699 11534at72274         -            422   5.6e-12   44.3   0.2   2   2   2.9e-07   3.7e-05   21.8   0.0   351   419   596   664   593   667 0.78 # 356 # 2452 # 1 # ID=397_2;partial=00;start_type=ATG;rbs_motif=GGA/GAG/AGG;rbs_spacer=11-12bp;gc_cont=0.667
contig00441_1        -            157 11534at72274         -            422     5e-11   41.1   0.0   1   1   4.9e-13   6.1e-11   40.8   0.0   316   420    36   150    29   152 0.78 # 1 # 471 # 1 # ID=441_1;partial=10;start_type=Edge;rbs_motif=None;rbs_spacer=None;gc_cont=0.711
contig00199_2        -            434 11534at72274         -            422   5.2e-11   41.1   0.6   1   2    0.0071       0.9    7.3   0.5   236   327   164   256   132   274 0.69 # 466 # 1767 # 1 # ID=199_2;partial=00;start_type=ATG;rbs_motif=GGAG/GAGG;rbs_spacer=5-10bp;gc_cont=0.687
contig00199_2        -            434 11534at72274         -            422   5.2e-11   41.1   0.6   2   2   4.4e-10   5.5e-08   31.1   0.0   323   422   317   425   303   425 0.71 # 466 # 1767 # 1 # ID=199_2;partial=00;start_type=ATG;rbs_motif=GGAG/GAGG;rbs_spacer=5-10bp;gc_cont=0.687
contig02474_1        -            282 11534at72274         -            422     1e-10   40.1   0.6   1   1     2e-12   2.5e-10   38.8   0.6   320   415    30   141    15   144 0.79 # 3 # 848 # -1 # ID=2474_1;partial=11;start_type=Edge;rbs_motif=None;rbs_spacer=None;gc_cont=0.700
contig01172_1        -            356 11534at72274         -            422   5.7e-10   37.6   0.5   1   1   8.8e-12   1.1e-09   36.7   0.5   215   302   187   282   115   350 0.76 # 3 # 1070 # -1 # ID=1172_1;partial=10;start_type=ATG;rbs_motif=GGAGG;rbs_spacer=5-10bp;gc_cont=0.667
contig00380_1        -            419 11534at72274         -            422   5.9e-10   37.6   0.0   1   1   4.1e-11   5.1e-09   34.5   0.0   146   362   158   403   144   409 0.62 # 2 # 1258 # -1 # ID=380_1;partial=10;start_type=ATG;rbs_motif=GGA/GAG/AGG;rbs_spacer=5-10bp;gc_cont=0.693
contig01238_1        -            442 11534at72274         -            422     1e-09   36.8   0.3   1   1     9e-11   1.1e-08   33.4   0.3   264   410   270   425   209   437 0.60 # 3 # 1328 # 1 # ID=1238_1;partial=10;start_type=Edge;rbs_motif=None;rbs_spacer=None;gc_cont=0.700
contig02975_1        -            210 11534at72274         -            422   1.1e-09   36.7   0.1   1   1     1e-10   1.3e-08   33.2   0.1   242   391    20   209     7   210 0.67 # 3 # 632 # 1 # ID=2975_1;partial=11;start_type=Edge;rbs_motif=None;rbs_spacer=None;gc_cont=0.703
contig00931_3        -             76 11534at72274         -            422   1.3e-09   36.5   0.0   1   1   1.1e-11   1.3e-09   36.4   0.0   354   410     2    61     1    72 0.86 # 1848 # 2075 # -1 # ID=931_3;partial=01;start_type=Edge;rbs_motif=None;rbs_spacer=None;gc_cont=0.693
contig01135_1        -             92 11534at72274         -            422   3.7e-09   35.0   0.2   1   1   3.1e-11   3.9e-09   34.9   0.2   350   415    21    84     1    89 0.80 # 1 # 276 # 1 # ID=1135_1;partial=10;start_type=Edge;rbs_motif=None;rbs_spacer=None;gc_cont=0.696
contig02154_1        -            335 11534at72274         -            422   5.4e-09   34.4   0.2   1   2       3.3   4.2e+02   -1.4   0.0   220   258    78   116    20   118 0.53 # 3 # 1007 # -1 # ID=2154_1;partial=11;start_type=Edge;rbs_motif=None;rbs_spacer=None;gc_cont=0.697
contig02154_1        -            335 11534at72274         -            422   5.4e-09   34.4   0.2   2   2   1.2e-10   1.5e-08   33.0   0.0   165   236   149   226   135   246 0.77 # 3 # 1007 # -1 # ID=2154_1;partial=11;start_type=Edge;rbs_motif=None;rbs_spacer=None;gc_cont=0.697
contig03030_1        -            202 11534at72274         -            422   7.1e-09   34.0   0.1   1   1   1.2e-10   1.5e-08   33.0   0.1   321   415    58   167    52   173 0.80 # 3 # 608 # -1 # ID=3030_1;partial=11;start_type=Edge;rbs_motif=None;rbs_spacer=None;gc_cont=0.634
contig01415_1        -            355 11534at72274         -            422   1.1e-08   33.4   0.1   1   1   1.2e-10   1.5e-08   33.0   0.1   356   415     2    63     1    71 0.83 # 2 # 1066 # 1 # ID=1415_1;partial=10;start_type=Edge;rbs_motif=None;rbs_spacer=None;gc_cont=0.709
contig00056_7        -            459 11534at72274         -            422   1.4e-08   33.1   0.5   1   2       1.2   1.5e+02    0.0   0.1   207   238   198   231   144   270 0.69 # 5703 # 7079 # -1 # ID=56_7;partial=00;start_type=ATG;rbs_motif=GGAGG;rbs_spacer=5-10bp;gc_cont=0.641
contig00056_7        -            459 11534at72274         -            422   1.4e-08   33.1   0.5   2   2   4.6e-10   5.7e-08   31.1   0.0   310   420   326   446   280   448 0.78 # 5703 # 7079 # -1 # ID=56_7;partial=00;start_type=ATG;rbs_motif=GGAGG;rbs_spacer=5-10bp;gc_cont=0.641
contig00274_1        -            729 11534at72274         -            422   1.5e-08   33.0   1.2   1   1   4.7e-10   5.9e-08   31.0   1.2   240   408   504   708   492   721 0.70 # 77 # 2263 # -1 # ID=274_1;partial=00;start_type=ATG;rbs_motif=GGA/GAG/AGG;rbs_spacer=5-10bp;gc_cont=0.668
contig00996_1        -            482 11534at72274         -            422   3.5e-08   31.7   0.0   1   1   4.8e-10   6.1e-08   31.0   0.0   364   415     9    59     2    69 0.87 # 3 # 1448 # 1 # ID=996_1;partial=10;start_type=Edge;rbs_motif=None;rbs_spacer=None;gc_cont=0.686
contig00464_4        -            483 11534at72274         -            422     3e-07   28.7   0.4   1   1   3.4e-08   4.3e-06   24.9   0.3   321   406    90   191    15   205 0.74 # 1577 # 3025 # -1 # ID=464_4;partial=01;start_type=Edge;rbs_motif=None;rbs_spacer=None;gc_cont=0.650
contig01750_2        -            371 11534at72274         -            422     1e-06   26.9   0.0   1   1   2.2e-08   2.8e-06   25.5   0.0   168   267   166   263   126   370 0.84 # 147 # 1259 # 1 # ID=1750_2;partial=01;start_type=ATG;rbs_motif=GGAG/GAGG;rbs_spacer=5-10bp;gc_cont=0.674
contig00721_1        -            411 11534at72274         -            422   1.2e-06   26.7   0.2   1   1   9.5e-09   1.2e-06   26.7   0.2   167   244    59   140    49   148 0.84 # 3 # 1235 # 1 # ID=721_1;partial=10;start_type=Edge;rbs_motif=None;rbs_spacer=None;gc_cont=0.669
contig03208_1        -            182 11534at72274         -            422   1.3e-06   26.5   0.9   1   1   1.3e-08   1.6e-06   26.3   0.9   236   326    80   177    46   181 0.81 # 3 # 548 # -1 # ID=3208_1;partial=11;start_type=Edge;rbs_motif=None;rbs_spacer=None;gc_cont=0.641
contig02503_1        -            278 11534at72274         -            422   4.5e-06   24.8   0.4   1   3   3.6e-08   4.5e-06   24.8   0.4   168   237    73   144    43   147 0.73 # 3 # 836 # 1 # ID=2503_1;partial=11;start_type=Edge;rbs_motif=None;rbs_spacer=None;gc_cont=0.705
contig02503_1        -            278 11534at72274         -            422   4.5e-06   24.8   0.4   2   3       3.3   4.1e+02   -1.4   0.0   192   233   156   193   146   209 0.64 # 3 # 836 # 1 # ID=2503_1;partial=11;start_type=Edge;rbs_motif=None;rbs_spacer=None;gc_cont=0.705
contig02503_1        -            278 11534at72274         -            422   4.5e-06   24.8   0.4   3   3       6.3     8e+02   -2.4   0.0   210   237   219   246   184   257 0.57 # 3 # 836 # 1 # ID=2503_1;partial=11;start_type=Edge;rbs_motif=None;rbs_spacer=None;gc_cont=0.705
contig03180_1        -            186 11534at72274         -            422   6.1e-06   24.4   0.3   1   1   6.4e-08     8e-06   24.0   0.3   168   238    81   155    67   165 0.84 # 3 # 560 # -1 # ID=3180_1;partial=11;start_type=Edge;rbs_motif=None;rbs_spacer=None;gc_cont=0.638
contig01372_1        -            403 11534at72274         -            422   6.3e-06   24.3   0.1   1   1   1.4e-07   1.7e-05   22.9   0.1   239   419   181   390   166   392 0.68 # 164 # 1372 # 1 # ID=1372_1;partial=00;start_type=ATG;rbs_motif=GGA/GAG/AGG;rbs_spacer=5-10bp;gc_cont=0.693
contig00224_1        -            417 11534at72274         -            422   6.4e-06   24.3   0.0   1   1   7.3e-08   9.2e-06   23.8   0.0   174   237   320   388   291   401 0.74 # 3 # 1253 # -1 # ID=224_1;partial=10;start_type=ATG;rbs_motif=GGA/GAG/AGG;rbs_spacer=5-10bp;gc_cont=0.695
contig00388_1        -            426 11534at72274         -            422   8.1e-06   24.0   6.3   1   3      0.46        58    1.4   0.2    14    64    19    70     8   106 0.54 # 3 # 1280 # -1 # ID=388_1;partial=10;start_type=ATG;rbs_motif=AGxAG;rbs_spacer=5-10bp;gc_cont=0.672
contig00388_1        -            426 11534at72274         -            422   8.1e-06   24.0   6.3   2   3   4.4e-05    0.0055   14.6   0.1   169   236   175   245   149   263 0.79 # 3 # 1280 # -1 # ID=388_1;partial=10;start_type=ATG;rbs_motif=AGxAG;rbs_spacer=5-10bp;gc_cont=0.672
contig00388_1        -            426 11534at72274         -            422   8.1e-06   24.0   6.3   3   3    0.0012      0.15    9.9   0.3   240   269   376   405   365   425 0.75 # 3 # 1280 # -1 # ID=388_1;partial=10;start_type=ATG;rbs_motif=AGxAG;rbs_spacer=5-10bp;gc_cont=0.672
contig02546_1        -            273 11534at72274         -            422   1.9e-05   22.7   4.5   1   1   2.4e-06   0.00031   18.8   4.5   206   342   110   273    95   273 0.72 # 2 # 820 # -1 # ID=2546_1;partial=11;start_type=Edge;rbs_motif=None;rbs_spacer=None;gc_cont=0.674
contig00735_2        -            510 11534at72274         -            422   8.4e-05   20.6   0.3   1   1   1.1e-06   0.00014   19.9   0.3   242   327   410   502   381   507 0.83 # 860 # 2389 # 1 # ID=735_2;partial=01;start_type=ATG;rbs_motif=GGAG/GAGG;rbs_spacer=5-10bp;gc_cont=0.676
contig01470_1        -            105 11534at72274         -            422   9.7e-05   20.4   0.0   1   1   9.9e-07   0.00013   20.1   0.0   350   415    32    93     1   102 0.71 # 2 # 316 # 1 # ID=1470_1;partial=10;start_type=Edge;rbs_motif=None;rbs_spacer=None;gc_cont=0.648
contig00787_2        -            546 11534at72274         -            422   0.00015   19.8   0.0   1   3   1.2e-06   0.00015   19.8   0.0   161   239   191   269   163   280 0.84 # 302 # 1939 # 1 # ID=787_2;partial=00;start_type=ATG;rbs_motif=GGAG/GAGG;rbs_spacer=5-10bp;gc_cont=0.703
contig00787_2        -            546 11534at72274         -            422   0.00015   19.8   0.0   2   3         3   3.8e+02   -1.3   0.1   193   246   390   445   375   455 0.71 # 302 # 1939 # 1 # ID=787_2;partial=00;start_type=ATG;rbs_motif=GGAG/GAGG;rbs_spacer=5-10bp;gc_cont=0.703
contig00787_2        -            546 11534at72274         -            422   0.00015   19.8   0.0   3   3         2   2.6e+02   -0.7   0.1   190   214   435   461   429   506 0.65 # 302 # 1939 # 1 # ID=787_2;partial=00;start_type=ATG;rbs_motif=GGAG/GAGG;rbs_spacer=5-10bp;gc_cont=0.703
contig02308_1        -             88 11534at72274         -            422   0.00018   19.5   0.0   1   1   1.5e-06   0.00019   19.5   0.0   348   406    14    69     5    84 0.83 # 1 # 264 # 1 # ID=2308_1;partial=10;start_type=Edge;rbs_motif=None;rbs_spacer=None;gc_cont=0.625
contig02870_1        -             30 11534at72274         -            422    0.0011   16.9   0.0   1   1     9e-06    0.0011   16.9   0.0   400   421     1    23     1    24 0.93 # 1 # 90 # 1 # ID=2870_1;partial=10;start_type=Edge;rbs_motif=None;rbs_spacer=None;gc_cont=0.756
contig00096_2        -            589 11534at72274         -            422    0.0013   16.7   4.8   1   1   7.7e-05    0.0096   13.8   4.8   351   415   512   573   297   581 0.68 # 593 # 2359 # -1 # ID=96_2;partial=00;start_type=ATG;rbs_motif=None;rbs_spacer=None;gc_cont=0.690
contig02223_1        -            324 11534at72274         -            422    0.0015   16.5   0.8   1   1   2.2e-05    0.0028   15.6   0.8   167   244   149   229   137   278 0.84 # 3 # 974 # 1 # ID=2223_1;partial=11;start_type=Edge;rbs_motif=None;rbs_spacer=None;gc_cont=0.651
contig00850_1        -            168 11534at72274         -            422    0.0019   16.1   0.2   1   1   2.2e-05    0.0027   15.6   0.2   352   416    92   153    39   159 0.82 # 1 # 504 # 1 # ID=850_1;partial=10;start_type=Edge;rbs_motif=None;rbs_spacer=None;gc_cont=0.694
contig02572_1        -            269 11534at72274         -            422    0.0023   15.9   1.4   1   2       3.4   4.2e+02   -1.5   0.0     3    35    95   128    93   139 0.74 # 3 # 809 # -1 # ID=2572_1;partial=11;start_type=Edge;rbs_motif=None;rbs_spacer=None;gc_cont=0.672
contig02572_1        -            269 11534at72274         -            422    0.0023   15.9   1.4   2   2   3.7e-05    0.0046   14.9   0.7   224   300   137   220   120   253 0.78 # 3 # 809 # -1 # ID=2572_1;partial=11;start_type=Edge;rbs_motif=None;rbs_spacer=None;gc_cont=0.672
contig02232_1        -            323 11534at72274         -            422    0.0051   14.7   0.5   1   2     0.087        11    3.8   0.1   230   302    46   120    30   152 0.78 # 2 # 970 # -1 # ID=2232_1;partial=11;start_type=Edge;rbs_motif=None;rbs_spacer=None;gc_cont=0.673
contig02232_1        -            323 11534at72274         -            422    0.0051   14.7   0.5   2   2    0.0021      0.26    9.1   0.1   185   245   231   293   221   314 0.88 # 2 # 970 # -1 # ID=2232_1;partial=11;start_type=Edge;rbs_motif=None;rbs_spacer=None;gc_cont=0.673
contig00997_2        -             69 11534at72274         -            422    0.0053   14.7   0.0   1   1   4.2e-05    0.0053   14.7   0.0   365   420     5    60     2    62 0.73 # 1768 # 1974 # -1 # ID=997_2;partial=01;start_type=Edge;rbs_motif=None;rbs_spacer=None;gc_cont=0.638
contig01721_1        -            345 11534at72274         -            422    0.0071   14.3   0.4   1   2       7.9   9.9e+02   -2.7   0.0    61    66   156   161   103   202 0.56 # 2 # 1036 # 1 # ID=1721_1;partial=10;start_type=Edge;rbs_motif=None;rbs_spacer=None;gc_cont=0.426
contig01721_1        -            345 11534at72274         -            422    0.0071   14.3   0.4   2   2   0.00011     0.013   13.4   0.1   351   409   254   321   239   335 0.74 # 2 # 1036 # 1 # ID=1721_1;partial=10;start_type=Edge;rbs_motif=None;rbs_spacer=None;gc_cont=0.426
contig03090_2        -             99 11534at72274         -            422      0.01   13.7   0.0   1   1   9.4e-05     0.012   13.5   0.0   352   413    16    75     7    81 0.86 # 293 # 589 # -1 # ID=3090_2;partial=01;start_type=Edge;rbs_motif=None;rbs_spacer=None;gc_cont=0.684
contig01354_1        -            489 11534at72274         -            422     0.038   11.9   0.7   1   1   0.00045     0.057   11.3   0.2   173   245   307   379   285   383 0.73 # 108 # 1574 # 1 # ID=1354_1;partial=01;start_type=ATG;rbs_motif=None;rbs_spacer=None;gc_cont=0.661
#
# Program:         hmmsearch
# Version:         3.1b2 (February 2015)
# Pipeline mode:   SEARCH
# Query file:      /home/johngn/Microbial-Genomics-Journey-Workshop-2023/Reads_session_3/busco_downloads/lineages/pseudomonadales_odb10/hmms/11534at72274.hmm
# Target file:     /home/johngn/Microbial-Genomics-Journey-Workshop-2023/Reads_session_3/busco_op4/prodigal_output/predicted_genes/predicted.faa
# Option settings: hmmsearch --domtblout /home/johngn/Microbial-Genomics-Journey-Workshop-2023/Reads_session_3/busco_op4/run_pseudomonadales_odb10/hmmer_output/11534at72274.out --cpu 1 /home/johngn/Microbial-Genomics-Journey-Workshop-2023/Reads_session_3/busco_downloads/lineages/pseudomonadales_odb10/hmms/11534at72274.hmm /home/johngn/Microbial-Genomics-Journey-Workshop-2023/Reads_session_3/busco_op4/prodigal_output/predicted_genes/predicted.faa 
# Current dir:     /home/johngn/Microbial-Genomics-Journey-Workshop-2023/Reads_session_3
# Date:            Wed Mar  8 17:01:04 2023
# [ok]
