#                                                                            --- full sequence --- -------------- this domain -------------   hmm coord   ali coord   env coord
# target name        accession   tlen query name           accession   qlen   E-value  score  bias   #  of  c-Evalue  i-Evalue  score  bias  from    to  from    to  from    to  acc description of target
#------------------- ---------- ----- -------------------- ---------- ----- --------- ------ ----- --- --- --------- --------- ------ ----- ----- ----- ----- ----- ----- ----- ---- ---------------------
contig00390_4        -            591 11573at72274         -            467   1.6e-74  250.2   6.1   1   1   3.1e-76   3.7e-73  245.7   6.1     1   461    10   547    10   550 0.75 # 1283 # 3055 # 1 # ID=390_4;partial=00;start_type=ATG;rbs_motif=None;rbs_spacer=None;gc_cont=0.651
contig00618_5        -            186 11573at72274         -            467   7.2e-70  234.9   0.1   1   1   1.2e-72   1.5e-69  233.9   0.1   315   465     1   170     1   172 0.90 # 2074 # 2631 # -1 # ID=618_5;partial=01;start_type=Edge;rbs_motif=None;rbs_spacer=None;gc_cont=0.659
contig02551_1        -             99 11573at72274         -            467   9.9e-41  138.8   0.4   1   1   9.2e-44   1.1e-40  138.6   0.4     1    86     8    99     8    99 0.94 # 1 # 297 # -1 # ID=2551_1;partial=10;start_type=ATG;rbs_motif=GGA/GAG/AGG;rbs_spacer=5-10bp;gc_cont=0.667
contig00774_2        -            575 11573at72274         -            467     9e-19   66.4   1.0   1   1     1e-20   1.2e-17   62.7   1.0     1   462     9   521     9   524 0.70 # 239 # 1963 # 1 # ID=774_2;partial=00;start_type=ATG;rbs_motif=GGAG/GAGG;rbs_spacer=5-10bp;gc_cont=0.668
contig02479_2        -             80 11573at72274         -            467    0.0022   15.6   0.1   1   1   2.1e-06    0.0025   15.5   0.1     1    30    41    71    41    79 0.80 # 605 # 844 # 1 # ID=2479_2;partial=01;start_type=ATG;rbs_motif=GGAG/GAGG;rbs_spacer=5-10bp;gc_cont=0.654
contig02282_3        -             52 11573at72274         -            467     0.024   12.2   0.1   1   1     2e-05     0.024   12.2   0.1     1    28     6    34     6    47 0.84 # 789 # 944 # 1 # ID=2282_3;partial=01;start_type=ATG;rbs_motif=GGAG/GAGG;rbs_spacer=5-10bp;gc_cont=0.782
contig00874_4        -             58 11573at72274         -            467     0.029   12.0   0.1   1   1   2.4e-05     0.029   12.0   0.1     1    27     5    32     5    51 0.81 # 1987 # 2160 # 1 # ID=874_4;partial=01;start_type=GTG;rbs_motif=GGAG/GAGG;rbs_spacer=5-10bp;gc_cont=0.678
#
# Program:         hmmsearch
# Version:         3.1b2 (February 2015)
# Pipeline mode:   SEARCH
# Query file:      /home/johngn/Microbial-Genomics-Journey-Workshop-2023/Reads_session_3/busco_downloads/lineages/pseudomonadales_odb10/hmms/11573at72274.hmm
# Target file:     /home/johngn/Microbial-Genomics-Journey-Workshop-2023/Reads_session_3/busco_op4/prodigal_output/predicted_genes/predicted.faa
# Option settings: hmmsearch --domtblout /home/johngn/Microbial-Genomics-Journey-Workshop-2023/Reads_session_3/busco_op4/run_pseudomonadales_odb10/hmmer_output/11573at72274.out --cpu 1 /home/johngn/Microbial-Genomics-Journey-Workshop-2023/Reads_session_3/busco_downloads/lineages/pseudomonadales_odb10/hmms/11573at72274.hmm /home/johngn/Microbial-Genomics-Journey-Workshop-2023/Reads_session_3/busco_op4/prodigal_output/predicted_genes/predicted.faa 
# Current dir:     /home/johngn/Microbial-Genomics-Journey-Workshop-2023/Reads_session_3
# Date:            Wed Mar  8 17:01:04 2023
# [ok]
