#                                                                            --- full sequence --- -------------- this domain -------------   hmm coord   ali coord   env coord
# target name        accession   tlen query name           accession   qlen   E-value  score  bias   #  of  c-Evalue  i-Evalue  score  bias  from    to  from    to  from    to  acc description of target
#------------------- ---------- ----- -------------------- ---------- ----- --------- ------ ----- --- --- --------- --------- ------ ----- ----- ----- ----- ----- ----- ----- ---- ---------------------
contig00631_1        -            347 11597at72274         -            419  7.4e-205  679.6   0.1   1   1  9.9e-208  8.3e-205  679.4   0.1    89   419     1   344     1   344 0.97 # 3 # 1043 # 1 # ID=631_1;partial=10;start_type=Edge;rbs_motif=None;rbs_spacer=None;gc_cont=0.620
contig01236_2        -            215 11597at72274         -            419   3.4e-45  153.6   0.2   1   1   6.7e-48   5.7e-45  152.9   0.2    22   184    38   212    19   214 0.89 # 1042 # 1686 # 1 # ID=1236_2;partial=01;start_type=ATG;rbs_motif=GGAG/GAGG;rbs_spacer=5-10bp;gc_cont=0.722
contig01322_2        -            413 11597at72274         -            419   4.3e-39  133.5   0.0   1   1   5.9e-42     5e-39  133.3   0.0    60   417    18   383     1   385 0.84 # 368 # 1606 # -1 # ID=1322_2;partial=01;start_type=Edge;rbs_motif=None;rbs_spacer=None;gc_cont=0.684
contig02145_1        -            101 11597at72274         -            419   1.8e-36  124.8   0.0   1   1   2.4e-39     2e-36  124.7   0.0     1    80    18   101    18   101 0.95 # 3 # 305 # -1 # ID=2145_1;partial=10;start_type=ATG;rbs_motif=GGA/GAG/AGG;rbs_spacer=5-10bp;gc_cont=0.663
contig03282_1        -            173 11597at72274         -            419     5e-16   57.5   0.0   1   1   7.3e-19   6.2e-16   57.2   0.0   237   388    14   170     8   173 0.81 # 1 # 519 # 1 # ID=3282_1;partial=11;start_type=Edge;rbs_motif=None;rbs_spacer=None;gc_cont=0.697
contig00782_1        -            758 11597at72274         -            419   2.8e-11   41.9   0.0   1   1   1.3e-13   1.1e-10   39.9   0.0   162   418    60   334    44   335 0.69 # 49 # 2322 # -1 # ID=782_1;partial=01;start_type=Edge;rbs_motif=None;rbs_spacer=None;gc_cont=0.686
contig01620_2        -            377 11597at72274         -            419   1.4e-10   39.6   0.0   1   2   4.1e-07   0.00035   18.5   0.0   108   189    33   112    10   154 0.84 # 229 # 1359 # -1 # ID=1620_2;partial=01;start_type=Edge;rbs_motif=None;rbs_spacer=None;gc_cont=0.687
contig01620_2        -            377 11597at72274         -            419   1.4e-10   39.6   0.0   2   2   2.6e-07   0.00022   19.1   0.0   367   418   322   373   302   374 0.90 # 229 # 1359 # -1 # ID=1620_2;partial=01;start_type=Edge;rbs_motif=None;rbs_spacer=None;gc_cont=0.687
contig00452_5        -            223 11597at72274         -            419   2.1e-06   25.8   0.0   1   2     2e-07   0.00017   19.5   0.0   147   188     4    45     1    63 0.86 # 2391 # 3059 # -1 # ID=452_5;partial=01;start_type=Edge;rbs_motif=None;rbs_spacer=None;gc_cont=0.720
contig00452_5        -            223 11597at72274         -            419   2.1e-06   25.8   0.0   2   2    0.0076       6.4    4.5   0.0   400   419   200   219   195   219 0.89 # 2391 # 3059 # -1 # ID=452_5;partial=01;start_type=Edge;rbs_motif=None;rbs_spacer=None;gc_cont=0.720
contig00743_2        -            465 11597at72274         -            419     0.044   11.6   0.0   1   1   7.5e-05     0.063   11.1   0.0   100   180   135   209    46   222 0.66 # 244 # 1638 # -1 # ID=743_2;partial=00;start_type=ATG;rbs_motif=GGA/GAG/AGG;rbs_spacer=5-10bp;gc_cont=0.666
contig00775_3        -            165 11597at72274         -            419      0.11   10.3   0.0   1   1   0.00016      0.14   10.0   0.0     8   122    26   150    21   163 0.76 # 1834 # 2328 # 1 # ID=775_3;partial=01;start_type=ATG;rbs_motif=GGAG/GAGG;rbs_spacer=5-10bp;gc_cont=0.693
#
# Program:         hmmsearch
# Version:         3.1b2 (February 2015)
# Pipeline mode:   SEARCH
# Query file:      /home/johngn/Microbial-Genomics-Journey-Workshop-2023/Reads_session_3/busco_downloads/lineages/pseudomonadales_odb10/hmms/11597at72274.hmm
# Target file:     /home/johngn/Microbial-Genomics-Journey-Workshop-2023/Reads_session_3/busco_op4/prodigal_output/predicted_genes/predicted.faa
# Option settings: hmmsearch --domtblout /home/johngn/Microbial-Genomics-Journey-Workshop-2023/Reads_session_3/busco_op4/run_pseudomonadales_odb10/hmmer_output/11597at72274.out --cpu 1 /home/johngn/Microbial-Genomics-Journey-Workshop-2023/Reads_session_3/busco_downloads/lineages/pseudomonadales_odb10/hmms/11597at72274.hmm /home/johngn/Microbial-Genomics-Journey-Workshop-2023/Reads_session_3/busco_op4/prodigal_output/predicted_genes/predicted.faa 
# Current dir:     /home/johngn/Microbial-Genomics-Journey-Workshop-2023/Reads_session_3
# Date:            Wed Mar  8 17:01:04 2023
# [ok]
