#                                                                            --- full sequence --- -------------- this domain -------------   hmm coord   ali coord   env coord
# target name        accession   tlen query name           accession   qlen   E-value  score  bias   #  of  c-Evalue  i-Evalue  score  bias  from    to  from    to  from    to  acc description of target
#------------------- ---------- ----- -------------------- ---------- ----- --------- ------ ----- --- --- --------- --------- ------ ----- ----- ----- ----- ----- ----- ----- ---- ---------------------
contig00415_4        -            258 11748at72274         -            371  1.2e-129  431.2   0.3   1   1  2.8e-132  1.3e-129  431.0   0.3     2   233     6   258     5   258 0.93 # 2441 # 3214 # 1 # ID=415_4;partial=01;start_type=ATG;rbs_motif=GGA/GAG/AGG;rbs_spacer=5-10bp;gc_cont=0.671
contig00103_4        -            427 11748at72274         -            371   7.9e-37  125.8   1.9   1   1   2.5e-39   1.2e-36  125.2   1.9    29   300    31   326    14   355 0.77 # 3558 # 4838 # -1 # ID=103_4;partial=00;start_type=ATG;rbs_motif=GGAG/GAGG;rbs_spacer=5-10bp;gc_cont=0.676
contig00571_1        -            115 11748at72274         -            371   1.5e-30  105.1   1.1   1   1     8e-33   3.8e-30  103.8   1.1   285   371     4   113     1   113 0.85 # 3 # 347 # 1 # ID=571_1;partial=10;start_type=Edge;rbs_motif=None;rbs_spacer=None;gc_cont=0.649
contig00976_2        -            438 11748at72274         -            371   1.3e-29  102.1   0.0   1   1     4e-32   1.9e-29  101.5   0.0    26   282    57   337    45   377 0.79 # 690 # 2003 # 1 # ID=976_2;partial=01;start_type=ATG;rbs_motif=GGAG/GAGG;rbs_spacer=5-10bp;gc_cont=0.683
contig00277_2        -            462 11748at72274         -            371   5.9e-28   96.6   0.0   1   1   1.9e-30   8.9e-28   96.0   0.0    29   291    64   346    47   369 0.72 # 317 # 1702 # 1 # ID=277_2;partial=00;start_type=ATG;rbs_motif=GGAG/GAGG;rbs_spacer=5-10bp;gc_cont=0.696
contig01040_2        -            436 11748at72274         -            371   1.1e-22   79.2   0.1   1   2   9.2e-12   4.3e-09   34.5   0.0    29   134    56   175    39   182 0.70 # 611 # 1918 # 1 # ID=1040_2;partial=01;start_type=ATG;rbs_motif=GGAG/GAGG;rbs_spacer=5-10bp;gc_cont=0.696
contig01040_2        -            436 11748at72274         -            371   1.1e-22   79.2   0.1   2   2     4e-14   1.9e-11   42.3   0.1   178   286   238   347   218   368 0.85 # 611 # 1918 # 1 # ID=1040_2;partial=01;start_type=ATG;rbs_motif=GGAG/GAGG;rbs_spacer=5-10bp;gc_cont=0.696
contig00835_1        -            318 11748at72274         -            371     1e-21   76.0   0.3   1   2   4.9e-24   2.3e-21   74.9   0.2    91   307    11   230     4   249 0.77 # 1 # 954 # 1 # ID=835_1;partial=10;start_type=Edge;rbs_motif=None;rbs_spacer=None;gc_cont=0.674
contig00835_1        -            318 11748at72274         -            371     1e-21   76.0   0.3   2   2      0.41   1.9e+02   -0.5   0.0   218   259   229   270   217   275 0.82 # 1 # 954 # 1 # ID=835_1;partial=10;start_type=Edge;rbs_motif=None;rbs_spacer=None;gc_cont=0.674
contig02225_2        -            272 11748at72274         -            371   7.8e-16   56.7   0.1   1   1   2.5e-18   1.2e-15   56.1   0.1   174   286    40   164    24   193 0.80 # 158 # 973 # -1 # ID=2225_2;partial=01;start_type=Edge;rbs_motif=None;rbs_spacer=None;gc_cont=0.680
contig02284_1        -            261 11748at72274         -            371   1.7e-15   55.6   0.0   1   1   4.4e-18   2.1e-15   55.3   0.0   174   286    30   152    11   203 0.83 # 3 # 785 # 1 # ID=2284_1;partial=10;start_type=Edge;rbs_motif=None;rbs_spacer=None;gc_cont=0.679
contig00022_2        -            418 11748at72274         -            371     2e-14   52.1   0.0   1   1   1.8e-16   8.6e-14   50.0   0.0    15   285    11   308     7   341 0.65 # 685 # 1938 # 1 # ID=22_2;partial=00;start_type=ATG;rbs_motif=GGAG/GAGG;rbs_spacer=5-10bp;gc_cont=0.659
contig00226_1        -            376 11748at72274         -            371   3.4e-13   48.0   0.0   1   2    0.0016      0.77    7.3   0.0    75   115    17    58     7    94 0.77 # 3 # 1130 # 1 # ID=226_1;partial=10;start_type=Edge;rbs_motif=None;rbs_spacer=None;gc_cont=0.649
contig00226_1        -            376 11748at72274         -            371   3.4e-13   48.0   0.0   2   2   5.1e-13   2.4e-10   38.6   0.0   170   287   134   258   126   276 0.82 # 3 # 1130 # 1 # ID=226_1;partial=10;start_type=Edge;rbs_motif=None;rbs_spacer=None;gc_cont=0.649
contig01268_1        -            287 11748at72274         -            371   3.6e-12   44.6   0.0   1   1     1e-14   4.8e-12   44.2   0.0   168   286    25   154    12   181 0.80 # 1 # 861 # 1 # ID=1268_1;partial=10;start_type=Edge;rbs_motif=None;rbs_spacer=None;gc_cont=0.681
contig03249_1        -            178 11748at72274         -            371   3.7e-10   38.0   0.0   1   1   9.5e-13   4.5e-10   37.7   0.0   173   286    41   164    25   175 0.82 # 2 # 535 # -1 # ID=3249_1;partial=11;start_type=Edge;rbs_motif=None;rbs_spacer=None;gc_cont=0.676
contig01169_3        -            181 11748at72274         -            371   3.9e-05   21.5   0.7   1   1   1.1e-07   5.2e-05   21.1   0.6   213   285     1    70     1   116 0.72 # 1210 # 1752 # -1 # ID=1169_3;partial=01;start_type=Edge;rbs_motif=None;rbs_spacer=None;gc_cont=0.716
contig03287_1        -            159 11748at72274         -            371   3.9e-05   21.5   0.0   1   1     1e-07   4.8e-05   21.2   0.0    27   114    38   135    25   157 0.75 # 3 # 479 # -1 # ID=3287_1;partial=10;start_type=ATG;rbs_motif=GGAG/GAGG;rbs_spacer=5-10bp;gc_cont=0.671
contig00611_3        -            167 11748at72274         -            371   9.3e-05   20.2   0.1   1   1   2.4e-07   0.00011   20.0   0.1    30   128    46   161    24   164 0.72 # 2153 # 2653 # 1 # ID=611_3;partial=01;start_type=ATG;rbs_motif=GGA/GAG/AGG;rbs_spacer=5-10bp;gc_cont=0.671
contig01229_2        -            170 11748at72274         -            371   0.00046   18.0   0.0   1   1   1.2e-06   0.00055   17.7   0.0    31   129    38   152    31   166 0.64 # 1184 # 1693 # 1 # ID=1229_2;partial=01;start_type=ATG;rbs_motif=AGGAG;rbs_spacer=5-10bp;gc_cont=0.629
contig00271_1        -             81 11748at72274         -            371   0.00055   17.7   0.0   1   1   1.4e-06   0.00065   17.5   0.0    25    64    27    67    17    72 0.86 # 3 # 245 # -1 # ID=271_1;partial=10;start_type=ATG;rbs_motif=AGGAG;rbs_spacer=5-10bp;gc_cont=0.671
#
# Program:         hmmsearch
# Version:         3.1b2 (February 2015)
# Pipeline mode:   SEARCH
# Query file:      /home/johngn/Microbial-Genomics-Journey-Workshop-2023/Reads_session_3/busco_downloads/lineages/pseudomonadales_odb10/hmms/11748at72274.hmm
# Target file:     /home/johngn/Microbial-Genomics-Journey-Workshop-2023/Reads_session_3/busco_op4/prodigal_output/predicted_genes/predicted.faa
# Option settings: hmmsearch --domtblout /home/johngn/Microbial-Genomics-Journey-Workshop-2023/Reads_session_3/busco_op4/run_pseudomonadales_odb10/hmmer_output/11748at72274.out --cpu 1 /home/johngn/Microbial-Genomics-Journey-Workshop-2023/Reads_session_3/busco_downloads/lineages/pseudomonadales_odb10/hmms/11748at72274.hmm /home/johngn/Microbial-Genomics-Journey-Workshop-2023/Reads_session_3/busco_op4/prodigal_output/predicted_genes/predicted.faa 
# Current dir:     /home/johngn/Microbial-Genomics-Journey-Workshop-2023/Reads_session_3
# Date:            Wed Mar  8 17:01:04 2023
# [ok]
