#                                                                            --- full sequence --- -------------- this domain -------------   hmm coord   ali coord   env coord
# target name        accession   tlen query name           accession   qlen   E-value  score  bias   #  of  c-Evalue  i-Evalue  score  bias  from    to  from    to  from    to  acc description of target
#------------------- ---------- ----- -------------------- ---------- ----- --------- ------ ----- --- --- --------- --------- ------ ----- ----- ----- ----- ----- ----- ----- ---- ---------------------
contig02687_1        -            253 12118at72274         -            418  1.4e-132  441.2   2.2   1   1  2.1e-134  4.5e-132  439.5   2.2    55   283     1   253     1   253 0.95 # 3 # 761 # -1 # ID=2687_1;partial=11;start_type=Edge;rbs_motif=None;rbs_spacer=None;gc_cont=0.660
contig00213_5        -            137 12118at72274         -            418   3.1e-56  189.7   0.1   1   1   1.8e-58   3.7e-56  189.4   0.1   299   418     1   136     1   136 0.93 # 3856 # 4266 # -1 # ID=213_5;partial=01;start_type=Edge;rbs_motif=None;rbs_spacer=None;gc_cont=0.684
contig02494_1        -            279 12118at72274         -            418   1.2e-46  158.1   0.3   1   1   7.4e-49   1.6e-46  157.7   0.3    32   284     7   277     3   278 0.87 # 1 # 837 # 1 # ID=2494_1;partial=11;start_type=Edge;rbs_motif=None;rbs_spacer=None;gc_cont=0.703
contig01220_2        -            298 12118at72274         -            418     1e-09   36.4   3.6   1   2   3.7e-11   7.8e-09   33.5   2.8   131   266     1   135     1   139 0.77 # 806 # 1699 # -1 # ID=1220_2;partial=01;start_type=Edge;rbs_motif=None;rbs_spacer=None;gc_cont=0.726
contig01220_2        -            298 12118at72274         -            418     1e-09   36.4   3.6   2   2      0.11        24    2.3   0.6   132   151   123   142   117   147 0.89 # 806 # 1699 # -1 # ID=1220_2;partial=01;start_type=Edge;rbs_motif=None;rbs_spacer=None;gc_cont=0.726
contig01493_1        -            394 12118at72274         -            418   1.5e-08   32.6   0.1   1   1   1.3e-10   2.8e-08   31.7   0.1   128   190     7    70     3   107 0.86 # 272 # 1453 # 1 # ID=1493_1;partial=01;start_type=ATG;rbs_motif=None;rbs_spacer=None;gc_cont=0.697
contig00208_2        -            649 12118at72274         -            418     2e-07   28.9   0.0   1   2       1.3   2.7e+02   -1.2   0.0   271   325    65   120    51   148 0.67 # 463 # 2409 # 1 # ID=208_2;partial=00;start_type=GTG;rbs_motif=AGGA;rbs_spacer=5-10bp;gc_cont=0.707
contig00208_2        -            649 12118at72274         -            418     2e-07   28.9   0.0   2   2     4e-09   8.4e-07   26.8   0.0   120   257   374   512   341   541 0.79 # 463 # 2409 # 1 # ID=208_2;partial=00;start_type=GTG;rbs_motif=AGGA;rbs_spacer=5-10bp;gc_cont=0.707
contig00158_5        -            601 12118at72274         -            418   2.9e-07   28.4   0.0   1   1   2.4e-09     5e-07   27.6   0.0   130   173   390   433   341   523 0.75 # 3085 # 4887 # 1 # ID=158_5;partial=01;start_type=ATG;rbs_motif=GGAG/GAGG;rbs_spacer=5-10bp;gc_cont=0.663
contig00131_3        -             57 12118at72274         -            418   2.4e-06   25.3   0.1   1   1   1.4e-08   2.9e-06   25.1   0.1     2    38     7    57     6    57 0.75 # 5052 # 5222 # 1 # ID=131_3;partial=01;start_type=ATG;rbs_motif=GGAG/GAGG;rbs_spacer=5-10bp;gc_cont=0.626
contig00258_4        -            282 12118at72274         -            418   7.3e-06   23.8   0.2   1   2   1.1e-07   2.2e-05   22.2   0.0   152   268     2   119     1   133 0.83 # 3122 # 3967 # -1 # ID=258_4;partial=01;start_type=Edge;rbs_motif=None;rbs_spacer=None;gc_cont=0.683
contig00258_4        -            282 12118at72274         -            418   7.3e-06   23.8   0.2   2   2       1.3   2.7e+02   -1.2   0.0   250   276   248   275   216   279 0.71 # 3122 # 3967 # -1 # ID=258_4;partial=01;start_type=Edge;rbs_motif=None;rbs_spacer=None;gc_cont=0.683
contig01480_1        -            447 12118at72274         -            418   1.1e-05   23.1   2.7   1   3       0.6   1.3e+02   -0.1   0.0   341   363   102   124    82   141 0.83 # 1 # 1341 # 1 # ID=1480_1;partial=10;start_type=Edge;rbs_motif=None;rbs_spacer=None;gc_cont=0.645
contig01480_1        -            447 12118at72274         -            418   1.1e-05   23.1   2.7   2   3    0.0057       1.2    6.6   0.2   128   162   147   181   132   214 0.85 # 1 # 1341 # 1 # ID=1480_1;partial=10;start_type=Edge;rbs_motif=None;rbs_spacer=None;gc_cont=0.645
contig01480_1        -            447 12118at72274         -            418   1.1e-05   23.1   2.7   3   3   2.6e-05    0.0055   14.3   0.1   346   413   233   310   211   314 0.74 # 1 # 1341 # 1 # ID=1480_1;partial=10;start_type=Edge;rbs_motif=None;rbs_spacer=None;gc_cont=0.645
contig00371_4        -            317 12118at72274         -            418   2.4e-05   22.0   3.5   1   2   0.00027     0.056   11.0   0.0   125   169     2    45     1    50 0.82 # 1918 # 2868 # -1 # ID=371_4;partial=00;start_type=ATG;rbs_motif=AGGAG;rbs_spacer=5-10bp;gc_cont=0.671
contig00371_4        -            317 12118at72274         -            418   2.4e-05   22.0   3.5   2   2   0.00041     0.086   10.3   1.7   252   416   147   313   106   315 0.74 # 1918 # 2868 # -1 # ID=371_4;partial=00;start_type=ATG;rbs_motif=AGGAG;rbs_spacer=5-10bp;gc_cont=0.671
contig02265_1        -            318 12118at72274         -            418   2.5e-05   22.0   0.1   1   2   3.5e-07   7.4e-05   20.5   0.0   128   169    36    77    28    80 0.90 # 2 # 955 # -1 # ID=2265_1;partial=11;start_type=Edge;rbs_motif=None;rbs_spacer=None;gc_cont=0.709
contig02265_1        -            318 12118at72274         -            418   2.5e-05   22.0   0.1   2   2       1.5   3.3e+02   -1.4   0.0   251   334   192   275   152   287 0.61 # 2 # 955 # -1 # ID=2265_1;partial=11;start_type=Edge;rbs_motif=None;rbs_spacer=None;gc_cont=0.709
contig00832_1        -            348 12118at72274         -            418   3.6e-05   21.5   0.0   1   1   1.9e-05     0.004   14.7   0.0   209   392    99   281    69   308 0.66 # 3 # 1046 # -1 # ID=832_1;partial=10;start_type=ATG;rbs_motif=AGGAG;rbs_spacer=5-10bp;gc_cont=0.661
contig00178_5        -            417 12118at72274         -            418   8.2e-05   20.3   0.4   1   2   5.8e-06    0.0012   16.4   0.1   131   168     3    39     1    44 0.88 # 2118 # 3368 # -1 # ID=178_5;partial=00;start_type=ATG;rbs_motif=GGA/GAG/AGG;rbs_spacer=11-12bp;gc_cont=0.716
contig00178_5        -            417 12118at72274         -            418   8.2e-05   20.3   0.4   2   2      0.19        40    1.6   0.0   341   363   234   256   216   262 0.80 # 2118 # 3368 # -1 # ID=178_5;partial=00;start_type=ATG;rbs_motif=GGA/GAG/AGG;rbs_spacer=11-12bp;gc_cont=0.716
contig01229_1        -            336 12118at72274         -            418   8.8e-05   20.2   0.4   1   2   1.5e-06   0.00031   18.4   0.1   133   168    30    65    18    81 0.87 # 3 # 1010 # -1 # ID=1229_1;partial=10;start_type=ATG;rbs_motif=GGAG/GAGG;rbs_spacer=5-10bp;gc_cont=0.667
contig01229_1        -            336 12118at72274         -            418   8.8e-05   20.2   0.4   2   2      0.93     2e+02   -0.7   0.0   318   361   231   274   226   286 0.83 # 3 # 1010 # -1 # ID=1229_1;partial=10;start_type=ATG;rbs_motif=GGAG/GAGG;rbs_spacer=5-10bp;gc_cont=0.667
contig00032_6        -            465 12118at72274         -            418    0.0001   20.0   0.1   1   2   2.7e-06   0.00056   17.6   0.0   134   237     6   131     2   144 0.59 # 4538 # 5932 # -1 # ID=32_6;partial=00;start_type=ATG;rbs_motif=AGGAG;rbs_spacer=5-10bp;gc_cont=0.696
contig00032_6        -            465 12118at72274         -            418    0.0001   20.0   0.1   2   2       1.1   2.2e+02   -0.9   0.0   376   412   294   329   283   332 0.75 # 4538 # 5932 # -1 # ID=32_6;partial=00;start_type=ATG;rbs_motif=AGGAG;rbs_spacer=5-10bp;gc_cont=0.696
contig02282_3        -             52 12118at72274         -            418    0.0001   20.0   0.1   1   1   4.9e-07    0.0001   20.0   0.1   132   169     6    43     1    49 0.89 # 789 # 944 # 1 # ID=2282_3;partial=01;start_type=ATG;rbs_motif=GGAG/GAGG;rbs_spacer=5-10bp;gc_cont=0.782
contig00333_1        -            397 12118at72274         -            418   0.00016   19.3   0.3   1   2       1.9     4e+02   -1.7   0.5   135   163     9    37     5    52 0.75 # 2 # 1192 # -1 # ID=333_1;partial=10;start_type=ATG;rbs_motif=AGGAG;rbs_spacer=5-10bp;gc_cont=0.657
contig00333_1        -            397 12118at72274         -            418   0.00016   19.3   0.3   2   2   6.5e-05     0.014   13.0   0.0   251   411   165   323   144   327 0.64 # 2 # 1192 # -1 # ID=333_1;partial=10;start_type=ATG;rbs_motif=AGGAG;rbs_spacer=5-10bp;gc_cont=0.657
contig00730_1        -             51 12118at72274         -            418   0.00026   18.7   0.0   1   1   1.3e-06   0.00027   18.6   0.0   128   167    10    50     3    51 0.86 # 3 # 155 # -1 # ID=730_1;partial=10;start_type=ATG;rbs_motif=AGGAG;rbs_spacer=5-10bp;gc_cont=0.673
contig00418_5        -            322 12118at72274         -            418   0.00037   18.1   0.0   1   2      0.65   1.4e+02   -0.2   0.0   131   169    33    71    24    86 0.86 # 2232 # 3197 # -1 # ID=418_5;partial=01;start_type=Edge;rbs_motif=None;rbs_spacer=None;gc_cont=0.623
contig00418_5        -            322 12118at72274         -            418   0.00037   18.1   0.0   2   2     1e-05    0.0022   15.6   0.0   369   413   146   190   135   193 0.93 # 2232 # 3197 # -1 # ID=418_5;partial=01;start_type=Edge;rbs_motif=None;rbs_spacer=None;gc_cont=0.623
contig00019_7        -            563 12118at72274         -            418   0.00038   18.1   6.3   1   3    0.0018      0.38    8.2   0.6   130   167    99   135    81   153 0.78 # 4472 # 6160 # -1 # ID=19_7;partial=00;start_type=ATG;rbs_motif=GGAG/GAGG;rbs_spacer=5-10bp;gc_cont=0.690
contig00019_7        -            563 12118at72274         -            418   0.00038   18.1   6.3   2   3     0.057        12    3.3   0.0   131   209   272   359   261   365 0.73 # 4472 # 6160 # -1 # ID=19_7;partial=00;start_type=ATG;rbs_motif=GGAG/GAGG;rbs_spacer=5-10bp;gc_cont=0.690
contig00019_7        -            563 12118at72274         -            418   0.00038   18.1   6.3   3   3    0.0017      0.36    8.3   0.1   368   410   382   424   370   428 0.89 # 4472 # 6160 # -1 # ID=19_7;partial=00;start_type=ATG;rbs_motif=GGAG/GAGG;rbs_spacer=5-10bp;gc_cont=0.690
contig00593_2        -            451 12118at72274         -            418   0.00041   18.0   0.1   1   2    0.0013      0.28    8.7   0.0   133   162    22    51     7    56 0.86 # 1122 # 2474 # 1 # ID=593_2;partial=00;start_type=ATG;rbs_motif=GGAG/GAGG;rbs_spacer=5-10bp;gc_cont=0.696
contig00593_2        -            451 12118at72274         -            418   0.00041   18.0   0.1   2   2    0.0041      0.87    7.0   0.0   121   156   170   205   156   213 0.83 # 1122 # 2474 # 1 # ID=593_2;partial=00;start_type=ATG;rbs_motif=GGAG/GAGG;rbs_spacer=5-10bp;gc_cont=0.696
contig00104_2        -            395 12118at72274         -            418    0.0005   17.7   0.2   1   1   3.9e-06   0.00083   17.0   0.1   132   176     4    50     1    91 0.76 # 693 # 1877 # 1 # ID=104_2;partial=00;start_type=ATG;rbs_motif=GGAG/GAGG;rbs_spacer=5-10bp;gc_cont=0.678
contig01951_3        -            128 12118at72274         -            418    0.0009   16.9   0.0   1   1   4.3e-06   0.00091   16.9   0.0   132   185     7    62     2   105 0.84 # 731 # 1114 # 1 # ID=1951_3;partial=01;start_type=ATG;rbs_motif=AGGAG;rbs_spacer=5-10bp;gc_cont=0.635
contig01799_2        -            243 12118at72274         -            418   0.00099   16.7   0.7   1   2     0.007       1.5    6.3   0.2   127   156    72   101    53   141 0.81 # 485 # 1213 # -1 # ID=1799_2;partial=01;start_type=Edge;rbs_motif=None;rbs_spacer=None;gc_cont=0.665
contig01799_2        -            243 12118at72274         -            418   0.00099   16.7   0.7   2   2   0.00073      0.15    9.5   0.0   369   416   187   235   121   237 0.74 # 485 # 1213 # -1 # ID=1799_2;partial=01;start_type=Edge;rbs_motif=None;rbs_spacer=None;gc_cont=0.665
contig00263_4        -            199 12118at72274         -            418     0.001   16.7   0.0   1   2     0.031       6.5    4.2   0.0   132   168     7    45     3    57 0.83 # 3337 # 3933 # 1 # ID=263_4;partial=01;start_type=ATG;rbs_motif=GGAG/GAGG;rbs_spacer=5-10bp;gc_cont=0.668
contig00263_4        -            199 12118at72274         -            418     0.001   16.7   0.0   2   2   0.00032     0.067   10.7   0.0   214   265   136   191    99   196 0.82 # 3337 # 3933 # 1 # ID=263_4;partial=01;start_type=ATG;rbs_motif=GGAG/GAGG;rbs_spacer=5-10bp;gc_cont=0.668
contig01217_2        -            328 12118at72274         -            418     0.001   16.7   0.2   1   1   8.6e-06    0.0018   15.9   0.2   133   168     5    40     2    45 0.92 # 402 # 1385 # -1 # ID=1217_2;partial=00;start_type=ATG;rbs_motif=GGAG/GAGG;rbs_spacer=5-10bp;gc_cont=0.695
contig00874_4        -             58 12118at72274         -            418    0.0025   15.4   1.2   1   1   1.5e-05    0.0031   15.1   1.2   131   167     4    40     1    53 0.88 # 1987 # 2160 # 1 # ID=874_4;partial=01;start_type=GTG;rbs_motif=GGAG/GAGG;rbs_spacer=5-10bp;gc_cont=0.678
contig01896_1        -            184 12118at72274         -            418    0.0042   14.7   1.2   1   2   0.00016     0.035   11.6   0.1   129   160     3    36     1    48 0.78 # 3 # 554 # -1 # ID=1896_1;partial=10;start_type=ATG;rbs_motif=GGAG/GAGG;rbs_spacer=5-10bp;gc_cont=0.630
contig01896_1        -            184 12118at72274         -            418    0.0042   14.7   1.2   2   2      0.15        33    1.9   0.2   252   285   146   179   100   182 0.66 # 3 # 554 # -1 # ID=1896_1;partial=10;start_type=ATG;rbs_motif=GGAG/GAGG;rbs_spacer=5-10bp;gc_cont=0.630
contig00982_2        -            492 12118at72274         -            418    0.0083   13.7   0.1   1   2   0.00044     0.092   10.2   0.1   132   168    12    49     6    52 0.89 # 479 # 1954 # 1 # ID=982_2;partial=00;start_type=ATG;rbs_motif=GGAG/GAGG;rbs_spacer=5-10bp;gc_cont=0.673
contig00982_2        -            492 12118at72274         -            418    0.0083   13.7   0.1   2   2      0.29        62    0.9   0.0   246   265   170   189   156   209 0.68 # 479 # 1954 # 1 # ID=982_2;partial=00;start_type=ATG;rbs_motif=GGAG/GAGG;rbs_spacer=5-10bp;gc_cont=0.673
contig00387_4        -            266 12118at72274         -            418    0.0093   13.5   0.1   1   1   8.3e-05     0.018   12.6   0.1   129   164     3    38     1    43 0.91 # 2548 # 3345 # 1 # ID=387_4;partial=01;start_type=ATG;rbs_motif=GGA/GAG/AGG;rbs_spacer=5-10bp;gc_cont=0.689
contig00002_16       -            436 12118at72274         -            418     0.014   12.9   1.0   1   2    0.0012      0.25    8.8   0.0   130   163     8    41     2    46 0.89 # 18307 # 19614 # -1 # ID=2_16;partial=00;start_type=ATG;rbs_motif=AGGAG;rbs_spacer=5-10bp;gc_cont=0.617
contig00002_16       -            436 12118at72274         -            418     0.014   12.9   1.0   2   2       0.2        42    1.5   0.3   338   390   244   304   156   310 0.49 # 18307 # 19614 # -1 # ID=2_16;partial=00;start_type=ATG;rbs_motif=AGGAG;rbs_spacer=5-10bp;gc_cont=0.617
contig01130_2        -            369 12118at72274         -            418     0.015   12.9   0.2   1   1   9.6e-05      0.02   12.4   0.2   132   166     5    39     1    43 0.90 # 85 # 1191 # 1 # ID=1130_2;partial=00;start_type=ATG;rbs_motif=None;rbs_spacer=None;gc_cont=0.724
contig00570_1        -            444 12118at72274         -            418     0.015   12.8   0.0   1   2    0.0083       1.7    6.0   0.0   133   168    14    51     9    64 0.81 # 3 # 1334 # -1 # ID=570_1;partial=10;start_type=ATG;rbs_motif=AGGAG;rbs_spacer=5-10bp;gc_cont=0.598
contig00570_1        -            444 12118at72274         -            418     0.015   12.8   0.0   2   2     0.025       5.2    4.5   0.0   232   282   164   214   138   227 0.70 # 3 # 1334 # -1 # ID=570_1;partial=10;start_type=ATG;rbs_motif=AGGAG;rbs_spacer=5-10bp;gc_cont=0.598
contig00104_5        -            285 12118at72274         -            418      0.02   12.4   0.1   1   1   0.00013     0.028   12.0   0.1   118   163   114   162    91   172 0.83 # 4117 # 4971 # 1 # ID=104_5;partial=00;start_type=ATG;rbs_motif=GGAG/GAGG;rbs_spacer=5-10bp;gc_cont=0.725
contig02479_2        -             80 12118at72274         -            418     0.046   11.2   0.1   1   1   0.00026     0.054   11.0   0.1   132   162    41    71    31    76 0.89 # 605 # 844 # 1 # ID=2479_2;partial=01;start_type=ATG;rbs_motif=GGAG/GAGG;rbs_spacer=5-10bp;gc_cont=0.654
contig00797_3        -            433 12118at72274         -            418     0.053   11.0   0.1   1   1   0.00061      0.13    9.8   0.1   132   163     2    33     1    37 0.94 # 929 # 2227 # -1 # ID=797_3;partial=00;start_type=ATG;rbs_motif=GGAGG;rbs_spacer=5-10bp;gc_cont=0.666
contig02392_1        -            250 12118at72274         -            418     0.066   10.7   0.2   1   1   0.00045     0.095   10.2   0.2   133   168    10    51     4    58 0.71 # 140 # 889 # 1 # ID=2392_1;partial=01;start_type=GTG;rbs_motif=AGGAG;rbs_spacer=5-10bp;gc_cont=0.641
contig00052_8        -            465 12118at72274         -            418      0.25    8.8   3.7   1   3       3.4   7.2e+02   -2.6   0.5   133   169     9    45     2    58 0.72 # 4876 # 6270 # 1 # ID=52_8;partial=00;start_type=ATG;rbs_motif=GGAG/GAGG;rbs_spacer=5-10bp;gc_cont=0.706
contig00052_8        -            465 12118at72274         -            418      0.25    8.8   3.7   2   3      0.24        50    1.2   0.0   130   165   177   212   170   218 0.82 # 4876 # 6270 # 1 # ID=52_8;partial=00;start_type=ATG;rbs_motif=GGAG/GAGG;rbs_spacer=5-10bp;gc_cont=0.706
contig00052_8        -            465 12118at72274         -            418      0.25    8.8   3.7   3   3    0.0027      0.56    7.7   0.0   341   412   253   333   231   336 0.81 # 4876 # 6270 # 1 # ID=52_8;partial=00;start_type=ATG;rbs_motif=GGAG/GAGG;rbs_spacer=5-10bp;gc_cont=0.706
contig01264_1        -            467 12118at72274         -            418      0.32    8.5   5.3   1   2     0.014         3    5.3   0.6   131   168     4    41     1    68 0.88 # 63 # 1463 # 1 # ID=1264_1;partial=00;start_type=ATG;rbs_motif=AGGAG;rbs_spacer=5-10bp;gc_cont=0.695
contig01264_1        -            467 12118at72274         -            418      0.32    8.5   5.3   2   2      0.04       8.5    3.8   0.1   131   166   175   210   165   278 0.74 # 63 # 1463 # 1 # ID=1264_1;partial=00;start_type=ATG;rbs_motif=AGGAG;rbs_spacer=5-10bp;gc_cont=0.695
#
# Program:         hmmsearch
# Version:         3.1b2 (February 2015)
# Pipeline mode:   SEARCH
# Query file:      /home/johngn/Microbial-Genomics-Journey-Workshop-2023/Reads_session_3/busco_downloads/lineages/pseudomonadales_odb10/hmms/12118at72274.hmm
# Target file:     /home/johngn/Microbial-Genomics-Journey-Workshop-2023/Reads_session_3/busco_op4/prodigal_output/predicted_genes/predicted.faa
# Option settings: hmmsearch --domtblout /home/johngn/Microbial-Genomics-Journey-Workshop-2023/Reads_session_3/busco_op4/run_pseudomonadales_odb10/hmmer_output/12118at72274.out --cpu 1 /home/johngn/Microbial-Genomics-Journey-Workshop-2023/Reads_session_3/busco_downloads/lineages/pseudomonadales_odb10/hmms/12118at72274.hmm /home/johngn/Microbial-Genomics-Journey-Workshop-2023/Reads_session_3/busco_op4/prodigal_output/predicted_genes/predicted.faa 
# Current dir:     /home/johngn/Microbial-Genomics-Journey-Workshop-2023/Reads_session_3
# Date:            Wed Mar  8 17:01:05 2023
# [ok]
