#                                                                            --- full sequence --- -------------- this domain -------------   hmm coord   ali coord   env coord
# target name        accession   tlen query name           accession   qlen   E-value  score  bias   #  of  c-Evalue  i-Evalue  score  bias  from    to  from    to  from    to  acc description of target
#------------------- ---------- ----- -------------------- ---------- ----- --------- ------ ----- --- --- --------- --------- ------ ----- ----- ----- ----- ----- ----- ----- ---- ---------------------
contig00639_1        -            326 12305at72274         -            433  4.1e-137  456.5  10.5   1   1  4.3e-140  5.2e-137  456.2  10.5     1   279     1   326     1   326 0.91 # 3 # 980 # -1 # ID=639_1;partial=10;start_type=ATG;rbs_motif=GGAG/GAGG;rbs_spacer=5-10bp;gc_cont=0.666
contig00802_2        -            158 12305at72274         -            433   1.9e-91  306.0   5.3   1   1   1.8e-94   2.1e-91  305.9   5.3   282   433     1   157     1   157 0.98 # 1799 # 2272 # -1 # ID=802_2;partial=01;start_type=Edge;rbs_motif=None;rbs_spacer=None;gc_cont=0.684
contig00941_1        -            329 12305at72274         -            433   5.3e-05   21.2   1.5   1   3   0.00027      0.32    8.7   0.0    30    70     4    44     2    63 0.92 # 13 # 999 # -1 # ID=941_1;partial=00;start_type=ATG;rbs_motif=AGGAG;rbs_spacer=5-10bp;gc_cont=0.695
contig00941_1        -            329 12305at72274         -            433   5.3e-05   21.2   1.5   2   3      0.42   5.1e+02   -1.8   0.0    41    83    96   135    88   145 0.70 # 13 # 999 # -1 # ID=941_1;partial=00;start_type=ATG;rbs_motif=AGGAG;rbs_spacer=5-10bp;gc_cont=0.695
contig00941_1        -            329 12305at72274         -            433   5.3e-05   21.2   1.5   3   3   7.2e-05     0.087   10.6   0.6   277   319   168   211   118   217 0.87 # 13 # 999 # -1 # ID=941_1;partial=00;start_type=ATG;rbs_motif=AGGAG;rbs_spacer=5-10bp;gc_cont=0.695
contig00775_2        -            382 12305at72274         -            433   0.00047   18.1   0.9   1   1     6e-07   0.00072   17.5   0.9   214   322   238   342   233   376 0.77 # 622 # 1767 # 1 # ID=775_2;partial=00;start_type=ATG;rbs_motif=GGA/GAG/AGG;rbs_spacer=5-10bp;gc_cont=0.700
contig00138_5        -            384 12305at72274         -            433   0.00066   17.6   0.2   1   1   8.9e-07    0.0011   16.9   0.2   213   310   238   331   233   342 0.79 # 3172 # 4323 # -1 # ID=138_5;partial=00;start_type=ATG;rbs_motif=AGGAG;rbs_spacer=5-10bp;gc_cont=0.691
contig01966_1        -            329 12305at72274         -            433    0.0038   15.1   7.0   1   2   0.00043      0.52    8.0   0.0    32    71     3    42     1    70 0.81 # 119 # 1105 # 1 # ID=1966_1;partial=01;start_type=ATG;rbs_motif=GGAG/GAGG;rbs_spacer=5-10bp;gc_cont=0.729
contig01966_1        -            329 12305at72274         -            433    0.0038   15.1   7.0   2   2   0.00056      0.68    7.7   4.4   232   321   158   251   135   294 0.69 # 119 # 1105 # 1 # ID=1966_1;partial=01;start_type=ATG;rbs_motif=GGAG/GAGG;rbs_spacer=5-10bp;gc_cont=0.729
contig00269_2        -            349 12305at72274         -            433     0.036   11.9   0.0   1   1   4.2e-05      0.05   11.4   0.0   189   245   135   191   109   201 0.84 # 612 # 1658 # 1 # ID=269_2;partial=00;start_type=ATG;rbs_motif=GGA/GAG/AGG;rbs_spacer=5-10bp;gc_cont=0.682
#
# Program:         hmmsearch
# Version:         3.1b2 (February 2015)
# Pipeline mode:   SEARCH
# Query file:      /home/johngn/Microbial-Genomics-Journey-Workshop-2023/Reads_session_3/busco_downloads/lineages/pseudomonadales_odb10/hmms/12305at72274.hmm
# Target file:     /home/johngn/Microbial-Genomics-Journey-Workshop-2023/Reads_session_3/busco_op4/prodigal_output/predicted_genes/predicted.faa
# Option settings: hmmsearch --domtblout /home/johngn/Microbial-Genomics-Journey-Workshop-2023/Reads_session_3/busco_op4/run_pseudomonadales_odb10/hmmer_output/12305at72274.out --cpu 1 /home/johngn/Microbial-Genomics-Journey-Workshop-2023/Reads_session_3/busco_downloads/lineages/pseudomonadales_odb10/hmms/12305at72274.hmm /home/johngn/Microbial-Genomics-Journey-Workshop-2023/Reads_session_3/busco_op4/prodigal_output/predicted_genes/predicted.faa 
# Current dir:     /home/johngn/Microbial-Genomics-Journey-Workshop-2023/Reads_session_3
# Date:            Wed Mar  8 17:01:05 2023
# [ok]
