#                                                                            --- full sequence --- -------------- this domain -------------   hmm coord   ali coord   env coord
# target name        accession   tlen query name           accession   qlen   E-value  score  bias   #  of  c-Evalue  i-Evalue  score  bias  from    to  from    to  from    to  acc description of target
#------------------- ---------- ----- -------------------- ---------- ----- --------- ------ ----- --- --- --------- --------- ------ ----- ----- ----- ----- ----- ----- ----- ---- ---------------------
contig00797_3        -            433 12585at72274         -            381  5.9e-196  649.8   0.0   1   1  3.1e-198  9.4e-196  649.1   0.0     1   381     1   416     1   416 0.93 # 929 # 2227 # -1 # ID=797_3;partial=00;start_type=ATG;rbs_motif=GGAGG;rbs_spacer=5-10bp;gc_cont=0.666
contig00178_5        -            417 12585at72274         -            381   2.2e-86  289.1   0.0   1   1   1.1e-88   3.3e-86  288.6   0.0     2   367     4   396     3   408 0.88 # 2118 # 3368 # -1 # ID=178_5;partial=00;start_type=ATG;rbs_motif=GGA/GAG/AGG;rbs_spacer=11-12bp;gc_cont=0.716
contig02882_2        -            165 12585at72274         -            381   1.1e-23   82.7   0.0   1   1   4.5e-26   1.3e-23   82.5   0.0   227   368     2   147     1   153 0.90 # 174 # 668 # -1 # ID=2882_2;partial=01;start_type=Edge;rbs_motif=None;rbs_spacer=None;gc_cont=0.677
contig00032_5        -            418 12585at72274         -            381   2.8e-15   55.1   0.1   1   2   1.2e-05    0.0037   15.2   0.2     3    45     7    50     5    66 0.84 # 3282 # 4535 # -1 # ID=32_5;partial=00;start_type=ATG;rbs_motif=GGA/GAG/AGG;rbs_spacer=5-10bp;gc_cont=0.688
contig00032_5        -            418 12585at72274         -            381   2.8e-15   55.1   0.1   2   2   2.2e-12   6.5e-10   37.4   0.0   112   368   112   389   101   397 0.77 # 3282 # 4535 # -1 # ID=32_5;partial=00;start_type=ATG;rbs_motif=GGA/GAG/AGG;rbs_spacer=5-10bp;gc_cont=0.688
contig00830_2        -            417 12585at72274         -            381   7.2e-14   50.5   3.4   1   3   0.00048      0.14   10.0   0.3     2    32    34    66    33    87 0.79 # 296 # 1546 # 1 # ID=830_2;partial=00;start_type=ATG;rbs_motif=AGGAG;rbs_spacer=5-10bp;gc_cont=0.671
contig00830_2        -            417 12585at72274         -            381   7.2e-14   50.5   3.4   2   3       2.7     8e+02   -2.3   0.0   115   164   104   153    92   157 0.81 # 296 # 1546 # 1 # ID=830_2;partial=00;start_type=ATG;rbs_motif=AGGAG;rbs_spacer=5-10bp;gc_cont=0.671
contig00830_2        -            417 12585at72274         -            381   7.2e-14   50.5   3.4   3   3   2.7e-13     8e-11   40.4   0.1   282   367   297   383   270   387 0.83 # 296 # 1546 # 1 # ID=830_2;partial=00;start_type=ATG;rbs_motif=AGGAG;rbs_spacer=5-10bp;gc_cont=0.671
contig00266_2        -            428 12585at72274         -            381   2.3e-11   42.2   0.4   1   3   3.9e-09   1.2e-06   26.7   0.2     2    51    31    80    30    84 0.96 # 809 # 2092 # -1 # ID=266_2;partial=00;start_type=ATG;rbs_motif=GGAG/GAGG;rbs_spacer=5-10bp;gc_cont=0.658
contig00266_2        -            428 12585at72274         -            381   2.3e-11   42.2   0.4   2   3      0.95   2.9e+02   -0.9   0.0   112   166   110   164   100   188 0.78 # 809 # 2092 # -1 # ID=266_2;partial=00;start_type=ATG;rbs_motif=GGAG/GAGG;rbs_spacer=5-10bp;gc_cont=0.658
contig00266_2        -            428 12585at72274         -            381   2.3e-11   42.2   0.4   3   3   0.00011     0.032   12.1   0.0   306   370   322   386   308   393 0.88 # 809 # 2092 # -1 # ID=266_2;partial=00;start_type=ATG;rbs_motif=GGAG/GAGG;rbs_spacer=5-10bp;gc_cont=0.658
contig02282_1        -            186 12585at72274         -            381   8.4e-11   40.4   0.1   1   1   4.5e-13   1.4e-10   39.7   0.1   308   366    98   158    71   164 0.85 # 2 # 559 # 1 # ID=2282_1;partial=10;start_type=Edge;rbs_motif=None;rbs_spacer=None;gc_cont=0.722
contig00031_11       -            189 12585at72274         -            381   8.1e-10   37.1   0.5   1   1   4.3e-12   1.3e-09   36.5   0.5     2    55     4    55     3    72 0.89 # 8785 # 9351 # 1 # ID=31_11;partial=01;start_type=GTG;rbs_motif=AGGAG;rbs_spacer=5-10bp;gc_cont=0.683
contig00712_2        -            429 12585at72274         -            381   1.1e-05   23.6   1.3   1   3   7.4e-05     0.022   12.7   0.1     2    50    30    78    29    89 0.91 # 252 # 1538 # -1 # ID=712_2;partial=00;start_type=ATG;rbs_motif=GGAG/GAGG;rbs_spacer=5-10bp;gc_cont=0.677
contig00712_2        -            429 12585at72274         -            381   1.1e-05   23.6   1.3   2   3      0.11        33    2.2   0.0   117   167   114   164   103   204 0.62 # 252 # 1538 # -1 # ID=712_2;partial=00;start_type=ATG;rbs_motif=GGAG/GAGG;rbs_spacer=5-10bp;gc_cont=0.677
contig00712_2        -            429 12585at72274         -            381   1.1e-05   23.6   1.3   3   3    0.0073       2.2    6.1   0.1   303   367   319   383   313   390 0.90 # 252 # 1538 # -1 # ID=712_2;partial=00;start_type=ATG;rbs_motif=GGAG/GAGG;rbs_spacer=5-10bp;gc_cont=0.677
contig00406_2        -            430 12585at72274         -            381   1.4e-05   23.2   0.0   1   2   9.6e-07   0.00029   18.9   0.0     2    52    34    84    33    90 0.96 # 684 # 1973 # 1 # ID=406_2;partial=00;start_type=ATG;rbs_motif=GGAGG;rbs_spacer=5-10bp;gc_cont=0.696
contig00406_2        -            430 12585at72274         -            381   1.4e-05   23.2   0.0   2   2      0.11        32    2.2   0.0   281   353   306   376   235   392 0.73 # 684 # 1973 # 1 # ID=406_2;partial=00;start_type=ATG;rbs_motif=GGAGG;rbs_spacer=5-10bp;gc_cont=0.696
contig02079_1        -            351 12585at72274         -            381   2.3e-05   22.5   0.1   1   1   1.1e-07   3.2e-05   22.0   0.1     2    55    36    89    35   129 0.80 # 2 # 1054 # 1 # ID=2079_1;partial=11;start_type=Edge;rbs_motif=None;rbs_spacer=None;gc_cont=0.689
contig01110_1        -            387 12585at72274         -            381   9.9e-05   20.4   0.4   1   3     2e-06   0.00059   17.8   0.3     2    49    39    86    38   109 0.89 # 1 # 1161 # -1 # ID=1110_1;partial=10;start_type=ATG;rbs_motif=AGGA;rbs_spacer=5-10bp;gc_cont=0.683
contig01110_1        -            387 12585at72274         -            381   9.9e-05   20.4   0.4   2   3       1.2   3.7e+02   -1.3   0.0   179   240   137   197    97   200 0.66 # 1 # 1161 # -1 # ID=1110_1;partial=10;start_type=ATG;rbs_motif=AGGA;rbs_spacer=5-10bp;gc_cont=0.683
contig01110_1        -            387 12585at72274         -            381   9.9e-05   20.4   0.4   3   3       1.4   4.1e+02   -1.4   0.0   238   238   281   281   220   380 0.59 # 1 # 1161 # -1 # ID=1110_1;partial=10;start_type=ATG;rbs_motif=AGGA;rbs_spacer=5-10bp;gc_cont=0.683
contig00181_2        -            655 12585at72274         -            381   0.00022   19.3   0.2   1   2   0.00012     0.035   12.0   0.0     4    39   259   295   256   312 0.84 # 1103 # 3067 # -1 # ID=181_2;partial=00;start_type=ATG;rbs_motif=GGA/GAG/AGG;rbs_spacer=5-10bp;gc_cont=0.735
contig00181_2        -            655 12585at72274         -            381   0.00022   19.3   0.2   2   2     0.015       4.5    5.1   0.0   341   367   597   623   593   626 0.90 # 1103 # 3067 # -1 # ID=181_2;partial=00;start_type=ATG;rbs_motif=GGA/GAG/AGG;rbs_spacer=5-10bp;gc_cont=0.735
contig02479_2        -             80 12585at72274         -            381   0.00081   17.4   0.4   1   1   3.2e-06   0.00098   17.1   0.4     2    37    41    76    40    79 0.91 # 605 # 844 # 1 # ID=2479_2;partial=01;start_type=ATG;rbs_motif=GGAG/GAGG;rbs_spacer=5-10bp;gc_cont=0.654
contig01229_1        -            336 12585at72274         -            381   0.00089   17.3   0.1   1   1   4.5e-06    0.0013   16.7   0.1     4    34    31    61    28    81 0.88 # 3 # 1010 # -1 # ID=1229_1;partial=10;start_type=ATG;rbs_motif=GGAG/GAGG;rbs_spacer=5-10bp;gc_cont=0.667
contig01130_2        -            369 12585at72274         -            381     0.002   16.1   0.1   1   1     1e-05    0.0031   15.5   0.1     2    49     5    53     4    62 0.87 # 85 # 1191 # 1 # ID=1130_2;partial=00;start_type=ATG;rbs_motif=None;rbs_spacer=None;gc_cont=0.724
contig01896_1        -            184 12585at72274         -            381    0.0039   15.1   0.4   1   2    0.0015      0.46    8.3   0.1     2    35     8    42     7    52 0.80 # 3 # 554 # -1 # ID=1896_1;partial=10;start_type=ATG;rbs_motif=GGAG/GAGG;rbs_spacer=5-10bp;gc_cont=0.630
contig01896_1        -            184 12585at72274         -            381    0.0039   15.1   0.4   2   2     0.015       4.5    5.1   0.0     3    33   149   179   147   183 0.92 # 3 # 554 # -1 # ID=1896_1;partial=10;start_type=ATG;rbs_motif=GGAG/GAGG;rbs_spacer=5-10bp;gc_cont=0.630
contig02516_2        -            176 12585at72274         -            381    0.0048   14.8   0.7   1   1     2e-05    0.0061   14.5   0.7     4    53     7    56     4    66 0.74 # 304 # 831 # 1 # ID=2516_2;partial=01;start_type=ATG;rbs_motif=AGGAG;rbs_spacer=5-10bp;gc_cont=0.697
contig01809_2        -            166 12585at72274         -            381    0.0074   14.2   0.3   1   1   3.3e-05    0.0099   13.8   0.3     2    49    30    78    29    83 0.91 # 707 # 1204 # 1 # ID=1809_2;partial=01;start_type=ATG;rbs_motif=GGA/GAG/AGG;rbs_spacer=5-10bp;gc_cont=0.647
contig00032_1        -            292 12585at72274         -            381     0.016   13.1   0.1   1   1     8e-05     0.024   12.5   0.1     1    38     1    38     1    46 0.91 # 154 # 1029 # -1 # ID=32_1;partial=00;start_type=ATG;rbs_motif=AGGAG;rbs_spacer=5-10bp;gc_cont=0.664
contig01048_2        -            469 12585at72274         -            381     0.016   13.1   0.2   1   1   9.1e-05     0.027   12.4   0.2     2    45    31    76    30    80 0.87 # 373 # 1779 # 1 # ID=1048_2;partial=00;start_type=ATG;rbs_motif=GGAG/GAGG;rbs_spacer=5-10bp;gc_cont=0.709
contig00872_2        -            258 12585at72274         -            381     0.021   12.7   0.0   1   1   0.00011     0.033   12.1   0.0     1    32     1    32     1    37 0.94 # 1390 # 2163 # 1 # ID=872_2;partial=01;start_type=ATG;rbs_motif=GGA/GAG/AGG;rbs_spacer=11-12bp;gc_cont=0.664
contig02799_2        -            115 12585at72274         -            381     0.025   12.5   0.1   1   1   9.5e-05     0.029   12.3   0.1     2    59    16    72    15    87 0.75 # 361 # 705 # 1 # ID=2799_2;partial=01;start_type=ATG;rbs_motif=AGGA/GGAG/GAGG;rbs_spacer=11-12bp;gc_cont=0.678
contig01846_1        -            173 12585at72274         -            381     0.027   12.4   0.1   1   1   0.00013      0.04   11.8   0.1     1    33     1    33     1    38 0.93 # 3 # 521 # -1 # ID=1846_1;partial=10;start_type=ATG;rbs_motif=GGAGG;rbs_spacer=5-10bp;gc_cont=0.696
contig00371_4        -            317 12585at72274         -            381     0.039   11.8   0.6   1   2     0.027         8    4.2   0.1     2    29     9    36     8    50 0.81 # 1918 # 2868 # -1 # ID=371_4;partial=00;start_type=ATG;rbs_motif=AGGAG;rbs_spacer=5-10bp;gc_cont=0.671
contig00371_4        -            317 12585at72274         -            381     0.039   11.8   0.6   2   2    0.0083       2.5    5.9   0.1     2    34   149   181   148   187 0.92 # 1918 # 2868 # -1 # ID=371_4;partial=00;start_type=ATG;rbs_motif=AGGAG;rbs_spacer=5-10bp;gc_cont=0.671
contig00019_7        -            563 12585at72274         -            381      0.06   11.2   1.7   1   2     0.013         4    5.2   0.4     2    33   101   132   100   145 0.90 # 4472 # 6160 # -1 # ID=19_7;partial=00;start_type=ATG;rbs_motif=GGAG/GAGG;rbs_spacer=5-10bp;gc_cont=0.690
contig00019_7        -            563 12585at72274         -            381      0.06   11.2   1.7   2   2     0.016       4.8    5.0   0.0     2    33   273   304   272   319 0.92 # 4472 # 6160 # -1 # ID=19_7;partial=00;start_type=ATG;rbs_motif=GGAG/GAGG;rbs_spacer=5-10bp;gc_cont=0.690
contig00002_16       -            436 12585at72274         -            381     0.062   11.2   0.0   1   1   0.00038      0.11   10.3   0.0     2    34    10    42     9    49 0.94 # 18307 # 19614 # -1 # ID=2_16;partial=00;start_type=ATG;rbs_motif=AGGAG;rbs_spacer=5-10bp;gc_cont=0.617
contig00832_1        -            348 12585at72274         -            381      0.08   10.8   0.0   1   1   0.00043      0.13   10.1   0.0     2    30   147   175   146   190 0.91 # 3 # 1046 # -1 # ID=832_1;partial=10;start_type=ATG;rbs_motif=AGGAG;rbs_spacer=5-10bp;gc_cont=0.661
#
# Program:         hmmsearch
# Version:         3.1b2 (February 2015)
# Pipeline mode:   SEARCH
# Query file:      /home/johngn/Microbial-Genomics-Journey-Workshop-2023/Reads_session_3/busco_downloads/lineages/pseudomonadales_odb10/hmms/12585at72274.hmm
# Target file:     /home/johngn/Microbial-Genomics-Journey-Workshop-2023/Reads_session_3/busco_op4/prodigal_output/predicted_genes/predicted.faa
# Option settings: hmmsearch --domtblout /home/johngn/Microbial-Genomics-Journey-Workshop-2023/Reads_session_3/busco_op4/run_pseudomonadales_odb10/hmmer_output/12585at72274.out --cpu 1 /home/johngn/Microbial-Genomics-Journey-Workshop-2023/Reads_session_3/busco_downloads/lineages/pseudomonadales_odb10/hmms/12585at72274.hmm /home/johngn/Microbial-Genomics-Journey-Workshop-2023/Reads_session_3/busco_op4/prodigal_output/predicted_genes/predicted.faa 
# Current dir:     /home/johngn/Microbial-Genomics-Journey-Workshop-2023/Reads_session_3
# Date:            Wed Mar  8 17:01:05 2023
# [ok]
