#                                                                            --- full sequence --- -------------- this domain -------------   hmm coord   ali coord   env coord
# target name        accession   tlen query name           accession   qlen   E-value  score  bias   #  of  c-Evalue  i-Evalue  score  bias  from    to  from    to  from    to  acc description of target
#------------------- ---------- ----- -------------------- ---------- ----- --------- ------ ----- --- --- --------- --------- ------ ----- ----- ----- ----- ----- ----- ----- ---- ---------------------
contig02256_1        -            319 12775at72274         -            529     3e-94  315.7   8.4   1   1   3.9e-97   3.7e-94  315.4   8.4   186   462     1   308     1   314 0.91 # 1 # 957 # 1 # ID=2256_1;partial=11;start_type=Edge;rbs_motif=None;rbs_spacer=None;gc_cont=0.637
contig00486_4        -            315 12775at72274         -            529   1.8e-27   95.3   0.2   1   1     3e-30   2.8e-27   94.7   0.1   207   360   129   288   110   304 0.88 # 1622 # 2566 # -1 # ID=486_4;partial=00;start_type=ATG;rbs_motif=GGAG/GAGG;rbs_spacer=5-10bp;gc_cont=0.703
contig02981_1        -             94 12775at72274         -            529   6.8e-15   53.8   0.0   1   1   8.3e-18   7.8e-15   53.7   0.0   238   330     6    91     2    93 0.86 # 41 # 322 # -1 # ID=2981_1;partial=00;start_type=ATG;rbs_motif=AGGAG;rbs_spacer=5-10bp;gc_cont=0.677
contig01615_2        -             93 12775at72274         -            529   2.3e-14   52.1   0.0   1   1   2.9e-17   2.7e-14   51.9   0.0   238   327     6    88     3    91 0.88 # 240 # 518 # 1 # ID=1615_2;partial=00;start_type=ATG;rbs_motif=GGA/GAG/AGG;rbs_spacer=5-10bp;gc_cont=0.652
contig00076_5        -            273 12775at72274         -            529   2.6e-11   42.0   0.0   1   2      0.11     1e+02    0.5   0.1    77    95    47    65    17    70 0.84 # 4096 # 4914 # -1 # ID=76_5;partial=00;start_type=ATG;rbs_motif=GGAG/GAGG;rbs_spacer=5-10bp;gc_cont=0.698
contig00076_5        -            273 12775at72274         -            529   2.6e-11   42.0   0.0   2   2     2e-13   1.9e-10   39.2   0.0   237   356   119   243   116   256 0.89 # 4096 # 4914 # -1 # ID=76_5;partial=00;start_type=ATG;rbs_motif=GGAG/GAGG;rbs_spacer=5-10bp;gc_cont=0.698
contig01862_1        -             56 12775at72274         -            529   6.9e-08   30.7   0.0   1   1   7.4e-11   6.9e-08   30.7   0.0   492   529    16    53     4    53 0.95 # 3 # 170 # 1 # ID=1862_1;partial=10;start_type=Edge;rbs_motif=None;rbs_spacer=None;gc_cont=0.625
contig02301_1        -            224 12775at72274         -            529   1.6e-07   29.5   9.9   1   2   1.5e-06    0.0014   16.6   5.4    35   166    33   166    21   172 0.83 # 2 # 673 # -1 # ID=2301_1;partial=10;start_type=GTG;rbs_motif=GGA/GAG/AGG;rbs_spacer=11-12bp;gc_cont=0.653
contig02301_1        -            224 12775at72274         -            529   1.6e-07   29.5   9.9   2   2   2.1e-06     0.002   16.0   0.6   229   275   172   221   151   223 0.77 # 2 # 673 # -1 # ID=2301_1;partial=10;start_type=GTG;rbs_motif=GGA/GAG/AGG;rbs_spacer=11-12bp;gc_cont=0.653
contig02808_2        -             80 12775at72274         -            529   1.5e-06   26.3   0.1   1   1   4.7e-09   4.4e-06   24.8   0.1   298   344     3    47     1    76 0.70 # 463 # 702 # -1 # ID=2808_2;partial=01;start_type=Edge;rbs_motif=None;rbs_spacer=None;gc_cont=0.637
contig03100_1        -             90 12775at72274         -            529     0.042   11.6   0.5   1   1   5.3e-05      0.05   11.4   0.5    11    45    15    50     7    52 0.87 # 41 # 310 # -1 # ID=3100_1;partial=00;start_type=ATG;rbs_motif=GGAG/GAGG;rbs_spacer=5-10bp;gc_cont=0.633
#
# Program:         hmmsearch
# Version:         3.1b2 (February 2015)
# Pipeline mode:   SEARCH
# Query file:      /home/johngn/Microbial-Genomics-Journey-Workshop-2023/Reads_session_3/busco_downloads/lineages/pseudomonadales_odb10/hmms/12775at72274.hmm
# Target file:     /home/johngn/Microbial-Genomics-Journey-Workshop-2023/Reads_session_3/busco_op4/prodigal_output/predicted_genes/predicted.faa
# Option settings: hmmsearch --domtblout /home/johngn/Microbial-Genomics-Journey-Workshop-2023/Reads_session_3/busco_op4/run_pseudomonadales_odb10/hmmer_output/12775at72274.out --cpu 1 /home/johngn/Microbial-Genomics-Journey-Workshop-2023/Reads_session_3/busco_downloads/lineages/pseudomonadales_odb10/hmms/12775at72274.hmm /home/johngn/Microbial-Genomics-Journey-Workshop-2023/Reads_session_3/busco_op4/prodigal_output/predicted_genes/predicted.faa 
# Current dir:     /home/johngn/Microbial-Genomics-Journey-Workshop-2023/Reads_session_3
# Date:            Wed Mar  8 17:01:05 2023
# [ok]
