#                                                                            --- full sequence --- -------------- this domain -------------   hmm coord   ali coord   env coord
# target name        accession   tlen query name           accession   qlen   E-value  score  bias   #  of  c-Evalue  i-Evalue  score  bias  from    to  from    to  from    to  acc description of target
#------------------- ---------- ----- -------------------- ---------- ----- --------- ------ ----- --- --- --------- --------- ------ ----- ----- ----- ----- ----- ----- ----- ---- ---------------------
contig00434_2        -            427 13283at72274         -            358  1.6e-206  684.2   8.6   1   1  9.1e-209    7e-206  682.2   8.6     6   358    15   403    11   403 0.97 # 1148 # 2428 # -1 # ID=434_2;partial=00;start_type=ATG;rbs_motif=GGA/GAG/AGG;rbs_spacer=5-10bp;gc_cont=0.591
contig01279_1        -            432 13283at72274         -            358   3.2e-43  147.0   1.5   1   3     4e-23   3.1e-20   71.4   0.0    49   131     1    90     1   108 0.89 # 1 # 1296 # 1 # ID=1279_1;partial=10;start_type=Edge;rbs_motif=None;rbs_spacer=None;gc_cont=0.664
contig01279_1        -            432 13283at72274         -            358   3.2e-43  147.0   1.5   2   3   3.1e-11   2.4e-08   32.3   0.1   138   183   232   275   214   298 0.79 # 1 # 1296 # 1 # ID=1279_1;partial=10;start_type=Edge;rbs_motif=None;rbs_spacer=None;gc_cont=0.664
contig01279_1        -            432 13283at72274         -            358   3.2e-43  147.0   1.5   3   3   9.6e-14   7.3e-11   40.6   0.1   258   353   302   408   296   413 0.77 # 1 # 1296 # 1 # ID=1279_1;partial=10;start_type=Edge;rbs_motif=None;rbs_spacer=None;gc_cont=0.664
contig00027_4        -            372 13283at72274         -            358   6.7e-05   21.0   0.1   1   2   0.00019      0.14   10.0   0.0    77   151    92   177    59   184 0.70 # 4703 # 5818 # 1 # ID=27_4;partial=00;start_type=ATG;rbs_motif=AGGAG;rbs_spacer=5-10bp;gc_cont=0.686
contig00027_4        -            372 13283at72274         -            358   6.7e-05   21.0   0.1   2   2   0.00047      0.36    8.7   0.0   258   332   259   332   240   345 0.78 # 4703 # 5818 # 1 # ID=27_4;partial=00;start_type=ATG;rbs_motif=AGGAG;rbs_spacer=5-10bp;gc_cont=0.686
contig01748_1        -            245 13283at72274         -            358   0.00093   17.2   0.0   1   1   1.7e-06    0.0013   16.7   0.0    75   105   188   218   151   236 0.80 # 3 # 737 # -1 # ID=1748_1;partial=10;start_type=ATG;rbs_motif=None;rbs_spacer=None;gc_cont=0.631
contig00123_1        -            564 13283at72274         -            358     0.001   17.1   0.0   1   1   2.2e-06    0.0017   16.4   0.0    37   152   104   220    99   230 0.72 # 1 # 1692 # 1 # ID=123_1;partial=10;start_type=Edge;rbs_motif=None;rbs_spacer=None;gc_cont=0.650
contig02228_1        -            179 13283at72274         -            358    0.0033   15.4   0.0   1   1   5.7e-06    0.0044   15.0   0.0    77   148    28   100    23   111 0.81 # 1 # 537 # -1 # ID=2228_1;partial=10;start_type=ATG;rbs_motif=AGGAG;rbs_spacer=5-10bp;gc_cont=0.695
contig00037_6        -            465 13283at72274         -            358    0.0054   14.7   0.0   1   1   1.2e-05    0.0093   13.9   0.0    64   111   187   237   179   271 0.85 # 6862 # 8256 # -1 # ID=37_6;partial=00;start_type=ATG;rbs_motif=None;rbs_spacer=None;gc_cont=0.513
contig01719_1        -            427 13283at72274         -            358      0.01   13.8   0.0   1   1   2.1e-05     0.016   13.1   0.0    73   151   188   272   177   286 0.78 # 2 # 1282 # 1 # ID=1719_1;partial=11;start_type=Edge;rbs_motif=None;rbs_spacer=None;gc_cont=0.651
contig00737_2        -            377 13283at72274         -            358     0.015   13.3   0.0   1   1   2.9e-05     0.022   12.7   0.0    68   149    44   131    28   138 0.79 # 972 # 2102 # -1 # ID=737_2;partial=00;start_type=ATG;rbs_motif=None;rbs_spacer=None;gc_cont=0.678
contig00922_2        -             63 13283at72274         -            358     0.037   12.0   0.0   1   1     5e-05     0.039   11.9   0.0    76   106     3    33     1    44 0.89 # 1902 # 2090 # 1 # ID=922_2;partial=01;start_type=GTG;rbs_motif=None;rbs_spacer=None;gc_cont=0.630
contig01193_1        -            353 13283at72274         -            358      0.12   10.3   0.0   1   1   0.00021      0.16    9.9   0.0    68    97   205   234   191   303 0.81 # 1 # 1059 # -1 # ID=1193_1;partial=10;start_type=ATG;rbs_motif=AGGA;rbs_spacer=5-10bp;gc_cont=0.678
#
# Program:         hmmsearch
# Version:         3.1b2 (February 2015)
# Pipeline mode:   SEARCH
# Query file:      /home/johngn/Microbial-Genomics-Journey-Workshop-2023/Reads_session_3/busco_downloads/lineages/pseudomonadales_odb10/hmms/13283at72274.hmm
# Target file:     /home/johngn/Microbial-Genomics-Journey-Workshop-2023/Reads_session_3/busco_op4/prodigal_output/predicted_genes/predicted.faa
# Option settings: hmmsearch --domtblout /home/johngn/Microbial-Genomics-Journey-Workshop-2023/Reads_session_3/busco_op4/run_pseudomonadales_odb10/hmmer_output/13283at72274.out --cpu 1 /home/johngn/Microbial-Genomics-Journey-Workshop-2023/Reads_session_3/busco_downloads/lineages/pseudomonadales_odb10/hmms/13283at72274.hmm /home/johngn/Microbial-Genomics-Journey-Workshop-2023/Reads_session_3/busco_op4/prodigal_output/predicted_genes/predicted.faa 
# Current dir:     /home/johngn/Microbial-Genomics-Journey-Workshop-2023/Reads_session_3
# Date:            Wed Mar  8 17:01:05 2023
# [ok]
