#                                                                            --- full sequence --- -------------- this domain -------------   hmm coord   ali coord   env coord
# target name        accession   tlen query name           accession   qlen   E-value  score  bias   #  of  c-Evalue  i-Evalue  score  bias  from    to  from    to  from    to  acc description of target
#------------------- ---------- ----- -------------------- ---------- ----- --------- ------ ----- --- --- --------- --------- ------ ----- ----- ----- ----- ----- ----- ----- ---- ---------------------
contig00338_2        -            466 13427at72274         -            378  1.1e-182  605.9   3.0   1   3   3.7e-15   5.2e-12   44.2   0.1     1    43     1    46     1    55 0.88 # 419 # 1816 # 1 # ID=338_2;partial=00;start_type=ATG;rbs_motif=AGGA/GGAG/GAGG;rbs_spacer=11-12bp;gc_cont=0.687
contig00338_2        -            466 13427at72274         -            378  1.1e-182  605.9   3.0   2   3   6.9e-37   9.7e-34  115.7   0.0    48   143    73   190    66   194 0.88 # 419 # 1816 # 1 # ID=338_2;partial=00;start_type=ATG;rbs_motif=AGGA/GGAG/GAGG;rbs_spacer=11-12bp;gc_cont=0.687
contig00338_2        -            466 13427at72274         -            378  1.1e-182  605.9   3.0   3   3  4.7e-137  6.6e-134  445.4   0.1   142   378   215   457   197   457 0.95 # 419 # 1816 # 1 # ID=338_2;partial=00;start_type=ATG;rbs_motif=AGGA/GGAG/GAGG;rbs_spacer=11-12bp;gc_cont=0.687
contig00616_2        -            280 13427at72274         -            378   5.6e-95  317.2   0.1   1   1     5e-98     7e-95  316.9   0.1   143   374    17   255    13   259 0.95 # 1122 # 1961 # 1 # ID=616_2;partial=00;start_type=ATG;rbs_motif=AGGA;rbs_spacer=5-10bp;gc_cont=0.719
contig02787_2        -            194 13427at72274         -            378   1.1e-61  207.6   0.0   1   1     9e-65   1.3e-61  207.5   0.0   143   334     2   194     1   194 0.96 # 130 # 711 # 1 # ID=2787_2;partial=01;start_type=ATG;rbs_motif=AGGAG;rbs_spacer=5-10bp;gc_cont=0.680
contig00140_1        -            251 13427at72274         -            378   8.6e-39  132.3   0.1   1   1   7.8e-42   1.1e-38  131.9   0.1   145   371     2   228     1   232 0.88 # 15 # 767 # 1 # ID=140_1;partial=00;start_type=ATG;rbs_motif=GGA/GAG/AGG;rbs_spacer=5-10bp;gc_cont=0.695
contig02030_2        -            230 13427at72274         -            378   1.5e-16   59.1   0.1   1   2   2.7e-09   3.8e-06   24.9   0.1   144   175     7    38     3    43 0.90 # 384 # 1073 # 1 # ID=2030_2;partial=01;start_type=ATG;rbs_motif=GGAG/GAGG;rbs_spacer=5-10bp;gc_cont=0.687
contig02030_2        -            230 13427at72274         -            378   1.5e-16   59.1   0.1   2   2   1.6e-11   2.2e-08   32.2   0.0   211   345    92   220    86   226 0.89 # 384 # 1073 # 1 # ID=2030_2;partial=01;start_type=ATG;rbs_motif=GGAG/GAGG;rbs_spacer=5-10bp;gc_cont=0.687
contig01081_2        -            563 13427at72274         -            378   5.1e-08   31.0   0.5   1   1   3.1e-10   4.3e-07   28.0   0.5   142   367   309   537   301   542 0.66 # 185 # 1873 # -1 # ID=1081_2;partial=01;start_type=Edge;rbs_motif=None;rbs_spacer=None;gc_cont=0.739
#
# Program:         hmmsearch
# Version:         3.1b2 (February 2015)
# Pipeline mode:   SEARCH
# Query file:      /home/johngn/Microbial-Genomics-Journey-Workshop-2023/Reads_session_3/busco_downloads/lineages/pseudomonadales_odb10/hmms/13427at72274.hmm
# Target file:     /home/johngn/Microbial-Genomics-Journey-Workshop-2023/Reads_session_3/busco_op4/prodigal_output/predicted_genes/predicted.faa
# Option settings: hmmsearch --domtblout /home/johngn/Microbial-Genomics-Journey-Workshop-2023/Reads_session_3/busco_op4/run_pseudomonadales_odb10/hmmer_output/13427at72274.out --cpu 1 /home/johngn/Microbial-Genomics-Journey-Workshop-2023/Reads_session_3/busco_downloads/lineages/pseudomonadales_odb10/hmms/13427at72274.hmm /home/johngn/Microbial-Genomics-Journey-Workshop-2023/Reads_session_3/busco_op4/prodigal_output/predicted_genes/predicted.faa 
# Current dir:     /home/johngn/Microbial-Genomics-Journey-Workshop-2023/Reads_session_3
# Date:            Wed Mar  8 17:01:05 2023
# [ok]
