#                                                                            --- full sequence --- -------------- this domain -------------   hmm coord   ali coord   env coord
# target name        accession   tlen query name           accession   qlen   E-value  score  bias   #  of  c-Evalue  i-Evalue  score  bias  from    to  from    to  from    to  acc description of target
#------------------- ---------- ----- -------------------- ---------- ----- --------- ------ ----- --- --- --------- --------- ------ ----- ----- ----- ----- ----- ----- ----- ---- ---------------------
contig02075_2        -            285 13645at72274         -            380  1.6e-143  477.1   3.7   1   1  1.8e-146  1.9e-143  476.9   3.7     1   265     7   285     7   285 0.96 # 202 # 1056 # 1 # ID=2075_2;partial=01;start_type=ATG;rbs_motif=GGAG/GAGG;rbs_spacer=5-10bp;gc_cont=0.643
contig01645_3        -            129 13645at72274         -            380   1.3e-12   46.2   0.0   1   1   1.4e-15   1.5e-12   46.0   0.0   200   288    17   107    12   123 0.87 # 949 # 1335 # 1 # ID=1645_3;partial=01;start_type=ATG;rbs_motif=GGAG/GAGG;rbs_spacer=5-10bp;gc_cont=0.651
contig00136_1        -            357 13645at72274         -            380   1.4e-08   33.0   0.1   1   1   1.9e-11     2e-08   32.5   0.1   173   285    94   210    33   215 0.84 # 1 # 1071 # 1 # ID=136_1;partial=10;start_type=Edge;rbs_motif=None;rbs_spacer=None;gc_cont=0.671
contig00209_3        -            216 13645at72274         -            380   0.00016   19.6   0.0   1   1   2.3e-07   0.00024   19.0   0.0   196   232    30    66    12    82 0.86 # 946 # 1593 # 1 # ID=209_3;partial=00;start_type=ATG;rbs_motif=GGA/GAG/AGG;rbs_spacer=5-10bp;gc_cont=0.654
contig02441_1        -             29 13645at72274         -            380    0.0014   16.5   0.0   1   1   1.3e-06    0.0014   16.5   0.0   200   224     5    29     1    29 0.85 # 3 # 89 # -1 # ID=2441_1;partial=10;start_type=ATG;rbs_motif=GGAG/GAGG;rbs_spacer=5-10bp;gc_cont=0.621
contig00142_1        -            189 13645at72274         -            380    0.0035   15.2   1.1   1   3   0.00068      0.72    7.6   0.1   197   220     2    25     1    31 0.84 # 2 # 568 # -1 # ID=142_1;partial=10;start_type=ATG;rbs_motif=GGAG/GAGG;rbs_spacer=5-10bp;gc_cont=0.635
contig00142_1        -            189 13645at72274         -            380    0.0035   15.2   1.1   2   3      0.14   1.5e+02   -0.0   0.0   245   295    67   119    55   120 0.74 # 2 # 568 # -1 # ID=142_1;partial=10;start_type=ATG;rbs_motif=GGAG/GAGG;rbs_spacer=5-10bp;gc_cont=0.635
contig00142_1        -            189 13645at72274         -            380    0.0035   15.2   1.1   3   3    0.0025       2.7    5.7   0.1   149   192   113   155   110   186 0.91 # 2 # 568 # -1 # ID=142_1;partial=10;start_type=ATG;rbs_motif=GGAG/GAGG;rbs_spacer=5-10bp;gc_cont=0.635
contig00375_1        -             81 13645at72274         -            380     0.011   13.5   0.0   1   1   1.1e-05     0.011   13.5   0.0   198   234     4    39     2    74 0.78 # 2 # 244 # -1 # ID=375_1;partial=10;start_type=ATG;rbs_motif=GGA/GAG/AGG;rbs_spacer=5-10bp;gc_cont=0.679
contig00925_2        -            109 13645at72274         -            380     0.014   13.2   0.5   1   1   1.6e-05     0.017   12.9   0.5   169   242    15    86     8    98 0.82 # 694 # 1020 # 1 # ID=925_2;partial=00;start_type=ATG;rbs_motif=GGAG/GAGG;rbs_spacer=5-10bp;gc_cont=0.602
#
# Program:         hmmsearch
# Version:         3.1b2 (February 2015)
# Pipeline mode:   SEARCH
# Query file:      /home/johngn/Microbial-Genomics-Journey-Workshop-2023/Reads_session_3/busco_downloads/lineages/pseudomonadales_odb10/hmms/13645at72274.hmm
# Target file:     /home/johngn/Microbial-Genomics-Journey-Workshop-2023/Reads_session_3/busco_op4/prodigal_output/predicted_genes/predicted.faa
# Option settings: hmmsearch --domtblout /home/johngn/Microbial-Genomics-Journey-Workshop-2023/Reads_session_3/busco_op4/run_pseudomonadales_odb10/hmmer_output/13645at72274.out --cpu 1 /home/johngn/Microbial-Genomics-Journey-Workshop-2023/Reads_session_3/busco_downloads/lineages/pseudomonadales_odb10/hmms/13645at72274.hmm /home/johngn/Microbial-Genomics-Journey-Workshop-2023/Reads_session_3/busco_op4/prodigal_output/predicted_genes/predicted.faa 
# Current dir:     /home/johngn/Microbial-Genomics-Journey-Workshop-2023/Reads_session_3
# Date:            Wed Mar  8 17:01:05 2023
# [ok]
