#                                                                            --- full sequence --- -------------- this domain -------------   hmm coord   ali coord   env coord
# target name        accession   tlen query name           accession   qlen   E-value  score  bias   #  of  c-Evalue  i-Evalue  score  bias  from    to  from    to  from    to  acc description of target
#------------------- ---------- ----- -------------------- ---------- ----- --------- ------ ----- --- --- --------- --------- ------ ----- ----- ----- ----- ----- ----- ----- ---- ---------------------
contig00251_1        -            117 13951at72274         -            410   6.2e-43  146.1   0.0   1   1   5.7e-46   6.8e-43  146.0   0.0   324   410    11   108     1   108 0.87 # 3 # 353 # 1 # ID=251_1;partial=10;start_type=Edge;rbs_motif=None;rbs_spacer=None;gc_cont=0.692
contig02788_1        -            237 13951at72274         -            410   1.3e-11   43.0   0.0   1   1   1.4e-14   1.7e-11   42.6   0.0    93   269    40   230    33   235 0.74 # 3 # 713 # 1 # ID=2788_1;partial=11;start_type=Edge;rbs_motif=None;rbs_spacer=None;gc_cont=0.689
contig01091_2        -            431 13951at72274         -            410   3.9e-08   31.5   0.0   1   1   4.7e-11   5.6e-08   31.0   0.0    94   295   141   365   110   413 0.73 # 566 # 1858 # 1 # ID=1091_2;partial=01;start_type=ATG;rbs_motif=GGA/GAG/AGG;rbs_spacer=11-12bp;gc_cont=0.660
contig01865_2        -            262 13951at72274         -            410   9.9e-06   23.6   0.2   1   1   8.8e-09   1.1e-05   23.5   0.2    86   233    96   256    20   260 0.76 # 385 # 1170 # 1 # ID=1865_2;partial=01;start_type=ATG;rbs_motif=GGA/GAG/AGG;rbs_spacer=5-10bp;gc_cont=0.674
contig01843_1        -            394 13951at72274         -            410    0.0001   20.3   0.0   1   1   1.3e-07   0.00016   19.7   0.0   131   289   164   335   114   371 0.79 # 1 # 1182 # 1 # ID=1843_1;partial=11;start_type=Edge;rbs_motif=None;rbs_spacer=None;gc_cont=0.695
contig01101_1        -            181 13951at72274         -            410     0.035   11.9   0.0   1   1     3e-05     0.036   11.9   0.0   252   284    32    64    21   158 0.80 # 1 # 543 # 1 # ID=1101_1;partial=10;start_type=Edge;rbs_motif=None;rbs_spacer=None;gc_cont=0.645
contig03278_1        -            173 13951at72274         -            410       0.1   10.4   0.0   1   1     9e-05      0.11   10.3   0.0   207   282    52   128     3   138 0.84 # 3 # 521 # -1 # ID=3278_1;partial=11;start_type=Edge;rbs_motif=None;rbs_spacer=None;gc_cont=0.723
#
# Program:         hmmsearch
# Version:         3.1b2 (February 2015)
# Pipeline mode:   SEARCH
# Query file:      /home/johngn/Microbial-Genomics-Journey-Workshop-2023/Reads_session_3/busco_downloads/lineages/pseudomonadales_odb10/hmms/13951at72274.hmm
# Target file:     /home/johngn/Microbial-Genomics-Journey-Workshop-2023/Reads_session_3/busco_op4/prodigal_output/predicted_genes/predicted.faa
# Option settings: hmmsearch --domtblout /home/johngn/Microbial-Genomics-Journey-Workshop-2023/Reads_session_3/busco_op4/run_pseudomonadales_odb10/hmmer_output/13951at72274.out --cpu 1 /home/johngn/Microbial-Genomics-Journey-Workshop-2023/Reads_session_3/busco_downloads/lineages/pseudomonadales_odb10/hmms/13951at72274.hmm /home/johngn/Microbial-Genomics-Journey-Workshop-2023/Reads_session_3/busco_op4/prodigal_output/predicted_genes/predicted.faa 
# Current dir:     /home/johngn/Microbial-Genomics-Journey-Workshop-2023/Reads_session_3
# Date:            Wed Mar  8 17:01:06 2023
# [ok]
