#                                                                            --- full sequence --- -------------- this domain -------------   hmm coord   ali coord   env coord
# target name        accession   tlen query name           accession   qlen   E-value  score  bias   #  of  c-Evalue  i-Evalue  score  bias  from    to  from    to  from    to  acc description of target
#------------------- ---------- ----- -------------------- ---------- ----- --------- ------ ----- --- --- --------- --------- ------ ----- ----- ----- ----- ----- ----- ----- ---- ---------------------
contig00376_4        -            403 14061at72274         -            358  9.9e-213  704.8   1.7   1   1  4.6e-215  6.5e-212  702.1   1.7     1   358     8   393     8   393 0.96 # 1777 # 2985 # 1 # ID=376_4;partial=00;start_type=ATG;rbs_motif=GGAG/GAGG;rbs_spacer=5-10bp;gc_cont=0.669
contig02659_2        -            216 14061at72274         -            358   1.6e-07   29.7   0.0   1   2   1.1e-09   1.6e-06   26.4   0.0    25   114    24   112    16   134 0.90 # 125 # 772 # 1 # ID=2659_2;partial=01;start_type=ATG;rbs_motif=GGAGG;rbs_spacer=5-10bp;gc_cont=0.701
contig02659_2        -            216 14061at72274         -            358   1.6e-07   29.7   0.0   2   2     0.048        68    1.3   0.0   190   232   171   214   156   216 0.69 # 125 # 772 # 1 # ID=2659_2;partial=01;start_type=ATG;rbs_motif=GGAGG;rbs_spacer=5-10bp;gc_cont=0.701
contig01125_1        -            154 14061at72274         -            358   1.7e-07   29.6   0.1   1   1   1.3e-10   1.9e-07   29.5   0.1    27   122    15   111     3   136 0.83 # 3 # 464 # -1 # ID=1125_1;partial=10;start_type=ATG;rbs_motif=None;rbs_spacer=None;gc_cont=0.677
contig00821_2        -            300 14061at72274         -            358   4.5e-05   21.6   0.0   1   2   0.00064       0.9    7.5   0.0    34   137    16   118    10   145 0.73 # 174 # 1073 # -1 # ID=821_2;partial=00;start_type=ATG;rbs_motif=GGA/GAG/AGG;rbs_spacer=5-10bp;gc_cont=0.657
contig00821_2        -            300 14061at72274         -            358   4.5e-05   21.6   0.0   2   2   2.2e-05      0.03   12.3   0.0   246   355   175   292   162   295 0.68 # 174 # 1073 # -1 # ID=821_2;partial=00;start_type=ATG;rbs_motif=GGA/GAG/AGG;rbs_spacer=5-10bp;gc_cont=0.657
contig00371_2        -            321 14061at72274         -            358     0.013   13.6   0.0   1   1   1.7e-05     0.023   12.7   0.0    46   135    34   121    20   142 0.81 # 272 # 1234 # 1 # ID=371_2;partial=00;start_type=ATG;rbs_motif=GGA/GAG/AGG;rbs_spacer=5-10bp;gc_cont=0.704
contig00223_1        -             96 14061at72274         -            358     0.055   11.5   0.0   1   1   4.1e-05     0.058   11.4   0.0    34   104    25    94    13    96 0.72 # 3 # 290 # -1 # ID=223_1;partial=10;start_type=ATG;rbs_motif=AGGAG;rbs_spacer=5-10bp;gc_cont=0.677
#
# Program:         hmmsearch
# Version:         3.1b2 (February 2015)
# Pipeline mode:   SEARCH
# Query file:      /home/johngn/Microbial-Genomics-Journey-Workshop-2023/Reads_session_3/busco_downloads/lineages/pseudomonadales_odb10/hmms/14061at72274.hmm
# Target file:     /home/johngn/Microbial-Genomics-Journey-Workshop-2023/Reads_session_3/busco_op4/prodigal_output/predicted_genes/predicted.faa
# Option settings: hmmsearch --domtblout /home/johngn/Microbial-Genomics-Journey-Workshop-2023/Reads_session_3/busco_op4/run_pseudomonadales_odb10/hmmer_output/14061at72274.out --cpu 1 /home/johngn/Microbial-Genomics-Journey-Workshop-2023/Reads_session_3/busco_downloads/lineages/pseudomonadales_odb10/hmms/14061at72274.hmm /home/johngn/Microbial-Genomics-Journey-Workshop-2023/Reads_session_3/busco_op4/prodigal_output/predicted_genes/predicted.faa 
# Current dir:     /home/johngn/Microbial-Genomics-Journey-Workshop-2023/Reads_session_3
# Date:            Wed Mar  8 17:01:06 2023
# [ok]
