#                                                                            --- full sequence --- -------------- this domain -------------   hmm coord   ali coord   env coord
# target name        accession   tlen query name           accession   qlen   E-value  score  bias   #  of  c-Evalue  i-Evalue  score  bias  from    to  from    to  from    to  acc description of target
#------------------- ---------- ----- -------------------- ---------- ----- --------- ------ ----- --- --- --------- --------- ------ ----- ----- ----- ----- ----- ----- ----- ---- ---------------------
contig02138_1        -            313 14115at72274         -            545  1.1e-145  485.1   5.8   1   2   5.4e-30   4.6e-28   97.0   0.5     1    76     1    91     1   103 0.90 # 78 # 1016 # 1 # ID=2138_1;partial=01;start_type=ATG;rbs_motif=None;rbs_spacer=None;gc_cont=0.658
contig02138_1        -            313 14115at72274         -            545  1.1e-145  485.1   5.8   2   2  4.9e-119  4.2e-117  390.8   0.8    69   270   104   313    92   313 0.96 # 78 # 1016 # 1 # ID=2138_1;partial=01;start_type=ATG;rbs_motif=None;rbs_spacer=None;gc_cont=0.658
contig00072_2        -            522 14115at72274         -            545   2.1e-95  319.3   0.1   1   2   3.4e-07   2.9e-05   21.7   0.0   277   320     3    46     1    70 0.88 # 561 # 2126 # 1 # ID=72_2;partial=00;start_type=ATG;rbs_motif=None;rbs_spacer=None;gc_cont=0.645
contig00072_2        -            522 14115at72274         -            545   2.1e-95  319.3   0.1   2   2   3.6e-90   3.1e-88  295.6   0.0    71   453   104   514    96   517 0.88 # 561 # 2126 # 1 # ID=72_2;partial=00;start_type=ATG;rbs_motif=None;rbs_spacer=None;gc_cont=0.645
contig00034_6        -            641 14115at72274         -            545   4.7e-75  252.1  10.6   1   2   3.9e-07   3.4e-05   21.5   0.0   274   321    10    57     2    63 0.77 # 5187 # 7109 # -1 # ID=34_6;partial=00;start_type=ATG;rbs_motif=GGAGG;rbs_spacer=5-10bp;gc_cont=0.664
contig00034_6        -            641 14115at72274         -            545   4.7e-75  252.1  10.6   2   2   2.8e-68   2.4e-66  223.3  10.0    76   459   118   528   104   639 0.73 # 5187 # 7109 # -1 # ID=34_6;partial=00;start_type=ATG;rbs_motif=GGAGG;rbs_spacer=5-10bp;gc_cont=0.664
contig03205_1        -            183 14115at72274         -            545   1.8e-70  237.0   6.2   1   1   4.3e-70   3.7e-68  229.3   6.2   344   498     1   183     1   183 0.89 # 3 # 551 # -1 # ID=3205_1;partial=11;start_type=Edge;rbs_motif=None;rbs_spacer=None;gc_cont=0.679
contig02153_1        -            336 14115at72274         -            545   1.2e-55  188.1   0.0   1   1     2e-57   1.7e-55  187.5   0.0   104   398    21   336     8   336 0.80 # 1 # 1008 # 1 # ID=2153_1;partial=11;start_type=Edge;rbs_motif=None;rbs_spacer=None;gc_cont=0.656
contig00163_1        -            498 14115at72274         -            545   3.1e-24   84.3   0.1   1   4       0.1         9    3.6   0.0   277   311    19    53     7    64 0.76 # 2 # 1495 # -1 # ID=163_1;partial=10;start_type=ATG;rbs_motif=GGAG/GAGG;rbs_spacer=5-10bp;gc_cont=0.665
contig00163_1        -            498 14115at72274         -            545   3.1e-24   84.3   0.1   2   4   4.4e-11   3.8e-09   34.5   0.0   105   184   155   238   141   252 0.84 # 2 # 1495 # -1 # ID=163_1;partial=10;start_type=ATG;rbs_motif=GGAG/GAGG;rbs_spacer=5-10bp;gc_cont=0.665
contig00163_1        -            498 14115at72274         -            545   3.1e-24   84.3   0.1   3   4     0.017       1.4    6.2   0.0   282   319   300   337   292   366 0.69 # 2 # 1495 # -1 # ID=163_1;partial=10;start_type=ATG;rbs_motif=GGAG/GAGG;rbs_spacer=5-10bp;gc_cont=0.665
contig00163_1        -            498 14115at72274         -            545   3.1e-24   84.3   0.1   4   4   4.3e-11   3.7e-09   34.6   0.0   105   174   422   495   418   498 0.75 # 2 # 1495 # -1 # ID=163_1;partial=10;start_type=ATG;rbs_motif=GGAG/GAGG;rbs_spacer=5-10bp;gc_cont=0.665
contig02259_2        -            292 14115at72274         -            545     6e-24   83.4   1.7   1   1     1e-25   8.9e-24   82.8   1.7   217   428    38   271     4   281 0.68 # 82 # 957 # -1 # ID=2259_2;partial=01;start_type=Edge;rbs_motif=None;rbs_spacer=None;gc_cont=0.715
contig00177_4        -            380 14115at72274         -            545   3.6e-22   77.5   4.4   1   3   5.3e-10   4.5e-08   31.0   0.8   375   444     1    74     1    82 0.85 # 3583 # 4722 # -1 # ID=177_4;partial=01;start_type=Edge;rbs_motif=None;rbs_spacer=None;gc_cont=0.701
contig00177_4        -            380 14115at72274         -            545   3.6e-22   77.5   4.4   2   3   0.00059     0.051   11.0   0.0   282   336   136   188   130   210 0.77 # 3583 # 4722 # -1 # ID=177_4;partial=01;start_type=Edge;rbs_motif=None;rbs_spacer=None;gc_cont=0.701
contig00177_4        -            380 14115at72274         -            545   3.6e-22   77.5   4.4   3   3   2.3e-11   1.9e-09   35.5   0.0   367   444   259   340   253   353 0.64 # 3583 # 4722 # -1 # ID=177_4;partial=01;start_type=Edge;rbs_motif=None;rbs_spacer=None;gc_cont=0.701
contig00525_3        -            270 14115at72274         -            545   7.9e-20   69.8   0.1   1   1   1.1e-21   9.7e-20   69.5   0.1   267   436     3   194     1   211 0.73 # 1296 # 2105 # -1 # ID=525_3;partial=00;start_type=ATG;rbs_motif=AGGA;rbs_spacer=5-10bp;gc_cont=0.694
contig00004_1        -            239 14115at72274         -            545   9.1e-19   66.3   0.1   1   2   0.00025     0.021   12.3   0.0    12    48    26    62    14    77 0.81 # 3 # 719 # -1 # ID=4_1;partial=10;start_type=ATG;rbs_motif=AGGA/GGAG/GAGG;rbs_spacer=11-12bp;gc_cont=0.699
contig00004_1        -            239 14115at72274         -            545   9.1e-19   66.3   0.1   2   2   1.7e-16   1.4e-14   52.4   0.0   105   195   150   239   121   239 0.92 # 3 # 719 # -1 # ID=4_1;partial=10;start_type=ATG;rbs_motif=AGGA/GGAG/GAGG;rbs_spacer=11-12bp;gc_cont=0.699
contig01307_2        -            228 14115at72274         -            545   1.2e-16   59.3   0.2   1   2     8e-08   6.9e-06   23.8   0.0   278   348    21    90     8   105 0.83 # 635 # 1318 # 1 # ID=1307_2;partial=00;start_type=ATG;rbs_motif=GGAGG;rbs_spacer=5-10bp;gc_cont=0.677
contig01307_2        -            228 14115at72274         -            545   1.2e-16   59.3   0.2   2   2   7.8e-11   6.7e-09   33.7   0.1   361   441   140   223   116   226 0.46 # 635 # 1318 # 1 # ID=1307_2;partial=00;start_type=ATG;rbs_motif=GGAGG;rbs_spacer=5-10bp;gc_cont=0.677
contig00167_2        -            305 14115at72274         -            545   6.3e-16   56.9   0.2   1   2   5.4e-08   4.6e-06   24.3   0.1   270   318     6    54     1    73 0.86 # 850 # 1764 # 1 # ID=167_2;partial=00;start_type=ATG;rbs_motif=GGAG/GAGG;rbs_spacer=5-10bp;gc_cont=0.728
contig00167_2        -            305 14115at72274         -            545   6.3e-16   56.9   0.2   2   2   5.6e-10   4.9e-08   30.9   0.0    89   162   104   187    85   211 0.76 # 850 # 1764 # 1 # ID=167_2;partial=00;start_type=ATG;rbs_motif=GGAG/GAGG;rbs_spacer=5-10bp;gc_cont=0.728
contig00296_2        -            597 14115at72274         -            545   9.3e-16   56.3   1.2   1   2   3.4e-06   0.00029   18.4   0.1   275   324   367   416   350   426 0.89 # 296 # 2086 # 1 # ID=296_2;partial=00;start_type=ATG;rbs_motif=GGA/GAG/AGG;rbs_spacer=11-12bp;gc_cont=0.678
contig00296_2        -            597 14115at72274         -            545   9.3e-16   56.3   1.2   2   2   1.3e-11   1.2e-09   36.2   0.2   364   449   491   576   469   581 0.82 # 296 # 2086 # 1 # ID=296_2;partial=00;start_type=ATG;rbs_motif=GGA/GAG/AGG;rbs_spacer=11-12bp;gc_cont=0.678
contig00028_7        -            361 14115at72274         -            545   6.8e-15   53.5   0.3   1   2   0.00017     0.015   12.8   0.0   271   315     8    54     1    66 0.82 # 7486 # 8568 # -1 # ID=28_7;partial=00;start_type=ATG;rbs_motif=None;rbs_spacer=None;gc_cont=0.676
contig00028_7        -            361 14115at72274         -            545   6.8e-15   53.5   0.3   2   2   1.8e-12   1.6e-10   39.1   0.1   367   454   136   227   114   234 0.88 # 7486 # 8568 # -1 # ID=28_7;partial=00;start_type=ATG;rbs_motif=None;rbs_spacer=None;gc_cont=0.676
contig01032_2        -            252 14115at72274         -            545   4.8e-14   50.7   0.1   1   2   4.1e-07   3.6e-05   21.4   0.0   275   318    23    66     8    73 0.85 # 644 # 1399 # -1 # ID=1032_2;partial=00;start_type=ATG;rbs_motif=AGGAG;rbs_spacer=5-10bp;gc_cont=0.730
contig01032_2        -            252 14115at72274         -            545   4.8e-14   50.7   0.1   2   2   6.8e-09   5.8e-07   27.3   0.0   105   178   142   218   126   227 0.86 # 644 # 1399 # -1 # ID=1032_2;partial=00;start_type=ATG;rbs_motif=AGGAG;rbs_spacer=5-10bp;gc_cont=0.730
contig00305_4        -            274 14115at72274         -            545   5.3e-14   50.6   0.0   1   2   1.1e-05   0.00095   16.7   0.0   263   314    19    73    12   122 0.85 # 2890 # 3711 # 1 # ID=305_4;partial=01;start_type=ATG;rbs_motif=GGAG/GAGG;rbs_spacer=5-10bp;gc_cont=0.697
contig00305_4        -            274 14115at72274         -            545   5.3e-14   50.6   0.0   2   2   2.5e-10   2.1e-08   32.1   0.0   106   181   161   240   142   256 0.57 # 2890 # 3711 # 1 # ID=305_4;partial=01;start_type=ATG;rbs_motif=GGAG/GAGG;rbs_spacer=5-10bp;gc_cont=0.697
contig02615_1        -            262 14115at72274         -            545   6.5e-14   50.3   0.0   1   2     6e-08   5.2e-06   24.2   0.0   277   327    13    63     2   116 0.82 # 3 # 788 # 1 # ID=2615_1;partial=11;start_type=Edge;rbs_motif=None;rbs_spacer=None;gc_cont=0.644
contig02615_1        -            262 14115at72274         -            545   6.5e-14   50.3   0.0   2   2   5.2e-08   4.4e-06   24.4   0.0   105   160   133   189   127   227 0.62 # 3 # 788 # 1 # ID=2615_1;partial=11;start_type=Edge;rbs_motif=None;rbs_spacer=None;gc_cont=0.644
contig00956_2        -            477 14115at72274         -            545   6.8e-14   50.2   1.8   1   4     2e-06   0.00017   19.2   0.1   267   313     6    53     1    61 0.85 # 610 # 2040 # 1 # ID=956_2;partial=01;start_type=ATG;rbs_motif=GGAG/GAGG;rbs_spacer=5-10bp;gc_cont=0.707
contig00956_2        -            477 14115at72274         -            545   6.8e-14   50.2   1.8   2   4   0.00017     0.015   12.8   0.0   103   181   141   222   115   227 0.79 # 610 # 2040 # 1 # ID=956_2;partial=01;start_type=ATG;rbs_motif=GGAG/GAGG;rbs_spacer=5-10bp;gc_cont=0.707
contig00956_2        -            477 14115at72274         -            545   6.8e-14   50.2   1.8   3   4      0.52        45    1.3   0.0   245   316   235   305   225   316 0.78 # 610 # 2040 # 1 # ID=956_2;partial=01;start_type=ATG;rbs_motif=GGAG/GAGG;rbs_spacer=5-10bp;gc_cont=0.707
contig00956_2        -            477 14115at72274         -            545   6.8e-14   50.2   1.8   4   4   0.00013     0.011   13.2   0.0   106   436   400   472   385   477 0.56 # 610 # 2040 # 1 # ID=956_2;partial=01;start_type=ATG;rbs_motif=GGAG/GAGG;rbs_spacer=5-10bp;gc_cont=0.707
contig01160_1        -            588 14115at72274         -            545   6.9e-14   50.2   0.0   1   2   2.6e-08   2.2e-06   25.4   0.0   239   321   352   436   339   457 0.78 # 1 # 1764 # 1 # ID=1160_1;partial=11;start_type=Edge;rbs_motif=None;rbs_spacer=None;gc_cont=0.697
contig01160_1        -            588 14115at72274         -            545   6.9e-14   50.2   0.0   2   2   1.8e-07   1.6e-05   22.6   0.0   106   170   517   583   510   588 0.77 # 1 # 1764 # 1 # ID=1160_1;partial=11;start_type=Edge;rbs_motif=None;rbs_spacer=None;gc_cont=0.697
contig00306_4        -            311 14115at72274         -            545     8e-14   50.0   0.6   1   2   9.6e-06   0.00083   16.9   0.1   280   332    18    69     1    98 0.80 # 2174 # 3106 # 1 # ID=306_4;partial=00;start_type=ATG;rbs_motif=GGA/GAG/AGG;rbs_spacer=5-10bp;gc_cont=0.624
contig00306_4        -            311 14115at72274         -            545     8e-14   50.0   0.6   2   2   3.1e-10   2.7e-08   31.7   0.1   358   444   124   216    88   241 0.80 # 2174 # 3106 # 1 # ID=306_4;partial=00;start_type=ATG;rbs_motif=GGA/GAG/AGG;rbs_spacer=5-10bp;gc_cont=0.624
contig00319_1        -            248 14115at72274         -            545   1.2e-13   49.4   0.0   1   2    0.0045      0.39    8.1   0.0   277   312    13    48     4    57 0.85 # 1 # 744 # -1 # ID=319_1;partial=10;start_type=ATG;rbs_motif=GGAG/GAGG;rbs_spacer=5-10bp;gc_cont=0.668
contig00319_1        -            248 14115at72274         -            545   1.2e-13   49.4   0.0   2   2   1.5e-12   1.3e-10   39.3   0.0    90   201   126   248   118   248 0.84 # 1 # 744 # -1 # ID=319_1;partial=10;start_type=ATG;rbs_motif=GGAG/GAGG;rbs_spacer=5-10bp;gc_cont=0.668
contig00233_3        -            330 14115at72274         -            545   2.4e-13   48.4   0.0   1   2   4.9e-05    0.0042   14.6   0.0   279   324    14    59     4    94 0.81 # 1279 # 2268 # -1 # ID=233_3;partial=00;start_type=ATG;rbs_motif=GGAG/GAGG;rbs_spacer=5-10bp;gc_cont=0.661
contig00233_3        -            330 14115at72274         -            545   2.4e-13   48.4   0.0   2   2     3e-10   2.6e-08   31.8   0.0   366   444   135   217   125   232 0.63 # 1279 # 2268 # -1 # ID=233_3;partial=00;start_type=ATG;rbs_motif=GGAG/GAGG;rbs_spacer=5-10bp;gc_cont=0.661
contig00130_4        -            332 14115at72274         -            545   2.8e-13   48.2   0.1   1   2   0.00017     0.015   12.8   0.0   276   318    12    54     2    62 0.86 # 2759 # 3754 # -1 # ID=130_4;partial=00;start_type=ATG;rbs_motif=GGA/GAG/AGG;rbs_spacer=5-10bp;gc_cont=0.676
contig00130_4        -            332 14115at72274         -            545   2.8e-13   48.2   0.1   2   2   9.9e-11   8.6e-09   33.4   0.1   346   444   112   214    94   224 0.80 # 2759 # 3754 # -1 # ID=130_4;partial=00;start_type=ATG;rbs_motif=GGA/GAG/AGG;rbs_spacer=5-10bp;gc_cont=0.676
contig00389_1        -            647 14115at72274         -            545   3.7e-13   47.8   0.2   1   2    0.0013      0.11    9.9   0.0   281   318   429   466   413   496 0.78 # 1 # 1941 # 1 # ID=389_1;partial=10;start_type=Edge;rbs_motif=None;rbs_spacer=None;gc_cont=0.676
contig00389_1        -            647 14115at72274         -            545   3.7e-13   47.8   0.2   2   2   2.1e-11   1.8e-09   35.6   0.0   365   443   549   626   534   645 0.91 # 1 # 1941 # 1 # ID=389_1;partial=10;start_type=Edge;rbs_motif=None;rbs_spacer=None;gc_cont=0.676
contig00573_2        -            291 14115at72274         -            545   3.9e-13   47.7   0.2   1   2   1.1e-05   0.00095   16.7   0.1     6    49    10    54     2    69 0.59 # 1170 # 2042 # 1 # ID=573_2;partial=00;start_type=ATG;rbs_motif=GGA/GAG/AGG;rbs_spacer=5-10bp;gc_cont=0.647
contig00573_2        -            291 14115at72274         -            545   3.9e-13   47.7   0.2   2   2     2e-09   1.8e-07   29.0   0.0   105   182   182   263   177   276 0.84 # 1170 # 2042 # 1 # ID=573_2;partial=00;start_type=ATG;rbs_motif=GGA/GAG/AGG;rbs_spacer=5-10bp;gc_cont=0.647
contig00766_1        -            268 14115at72274         -            545   7.2e-13   46.8   0.5   1   2   0.00022     0.019   12.4   0.0   277   315    30    68    18    79 0.78 # 1 # 804 # -1 # ID=766_1;partial=10;start_type=ATG;rbs_motif=GGAGG;rbs_spacer=5-10bp;gc_cont=0.726
contig00766_1        -            268 14115at72274         -            545   7.2e-13   46.8   0.5   2   2   1.5e-10   1.3e-08   32.8   0.1   106   181   141   220   117   225 0.65 # 1 # 804 # -1 # ID=766_1;partial=10;start_type=ATG;rbs_motif=GGAGG;rbs_spacer=5-10bp;gc_cont=0.726
contig01363_2        -            336 14115at72274         -            545   7.3e-13   46.8   0.0   1   2   0.00039     0.033   11.6   0.0    17    46    21    51     1    73 0.65 # 83 # 1090 # -1 # ID=1363_2;partial=00;start_type=GTG;rbs_motif=GGA/GAG/AGG;rbs_spacer=5-10bp;gc_cont=0.671
contig01363_2        -            336 14115at72274         -            545   7.3e-13   46.8   0.0   2   2   8.8e-11   7.6e-09   33.5   0.0    90   181   118   220   101   267 0.79 # 83 # 1090 # -1 # ID=1363_2;partial=00;start_type=GTG;rbs_motif=GGA/GAG/AGG;rbs_spacer=5-10bp;gc_cont=0.671
contig02371_1        -            205 14115at72274         -            545   9.3e-13   46.4   0.1   1   2   0.00032     0.028   11.9   0.0   280   311    17    48     3    54 0.83 # 3 # 617 # -1 # ID=2371_1;partial=10;start_type=ATG;rbs_motif=GGA/GAG/AGG;rbs_spacer=5-10bp;gc_cont=0.717
contig02371_1        -            205 14115at72274         -            545   9.3e-13   46.4   0.1   2   2   1.5e-10   1.3e-08   32.8   0.1   367   432   140   205   117   205 0.88 # 3 # 617 # -1 # ID=2371_1;partial=10;start_type=ATG;rbs_motif=GGA/GAG/AGG;rbs_spacer=5-10bp;gc_cont=0.717
contig01932_1        -            258 14115at72274         -            545   1.4e-12   45.9   0.0   1   2   0.00035      0.03   11.8   0.0   268   313     6    53     2    95 0.85 # 64 # 837 # 1 # ID=1932_1;partial=00;start_type=ATG;rbs_motif=GGAG/GAGG;rbs_spacer=5-10bp;gc_cont=0.634
contig01932_1        -            258 14115at72274         -            545   1.4e-12   45.9   0.0   2   2   2.1e-10   1.8e-08   32.3   0.0   367   444   153   233   142   251 0.83 # 64 # 837 # 1 # ID=1932_1;partial=00;start_type=ATG;rbs_motif=GGAG/GAGG;rbs_spacer=5-10bp;gc_cont=0.634
contig00498_2        -            256 14115at72274         -            545   1.6e-12   45.6   0.3   1   2   1.6e-05    0.0014   16.2   0.1   265   315     1    53     1    61 0.73 # 1157 # 1924 # 1 # ID=498_2;partial=00;start_type=ATG;rbs_motif=GGAG/GAGG;rbs_spacer=5-10bp;gc_cont=0.652
contig00498_2        -            256 14115at72274         -            545   1.6e-12   45.6   0.3   2   2   5.4e-09   4.7e-07   27.6   0.0   109   178   156   229   144   235 0.68 # 1157 # 1924 # 1 # ID=498_2;partial=00;start_type=ATG;rbs_motif=GGAG/GAGG;rbs_spacer=5-10bp;gc_cont=0.652
contig00597_2        -            371 14115at72274         -            545   1.7e-12   45.6   0.4   1   2   0.00045     0.038   11.4   0.0   275   315    11    51     3    62 0.88 # 579 # 1691 # 1 # ID=597_2;partial=00;start_type=ATG;rbs_motif=GGAGG;rbs_spacer=5-10bp;gc_cont=0.694
contig00597_2        -            371 14115at72274         -            545   1.7e-12   45.6   0.4   2   2     2e-10   1.7e-08   32.4   0.1   365   452   131   222   112   227 0.86 # 579 # 1691 # 1 # ID=597_2;partial=00;start_type=ATG;rbs_motif=GGAGG;rbs_spacer=5-10bp;gc_cont=0.694
contig00183_3        -            285 14115at72274         -            545     2e-12   45.4   0.7   1   1   1.9e-13   1.6e-11   42.3   0.7   281   432    28   210    15   227 0.68 # 2276 # 3130 # 1 # ID=183_3;partial=00;start_type=ATG;rbs_motif=GGAGG;rbs_spacer=5-10bp;gc_cont=0.712
contig00271_4        -            255 14115at72274         -            545   2.1e-12   45.3   0.1   1   2    0.0013      0.11    9.9   0.0   277   312    13    48     3    73 0.76 # 1778 # 2542 # -1 # ID=271_4;partial=00;start_type=ATG;rbs_motif=GGA/GAG/AGG;rbs_spacer=5-10bp;gc_cont=0.654
contig00271_4        -            255 14115at72274         -            545   2.1e-12   45.3   0.1   2   2   8.6e-11   7.4e-09   33.6   0.0   366   445   148   230   138   246 0.89 # 1778 # 2542 # -1 # ID=271_4;partial=00;start_type=ATG;rbs_motif=GGA/GAG/AGG;rbs_spacer=5-10bp;gc_cont=0.654
contig00573_3        -            236 14115at72274         -            545   3.5e-12   44.5   0.2   1   2   1.9e-08   1.7e-06   25.8   0.0   266   327     2    65     1    74 0.82 # 2039 # 2746 # 1 # ID=573_3;partial=01;start_type=ATG;rbs_motif=AGGAG;rbs_spacer=5-10bp;gc_cont=0.658
contig00573_3        -            236 14115at72274         -            545   3.5e-12   44.5   0.2   2   2   8.6e-06   0.00074   17.1   0.0   106   134   137   165   133   199 0.85 # 2039 # 2746 # 1 # ID=573_3;partial=01;start_type=ATG;rbs_motif=AGGAG;rbs_spacer=5-10bp;gc_cont=0.658
contig00191_5        -            248 14115at72274         -            545   4.5e-12   44.2   0.2   1   2    0.0014      0.12    9.8   0.0   277   314    11    48     1    60 0.85 # 2972 # 3715 # 1 # ID=191_5;partial=00;start_type=ATG;rbs_motif=AGGAG;rbs_spacer=5-10bp;gc_cont=0.683
contig00191_5        -            248 14115at72274         -            545   4.5e-12   44.2   0.2   2   2   1.5e-10   1.3e-08   32.8   0.1   366   444   135   216   115   230 0.84 # 2972 # 3715 # 1 # ID=191_5;partial=00;start_type=ATG;rbs_motif=AGGAG;rbs_spacer=5-10bp;gc_cont=0.683
contig01293_2        -            270 14115at72274         -            545   5.2e-12   44.0   0.3   1   2   9.9e-06   0.00086   16.9   0.0     2    46     9    54     8    61 0.92 # 266 # 1075 # -1 # ID=1293_2;partial=00;start_type=ATG;rbs_motif=AGGAG;rbs_spacer=5-10bp;gc_cont=0.646
contig01293_2        -            270 14115at72274         -            545   5.2e-12   44.0   0.3   2   2   2.6e-08   2.2e-06   25.4   0.1   358   442   135   223    98   232 0.80 # 266 # 1075 # -1 # ID=1293_2;partial=00;start_type=ATG;rbs_motif=AGGAG;rbs_spacer=5-10bp;gc_cont=0.646
contig00404_3        -            387 14115at72274         -            545   8.4e-12   43.3   0.3   1   2    0.0016      0.13    9.6   0.1   280   315    18    53     6    64 0.86 # 1639 # 2799 # 1 # ID=404_3;partial=00;start_type=ATG;rbs_motif=AGGA/GGAG/GAGG;rbs_spacer=11-12bp;gc_cont=0.671
contig00404_3        -            387 14115at72274         -            545   8.4e-12   43.3   0.3   2   2   2.9e-10   2.5e-08   31.8   0.0   364   449   132   221   109   228 0.86 # 1639 # 2799 # 1 # ID=404_3;partial=00;start_type=ATG;rbs_motif=AGGA/GGAG/GAGG;rbs_spacer=11-12bp;gc_cont=0.671
contig00463_2        -            370 14115at72274         -            545   1.3e-11   42.6   0.2   1   2     0.002      0.17    9.3   0.0   278   315    22    59    13    71 0.88 # 556 # 1665 # -1 # ID=463_2;partial=00;start_type=ATG;rbs_motif=GGA/GAG/AGG;rbs_spacer=5-10bp;gc_cont=0.654
contig00463_2        -            370 14115at72274         -            545   1.3e-11   42.6   0.2   2   2     4e-10   3.5e-08   31.4   0.0   353   446   130   224   115   234 0.82 # 556 # 1665 # -1 # ID=463_2;partial=00;start_type=ATG;rbs_motif=GGA/GAG/AGG;rbs_spacer=5-10bp;gc_cont=0.654
contig01192_3        -            245 14115at72274         -            545   3.2e-11   41.4   0.0   1   2     0.014       1.2    6.4   0.0   282   315    20    53     5    65 0.83 # 798 # 1532 # -1 # ID=1192_3;partial=00;start_type=GTG;rbs_motif=GGAGG;rbs_spacer=5-10bp;gc_cont=0.663
contig01192_3        -            245 14115at72274         -            545   3.2e-11   41.4   0.0   2   2   1.2e-10   1.1e-08   33.1   0.0    91   181   118   218   104   236 0.79 # 798 # 1532 # -1 # ID=1192_3;partial=00;start_type=GTG;rbs_motif=GGAGG;rbs_spacer=5-10bp;gc_cont=0.663
contig00945_1        -            308 14115at72274         -            545   3.5e-11   41.2   0.0   1   2     6e-07   5.2e-05   20.9   0.0   277   318    11    52     1    65 0.86 # 13 # 936 # -1 # ID=945_1;partial=00;start_type=ATG;rbs_motif=GGA/GAG/AGG;rbs_spacer=5-10bp;gc_cont=0.695
contig00945_1        -            308 14115at72274         -            545   3.5e-11   41.2   0.0   2   2     3e-06   0.00026   18.6   0.0   104   153   130   179    92   210 0.75 # 13 # 936 # -1 # ID=945_1;partial=00;start_type=ATG;rbs_motif=GGA/GAG/AGG;rbs_spacer=5-10bp;gc_cont=0.695
contig02340_1        -            280 14115at72274         -            545   4.6e-11   40.9   0.1   1   2   0.00047      0.04   11.3   0.0   278   310    44    76    24    87 0.86 # 82 # 921 # -1 # ID=2340_1;partial=01;start_type=Edge;rbs_motif=None;rbs_spacer=None;gc_cont=0.658
contig02340_1        -            280 14115at72274         -            545   4.6e-11   40.9   0.1   2   2   5.5e-09   4.7e-07   27.6   0.2   338   443   133   247   103   266 0.73 # 82 # 921 # -1 # ID=2340_1;partial=01;start_type=Edge;rbs_motif=None;rbs_spacer=None;gc_cont=0.658
contig00214_2        -            242 14115at72274         -            545   5.2e-11   40.7   0.2   1   2   2.6e-07   2.2e-05   22.1   0.0   276   324    12    60     4    72 0.88 # 246 # 971 # 1 # ID=214_2;partial=00;start_type=ATG;rbs_motif=GGA/GAG/AGG;rbs_spacer=5-10bp;gc_cont=0.631
contig00214_2        -            242 14115at72274         -            545   5.2e-11   40.7   0.2   2   2   9.4e-06   0.00081   16.9   0.0   105   147   136   178    92   230 0.59 # 246 # 971 # 1 # ID=214_2;partial=00;start_type=ATG;rbs_motif=GGA/GAG/AGG;rbs_spacer=5-10bp;gc_cont=0.631
contig00718_2        -            283 14115at72274         -            545   8.7e-11   39.9   0.0   1   2   2.7e-06   0.00024   18.7   0.0   283   318    36    71    17    82 0.87 # 1024 # 1872 # 1 # ID=718_2;partial=00;start_type=ATG;rbs_motif=GGA/GAG/AGG;rbs_spacer=5-10bp;gc_cont=0.702
contig00718_2        -            283 14115at72274         -            545   8.7e-11   39.9   0.0   2   2   1.7e-06   0.00015   19.4   0.0   366   406   148   188   125   232 0.57 # 1024 # 1872 # 1 # ID=718_2;partial=00;start_type=ATG;rbs_motif=GGA/GAG/AGG;rbs_spacer=5-10bp;gc_cont=0.702
contig00769_1        -            219 14115at72274         -            545   9.9e-11   39.8   0.5   1   2   0.00093      0.08   10.4   0.0     2    48    10    57     9    70 0.72 # 3 # 659 # -1 # ID=769_1;partial=10;start_type=GTG;rbs_motif=GGAG/GAGG;rbs_spacer=5-10bp;gc_cont=0.706
contig00769_1        -            219 14115at72274         -            545   9.9e-11   39.8   0.5   2   2   5.3e-09   4.6e-07   27.7   0.1   100   174   140   218   126   219 0.81 # 3 # 659 # -1 # ID=769_1;partial=10;start_type=GTG;rbs_motif=GGAG/GAGG;rbs_spacer=5-10bp;gc_cont=0.706
contig00498_3        -            234 14115at72274         -            545   1.8e-10   38.9   0.1   1   2     4e-07   3.4e-05   21.5   0.0   276   324    10    58     2    65 0.87 # 1927 # 2628 # 1 # ID=498_3;partial=00;start_type=ATG;rbs_motif=GGA/GAG/AGG;rbs_spacer=5-10bp;gc_cont=0.644
contig00498_3        -            234 14115at72274         -            545   1.8e-10   38.9   0.1   2   2   2.6e-05    0.0022   15.5   0.0   106   138   133   165   124   222 0.52 # 1927 # 2628 # 1 # ID=498_3;partial=00;start_type=ATG;rbs_motif=GGA/GAG/AGG;rbs_spacer=5-10bp;gc_cont=0.644
contig01200_1        -            266 14115at72274         -            545   2.3e-10   38.6   0.2   1   2   0.00018     0.015   12.7   0.0     4    47     7    51     4    57 0.88 # 19 # 816 # -1 # ID=1200_1;partial=00;start_type=ATG;rbs_motif=AGGA;rbs_spacer=5-10bp;gc_cont=0.707
contig01200_1        -            266 14115at72274         -            545   2.3e-10   38.6   0.2   2   2   6.3e-08   5.4e-06   24.1   0.1   368   440   141   216   120   236 0.59 # 19 # 816 # -1 # ID=1200_1;partial=00;start_type=ATG;rbs_motif=AGGA;rbs_spacer=5-10bp;gc_cont=0.707
contig00646_4        -            228 14115at72274         -            545   2.4e-10   38.5   3.3   1   1     7e-10     6e-08   30.6   3.3   278   441    20   220     7   224 0.66 # 1339 # 2022 # 1 # ID=646_4;partial=00;start_type=ATG;rbs_motif=GGA/GAG/AGG;rbs_spacer=5-10bp;gc_cont=0.693
contig02819_1        -            231 14115at72274         -            545   3.4e-10   38.0   0.2   1   2    0.0072      0.62    7.4   0.0   283   314    52    83    41   102 0.66 # 3 # 695 # 1 # ID=2819_1;partial=11;start_type=Edge;rbs_motif=None;rbs_spacer=None;gc_cont=0.739
contig02819_1        -            231 14115at72274         -            545   3.4e-10   38.0   0.2   2   2   2.2e-09   1.9e-07   29.0   0.0   361   422   165   229   125   231 0.81 # 3 # 695 # 1 # ID=2819_1;partial=11;start_type=Edge;rbs_motif=None;rbs_spacer=None;gc_cont=0.739
contig02856_1        -            225 14115at72274         -            545   4.5e-10   37.6   0.1   1   2     2e-05    0.0017   15.9   0.0   279   316    61    98    47   108 0.89 # 3 # 677 # -1 # ID=2856_1;partial=11;start_type=Edge;rbs_motif=None;rbs_spacer=None;gc_cont=0.747
contig02856_1        -            225 14115at72274         -            545   4.5e-10   37.6   0.1   2   2   1.1e-06   9.8e-05   20.0   0.0   365   400   182   217   125   224 0.78 # 3 # 677 # -1 # ID=2856_1;partial=11;start_type=Edge;rbs_motif=None;rbs_spacer=None;gc_cont=0.747
contig00033_7        -            279 14115at72274         -            545   5.1e-10   37.4   0.6   1   2   0.00096     0.083   10.3   0.0   278   315    20    57     1    67 0.84 # 7285 # 8121 # 1 # ID=33_7;partial=00;start_type=ATG;rbs_motif=GGAG/GAGG;rbs_spacer=5-10bp;gc_cont=0.723
contig00033_7        -            279 14115at72274         -            545   5.1e-10   37.4   0.6   2   2   1.8e-08   1.5e-06   25.9   0.1   366   439   138   215   115   255 0.87 # 7285 # 8121 # 1 # ID=33_7;partial=00;start_type=ATG;rbs_motif=GGAG/GAGG;rbs_spacer=5-10bp;gc_cont=0.723
contig00349_2        -            278 14115at72274         -            545   5.4e-10   37.3   0.0   1   2    0.0011     0.097   10.1   0.0   274   313    37    76    18    85 0.81 # 946 # 1779 # 1 # ID=349_2;partial=00;start_type=ATG;rbs_motif=GGAG/GAGG;rbs_spacer=5-10bp;gc_cont=0.629
contig00349_2        -            278 14115at72274         -            545   5.4e-10   37.3   0.0   2   2   2.9e-08   2.5e-06   25.2   0.0   107   184   174   253   170   268 0.82 # 946 # 1779 # 1 # ID=349_2;partial=00;start_type=ATG;rbs_motif=GGAG/GAGG;rbs_spacer=5-10bp;gc_cont=0.629
contig00731_2        -            325 14115at72274         -            545   6.6e-10   37.0   0.1   1   2      0.14        12    3.1   0.0   281   315    20    54     3    75 0.67 # 1017 # 1991 # 1 # ID=731_2;partial=00;start_type=ATG;rbs_motif=AGGAG;rbs_spacer=5-10bp;gc_cont=0.693
contig00731_2        -            325 14115at72274         -            545   6.6e-10   37.0   0.1   2   2   2.7e-10   2.4e-08   31.9   0.0   366   444   151   233   138   254 0.87 # 1017 # 1991 # 1 # ID=731_2;partial=00;start_type=ATG;rbs_motif=AGGAG;rbs_spacer=5-10bp;gc_cont=0.693
contig00577_2        -            241 14115at72274         -            545   1.6e-09   35.7   0.4   1   2    0.0013      0.11    9.9   0.1   276   314    10    48     1    65 0.84 # 255 # 977 # 1 # ID=577_2;partial=00;start_type=ATG;rbs_motif=GGAG/GAGG;rbs_spacer=5-10bp;gc_cont=0.665
contig00577_2        -            241 14115at72274         -            545   1.6e-09   35.7   0.4   2   2   5.4e-08   4.7e-06   24.3   0.0   104   439   134   211   110   220 0.56 # 255 # 977 # 1 # ID=577_2;partial=00;start_type=ATG;rbs_motif=GGAG/GAGG;rbs_spacer=5-10bp;gc_cont=0.665
contig01473_1        -            338 14115at72274         -            545   1.7e-09   35.7   0.1   1   1   2.7e-11   2.3e-09   35.2   0.1   367   472    61   171    51   223 0.75 # 3 # 1016 # 1 # ID=1473_1;partial=10;start_type=Edge;rbs_motif=None;rbs_spacer=None;gc_cont=0.664
contig03279_1        -            173 14115at72274         -            545   1.9e-09   35.5   0.1   1   1   2.8e-11   2.4e-09   35.2   0.1   368   441    74   155    64   161 0.83 # 1 # 519 # -1 # ID=3279_1;partial=11;start_type=Edge;rbs_motif=None;rbs_spacer=None;gc_cont=0.730
contig02472_1        -            123 14115at72274         -            545   1.9e-09   35.5   0.0   1   1   2.5e-11   2.2e-09   35.3   0.0   274   337    13    82     3   111 0.81 # 2 # 370 # -1 # ID=2472_1;partial=10;start_type=TTG;rbs_motif=GGAG/GAGG;rbs_spacer=5-10bp;gc_cont=0.667
contig01341_1        -            235 14115at72274         -            545   3.3e-09   34.7   0.0   1   1   4.9e-11   4.2e-09   34.4   0.0   367   452     2    91     1    98 0.86 # 2 # 706 # 1 # ID=1341_1;partial=10;start_type=Edge;rbs_motif=None;rbs_spacer=None;gc_cont=0.655
contig02782_1        -            166 14115at72274         -            545   3.8e-09   34.5   0.1   1   1     5e-11   4.3e-09   34.4   0.1   373   444     1    76     1   100 0.83 # 2 # 499 # 1 # ID=2782_1;partial=10;start_type=Edge;rbs_motif=None;rbs_spacer=None;gc_cont=0.687
contig00515_2        -            279 14115at72274         -            545   3.8e-09   34.5   0.1   1   2   8.1e-05     0.007   13.9   0.0   277   316    14    53     2    64 0.86 # 368 # 1204 # -1 # ID=515_2;partial=00;start_type=ATG;rbs_motif=GGAGG;rbs_spacer=5-10bp;gc_cont=0.687
contig00515_2        -            279 14115at72274         -            545   3.8e-09   34.5   0.1   2   2   2.5e-06   0.00022   18.8   0.0   359   421   141   209   125   247 0.62 # 368 # 1204 # -1 # ID=515_2;partial=00;start_type=ATG;rbs_motif=GGAGG;rbs_spacer=5-10bp;gc_cont=0.687
contig01739_1        -            263 14115at72274         -            545   5.1e-09   34.1   0.0   1   1   7.9e-11   6.8e-09   33.7   0.0   366   447    33   118    15   131 0.85 # 1 # 789 # 1 # ID=1739_1;partial=10;start_type=Edge;rbs_motif=None;rbs_spacer=None;gc_cont=0.678
contig02191_1        -             44 14115at72274         -            545   8.1e-09   33.4   0.1   1   1     1e-10   8.7e-09   33.3   0.1     1    42     1    43     1    44 0.93 # 1 # 132 # -1 # ID=2191_1;partial=10;start_type=ATG;rbs_motif=GGxGG;rbs_spacer=5-10bp;gc_cont=0.644
contig00242_1        -            335 14115at72274         -            545   9.7e-09   33.2   0.3   1   2       1.3   1.1e+02   -0.0   0.0   297   315     3    21     2    33 0.79 # 3 # 1007 # 1 # ID=242_1;partial=10;start_type=Edge;rbs_motif=None;rbs_spacer=None;gc_cont=0.693
contig00242_1        -            335 14115at72274         -            545   9.7e-09   33.2   0.3   2   2   6.3e-10   5.4e-08   30.7   0.0   366   443   106   187    82   192 0.84 # 3 # 1007 # 1 # ID=242_1;partial=10;start_type=Edge;rbs_motif=None;rbs_spacer=None;gc_cont=0.693
contig00897_2        -            265 14115at72274         -            545   1.5e-08   32.6   0.5   1   2   1.9e-05    0.0016   16.0   0.0   282   321    21    60    15    66 0.87 # 406 # 1200 # -1 # ID=897_2;partial=00;start_type=ATG;rbs_motif=GGAG/GAGG;rbs_spacer=5-10bp;gc_cont=0.692
contig00897_2        -            265 14115at72274         -            545   1.5e-08   32.6   0.5   2   2   3.6e-05    0.0031   15.0   0.1   105   183   147   229   133   260 0.75 # 406 # 1200 # -1 # ID=897_2;partial=00;start_type=ATG;rbs_motif=GGAG/GAGG;rbs_spacer=5-10bp;gc_cont=0.692
contig00059_7        -            268 14115at72274         -            545     2e-08   32.1   0.2   1   2   9.5e-06   0.00081   16.9   0.0   279   316    15    52     3    63 0.86 # 5637 # 6440 # -1 # ID=59_7;partial=00;start_type=GTG;rbs_motif=None;rbs_spacer=None;gc_cont=0.731
contig00059_7        -            268 14115at72274         -            545     2e-08   32.1   0.2   2   2   0.00011    0.0093   13.4   0.1   364   399   143   178   116   211 0.70 # 5637 # 6440 # -1 # ID=59_7;partial=00;start_type=GTG;rbs_motif=None;rbs_spacer=None;gc_cont=0.731
contig01633_3        -            144 14115at72274         -            545   3.1e-08   31.5   0.1   1   1   4.3e-10   3.7e-08   31.3   0.1   355   444    24   114    11   125 0.82 # 920 # 1351 # -1 # ID=1633_3;partial=01;start_type=Edge;rbs_motif=None;rbs_spacer=None;gc_cont=0.683
contig01105_3        -            163 14115at72274         -            545   4.3e-08   31.1   0.0   1   1   6.1e-10   5.2e-08   30.8   0.0   105   178    75   151    43   157 0.78 # 1350 # 1838 # -1 # ID=1105_3;partial=01;start_type=Edge;rbs_motif=None;rbs_spacer=None;gc_cont=0.701
contig00120_4        -            234 14115at72274         -            545     6e-08   30.6   0.2   1   2   5.3e-05    0.0046   14.5   0.0     7   315    19    61     6    72 0.56 # 1692 # 2393 # -1 # ID=120_4;partial=00;start_type=ATG;rbs_motif=None;rbs_spacer=None;gc_cont=0.712
contig00120_4        -            234 14115at72274         -            545     6e-08   30.6   0.2   2   2   5.2e-05    0.0045   14.5   0.1   362   422   136   199    77   207 0.62 # 1692 # 2393 # -1 # ID=120_4;partial=00;start_type=ATG;rbs_motif=None;rbs_spacer=None;gc_cont=0.712
contig00826_3        -            233 14115at72274         -            545   1.5e-07   29.3   0.1   1   2   0.00065     0.056   10.9   0.0   277   319    11    53     1    62 0.68 # 1174 # 1872 # 1 # ID=826_3;partial=00;start_type=ATG;rbs_motif=GGA/GAG/AGG;rbs_spacer=5-10bp;gc_cont=0.685
contig00826_3        -            233 14115at72274         -            545   1.5e-07   29.3   0.1   2   2   1.2e-05     0.001   16.6   0.0   364   442   130   212   123   223 0.78 # 1174 # 1872 # 1 # ID=826_3;partial=00;start_type=ATG;rbs_motif=GGA/GAG/AGG;rbs_spacer=5-10bp;gc_cont=0.685
contig03154_1        -            146 14115at72274         -            545   1.8e-07   29.0   0.1   1   1   2.4e-09   2.1e-07   28.8   0.1   366   435    27   100     9   116 0.61 # 1 # 438 # 1 # ID=3154_1;partial=10;start_type=Edge;rbs_motif=None;rbs_spacer=None;gc_cont=0.699
contig02609_1        -            242 14115at72274         -            545   2.6e-07   28.5   0.1   1   2   0.00064     0.055   10.9   0.0   284   315    49    80    39    90 0.85 # 68 # 793 # -1 # ID=2609_1;partial=01;start_type=Edge;rbs_motif=None;rbs_spacer=None;gc_cont=0.602
contig02609_1        -            242 14115at72274         -            545   2.6e-07   28.5   0.1   2   2   2.1e-05    0.0018   15.8   0.0   345   442   136   234   109   240 0.63 # 68 # 793 # -1 # ID=2609_1;partial=01;start_type=Edge;rbs_motif=None;rbs_spacer=None;gc_cont=0.602
contig00826_2        -            286 14115at72274         -            545   3.5e-07   28.0   0.5   1   2    0.0022      0.19    9.2   0.0   276   317    53    94    42   111 0.69 # 180 # 1037 # 1 # ID=826_2;partial=00;start_type=ATG;rbs_motif=AGGAG;rbs_spacer=5-10bp;gc_cont=0.675
contig00826_2        -            286 14115at72274         -            545   3.5e-07   28.0   0.5   2   2   6.8e-06   0.00059   17.4   0.1   368   442   187   263   127   274 0.79 # 180 # 1037 # 1 # ID=826_2;partial=00;start_type=ATG;rbs_motif=AGGAG;rbs_spacer=5-10bp;gc_cont=0.675
contig00588_3        -            162 14115at72274         -            545   3.6e-07   28.0   0.1   1   1   4.6e-09     4e-07   27.9   0.1   358   432    62   143    16   158 0.53 # 2226 # 2711 # -1 # ID=588_3;partial=01;start_type=Edge;rbs_motif=None;rbs_spacer=None;gc_cont=0.706
contig00385_1        -             99 14115at72274         -            545   4.6e-07   27.7   0.0   1   1   5.9e-09     5e-07   27.5   0.0   268   314     3    51     1    61 0.84 # 1 # 297 # -1 # ID=385_1;partial=10;start_type=ATG;rbs_motif=GGAGG;rbs_spacer=5-10bp;gc_cont=0.697
contig03010_1        -            204 14115at72274         -            545   4.6e-07   27.6   0.2   1   2     0.038       3.2    5.1   0.0   284   313    15    44     5    69 0.80 # 1 # 612 # 1 # ID=3010_1;partial=11;start_type=Edge;rbs_motif=None;rbs_spacer=None;gc_cont=0.649
contig03010_1        -            204 14115at72274         -            545   4.6e-07   27.6   0.2   2   2   5.9e-07     5e-05   20.9   0.0   105   164   133   196   110   201 0.82 # 1 # 612 # 1 # ID=3010_1;partial=11;start_type=Edge;rbs_motif=None;rbs_spacer=None;gc_cont=0.649
contig00381_1        -            145 14115at72274         -            545   5.7e-07   27.3   0.0   1   1   6.6e-09   5.7e-07   27.3   0.0   107   182    40   116     3   138 0.81 # 2 # 436 # 1 # ID=381_1;partial=10;start_type=Edge;rbs_motif=None;rbs_spacer=None;gc_cont=0.713
contig02722_2        -            141 14115at72274         -            545   8.5e-07   26.8   0.0   1   1   1.1e-08   9.9e-07   26.6   0.0   106   139    34    67    25   114 0.85 # 322 # 744 # -1 # ID=2722_2;partial=01;start_type=Edge;rbs_motif=None;rbs_spacer=None;gc_cont=0.709
contig00878_2        -            240 14115at72274         -            545   1.8e-06   25.7   0.2   1   2    0.0077      0.66    7.3   0.0   287   317    25    55    10    60 0.82 # 1098 # 1817 # 1 # ID=878_2;partial=00;start_type=ATG;rbs_motif=None;rbs_spacer=None;gc_cont=0.750
contig00878_2        -            240 14115at72274         -            545   1.8e-06   25.7   0.2   2   2   1.2e-05     0.001   16.6   0.1   366   429   146   213   126   227 0.65 # 1098 # 1817 # 1 # ID=878_2;partial=00;start_type=ATG;rbs_motif=None;rbs_spacer=None;gc_cont=0.750
contig01349_2        -            241 14115at72274         -            545   3.1e-06   24.9   0.1   1   1   6.1e-08   5.2e-06   24.2   0.1   106   178    15    91    12    99 0.76 # 855 # 1577 # -1 # ID=1349_2;partial=01;start_type=Edge;rbs_motif=None;rbs_spacer=None;gc_cont=0.657
contig02944_1        -            170 14115at72274         -            545     6e-06   24.0   0.1   1   1   8.3e-08   7.2e-06   23.7   0.1   364   426    81   147    61   160 0.79 # 2 # 511 # 1 # ID=2944_1;partial=10;start_type=Edge;rbs_motif=None;rbs_spacer=None;gc_cont=0.706
contig00048_6        -            103 14115at72274         -            545   8.3e-06   23.5   0.0   1   1   1.1e-07   9.3e-06   23.3   0.0   114   201     2    94     1    98 0.69 # 7518 # 7826 # -1 # ID=48_6;partial=01;start_type=Edge;rbs_motif=None;rbs_spacer=None;gc_cont=0.650
contig03261_1        -            175 14115at72274         -            545   1.3e-05   22.9   0.0   1   1   1.9e-07   1.6e-05   22.6   0.0   280   314    98   132    83   147 0.81 # 2 # 526 # 1 # ID=3261_1;partial=11;start_type=Edge;rbs_motif=None;rbs_spacer=None;gc_cont=0.674
contig03178_2        -            128 14115at72274         -            545   2.6e-05   21.9   0.0   1   1   3.7e-07   3.2e-05   21.6   0.0     4    50    11    58     8    79 0.73 # 177 # 560 # 1 # ID=3178_2;partial=01;start_type=ATG;rbs_motif=GGA/GAG/AGG;rbs_spacer=5-10bp;gc_cont=0.703
contig02377_2        -             84 14115at72274         -            545   3.5e-05   21.4   0.0   1   1   4.1e-07   3.5e-05   21.4   0.0   265   318     1    56     1    79 0.87 # 644 # 895 # 1 # ID=2377_2;partial=01;start_type=GTG;rbs_motif=None;rbs_spacer=None;gc_cont=0.679
contig00801_3        -            164 14115at72274         -            545   0.00014   19.5   0.0   1   1     2e-06   0.00017   19.2   0.0   268   326    18    78    11   100 0.84 # 1786 # 2277 # 1 # ID=801_3;partial=01;start_type=ATG;rbs_motif=GGAGG;rbs_spacer=5-10bp;gc_cont=0.720
contig01978_2        -             77 14115at72274         -            545   0.00025   18.6   0.0   1   1   2.9e-06   0.00025   18.6   0.0   265   316     7    60     1    70 0.72 # 868 # 1098 # 1 # ID=1978_2;partial=01;start_type=ATG;rbs_motif=None;rbs_spacer=None;gc_cont=0.680
contig03286_2        -            138 14115at72274         -            545   0.00027   18.5   0.0   1   1   3.7e-06   0.00032   18.3   0.0   276   339    24    86     2    95 0.79 # 102 # 515 # 1 # ID=3286_2;partial=01;start_type=ATG;rbs_motif=None;rbs_spacer=None;gc_cont=0.688
contig00226_4        -             89 14115at72274         -            545   0.00039   18.0   0.0   1   1   4.7e-06    0.0004   17.9   0.0   276   315    31    70     5    79 0.81 # 3920 # 4186 # 1 # ID=226_4;partial=01;start_type=ATG;rbs_motif=GGAG/GAGG;rbs_spacer=5-10bp;gc_cont=0.622
contig03027_1        -             60 14115at72274         -            545    0.0008   17.0   0.1   1   1   9.3e-06    0.0008   17.0   0.1   276   311    23    58     3    60 0.82 # 430 # 609 # 1 # ID=3027_1;partial=01;start_type=ATG;rbs_motif=None;rbs_spacer=None;gc_cont=0.600
contig00561_2        -            664 14115at72274         -            545    0.0026   15.3   4.0   1   3      0.28        24    2.2   0.0    13    42    10    40     1    63 0.70 # 783 # 2774 # 1 # ID=561_2;partial=01;start_type=GTG;rbs_motif=GGAG/GAGG;rbs_spacer=5-10bp;gc_cont=0.656
contig00561_2        -            664 14115at72274         -            545    0.0026   15.3   4.0   2   3    0.0053      0.45    7.9   0.0   362   428   481   552   473   563 0.73 # 783 # 2774 # 1 # ID=561_2;partial=01;start_type=GTG;rbs_motif=GGAG/GAGG;rbs_spacer=5-10bp;gc_cont=0.656
contig00561_2        -            664 14115at72274         -            545    0.0026   15.3   4.0   3   3     0.047         4    4.7   0.1   282   313   622   653   610   663 0.84 # 783 # 2774 # 1 # ID=561_2;partial=01;start_type=GTG;rbs_motif=GGAG/GAGG;rbs_spacer=5-10bp;gc_cont=0.656
contig01568_1        -             93 14115at72274         -            545    0.0029   15.1   0.0   1   1   3.4e-05     0.003   15.1   0.0   388   443     3    59     1    82 0.81 # 3 # 281 # 1 # ID=1568_1;partial=10;start_type=Edge;rbs_motif=None;rbs_spacer=None;gc_cont=0.703
contig00002_13       -            884 14115at72274         -            545     0.003   15.1   5.0   1   4       5.6   4.8e+02   -2.1   0.0   281   309    27    55    16    64 0.71 # 12339 # 14990 # -1 # ID=2_13;partial=00;start_type=ATG;rbs_motif=AGGA;rbs_spacer=5-10bp;gc_cont=0.679
contig00002_13       -            884 14115at72274         -            545     0.003   15.1   5.0   2   4     0.026       2.2    5.6   0.2   365   428   412   480   382   487 0.77 # 12339 # 14990 # -1 # ID=2_13;partial=00;start_type=ATG;rbs_motif=AGGA;rbs_spacer=5-10bp;gc_cont=0.679
contig00002_13       -            884 14115at72274         -            545     0.003   15.1   5.0   3   4       4.6   3.9e+02   -1.8   0.0    30    45   562   577   540   590 0.67 # 12339 # 14990 # -1 # ID=2_13;partial=00;start_type=ATG;rbs_motif=AGGA;rbs_spacer=5-10bp;gc_cont=0.679
contig00002_13       -            884 14115at72274         -            545     0.003   15.1   5.0   4   4    0.0013      0.11    9.9   0.1   106   425   768   832   725   843 0.54 # 12339 # 14990 # -1 # ID=2_13;partial=00;start_type=ATG;rbs_motif=AGGA;rbs_spacer=5-10bp;gc_cont=0.679
contig00058_8        -            115 14115at72274         -            545    0.0052   14.3   0.0   1   1   7.6e-05    0.0065   14.0   0.0   276   314    10    48     2    59 0.90 # 7127 # 7471 # 1 # ID=58_8;partial=01;start_type=ATG;rbs_motif=GGA/GAG/AGG;rbs_spacer=5-10bp;gc_cont=0.600
contig01850_2        -            143 14115at72274         -            545     0.011   13.2   0.0   1   1   0.00014     0.012   13.0   0.0   274   318    12    56     1    77 0.78 # 751 # 1179 # 1 # ID=1850_2;partial=01;start_type=ATG;rbs_motif=GGAG/GAGG;rbs_spacer=5-10bp;gc_cont=0.713
contig01445_1        -             74 14115at72274         -            545     0.015   12.8   0.0   1   1   0.00017     0.015   12.8   0.0   282   315    32    65     8    72 0.75 # 1 # 222 # -1 # ID=1445_1;partial=10;start_type=ATG;rbs_motif=GGAG/GAGG;rbs_spacer=5-10bp;gc_cont=0.694
contig00913_1        -            388 14115at72274         -            545     0.016   12.7   0.2   1   2     0.075       6.4    4.1   0.0    31    46    26    41     8    52 0.63 # 50 # 1213 # 1 # ID=913_1;partial=00;start_type=ATG;rbs_motif=GGA/GAG/AGG;rbs_spacer=5-10bp;gc_cont=0.721
contig00913_1        -            388 14115at72274         -            545     0.016   12.7   0.2   2   2     0.013       1.1    6.6   0.1   379   429   298   350   281   361 0.79 # 50 # 1213 # 1 # ID=913_1;partial=00;start_type=ATG;rbs_motif=GGA/GAG/AGG;rbs_spacer=5-10bp;gc_cont=0.721
contig00359_3        -            149 14115at72274         -            545     0.017   12.6   0.0   1   1   0.00028     0.024   12.1   0.0   281   316    22    57     6    76 0.80 # 3016 # 3462 # 1 # ID=359_3;partial=01;start_type=ATG;rbs_motif=GGA/GAG/AGG;rbs_spacer=5-10bp;gc_cont=0.655
contig01188_2        -            238 14115at72274         -            545     0.033   11.6   0.3   1   2       7.7   6.6e+02   -2.6   0.0    29    48     5    24     3    32 0.74 # 1019 # 1732 # -1 # ID=1188_2;partial=01;start_type=Edge;rbs_motif=None;rbs_spacer=None;gc_cont=0.742
contig01188_2        -            238 14115at72274         -            545     0.033   11.6   0.3   2   2   0.00074     0.064   10.7   0.1   367   441   122   199    99   205 0.82 # 1019 # 1732 # -1 # ID=1188_2;partial=01;start_type=Edge;rbs_motif=None;rbs_spacer=None;gc_cont=0.742
contig02733_2        -            121 14115at72274         -            545     0.062   10.7   0.2   1   1   0.00085     0.073   10.5   0.2   117   163     2    52     1    68 0.72 # 373 # 735 # -1 # ID=2733_2;partial=01;start_type=Edge;rbs_motif=None;rbs_spacer=None;gc_cont=0.683
#
# Program:         hmmsearch
# Version:         3.1b2 (February 2015)
# Pipeline mode:   SEARCH
# Query file:      /home/johngn/Microbial-Genomics-Journey-Workshop-2023/Reads_session_3/busco_downloads/lineages/pseudomonadales_odb10/hmms/14115at72274.hmm
# Target file:     /home/johngn/Microbial-Genomics-Journey-Workshop-2023/Reads_session_3/busco_op4/prodigal_output/predicted_genes/predicted.faa
# Option settings: hmmsearch --domtblout /home/johngn/Microbial-Genomics-Journey-Workshop-2023/Reads_session_3/busco_op4/run_pseudomonadales_odb10/hmmer_output/14115at72274.out --cpu 1 /home/johngn/Microbial-Genomics-Journey-Workshop-2023/Reads_session_3/busco_downloads/lineages/pseudomonadales_odb10/hmms/14115at72274.hmm /home/johngn/Microbial-Genomics-Journey-Workshop-2023/Reads_session_3/busco_op4/prodigal_output/predicted_genes/predicted.faa 
# Current dir:     /home/johngn/Microbial-Genomics-Journey-Workshop-2023/Reads_session_3
# Date:            Wed Mar  8 17:01:06 2023
# [ok]
