#                                                                            --- full sequence --- -------------- this domain -------------   hmm coord   ali coord   env coord
# target name        accession   tlen query name           accession   qlen   E-value  score  bias   #  of  c-Evalue  i-Evalue  score  bias  from    to  from    to  from    to  acc description of target
#------------------- ---------- ----- -------------------- ---------- ----- --------- ------ ----- --- --- --------- --------- ------ ----- ----- ----- ----- ----- ----- ----- ---- ---------------------
contig02828_1        -            229 14523at72274         -            362  3.1e-100  334.7   0.9   1   1  1.2e-102  7.7e-100  333.4   0.9   167   362     1   229     1   229 0.90 # 3 # 689 # 1 # ID=2828_1;partial=11;start_type=Edge;rbs_motif=None;rbs_spacer=None;gc_cont=0.643
contig02145_2        -            168 14523at72274         -            362   3.1e-93  311.6   0.9   1   1   9.6e-96   6.2e-93  310.6   0.9     1   154     5   168     5   168 0.94 # 509 # 1012 # 1 # ID=2145_2;partial=01;start_type=ATG;rbs_motif=GGA/GAG/AGG;rbs_spacer=5-10bp;gc_cont=0.619
contig01189_2        -            326 14523at72274         -            362     6e-33  113.3   0.0   1   1   1.6e-35   1.1e-32  112.5   0.0    49   274    54   294    24   306 0.85 # 656 # 1633 # 1 # ID=1189_2;partial=00;start_type=ATG;rbs_motif=GGA/GAG/AGG;rbs_spacer=5-10bp;gc_cont=0.682
contig00145_2        -            324 14523at72274         -            362   1.6e-30  105.3   0.0   1   1   3.9e-33   2.5e-30  104.7   0.0    69   284    78   308    51   322 0.84 # 3242 # 4213 # 1 # ID=145_2;partial=00;start_type=ATG;rbs_motif=AGGA;rbs_spacer=5-10bp;gc_cont=0.704
contig00144_4        -            381 14523at72274         -            362   1.8e-16   59.1   0.0   1   2   1.2e-07   8.1e-05   20.7   0.0    37   105    34   102    29   112 0.91 # 2952 # 4094 # -1 # ID=144_4;partial=00;start_type=ATG;rbs_motif=GGAGG;rbs_spacer=5-10bp;gc_cont=0.729
contig00144_4        -            381 14523at72274         -            362   1.8e-16   59.1   0.0   2   2   7.6e-12   4.9e-09   34.6   0.0   137   273   116   263   105   286 0.79 # 2952 # 4094 # -1 # ID=144_4;partial=00;start_type=ATG;rbs_motif=GGAGG;rbs_spacer=5-10bp;gc_cont=0.729
contig00079_1        -            212 14523at72274         -            362   2.6e-15   55.2   0.0   1   1   4.6e-18     3e-15   55.1   0.0    23   200    27   210    10   212 0.84 # 2 # 637 # -1 # ID=79_1;partial=10;start_type=ATG;rbs_motif=GGAG/GAGG;rbs_spacer=5-10bp;gc_cont=0.698
contig02706_2        -            109 14523at72274         -            362   2.1e-12   45.7   0.0   1   1   3.9e-15   2.5e-12   45.4   0.0   206   277     9    77     4    92 0.90 # 426 # 752 # -1 # ID=2706_2;partial=01;start_type=Edge;rbs_motif=None;rbs_spacer=None;gc_cont=0.722
contig00996_2        -            175 14523at72274         -            362   9.1e-11   40.3   0.0   1   1   1.7e-13   1.1e-10   40.1   0.0    69   167    76   174    55   175 0.92 # 1451 # 1975 # 1 # ID=996_2;partial=01;start_type=ATG;rbs_motif=None;rbs_spacer=None;gc_cont=0.690
contig02201_1        -            274 14523at72274         -            362     7e-10   37.4   0.0   1   1     2e-12   1.3e-09   36.5   0.0   133   247   130   259    80   272 0.74 # 1 # 822 # -1 # ID=2201_1;partial=10;start_type=ATG;rbs_motif=None;rbs_spacer=None;gc_cont=0.680
contig02462_2        -            102 14523at72274         -            362   9.8e-05   20.5   0.0   1   1   1.8e-07   0.00012   20.2   0.0   208   289     1    92     1    97 0.80 # 547 # 852 # -1 # ID=2462_2;partial=01;start_type=Edge;rbs_motif=None;rbs_spacer=None;gc_cont=0.657
contig01480_1        -            447 14523at72274         -            362    0.0045   15.0   0.1   1   2   0.00037      0.24    9.3   0.0   133   181   145   193   137   218 0.83 # 1 # 1341 # 1 # ID=1480_1;partial=10;start_type=Edge;rbs_motif=None;rbs_spacer=None;gc_cont=0.645
contig01480_1        -            447 14523at72274         -            362    0.0045   15.0   0.1   2   2     0.024        16    3.4   0.0   142   170   395   423   380   436 0.86 # 1 # 1341 # 1 # ID=1480_1;partial=10;start_type=Edge;rbs_motif=None;rbs_spacer=None;gc_cont=0.645
contig00337_4        -             52 14523at72274         -            362     0.012   13.6   0.3   1   1     2e-05     0.013   13.5   0.3   140   181     9    50     5    52 0.90 # 3370 # 3525 # 1 # ID=337_4;partial=01;start_type=ATG;rbs_motif=AGGA/GGAG/GAGG;rbs_spacer=11-12bp;gc_cont=0.667
contig01149_2        -            339 14523at72274         -            362     0.017   13.1   0.1   1   1   4.1e-05     0.026   12.5   0.1   135   245    14   131     5   142 0.69 # 436 # 1452 # -1 # ID=1149_2;partial=00;start_type=ATG;rbs_motif=GGA/GAG/AGG;rbs_spacer=5-10bp;gc_cont=0.618
#
# Program:         hmmsearch
# Version:         3.1b2 (February 2015)
# Pipeline mode:   SEARCH
# Query file:      /home/johngn/Microbial-Genomics-Journey-Workshop-2023/Reads_session_3/busco_downloads/lineages/pseudomonadales_odb10/hmms/14523at72274.hmm
# Target file:     /home/johngn/Microbial-Genomics-Journey-Workshop-2023/Reads_session_3/busco_op4/prodigal_output/predicted_genes/predicted.faa
# Option settings: hmmsearch --domtblout /home/johngn/Microbial-Genomics-Journey-Workshop-2023/Reads_session_3/busco_op4/run_pseudomonadales_odb10/hmmer_output/14523at72274.out --cpu 1 /home/johngn/Microbial-Genomics-Journey-Workshop-2023/Reads_session_3/busco_downloads/lineages/pseudomonadales_odb10/hmms/14523at72274.hmm /home/johngn/Microbial-Genomics-Journey-Workshop-2023/Reads_session_3/busco_op4/prodigal_output/predicted_genes/predicted.faa 
# Current dir:     /home/johngn/Microbial-Genomics-Journey-Workshop-2023/Reads_session_3
# Date:            Wed Mar  8 17:01:07 2023
# [ok]
