#                                                                            --- full sequence --- -------------- this domain -------------   hmm coord   ali coord   env coord
# target name        accession   tlen query name           accession   qlen   E-value  score  bias   #  of  c-Evalue  i-Evalue  score  bias  from    to  from    to  from    to  acc description of target
#------------------- ---------- ----- -------------------- ---------- ----- --------- ------ ----- --- --- --------- --------- ------ ----- ----- ----- ----- ----- ----- ----- ---- ---------------------
contig01144_1        -            275 14552at72274         -            324  1.6e-115  384.6   0.0   1   1  6.9e-117  3.1e-114  380.4   0.0    91   323     1   268     1   269 0.90 # 3 # 827 # 1 # ID=1144_1;partial=10;start_type=Edge;rbs_motif=None;rbs_spacer=None;gc_cont=0.676
contig01582_2        -            111 14552at72274         -            324   5.7e-26   90.3   0.0   1   1   2.2e-28   9.6e-26   89.6   0.0     1    82     8   111     8   111 0.89 # 1049 # 1381 # 1 # ID=1582_2;partial=01;start_type=ATG;rbs_motif=None;rbs_spacer=None;gc_cont=0.712
contig01626_2        -            339 14552at72274         -            324   3.5e-25   87.7   0.0   1   1   1.1e-27   4.8e-25   87.3   0.0    15   218    35   253    28   265 0.84 # 338 # 1354 # 1 # ID=1626_2;partial=01;start_type=ATG;rbs_motif=GGA/GAG/AGG;rbs_spacer=11-12bp;gc_cont=0.644
contig02210_1        -            257 14552at72274         -            324   3.9e-22   77.7   0.0   1   1   1.1e-24   4.8e-22   77.4   0.0    15   217    39   257    27   257 0.82 # 208 # 978 # 1 # ID=2210_1;partial=01;start_type=ATG;rbs_motif=GGAG/GAGG;rbs_spacer=5-10bp;gc_cont=0.638
contig01547_1        -            213 14552at72274         -            324   9.6e-20   69.8   0.0   1   1   2.6e-22   1.1e-19   69.6   0.0    14   177    26   206    12   213 0.83 # 3 # 641 # -1 # ID=1547_1;partial=10;start_type=ATG;rbs_motif=AGGA;rbs_spacer=5-10bp;gc_cont=0.667
contig00671_1        -            284 14552at72274         -            324     3e-12   45.2   0.0   1   2   1.3e-14   5.6e-12   44.3   0.0    87   260    27   194     8   207 0.83 # 3 # 854 # 1 # ID=671_1;partial=10;start_type=Edge;rbs_motif=None;rbs_spacer=None;gc_cont=0.701
contig00671_1        -            284 14552at72274         -            324     3e-12   45.2   0.0   2   2         4   1.8e+03   -3.3   0.0    42    65   257   280   252   282 0.75 # 3 # 854 # 1 # ID=671_1;partial=10;start_type=Edge;rbs_motif=None;rbs_spacer=None;gc_cont=0.701
contig01370_1        -            224 14552at72274         -            324     9e-12   43.6   0.0   1   1     1e-13   4.6e-11   41.3   0.0   138   267     2   132     1   214 0.74 # 3 # 674 # 1 # ID=1370_1;partial=10;start_type=Edge;rbs_motif=None;rbs_spacer=None;gc_cont=0.705
contig00448_3        -            391 14552at72274         -            324   9.6e-12   43.6   0.0   1   1   5.7e-12   2.5e-09   35.6   0.0    15   322    35   381    30   383 0.67 # 835 # 2007 # -1 # ID=448_3;partial=00;start_type=ATG;rbs_motif=GGA/GAG/AGG;rbs_spacer=5-10bp;gc_cont=0.683
contig00964_2        -            352 14552at72274         -            324   8.4e-10   37.2   0.0   1   1   3.5e-12   1.5e-09   36.3   0.0    22   257    35   265    19   289 0.74 # 942 # 1997 # 1 # ID=964_2;partial=00;start_type=ATG;rbs_motif=AGGAG;rbs_spacer=5-10bp;gc_cont=0.647
contig00067_5        -            480 14552at72274         -            324   4.6e-09   34.8   0.0   1   1   2.1e-11   9.4e-09   33.7   0.0   124   287   237   413   137   432 0.70 # 3920 # 5359 # -1 # ID=67_5;partial=00;start_type=ATG;rbs_motif=GGAG/GAGG;rbs_spacer=5-10bp;gc_cont=0.665
contig02285_2        -            158 14552at72274         -            324   3.8e-08   31.7   0.0   1   1     1e-10   4.5e-08   31.5   0.0    16   100    36   132    24   157 0.80 # 471 # 944 # 1 # ID=2285_2;partial=01;start_type=ATG;rbs_motif=AGGAG;rbs_spacer=5-10bp;gc_cont=0.707
contig00119_5        -            478 14552at72274         -            324   6.1e-08   31.1   0.0   1   1     2e-10   8.8e-08   30.5   0.0    41   254   145   363   128   382 0.78 # 3440 # 4873 # 1 # ID=119_5;partial=00;start_type=ATG;rbs_motif=GGAG/GAGG;rbs_spacer=5-10bp;gc_cont=0.603
contig00794_2        -            370 14552at72274         -            324   3.1e-07   28.7   0.0   1   1   1.1e-09   4.7e-07   28.2   0.0    31   259    55   283    35   295 0.67 # 1162 # 2271 # 1 # ID=794_2;partial=00;start_type=ATG;rbs_motif=GGAG/GAGG;rbs_spacer=5-10bp;gc_cont=0.670
contig02204_1        -            312 14552at72274         -            324   3.3e-06   25.4   0.0   1   1     1e-08   4.5e-06   24.9   0.0    48   232     1   192     1   247 0.70 # 1 # 936 # 1 # ID=2204_1;partial=10;start_type=Edge;rbs_motif=None;rbs_spacer=None;gc_cont=0.662
contig01399_1        -            297 14552at72274         -            324   8.1e-06   24.1   0.0   1   1   8.2e-08   3.6e-05   21.9   0.0    42   268    54   292    36   295 0.66 # 2 # 892 # -1 # ID=1399_1;partial=10;start_type=ATG;rbs_motif=None;rbs_spacer=None;gc_cont=0.682
contig00129_4        -            475 14552at72274         -            324   3.1e-05   22.2   0.0   1   1   1.8e-07   7.8e-05   20.8   0.0   124   268   234   379   107   409 0.68 # 3215 # 4639 # -1 # ID=129_4;partial=00;start_type=ATG;rbs_motif=GGAG/GAGG;rbs_spacer=5-10bp;gc_cont=0.682
contig01283_1        -            320 14552at72274         -            324   0.00034   18.7   0.0   1   1   1.1e-06   0.00049   18.2   0.0   131   258   117   238   106   252 0.74 # 1 # 960 # -1 # ID=1283_1;partial=10;start_type=TTG;rbs_motif=GGAGG;rbs_spacer=3-4bp;gc_cont=0.741
contig01271_2        -            248 14552at72274         -            324    0.0013   16.9   0.1   1   2       3.7   1.6e+03   -3.2   0.0   288   312    62    88    61    96 0.63 # 905 # 1648 # 1 # ID=1271_2;partial=01;start_type=ATG;rbs_motif=GGAG/GAGG;rbs_spacer=5-10bp;gc_cont=0.684
contig01271_2        -            248 14552at72274         -            324    0.0013   16.9   0.1   2   2   5.4e-06    0.0024   16.0   0.0   120   178   147   205   139   215 0.86 # 905 # 1648 # 1 # ID=1271_2;partial=01;start_type=ATG;rbs_motif=GGAG/GAGG;rbs_spacer=5-10bp;gc_cont=0.684
contig01494_1        -            409 14552at72274         -            324     0.029   12.4   0.0   1   1   9.6e-05     0.043   11.9   0.0    75   168    68   163    39   169 0.73 # 3 # 1229 # 1 # ID=1494_1;partial=10;start_type=Edge;rbs_motif=None;rbs_spacer=None;gc_cont=0.687
#
# Program:         hmmsearch
# Version:         3.1b2 (February 2015)
# Pipeline mode:   SEARCH
# Query file:      /home/johngn/Microbial-Genomics-Journey-Workshop-2023/Reads_session_3/busco_downloads/lineages/pseudomonadales_odb10/hmms/14552at72274.hmm
# Target file:     /home/johngn/Microbial-Genomics-Journey-Workshop-2023/Reads_session_3/busco_op4/prodigal_output/predicted_genes/predicted.faa
# Option settings: hmmsearch --domtblout /home/johngn/Microbial-Genomics-Journey-Workshop-2023/Reads_session_3/busco_op4/run_pseudomonadales_odb10/hmmer_output/14552at72274.out --cpu 1 /home/johngn/Microbial-Genomics-Journey-Workshop-2023/Reads_session_3/busco_downloads/lineages/pseudomonadales_odb10/hmms/14552at72274.hmm /home/johngn/Microbial-Genomics-Journey-Workshop-2023/Reads_session_3/busco_op4/prodigal_output/predicted_genes/predicted.faa 
# Current dir:     /home/johngn/Microbial-Genomics-Journey-Workshop-2023/Reads_session_3
# Date:            Wed Mar  8 17:01:07 2023
# [ok]
