#                                                                            --- full sequence --- -------------- this domain -------------   hmm coord   ali coord   env coord
# target name        accession   tlen query name           accession   qlen   E-value  score  bias   #  of  c-Evalue  i-Evalue  score  bias  from    to  from    to  from    to  acc description of target
#------------------- ---------- ----- -------------------- ---------- ----- --------- ------ ----- --- --- --------- --------- ------ ----- ----- ----- ----- ----- ----- ----- ---- ---------------------
contig00332_1        -            405 14812at72274         -            333  1.9e-152  506.3   5.5   1   2   7.3e-06    0.0056   15.0   0.0     1    39     1    51     1    63 0.75 # 48 # 1262 # -1 # ID=332_1;partial=00;start_type=TTG;rbs_motif=GGAG/GAGG;rbs_spacer=5-10bp;gc_cont=0.663
contig00332_1        -            405 14812at72274         -            333  1.9e-152  506.3   5.5   2   2  4.8e-151  3.7e-148  492.2   2.7    40   332    88   400    55   401 0.93 # 48 # 1262 # -1 # ID=332_1;partial=00;start_type=TTG;rbs_motif=GGAG/GAGG;rbs_spacer=5-10bp;gc_cont=0.663
contig00094_3        -            201 14812at72274         -            333   5.3e-18   64.3   0.0   1   1   9.8e-21   7.5e-18   63.9   0.0   126   301     5   169     1   175 0.85 # 2221 # 2823 # -1 # ID=94_3;partial=00;start_type=GTG;rbs_motif=GGA/GAG/AGG;rbs_spacer=5-10bp;gc_cont=0.643
contig03069_1        -            198 14812at72274         -            333   2.6e-09   35.8   0.0   1   1   4.2e-12   3.2e-09   35.5   0.0   174   312    53   191    34   193 0.89 # 1 # 594 # 1 # ID=3069_1;partial=11;start_type=Edge;rbs_motif=None;rbs_spacer=None;gc_cont=0.684
contig00221_1        -            769 14812at72274         -            333   1.4e-08   33.4   0.1   1   2   7.9e-06     0.006   14.9   0.0   194   235   583   624   566   628 0.91 # 3 # 2309 # 1 # ID=221_1;partial=10;start_type=Edge;rbs_motif=None;rbs_spacer=None;gc_cont=0.704
contig00221_1        -            769 14812at72274         -            333   1.4e-08   33.4   0.1   2   2   2.9e-06    0.0022   16.3   0.2   278   324   647   694   633   703 0.84 # 3 # 2309 # 1 # ID=221_1;partial=10;start_type=Edge;rbs_motif=None;rbs_spacer=None;gc_cont=0.704
contig01536_3        -            180 14812at72274         -            333     2e-07   29.6   0.1   1   2      0.36   2.8e+02   -0.5   0.0   122   135    16    29     7    33 0.80 # 807 # 1346 # -1 # ID=1536_3;partial=00;start_type=ATG;rbs_motif=AGGAG;rbs_spacer=5-10bp;gc_cont=0.667
contig01536_3        -            180 14812at72274         -            333     2e-07   29.6   0.1   2   2   7.2e-08   5.5e-05   21.6   0.0   260   321    92   154    44   157 0.90 # 807 # 1346 # -1 # ID=1536_3;partial=00;start_type=ATG;rbs_motif=AGGAG;rbs_spacer=5-10bp;gc_cont=0.667
contig00160_1        -            502 14812at72274         -            333   9.5e-07   27.4   4.4   1   2   2.9e-06    0.0023   16.3   0.0   194   245   326   377   314   387 0.90 # 1 # 1506 # 1 # ID=160_1;partial=10;start_type=Edge;rbs_motif=None;rbs_spacer=None;gc_cont=0.724
contig00160_1        -            502 14812at72274         -            333   9.5e-07   27.4   4.4   2   2   0.00021      0.16   10.2   3.3   279   301   391   413   377   425 0.84 # 1 # 1506 # 1 # ID=160_1;partial=10;start_type=Edge;rbs_motif=None;rbs_spacer=None;gc_cont=0.724
contig00130_3        -            217 14812at72274         -            333   1.4e-06   26.8   0.1   1   1   6.8e-09   5.2e-06   24.9   0.1   186   295    80   189     1   194 0.72 # 2109 # 2759 # -1 # ID=130_3;partial=00;start_type=ATG;rbs_motif=GGAG/GAGG;rbs_spacer=5-10bp;gc_cont=0.647
contig00040_5        -            218 14812at72274         -            333   2.5e-06   26.0   0.0   1   2       0.1        78    1.4   0.0   125   137     3    15     1    24 0.89 # 5109 # 5762 # 1 # ID=40_5;partial=00;start_type=ATG;rbs_motif=AGGA;rbs_spacer=5-10bp;gc_cont=0.713
contig00040_5        -            218 14812at72274         -            333   2.5e-06   26.0   0.0   2   2   3.1e-08   2.4e-05   22.8   0.0   184   295    79   190    45   202 0.84 # 5109 # 5762 # 1 # ID=40_5;partial=00;start_type=ATG;rbs_motif=AGGA;rbs_spacer=5-10bp;gc_cont=0.713
contig00595_3        -            363 14812at72274         -            333   8.1e-06   24.3   3.2   1   3       1.8   1.4e+03   -2.7   0.0   320   330   131   141   128   142 0.86 # 1598 # 2686 # -1 # ID=595_3;partial=01;start_type=Edge;rbs_motif=None;rbs_spacer=None;gc_cont=0.693
contig00595_3        -            363 14812at72274         -            333   8.1e-06   24.3   3.2   2   3   4.9e-05     0.038   12.2   0.0   197   241   189   233   166   239 0.88 # 1598 # 2686 # -1 # ID=595_3;partial=01;start_type=Edge;rbs_motif=None;rbs_spacer=None;gc_cont=0.693
contig00595_3        -            363 14812at72274         -            333   8.1e-06   24.3   3.2   3   3   9.8e-05     0.075   11.3   1.2   279   303   251   275   236   288 0.84 # 1598 # 2686 # -1 # ID=595_3;partial=01;start_type=Edge;rbs_motif=None;rbs_spacer=None;gc_cont=0.693
contig02220_1        -            325 14812at72274         -            333    0.0011   17.3   0.1   1   2   2.7e-06     0.002   16.4   0.0   193   239   249   295   233   301 0.88 # 1 # 975 # 1 # ID=2220_1;partial=11;start_type=Edge;rbs_motif=None;rbs_spacer=None;gc_cont=0.691
contig02220_1        -            325 14812at72274         -            333    0.0011   17.3   0.1   2   2       3.3   2.5e+03   -3.6   0.1   281   288   317   324   313   324 0.80 # 1 # 975 # 1 # ID=2220_1;partial=11;start_type=Edge;rbs_motif=None;rbs_spacer=None;gc_cont=0.691
contig03147_1        -            190 14812at72274         -            333      0.01   14.1   0.4   1   1   1.7e-05     0.013   13.8   0.4   277   305    29    57     6    71 0.77 # 3 # 572 # 1 # ID=3147_1;partial=11;start_type=Edge;rbs_motif=None;rbs_spacer=None;gc_cont=0.686
#
# Program:         hmmsearch
# Version:         3.1b2 (February 2015)
# Pipeline mode:   SEARCH
# Query file:      /home/johngn/Microbial-Genomics-Journey-Workshop-2023/Reads_session_3/busco_downloads/lineages/pseudomonadales_odb10/hmms/14812at72274.hmm
# Target file:     /home/johngn/Microbial-Genomics-Journey-Workshop-2023/Reads_session_3/busco_op4/prodigal_output/predicted_genes/predicted.faa
# Option settings: hmmsearch --domtblout /home/johngn/Microbial-Genomics-Journey-Workshop-2023/Reads_session_3/busco_op4/run_pseudomonadales_odb10/hmmer_output/14812at72274.out --cpu 1 /home/johngn/Microbial-Genomics-Journey-Workshop-2023/Reads_session_3/busco_downloads/lineages/pseudomonadales_odb10/hmms/14812at72274.hmm /home/johngn/Microbial-Genomics-Journey-Workshop-2023/Reads_session_3/busco_op4/prodigal_output/predicted_genes/predicted.faa 
# Current dir:     /home/johngn/Microbial-Genomics-Journey-Workshop-2023/Reads_session_3
# Date:            Wed Mar  8 17:01:07 2023
# [ok]
