#                                                                            --- full sequence --- -------------- this domain -------------   hmm coord   ali coord   env coord
# target name        accession   tlen query name           accession   qlen   E-value  score  bias   #  of  c-Evalue  i-Evalue  score  bias  from    to  from    to  from    to  acc description of target
#------------------- ---------- ----- -------------------- ---------- ----- --------- ------ ----- --- --- --------- --------- ------ ----- ----- ----- ----- ----- ----- ----- ---- ---------------------
contig00756_1        -            266 16276at72274         -            360  8.6e-104  346.4   0.0   1   1  6.1e-107    1e-103  346.2   0.0     1   198    28   244    28   252 0.93 # 2 # 799 # -1 # ID=756_1;partial=10;start_type=ATG;rbs_motif=GGA/GAG/AGG;rbs_spacer=11-12bp;gc_cont=0.674
contig03025_1        -            178 16276at72274         -            360   7.9e-51  172.2   0.0   1   1   5.6e-54   9.5e-51  171.9   0.0   215   360     8   166     5   166 0.92 # 3 # 536 # 1 # ID=3025_1;partial=10;start_type=Edge;rbs_motif=None;rbs_spacer=None;gc_cont=0.672
contig02767_1        -            240 16276at72274         -            360   3.3e-06   25.4   0.0   1   1     2e-08   3.3e-05   22.1   0.0    60   198     8   156     2   162 0.70 # 3 # 722 # -1 # ID=2767_1;partial=11;start_type=Edge;rbs_motif=None;rbs_spacer=None;gc_cont=0.690
contig00634_1        -            648 16276at72274         -            360   0.00035   18.7   0.0   1   1   3.1e-07   0.00052   18.2   0.0     8    92     2    96     1   135 0.71 # 2 # 1945 # -1 # ID=634_1;partial=10;start_type=GTG;rbs_motif=AGGAG;rbs_spacer=5-10bp;gc_cont=0.740
contig02016_1        -            359 16276at72274         -            360    0.0034   15.5   0.0   1   3      0.19   3.2e+02   -0.9   0.0   282   308    85   111    64   119 0.77 # 3 # 1079 # 1 # ID=2016_1;partial=11;start_type=Edge;rbs_motif=None;rbs_spacer=None;gc_cont=0.670
contig02016_1        -            359 16276at72274         -            360    0.0034   15.5   0.0   2   3   0.00021      0.36    8.8   0.0   127   183   120   176   110   189 0.80 # 3 # 1079 # 1 # ID=2016_1;partial=11;start_type=Edge;rbs_motif=None;rbs_spacer=None;gc_cont=0.670
contig02016_1        -            359 16276at72274         -            360    0.0034   15.5   0.0   3   3      0.01        17    3.3   0.0   217   324   233   342   207   358 0.73 # 3 # 1079 # 1 # ID=2016_1;partial=11;start_type=Edge;rbs_motif=None;rbs_spacer=None;gc_cont=0.670
#
# Program:         hmmsearch
# Version:         3.1b2 (February 2015)
# Pipeline mode:   SEARCH
# Query file:      /home/johngn/Microbial-Genomics-Journey-Workshop-2023/Reads_session_3/busco_downloads/lineages/pseudomonadales_odb10/hmms/16276at72274.hmm
# Target file:     /home/johngn/Microbial-Genomics-Journey-Workshop-2023/Reads_session_3/busco_op4/prodigal_output/predicted_genes/predicted.faa
# Option settings: hmmsearch --domtblout /home/johngn/Microbial-Genomics-Journey-Workshop-2023/Reads_session_3/busco_op4/run_pseudomonadales_odb10/hmmer_output/16276at72274.out --cpu 1 /home/johngn/Microbial-Genomics-Journey-Workshop-2023/Reads_session_3/busco_downloads/lineages/pseudomonadales_odb10/hmms/16276at72274.hmm /home/johngn/Microbial-Genomics-Journey-Workshop-2023/Reads_session_3/busco_op4/prodigal_output/predicted_genes/predicted.faa 
# Current dir:     /home/johngn/Microbial-Genomics-Journey-Workshop-2023/Reads_session_3
# Date:            Wed Mar  8 17:01:08 2023
# [ok]
