#                                                                            --- full sequence --- -------------- this domain -------------   hmm coord   ali coord   env coord
# target name        accession   tlen query name           accession   qlen   E-value  score  bias   #  of  c-Evalue  i-Evalue  score  bias  from    to  from    to  from    to  acc description of target
#------------------- ---------- ----- -------------------- ---------- ----- --------- ------ ----- --- --- --------- --------- ------ ----- ----- ----- ----- ----- ----- ----- ---- ---------------------
contig00507_3        -            251 16462at72274         -            329  3.3e-123  409.6   0.1   1   2   9.3e-10   6.6e-07   27.3   0.0   120   152     1    35     1    49 0.86 # 2170 # 2922 # -1 # ID=507_3;partial=01;start_type=Edge;rbs_motif=None;rbs_spacer=None;gc_cont=0.668
contig00507_3        -            251 16462at72274         -            329  3.3e-123  409.6   0.1   2   2  3.3e-117  2.3e-114  380.5   0.1   150   328    63   243    59   244 0.98 # 2170 # 2922 # -1 # ID=507_3;partial=01;start_type=Edge;rbs_motif=None;rbs_spacer=None;gc_cont=0.668
contig01085_3        -            110 16462at72274         -            329   8.9e-55  184.6   0.0   1   1   1.4e-57   9.9e-55  184.5   0.0     1   101     3   110     3   110 0.95 # 1538 # 1867 # 1 # ID=1085_3;partial=01;start_type=TTG;rbs_motif=GGAGG;rbs_spacer=5-10bp;gc_cont=0.624
contig00011_18       -            124 16462at72274         -            329     7e-11   40.3   0.0   1   1   1.2e-13   8.3e-11   40.1   0.0   161   258    12   109     4   119 0.85 # 14355 # 14726 # 1 # ID=11_18;partial=01;start_type=ATG;rbs_motif=AGGA/GGAG/GAGG;rbs_spacer=11-12bp;gc_cont=0.653
contig00206_2        -            201 16462at72274         -            329   4.1e-08   31.3   0.0   1   1   7.3e-11   5.1e-08   30.9   0.0   162   251    14   106     8   136 0.80 # 1599 # 2201 # 1 # ID=206_2;partial=00;start_type=ATG;rbs_motif=GGAG/GAGG;rbs_spacer=5-10bp;gc_cont=0.677
contig00802_1        -            526 16462at72274         -            329   3.2e-07   28.3   0.0   1   1   7.9e-10   5.5e-07   27.5   0.0   151   241     8    99     3   110 0.88 # 142 # 1719 # -1 # ID=802_1;partial=00;start_type=ATG;rbs_motif=GGA/GAG/AGG;rbs_spacer=5-10bp;gc_cont=0.663
contig00298_3        -            233 16462at72274         -            329   0.00028   18.6   0.0   1   1   6.7e-07   0.00047   17.9   0.0   167   244    21   103    16   178 0.80 # 2851 # 3549 # 1 # ID=298_3;partial=00;start_type=ATG;rbs_motif=AGGAG;rbs_spacer=5-10bp;gc_cont=0.678
contig00070_5        -            241 16462at72274         -            329   0.00096   16.9   0.0   1   1   2.9e-06    0.0021   15.8   0.0   222   312    92   187    56   194 0.66 # 1942 # 2664 # -1 # ID=70_5;partial=00;start_type=ATG;rbs_motif=GGA/GAG/AGG;rbs_spacer=5-10bp;gc_cont=0.650
contig02552_1        -            271 16462at72274         -            329    0.0039   14.9   0.0   1   2      0.88   6.2e+02   -2.2   0.0    59    75    30    46    23    50 0.83 # 1 # 813 # 1 # ID=2552_1;partial=11;start_type=Edge;rbs_motif=None;rbs_spacer=None;gc_cont=0.708
contig02552_1        -            271 16462at72274         -            329    0.0039   14.9   0.0   2   2   1.3e-05    0.0092   13.7   0.0   193   252   136   200    94   221 0.76 # 1 # 813 # 1 # ID=2552_1;partial=11;start_type=Edge;rbs_motif=None;rbs_spacer=None;gc_cont=0.708
contig01169_2        -            239 16462at72274         -            329     0.018   12.7   0.0   1   1   3.8e-05     0.027   12.1   0.0   214   241    73   100    61   110 0.90 # 494 # 1210 # -1 # ID=1169_2;partial=00;start_type=ATG;rbs_motif=AGGAG;rbs_spacer=5-10bp;gc_cont=0.690
contig00008_5        -            205 16462at72274         -            329     0.039   11.6   0.0   1   1   6.6e-05     0.046   11.4   0.0   212   238    63    90     6   145 0.89 # 3691 # 4305 # -1 # ID=8_5;partial=00;start_type=ATG;rbs_motif=GGA/GAG/AGG;rbs_spacer=5-10bp;gc_cont=0.454
contig01270_3        -            101 16462at72274         -            329     0.068   10.8   0.0   1   1   0.00011     0.077   10.6   0.0   262   329    19    91     9    91 0.74 # 1352 # 1654 # -1 # ID=1270_3;partial=01;start_type=Edge;rbs_motif=None;rbs_spacer=None;gc_cont=0.640
contig00535_2        -            251 16462at72274         -            329     0.069   10.8   0.0   1   1   0.00018      0.13    9.9   0.0   213   241    98   126    81   141 0.83 # 413 # 1165 # 1 # ID=535_2;partial=00;start_type=ATG;rbs_motif=None;rbs_spacer=None;gc_cont=0.640
#
# Program:         hmmsearch
# Version:         3.1b2 (February 2015)
# Pipeline mode:   SEARCH
# Query file:      /home/johngn/Microbial-Genomics-Journey-Workshop-2023/Reads_session_3/busco_downloads/lineages/pseudomonadales_odb10/hmms/16462at72274.hmm
# Target file:     /home/johngn/Microbial-Genomics-Journey-Workshop-2023/Reads_session_3/busco_op4/prodigal_output/predicted_genes/predicted.faa
# Option settings: hmmsearch --domtblout /home/johngn/Microbial-Genomics-Journey-Workshop-2023/Reads_session_3/busco_op4/run_pseudomonadales_odb10/hmmer_output/16462at72274.out --cpu 1 /home/johngn/Microbial-Genomics-Journey-Workshop-2023/Reads_session_3/busco_downloads/lineages/pseudomonadales_odb10/hmms/16462at72274.hmm /home/johngn/Microbial-Genomics-Journey-Workshop-2023/Reads_session_3/busco_op4/prodigal_output/predicted_genes/predicted.faa 
# Current dir:     /home/johngn/Microbial-Genomics-Journey-Workshop-2023/Reads_session_3
# Date:            Wed Mar  8 17:01:08 2023
# [ok]
