#                                                                            --- full sequence --- -------------- this domain -------------   hmm coord   ali coord   env coord
# target name        accession   tlen query name           accession   qlen   E-value  score  bias   #  of  c-Evalue  i-Evalue  score  bias  from    to  from    to  from    to  acc description of target
#------------------- ---------- ----- -------------------- ---------- ----- --------- ------ ----- --- --- --------- --------- ------ ----- ----- ----- ----- ----- ----- ----- ---- ---------------------
contig00245_1        -            630 16907at72274         -            327  1.1e-109  365.3   9.1   1   4         1   2.1e+03   -3.6   0.1    11    19    67    75    56    83 0.71 # 1 # 1890 # 1 # ID=245_1;partial=10;start_type=Edge;rbs_motif=None;rbs_spacer=None;gc_cont=0.713
contig00245_1        -            630 16907at72274         -            327  1.1e-109  365.3   9.1   2   4   1.3e-60   2.8e-57  193.2   3.9    11   162   104   286    95   294 0.85 # 1 # 1890 # 1 # ID=245_1;partial=10;start_type=Edge;rbs_motif=None;rbs_spacer=None;gc_cont=0.713
contig00245_1        -            630 16907at72274         -            327  1.1e-109  365.3   9.1   3   4   3.9e-05     0.082   10.9   0.0   158   182   326   350   320   360 0.86 # 1 # 1890 # 1 # ID=245_1;partial=10;start_type=Edge;rbs_motif=None;rbs_spacer=None;gc_cont=0.713
contig00245_1        -            630 16907at72274         -            327  1.1e-109  365.3   9.1   4   4   4.6e-50   9.6e-47  158.5   0.0   185   326   425   608   421   609 0.86 # 1 # 1890 # 1 # ID=245_1;partial=10;start_type=Edge;rbs_motif=None;rbs_spacer=None;gc_cont=0.713
contig00013_10       -            619 16907at72274         -            327   0.00017   19.7   0.0   1   1   1.3e-07   0.00027   19.0   0.0    36   119   261   349   233   386 0.71 # 11479 # 13335 # -1 # ID=13_10;partial=00;start_type=GTG;rbs_motif=GGA/GAG/AGG;rbs_spacer=5-10bp;gc_cont=0.628
contig02766_2        -            153 16907at72274         -            327    0.0033   15.4   0.0   1   1   2.3e-06    0.0049   14.9   0.0   257   316    30   100     5   104 0.68 # 265 # 723 # -1 # ID=2766_2;partial=01;start_type=Edge;rbs_motif=None;rbs_spacer=None;gc_cont=0.649
contig03142_1        -            182 16907at72274         -            327     0.028   12.4   0.1   1   2   0.00041      0.86    7.5   0.0    40    59    28    48     5    54 0.61 # 2 # 547 # -1 # ID=3142_1;partial=10;start_type=ATG;rbs_motif=AGGA/GGAG/GAGG;rbs_spacer=11-12bp;gc_cont=0.553
contig03142_1        -            182 16907at72274         -            327     0.028   12.4   0.1   2   2     0.011        22    2.9   0.1   102   145   133   179   110   181 0.78 # 2 # 547 # -1 # ID=3142_1;partial=10;start_type=ATG;rbs_motif=AGGA/GGAG/GAGG;rbs_spacer=11-12bp;gc_cont=0.553
#
# Program:         hmmsearch
# Version:         3.1b2 (February 2015)
# Pipeline mode:   SEARCH
# Query file:      /home/johngn/Microbial-Genomics-Journey-Workshop-2023/Reads_session_3/busco_downloads/lineages/pseudomonadales_odb10/hmms/16907at72274.hmm
# Target file:     /home/johngn/Microbial-Genomics-Journey-Workshop-2023/Reads_session_3/busco_op4/prodigal_output/predicted_genes/predicted.faa
# Option settings: hmmsearch --domtblout /home/johngn/Microbial-Genomics-Journey-Workshop-2023/Reads_session_3/busco_op4/run_pseudomonadales_odb10/hmmer_output/16907at72274.out --cpu 1 /home/johngn/Microbial-Genomics-Journey-Workshop-2023/Reads_session_3/busco_downloads/lineages/pseudomonadales_odb10/hmms/16907at72274.hmm /home/johngn/Microbial-Genomics-Journey-Workshop-2023/Reads_session_3/busco_op4/prodigal_output/predicted_genes/predicted.faa 
# Current dir:     /home/johngn/Microbial-Genomics-Journey-Workshop-2023/Reads_session_3
# Date:            Wed Mar  8 17:01:09 2023
# [ok]
