#                                                                            --- full sequence --- -------------- this domain -------------   hmm coord   ali coord   env coord
# target name        accession   tlen query name           accession   qlen   E-value  score  bias   #  of  c-Evalue  i-Evalue  score  bias  from    to  from    to  from    to  acc description of target
#------------------- ---------- ----- -------------------- ---------- ----- --------- ------ ----- --- --- --------- --------- ------ ----- ----- ----- ----- ----- ----- ----- ---- ---------------------
contig00136_1        -            357 17132at72274         -            361  2.8e-157  522.1   3.1   1   1  2.7e-159  2.9e-156  518.8   3.1    61   353     1   330     1   341 0.91 # 1 # 1071 # 1 # ID=136_1;partial=10;start_type=Edge;rbs_motif=None;rbs_spacer=None;gc_cont=0.671
contig01324_1        -             48 17132at72274         -            361   4.4e-07   28.0   0.0   1   1   4.6e-10   4.8e-07   27.8   0.0    18    48    12    48     6    48 0.88 # 3 # 146 # -1 # ID=1324_1;partial=10;start_type=GTG;rbs_motif=GGA/GAG/AGG;rbs_spacer=5-10bp;gc_cont=0.653
contig00142_1        -            189 17132at72274         -            361   9.7e-06   23.5   0.0   1   1   1.3e-08   1.4e-05   23.0   0.0   180   232     6    58     3   164 0.85 # 2 # 568 # -1 # ID=142_1;partial=10;start_type=ATG;rbs_motif=GGAG/GAGG;rbs_spacer=5-10bp;gc_cont=0.635
contig02441_1        -             29 17132at72274         -            361   1.1e-05   23.3   0.0   1   1   1.1e-08   1.1e-05   23.3   0.0   176   199     2    25     1    28 0.94 # 3 # 89 # -1 # ID=2441_1;partial=10;start_type=ATG;rbs_motif=GGAG/GAGG;rbs_spacer=5-10bp;gc_cont=0.621
contig00656_1        -            407 17132at72274         -            361   8.5e-05   20.4   0.0   1   1   1.2e-07   0.00013   19.8   0.0   177   270   160   252   152   305 0.79 # 127 # 1347 # -1 # ID=656_1;partial=00;start_type=ATG;rbs_motif=GGAGG;rbs_spacer=5-10bp;gc_cont=0.653
contig01645_3        -            129 17132at72274         -            361   0.00084   17.2   0.0   1   1   9.8e-07     0.001   16.9   0.0   178   288    16   126     7   128 0.87 # 949 # 1335 # 1 # ID=1645_3;partial=01;start_type=ATG;rbs_motif=GGAG/GAGG;rbs_spacer=5-10bp;gc_cont=0.651
contig02075_2        -            285 17132at72274         -            361     0.014   13.1   0.0   1   1     2e-05     0.021   12.6   0.0   174   234   214   274   186   282 0.70 # 202 # 1056 # 1 # ID=2075_2;partial=01;start_type=ATG;rbs_motif=GGAG/GAGG;rbs_spacer=5-10bp;gc_cont=0.643
contig00375_1        -             81 17132at72274         -            361     0.025   12.3   0.0   1   1   3.1e-05     0.032   12.0   0.0   178   199     5    26     2    39 0.89 # 2 # 244 # -1 # ID=375_1;partial=10;start_type=ATG;rbs_motif=GGA/GAG/AGG;rbs_spacer=5-10bp;gc_cont=0.679
#
# Program:         hmmsearch
# Version:         3.1b2 (February 2015)
# Pipeline mode:   SEARCH
# Query file:      /home/johngn/Microbial-Genomics-Journey-Workshop-2023/Reads_session_3/busco_downloads/lineages/pseudomonadales_odb10/hmms/17132at72274.hmm
# Target file:     /home/johngn/Microbial-Genomics-Journey-Workshop-2023/Reads_session_3/busco_op4/prodigal_output/predicted_genes/predicted.faa
# Option settings: hmmsearch --domtblout /home/johngn/Microbial-Genomics-Journey-Workshop-2023/Reads_session_3/busco_op4/run_pseudomonadales_odb10/hmmer_output/17132at72274.out --cpu 1 /home/johngn/Microbial-Genomics-Journey-Workshop-2023/Reads_session_3/busco_downloads/lineages/pseudomonadales_odb10/hmms/17132at72274.hmm /home/johngn/Microbial-Genomics-Journey-Workshop-2023/Reads_session_3/busco_op4/prodigal_output/predicted_genes/predicted.faa 
# Current dir:     /home/johngn/Microbial-Genomics-Journey-Workshop-2023/Reads_session_3
# Date:            Wed Mar  8 17:01:09 2023
# [ok]
