#                                                                            --- full sequence --- -------------- this domain -------------   hmm coord   ali coord   env coord
# target name        accession   tlen query name           accession   qlen   E-value  score  bias   #  of  c-Evalue  i-Evalue  score  bias  from    to  from    to  from    to  acc description of target
#------------------- ---------- ----- -------------------- ---------- ----- --------- ------ ----- --- --- --------- --------- ------ ----- ----- ----- ----- ----- ----- ----- ---- ---------------------
contig01268_1        -            287 17346at72274         -            326   4.3e-82  274.9   4.1   1   3   1.7e-71   6.9e-69  231.5   0.2   147   291    21   174    15   183 0.90 # 1 # 861 # 1 # ID=1268_1;partial=10;start_type=Edge;rbs_motif=None;rbs_spacer=None;gc_cont=0.681
contig01268_1        -            287 17346at72274         -            326   4.3e-82  274.9   4.1   2   3   0.00023     0.094   10.9   0.2   280   301   184   205   166   209 0.74 # 1 # 861 # 1 # ID=1268_1;partial=10;start_type=Edge;rbs_motif=None;rbs_spacer=None;gc_cont=0.681
contig01268_1        -            287 17346at72274         -            326   4.3e-82  274.9   4.1   3   3   3.5e-11   1.4e-08   33.3   0.0   294   326   221   253   217   253 0.91 # 1 # 861 # 1 # ID=1268_1;partial=10;start_type=Edge;rbs_motif=None;rbs_spacer=None;gc_cont=0.681
contig01229_2        -            170 17346at72274         -            326   6.8e-68  228.2   0.0   1   1     2e-70   8.2e-68  228.0   0.0     1   141     9   163     9   168 0.93 # 1184 # 1693 # 1 # ID=1229_2;partial=01;start_type=ATG;rbs_motif=AGGAG;rbs_spacer=5-10bp;gc_cont=0.629
contig00276_2        -            461 17346at72274         -            326   6.8e-53  178.9   0.0   1   2   2.5e-22   9.9e-20   70.0   0.0    20   141    40   171    30   187 0.89 # 706 # 2088 # -1 # ID=276_2;partial=00;start_type=ATG;rbs_motif=AGGAG;rbs_spacer=5-10bp;gc_cont=0.682
contig00276_2        -            461 17346at72274         -            326   6.8e-53  178.9   0.0   2   2   1.4e-33   5.6e-31  106.9   0.0   150   280   213   348   197   357 0.89 # 706 # 2088 # -1 # ID=276_2;partial=00;start_type=ATG;rbs_motif=AGGAG;rbs_spacer=5-10bp;gc_cont=0.682
contig00226_1        -            376 17346at72274         -            326   2.8e-49  167.1   0.0   1   3   2.5e-16     1e-13   50.2   0.0    68   141    12    89     7    96 0.91 # 3 # 1130 # 1 # ID=226_1;partial=10;start_type=Edge;rbs_motif=None;rbs_spacer=None;gc_cont=0.649
contig00226_1        -            376 17346at72274         -            326   2.8e-49  167.1   0.0   2   3   5.3e-33   2.1e-30  105.0   0.0   134   282   116   268   102   275 0.86 # 3 # 1130 # 1 # ID=226_1;partial=10;start_type=Edge;rbs_motif=None;rbs_spacer=None;gc_cont=0.649
contig00226_1        -            376 17346at72274         -            326   2.8e-49  167.1   0.0   3   3    0.0019      0.76    7.9   0.0   269   326   300   356   288   356 0.83 # 3 # 1130 # 1 # ID=226_1;partial=10;start_type=Edge;rbs_motif=None;rbs_spacer=None;gc_cont=0.649
contig00103_4        -            427 17346at72274         -            326   1.9e-45  154.5   0.0   1   2   2.8e-15   1.1e-12   46.8   0.0    16   143    25   155    11   160 0.85 # 3558 # 4838 # -1 # ID=103_4;partial=00;start_type=ATG;rbs_motif=GGAG/GAGG;rbs_spacer=5-10bp;gc_cont=0.676
contig00103_4        -            427 17346at72274         -            326   1.9e-45  154.5   0.0   2   2   5.5e-33   2.2e-30  105.0   0.0   148   312   187   356   164   374 0.81 # 3558 # 4838 # -1 # ID=103_4;partial=00;start_type=ATG;rbs_motif=GGAG/GAGG;rbs_spacer=5-10bp;gc_cont=0.676
contig00835_1        -            318 17346at72274         -            326   1.9e-36  124.9   0.0   1   1   1.1e-38   4.6e-36  123.6   0.0    89   280    10   218     1   227 0.85 # 1 # 954 # 1 # ID=835_1;partial=10;start_type=Edge;rbs_motif=None;rbs_spacer=None;gc_cont=0.674
contig02284_1        -            261 17346at72274         -            326   2.4e-33  114.7   0.1   1   3   2.4e-34   9.8e-32  109.4   0.0   147   281    19   162     4   170 0.85 # 3 # 785 # 1 # ID=2284_1;partial=10;start_type=Edge;rbs_motif=None;rbs_spacer=None;gc_cont=0.679
contig02284_1        -            261 17346at72274         -            326   2.4e-33  114.7   0.1   2   3      0.68   2.7e+02   -0.5   0.0   274   298   176   200   173   204 0.85 # 3 # 785 # 1 # ID=2284_1;partial=10;start_type=Edge;rbs_motif=None;rbs_spacer=None;gc_cont=0.679
contig02284_1        -            261 17346at72274         -            326   2.4e-33  114.7   0.1   3   3      0.17        67    1.5   0.0   299   325   219   245   211   246 0.87 # 3 # 785 # 1 # ID=2284_1;partial=10;start_type=Edge;rbs_motif=None;rbs_spacer=None;gc_cont=0.679
contig02225_2        -            272 17346at72274         -            326   8.8e-30  103.0   0.1   1   2   1.7e-31   6.8e-29  100.1   0.2   155   282    38   175    24   180 0.85 # 158 # 973 # -1 # ID=2225_2;partial=01;start_type=Edge;rbs_motif=None;rbs_spacer=None;gc_cont=0.680
contig02225_2        -            272 17346at72274         -            326   8.8e-30  103.0   0.1   2   2       0.4   1.6e+02    0.3   0.0   280   308   194   223   188   231 0.83 # 158 # 973 # -1 # ID=2225_2;partial=01;start_type=Edge;rbs_motif=None;rbs_spacer=None;gc_cont=0.680
contig01040_2        -            436 17346at72274         -            326   7.5e-29   99.9   0.0   1   2     6e-05     0.024   12.8   0.0    19   137    52   177    45   192 0.76 # 611 # 1918 # 1 # ID=1040_2;partial=01;start_type=ATG;rbs_motif=GGAG/GAGG;rbs_spacer=5-10bp;gc_cont=0.696
contig01040_2        -            436 17346at72274         -            326   7.5e-29   99.9   0.0   2   2   6.4e-27   2.5e-24   85.0   0.0   161   282   238   358   212   371 0.88 # 611 # 1918 # 1 # ID=1040_2;partial=01;start_type=ATG;rbs_motif=GGAG/GAGG;rbs_spacer=5-10bp;gc_cont=0.696
contig03249_1        -            178 17346at72274         -            326   1.2e-27   96.0   0.0   1   1   3.5e-30   1.4e-27   95.7   0.0   151   280    36   173    26   178 0.89 # 2 # 535 # -1 # ID=3249_1;partial=11;start_type=Edge;rbs_motif=None;rbs_spacer=None;gc_cont=0.676
contig00022_2        -            418 17346at72274         -            326   9.9e-22   76.5   0.0   1   3   6.2e-06    0.0025   16.1   0.0    20   139    25   151    16   161 0.71 # 685 # 1938 # 1 # ID=22_2;partial=00;start_type=ATG;rbs_motif=GGAG/GAGG;rbs_spacer=5-10bp;gc_cont=0.659
contig00022_2        -            418 17346at72274         -            326   9.9e-22   76.5   0.0   2   3   1.3e-18   5.3e-16   57.7   0.0   161   276   198   313   184   357 0.87 # 685 # 1938 # 1 # ID=22_2;partial=00;start_type=ATG;rbs_motif=GGAG/GAGG;rbs_spacer=5-10bp;gc_cont=0.659
contig00022_2        -            418 17346at72274         -            326   9.9e-22   76.5   0.0   3   3       5.2   2.1e+03   -3.4   0.0   299   325   371   400   365   401 0.71 # 685 # 1938 # 1 # ID=22_2;partial=00;start_type=ATG;rbs_motif=GGAG/GAGG;rbs_spacer=5-10bp;gc_cont=0.659
contig01353_1        -            165 17346at72274         -            326   2.8e-18   65.2   0.0   1   1   7.9e-21   3.2e-18   65.0   0.0     5   140    11   159     7   164 0.85 # 3 # 497 # -1 # ID=1353_1;partial=10;start_type=ATG;rbs_motif=GGxGG;rbs_spacer=5-10bp;gc_cont=0.685
contig00611_3        -            167 17346at72274         -            326   1.9e-17   62.4   0.0   1   1   5.1e-20   2.1e-17   62.3   0.0    14   135    36   167    18   167 0.82 # 2153 # 2653 # 1 # ID=611_3;partial=01;start_type=ATG;rbs_motif=GGA/GAG/AGG;rbs_spacer=5-10bp;gc_cont=0.671
contig03287_1        -            159 17346at72274         -            326   6.8e-17   60.6   0.0   1   1   1.8e-19   7.1e-17   60.6   0.0    19   131    36   157    14   159 0.85 # 3 # 479 # -1 # ID=3287_1;partial=10;start_type=ATG;rbs_motif=GGAG/GAGG;rbs_spacer=5-10bp;gc_cont=0.671
contig00415_4        -            258 17346at72274         -            326   6.4e-15   54.2   0.0   1   2   7.4e-07    0.0003   19.1   0.0    20   131    36   146    31   154 0.84 # 2441 # 3214 # 1 # ID=415_4;partial=01;start_type=ATG;rbs_motif=GGA/GAG/AGG;rbs_spacer=5-10bp;gc_cont=0.671
contig00415_4        -            258 17346at72274         -            326   6.4e-15   54.2   0.0   2   2   4.1e-11   1.6e-08   33.1   0.0   147   207   185   244   170   252 0.86 # 2441 # 3214 # 1 # ID=415_4;partial=01;start_type=ATG;rbs_motif=GGA/GAG/AGG;rbs_spacer=5-10bp;gc_cont=0.671
contig00976_2        -            438 17346at72274         -            326   6.8e-08   31.1   0.0   1   2       1.2   4.8e+02   -1.3   0.0    19    38    59    78    46    96 0.87 # 690 # 2003 # 1 # ID=976_2;partial=01;start_type=ATG;rbs_motif=GGAG/GAGG;rbs_spacer=5-10bp;gc_cont=0.683
contig00976_2        -            438 17346at72274         -            326   6.8e-08   31.1   0.0   2   2   7.8e-10   3.1e-07   28.9   0.1   149   237   209   292   186   358 0.69 # 690 # 2003 # 1 # ID=976_2;partial=01;start_type=ATG;rbs_motif=GGAG/GAGG;rbs_spacer=5-10bp;gc_cont=0.683
contig01169_3        -            181 17346at72274         -            326   1.6e-06   26.5   0.1   1   1   5.3e-09   2.1e-06   26.1   0.1   201   279     1    79     1    92 0.81 # 1210 # 1752 # -1 # ID=1169_3;partial=01;start_type=Edge;rbs_motif=None;rbs_spacer=None;gc_cont=0.716
contig00277_2        -            462 17346at72274         -            326   3.3e-06   25.5   0.0   1   2       0.1        41    2.2   0.0    19    58    60   104    49   115 0.69 # 317 # 1702 # 1 # ID=277_2;partial=00;start_type=ATG;rbs_motif=GGAG/GAGG;rbs_spacer=5-10bp;gc_cont=0.696
contig00277_2        -            462 17346at72274         -            326   3.3e-06   25.5   0.0   2   2   2.7e-07   0.00011   20.5   0.0   156   235   216   292   199   309 0.84 # 317 # 1702 # 1 # ID=277_2;partial=00;start_type=ATG;rbs_motif=GGAG/GAGG;rbs_spacer=5-10bp;gc_cont=0.696
contig00535_4        -             66 17346at72274         -            326   0.00062   18.0   0.0   1   1   1.5e-06   0.00062   18.0   0.0    18    47    37    66    18    66 0.85 # 2630 # 2827 # 1 # ID=535_4;partial=01;start_type=ATG;rbs_motif=GGAG/GAGG;rbs_spacer=5-10bp;gc_cont=0.601
contig01505_1        -            128 17346at72274         -            326   0.00064   18.0   0.0   1   1   1.8e-06   0.00072   17.8   0.0    12   114    13   117     4   127 0.80 # 3 # 386 # -1 # ID=1505_1;partial=10;start_type=ATG;rbs_motif=GGAG/GAGG;rbs_spacer=5-10bp;gc_cont=0.719
contig01626_2        -            339 17346at72274         -            326     0.015   13.5   0.0   1   2      0.13        51    1.9   0.0    99   139    70   110    52   122 0.85 # 338 # 1354 # 1 # ID=1626_2;partial=01;start_type=ATG;rbs_motif=GGA/GAG/AGG;rbs_spacer=11-12bp;gc_cont=0.644
contig01626_2        -            339 17346at72274         -            326     0.015   13.5   0.0   2   2   0.00069      0.28    9.3   0.0   176   228   182   233   144   246 0.83 # 338 # 1354 # 1 # ID=1626_2;partial=01;start_type=ATG;rbs_motif=GGA/GAG/AGG;rbs_spacer=11-12bp;gc_cont=0.644
#
# Program:         hmmsearch
# Version:         3.1b2 (February 2015)
# Pipeline mode:   SEARCH
# Query file:      /home/johngn/Microbial-Genomics-Journey-Workshop-2023/Reads_session_3/busco_downloads/lineages/pseudomonadales_odb10/hmms/17346at72274.hmm
# Target file:     /home/johngn/Microbial-Genomics-Journey-Workshop-2023/Reads_session_3/busco_op4/prodigal_output/predicted_genes/predicted.faa
# Option settings: hmmsearch --domtblout /home/johngn/Microbial-Genomics-Journey-Workshop-2023/Reads_session_3/busco_op4/run_pseudomonadales_odb10/hmmer_output/17346at72274.out --cpu 1 /home/johngn/Microbial-Genomics-Journey-Workshop-2023/Reads_session_3/busco_downloads/lineages/pseudomonadales_odb10/hmms/17346at72274.hmm /home/johngn/Microbial-Genomics-Journey-Workshop-2023/Reads_session_3/busco_op4/prodigal_output/predicted_genes/predicted.faa 
# Current dir:     /home/johngn/Microbial-Genomics-Journey-Workshop-2023/Reads_session_3
# Date:            Wed Mar  8 17:01:09 2023
# [ok]
