#                                                                            --- full sequence --- -------------- this domain -------------   hmm coord   ali coord   env coord
# target name        accession   tlen query name           accession   qlen   E-value  score  bias   #  of  c-Evalue  i-Evalue  score  bias  from    to  from    to  from    to  acc description of target
#------------------- ---------- ----- -------------------- ---------- ----- --------- ------ ----- --- --- --------- --------- ------ ----- ----- ----- ----- ----- ----- ----- ---- ---------------------
contig00726_2        -            444 17347at72274         -            347  3.5e-142  472.4   0.1   1   1  2.5e-143  3.4e-141  469.1   0.1    12   346    38   433    31   434 0.85 # 184 # 1515 # 1 # ID=726_2;partial=00;start_type=ATG;rbs_motif=None;rbs_spacer=None;gc_cont=0.676
contig00093_5        -            787 17347at72274         -            347     7e-30  103.0   0.4   1   2     1e-12   1.4e-10   39.6   0.3   133   224   279   371   246   380 0.75 # 2317 # 4677 # 1 # ID=93_5;partial=00;start_type=ATG;rbs_motif=GGA/GAG/AGG;rbs_spacer=5-10bp;gc_cont=0.671
contig00093_5        -            787 17347at72274         -            347     7e-30  103.0   0.4   2   2   2.4e-19   3.4e-17   61.3   0.0   240   343   410   524   393   528 0.88 # 2317 # 4677 # 1 # ID=93_5;partial=00;start_type=ATG;rbs_motif=GGA/GAG/AGG;rbs_spacer=5-10bp;gc_cont=0.671
contig00940_2        -            643 17347at72274         -            347   2.4e-27   94.7   1.4   1   2   1.2e-10   1.6e-08   32.8   0.2   151   224   259   331   247   338 0.85 # 132 # 2060 # 1 # ID=940_2;partial=01;start_type=ATG;rbs_motif=AGGAG;rbs_spacer=5-10bp;gc_cont=0.658
contig00940_2        -            643 17347at72274         -            347   2.4e-27   94.7   1.4   2   2     1e-18   1.4e-16   59.3   0.1   241   343   373   491   354   494 0.82 # 132 # 2060 # 1 # ID=940_2;partial=01;start_type=ATG;rbs_motif=AGGAG;rbs_spacer=5-10bp;gc_cont=0.658
contig00107_4        -            472 17347at72274         -            347   8.6e-26   89.6   2.6   1   1   1.1e-26   1.5e-24   85.5   2.6   158   339   234   446   221   454 0.74 # 1850 # 3265 # -1 # ID=107_4;partial=00;start_type=ATG;rbs_motif=GGAG/GAGG;rbs_spacer=5-10bp;gc_cont=0.700
contig02595_1        -            266 17347at72274         -            347   1.1e-25   89.3   0.7   1   1   1.3e-26   1.8e-24   85.2   0.7   146   329    43   256    25   266 0.78 # 3 # 800 # -1 # ID=2595_1;partial=11;start_type=Edge;rbs_motif=None;rbs_spacer=None;gc_cont=0.660
contig02222_1        -            325 17347at72274         -            347   1.8e-24   85.2   0.1   1   2   9.4e-10   1.3e-07   29.8   0.3   155   220   114   179    82   187 0.90 # 2 # 976 # -1 # ID=2222_1;partial=11;start_type=Edge;rbs_motif=None;rbs_spacer=None;gc_cont=0.699
contig02222_1        -            325 17347at72274         -            347   1.8e-24   85.2   0.1   2   2   7.1e-17   9.8e-15   53.2   0.0   242   333   221   320   209   325 0.87 # 2 # 976 # -1 # ID=2222_1;partial=11;start_type=Edge;rbs_motif=None;rbs_spacer=None;gc_cont=0.699
contig00628_2        -            461 17347at72274         -            347   3.9e-24   84.2   0.1   1   2   3.4e-12   4.7e-10   37.9   0.3   148   225   235   311   217   330 0.86 # 488 # 1870 # -1 # ID=628_2;partial=00;start_type=GTG;rbs_motif=GGAGG;rbs_spacer=5-10bp;gc_cont=0.705
contig00628_2        -            461 17347at72274         -            347   3.9e-24   84.2   0.1   2   2   4.5e-14   6.2e-12   44.0   0.0   243   337   354   451   334   460 0.81 # 488 # 1870 # -1 # ID=628_2;partial=00;start_type=GTG;rbs_motif=GGAGG;rbs_spacer=5-10bp;gc_cont=0.705
contig01604_2        -            436 17347at72274         -            347   3.2e-22   77.8   1.1   1   1   1.3e-22   1.8e-20   72.1   1.0   147   337   215   431   190   436 0.71 # 63 # 1370 # 1 # ID=1604_2;partial=01;start_type=ATG;rbs_motif=GGAG/GAGG;rbs_spacer=5-10bp;gc_cont=0.719
contig00134_5        -            478 17347at72274         -            347   1.2e-20   72.6   1.3   1   1   2.1e-20   2.9e-18   64.8   1.3   161   344   243   457   227   460 0.71 # 3265 # 4698 # 1 # ID=134_5;partial=00;start_type=ATG;rbs_motif=GGAG/GAGG;rbs_spacer=5-10bp;gc_cont=0.685
contig00660_1        -            695 17347at72274         -            347   1.3e-20   72.5   0.9   1   2   4.1e-09   5.6e-07   27.7   0.1   149   223   192   266   181   272 0.90 # 2 # 2086 # 1 # ID=660_1;partial=10;start_type=Edge;rbs_motif=None;rbs_spacer=None;gc_cont=0.678
contig00660_1        -            695 17347at72274         -            347   1.3e-20   72.5   0.9   2   2   1.9e-13   2.6e-11   42.0   0.1   252   337   319   419   310   428 0.80 # 2 # 2086 # 1 # ID=660_1;partial=10;start_type=Edge;rbs_motif=None;rbs_spacer=None;gc_cont=0.678
contig02569_1        -            269 17347at72274         -            347   2.6e-19   68.3   0.1   1   1   3.3e-20   4.6e-18   64.2   0.1   155   330    54   259    27   266 0.75 # 2 # 808 # -1 # ID=2569_1;partial=11;start_type=Edge;rbs_motif=None;rbs_spacer=None;gc_cont=0.701
contig00443_3        -            462 17347at72274         -            347   1.5e-18   65.7   1.1   1   1   5.5e-18   7.6e-16   56.9   0.9   144   289   268   453   243   461 0.69 # 1696 # 3081 # 1 # ID=443_3;partial=01;start_type=GTG;rbs_motif=GGAG/GAGG;rbs_spacer=5-10bp;gc_cont=0.650
contig02975_1        -            210 17347at72274         -            347   1.1e-17   63.0   0.4   1   2   2.1e-12     3e-10   38.5   0.1   150   220     9    82     2    89 0.87 # 3 # 632 # 1 # ID=2975_1;partial=11;start_type=Edge;rbs_motif=None;rbs_spacer=None;gc_cont=0.703
contig02975_1        -            210 17347at72274         -            347   1.1e-17   63.0   0.4   2   2   2.5e-07   3.5e-05   21.8   0.1   251   316   134   209   123   210 0.71 # 3 # 632 # 1 # ID=2975_1;partial=11;start_type=Edge;rbs_motif=None;rbs_spacer=None;gc_cont=0.703
contig01238_1        -            442 17347at72274         -            347   1.1e-17   62.9   0.0   1   2    0.0017      0.24    9.2   0.0   147   224   210   284   196   293 0.83 # 3 # 1328 # 1 # ID=1238_1;partial=10;start_type=Edge;rbs_motif=None;rbs_spacer=None;gc_cont=0.700
contig01238_1        -            442 17347at72274         -            347   1.1e-17   62.9   0.0   2   2     3e-16   4.2e-14   51.2   0.0   251   343   333   435   325   438 0.86 # 3 # 1328 # 1 # ID=1238_1;partial=10;start_type=Edge;rbs_motif=None;rbs_spacer=None;gc_cont=0.700
contig01372_1        -            403 17347at72274         -            347   1.9e-17   62.1   0.2   1   2       3.7   5.1e+02   -1.7   0.0    42    94    53   104    26   110 0.57 # 164 # 1372 # 1 # ID=1372_1;partial=00;start_type=ATG;rbs_motif=GGA/GAG/AGG;rbs_spacer=5-10bp;gc_cont=0.693
contig01372_1        -            403 17347at72274         -            347   1.9e-17   62.1   0.2   2   2   1.7e-18   2.4e-16   58.6   0.1   147   342   172   389   157   392 0.75 # 164 # 1372 # 1 # ID=1372_1;partial=00;start_type=ATG;rbs_motif=GGA/GAG/AGG;rbs_spacer=5-10bp;gc_cont=0.693
contig02924_1        -            217 17347at72274         -            347   7.1e-17   60.3   0.3   1   1   4.4e-18   6.1e-16   57.2   0.3   245   340    22   133     4   139 0.83 # 1 # 651 # 1 # ID=2924_1;partial=11;start_type=Edge;rbs_motif=None;rbs_spacer=None;gc_cont=0.711
contig01172_1        -            356 17347at72274         -            347   4.7e-15   54.3   0.0   1   2   1.2e-15   1.7e-13   49.2   0.0   150   225   204   279   135   295 0.76 # 3 # 1070 # -1 # ID=1172_1;partial=10;start_type=ATG;rbs_motif=GGAGG;rbs_spacer=5-10bp;gc_cont=0.667
contig01172_1        -            356 17347at72274         -            347   4.7e-15   54.3   0.0   2   2      0.11        16    3.2   0.0   250   270   325   345   299   355 0.84 # 3 # 1070 # -1 # ID=1172_1;partial=10;start_type=ATG;rbs_motif=GGAGG;rbs_spacer=5-10bp;gc_cont=0.667
contig00373_5        -            370 17347at72274         -            347   5.9e-15   54.0   0.0   1   2      0.05       6.9    4.4   0.0   158   222     2    66     1    72 0.85 # 2303 # 3412 # -1 # ID=373_5;partial=01;start_type=Edge;rbs_motif=None;rbs_spacer=None;gc_cont=0.682
contig00373_5        -            370 17347at72274         -            347   5.9e-15   54.0   0.0   2   2   3.7e-15   5.2e-13   47.6   0.0   248   344   113   220    86   223 0.84 # 2303 # 3412 # -1 # ID=373_5;partial=01;start_type=Edge;rbs_motif=None;rbs_spacer=None;gc_cont=0.682
contig01211_1        -            488 17347at72274         -            347   6.4e-15   53.8   0.9   1   3      0.56        78    0.9   0.0   193   283    78   170    75   195 0.77 # 3 # 1466 # -1 # ID=1211_1;partial=10;start_type=ATG;rbs_motif=GGxGG;rbs_spacer=5-10bp;gc_cont=0.689
contig01211_1        -            488 17347at72274         -            347   6.4e-15   53.8   0.9   2   3   2.3e-10   3.2e-08   31.8   0.2   148   222   299   372   291   378 0.89 # 3 # 1466 # -1 # ID=1211_1;partial=10;start_type=ATG;rbs_motif=GGxGG;rbs_spacer=5-10bp;gc_cont=0.689
contig01211_1        -            488 17347at72274         -            347   6.4e-15   53.8   0.9   3   3   5.3e-06   0.00073   17.5   0.0   249   302   425   487   416   488 0.81 # 3 # 1466 # -1 # ID=1211_1;partial=10;start_type=ATG;rbs_motif=GGxGG;rbs_spacer=5-10bp;gc_cont=0.689
contig01074_1        -            489 17347at72274         -            347   1.4e-13   49.4   1.1   1   1   4.2e-14   5.7e-12   44.1   1.1   227   343   289   419   151   423 0.67 # 3 # 1469 # -1 # ID=1074_1;partial=10;start_type=ATG;rbs_motif=GGAG/GAGG;rbs_spacer=5-10bp;gc_cont=0.699
contig00474_2        -            541 17347at72274         -            347   2.4e-13   48.6   0.9   1   2      0.35        49    1.6   0.1   149   184   171   206   144   250 0.76 # 705 # 2327 # 1 # ID=474_2;partial=00;start_type=ATG;rbs_motif=GGAGG;rbs_spacer=5-10bp;gc_cont=0.688
contig00474_2        -            541 17347at72274         -            347   2.4e-13   48.6   0.9   2   2   1.7e-14   2.3e-12   45.4   0.1   251   318   293   370   288   395 0.80 # 705 # 2327 # 1 # ID=474_2;partial=00;start_type=ATG;rbs_motif=GGAGG;rbs_spacer=5-10bp;gc_cont=0.688
contig00931_3        -             76 17347at72274         -            347     7e-13   47.1   0.0   1   1   5.5e-15   7.6e-13   47.0   0.0   276   337     2    63     1    73 0.87 # 1848 # 2075 # -1 # ID=931_3;partial=01;start_type=Edge;rbs_motif=None;rbs_spacer=None;gc_cont=0.693
contig02474_1        -            282 17347at72274         -            347   1.2e-12   46.3   0.1   1   1   3.1e-14   4.3e-12   44.6   0.1   240   339    27   142    11   148 0.82 # 3 # 848 # -1 # ID=2474_1;partial=11;start_type=Edge;rbs_motif=None;rbs_spacer=None;gc_cont=0.700
contig00441_1        -            157 17347at72274         -            347   1.1e-11   43.1   0.0   1   1   1.8e-13   2.5e-11   42.0   0.0   236   336    33   141     9   151 0.78 # 1 # 471 # 1 # ID=441_1;partial=10;start_type=Edge;rbs_motif=None;rbs_spacer=None;gc_cont=0.711
contig00380_1        -            419 17347at72274         -            347   1.3e-11   42.9   0.0   1   1   7.5e-12     1e-09   36.7   0.0   159   285   257   404   225   409 0.73 # 2 # 1258 # -1 # ID=380_1;partial=10;start_type=ATG;rbs_motif=GGA/GAG/AGG;rbs_spacer=5-10bp;gc_cont=0.693
contig01185_1        -            155 17347at72274         -            347   7.7e-11   40.4   0.0   1   1   1.9e-12   2.6e-10   38.7   0.0   249   343    51   153    13   154 0.78 # 1 # 465 # 1 # ID=1185_1;partial=10;start_type=Edge;rbs_motif=None;rbs_spacer=None;gc_cont=0.669
contig01415_1        -            355 17347at72274         -            347   9.4e-11   40.1   0.0   1   1   9.5e-13   1.3e-10   39.7   0.0   277   343     1    68     1    71 0.96 # 2 # 1066 # 1 # ID=1415_1;partial=10;start_type=Edge;rbs_motif=None;rbs_spacer=None;gc_cont=0.709
contig03208_1        -            182 17347at72274         -            347   1.3e-10   39.7   0.2   1   1     1e-12   1.4e-10   39.5   0.2   132   231    59   156    26   178 0.83 # 3 # 548 # -1 # ID=3208_1;partial=11;start_type=Edge;rbs_motif=None;rbs_spacer=None;gc_cont=0.641
contig00274_1        -            729 17347at72274         -            347   1.9e-10   39.1   2.3   1   3       9.3   1.3e+03   -3.1   0.1   112   170    96   152    89   156 0.63 # 77 # 2263 # -1 # ID=274_1;partial=00;start_type=ATG;rbs_motif=GGA/GAG/AGG;rbs_spacer=5-10bp;gc_cont=0.668
contig00274_1        -            729 17347at72274         -            347   1.9e-10   39.1   2.3   2   3   5.6e-06   0.00077   17.4   0.6   150   222   496   565   485   582 0.84 # 77 # 2263 # -1 # ID=274_1;partial=00;start_type=ATG;rbs_motif=GGA/GAG/AGG;rbs_spacer=5-10bp;gc_cont=0.668
contig00274_1        -            729 17347at72274         -            347   1.9e-10   39.1   2.3   3   3   5.9e-07   8.2e-05   20.6   0.0   264   345   639   720   636   722 0.92 # 77 # 2263 # -1 # ID=274_1;partial=00;start_type=ATG;rbs_motif=GGA/GAG/AGG;rbs_spacer=5-10bp;gc_cont=0.668
contig00199_2        -            434 17347at72274         -            347   2.6e-10   38.7   0.0   1   2     0.021       2.8    5.7   0.0   153   177   161   187   136   207 0.72 # 466 # 1767 # 1 # ID=199_2;partial=00;start_type=ATG;rbs_motif=GGAG/GAGG;rbs_spacer=5-10bp;gc_cont=0.687
contig00199_2        -            434 17347at72274         -            347   2.6e-10   38.7   0.0   2   2   4.5e-10   6.3e-08   30.8   0.0   264   346   346   425   296   426 0.81 # 466 # 1767 # 1 # ID=199_2;partial=00;start_type=ATG;rbs_motif=GGAG/GAGG;rbs_spacer=5-10bp;gc_cont=0.687
contig03030_1        -            202 17347at72274         -            347   2.9e-10   38.5   0.1   1   1   7.1e-12   9.8e-10   36.8   0.1   251   343    65   172    40   175 0.81 # 3 # 608 # -1 # ID=3030_1;partial=11;start_type=Edge;rbs_motif=None;rbs_spacer=None;gc_cont=0.634
contig00556_2        -            296 17347at72274         -            347   3.8e-10   38.1   0.0   1   1   7.8e-12   1.1e-09   36.7   0.0   150   336    85   282    73   287 0.82 # 1895 # 2782 # -1 # ID=556_2;partial=01;start_type=Edge;rbs_motif=None;rbs_spacer=None;gc_cont=0.681
contig00284_2        -            827 17347at72274         -            347   4.2e-10   38.0   0.9   1   2     0.056       7.7    4.2   0.0    56   117   341   397   320   425 0.73 # 1354 # 3834 # 1 # ID=284_2;partial=01;start_type=GTG;rbs_motif=GGA/GAG/AGG;rbs_spacer=5-10bp;gc_cont=0.699
contig00284_2        -            827 17347at72274         -            347   4.2e-10   38.0   0.9   2   2   2.3e-10   3.1e-08   31.8   0.1   155   221   762   827   736   827 0.87 # 1354 # 3834 # 1 # ID=284_2;partial=01;start_type=GTG;rbs_motif=GGA/GAG/AGG;rbs_spacer=5-10bp;gc_cont=0.699
contig01750_2        -            371 17347at72274         -            347     1e-09   36.7   0.1   1   1   3.2e-11   4.5e-09   34.6   0.1   146   269   224   362   211   371 0.67 # 147 # 1259 # 1 # ID=1750_2;partial=01;start_type=ATG;rbs_motif=GGAG/GAGG;rbs_spacer=5-10bp;gc_cont=0.674
contig00056_7        -            459 17347at72274         -            347   4.9e-09   34.5   0.0   1   2       3.3   4.6e+02   -1.6   0.0   205   225   280   300   263   322 0.83 # 5703 # 7079 # -1 # ID=56_7;partial=00;start_type=ATG;rbs_motif=GGAGG;rbs_spacer=5-10bp;gc_cont=0.641
contig00056_7        -            459 17347at72274         -            347   4.9e-09   34.5   0.0   2   2   2.4e-10   3.4e-08   31.7   0.0   263   344   368   446   334   448 0.77 # 5703 # 7079 # -1 # ID=56_7;partial=00;start_type=ATG;rbs_motif=GGAGG;rbs_spacer=5-10bp;gc_cont=0.641
contig00464_4        -            483 17347at72274         -            347   7.1e-09   34.0   0.1   1   1   2.9e-10     4e-08   31.5   0.1   243   340    89   201    68   207 0.78 # 1577 # 3025 # -1 # ID=464_4;partial=01;start_type=Edge;rbs_motif=None;rbs_spacer=None;gc_cont=0.650
contig01088_1        -            122 17347at72274         -            347   1.3e-08   33.0   0.0   1   1   1.7e-10   2.4e-08   32.2   0.0   242   339     9   115     3   121 0.79 # 2 # 367 # 1 # ID=1088_1;partial=10;start_type=Edge;rbs_motif=None;rbs_spacer=None;gc_cont=0.675
contig01068_2        -            389 17347at72274         -            347   1.5e-08   32.9   0.2   1   1     2e-09   2.7e-07   28.8   0.2   160   272   252   384   239   388 0.72 # 721 # 1887 # 1 # ID=1068_2;partial=01;start_type=ATG;rbs_motif=GGA/GAG/AGG;rbs_spacer=5-10bp;gc_cont=0.692
contig02308_1        -             88 17347at72274         -            347   7.1e-08   30.7   0.0   1   1   5.9e-10   8.1e-08   30.5   0.0   263   345     7    83     3    85 0.88 # 1 # 264 # 1 # ID=2308_1;partial=10;start_type=Edge;rbs_motif=None;rbs_spacer=None;gc_cont=0.625
contig02241_1        -            321 17347at72274         -            347   8.1e-08   30.5   0.2   1   2       3.7   5.2e+02   -1.8   0.0    43    78   203   239   194   247 0.66 # 3 # 965 # -1 # ID=2241_1;partial=11;start_type=Edge;rbs_motif=None;rbs_spacer=None;gc_cont=0.683
contig02241_1        -            321 17347at72274         -            347   8.1e-08   30.5   0.2   2   2   1.2e-09   1.6e-07   29.5   0.1   150   226   240   315   217   320 0.83 # 3 # 965 # -1 # ID=2241_1;partial=11;start_type=Edge;rbs_motif=None;rbs_spacer=None;gc_cont=0.683
contig00151_5        -            446 17347at72274         -            347   1.2e-07   29.9   0.1   1   3       3.9   5.4e+02   -1.8   0.0    18    75   165   222   152   227 0.62 # 2660 # 3997 # 1 # ID=151_5;partial=00;start_type=ATG;rbs_motif=GGxGG;rbs_spacer=5-10bp;gc_cont=0.687
contig00151_5        -            446 17347at72274         -            347   1.2e-07   29.9   0.1   2   3   0.00016     0.023   12.6   0.2   159   206   231   280   216   288 0.83 # 2660 # 3997 # 1 # ID=151_5;partial=00;start_type=ATG;rbs_motif=GGxGG;rbs_spacer=5-10bp;gc_cont=0.687
contig00151_5        -            446 17347at72274         -            347   1.2e-07   29.9   0.1   3   3   4.8e-05    0.0067   14.3   0.0   251   331   337   422   329   438 0.77 # 2660 # 3997 # 1 # ID=151_5;partial=00;start_type=ATG;rbs_motif=GGxGG;rbs_spacer=5-10bp;gc_cont=0.687
contig00735_2        -            510 17347at72274         -            347   1.2e-07   29.9   0.1   1   1   1.3e-09   1.8e-07   29.3   0.1   142   231   392   480   373   491 0.83 # 860 # 2389 # 1 # ID=735_2;partial=01;start_type=ATG;rbs_motif=GGAG/GAGG;rbs_spacer=5-10bp;gc_cont=0.676
contig00540_1        -            109 17347at72274         -            347   1.4e-07   29.7   0.0   1   1     2e-09   2.7e-07   28.8   0.0   250   338     4   100     2   108 0.76 # 1 # 327 # 1 # ID=540_1;partial=10;start_type=Edge;rbs_motif=None;rbs_spacer=None;gc_cont=0.706
contig02572_1        -            269 17347at72274         -            347   3.8e-07   28.3   0.4   1   1   4.1e-09   5.6e-07   27.7   0.4   151   222   146   216   123   222 0.80 # 3 # 809 # -1 # ID=2572_1;partial=11;start_type=Edge;rbs_motif=None;rbs_spacer=None;gc_cont=0.672
contig00450_1        -            411 17347at72274         -            347   4.4e-07   28.1   0.5   1   1   3.2e-09   4.4e-07   28.1   0.5   161   224   313   376   285   386 0.83 # 3 # 1235 # -1 # ID=450_1;partial=10;start_type=GTG;rbs_motif=GGA/GAG/AGG;rbs_spacer=5-10bp;gc_cont=0.656
contig00996_1        -            482 17347at72274         -            347   7.9e-07   27.2   0.0   1   1   1.3e-08   1.8e-06   26.1   0.0   281   342     1    63     1    68 0.89 # 3 # 1448 # 1 # ID=996_1;partial=10;start_type=Edge;rbs_motif=None;rbs_spacer=None;gc_cont=0.686
contig00850_1        -            168 17347at72274         -            347     1e-06   26.9   0.0   1   2       2.7   3.7e+02   -1.3   0.0   244   262    44    62    39    64 0.86 # 1 # 504 # 1 # ID=850_1;partial=10;start_type=Edge;rbs_motif=None;rbs_spacer=None;gc_cont=0.694
contig00850_1        -            168 17347at72274         -            347     1e-06   26.9   0.0   2   2   2.1e-08   2.8e-06   25.4   0.0   272   344    90   158    84   161 0.88 # 1 # 504 # 1 # ID=850_1;partial=10;start_type=Edge;rbs_motif=None;rbs_spacer=None;gc_cont=0.694
contig00096_2        -            589 17347at72274         -            347   3.2e-06   25.2   0.3   1   1   1.2e-07   1.6e-05   22.9   0.3   269   344   508   579   356   581 0.76 # 593 # 2359 # -1 # ID=96_2;partial=00;start_type=ATG;rbs_motif=None;rbs_spacer=None;gc_cont=0.690
contig02546_1        -            273 17347at72274         -            347   4.7e-06   24.7   0.3   1   1   5.8e-08     8e-06   23.9   0.4   147   224   134   211   109   273 0.84 # 2 # 820 # -1 # ID=2546_1;partial=11;start_type=Edge;rbs_motif=None;rbs_spacer=None;gc_cont=0.674
contig00388_1        -            426 17347at72274         -            347   5.7e-06   24.4   0.2   1   2      0.59        81    0.9   0.0    62   121   253   313   229   324 0.76 # 3 # 1280 # -1 # ID=388_1;partial=10;start_type=ATG;rbs_motif=AGxAG;rbs_spacer=5-10bp;gc_cont=0.672
contig00388_1        -            426 17347at72274         -            347   5.7e-06   24.4   0.2   2   2   4.4e-07   6.1e-05   21.0   0.1   146   180   364   398   356   426 0.81 # 3 # 1280 # -1 # ID=388_1;partial=10;start_type=ATG;rbs_motif=AGxAG;rbs_spacer=5-10bp;gc_cont=0.672
contig00644_2        -            607 17347at72274         -            347   8.6e-06   23.8   1.0   1   2      0.26        36    2.0   0.4   157   220   244   306   211   318 0.77 # 758 # 2578 # -1 # ID=644_2;partial=01;start_type=Edge;rbs_motif=None;rbs_spacer=None;gc_cont=0.701
contig00644_2        -            607 17347at72274         -            347   8.6e-06   23.8   1.0   2   2   8.1e-07   0.00011   20.2   0.0   262   343   389   467   338   471 0.83 # 758 # 2578 # -1 # ID=644_2;partial=01;start_type=Edge;rbs_motif=None;rbs_spacer=None;gc_cont=0.701
contig00086_3        -            423 17347at72274         -            347   5.8e-05   21.1   0.1   1   2   7.7e-06    0.0011   16.9   0.3   117   218   171   268   158   284 0.78 # 1627 # 2895 # 1 # ID=86_3;partial=00;start_type=ATG;rbs_motif=GGA/GAG/AGG;rbs_spacer=5-10bp;gc_cont=0.661
contig00086_3        -            423 17347at72274         -            347   5.8e-05   21.1   0.1   2   2      0.36        50    1.6   0.0   251   338   320   410   316   417 0.66 # 1627 # 2895 # 1 # ID=86_3;partial=00;start_type=ATG;rbs_motif=GGA/GAG/AGG;rbs_spacer=5-10bp;gc_cont=0.661
contig01135_1        -             92 17347at72274         -            347     6e-05   21.0   0.0   1   1   4.9e-07   6.8e-05   20.9   0.0   273   343    22    89    17    91 0.90 # 1 # 276 # 1 # ID=1135_1;partial=10;start_type=Edge;rbs_motif=None;rbs_spacer=None;gc_cont=0.696
contig01470_1        -            105 17347at72274         -            347   0.00019   19.4   0.0   1   2       7.3     1e+03   -2.7   0.0   257   270     1    14     1    17 0.84 # 2 # 316 # 1 # ID=1470_1;partial=10;start_type=Edge;rbs_motif=None;rbs_spacer=None;gc_cont=0.648
contig01470_1        -            105 17347at72274         -            347   0.00019   19.4   0.0   2   2   2.2e-06    0.0003   18.7   0.0   269   344    29    99    19   102 0.87 # 2 # 316 # 1 # ID=1470_1;partial=10;start_type=Edge;rbs_motif=None;rbs_spacer=None;gc_cont=0.648
contig03090_2        -             99 17347at72274         -            347    0.0003   18.8   0.1   1   1   2.5e-06   0.00034   18.6   0.1   266   335     8    73     5    83 0.86 # 293 # 589 # -1 # ID=3090_2;partial=01;start_type=Edge;rbs_motif=None;rbs_spacer=None;gc_cont=0.684
contig00997_2        -             69 17347at72274         -            347   0.00079   17.4   0.0   1   1   6.4e-06   0.00088   17.2   0.0   308   343    19    59    12    62 0.78 # 1768 # 1974 # -1 # ID=997_2;partial=01;start_type=Edge;rbs_motif=None;rbs_spacer=None;gc_cont=0.638
contig02825_1        -            230 17347at72274         -            347    0.0019   16.1   0.3   1   2       0.4        55    1.4   0.8    10    74    27    95    21   104 0.61 # 1 # 690 # 1 # ID=2825_1;partial=11;start_type=Edge;rbs_motif=None;rbs_spacer=None;gc_cont=0.696
contig02825_1        -            230 17347at72274         -            347    0.0019   16.1   0.3   2   2   1.4e-05    0.0019   16.1   0.3   163   227   108   174   103   230 0.74 # 1 # 690 # 1 # ID=2825_1;partial=11;start_type=Edge;rbs_motif=None;rbs_spacer=None;gc_cont=0.696
contig01082_3        -            342 17347at72274         -            347     0.025   12.4   0.2   1   1   0.00028     0.039   11.8   0.2   140   210   222   287   208   299 0.69 # 844 # 1869 # 1 # ID=1082_3;partial=01;start_type=GTG;rbs_motif=GGA/GAG/AGG;rbs_spacer=5-10bp;gc_cont=0.681
contig00187_4        -            250 17347at72274         -            347     0.035   11.9   0.0   1   1   0.00037      0.05   11.4   0.0   155   181   220   246   201   250 0.78 # 3850 # 4599 # 1 # ID=187_4;partial=01;start_type=ATG;rbs_motif=None;rbs_spacer=None;gc_cont=0.688
contig00791_2        -            656 17347at72274         -            347     0.056   11.3   0.0   1   1   0.00077      0.11   10.4   0.0    49   114   274   341   264   345 0.78 # 328 # 2295 # 1 # ID=791_2;partial=01;start_type=GTG;rbs_motif=AGGA;rbs_spacer=5-10bp;gc_cont=0.692
contig00426_3        -            330 17347at72274         -            347      0.35    8.7   1.7   1   1    0.0039      0.54    8.0   1.7   162   223   239   293   222   303 0.80 # 2174 # 3163 # 1 # ID=426_3;partial=01;start_type=ATG;rbs_motif=GGA/GAG/AGG;rbs_spacer=5-10bp;gc_cont=0.699
#
# Program:         hmmsearch
# Version:         3.1b2 (February 2015)
# Pipeline mode:   SEARCH
# Query file:      /home/johngn/Microbial-Genomics-Journey-Workshop-2023/Reads_session_3/busco_downloads/lineages/pseudomonadales_odb10/hmms/17347at72274.hmm
# Target file:     /home/johngn/Microbial-Genomics-Journey-Workshop-2023/Reads_session_3/busco_op4/prodigal_output/predicted_genes/predicted.faa
# Option settings: hmmsearch --domtblout /home/johngn/Microbial-Genomics-Journey-Workshop-2023/Reads_session_3/busco_op4/run_pseudomonadales_odb10/hmmer_output/17347at72274.out --cpu 1 /home/johngn/Microbial-Genomics-Journey-Workshop-2023/Reads_session_3/busco_downloads/lineages/pseudomonadales_odb10/hmms/17347at72274.hmm /home/johngn/Microbial-Genomics-Journey-Workshop-2023/Reads_session_3/busco_op4/prodigal_output/predicted_genes/predicted.faa 
# Current dir:     /home/johngn/Microbial-Genomics-Journey-Workshop-2023/Reads_session_3
# Date:            Wed Mar  8 17:01:09 2023
# [ok]
