#                                                                            --- full sequence --- -------------- this domain -------------   hmm coord   ali coord   env coord
# target name        accession   tlen query name           accession   qlen   E-value  score  bias   #  of  c-Evalue  i-Evalue  score  bias  from    to  from    to  from    to  acc description of target
#------------------- ---------- ----- -------------------- ---------- ----- --------- ------ ----- --- --- --------- --------- ------ ----- ----- ----- ----- ----- ----- ----- ---- ---------------------
contig01271_2        -            248 17565at72274         -            344  2.4e-104  347.9   0.1   1   1  3.2e-107  3.4e-104  347.4   0.1     1   202    20   248    20   248 0.94 # 905 # 1648 # 1 # ID=1271_2;partial=01;start_type=ATG;rbs_motif=GGAG/GAGG;rbs_spacer=5-10bp;gc_cont=0.684
contig01494_1        -            409 17565at72274         -            344     3e-80  268.6   0.7   1   2   2.7e-42   2.9e-39  133.9   0.5    20   190     7   200     3   206 0.85 # 3 # 1229 # 1 # ID=1494_1;partial=10;start_type=Edge;rbs_motif=None;rbs_spacer=None;gc_cont=0.687
contig01494_1        -            409 17565at72274         -            344     3e-80  268.6   0.7   2   2   5.9e-42   6.2e-39  132.8   0.0   199   343   247   403   240   404 0.90 # 3 # 1229 # 1 # ID=1494_1;partial=10;start_type=Edge;rbs_motif=None;rbs_spacer=None;gc_cont=0.687
contig01818_1        -            309 17565at72274         -            344   5.5e-69  231.6   0.0   1   1   7.4e-72   7.8e-69  231.1   0.0    72   343     2   305     1   306 0.86 # 277 # 1203 # -1 # ID=1818_1;partial=01;start_type=Edge;rbs_motif=None;rbs_spacer=None;gc_cont=0.693
contig00781_3        -            116 17565at72274         -            344   5.8e-50  169.0   0.0   1   1   6.7e-53   7.1e-50  168.8   0.0   241   344     4   113     3   113 0.94 # 1977 # 2324 # -1 # ID=781_3;partial=01;start_type=Edge;rbs_motif=None;rbs_spacer=None;gc_cont=0.707
contig00068_1        -            271 17565at72274         -            344    0.0039   15.1   0.0   1   1   5.9e-06    0.0063   14.4   0.0   117   178    11    73     5    82 0.89 # 1 # 813 # 1 # ID=68_1;partial=10;start_type=Edge;rbs_motif=None;rbs_spacer=None;gc_cont=0.647
contig00177_3        -            394 17565at72274         -            344    0.0089   13.9   0.0   1   2       1.1   1.2e+03   -3.0   0.0    39    67    43    73    34   102 0.65 # 2256 # 3437 # -1 # ID=177_3;partial=00;start_type=ATG;rbs_motif=GGA/GAG/AGG;rbs_spacer=5-10bp;gc_cont=0.711
contig00177_3        -            394 17565at72274         -            344    0.0089   13.9   0.0   2   2     2e-05     0.021   12.7   0.0   115   178   143   207   134   217 0.88 # 2256 # 3437 # -1 # ID=177_3;partial=00;start_type=ATG;rbs_motif=GGA/GAG/AGG;rbs_spacer=5-10bp;gc_cont=0.711
contig00813_1        -            411 17565at72274         -            344     0.013   13.3   0.0   1   1   1.9e-05      0.02   12.7   0.0    61   178   180   303   162   311 0.81 # 3 # 1235 # -1 # ID=813_1;partial=10;start_type=ATG;rbs_motif=None;rbs_spacer=None;gc_cont=0.680
contig00008_17       -            384 17565at72274         -            344     0.018   12.9   0.1   1   1   2.8e-05     0.029   12.2   0.1    47    94    49   100    32   117 0.78 # 15816 # 16967 # -1 # ID=8_17;partial=00;start_type=ATG;rbs_motif=GGAG/GAGG;rbs_spacer=5-10bp;gc_cont=0.459
#
# Program:         hmmsearch
# Version:         3.1b2 (February 2015)
# Pipeline mode:   SEARCH
# Query file:      /home/johngn/Microbial-Genomics-Journey-Workshop-2023/Reads_session_3/busco_downloads/lineages/pseudomonadales_odb10/hmms/17565at72274.hmm
# Target file:     /home/johngn/Microbial-Genomics-Journey-Workshop-2023/Reads_session_3/busco_op4/prodigal_output/predicted_genes/predicted.faa
# Option settings: hmmsearch --domtblout /home/johngn/Microbial-Genomics-Journey-Workshop-2023/Reads_session_3/busco_op4/run_pseudomonadales_odb10/hmmer_output/17565at72274.out --cpu 1 /home/johngn/Microbial-Genomics-Journey-Workshop-2023/Reads_session_3/busco_downloads/lineages/pseudomonadales_odb10/hmms/17565at72274.hmm /home/johngn/Microbial-Genomics-Journey-Workshop-2023/Reads_session_3/busco_op4/prodigal_output/predicted_genes/predicted.faa 
# Current dir:     /home/johngn/Microbial-Genomics-Journey-Workshop-2023/Reads_session_3
# Date:            Wed Mar  8 17:01:10 2023
# [ok]
