#                                                                            --- full sequence --- -------------- this domain -------------   hmm coord   ali coord   env coord
# target name        accession   tlen query name           accession   qlen   E-value  score  bias   #  of  c-Evalue  i-Evalue  score  bias  from    to  from    to  from    to  acc description of target
#------------------- ---------- ----- -------------------- ---------- ----- --------- ------ ----- --- --- --------- --------- ------ ----- ----- ----- ----- ----- ----- ----- ---- ---------------------
contig00002_15       -            438 18426at72274         -            352    1e-130  435.0   0.1   1   1    4e-132  3.7e-129  429.8   0.1     1   350    12   416    12   419 0.86 # 16942 # 18255 # -1 # ID=2_15;partial=00;start_type=TTG;rbs_motif=GGAG/GAGG;rbs_spacer=5-10bp;gc_cont=0.647
contig00910_1        -            260 18426at72274         -            352   6.2e-94  314.0   0.6   1   1     1e-95   9.6e-93  310.1   0.6     1   204    12   260    12   260 0.86 # 3 # 782 # -1 # ID=910_1;partial=10;start_type=GTG;rbs_motif=AGGAG/GGAGG;rbs_spacer=11-12bp;gc_cont=0.676
contig01515_1        -            167 18426at72274         -            352   2.2e-58  197.1   0.0   1   1   2.6e-61   2.4e-58  196.9   0.0   220   351     1   149     1   150 0.90 # 1 # 501 # 1 # ID=1515_1;partial=10;start_type=Edge;rbs_motif=None;rbs_spacer=None;gc_cont=0.661
contig00569_1        -            203 18426at72274         -            352   1.6e-11   42.9   0.0   1   2   1.2e-09   1.1e-06   27.0   0.0    14    67     1    52     1    95 0.77 # 2 # 610 # -1 # ID=569_1;partial=10;start_type=ATG;rbs_motif=None;rbs_spacer=None;gc_cont=0.647
contig00569_1        -            203 18426at72274         -            352   1.6e-11   42.9   0.0   2   2   7.5e-06     0.007   14.5   0.0    77   152   103   179    91   203 0.81 # 2 # 610 # -1 # ID=569_1;partial=10;start_type=ATG;rbs_motif=None;rbs_spacer=None;gc_cont=0.647
contig00772_4        -             95 18426at72274         -            352   2.6e-07   29.1   0.0   1   1   3.1e-10   2.9e-07   28.9   0.0     3    60    21    80    19    91 0.85 # 2048 # 2332 # 1 # ID=772_4;partial=01;start_type=ATG;rbs_motif=GGA/GAG/AGG;rbs_spacer=5-10bp;gc_cont=0.653
contig01310_1        -            306 18426at72274         -            352    0.0033   15.6   0.1   1   3    0.0097       9.1    4.3   0.0    20    60    16    57     9    64 0.70 # 168 # 1085 # 1 # ID=1310_1;partial=00;start_type=ATG;rbs_motif=GGAG/GAGG;rbs_spacer=5-10bp;gc_cont=0.695
contig01310_1        -            306 18426at72274         -            352    0.0033   15.6   0.1   2   3   0.00043       0.4    8.7   0.0    78   111    98   132    95   153 0.84 # 168 # 1085 # 1 # ID=1310_1;partial=00;start_type=ATG;rbs_motif=GGAG/GAGG;rbs_spacer=5-10bp;gc_cont=0.695
contig01310_1        -            306 18426at72274         -            352    0.0033   15.6   0.1   3   3       1.8   1.7e+03   -3.2   0.0    94   119   216   238   212   266 0.66 # 168 # 1085 # 1 # ID=1310_1;partial=00;start_type=ATG;rbs_motif=GGAG/GAGG;rbs_spacer=5-10bp;gc_cont=0.695
contig01719_1        -            427 18426at72274         -            352     0.013   13.6   0.0   1   2   0.00011       0.1   10.7   0.0     6    59   162   212   157   218 0.84 # 2 # 1282 # 1 # ID=1719_1;partial=11;start_type=Edge;rbs_motif=None;rbs_spacer=None;gc_cont=0.651
contig01719_1        -            427 18426at72274         -            352     0.013   13.6   0.0   2   2      0.14   1.3e+02    0.5   0.0    72    87   255   271   248   324 0.84 # 2 # 1282 # 1 # ID=1719_1;partial=11;start_type=Edge;rbs_motif=None;rbs_spacer=None;gc_cont=0.651
contig00922_2        -             63 18426at72274         -            352     0.022   12.8   0.0   1   1   2.4e-05     0.022   12.8   0.0    38    61     3    26     1    47 0.83 # 1902 # 2090 # 1 # ID=922_2;partial=01;start_type=GTG;rbs_motif=None;rbs_spacer=None;gc_cont=0.630
contig00027_4        -            372 18426at72274         -            352     0.047   11.8   0.0   1   1   0.00011      0.11   10.6   0.0    13    61    60   114    51   117 0.69 # 4703 # 5818 # 1 # ID=27_4;partial=00;start_type=ATG;rbs_motif=AGGAG;rbs_spacer=5-10bp;gc_cont=0.686
#
# Program:         hmmsearch
# Version:         3.1b2 (February 2015)
# Pipeline mode:   SEARCH
# Query file:      /home/johngn/Microbial-Genomics-Journey-Workshop-2023/Reads_session_3/busco_downloads/lineages/pseudomonadales_odb10/hmms/18426at72274.hmm
# Target file:     /home/johngn/Microbial-Genomics-Journey-Workshop-2023/Reads_session_3/busco_op4/prodigal_output/predicted_genes/predicted.faa
# Option settings: hmmsearch --domtblout /home/johngn/Microbial-Genomics-Journey-Workshop-2023/Reads_session_3/busco_op4/run_pseudomonadales_odb10/hmmer_output/18426at72274.out --cpu 1 /home/johngn/Microbial-Genomics-Journey-Workshop-2023/Reads_session_3/busco_downloads/lineages/pseudomonadales_odb10/hmms/18426at72274.hmm /home/johngn/Microbial-Genomics-Journey-Workshop-2023/Reads_session_3/busco_op4/prodigal_output/predicted_genes/predicted.faa 
# Current dir:     /home/johngn/Microbial-Genomics-Journey-Workshop-2023/Reads_session_3
# Date:            Wed Mar  8 17:01:10 2023
# [ok]
