#                                                                            --- full sequence --- -------------- this domain -------------   hmm coord   ali coord   env coord
# target name        accession   tlen query name           accession   qlen   E-value  score  bias   #  of  c-Evalue  i-Evalue  score  bias  from    to  from    to  from    to  acc description of target
#------------------- ---------- ----- -------------------- ---------- ----- --------- ------ ----- --- --- --------- --------- ------ ----- ----- ----- ----- ----- ----- ----- ---- ---------------------
contig00046_8        -            905 1843at72274          -            652  1.1e-300  997.5   0.0   1   2   4.3e-49   7.2e-46  155.6   0.0     1   146     1   172     1   182 0.90 # 5028 # 7742 # -1 # ID=46_8;partial=00;start_type=ATG;rbs_motif=None;rbs_spacer=None;gc_cont=0.672
contig00046_8        -            905 1843at72274          -            652  1.1e-300  997.5   0.0   2   2  3.9e-256  6.5e-253  839.7   0.0   132   633   188   749   184   770 0.90 # 5028 # 7742 # -1 # ID=46_8;partial=00;start_type=ATG;rbs_motif=None;rbs_spacer=None;gc_cont=0.672
contig00008_21       -            274 1843at72274          -            652   3.3e-12   44.4   4.5   1   3   2.3e-07   0.00039   17.7   0.0   560   627     2    62     1    77 0.84 # 20295 # 21116 # -1 # ID=8_21;partial=01;start_type=Edge;rbs_motif=None;rbs_spacer=None;gc_cont=0.580
contig00008_21       -            274 1843at72274          -            652   3.3e-12   44.4   4.5   2   3   3.9e-10   6.5e-07   26.9   0.1   548   630    77   152    70   171 0.86 # 20295 # 21116 # -1 # ID=8_21;partial=01;start_type=Edge;rbs_motif=None;rbs_spacer=None;gc_cont=0.580
contig00008_21       -            274 1843at72274          -            652   3.3e-12   44.4   4.5   3   3     0.033        55    0.7   0.3    90   627   201   235   160   256 0.60 # 20295 # 21116 # -1 # ID=8_21;partial=01;start_type=Edge;rbs_motif=None;rbs_spacer=None;gc_cont=0.580
contig00187_2        -            780 1843at72274          -            652   8.9e-08   29.7   0.1   1   1   8.4e-11   1.4e-07   29.1   0.1   549   627   655   725   647   740 0.87 # 484 # 2823 # -1 # ID=187_2;partial=00;start_type=ATG;rbs_motif=AGxAGG/AGGxGG;rbs_spacer=3-4bp;gc_cont=0.673
contig00699_3        -            266 1843at72274          -            652   0.00072   16.8   0.1   1   1   6.5e-07    0.0011   16.2   0.1   548   627   191   261   137   264 0.80 # 1654 # 2451 # 1 # ID=699_3;partial=01;start_type=ATG;rbs_motif=GGA/GAG/AGG;rbs_spacer=5-10bp;gc_cont=0.602
contig00072_6        -            241 1843at72274          -            652      0.13    9.4   0.0   1   1   9.7e-05      0.16    9.0   0.0    60   103    11    53     2    73 0.85 # 4288 # 5010 # -1 # ID=72_6;partial=00;start_type=ATG;rbs_motif=GGxGG;rbs_spacer=5-10bp;gc_cont=0.698
#
# Program:         hmmsearch
# Version:         3.1b2 (February 2015)
# Pipeline mode:   SEARCH
# Query file:      /home/johngn/Microbial-Genomics-Journey-Workshop-2023/Reads_session_3/busco_downloads/lineages/pseudomonadales_odb10/hmms/1843at72274.hmm
# Target file:     /home/johngn/Microbial-Genomics-Journey-Workshop-2023/Reads_session_3/busco_op4/prodigal_output/predicted_genes/predicted.faa
# Option settings: hmmsearch --domtblout /home/johngn/Microbial-Genomics-Journey-Workshop-2023/Reads_session_3/busco_op4/run_pseudomonadales_odb10/hmmer_output/1843at72274.out --cpu 1 /home/johngn/Microbial-Genomics-Journey-Workshop-2023/Reads_session_3/busco_downloads/lineages/pseudomonadales_odb10/hmms/1843at72274.hmm /home/johngn/Microbial-Genomics-Journey-Workshop-2023/Reads_session_3/busco_op4/prodigal_output/predicted_genes/predicted.faa 
# Current dir:     /home/johngn/Microbial-Genomics-Journey-Workshop-2023/Reads_session_3
# Date:            Wed Mar  8 17:01:10 2023
# [ok]
