#                                                                            --- full sequence --- -------------- this domain -------------   hmm coord   ali coord   env coord
# target name        accession   tlen query name           accession   qlen   E-value  score  bias   #  of  c-Evalue  i-Evalue  score  bias  from    to  from    to  from    to  acc description of target
#------------------- ---------- ----- -------------------- ---------- ----- --------- ------ ----- --- --- --------- --------- ------ ----- ----- ----- ----- ----- ----- ----- ---- ---------------------
contig00561_1        -            189 18777at72274         -            384   1.3e-86  289.8  23.1   1   1   3.6e-89   1.4e-86  289.7  23.1     1   174     9   189     9   189 0.96 # 3 # 569 # -1 # ID=561_1;partial=10;start_type=ATG;rbs_motif=GGAG/GAGG;rbs_spacer=5-10bp;gc_cont=0.686
contig02550_1        -            266 18777at72274         -            384   2.2e-82  275.9  16.7   1   1   6.8e-84   2.7e-81  272.3  16.7   174   383     6   254     3   255 0.88 # 21 # 818 # -1 # ID=2550_1;partial=01;start_type=Edge;rbs_motif=None;rbs_spacer=None;gc_cont=0.673
contig00264_5        -            360 18777at72274         -            384   4.6e-15   54.3  15.9   1   2   2.5e-17   9.9e-15   53.2   3.8    51   158     6   110     1   149 0.77 # 2847 # 3926 # -1 # ID=264_5;partial=01;start_type=Edge;rbs_motif=None;rbs_spacer=None;gc_cont=0.713
contig00264_5        -            360 18777at72274         -            384   4.6e-15   54.3  15.9   2   2    0.0038       1.5    6.5   4.3    11   100   169   260   159   316 0.79 # 2847 # 3926 # -1 # ID=264_5;partial=01;start_type=Edge;rbs_motif=None;rbs_spacer=None;gc_cont=0.713
contig01661_1        -            189 18777at72274         -            384   4.7e-11   41.1  14.9   1   1   1.4e-13   5.5e-11   40.9  14.9    11   162    14   172     5   186 0.82 # 1 # 567 # -1 # ID=1661_1;partial=10;start_type=ATG;rbs_motif=AGGA;rbs_spacer=5-10bp;gc_cont=0.700
contig00137_4        -            403 18777at72274         -            384   1.2e-10   39.7  10.7   1   3   3.1e-13   1.2e-10   39.7  10.7     3   173    12   186    10   197 0.90 # 1237 # 2445 # -1 # ID=137_4;partial=00;start_type=GTG;rbs_motif=AGGAG;rbs_spacer=5-10bp;gc_cont=0.722
contig00137_4        -            403 18777at72274         -            384   1.2e-10   39.7  10.7   2   3       3.5   1.4e+03   -3.3   0.1   210   228   241   259   217   276 0.55 # 1237 # 2445 # -1 # ID=137_4;partial=00;start_type=GTG;rbs_motif=AGGAG;rbs_spacer=5-10bp;gc_cont=0.722
contig00137_4        -            403 18777at72274         -            384   1.2e-10   39.7  10.7   3   3       7.6   3.1e+03   -4.4   4.5   266   325   314   372   285   393 0.61 # 1237 # 2445 # -1 # ID=137_4;partial=00;start_type=GTG;rbs_motif=AGGAG;rbs_spacer=5-10bp;gc_cont=0.722
contig01369_1        -            456 18777at72274         -            384   1.4e-08   32.9   4.4   1   2   3.5e-11   1.4e-08   32.9   4.4    43   154    56   166    14   171 0.86 # 2 # 1369 # -1 # ID=1369_1;partial=10;start_type=ATG;rbs_motif=AGGAG;rbs_spacer=5-10bp;gc_cont=0.686
contig01369_1        -            456 18777at72274         -            384   1.4e-08   32.9   4.4   2   2       3.2   1.3e+03   -3.1   5.6    97   244   273   419   268   424 0.77 # 2 # 1369 # -1 # ID=1369_1;partial=10;start_type=ATG;rbs_motif=AGGAG;rbs_spacer=5-10bp;gc_cont=0.686
contig00477_1        -            349 18777at72274         -            384     7e-08   30.7   8.6   1   2   1.7e-10     7e-08   30.7   8.6    12   168     9   170     2   185 0.86 # 3 # 1049 # -1 # ID=477_1;partial=10;start_type=ATG;rbs_motif=GGA/GAG/AGG;rbs_spacer=5-10bp;gc_cont=0.699
contig00477_1        -            349 18777at72274         -            384     7e-08   30.7   8.6   2   2       3.5   1.4e+03   -3.3   0.0   205   228   222   248   209   259 0.68 # 3 # 1049 # -1 # ID=477_1;partial=10;start_type=ATG;rbs_motif=GGA/GAG/AGG;rbs_spacer=5-10bp;gc_cont=0.699
contig01688_1        -            237 18777at72274         -            384   1.7e-07   29.4   1.5   1   1   7.4e-10     3e-07   28.6   1.5    63   176    63   181    41   191 0.90 # 2 # 712 # -1 # ID=1688_1;partial=10;start_type=ATG;rbs_motif=GGAG/GAGG;rbs_spacer=5-10bp;gc_cont=0.723
contig00272_5        -            418 18777at72274         -            384   5.6e-07   27.7  12.0   1   2   1.4e-09   5.6e-07   27.7  12.0    12   172    24   192    14   201 0.82 # 2257 # 3510 # -1 # ID=272_5;partial=00;start_type=ATG;rbs_motif=GGAG/GAGG;rbs_spacer=5-10bp;gc_cont=0.738
contig00272_5        -            418 18777at72274         -            384   5.6e-07   27.7  12.0   2   2      0.35   1.4e+02    0.0   2.9   268   331   227   291   215   300 0.68 # 2257 # 3510 # -1 # ID=272_5;partial=00;start_type=ATG;rbs_motif=GGAG/GAGG;rbs_spacer=5-10bp;gc_cont=0.738
contig00505_2        -            230 18777at72274         -            384     1e-06   26.8   3.3   1   2   2.6e-09     1e-06   26.8   3.3    40   109    47   116    19   126 0.85 # 2236 # 2925 # 1 # ID=505_2;partial=01;start_type=ATG;rbs_motif=GGAG/GAGG;rbs_spacer=5-10bp;gc_cont=0.683
contig00505_2        -            230 18777at72274         -            384     1e-06   26.8   3.3   2   2     0.081        33    2.1   0.4   310   351   148   188   127   192 0.79 # 2236 # 2925 # 1 # ID=505_2;partial=01;start_type=ATG;rbs_motif=GGAG/GAGG;rbs_spacer=5-10bp;gc_cont=0.683
contig02287_1        -            313 18777at72274         -            384   4.5e-06   24.7   8.7   1   2   1.1e-08   4.5e-06   24.7   8.7    45   178     3   143     1   156 0.73 # 3 # 941 # -1 # ID=2287_1;partial=11;start_type=Edge;rbs_motif=None;rbs_spacer=None;gc_cont=0.744
contig02287_1        -            313 18777at72274         -            384   4.5e-06   24.7   8.7   2   2       1.9   7.6e+02   -2.4   1.7    45   129   213   297   203   309 0.59 # 3 # 941 # -1 # ID=2287_1;partial=11;start_type=Edge;rbs_motif=None;rbs_spacer=None;gc_cont=0.744
contig00079_2        -            436 18777at72274         -            384   9.4e-05   20.4  11.2   1   2   1.2e-06   0.00048   18.0   2.3    36   140    43   151    35   185 0.70 # 656 # 1963 # -1 # ID=79_2;partial=00;start_type=ATG;rbs_motif=AGGAG;rbs_spacer=5-10bp;gc_cont=0.664
contig00079_2        -            436 18777at72274         -            384   9.4e-05   20.4  11.2   2   2    0.0022      0.88    7.3   1.8   175   327   220   386   211   411 0.78 # 656 # 1963 # -1 # ID=79_2;partial=00;start_type=ATG;rbs_motif=AGGAG;rbs_spacer=5-10bp;gc_cont=0.664
contig01672_1        -            440 18777at72274         -            384   0.00018   19.4  11.1   1   2   4.5e-07   0.00018   19.4  11.1    25   169    28   172    10   177 0.69 # 1 # 1320 # -1 # ID=1672_1;partial=11;start_type=Edge;rbs_motif=None;rbs_spacer=None;gc_cont=0.708
contig01672_1        -            440 18777at72274         -            384   0.00018   19.4  11.1   2   2      0.52   2.1e+02   -0.5   0.4   130   162   276   310   272   335 0.68 # 1 # 1320 # -1 # ID=1672_1;partial=11;start_type=Edge;rbs_motif=None;rbs_spacer=None;gc_cont=0.708
contig00374_2        -            452 18777at72274         -            384    0.0003   18.7   5.5   1   3   7.4e-07    0.0003   18.7   5.5    63   161    77   180    60   198 0.77 # 263 # 1618 # -1 # ID=374_2;partial=00;start_type=ATG;rbs_motif=GGA/GAG/AGG;rbs_spacer=5-10bp;gc_cont=0.684
contig00374_2        -            452 18777at72274         -            384    0.0003   18.7   5.5   2   3       4.6   1.8e+03   -3.6   0.5    60   113   292   316   276   323 0.46 # 263 # 1618 # -1 # ID=374_2;partial=00;start_type=ATG;rbs_motif=GGA/GAG/AGG;rbs_spacer=5-10bp;gc_cont=0.684
contig00374_2        -            452 18777at72274         -            384    0.0003   18.7   5.5   3   3       3.9   1.6e+03   -3.4   0.7    61    61   382   382   330   417 0.53 # 263 # 1618 # -1 # ID=374_2;partial=00;start_type=ATG;rbs_motif=GGA/GAG/AGG;rbs_spacer=5-10bp;gc_cont=0.684
contig01129_2        -            371 18777at72274         -            384   0.00038   18.4  26.8   1   1   5.2e-06    0.0021   15.9  26.8    48   327    23   330     2   362 0.66 # 689 # 1801 # -1 # ID=1129_2;partial=01;start_type=Edge;rbs_motif=None;rbs_spacer=None;gc_cont=0.716
contig00104_3        -            502 18777at72274         -            384   0.00071   17.5  20.9   1   2   1.8e-06   0.00071   17.5  20.9    40   281    45   283     9   327 0.65 # 2052 # 3557 # 1 # ID=104_3;partial=00;start_type=TTG;rbs_motif=GGA/GAG/AGG;rbs_spacer=5-10bp;gc_cont=0.707
contig00104_3        -            502 18777at72274         -            384   0.00071   17.5  20.9   2   2      0.13        50    1.5   0.2   204   248   338   384   321   424 0.65 # 2052 # 3557 # 1 # ID=104_3;partial=00;start_type=TTG;rbs_motif=GGA/GAG/AGG;rbs_spacer=5-10bp;gc_cont=0.707
contig02302_1        -            311 18777at72274         -            384    0.0035   15.2   4.5   1   1   2.1e-05    0.0086   13.9   4.5    62   160    12   108     2   139 0.71 # 3 # 935 # -1 # ID=2302_1;partial=11;start_type=Edge;rbs_motif=None;rbs_spacer=None;gc_cont=0.705
contig02893_1        -            138 18777at72274         -            384     0.004   15.0   0.7   1   1   1.4e-05    0.0055   14.5   0.7    50    95    68   113    58   129 0.83 # 249 # 662 # 1 # ID=2893_1;partial=01;start_type=ATG;rbs_motif=GGAG/GAGG;rbs_spacer=5-10bp;gc_cont=0.655
contig02484_1        -            280 18777at72274         -            384     0.052   11.3   9.9   1   1    0.0002     0.082   10.7   9.9    25   156   128   257   110   279 0.66 # 2 # 841 # -1 # ID=2484_1;partial=11;start_type=Edge;rbs_motif=None;rbs_spacer=None;gc_cont=0.687
contig00154_3        -            432 18777at72274         -            384      0.14    9.9  18.5   1   2   9.9e-05      0.04   11.7  13.1    21   171    26   174     3   180 0.77 # 3451 # 4746 # -1 # ID=154_3;partial=00;start_type=ATG;rbs_motif=GGA/GAG/AGG;rbs_spacer=5-10bp;gc_cont=0.659
contig00154_3        -            432 18777at72274         -            384      0.14    9.9  18.5   2   2      0.36   1.4e+02   -0.0   0.2    45    81   356   396   339   419 0.72 # 3451 # 4746 # -1 # ID=154_3;partial=00;start_type=ATG;rbs_motif=GGA/GAG/AGG;rbs_spacer=5-10bp;gc_cont=0.659
contig00421_3        -            445 18777at72274         -            384      0.52    8.0  22.4   1   3   2.5e-05      0.01   13.7   4.5    44   108    57   121    19   135 0.76 # 1736 # 3070 # -1 # ID=421_3;partial=00;start_type=ATG;rbs_motif=GGAGG;rbs_spacer=5-10bp;gc_cont=0.718
contig00421_3        -            445 18777at72274         -            384      0.52    8.0  22.4   2   3     0.017       6.8    4.4   0.9   290   324   134   168   125   181 0.76 # 1736 # 3070 # -1 # ID=421_3;partial=00;start_type=ATG;rbs_motif=GGAGG;rbs_spacer=5-10bp;gc_cont=0.718
contig00421_3        -            445 18777at72274         -            384      0.52    8.0  22.4   3   3      0.32   1.3e+02    0.2   3.1   266   326   255   314   237   342 0.64 # 1736 # 3070 # -1 # ID=421_3;partial=00;start_type=ATG;rbs_motif=GGAGG;rbs_spacer=5-10bp;gc_cont=0.718
#
# Program:         hmmsearch
# Version:         3.1b2 (February 2015)
# Pipeline mode:   SEARCH
# Query file:      /home/johngn/Microbial-Genomics-Journey-Workshop-2023/Reads_session_3/busco_downloads/lineages/pseudomonadales_odb10/hmms/18777at72274.hmm
# Target file:     /home/johngn/Microbial-Genomics-Journey-Workshop-2023/Reads_session_3/busco_op4/prodigal_output/predicted_genes/predicted.faa
# Option settings: hmmsearch --domtblout /home/johngn/Microbial-Genomics-Journey-Workshop-2023/Reads_session_3/busco_op4/run_pseudomonadales_odb10/hmmer_output/18777at72274.out --cpu 1 /home/johngn/Microbial-Genomics-Journey-Workshop-2023/Reads_session_3/busco_downloads/lineages/pseudomonadales_odb10/hmms/18777at72274.hmm /home/johngn/Microbial-Genomics-Journey-Workshop-2023/Reads_session_3/busco_op4/prodigal_output/predicted_genes/predicted.faa 
# Current dir:     /home/johngn/Microbial-Genomics-Journey-Workshop-2023/Reads_session_3
# Date:            Wed Mar  8 17:01:10 2023
# [ok]
