#                                                                            --- full sequence --- -------------- this domain -------------   hmm coord   ali coord   env coord
# target name        accession   tlen query name           accession   qlen   E-value  score  bias   #  of  c-Evalue  i-Evalue  score  bias  from    to  from    to  from    to  acc description of target
#------------------- ---------- ----- -------------------- ---------- ----- --------- ------ ----- --- --- --------- --------- ------ ----- ----- ----- ----- ----- ----- ----- ---- ---------------------
contig00785_2        -            151 18974at72274         -            424     2e-84  282.8   0.1   1   1   4.2e-87   2.2e-84  282.6   0.1   278   424     1   150     1   150 0.97 # 1857 # 2309 # -1 # ID=785_2;partial=01;start_type=Edge;rbs_motif=None;rbs_spacer=None;gc_cont=0.675
contig00052_7        -            429 18974at72274         -            424   9.1e-73  244.4   4.1   1   2   1.7e-15   8.9e-13   46.7   1.0     1    73     6    80     6    88 0.93 # 3586 # 4872 # 1 # ID=52_7;partial=00;start_type=ATG;rbs_motif=GGAGG;rbs_spacer=5-10bp;gc_cont=0.700
contig00052_7        -            429 18974at72274         -            424   9.1e-73  244.4   4.1   2   2   1.8e-61   9.6e-59  198.2   0.1   150   417   132   420   121   427 0.82 # 3586 # 4872 # 1 # ID=52_7;partial=00;start_type=ATG;rbs_motif=GGAGG;rbs_spacer=5-10bp;gc_cont=0.700
contig00365_1        -            371 18974at72274         -            424     6e-52  175.8   0.6   1   2   4.1e-15   2.2e-12   45.5   0.1     2    75     5    80     4    90 0.92 # 14 # 1126 # 1 # ID=365_1;partial=00;start_type=ATG;rbs_motif=GGAG/GAGG;rbs_spacer=5-10bp;gc_cont=0.719
contig00365_1        -            371 18974at72274         -            424     6e-52  175.8   0.6   2   2   7.9e-40   4.2e-37  126.9   0.0   146   413   103   361    91   367 0.88 # 14 # 1126 # 1 # ID=365_1;partial=00;start_type=ATG;rbs_motif=GGAG/GAGG;rbs_spacer=5-10bp;gc_cont=0.719
contig02128_1        -            174 18974at72274         -            424   5.7e-50  169.3  10.6   1   2   5.9e-34   3.1e-31  107.5   2.1     1    83     5    87     5    92 0.94 # 3 # 524 # -1 # ID=2128_1;partial=10;start_type=GTG;rbs_motif=AGGAG;rbs_spacer=5-10bp;gc_cont=0.648
contig02128_1        -            174 18974at72274         -            424   5.7e-50  169.3  10.6   2   2   1.2e-21   6.4e-19   67.0   1.5    73   123   120   173   116   174 0.58 # 3 # 524 # -1 # ID=2128_1;partial=10;start_type=GTG;rbs_motif=AGGAG;rbs_spacer=5-10bp;gc_cont=0.648
contig03304_1        -            169 18974at72274         -            424   2.2e-37  127.8   0.1   1   1   5.6e-40   2.9e-37  127.4   0.1   152   262    29   169    17   169 0.82 # 3 # 509 # 1 # ID=3304_1;partial=11;start_type=Edge;rbs_motif=None;rbs_spacer=None;gc_cont=0.698
contig00222_3        -            266 18974at72274         -            424   3.5e-16   57.9   6.7   1   2   2.5e-08   1.3e-05   23.1   1.3    84   163    18    98     3   102 0.74 # 3413 # 4210 # 1 # ID=222_3;partial=01;start_type=ATG;rbs_motif=AGGA;rbs_spacer=5-10bp;gc_cont=0.679
contig00222_3        -            266 18974at72274         -            424   3.5e-16   57.9   6.7   2   2   5.5e-13   2.9e-10   38.4   0.8   144   281    98   263    93   266 0.74 # 3413 # 4210 # 1 # ID=222_3;partial=01;start_type=ATG;rbs_motif=AGGA;rbs_spacer=5-10bp;gc_cont=0.679
contig00135_2        -            608 18974at72274         -            424     1e-09   36.7   1.0   1   1   3.2e-12   1.7e-09   35.9   1.0    11    70   546   605   541   607 0.96 # 762 # 2585 # -1 # ID=135_2;partial=00;start_type=ATG;rbs_motif=AGGAG;rbs_spacer=5-10bp;gc_cont=0.658
contig00865_1        -            272 18974at72274         -            424   4.4e-06   24.7   0.5   1   1   1.1e-08   5.7e-06   24.3   0.5    10    73   207   270   203   271 0.91 # 3 # 818 # 1 # ID=865_1;partial=10;start_type=Edge;rbs_motif=None;rbs_spacer=None;gc_cont=0.730
contig00914_1        -            701 18974at72274         -            424   9.3e-06   23.6   0.0   1   1   2.8e-08   1.5e-05   22.9   0.0    11    73   236   298   229   325 0.90 # 1 # 2103 # 1 # ID=914_1;partial=11;start_type=Edge;rbs_motif=None;rbs_spacer=None;gc_cont=0.708
contig00215_5        -            324 18974at72274         -            424   0.00012   19.9   0.0   1   1     4e-07   0.00021   19.1   0.0    31    76    31    76    22   122 0.89 # 3097 # 4068 # 1 # ID=215_5;partial=00;start_type=ATG;rbs_motif=AGGA;rbs_spacer=5-10bp;gc_cont=0.691
contig00402_1        -            316 18974at72274         -            424   0.00025   18.9   0.1   1   1   1.4e-06   0.00072   17.4   0.1    39    82    61   105    42   125 0.79 # 3 # 950 # -1 # ID=402_1;partial=10;start_type=ATG;rbs_motif=GGA/GAG/AGG;rbs_spacer=5-10bp;gc_cont=0.685
contig00336_2        -             83 18974at72274         -            424    0.0015   16.4   0.1   1   1   3.1e-06    0.0016   16.2   0.1    19    70    27    78    23    82 0.83 # 1261 # 1509 # -1 # ID=336_2;partial=00;start_type=ATG;rbs_motif=GGAG/GAGG;rbs_spacer=5-10bp;gc_cont=0.671
contig02558_1        -            130 18974at72274         -            424    0.0015   16.3   0.0   1   1   3.5e-06    0.0019   16.0   0.0    17    66    75   124    56   129 0.66 # 1 # 390 # 1 # ID=2558_1;partial=10;start_type=Edge;rbs_motif=None;rbs_spacer=None;gc_cont=0.674
contig01639_2        -            179 18974at72274         -            424    0.0018   16.0   0.1   1   1   4.2e-06    0.0022   15.8   0.1    10   146    18    81     7    98 0.53 # 810 # 1346 # 1 # ID=1639_2;partial=01;start_type=ATG;rbs_motif=GGAGG;rbs_spacer=5-10bp;gc_cont=0.683
contig01614_1        -            326 18974at72274         -            424    0.0021   15.8   0.0   1   1   7.3e-06    0.0039   15.0   0.0    40    77    68   105    62   117 0.90 # 3 # 980 # -1 # ID=1614_1;partial=10;start_type=ATG;rbs_motif=GGAG/GAGG;rbs_spacer=5-10bp;gc_cont=0.708
contig00673_2        -            368 18974at72274         -            424      0.01   13.5   0.2   1   1    0.0022       1.2    6.8   0.0    84   122    68   106    58   160 0.69 # 148 # 1251 # -1 # ID=673_2;partial=00;start_type=ATG;rbs_motif=GGA/GAG/AGG;rbs_spacer=5-10bp;gc_cont=0.708
#
# Program:         hmmsearch
# Version:         3.1b2 (February 2015)
# Pipeline mode:   SEARCH
# Query file:      /home/johngn/Microbial-Genomics-Journey-Workshop-2023/Reads_session_3/busco_downloads/lineages/pseudomonadales_odb10/hmms/18974at72274.hmm
# Target file:     /home/johngn/Microbial-Genomics-Journey-Workshop-2023/Reads_session_3/busco_op4/prodigal_output/predicted_genes/predicted.faa
# Option settings: hmmsearch --domtblout /home/johngn/Microbial-Genomics-Journey-Workshop-2023/Reads_session_3/busco_op4/run_pseudomonadales_odb10/hmmer_output/18974at72274.out --cpu 1 /home/johngn/Microbial-Genomics-Journey-Workshop-2023/Reads_session_3/busco_downloads/lineages/pseudomonadales_odb10/hmms/18974at72274.hmm /home/johngn/Microbial-Genomics-Journey-Workshop-2023/Reads_session_3/busco_op4/prodigal_output/predicted_genes/predicted.faa 
# Current dir:     /home/johngn/Microbial-Genomics-Journey-Workshop-2023/Reads_session_3
# Date:            Wed Mar  8 17:01:11 2023
# [ok]
