#                                                                            --- full sequence --- -------------- this domain -------------   hmm coord   ali coord   env coord
# target name        accession   tlen query name           accession   qlen   E-value  score  bias   #  of  c-Evalue  i-Evalue  score  bias  from    to  from    to  from    to  acc description of target
#------------------- ---------- ----- -------------------- ---------- ----- --------- ------ ----- --- --- --------- --------- ------ ----- ----- ----- ----- ----- ----- ----- ---- ---------------------
contig00997_1        -            479 19630at72274         -            384   3.9e-98  327.6   0.5   1   2   1.9e-14   2.2e-12   45.4   0.1    23    84    46   112    35   125 0.88 # 305 # 1741 # -1 # ID=997_1;partial=00;start_type=ATG;rbs_motif=GGA/GAG/AGG;rbs_spacer=5-10bp;gc_cont=0.665
contig00997_1        -            479 19630at72274         -            384   3.9e-98  327.6   0.5   2   2   7.3e-86   8.2e-84  280.4   0.1    85   317   147   385   141   395 0.96 # 305 # 1741 # -1 # ID=997_1;partial=00;start_type=ATG;rbs_motif=GGA/GAG/AGG;rbs_spacer=5-10bp;gc_cont=0.665
contig02308_2        -            222 19630at72274         -            384   2.6e-87  291.9   7.1   1   1   4.9e-84   5.5e-82  274.4   7.1     1   164     7   221     7   222 0.87 # 267 # 932 # 1 # ID=2308_2;partial=01;start_type=ATG;rbs_motif=AGGAG;rbs_spacer=5-10bp;gc_cont=0.671
contig00048_2        -            442 19630at72274         -            384     3e-85  285.2   0.5   1   2   8.4e-14   9.4e-12   43.3   0.0    23    97    49   132    37   140 0.82 # 1274 # 2599 # -1 # ID=48_2;partial=00;start_type=ATG;rbs_motif=GGA/GAG/AGG;rbs_spacer=5-10bp;gc_cont=0.683
contig00048_2        -            442 19630at72274         -            384     3e-85  285.2   0.5   2   2   1.4e-73   1.6e-71  240.0   0.1    84   383   143   439   139   440 0.95 # 1274 # 2599 # -1 # ID=48_2;partial=00;start_type=ATG;rbs_motif=GGA/GAG/AGG;rbs_spacer=5-10bp;gc_cont=0.683
contig01470_2        -            380 19630at72274         -            384   4.1e-84  281.4   0.0   1   1   7.1e-86   7.9e-84  280.5   0.0     6   306    29   360    26   376 0.89 # 331 # 1470 # 1 # ID=1470_2;partial=01;start_type=ATG;rbs_motif=GGA/GAG/AGG;rbs_spacer=5-10bp;gc_cont=0.674
contig00439_2        -            443 19630at72274         -            384   7.4e-79  264.1   0.0   1   1     9e-81     1e-78  263.7   0.0    85   376   137   433   133   440 0.86 # 1213 # 2541 # 1 # ID=439_2;partial=00;start_type=ATG;rbs_motif=AGGAG;rbs_spacer=5-10bp;gc_cont=0.703
contig02132_1        -            339 19630at72274         -            384   2.8e-77  258.9   0.1   1   1   3.2e-79   3.6e-77  258.6   0.1    86   312    25   256    21   282 0.94 # 3 # 1019 # -1 # ID=2132_1;partial=11;start_type=Edge;rbs_motif=None;rbs_spacer=None;gc_cont=0.661
contig00388_2        -            450 19630at72274         -            384   4.1e-77  258.4   0.2   1   1     2e-77   2.2e-75  252.7   0.2    38   383    77   448    44   449 0.82 # 1277 # 2626 # -1 # ID=388_2;partial=00;start_type=ATG;rbs_motif=AGGA/GGAG/GAGG;rbs_spacer=11-12bp;gc_cont=0.668
contig00737_2        -            377 19630at72274         -            384   3.8e-73  245.3   0.1   1   2   1.3e-72   1.4e-70  236.9   0.0    81   308    23   256    16   277 0.94 # 972 # 2102 # -1 # ID=737_2;partial=00;start_type=ATG;rbs_motif=None;rbs_spacer=None;gc_cont=0.678
contig00737_2        -            377 19630at72274         -            384   3.8e-73  245.3   0.1   2   2     0.012       1.3    6.5   0.0   344   377   315   349   291   355 0.80 # 972 # 2102 # -1 # ID=737_2;partial=00;start_type=ATG;rbs_motif=None;rbs_spacer=None;gc_cont=0.678
contig00088_3        -            518 19630at72274         -            384   2.1e-72  242.9   0.3   1   1   7.1e-74     8e-72  241.0   0.3    83   383   190   515   184   516 0.86 # 1097 # 2650 # -1 # ID=88_3;partial=00;start_type=ATG;rbs_motif=GGAG/GAGG;rbs_spacer=5-10bp;gc_cont=0.706
contig00433_1        -            362 19630at72274         -            384   9.6e-71  237.4   0.1   1   1   1.8e-71   2.1e-69  233.1   0.1    83   323    17   262     9   346 0.87 # 160 # 1245 # -1 # ID=433_1;partial=00;start_type=ATG;rbs_motif=GGA/GAG/AGG;rbs_spacer=5-10bp;gc_cont=0.692
contig01971_1        -            366 19630at72274         -            384   3.6e-67  225.7   0.0   1   1   4.4e-69   4.9e-67  225.2   0.0    84   275   156   353   149   365 0.93 # 3 # 1100 # 1 # ID=1971_1;partial=11;start_type=Edge;rbs_motif=None;rbs_spacer=None;gc_cont=0.680
contig00500_2        -            644 19630at72274         -            384     5e-66  221.9   0.0   1   1   5.9e-68   6.7e-66  221.5   0.0    98   381   344   635   309   638 0.87 # 724 # 2655 # -1 # ID=500_2;partial=00;start_type=ATG;rbs_motif=GGAG/GAGG;rbs_spacer=5-10bp;gc_cont=0.711
contig00259_1        -            467 19630at72274         -            384   4.9e-63  212.1   0.0   1   1   7.7e-65   8.6e-63  211.3   0.0    86   383   145   457   124   458 0.87 # 63 # 1463 # -1 # ID=259_1;partial=00;start_type=ATG;rbs_motif=GGAG/GAGG;rbs_spacer=5-10bp;gc_cont=0.700
contig00090_2        -            520 19630at72274         -            384   6.5e-63  211.6   0.0   1   1   7.1e-65     8e-63  211.4   0.0    86   314   206   441   172   514 0.87 # 406 # 1965 # 1 # ID=90_2;partial=00;start_type=ATG;rbs_motif=None;rbs_spacer=None;gc_cont=0.680
contig00446_1        -            368 19630at72274         -            384   1.2e-58  197.6   0.0   1   1   1.5e-60   1.7e-58  197.1   0.0    86   269   157   347   148   355 0.94 # 2 # 1105 # -1 # ID=446_1;partial=10;start_type=ATG;rbs_motif=AGGAG;rbs_spacer=5-10bp;gc_cont=0.684
contig00954_1        -            486 19630at72274         -            384   5.1e-52  175.8   0.2   1   1   7.7e-54   8.7e-52  175.0   0.2    94   247   324   484   317   486 0.93 # 3 # 1460 # -1 # ID=954_1;partial=10;start_type=ATG;rbs_motif=GGAGG;rbs_spacer=3-4bp;gc_cont=0.707
contig03231_1        -            180 19630at72274         -            384   4.6e-46  156.2   0.1   1   1   5.1e-48   5.8e-46  155.9   0.1    46   207     2   179     1   180 0.88 # 1 # 540 # 1 # ID=3231_1;partial=11;start_type=Edge;rbs_motif=None;rbs_spacer=None;gc_cont=0.687
contig03091_1        -            195 19630at72274         -            384   5.7e-43  146.0   0.0   1   1   6.1e-45   6.8e-43  145.8   0.0   160   305     1   149     1   160 0.95 # 3 # 587 # -1 # ID=3091_1;partial=11;start_type=Edge;rbs_motif=None;rbs_spacer=None;gc_cont=0.706
contig00988_2        -            210 19630at72274         -            384   5.6e-36  123.0   0.0   1   1     5e-38   5.6e-36  123.0   0.0   172   324     2   153     1   209 0.86 # 1361 # 1990 # -1 # ID=988_2;partial=01;start_type=Edge;rbs_motif=None;rbs_spacer=None;gc_cont=0.684
contig03011_1        -            204 19630at72274         -            384   4.3e-32  110.2   0.0   1   1   4.8e-34   5.4e-32  109.9   0.0   184   309     1   127     1   145 0.90 # 1 # 612 # 1 # ID=3011_1;partial=11;start_type=Edge;rbs_motif=None;rbs_spacer=None;gc_cont=0.632
contig00625_1        -            191 19630at72274         -            384     2e-30  104.7   0.0   1   1   2.4e-32   2.6e-30  104.3   0.0   204   382     3   174     1   176 0.94 # 3 # 575 # 1 # ID=625_1;partial=10;start_type=Edge;rbs_motif=None;rbs_spacer=None;gc_cont=0.682
contig01193_1        -            353 19630at72274         -            384   2.8e-28   97.6   0.7   1   1   3.1e-30   3.5e-28   97.3   0.7    85   241   187   353   165   353 0.85 # 1 # 1059 # -1 # ID=1193_1;partial=10;start_type=ATG;rbs_motif=AGGA;rbs_spacer=5-10bp;gc_cont=0.678
contig03160_1        -             67 19630at72274         -            384   1.2e-21   75.8   0.1   1   1   1.2e-23   1.3e-21   75.7   0.1   333   384     3    55     1    55 0.96 # 369 # 569 # -1 # ID=3160_1;partial=01;start_type=Edge;rbs_motif=None;rbs_spacer=None;gc_cont=0.672
contig00096_1        -            198 19630at72274         -            384   3.6e-21   74.2   0.1   1   2   2.3e-13   2.6e-11   41.8   0.0    17    86    41   119    29   132 0.86 # 3 # 596 # -1 # ID=96_1;partial=10;start_type=ATG;rbs_motif=GGA/GAG/AGG;rbs_spacer=5-10bp;gc_cont=0.677
contig00096_1        -            198 19630at72274         -            384   3.6e-21   74.2   0.1   2   2   6.5e-10   7.3e-08   30.4   0.0    86   135   143   192   129   198 0.88 # 3 # 596 # -1 # ID=96_1;partial=10;start_type=ATG;rbs_motif=GGA/GAG/AGG;rbs_spacer=5-10bp;gc_cont=0.677
contig02387_1        -            207 19630at72274         -            384   2.2e-19   68.4   0.0   1   2   1.7e-19     2e-17   62.0   0.0   219   314     1    96     1   107 0.93 # 3 # 623 # 1 # ID=2387_1;partial=10;start_type=Edge;rbs_motif=None;rbs_spacer=None;gc_cont=0.721
contig02387_1        -            207 19630at72274         -            384   2.2e-19   68.4   0.0   2   2     0.044       4.9    4.7   0.0   349   382   159   192   142   194 0.85 # 3 # 623 # 1 # ID=2387_1;partial=10;start_type=Edge;rbs_motif=None;rbs_spacer=None;gc_cont=0.721
contig00086_4        -            187 19630at72274         -            384   3.1e-09   35.0   1.6   1   3       2.4   2.7e+02   -1.1   0.0     3    23    17    37    14    43 0.81 # 2921 # 3481 # 1 # ID=86_4;partial=00;start_type=ATG;rbs_motif=GGAG/GAGG;rbs_spacer=5-10bp;gc_cont=0.674
contig00086_4        -            187 19630at72274         -            384   3.1e-09   35.0   1.6   2   3   1.4e-09   1.6e-07   29.3   0.1    19    80    53   123    47   131 0.83 # 2921 # 3481 # 1 # ID=86_4;partial=00;start_type=ATG;rbs_motif=GGAG/GAGG;rbs_spacer=5-10bp;gc_cont=0.674
contig00086_4        -            187 19630at72274         -            384   3.1e-09   35.0   1.6   3   3     0.093        10    3.6   0.2   350   381   150   181   137   184 0.89 # 2921 # 3481 # 1 # ID=86_4;partial=00;start_type=ATG;rbs_motif=GGAG/GAGG;rbs_spacer=5-10bp;gc_cont=0.674
contig00199_3        -            304 19630at72274         -            384   7.2e-09   33.8   0.0   1   2   1.1e-09   1.3e-07   29.6   0.0    17    88    43   124    35   129 0.81 # 1769 # 2680 # 1 # ID=199_3;partial=00;start_type=ATG;rbs_motif=GGAG/GAGG;rbs_spacer=5-10bp;gc_cont=0.696
contig00199_3        -            304 19630at72274         -            384   7.2e-09   33.8   0.0   2   2      0.33        37    1.8   0.0    37    72   208   244   172   250 0.69 # 1769 # 2680 # 1 # ID=199_3;partial=00;start_type=ATG;rbs_motif=GGAG/GAGG;rbs_spacer=5-10bp;gc_cont=0.696
contig00349_4        -            260 19630at72274         -            384   2.1e-08   32.2   0.0   1   2       8.8   9.9e+02   -2.9   0.0     3    27     8    32     7    39 0.85 # 2722 # 3501 # 1 # ID=349_4;partial=01;start_type=ATG;rbs_motif=AGGAG;rbs_spacer=5-10bp;gc_cont=0.662
contig00349_4        -            260 19630at72274         -            384   2.1e-08   32.2   0.0   2   2   3.6e-10   4.1e-08   31.3   0.0    17    94    44   132    34   186 0.81 # 2722 # 3501 # 1 # ID=349_4;partial=01;start_type=ATG;rbs_motif=AGGAG;rbs_spacer=5-10bp;gc_cont=0.662
contig00240_1        -            177 19630at72274         -            384     8e-08   30.3   0.3   1   2      0.91     1e+02    0.3   0.0     2    26     9    33     8    43 0.85 # 3 # 533 # -1 # ID=240_1;partial=10;start_type=ATG;rbs_motif=GGA/GAG/AGG;rbs_spacer=5-10bp;gc_cont=0.627
contig00240_1        -            177 19630at72274         -            384     8e-08   30.3   0.3   2   2     4e-09   4.5e-07   27.8   0.0    17    73    44   109    35   126 0.81 # 3 # 533 # -1 # ID=240_1;partial=10;start_type=ATG;rbs_motif=GGA/GAG/AGG;rbs_spacer=5-10bp;gc_cont=0.627
contig00187_3        -            248 19630at72274         -            384   2.2e-07   28.9   0.0   1   2     0.079       8.8    3.8   0.0     1    25    13    37    13    52 0.88 # 3012 # 3755 # 1 # ID=187_3;partial=00;start_type=ATG;rbs_motif=GGAG/GAGG;rbs_spacer=5-10bp;gc_cont=0.679
contig00187_3        -            248 19630at72274         -            384   2.2e-07   28.9   0.0   2   2     1e-07   1.1e-05   23.3   0.0    19    83    51   124    42   187 0.74 # 3012 # 3755 # 1 # ID=187_3;partial=00;start_type=ATG;rbs_motif=GGAG/GAGG;rbs_spacer=5-10bp;gc_cont=0.679
contig00134_4        -            222 19630at72274         -            384   2.5e-07   28.7   0.0   1   1     3e-09   3.3e-07   28.3   0.0    15    82    37   113    27   147 0.82 # 2576 # 3241 # 1 # ID=134_4;partial=00;start_type=ATG;rbs_motif=GGAG/GAGG;rbs_spacer=5-10bp;gc_cont=0.701
contig00191_1        -            168 19630at72274         -            384   2.7e-07   28.6   0.1   1   2   1.2e-08   1.4e-06   26.3   0.0    25    85     6    75     2    87 0.83 # 2 # 505 # 1 # ID=191_1;partial=10;start_type=Edge;rbs_motif=None;rbs_spacer=None;gc_cont=0.696
contig00191_1        -            168 19630at72274         -            384   2.7e-07   28.6   0.1   2   2         1   1.1e+02    0.2   0.0   247   293    93   141    84   145 0.73 # 2 # 505 # 1 # ID=191_1;partial=10;start_type=Edge;rbs_motif=None;rbs_spacer=None;gc_cont=0.696
contig00443_2        -            240 19630at72274         -            384   4.6e-07   27.8   0.0   1   1   6.1e-09   6.8e-07   27.3   0.0    20    77    50   115    44   129 0.83 # 791 # 1510 # -1 # ID=443_2;partial=00;start_type=ATG;rbs_motif=None;rbs_spacer=None;gc_cont=0.662
contig00186_5        -            122 19630at72274         -            384   5.7e-07   27.5   0.0   1   1   8.8e-09   9.8e-07   26.7   0.0    19    82    42   116    38   120 0.81 # 4093 # 4458 # -1 # ID=186_5;partial=00;start_type=ATG;rbs_motif=None;rbs_spacer=None;gc_cont=0.615
contig03090_1        -             98 19630at72274         -            384   7.9e-07   27.0   1.0   1   2     0.098        11    3.5   0.0     1    26    13    38    13    46 0.84 # 3 # 296 # -1 # ID=3090_1;partial=10;start_type=ATG;rbs_motif=AGGAGG;rbs_spacer=5-10bp;gc_cont=0.684
contig03090_1        -             98 19630at72274         -            384   7.9e-07   27.0   1.0   2   2   1.3e-07   1.5e-05   22.9   0.2    14    57    46    98    38    98 0.80 # 3 # 296 # -1 # ID=3090_1;partial=10;start_type=ATG;rbs_motif=AGGAGG;rbs_spacer=5-10bp;gc_cont=0.684
contig01011_2        -            247 19630at72274         -            384     1e-06   26.7   0.3   1   2      0.11        12    3.4   0.0     1    31     7    38     7    42 0.80 # 604 # 1344 # -1 # ID=1011_2;partial=00;start_type=ATG;rbs_motif=GGAG/GAGG;rbs_spacer=5-10bp;gc_cont=0.665
contig01011_2        -            247 19630at72274         -            384     1e-06   26.7   0.3   2   2   1.3e-07   1.4e-05   22.9   0.1     3    82    33   118    31   142 0.81 # 604 # 1344 # -1 # ID=1011_2;partial=00;start_type=ATG;rbs_motif=GGAG/GAGG;rbs_spacer=5-10bp;gc_cont=0.665
contig01466_2        -            135 19630at72274         -            384   1.9e-06   25.8   0.0   1   1     2e-08   2.3e-06   25.5   0.0    19    77    41   108    28   122 0.80 # 1067 # 1471 # 1 # ID=1466_2;partial=01;start_type=ATG;rbs_motif=None;rbs_spacer=None;gc_cont=0.709
contig02949_1        -            136 19630at72274         -            384     2e-06   25.7   0.0   1   1   2.3e-08   2.6e-06   25.3   0.0    20    84    45   116    37   123 0.77 # 3 # 410 # -1 # ID=2949_1;partial=10;start_type=ATG;rbs_motif=AGGA/GGAG/GAGG;rbs_spacer=11-12bp;gc_cont=0.654
contig01172_2        -            230 19630at72274         -            384   1.1e-05   23.2   0.0   1   1   1.5e-07   1.6e-05   22.7   0.0    21    81    45   115    39   125 0.77 # 1060 # 1749 # -1 # ID=1172_2;partial=01;start_type=Edge;rbs_motif=None;rbs_spacer=None;gc_cont=0.648
contig00946_1        -            123 19630at72274         -            384   1.2e-05   23.2   0.0   1   1   1.3e-07   1.5e-05   22.8   0.0   283   381    15   111     7   114 0.80 # 3 # 371 # 1 # ID=946_1;partial=10;start_type=Edge;rbs_motif=None;rbs_spacer=None;gc_cont=0.715
contig00628_3        -            224 19630at72274         -            384   2.8e-05   21.9   0.0   1   1   3.5e-07   3.9e-05   21.5   0.0    24    82    46   113    33   128 0.74 # 1863 # 2534 # -1 # ID=628_3;partial=00;start_type=ATG;rbs_motif=GGAG/GAGG;rbs_spacer=5-10bp;gc_cont=0.701
contig00107_5        -            230 19630at72274         -            384   2.9e-05   21.9   0.0   1   1   3.8e-07   4.3e-05   21.3   0.0    23    82    45   112    37   138 0.82 # 3273 # 3962 # -1 # ID=107_5;partial=00;start_type=ATG;rbs_motif=AGGA/GGAG/GAGG;rbs_spacer=11-12bp;gc_cont=0.661
contig00961_1        -            125 19630at72274         -            384   3.1e-05   21.8   0.0   1   1   5.1e-07   5.8e-05   20.9   0.0    18    73    50   116    42   122 0.85 # 2 # 376 # -1 # ID=961_1;partial=10;start_type=ATG;rbs_motif=None;rbs_spacer=None;gc_cont=0.664
contig01961_2        -            202 19630at72274         -            384   3.3e-05   21.7   0.0   1   2     0.021       2.4    5.7   0.0     1    27     7    33     7    44 0.92 # 504 # 1109 # 1 # ID=1961_2;partial=01;start_type=ATG;rbs_motif=GGAGG;rbs_spacer=5-10bp;gc_cont=0.683
contig01961_2        -            202 19630at72274         -            384   3.3e-05   21.7   0.0   2   2   5.4e-05    0.0061   14.3   0.0    23    91    54   130    37   146 0.76 # 504 # 1109 # 1 # ID=1961_2;partial=01;start_type=ATG;rbs_motif=GGAGG;rbs_spacer=5-10bp;gc_cont=0.683
contig01991_1        -            355 19630at72274         -            384   4.3e-05   21.3   0.0   1   1   1.1e-06   0.00012   19.9   0.0    14    82    46   125    44   140 0.80 # 1 # 1065 # -1 # ID=1991_1;partial=10;start_type=ATG;rbs_motif=GGAGG;rbs_spacer=3-4bp;gc_cont=0.694
contig00426_2        -            239 19630at72274         -            384   4.9e-05   21.1   0.0   1   1   8.1e-07   9.1e-05   20.3   0.0    20    76    52   116    45   128 0.83 # 1458 # 2174 # 1 # ID=426_2;partial=00;start_type=GTG;rbs_motif=GGA/GAG/AGG;rbs_spacer=11-12bp;gc_cont=0.692
contig00955_2        -            243 19630at72274         -            384   5.7e-05   20.9   0.1   1   3      0.17        19    2.7   0.0     2    25     9    32     8    37 0.88 # 536 # 1264 # -1 # ID=955_2;partial=00;start_type=GTG;rbs_motif=AGGAG;rbs_spacer=5-10bp;gc_cont=0.694
contig00955_2        -            243 19630at72274         -            384   5.7e-05   20.9   0.1   2   3   2.1e-05    0.0024   15.6   0.0    40    82    78   120    39   131 0.74 # 536 # 1264 # -1 # ID=955_2;partial=00;start_type=GTG;rbs_motif=AGGAG;rbs_spacer=5-10bp;gc_cont=0.694
contig00955_2        -            243 19630at72274         -            384   5.7e-05   20.9   0.1   3   3       9.3     1e+03   -3.0   0.0    67   104   194   231   185   236 0.72 # 536 # 1264 # -1 # ID=955_2;partial=00;start_type=GTG;rbs_motif=AGGAG;rbs_spacer=5-10bp;gc_cont=0.694
contig00358_4        -            125 19630at72274         -            384   0.00025   18.8   0.1   1   2       2.7   3.1e+02   -1.2   0.0     1    21     3    23     3    27 0.85 # 2226 # 2600 # 1 # ID=358_4;partial=00;start_type=ATG;rbs_motif=GGA/GAG/AGG;rbs_spacer=5-10bp;gc_cont=0.603
contig00358_4        -            125 19630at72274         -            384   0.00025   18.8   0.1   2   2   6.5e-06   0.00073   17.3   0.0    21    76    44   110    36   123 0.78 # 2226 # 2600 # 1 # ID=358_4;partial=00;start_type=ATG;rbs_motif=GGA/GAG/AGG;rbs_spacer=5-10bp;gc_cont=0.603
contig00151_4        -            224 19630at72274         -            384   0.00025   18.8   0.0   1   1   3.2e-06   0.00036   18.3   0.0    35   100    66   130    35   153 0.67 # 1992 # 2663 # 1 # ID=151_4;partial=00;start_type=ATG;rbs_motif=GGAG/GAGG;rbs_spacer=5-10bp;gc_cont=0.695
contig02090_1        -            256 19630at72274         -            384   0.00028   18.6   0.0   1   2     6e-06   0.00067   17.4   0.0    23    83    71   139    63   170 0.78 # 3 # 770 # 1 # ID=2090_1;partial=10;start_type=Edge;rbs_motif=None;rbs_spacer=None;gc_cont=0.648
contig02090_1        -            256 19630at72274         -            384   0.00028   18.6   0.0   2   2       6.1   6.9e+02   -2.4   0.0   176   196   197   217   191   226 0.83 # 3 # 770 # 1 # ID=2090_1;partial=10;start_type=Edge;rbs_motif=None;rbs_spacer=None;gc_cont=0.648
contig01082_2        -            226 19630at72274         -            384   0.00031   18.5   0.0   1   1   5.2e-06   0.00058   17.6   0.0    22    78    44   109    34   127 0.80 # 170 # 847 # 1 # ID=1082_2;partial=00;start_type=ATG;rbs_motif=GGAGG;rbs_spacer=5-10bp;gc_cont=0.664
contig01068_1        -            225 19630at72274         -            384   0.00034   18.4   0.0   1   1   4.8e-06   0.00054   17.7   0.0    23   100    45   129    27   138 0.82 # 50 # 724 # 1 # ID=1068_1;partial=00;start_type=ATG;rbs_motif=GGA/GAG/AGG;rbs_spacer=5-10bp;gc_cont=0.650
contig00428_2        -             93 19630at72274         -            384   0.00036   18.3   0.0   1   1   3.2e-06   0.00036   18.3   0.0   344   382    51    89    21    91 0.89 # 1683 # 1961 # -1 # ID=428_2;partial=00;start_type=GTG;rbs_motif=GGA/GAG/AGG;rbs_spacer=5-10bp;gc_cont=0.595
contig00056_8        -            127 19630at72274         -            384   0.00037   18.3   0.0   1   1   4.1e-06   0.00047   17.9   0.0    19    78    55   124    47   127 0.74 # 7193 # 7573 # 1 # ID=56_8;partial=01;start_type=ATG;rbs_motif=GGA/GAG/AGG;rbs_spacer=5-10bp;gc_cont=0.643
contig01432_2        -            236 19630at72274         -            384   0.00043   18.0   0.0   1   2   1.4e-05    0.0016   16.2   0.0    17    73    45   109    41   124 0.84 # 774 # 1481 # 1 # ID=1432_2;partial=00;start_type=ATG;rbs_motif=None;rbs_spacer=None;gc_cont=0.636
contig01432_2        -            236 19630at72274         -            384   0.00043   18.0   0.0   2   2       3.1   3.5e+02   -1.4   0.0    23    48   178   203   163   210 0.79 # 774 # 1481 # 1 # ID=1432_2;partial=00;start_type=ATG;rbs_motif=None;rbs_spacer=None;gc_cont=0.636
contig01879_2        -            231 19630at72274         -            384   0.00048   17.9   0.0   1   2       5.7   6.4e+02   -2.3   0.0     2    25     9    32     8    37 0.84 # 203 # 895 # 1 # ID=1879_2;partial=00;start_type=ATG;rbs_motif=None;rbs_spacer=None;gc_cont=0.687
contig01879_2        -            231 19630at72274         -            384   0.00048   17.9   0.0   2   2   9.9e-06    0.0011   16.7   0.0    22    84    49   119    37   180 0.79 # 203 # 895 # 1 # ID=1879_2;partial=00;start_type=ATG;rbs_motif=None;rbs_spacer=None;gc_cont=0.687
contig02072_2        -            156 19630at72274         -            384   0.00061   17.5   0.0   1   1   7.4e-06   0.00083   17.1   0.0    25    83    47   114    39   133 0.76 # 593 # 1060 # 1 # ID=2072_2;partial=01;start_type=ATG;rbs_motif=GGAG/GAGG;rbs_spacer=5-10bp;gc_cont=0.679
contig00362_3        -            215 19630at72274         -            384   0.00077   17.2   0.0   1   2   1.7e-05     0.002   15.9   0.0    20    84    45   118    37   135 0.84 # 2448 # 3092 # -1 # ID=362_3;partial=00;start_type=GTG;rbs_motif=GGAG/GAGG;rbs_spacer=5-10bp;gc_cont=0.633
contig00362_3        -            215 19630at72274         -            384   0.00077   17.2   0.0   2   2       5.8   6.5e+02   -2.3   0.0   252   297   150   197   147   207 0.62 # 2448 # 3092 # -1 # ID=362_3;partial=00;start_type=GTG;rbs_motif=GGAG/GAGG;rbs_spacer=5-10bp;gc_cont=0.633
contig00080_1        -            208 19630at72274         -            384    0.0012   16.6   0.2   1   1     5e-05    0.0056   14.4   0.2    20   113    44   156     4   174 0.75 # 128 # 751 # -1 # ID=80_1;partial=00;start_type=ATG;rbs_motif=AGGA;rbs_spacer=5-10bp;gc_cont=0.588
contig00175_3        -            348 19630at72274         -            384    0.0012   16.5   0.0   1   1   1.6e-05    0.0018   16.0   0.0    19   100    60   152    54   180 0.76 # 2289 # 3332 # -1 # ID=175_3;partial=00;start_type=ATG;rbs_motif=GGAG/GAGG;rbs_spacer=5-10bp;gc_cont=0.674
contig01632_2        -            226 19630at72274         -            384    0.0013   16.5   0.0   1   1     2e-05    0.0023   15.7   0.0    15    79    38   111    19   130 0.78 # 329 # 1006 # 1 # ID=1632_2;partial=00;start_type=ATG;rbs_motif=GGA/GAG/AGG;rbs_spacer=5-10bp;gc_cont=0.698
contig00996_1        -            482 19630at72274         -            384    0.0016   16.2   0.0   1   1   3.5e-05    0.0039   14.9   0.0    18    97   260   354   254   366 0.73 # 3 # 1448 # 1 # ID=996_1;partial=10;start_type=Edge;rbs_motif=None;rbs_spacer=None;gc_cont=0.686
contig01781_1        -            244 19630at72274         -            384    0.0017   16.1   0.0   1   1   2.1e-05    0.0023   15.6   0.0    13    73    40   109    28   123 0.75 # 1 # 732 # -1 # ID=1781_1;partial=10;start_type=ATG;rbs_motif=AGGAG;rbs_spacer=5-10bp;gc_cont=0.669
contig02979_1        -            210 19630at72274         -            384    0.0029   15.3   0.6   1   2   0.00039     0.044   11.4   0.1    16    83    44   120    32   138 0.80 # 3 # 632 # 1 # ID=2979_1;partial=11;start_type=Edge;rbs_motif=None;rbs_spacer=None;gc_cont=0.640
contig02979_1        -            210 19630at72274         -            384    0.0029   15.3   0.6   2   2      0.25        29    2.2   0.1   267   294   169   196   151   204 0.86 # 3 # 632 # 1 # ID=2979_1;partial=11;start_type=Edge;rbs_motif=None;rbs_spacer=None;gc_cont=0.640
contig00022_12       -            366 19630at72274         -            384    0.0031   15.2   0.0   1   1   4.2e-05    0.0047   14.6   0.0    83   121   328   366   321   366 0.91 # 10600 # 11697 # 1 # ID=22_12;partial=01;start_type=ATG;rbs_motif=GGA/GAG/AGG;rbs_spacer=5-10bp;gc_cont=0.656
contig01055_2        -            122 19630at72274         -            384    0.0033   15.1   0.0   1   1    0.0013      0.15    9.7   0.0    21    80    45   115     5   120 0.73 # 513 # 878 # 1 # ID=1055_2;partial=00;start_type=ATG;rbs_motif=GGAG/GAGG;rbs_spacer=5-10bp;gc_cont=0.648
contig00373_3        -            222 19630at72274         -            384    0.0034   15.1   0.0   1   1   5.5e-05    0.0062   14.2   0.0    17    71    43   106    32   125 0.80 # 763 # 1428 # 1 # ID=373_3;partial=00;start_type=ATG;rbs_motif=GGAG/GAGG;rbs_spacer=5-10bp;gc_cont=0.641
contig02020_2        -            282 19630at72274         -            384    0.0046   14.6   0.0   1   1   0.00041     0.046   11.4   0.0   111   241    29   176    14   199 0.69 # 232 # 1077 # 1 # ID=2020_2;partial=00;start_type=ATG;rbs_motif=GGAG/GAGG;rbs_spacer=5-10bp;gc_cont=0.624
contig00380_2        -            230 19630at72274         -            384    0.0074   14.0   0.0   1   1   9.6e-05     0.011   13.4   0.0    17    84    39   115    29   128 0.79 # 1258 # 1947 # -1 # ID=380_2;partial=00;start_type=ATG;rbs_motif=None;rbs_spacer=None;gc_cont=0.693
contig02763_1        -            222 19630at72274         -            384     0.014   13.0   0.1   1   1   0.00024     0.027   12.1   0.1    24    79     9    75     2   128 0.78 # 59 # 724 # -1 # ID=2763_1;partial=01;start_type=Edge;rbs_motif=None;rbs_spacer=None;gc_cont=0.703
contig00093_5        -            787 19630at72274         -            384     0.016   12.9   0.0   1   1    0.0003     0.033   11.8   0.0    16    83   700   778   690   784 0.84 # 2317 # 4677 # 1 # ID=93_5;partial=00;start_type=ATG;rbs_motif=GGA/GAG/AGG;rbs_spacer=5-10bp;gc_cont=0.671
contig00175_5        -             96 19630at72274         -            384     0.017   12.8   0.0   1   1   0.00019     0.022   12.4   0.0    16    91     9    93     7    95 0.72 # 4444 # 4731 # -1 # ID=175_5;partial=01;start_type=Edge;rbs_motif=None;rbs_spacer=None;gc_cont=0.625
contig00583_4        -             89 19630at72274         -            384     0.017   12.8   0.3   1   1    0.0039      0.44    8.1   0.3     2    46    11    55    10    81 0.61 # 2455 # 2721 # 1 # ID=583_4;partial=01;start_type=ATG;rbs_motif=GGA/GAG/AGG;rbs_spacer=5-10bp;gc_cont=0.547
contig00224_2        -            350 19630at72274         -            384     0.023   12.3   0.3   1   3       7.7   8.7e+02   -2.7   0.0     1    23     5    26     5    31 0.75 # 1516 # 2565 # -1 # ID=224_2;partial=00;start_type=ATG;rbs_motif=GGAG/GAGG;rbs_spacer=5-10bp;gc_cont=0.717
contig00224_2        -            350 19630at72274         -            384     0.023   12.3   0.3   2   3   0.00061     0.069   10.8   0.1    13    71    39   107    34   132 0.72 # 1516 # 2565 # -1 # ID=224_2;partial=00;start_type=ATG;rbs_motif=GGAG/GAGG;rbs_spacer=5-10bp;gc_cont=0.717
contig00224_2        -            350 19630at72274         -            384     0.023   12.3   0.3   3   3       8.8   9.9e+02   -2.9   0.0    80   115   245   281   241   289 0.70 # 1516 # 2565 # -1 # ID=224_2;partial=00;start_type=ATG;rbs_motif=GGAG/GAGG;rbs_spacer=5-10bp;gc_cont=0.717
contig01163_2        -            206 19630at72274         -            384     0.061   11.0   0.0   1   1    0.0011      0.13    9.9   0.0    18    81    42   114     4   159 0.83 # 1145 # 1762 # 1 # ID=1163_2;partial=01;start_type=ATG;rbs_motif=GGA/GAG/AGG;rbs_spacer=11-12bp;gc_cont=0.605
#
# Program:         hmmsearch
# Version:         3.1b2 (February 2015)
# Pipeline mode:   SEARCH
# Query file:      /home/johngn/Microbial-Genomics-Journey-Workshop-2023/Reads_session_3/busco_downloads/lineages/pseudomonadales_odb10/hmms/19630at72274.hmm
# Target file:     /home/johngn/Microbial-Genomics-Journey-Workshop-2023/Reads_session_3/busco_op4/prodigal_output/predicted_genes/predicted.faa
# Option settings: hmmsearch --domtblout /home/johngn/Microbial-Genomics-Journey-Workshop-2023/Reads_session_3/busco_op4/run_pseudomonadales_odb10/hmmer_output/19630at72274.out --cpu 1 /home/johngn/Microbial-Genomics-Journey-Workshop-2023/Reads_session_3/busco_downloads/lineages/pseudomonadales_odb10/hmms/19630at72274.hmm /home/johngn/Microbial-Genomics-Journey-Workshop-2023/Reads_session_3/busco_op4/prodigal_output/predicted_genes/predicted.faa 
# Current dir:     /home/johngn/Microbial-Genomics-Journey-Workshop-2023/Reads_session_3
# Date:            Wed Mar  8 17:01:11 2023
# [ok]
