#                                                                            --- full sequence --- -------------- this domain -------------   hmm coord   ali coord   env coord
# target name        accession   tlen query name           accession   qlen   E-value  score  bias   #  of  c-Evalue  i-Evalue  score  bias  from    to  from    to  from    to  acc description of target
#------------------- ---------- ----- -------------------- ---------- ----- --------- ------ ----- --- --- --------- --------- ------ ----- ----- ----- ----- ----- ----- ----- ---- ---------------------
contig00561_2        -            664 1974at72274          -            813  1.4e-299  994.6   1.5   1   2  1.3e-168  1.4e-166  554.7   0.0     1   297     4   337     4   345 0.94 # 783 # 2774 # 1 # ID=561_2;partial=01;start_type=GTG;rbs_motif=GGAG/GAGG;rbs_spacer=5-10bp;gc_cont=0.656
contig00561_2        -            664 1974at72274          -            813  1.4e-299  994.6   1.5   2   2  2.2e-133  2.4e-131  438.2   0.3   292   545   370   664   340   664 0.91 # 783 # 2774 # 1 # ID=561_2;partial=01;start_type=GTG;rbs_motif=GGAG/GAGG;rbs_spacer=5-10bp;gc_cont=0.656
contig00002_13       -            884 1974at72274          -            813  3.1e-194  646.2   0.0   1   4   8.6e-40   9.4e-38  128.6   0.0     1   114    19   132    19   143 0.97 # 12339 # 14990 # -1 # ID=2_13;partial=00;start_type=ATG;rbs_motif=AGGA;rbs_spacer=5-10bp;gc_cont=0.679
contig00002_13       -            884 1974at72274          -            813  3.1e-194  646.2   0.0   2   4    0.0006     0.066   10.0   0.0   232   252   144   164   134   191 0.67 # 12339 # 14990 # -1 # ID=2_13;partial=00;start_type=ATG;rbs_motif=AGGA;rbs_spacer=5-10bp;gc_cont=0.679
contig00002_13       -            884 1974at72274          -            813  3.1e-194  646.2   0.0   3   4      0.67        73   -0.0   0.0   640   680   289   330   273   338 0.90 # 12339 # 14990 # -1 # ID=2_13;partial=00;start_type=ATG;rbs_motif=AGGA;rbs_spacer=5-10bp;gc_cont=0.679
contig00002_13       -            884 1974at72274          -            813  3.1e-194  646.2   0.0   4   4  1.2e-152  1.3e-150  501.9   0.0   350   809   381   871   342   877 0.88 # 12339 # 14990 # -1 # ID=2_13;partial=00;start_type=ATG;rbs_motif=AGGA;rbs_spacer=5-10bp;gc_cont=0.679
contig01158_1        -            144 1974at72274          -            813   6.4e-81  271.4   0.2   1   1   6.4e-83     7e-81  271.2   0.2   680   813     1   138     1   138 0.98 # 1 # 432 # 1 # ID=1158_1;partial=10;start_type=Edge;rbs_motif=None;rbs_spacer=None;gc_cont=0.674
contig00163_1        -            498 1974at72274          -            813   2.2e-15   54.6   2.3   1   4      0.82        90   -0.3   0.0    11    39    25    53     9    73 0.63 # 2 # 1495 # -1 # ID=163_1;partial=10;start_type=ATG;rbs_motif=GGAG/GAGG;rbs_spacer=5-10bp;gc_cont=0.665
contig00163_1        -            498 1974at72274          -            813   2.2e-15   54.6   2.3   2   4   1.4e-07   1.5e-05   22.1   0.1   684   778   132   226   110   240 0.82 # 2 # 1495 # -1 # ID=163_1;partial=10;start_type=ATG;rbs_motif=GGAG/GAGG;rbs_spacer=5-10bp;gc_cont=0.665
contig00163_1        -            498 1974at72274          -            813   2.2e-15   54.6   2.3   3   4    0.0034      0.37    7.6   0.0    11    42   301   332   292   352 0.79 # 2 # 1495 # -1 # ID=163_1;partial=10;start_type=ATG;rbs_motif=GGAG/GAGG;rbs_spacer=5-10bp;gc_cont=0.665
contig00163_1        -            498 1974at72274          -            813   2.2e-15   54.6   2.3   4   4     2e-07   2.2e-05   21.5   0.1   687   775   404   490   398   496 0.89 # 2 # 1495 # -1 # ID=163_1;partial=10;start_type=ATG;rbs_motif=GGAG/GAGG;rbs_spacer=5-10bp;gc_cont=0.665
contig00177_4        -            380 1974at72274          -            813     4e-15   53.7   0.3   1   3   1.5e-05    0.0016   15.4   0.0   729   778    13    64     1    80 0.81 # 3583 # 4722 # -1 # ID=177_4;partial=01;start_type=Edge;rbs_motif=None;rbs_spacer=None;gc_cont=0.701
contig00177_4        -            380 1974at72274          -            813     4e-15   53.7   0.3   2   3    0.0032      0.35    7.6   0.0     9    48   135   177   128   220 0.78 # 3583 # 4722 # -1 # ID=177_4;partial=01;start_type=Edge;rbs_motif=None;rbs_spacer=None;gc_cont=0.701
contig00177_4        -            380 1974at72274          -            813     4e-15   53.7   0.3   3   3     3e-09   3.2e-07   27.6   0.0   684   776   237   327   227   350 0.88 # 3583 # 4722 # -1 # ID=177_4;partial=01;start_type=Edge;rbs_motif=None;rbs_spacer=None;gc_cont=0.701
contig00515_2        -            279 1974at72274          -            813   1.4e-14   52.0   0.1   1   2   9.7e-05     0.011   12.6   0.0   497   533    13    49     1    65 0.82 # 368 # 1204 # -1 # ID=515_2;partial=00;start_type=ATG;rbs_motif=GGAGG;rbs_spacer=5-10bp;gc_cont=0.687
contig00515_2        -            279 1974at72274          -            813   1.4e-14   52.0   0.1   2   2   2.9e-12   3.2e-10   37.5   0.0   685   771   132   215   124   246 0.80 # 368 # 1204 # -1 # ID=515_2;partial=00;start_type=ATG;rbs_motif=GGAGG;rbs_spacer=5-10bp;gc_cont=0.687
contig00525_3        -            270 1974at72274          -            813   6.3e-12   43.2   0.2   1   2     0.039       4.2    4.1   0.1   503   535    20    52     9    59 0.87 # 1296 # 2105 # -1 # ID=525_3;partial=00;start_type=ATG;rbs_motif=AGGA;rbs_spacer=5-10bp;gc_cont=0.694
contig00525_3        -            270 1974at72274          -            813   6.3e-12   43.2   0.2   2   2   3.2e-12   3.5e-10   37.4   0.0   650   787    65   201    56   219 0.78 # 1296 # 2105 # -1 # ID=525_3;partial=00;start_type=ATG;rbs_motif=AGGA;rbs_spacer=5-10bp;gc_cont=0.694
contig00956_2        -            477 1974at72274          -            813   1.4e-11   42.0   2.0   1   4      0.37        40    0.8   0.0   504   530    23    49    10    54 0.62 # 610 # 2040 # 1 # ID=956_2;partial=01;start_type=ATG;rbs_motif=GGAG/GAGG;rbs_spacer=5-10bp;gc_cont=0.707
contig00956_2        -            477 1974at72274          -            813   1.4e-11   42.0   2.0   2   4   2.5e-08   2.8e-06   24.5   0.0   688   771   126   206   114   220 0.89 # 610 # 2040 # 1 # ID=956_2;partial=01;start_type=ATG;rbs_motif=GGAG/GAGG;rbs_spacer=5-10bp;gc_cont=0.707
contig00956_2        -            477 1974at72274          -            813   1.4e-11   42.0   2.0   3   4       7.6   8.4e+02   -3.5   0.0   504   530   272   298   265   300 0.60 # 610 # 2040 # 1 # ID=956_2;partial=01;start_type=ATG;rbs_motif=GGAG/GAGG;rbs_spacer=5-10bp;gc_cont=0.707
contig00956_2        -            477 1974at72274          -            813   1.4e-11   42.0   2.0   4   4   3.6e-05     0.004   14.1   0.0   700   769   394   460   370   471 0.84 # 610 # 2040 # 1 # ID=956_2;partial=01;start_type=ATG;rbs_motif=GGAG/GAGG;rbs_spacer=5-10bp;gc_cont=0.707
contig00498_3        -            234 1974at72274          -            813   1.1e-10   39.1   0.2   1   2     0.014       1.6    5.5   0.1   502   532    15    45     6    70 0.78 # 1927 # 2628 # 1 # ID=498_3;partial=00;start_type=ATG;rbs_motif=GGA/GAG/AGG;rbs_spacer=5-10bp;gc_cont=0.644
contig00498_3        -            234 1974at72274          -            813   1.1e-10   39.1   0.2   2   2   1.4e-10   1.6e-08   31.9   0.0   699   777   126   202    75   218 0.88 # 1927 # 2628 # 1 # ID=498_3;partial=00;start_type=ATG;rbs_motif=GGA/GAG/AGG;rbs_spacer=5-10bp;gc_cont=0.644
contig00319_1        -            248 1974at72274          -            813   1.3e-10   38.8   0.0   1   2     0.034       3.7    4.2   0.0   502   531    17    46     4    57 0.75 # 1 # 744 # -1 # ID=319_1;partial=10;start_type=ATG;rbs_motif=GGAG/GAGG;rbs_spacer=5-10bp;gc_cont=0.668
contig00319_1        -            248 1974at72274          -            813   1.3e-10   38.8   0.0   2   2   8.5e-11   9.3e-09   32.7   0.0   681   775   125   216    99   241 0.81 # 1 # 744 # -1 # ID=319_1;partial=10;start_type=ATG;rbs_motif=GGAG/GAGG;rbs_spacer=5-10bp;gc_cont=0.668
contig00573_2        -            291 1974at72274          -            813   1.6e-10   38.5   0.3   1   2    0.0059      0.65    6.7   0.0   502   535    19    52     3    89 0.76 # 1170 # 2042 # 1 # ID=573_2;partial=00;start_type=ATG;rbs_motif=GGA/GAG/AGG;rbs_spacer=5-10bp;gc_cont=0.647
contig00573_2        -            291 1974at72274          -            813   1.6e-10   38.5   0.3   2   2   5.1e-10   5.6e-08   30.1   0.0   704   802   181   272   167   282 0.85 # 1170 # 2042 # 1 # ID=573_2;partial=00;start_type=ATG;rbs_motif=GGA/GAG/AGG;rbs_spacer=5-10bp;gc_cont=0.647
contig02819_1        -            231 1974at72274          -            813   1.7e-10   38.4   0.2   1   2   0.00041     0.045   10.6   0.1   498   531    46    79    42   100 0.70 # 3 # 695 # 1 # ID=2819_1;partial=11;start_type=Edge;rbs_motif=None;rbs_spacer=None;gc_cont=0.739
contig02819_1        -            231 1974at72274          -            813   1.7e-10   38.4   0.2   2   2   7.4e-09     8e-07   26.3   0.0   646   767   101   229    90   231 0.73 # 3 # 695 # 1 # ID=2819_1;partial=11;start_type=Edge;rbs_motif=None;rbs_spacer=None;gc_cont=0.739
contig00191_5        -            248 1974at72274          -            813     2e-10   38.2   0.0   1   2   0.00015     0.017   12.0   0.0   502   532    15    45     3    61 0.69 # 2972 # 3715 # 1 # ID=191_5;partial=00;start_type=ATG;rbs_motif=AGGAG;rbs_spacer=5-10bp;gc_cont=0.683
contig00191_5        -            248 1974at72274          -            813     2e-10   38.2   0.0   2   2     3e-08   3.3e-06   24.2   0.0   689   772   120   199   107   214 0.80 # 2972 # 3715 # 1 # ID=191_5;partial=00;start_type=ATG;rbs_motif=AGGAG;rbs_spacer=5-10bp;gc_cont=0.683
contig00271_4        -            255 1974at72274          -            813   4.6e-10   37.0   0.0   1   2    0.0094         1    6.1   0.0   501   532    16    47     2    68 0.75 # 1778 # 2542 # -1 # ID=271_4;partial=00;start_type=ATG;rbs_motif=GGA/GAG/AGG;rbs_spacer=5-10bp;gc_cont=0.654
contig00271_4        -            255 1974at72274          -            813   4.6e-10   37.0   0.0   2   2     1e-09   1.1e-07   29.1   0.0   681   771   125   211    91   234 0.84 # 1778 # 2542 # -1 # ID=271_4;partial=00;start_type=ATG;rbs_motif=GGA/GAG/AGG;rbs_spacer=5-10bp;gc_cont=0.654
contig00766_1        -            268 1974at72274          -            813     5e-10   36.9   0.1   1   2    0.0001     0.011   12.6   0.0   503   531    35    63    21    83 0.73 # 1 # 804 # -1 # ID=766_1;partial=10;start_type=ATG;rbs_motif=GGAGG;rbs_spacer=5-10bp;gc_cont=0.726
contig00766_1        -            268 1974at72274          -            813     5e-10   36.9   0.1   2   2   1.1e-07   1.2e-05   22.4   0.0   685   780   121   214   118   223 0.79 # 1 # 804 # -1 # ID=766_1;partial=10;start_type=ATG;rbs_motif=GGAGG;rbs_spacer=5-10bp;gc_cont=0.726
contig01200_1        -            266 1974at72274          -            813   5.8e-10   36.7   0.1   1   2     0.026       2.9    4.6   0.0   504   532    20    48     4    66 0.63 # 19 # 816 # -1 # ID=1200_1;partial=00;start_type=ATG;rbs_motif=AGGA;rbs_spacer=5-10bp;gc_cont=0.707
contig01200_1        -            266 1974at72274          -            813   5.8e-10   36.7   0.1   2   2   5.1e-10   5.6e-08   30.1   0.0   706   801   140   227   132   235 0.86 # 19 # 816 # -1 # ID=1200_1;partial=00;start_type=ATG;rbs_motif=AGGA;rbs_spacer=5-10bp;gc_cont=0.707
contig01307_2        -            228 1974at72274          -            813   1.3e-09   35.6   0.4   1   2    0.0054       0.6    6.9   0.0   503   533    25    55    12    70 0.87 # 635 # 1318 # 1 # ID=1307_2;partial=00;start_type=ATG;rbs_motif=GGAGG;rbs_spacer=5-10bp;gc_cont=0.677
contig01307_2        -            228 1974at72274          -            813   1.3e-09   35.6   0.4   2   2   4.1e-09   4.5e-07   27.1   0.1   684   781   125   219   118   223 0.86 # 635 # 1318 # 1 # ID=1307_2;partial=00;start_type=ATG;rbs_motif=GGAGG;rbs_spacer=5-10bp;gc_cont=0.677
contig00646_4        -            228 1974at72274          -            813   3.5e-09   34.1   0.5   1   2    0.0099       1.1    6.0   0.2    11    37    25    51    12    56 0.74 # 1339 # 2022 # 1 # ID=646_4;partial=00;start_type=ATG;rbs_motif=GGA/GAG/AGG;rbs_spacer=5-10bp;gc_cont=0.693
contig00646_4        -            228 1974at72274          -            813   3.5e-09   34.1   0.5   2   2   6.6e-09   7.2e-07   26.4   0.0   684   770   122   205   114   219 0.86 # 1339 # 2022 # 1 # ID=646_4;partial=00;start_type=ATG;rbs_motif=GGA/GAG/AGG;rbs_spacer=5-10bp;gc_cont=0.693
contig01363_2        -            336 1974at72274          -            813   3.9e-09   33.9   0.0   1   2     0.026       2.8    4.6   0.0   498   557    15    77     7    90 0.73 # 83 # 1090 # -1 # ID=1363_2;partial=00;start_type=GTG;rbs_motif=GGA/GAG/AGG;rbs_spacer=5-10bp;gc_cont=0.671
contig01363_2        -            336 1974at72274          -            813   3.9e-09   33.9   0.0   2   2   3.3e-09   3.6e-07   27.4   0.0   662   778    99   212    93   235 0.75 # 83 # 1090 # -1 # ID=1363_2;partial=00;start_type=GTG;rbs_motif=GGA/GAG/AGG;rbs_spacer=5-10bp;gc_cont=0.671
contig00305_4        -            274 1974at72274          -            813   6.4e-09   33.2   0.0   1   2    0.0009     0.099    9.4   0.0    10    38    41    69    35    86 0.73 # 2890 # 3711 # 1 # ID=305_4;partial=01;start_type=ATG;rbs_motif=GGAG/GAGG;rbs_spacer=5-10bp;gc_cont=0.697
contig00305_4        -            274 1974at72274          -            813   6.4e-09   33.2   0.0   2   2   1.6e-07   1.8e-05   21.8   0.0   693   782   149   236   132   259 0.79 # 2890 # 3711 # 1 # ID=305_4;partial=01;start_type=ATG;rbs_motif=GGAG/GAGG;rbs_spacer=5-10bp;gc_cont=0.697
contig00233_3        -            330 1974at72274          -            813   7.9e-09   32.9   0.1   1   2     0.022       2.4    4.9   0.0   502   531    16    45     3    54 0.76 # 1279 # 2268 # -1 # ID=233_3;partial=00;start_type=ATG;rbs_motif=GGAG/GAGG;rbs_spacer=5-10bp;gc_cont=0.661
contig00233_3        -            330 1974at72274          -            813   7.9e-09   32.9   0.1   2   2   8.5e-09   9.3e-07   26.1   0.0   362   460   115   213    84   227 0.85 # 1279 # 2268 # -1 # ID=233_3;partial=00;start_type=ATG;rbs_motif=GGAG/GAGG;rbs_spacer=5-10bp;gc_cont=0.661
contig02340_1        -            280 1974at72274          -            813   1.1e-08   32.4   0.1   1   2     0.005      0.55    7.0   0.0   475   532    18    77     1    87 0.76 # 82 # 921 # -1 # ID=2340_1;partial=01;start_type=Edge;rbs_motif=None;rbs_spacer=None;gc_cont=0.658
contig02340_1        -            280 1974at72274          -            813   1.1e-08   32.4   0.1   2   2     5e-08   5.5e-06   23.5   0.1   700   808   164   262   157   266 0.83 # 82 # 921 # -1 # ID=2340_1;partial=01;start_type=Edge;rbs_motif=None;rbs_spacer=None;gc_cont=0.658
contig00573_3        -            236 1974at72274          -            813   1.3e-08   32.3   0.0   1   2     0.027         3    4.6   0.0   503   533    20    50    11    91 0.79 # 2039 # 2746 # 1 # ID=573_3;partial=01;start_type=ATG;rbs_motif=AGGAG;rbs_spacer=5-10bp;gc_cont=0.658
contig00573_3        -            236 1974at72274          -            813   1.3e-08   32.3   0.0   2   2   9.3e-09     1e-06   25.9   0.0   701   775   132   204   113   225 0.87 # 2039 # 2746 # 1 # ID=573_3;partial=01;start_type=ATG;rbs_motif=AGGAG;rbs_spacer=5-10bp;gc_cont=0.658
contig03279_1        -            173 1974at72274          -            813   1.4e-08   32.2   0.0   1   1   1.4e-10   1.5e-08   32.0   0.0   701   772    68   141    51   165 0.85 # 1 # 519 # -1 # ID=3279_1;partial=11;start_type=Edge;rbs_motif=None;rbs_spacer=None;gc_cont=0.730
contig01192_3        -            245 1974at72274          -            813   1.4e-08   32.1   0.0   1   2     0.014       1.5    5.5   0.0     4    36    14    46     3    61 0.67 # 798 # 1532 # -1 # ID=1192_3;partial=00;start_type=GTG;rbs_motif=GGAGG;rbs_spacer=5-10bp;gc_cont=0.663
contig01192_3        -            245 1974at72274          -            813   1.4e-08   32.1   0.0   2   2     2e-08   2.2e-06   24.8   0.0   696   773   126   204    96   217 0.81 # 798 # 1532 # -1 # ID=1192_3;partial=00;start_type=GTG;rbs_motif=GGAGG;rbs_spacer=5-10bp;gc_cont=0.663
contig00577_2        -            241 1974at72274          -            813   2.9e-08   31.1   0.1   1   2     0.001      0.11    9.3   0.0   502   532    15    45     1    69 0.73 # 255 # 977 # 1 # ID=577_2;partial=00;start_type=ATG;rbs_motif=GGAG/GAGG;rbs_spacer=5-10bp;gc_cont=0.665
contig00577_2        -            241 1974at72274          -            813   2.9e-08   31.1   0.1   2   2   4.8e-07   5.3e-05   20.3   0.0   685   774   116   201   104   240 0.79 # 255 # 977 # 1 # ID=577_2;partial=00;start_type=ATG;rbs_motif=GGAG/GAGG;rbs_spacer=5-10bp;gc_cont=0.665
contig00498_2        -            256 1974at72274          -            813   3.4e-08   30.8   0.0   1   1   5.1e-10   5.6e-08   30.1   0.0   378   466   148   236   124   250 0.70 # 1157 # 1924 # 1 # ID=498_2;partial=00;start_type=ATG;rbs_motif=GGAG/GAGG;rbs_spacer=5-10bp;gc_cont=0.652
contig01932_1        -            258 1974at72274          -            813     4e-08   30.6   0.1   1   2     0.074       8.1    3.1   0.0    11    36    23    48    10    59 0.74 # 64 # 837 # 1 # ID=1932_1;partial=00;start_type=ATG;rbs_motif=GGAG/GAGG;rbs_spacer=5-10bp;gc_cont=0.634
contig01932_1        -            258 1974at72274          -            813     4e-08   30.6   0.1   2   2   1.1e-08   1.2e-06   25.7   0.0   689   773   137   217    86   242 0.81 # 64 # 837 # 1 # ID=1932_1;partial=00;start_type=ATG;rbs_motif=GGAG/GAGG;rbs_spacer=5-10bp;gc_cont=0.634
contig02371_1        -            205 1974at72274          -            813   4.3e-08   30.5   0.0   1   2    0.0026      0.28    7.9   0.0     6    48    15    58    12    64 0.62 # 3 # 617 # -1 # ID=2371_1;partial=10;start_type=ATG;rbs_motif=GGA/GAG/AGG;rbs_spacer=5-10bp;gc_cont=0.717
contig02371_1        -            205 1974at72274          -            813   4.3e-08   30.5   0.0   2   2   3.8e-07   4.2e-05   20.6   0.0   659   764    92   192    89   202 0.76 # 3 # 617 # -1 # ID=2371_1;partial=10;start_type=ATG;rbs_motif=GGA/GAG/AGG;rbs_spacer=5-10bp;gc_cont=0.717
contig00033_7        -            279 1974at72274          -            813   7.6e-08   29.7   0.1   1   2      0.51        56    0.3   0.0    12    37    26    51    15    60 0.68 # 7285 # 8121 # 1 # ID=33_7;partial=00;start_type=ATG;rbs_motif=GGAG/GAGG;rbs_spacer=5-10bp;gc_cont=0.723
contig00033_7        -            279 1974at72274          -            813   7.6e-08   29.7   0.1   2   2   4.1e-09   4.5e-07   27.1   0.0   676   770   110   201    94   223 0.82 # 7285 # 8121 # 1 # ID=33_7;partial=00;start_type=ATG;rbs_motif=GGAG/GAGG;rbs_spacer=5-10bp;gc_cont=0.723
contig01032_2        -            252 1974at72274          -            813   1.3e-07   28.9   0.0   1   2      0.82        90   -0.3   0.1   504   535    31    62    21    67 0.84 # 644 # 1399 # -1 # ID=1032_2;partial=00;start_type=ATG;rbs_motif=AGGAG;rbs_spacer=5-10bp;gc_cont=0.730
contig01032_2        -            252 1974at72274          -            813   1.3e-07   28.9   0.0   2   2     5e-09   5.5e-07   26.8   0.0   690   778   128   213   112   235 0.86 # 644 # 1399 # -1 # ID=1032_2;partial=00;start_type=ATG;rbs_motif=AGGAG;rbs_spacer=5-10bp;gc_cont=0.730
contig00731_2        -            325 1974at72274          -            813   1.6e-07   28.6   0.3   1   2      0.11        12    2.6   0.0    14    38    25    49    14   125 0.65 # 1017 # 1991 # 1 # ID=731_2;partial=00;start_type=ATG;rbs_motif=AGGAG;rbs_spacer=5-10bp;gc_cont=0.693
contig00731_2        -            325 1974at72274          -            813   1.6e-07   28.6   0.3   2   2   2.9e-08   3.2e-06   24.3   0.1   697   778   143   223   124   239 0.78 # 1017 # 1991 # 1 # ID=731_2;partial=00;start_type=ATG;rbs_motif=AGGAG;rbs_spacer=5-10bp;gc_cont=0.693
contig01293_2        -            270 1974at72274          -            813   2.9e-07   27.8   1.4   1   2    0.0011      0.12    9.1   0.0   504   531    24    51     8    65 0.70 # 266 # 1075 # -1 # ID=1293_2;partial=00;start_type=ATG;rbs_motif=AGGAG;rbs_spacer=5-10bp;gc_cont=0.646
contig01293_2        -            270 1974at72274          -            813   2.9e-07   27.8   1.4   2   2     3e-06   0.00033   17.6   0.4   368   465   130   227   112   242 0.78 # 266 # 1075 # -1 # ID=1293_2;partial=00;start_type=ATG;rbs_motif=AGGAG;rbs_spacer=5-10bp;gc_cont=0.646
contig00130_4        -            332 1974at72274          -            813   3.4e-07   27.5   0.1   1   2      0.18        19    1.9   0.0     9    37    17    45     8    52 0.78 # 2759 # 3754 # -1 # ID=130_4;partial=00;start_type=ATG;rbs_motif=GGA/GAG/AGG;rbs_spacer=5-10bp;gc_cont=0.676
contig00130_4        -            332 1974at72274          -            813   3.4e-07   27.5   0.1   2   2   5.2e-08   5.7e-06   23.5   0.0   378   467   128   217    89   233 0.84 # 2759 # 3754 # -1 # ID=130_4;partial=00;start_type=ATG;rbs_motif=GGA/GAG/AGG;rbs_spacer=5-10bp;gc_cont=0.676
contig00214_2        -            242 1974at72274          -            813   3.7e-07   27.4   0.6   1   2       3.7     4e+02   -2.5   0.0   503   530    18    45     9    55 0.77 # 246 # 971 # 1 # ID=214_2;partial=00;start_type=ATG;rbs_motif=GGA/GAG/AGG;rbs_spacer=5-10bp;gc_cont=0.631
contig00214_2        -            242 1974at72274          -            813   3.7e-07   27.4   0.6   2   2   5.1e-09   5.6e-07   26.8   0.1   705   782   136   213   114   234 0.79 # 246 # 971 # 1 # ID=214_2;partial=00;start_type=ATG;rbs_motif=GGA/GAG/AGG;rbs_spacer=5-10bp;gc_cont=0.631
contig00349_2        -            278 1974at72274          -            813   5.1e-07   26.9   0.0   1   2    0.0019      0.21    8.4   0.0   488   532    28    74    17   109 0.77 # 946 # 1779 # 1 # ID=349_2;partial=00;start_type=ATG;rbs_motif=GGAG/GAGG;rbs_spacer=5-10bp;gc_cont=0.629
contig00349_2        -            278 1974at72274          -            813   5.1e-07   26.9   0.0   2   2   6.1e-06   0.00067   16.6   0.0   699   771   166   234   159   250 0.87 # 946 # 1779 # 1 # ID=349_2;partial=00;start_type=ATG;rbs_motif=GGAG/GAGG;rbs_spacer=5-10bp;gc_cont=0.629
contig02153_1        -            336 1974at72274          -            813   1.2e-06   25.7   0.1   1   3   3.8e-05    0.0041   14.0   0.0   705   783    22    95     3   105 0.81 # 1 # 1008 # 1 # ID=2153_1;partial=11;start_type=Edge;rbs_motif=None;rbs_spacer=None;gc_cont=0.656
contig02153_1        -            336 1974at72274          -            813   1.2e-06   25.7   0.1   2   3     0.005      0.55    7.0   0.1   489   531   183   227   167   258 0.82 # 1 # 1008 # 1 # ID=2153_1;partial=11;start_type=Edge;rbs_motif=None;rbs_spacer=None;gc_cont=0.656
contig02153_1        -            336 1974at72274          -            813   1.2e-06   25.7   0.1   3   3      0.33        37    0.9   0.0   382   413   304   333   293   336 0.74 # 1 # 1008 # 1 # ID=2153_1;partial=11;start_type=Edge;rbs_motif=None;rbs_spacer=None;gc_cont=0.656
contig00389_1        -            647 1974at72274          -            813   1.8e-06   25.1   0.3   1   2     0.066       7.2    3.3   0.1   504   535   431   462   424   500 0.72 # 1 # 1941 # 1 # ID=389_1;partial=10;start_type=Edge;rbs_motif=None;rbs_spacer=None;gc_cont=0.676
contig00389_1        -            647 1974at72274          -            813   1.8e-06   25.1   0.3   2   2     7e-07   7.7e-05   19.7   0.0   693   783   537   622   500   630 0.82 # 1 # 1941 # 1 # ID=389_1;partial=10;start_type=Edge;rbs_motif=None;rbs_spacer=None;gc_cont=0.676
contig00296_2        -            597 1974at72274          -            813   2.4e-06   24.7   1.2   1   2    0.0031      0.34    7.7   0.0   490   534   359   405   350   416 0.80 # 296 # 2086 # 1 # ID=296_2;partial=00;start_type=ATG;rbs_motif=GGA/GAG/AGG;rbs_spacer=11-12bp;gc_cont=0.678
contig00296_2        -            597 1974at72274          -            813   2.4e-06   24.7   1.2   2   2   1.3e-05    0.0014   15.5   0.3   700   781   488   565   473   589 0.62 # 296 # 2086 # 1 # ID=296_2;partial=00;start_type=ATG;rbs_motif=GGA/GAG/AGG;rbs_spacer=11-12bp;gc_cont=0.678
contig02722_2        -            141 1974at72274          -            813   2.8e-06   24.5   0.0   1   1   2.8e-08   3.1e-06   24.3   0.0   706   782    34   106    16   129 0.77 # 322 # 744 # -1 # ID=2722_2;partial=01;start_type=Edge;rbs_motif=None;rbs_spacer=None;gc_cont=0.709
contig00826_3        -            233 1974at72274          -            813   3.4e-06   24.2   0.0   1   2    0.0017      0.18    8.6   0.0   502   572    15    84     2    92 0.76 # 1174 # 1872 # 1 # ID=826_3;partial=00;start_type=ATG;rbs_motif=GGA/GAG/AGG;rbs_spacer=5-10bp;gc_cont=0.685
contig00826_3        -            233 1974at72274          -            813   3.4e-06   24.2   0.0   2   2   4.2e-05    0.0046   13.8   0.0   706   771   133   196   125   223 0.84 # 1174 # 1872 # 1 # ID=826_3;partial=00;start_type=ATG;rbs_motif=GGA/GAG/AGG;rbs_spacer=5-10bp;gc_cont=0.685
contig03010_1        -            204 1974at72274          -            813   3.5e-06   24.2   0.2   1   2   0.00037     0.041   10.7   0.0   505   531    15    41     4    79 0.70 # 1 # 612 # 1 # ID=3010_1;partial=11;start_type=Edge;rbs_motif=None;rbs_spacer=None;gc_cont=0.649
contig03010_1        -            204 1974at72274          -            813   3.5e-06   24.2   0.2   2   2   0.00018     0.019   11.8   0.0   685   770   114   196   107   201 0.69 # 1 # 612 # 1 # ID=3010_1;partial=11;start_type=Edge;rbs_motif=None;rbs_spacer=None;gc_cont=0.649
contig01633_3        -            144 1974at72274          -            813     4e-06   24.0   0.2   1   1   4.5e-08   4.9e-06   23.7   0.2   700   806    30   126    25   132 0.81 # 920 # 1351 # -1 # ID=1633_3;partial=01;start_type=Edge;rbs_motif=None;rbs_spacer=None;gc_cont=0.683
contig00588_3        -            162 1974at72274          -            813   5.2e-06   23.6   0.0   1   1   6.1e-08   6.6e-06   23.3   0.0   682   768    51   134    44   140 0.88 # 2226 # 2711 # -1 # ID=588_3;partial=01;start_type=Edge;rbs_motif=None;rbs_spacer=None;gc_cont=0.706
contig00769_1        -            219 1974at72274          -            813   6.9e-06   23.2   0.0   1   2       0.1        11    2.6   0.0   506   531    27    52     8    61 0.63 # 3 # 659 # -1 # ID=769_1;partial=10;start_type=GTG;rbs_motif=GGAG/GAGG;rbs_spacer=5-10bp;gc_cont=0.706
contig00769_1        -            219 1974at72274          -            813   6.9e-06   23.2   0.0   2   2   1.5e-06   0.00016   18.6   0.0   705   774   145   212   117   218 0.84 # 3 # 659 # -1 # ID=769_1;partial=10;start_type=GTG;rbs_motif=GGAG/GAGG;rbs_spacer=5-10bp;gc_cont=0.706
contig00306_4        -            311 1974at72274          -            813   8.9e-06   22.8   0.1   1   2     0.095        10    2.8   0.1   498   532    15    49     2    67 0.72 # 2174 # 3106 # 1 # ID=306_4;partial=00;start_type=ATG;rbs_motif=GGA/GAG/AGG;rbs_spacer=5-10bp;gc_cont=0.624
contig00306_4        -            311 1974at72274          -            813   8.9e-06   22.8   0.1   2   2   2.2e-06   0.00024   18.1   0.0   663   770    93   197    82   213 0.80 # 2174 # 3106 # 1 # ID=306_4;partial=00;start_type=ATG;rbs_motif=GGA/GAG/AGG;rbs_spacer=5-10bp;gc_cont=0.624
contig00404_3        -            387 1974at72274          -            813   1.3e-05   22.3   0.1   1   2    0.0025      0.27    8.0   0.0   501   533    18    50     5    85 0.79 # 1639 # 2799 # 1 # ID=404_3;partial=00;start_type=ATG;rbs_motif=AGGA/GGAG/GAGG;rbs_spacer=11-12bp;gc_cont=0.671
contig00404_3        -            387 1974at72274          -            813   1.3e-05   22.3   0.1   2   2   0.00012     0.013   12.4   0.0   704   801   133   223   115   234 0.75 # 1639 # 2799 # 1 # ID=404_3;partial=00;start_type=ATG;rbs_motif=AGGA/GGAG/GAGG;rbs_spacer=11-12bp;gc_cont=0.671
contig00826_2        -            286 1974at72274          -            813   1.4e-05   22.2   0.4   1   2    0.0004     0.043   10.6   0.0   502   573    58   124    31   141 0.74 # 180 # 1037 # 1 # ID=826_2;partial=00;start_type=ATG;rbs_motif=AGGAG;rbs_spacer=5-10bp;gc_cont=0.675
contig00826_2        -            286 1974at72274          -            813   1.4e-05   22.2   0.4   2   2   0.00058     0.063   10.1   0.1   379   479   182   274   162   283 0.74 # 180 # 1037 # 1 # ID=826_2;partial=00;start_type=ATG;rbs_motif=AGGAG;rbs_spacer=5-10bp;gc_cont=0.675
contig00034_6        -            641 1974at72274          -            813   1.5e-05   22.1   0.4   1   3      0.64        70    0.0   0.0    11    37    19    45    10    61 0.66 # 5187 # 7109 # -1 # ID=34_6;partial=00;start_type=ATG;rbs_motif=GGAGG;rbs_spacer=5-10bp;gc_cont=0.664
contig00034_6        -            641 1974at72274          -            813   1.5e-05   22.1   0.4   2   3    0.0026      0.28    8.0   0.0   686   752   131   196   124   222 0.83 # 5187 # 7109 # -1 # ID=34_6;partial=00;start_type=ATG;rbs_motif=GGAGG;rbs_spacer=5-10bp;gc_cont=0.664
contig00034_6        -            641 1974at72274          -            813   1.5e-05   22.1   0.4   3   3   0.00091       0.1    9.4   0.0   701   768   433   494   397   513 0.75 # 5187 # 7109 # -1 # ID=34_6;partial=00;start_type=ATG;rbs_motif=GGAGG;rbs_spacer=5-10bp;gc_cont=0.664
contig01349_2        -            241 1974at72274          -            813     3e-05   21.1   0.0   1   1   3.4e-07   3.7e-05   20.8   0.0   704   802    13   104     2   116 0.71 # 855 # 1577 # -1 # ID=1349_2;partial=01;start_type=Edge;rbs_motif=None;rbs_spacer=None;gc_cont=0.657
contig00463_2        -            370 1974at72274          -            813   3.9e-05   20.7   0.2   1   2      0.12        13    2.4   0.0     9    36    25    52    15    64 0.67 # 556 # 1665 # -1 # ID=463_2;partial=00;start_type=ATG;rbs_motif=GGA/GAG/AGG;rbs_spacer=5-10bp;gc_cont=0.654
contig00463_2        -            370 1974at72274          -            813   3.9e-05   20.7   0.2   2   2     8e-06   0.00088   16.2   0.1   360   455   118   213   100   220 0.81 # 556 # 1665 # -1 # ID=463_2;partial=00;start_type=ATG;rbs_motif=GGA/GAG/AGG;rbs_spacer=5-10bp;gc_cont=0.654
contig00183_3        -            285 1974at72274          -            813   6.2e-05   20.0   0.1   1   2     0.024       2.6    4.8   0.0   502   532    28    58     4    78 0.82 # 2276 # 3130 # 1 # ID=183_3;partial=00;start_type=ATG;rbs_motif=GGAGG;rbs_spacer=5-10bp;gc_cont=0.712
contig00183_3        -            285 1974at72274          -            813   6.2e-05   20.0   0.1   2   2     6e-05    0.0065   13.3   0.0   685   786   121   220   113   228 0.74 # 2276 # 3130 # 1 # ID=183_3;partial=00;start_type=ATG;rbs_motif=GGAGG;rbs_spacer=5-10bp;gc_cont=0.712
contig00167_2        -            305 1974at72274          -            813   6.5e-05   20.0   0.0   1   1   9.5e-07    0.0001   19.3   0.0   689   774   112   193    92   204 0.84 # 850 # 1764 # 1 # ID=167_2;partial=00;start_type=ATG;rbs_motif=GGAG/GAGG;rbs_spacer=5-10bp;gc_cont=0.728
contig00120_4        -            234 1974at72274          -            813   8.2e-05   19.6   0.0   1   2       0.7        77   -0.1   0.0   506   531    31    56    26    75 0.74 # 1692 # 2393 # -1 # ID=120_4;partial=00;start_type=ATG;rbs_motif=None;rbs_spacer=None;gc_cont=0.712
contig00120_4        -            234 1974at72274          -            813   8.2e-05   19.6   0.0   2   2   3.6e-06    0.0004   17.4   0.0   687   790   123   223   102   232 0.81 # 1692 # 2393 # -1 # ID=120_4;partial=00;start_type=ATG;rbs_motif=None;rbs_spacer=None;gc_cont=0.712
contig00028_7        -            361 1974at72274          -            813    0.0001   19.3   0.4   1   2      0.04       4.4    4.0   0.0   499   532    17    50     7    67 0.83 # 7486 # 8568 # -1 # ID=28_7;partial=00;start_type=ATG;rbs_motif=None;rbs_spacer=None;gc_cont=0.676
contig00028_7        -            361 1974at72274          -            813    0.0001   19.3   0.4   2   2   5.3e-05    0.0058   13.5   0.0   365   454   119   207    98   214 0.77 # 7486 # 8568 # -1 # ID=28_7;partial=00;start_type=ATG;rbs_motif=None;rbs_spacer=None;gc_cont=0.676
contig00878_2        -            240 1974at72274          -            813   0.00014   18.9   0.0   1   2      0.11        12    2.6   0.0   500   536    17    53     5    59 0.76 # 1098 # 1817 # 1 # ID=878_2;partial=00;start_type=ATG;rbs_motif=None;rbs_spacer=None;gc_cont=0.750
contig00878_2        -            240 1974at72274          -            813   0.00014   18.9   0.0   2   2   3.1e-05    0.0034   14.3   0.0   699   772   140   211   123   221 0.72 # 1098 # 1817 # 1 # ID=878_2;partial=00;start_type=ATG;rbs_motif=None;rbs_spacer=None;gc_cont=0.750
contig00242_1        -            335 1974at72274          -            813   0.00019   18.4   1.0   1   2       5.5     6e+02   -3.1   0.2   517   531     2    16     1    21 0.82 # 3 # 1007 # 1 # ID=242_1;partial=10;start_type=Edge;rbs_motif=None;rbs_spacer=None;gc_cont=0.693
contig00242_1        -            335 1974at72274          -            813   0.00019   18.4   1.0   2   2   1.9e-06   0.00021   18.3   0.0   371   460    96   184    67   200 0.75 # 3 # 1007 # 1 # ID=242_1;partial=10;start_type=Edge;rbs_motif=None;rbs_spacer=None;gc_cont=0.693
contig00597_2        -            371 1974at72274          -            813   0.00021   18.3   0.5   1   2     0.026       2.8    4.6   0.0    11    37    19    45    11    50 0.91 # 579 # 1691 # 1 # ID=597_2;partial=00;start_type=ATG;rbs_motif=GGAGG;rbs_spacer=5-10bp;gc_cont=0.694
contig00597_2        -            371 1974at72274          -            813   0.00021   18.3   0.5   2   2   0.00017     0.018   11.9   0.2   377   460   127   210   103   219 0.79 # 579 # 1691 # 1 # ID=597_2;partial=00;start_type=ATG;rbs_motif=GGAGG;rbs_spacer=5-10bp;gc_cont=0.694
contig01341_1        -            235 1974at72274          -            813    0.0003   17.8   0.0   1   1   4.4e-06   0.00049   17.1   0.0   707   771     3    65     1    89 0.80 # 2 # 706 # 1 # ID=1341_1;partial=10;start_type=Edge;rbs_motif=None;rbs_spacer=None;gc_cont=0.655
contig00381_1        -            145 1974at72274          -            813   0.00055   16.9   0.0   1   1   5.4e-06   0.00059   16.8   0.0   698   782    31   113     9   129 0.80 # 2 # 436 # 1 # ID=381_1;partial=10;start_type=Edge;rbs_motif=None;rbs_spacer=None;gc_cont=0.713
contig01105_3        -            163 1974at72274          -            813   0.00055   16.9   0.0   1   1     6e-06   0.00066   16.6   0.0   704   769    74   136    55   157 0.83 # 1350 # 1838 # -1 # ID=1105_3;partial=01;start_type=Edge;rbs_motif=None;rbs_spacer=None;gc_cont=0.701
contig01739_1        -            263 1974at72274          -            813   0.00066   16.6   0.1   1   1   8.1e-06   0.00088   16.2   0.1   685   768    14    94     7   111 0.84 # 1 # 789 # 1 # ID=1739_1;partial=10;start_type=Edge;rbs_motif=None;rbs_spacer=None;gc_cont=0.678
contig00048_6        -            103 1974at72274          -            813   0.00073   16.5   0.0   1   1   7.1e-06   0.00078   16.4   0.0   713   779     1    65     1    79 0.84 # 7518 # 7826 # -1 # ID=48_6;partial=01;start_type=Edge;rbs_motif=None;rbs_spacer=None;gc_cont=0.650
contig02259_2        -            292 1974at72274          -            813   0.00084   16.3   0.0   1   2      0.64        70    0.0   0.0   504   532   109   137    88   182 0.64 # 82 # 957 # -1 # ID=2259_2;partial=01;start_type=Edge;rbs_motif=None;rbs_spacer=None;gc_cont=0.715
contig02259_2        -            292 1974at72274          -            813   0.00084   16.3   0.0   2   2   3.9e-05    0.0042   14.0   0.0   690   757   192   258   185   270 0.85 # 82 # 957 # -1 # ID=2259_2;partial=01;start_type=Edge;rbs_motif=None;rbs_spacer=None;gc_cont=0.715
contig02609_1        -            242 1974at72274          -            813    0.0011   15.9   0.0   1   2    0.0091      0.99    6.1   0.0   491   533    35    77    20   103 0.88 # 68 # 793 # -1 # ID=2609_1;partial=01;start_type=Edge;rbs_motif=None;rbs_spacer=None;gc_cont=0.602
contig02609_1        -            242 1974at72274          -            813    0.0011   15.9   0.0   2   2    0.0023      0.25    8.1   0.0   427   463   199   235   137   240 0.81 # 68 # 793 # -1 # ID=2609_1;partial=01;start_type=Edge;rbs_motif=None;rbs_spacer=None;gc_cont=0.602
contig02856_1        -            225 1974at72274          -            813    0.0015   15.4   0.0   1   2      0.13        14    2.3   0.0   504   532    65    93    46   121 0.67 # 3 # 677 # -1 # ID=2856_1;partial=11;start_type=Edge;rbs_motif=None;rbs_spacer=None;gc_cont=0.747
contig02856_1        -            225 1974at72274          -            813    0.0015   15.4   0.0   2   2   0.00024     0.026   11.4   0.0   698   741   176   216   126   223 0.82 # 3 # 677 # -1 # ID=2856_1;partial=11;start_type=Edge;rbs_motif=None;rbs_spacer=None;gc_cont=0.747
contig01445_1        -             74 1974at72274          -            813    0.0019   15.1   0.0   1   1   1.8e-05     0.002   15.0   0.0   489   531    18    60     6    67 0.80 # 1 # 222 # -1 # ID=1445_1;partial=10;start_type=ATG;rbs_motif=GGAG/GAGG;rbs_spacer=5-10bp;gc_cont=0.694
contig03154_1        -            146 1974at72274          -            813    0.0019   15.1   0.0   1   1   2.1e-05    0.0022   14.9   0.0   692   784    15   105     9   121 0.71 # 1 # 438 # 1 # ID=3154_1;partial=10;start_type=Edge;rbs_motif=None;rbs_spacer=None;gc_cont=0.699
contig03286_2        -            138 1974at72274          -            813    0.0034   14.3   0.1   1   1   3.8e-05    0.0042   14.0   0.1   502   532    29    59    16    66 0.88 # 102 # 515 # 1 # ID=3286_2;partial=01;start_type=ATG;rbs_motif=None;rbs_spacer=None;gc_cont=0.688
contig00897_2        -            265 1974at72274          -            813    0.0035   14.2   1.2   1   2   0.00027     0.029   11.2   0.0   499   534    17    52     2    66 0.81 # 406 # 1200 # -1 # ID=897_2;partial=00;start_type=ATG;rbs_motif=GGAG/GAGG;rbs_spacer=5-10bp;gc_cont=0.692
contig00897_2        -            265 1974at72274          -            813    0.0035   14.2   1.2   2   2      0.16        17    2.0   0.2   689   768   130   208   111   230 0.72 # 406 # 1200 # -1 # ID=897_2;partial=00;start_type=ATG;rbs_motif=GGAG/GAGG;rbs_spacer=5-10bp;gc_cont=0.692
contig03027_1        -             60 1974at72274          -            813    0.0073   13.2   0.1   1   1   6.7e-05    0.0073   13.2   0.1   501   532    27    58    10    60 0.87 # 430 # 609 # 1 # ID=3027_1;partial=01;start_type=ATG;rbs_motif=None;rbs_spacer=None;gc_cont=0.600
contig01188_2        -            238 1974at72274          -            813    0.0091   12.9   0.0   1   1    0.0001     0.011   12.6   0.0   701   772   117   185    99   225 0.81 # 1019 # 1732 # -1 # ID=1188_2;partial=01;start_type=Edge;rbs_motif=None;rbs_spacer=None;gc_cont=0.742
contig02782_1        -            166 1974at72274          -            813     0.011   12.6   0.0   1   1   0.00011     0.012   12.5   0.0   729   778    15    66     1    78 0.76 # 2 # 499 # 1 # ID=2782_1;partial=10;start_type=Edge;rbs_motif=None;rbs_spacer=None;gc_cont=0.687
contig00568_4        -            129 1974at72274          -            813     0.027   11.3   0.0   1   1   0.00029     0.032   11.1   0.0    10    37    42    69    33    77 0.84 # 2373 # 2759 # 1 # ID=568_4;partial=01;start_type=ATG;rbs_motif=GGA/GAG/AGG;rbs_spacer=5-10bp;gc_cont=0.649
contig00004_1        -            239 1974at72274          -            813     0.029   11.2   0.1   1   1   0.00034     0.037   10.8   0.1   359   457   126   220   111   231 0.76 # 3 # 719 # -1 # ID=4_1;partial=10;start_type=ATG;rbs_motif=AGGA/GGAG/GAGG;rbs_spacer=11-12bp;gc_cont=0.699
contig00058_8        -            115 1974at72274          -            813     0.031   11.1   0.0   1   1   0.00029     0.031   11.1   0.0   504   551    17    66     2    82 0.76 # 7127 # 7471 # 1 # ID=58_8;partial=01;start_type=ATG;rbs_motif=GGA/GAG/AGG;rbs_spacer=5-10bp;gc_cont=0.600
contig01568_1        -             93 1974at72274          -            813     0.044   10.6   0.0   1   1    0.0004     0.044   10.6   0.0   407   457     4    53     1    87 0.62 # 3 # 281 # 1 # ID=1568_1;partial=10;start_type=Edge;rbs_motif=None;rbs_spacer=None;gc_cont=0.703
#
# Program:         hmmsearch
# Version:         3.1b2 (February 2015)
# Pipeline mode:   SEARCH
# Query file:      /home/johngn/Microbial-Genomics-Journey-Workshop-2023/Reads_session_3/busco_downloads/lineages/pseudomonadales_odb10/hmms/1974at72274.hmm
# Target file:     /home/johngn/Microbial-Genomics-Journey-Workshop-2023/Reads_session_3/busco_op4/prodigal_output/predicted_genes/predicted.faa
# Option settings: hmmsearch --domtblout /home/johngn/Microbial-Genomics-Journey-Workshop-2023/Reads_session_3/busco_op4/run_pseudomonadales_odb10/hmmer_output/1974at72274.out --cpu 1 /home/johngn/Microbial-Genomics-Journey-Workshop-2023/Reads_session_3/busco_downloads/lineages/pseudomonadales_odb10/hmms/1974at72274.hmm /home/johngn/Microbial-Genomics-Journey-Workshop-2023/Reads_session_3/busco_op4/prodigal_output/predicted_genes/predicted.faa 
# Current dir:     /home/johngn/Microbial-Genomics-Journey-Workshop-2023/Reads_session_3
# Date:            Wed Mar  8 17:01:12 2023
# [ok]
