#                                                                            --- full sequence --- -------------- this domain -------------   hmm coord   ali coord   env coord
# target name        accession   tlen query name           accession   qlen   E-value  score  bias   #  of  c-Evalue  i-Evalue  score  bias  from    to  from    to  from    to  acc description of target
#------------------- ---------- ----- -------------------- ---------- ----- --------- ------ ----- --- --- --------- --------- ------ ----- ----- ----- ----- ----- ----- ----- ---- ---------------------
contig01197_1        -            191 19753at72274         -            311   1.1e-80  269.8   0.0   1   1   9.1e-84   1.3e-80  269.6   0.0   148   311     1   183     1   183 0.93 # 3 # 575 # 1 # ID=1197_1;partial=10;start_type=Edge;rbs_motif=None;rbs_spacer=None;gc_cont=0.672
contig00171_4        -            181 19753at72274         -            311   1.5e-63  213.5   1.3   1   2   3.2e-20   4.6e-17   60.9   0.1     1    53     9    80     9    87 0.89 # 4196 # 4738 # 1 # ID=171_4;partial=01;start_type=ATG;rbs_motif=AGGA;rbs_spacer=5-10bp;gc_cont=0.711
contig00171_4        -            181 19753at72274         -            311   1.5e-63  213.5   1.3   2   2   2.9e-47     4e-44  149.7   0.1    54   135   100   181    94   181 0.98 # 4196 # 4738 # 1 # ID=171_4;partial=01;start_type=ATG;rbs_motif=AGGA;rbs_spacer=5-10bp;gc_cont=0.711
contig00164_2        -            385 19753at72274         -            311   1.1e-13   49.8   0.0   1   1   9.1e-16   1.3e-12   46.3   0.0    40   215    64   258    50   273 0.77 # 740 # 1894 # 1 # ID=164_2;partial=00;start_type=ATG;rbs_motif=GGAG/GAGG;rbs_spacer=5-10bp;gc_cont=0.709
contig00393_3        -            407 19753at72274         -            311   6.3e-05   21.0   0.0   1   2       0.5   7.1e+02   -2.2   0.0    65    98   109   142    98   149 0.82 # 2038 # 3258 # -1 # ID=393_3;partial=00;start_type=ATG;rbs_motif=AGGAG;rbs_spacer=5-10bp;gc_cont=0.708
contig00393_3        -            407 19753at72274         -            311   6.3e-05   21.0   0.0   2   2   1.2e-07   0.00017   19.6   0.0   147   235   192   283   183   292 0.80 # 2038 # 3258 # -1 # ID=393_3;partial=00;start_type=ATG;rbs_motif=AGGAG;rbs_spacer=5-10bp;gc_cont=0.708
contig03259_1        -            175 19753at72274         -            311   0.00045   18.2   0.0   1   1   4.1e-07   0.00057   17.9   0.0    84   219     9   135     4   153 0.83 # 3 # 527 # 1 # ID=3259_1;partial=11;start_type=Edge;rbs_motif=None;rbs_spacer=None;gc_cont=0.663
contig03135_1        -            191 19753at72274         -            311     0.017   13.0   0.0   1   1   1.6e-05     0.023   12.6   0.0   164   237     9    83     3    93 0.73 # 3 # 575 # -1 # ID=3135_1;partial=01;start_type=Edge;rbs_motif=None;rbs_spacer=None;gc_cont=0.691
#
# Program:         hmmsearch
# Version:         3.1b2 (February 2015)
# Pipeline mode:   SEARCH
# Query file:      /home/johngn/Microbial-Genomics-Journey-Workshop-2023/Reads_session_3/busco_downloads/lineages/pseudomonadales_odb10/hmms/19753at72274.hmm
# Target file:     /home/johngn/Microbial-Genomics-Journey-Workshop-2023/Reads_session_3/busco_op4/prodigal_output/predicted_genes/predicted.faa
# Option settings: hmmsearch --domtblout /home/johngn/Microbial-Genomics-Journey-Workshop-2023/Reads_session_3/busco_op4/run_pseudomonadales_odb10/hmmer_output/19753at72274.out --cpu 1 /home/johngn/Microbial-Genomics-Journey-Workshop-2023/Reads_session_3/busco_downloads/lineages/pseudomonadales_odb10/hmms/19753at72274.hmm /home/johngn/Microbial-Genomics-Journey-Workshop-2023/Reads_session_3/busco_op4/prodigal_output/predicted_genes/predicted.faa 
# Current dir:     /home/johngn/Microbial-Genomics-Journey-Workshop-2023/Reads_session_3
# Date:            Wed Mar  8 17:01:12 2023
# [ok]
