#                                                                            --- full sequence --- -------------- this domain -------------   hmm coord   ali coord   env coord
# target name        accession   tlen query name           accession   qlen   E-value  score  bias   #  of  c-Evalue  i-Evalue  score  bias  from    to  from    to  from    to  acc description of target
#------------------- ---------- ----- -------------------- ---------- ----- --------- ------ ----- --- --- --------- --------- ------ ----- ----- ----- ----- ----- ----- ----- ---- ---------------------
contig00098_5        -            321 19791at72274         -            304  5.7e-130  431.8   4.0   1   1  1.8e-132    3e-129  429.4   4.0    24   269    45   321     1   321 0.87 # 4923 # 5885 # 1 # ID=98_5;partial=01;start_type=ATG;rbs_motif=AGGA;rbs_spacer=5-10bp;gc_cont=0.677
contig00383_1        -            291 19791at72274         -            304   2.8e-71  239.0   0.6   1   2    0.0007       1.2    7.1   0.0    12    49    14    50     1    59 0.68 # 3 # 875 # -1 # ID=383_1;partial=10;start_type=ATG;rbs_motif=GGAG/GAGG;rbs_spacer=5-10bp;gc_cont=0.638
contig00383_1        -            291 19791at72274         -            304   2.8e-71  239.0   0.6   2   2   7.1e-72   1.2e-68  230.4   0.2    62   246    90   280    78   287 0.93 # 3 # 875 # -1 # ID=383_1;partial=10;start_type=ATG;rbs_motif=GGAG/GAGG;rbs_spacer=5-10bp;gc_cont=0.638
contig01733_1        -            169 19791at72274         -            304   5.4e-07   27.9   0.4   1   2   0.00015      0.25    9.4   0.0   266   287     2    23     1    62 0.93 # 1 # 507 # 1 # ID=1733_1;partial=10;start_type=Edge;rbs_motif=None;rbs_spacer=None;gc_cont=0.661
contig01733_1        -            169 19791at72274         -            304   5.4e-07   27.9   0.4   2   2   6.2e-07     0.001   17.2   0.1   248   285    96   132    74   153 0.65 # 1 # 507 # 1 # ID=1733_1;partial=10;start_type=Edge;rbs_motif=None;rbs_spacer=None;gc_cont=0.661
contig00036_8        -            451 19791at72274         -            304   0.00024   19.2   0.0   1   2    0.0016       2.7    5.9   0.0   253   293   128   171    98   182 0.78 # 6112 # 7464 # 1 # ID=36_8;partial=00;start_type=ATG;rbs_motif=GGAGG;rbs_spacer=5-10bp;gc_cont=0.652
contig00036_8        -            451 19791at72274         -            304   0.00024   19.2   0.0   2   2   4.1e-05      0.07   11.2   0.0   254   288   225   259   219   278 0.79 # 6112 # 7464 # 1 # ID=36_8;partial=00;start_type=ATG;rbs_motif=GGAGG;rbs_spacer=5-10bp;gc_cont=0.652
contig00168_3        -            437 19791at72274         -            304    0.0004   18.5   0.0   1   1   4.8e-07   0.00081   17.5   0.0   236   282   105   147    95   162 0.87 # 1888 # 3198 # 1 # ID=168_3;partial=00;start_type=ATG;rbs_motif=AGGAG;rbs_spacer=5-10bp;gc_cont=0.680
#
# Program:         hmmsearch
# Version:         3.1b2 (February 2015)
# Pipeline mode:   SEARCH
# Query file:      /home/johngn/Microbial-Genomics-Journey-Workshop-2023/Reads_session_3/busco_downloads/lineages/pseudomonadales_odb10/hmms/19791at72274.hmm
# Target file:     /home/johngn/Microbial-Genomics-Journey-Workshop-2023/Reads_session_3/busco_op4/prodigal_output/predicted_genes/predicted.faa
# Option settings: hmmsearch --domtblout /home/johngn/Microbial-Genomics-Journey-Workshop-2023/Reads_session_3/busco_op4/run_pseudomonadales_odb10/hmmer_output/19791at72274.out --cpu 1 /home/johngn/Microbial-Genomics-Journey-Workshop-2023/Reads_session_3/busco_downloads/lineages/pseudomonadales_odb10/hmms/19791at72274.hmm /home/johngn/Microbial-Genomics-Journey-Workshop-2023/Reads_session_3/busco_op4/prodigal_output/predicted_genes/predicted.faa 
# Current dir:     /home/johngn/Microbial-Genomics-Journey-Workshop-2023/Reads_session_3
# Date:            Wed Mar  8 17:01:12 2023
# [ok]
