#                                                                            --- full sequence --- -------------- this domain -------------   hmm coord   ali coord   env coord
# target name        accession   tlen query name           accession   qlen   E-value  score  bias   #  of  c-Evalue  i-Evalue  score  bias  from    to  from    to  from    to  acc description of target
#------------------- ---------- ----- -------------------- ---------- ----- --------- ------ ----- --- --- --------- --------- ------ ----- ----- ----- ----- ----- ----- ----- ---- ---------------------
contig00491_1        -            515 1982at72274          -            775    2e-180  600.6   3.4   1   1  1.1e-182  8.3e-180  598.5   3.4     2   410     3   515     2   515 0.88 # 2 # 1546 # -1 # ID=491_1;partial=10;start_type=ATG;rbs_motif=GGAGG;rbs_spacer=5-10bp;gc_cont=0.670
contig02622_1        -            243 1982at72274          -            775   1.4e-72  244.0   0.8   1   2   8.3e-57   6.3e-54  182.3   0.0   580   721     3   163     1   176 0.87 # 1 # 729 # 1 # ID=2622_1;partial=10;start_type=Edge;rbs_motif=None;rbs_spacer=None;gc_cont=0.678
contig02622_1        -            243 1982at72274          -            775   1.4e-72  244.0   0.8   2   2   7.6e-20   5.8e-17   60.0   1.0   714   775   180   241   165   241 0.90 # 1 # 729 # 1 # ID=2622_1;partial=10;start_type=Edge;rbs_motif=None;rbs_spacer=None;gc_cont=0.678
contig00073_2        -            946 1982at72274          -            775   5.7e-35  119.6  13.5   1   2   1.4e-23   1.1e-20   72.3   2.6   124   282   168   355   133   363 0.81 # 238 # 3075 # -1 # ID=73_2;partial=00;start_type=ATG;rbs_motif=AGGA;rbs_spacer=5-10bp;gc_cont=0.556
contig00073_2        -            946 1982at72274          -            775   5.7e-35  119.6  13.5   2   2     8e-17   6.1e-14   50.0   3.3   372   664   522   852   498   866 0.72 # 238 # 3075 # -1 # ID=73_2;partial=00;start_type=ATG;rbs_motif=AGGA;rbs_spacer=5-10bp;gc_cont=0.556
contig00241_1        -            959 1982at72274          -            775   3.9e-16   57.3   0.0   1   2   4.5e-09   3.4e-06   24.4   0.0   143   259   135   270   129   376 0.70 # 1 # 2877 # 1 # ID=241_1;partial=10;start_type=Edge;rbs_motif=None;rbs_spacer=None;gc_cont=0.565
contig00241_1        -            959 1982at72274          -            775   3.9e-16   57.3   0.0   2   2   6.6e-11   5.1e-08   30.5   0.0   424   486   648   711   635   719 0.88 # 1 # 2877 # 1 # ID=241_1;partial=10;start_type=Edge;rbs_motif=None;rbs_spacer=None;gc_cont=0.565
contig00006_8        -            658 1982at72274          -            775   5.3e-09   33.7   0.3   1   2   1.9e-05     0.015   12.4   0.1   142   258   268   389   244   406 0.76 # 7575 # 9548 # 1 # ID=6_8;partial=00;start_type=ATG;rbs_motif=GGA/GAG/AGG;rbs_spacer=5-10bp;gc_cont=0.643
contig00006_8        -            658 1982at72274          -            775   5.3e-09   33.7   0.3   2   2   1.5e-07   0.00011   19.4   0.0   368   502   493   628   475   636 0.83 # 7575 # 9548 # 1 # ID=6_8;partial=00;start_type=ATG;rbs_motif=GGA/GAG/AGG;rbs_spacer=5-10bp;gc_cont=0.643
contig02942_1        -            214 1982at72274          -            775   0.00019   18.6   0.3   1   1   2.7e-07   0.00021   18.5   0.3   372   482     6   113     1   142 0.82 # 1 # 642 # 1 # ID=2942_1;partial=11;start_type=Edge;rbs_motif=None;rbs_spacer=None;gc_cont=0.709
contig00744_2        -            640 1982at72274          -            775   0.00058   17.0   0.0   1   1   1.1e-06   0.00085   16.5   0.0   383   487   250   353   233   367 0.84 # 385 # 2304 # 1 # ID=744_2;partial=00;start_type=ATG;rbs_motif=AGGA;rbs_spacer=5-10bp;gc_cont=0.683
contig00908_1        -            683 1982at72274          -            775    0.0015   15.7   0.1   1   2   0.00047      0.36    7.8   0.0   143   190   233   281   222   365 0.87 # 1 # 2049 # 1 # ID=908_1;partial=10;start_type=Edge;rbs_motif=None;rbs_spacer=None;gc_cont=0.702
contig00908_1        -            683 1982at72274          -            775    0.0015   15.7   0.1   2   2     0.002       1.5    5.7   0.0   368   486   512   628   502   648 0.77 # 1 # 2049 # 1 # ID=908_1;partial=10;start_type=Edge;rbs_motif=None;rbs_spacer=None;gc_cont=0.702
contig01800_1        -            403 1982at72274          -            775    0.0054   13.8   0.0   1   1   1.2e-05    0.0091   13.1   0.0   143   207    40   103    36   121 0.85 # 3 # 1211 # -1 # ID=1800_1;partial=11;start_type=Edge;rbs_motif=None;rbs_spacer=None;gc_cont=0.701
contig00044_4        -            589 1982at72274          -            775     0.015   12.3   0.0   1   2     0.018        14    2.6   0.0   141   155   123   137    97   140 0.86 # 798 # 2564 # 1 # ID=44_4;partial=00;start_type=ATG;rbs_motif=GGA/GAG/AGG;rbs_spacer=5-10bp;gc_cont=0.650
contig00044_4        -            589 1982at72274          -            775     0.015   12.3   0.0   2   2   0.00076      0.58    7.1   0.0   437   485   460   509   435   516 0.75 # 798 # 2564 # 1 # ID=44_4;partial=00;start_type=ATG;rbs_motif=GGA/GAG/AGG;rbs_spacer=5-10bp;gc_cont=0.650
contig00005_11       -            750 1982at72274          -            775     0.041   10.9   0.0   1   3     0.036        28    1.6   0.1   143   187    85   128    64   133 0.81 # 5894 # 8143 # 1 # ID=5_11;partial=00;start_type=ATG;rbs_motif=AGGAG;rbs_spacer=5-10bp;gc_cont=0.634
contig00005_11       -            750 1982at72274          -            775     0.041   10.9   0.0   2   3    0.0046       3.5    4.5   0.0   214   256   339   380   313   404 0.82 # 5894 # 8143 # 1 # ID=5_11;partial=00;start_type=ATG;rbs_motif=AGGAG;rbs_spacer=5-10bp;gc_cont=0.634
contig00005_11       -            750 1982at72274          -            775     0.041   10.9   0.0   3   3     0.073        56    0.5   0.0   354   507   558   714   544   741 0.68 # 5894 # 8143 # 1 # ID=5_11;partial=00;start_type=ATG;rbs_motif=AGGAG;rbs_spacer=5-10bp;gc_cont=0.634
#
# Program:         hmmsearch
# Version:         3.1b2 (February 2015)
# Pipeline mode:   SEARCH
# Query file:      /home/johngn/Microbial-Genomics-Journey-Workshop-2023/Reads_session_3/busco_downloads/lineages/pseudomonadales_odb10/hmms/1982at72274.hmm
# Target file:     /home/johngn/Microbial-Genomics-Journey-Workshop-2023/Reads_session_3/busco_op4/prodigal_output/predicted_genes/predicted.faa
# Option settings: hmmsearch --domtblout /home/johngn/Microbial-Genomics-Journey-Workshop-2023/Reads_session_3/busco_op4/run_pseudomonadales_odb10/hmmer_output/1982at72274.out --cpu 1 /home/johngn/Microbial-Genomics-Journey-Workshop-2023/Reads_session_3/busco_downloads/lineages/pseudomonadales_odb10/hmms/1982at72274.hmm /home/johngn/Microbial-Genomics-Journey-Workshop-2023/Reads_session_3/busco_op4/prodigal_output/predicted_genes/predicted.faa 
# Current dir:     /home/johngn/Microbial-Genomics-Journey-Workshop-2023/Reads_session_3
# Date:            Wed Mar  8 17:01:12 2023
# [ok]
