#                                                                            --- full sequence --- -------------- this domain -------------   hmm coord   ali coord   env coord
# target name        accession   tlen query name           accession   qlen   E-value  score  bias   #  of  c-Evalue  i-Evalue  score  bias  from    to  from    to  from    to  acc description of target
#------------------- ---------- ----- -------------------- ---------- ----- --------- ------ ----- --- --- --------- --------- ------ ----- ----- ----- ----- ----- ----- ----- ---- ---------------------
contig01442_1        -            233 20191at72274         -            278   7.8e-70  234.3   1.4   1   2      0.38   2.7e+02   -0.3   0.0     2    17     7    22     6    53 0.79 # 1 # 699 # -1 # ID=1442_1;partial=10;start_type=ATG;rbs_motif=AGGA;rbs_spacer=5-10bp;gc_cont=0.684
contig01442_1        -            233 20191at72274         -            278   7.8e-70  234.3   1.4   2   2     3e-72   2.1e-69  232.9   1.0    28   162    86   233    55   233 0.88 # 1 # 699 # -1 # ID=1442_1;partial=10;start_type=ATG;rbs_motif=AGGA;rbs_spacer=5-10bp;gc_cont=0.684
contig00358_2        -            278 20191at72274         -            278   3.7e-11   41.9   5.3   1   1   2.9e-13     2e-10   39.4   5.3    39   201     8   180     4   248 0.73 # 551 # 1384 # 1 # ID=358_2;partial=00;start_type=ATG;rbs_motif=GGA/GAG/AGG;rbs_spacer=5-10bp;gc_cont=0.647
contig01317_3        -             54 20191at72274         -            278   6.8e-07   27.9   0.2   1   1   9.6e-10   6.8e-07   27.9   0.2    39    83     3    48     1    54 0.84 # 1447 # 1608 # 1 # ID=1317_3;partial=01;start_type=ATG;rbs_motif=GGA/GAG/AGG;rbs_spacer=5-10bp;gc_cont=0.648
contig00613_3        -            272 20191at72274         -            278   7.5e-07   27.7   3.1   1   1   7.9e-09   5.5e-06   24.9   3.1    39   255     3   230     1   250 0.63 # 1161 # 1976 # -1 # ID=613_3;partial=00;start_type=TTG;rbs_motif=None;rbs_spacer=None;gc_cont=0.626
contig00379_4        -            263 20191at72274         -            278   2.8e-06   25.8   0.3   1   2   1.3e-07   8.9e-05   20.9   0.1    40    85     3    51     1    60 0.80 # 1950 # 2738 # -1 # ID=379_4;partial=00;start_type=ATG;rbs_motif=GGA/GAG/AGG;rbs_spacer=5-10bp;gc_cont=0.663
contig00379_4        -            263 20191at72274         -            278   2.8e-06   25.8   0.3   2   2     0.037        26    3.0   0.0   133   152   118   137   100   159 0.78 # 1950 # 2738 # -1 # ID=379_4;partial=00;start_type=ATG;rbs_motif=GGA/GAG/AGG;rbs_spacer=5-10bp;gc_cont=0.663
contig00025_3        -            292 20191at72274         -            278   3.4e-06   25.5   0.1   1   1   7.2e-09   5.1e-06   25.0   0.1    39    76     2    40     1    53 0.90 # 1098 # 1973 # 1 # ID=25_3;partial=00;start_type=ATG;rbs_motif=GGAG/GAGG;rbs_spacer=5-10bp;gc_cont=0.685
contig00054_3        -            289 20191at72274         -            278   9.5e-05   20.8   0.0   1   1   2.2e-07   0.00016   20.1   0.0    43    81     8    47     3    98 0.92 # 6342 # 7208 # 1 # ID=54_3;partial=00;start_type=ATG;rbs_motif=GGAG/GAGG;rbs_spacer=5-10bp;gc_cont=0.599
contig02077_1        -            269 20191at72274         -            278    0.0051   15.1   0.0   1   1   1.3e-05    0.0094   14.3   0.0    41    83   102   146    70   165 0.80 # 247 # 1053 # 1 # ID=2077_1;partial=01;start_type=ATG;rbs_motif=AGGA;rbs_spacer=5-10bp;gc_cont=0.658
contig00007_24       -            270 20191at72274         -            278    0.0056   15.0   0.6   1   1   0.00012     0.087   11.1   0.6    41   155     5   140     1   148 0.55 # 14312 # 15121 # -1 # ID=7_24;partial=00;start_type=ATG;rbs_motif=GGA/GAG/AGG;rbs_spacer=5-10bp;gc_cont=0.567
contig01114_3        -            166 20191at72274         -            278     0.019   13.2   0.1   1   1   3.9e-05     0.028   12.7   0.1    43    80     5    43     3    61 0.82 # 1324 # 1821 # 1 # ID=1114_3;partial=01;start_type=ATG;rbs_motif=GGAG/GAGG;rbs_spacer=5-10bp;gc_cont=0.620
contig01336_2        -            204 20191at72274         -            278     0.024   12.9   0.0   1   1   4.8e-05     0.034   12.5   0.0    29    73    24    68     6   122 0.82 # 913 # 1524 # 1 # ID=1336_2;partial=00;start_type=ATG;rbs_motif=AGGAG;rbs_spacer=5-10bp;gc_cont=0.670
contig00325_4        -            371 20191at72274         -            278      0.24    9.7   5.0   1   3   0.00043       0.3    9.3   0.2    20    56     6    42     1    57 0.84 # 1638 # 2750 # 1 # ID=325_4;partial=00;start_type=ATG;rbs_motif=GGAG/GAGG;rbs_spacer=5-10bp;gc_cont=0.490
contig00325_4        -            371 20191at72274         -            278      0.24    9.7   5.0   2   3     0.063        44    2.2   0.0   180   198   129   147   108   178 0.89 # 1638 # 2750 # 1 # ID=325_4;partial=00;start_type=ATG;rbs_motif=GGAG/GAGG;rbs_spacer=5-10bp;gc_cont=0.490
contig00325_4        -            371 20191at72274         -            278      0.24    9.7   5.0   3   3       3.2   2.2e+03   -3.4   0.3    44    63   314   333   307   338 0.78 # 1638 # 2750 # 1 # ID=325_4;partial=00;start_type=ATG;rbs_motif=GGAG/GAGG;rbs_spacer=5-10bp;gc_cont=0.490
#
# Program:         hmmsearch
# Version:         3.1b2 (February 2015)
# Pipeline mode:   SEARCH
# Query file:      /home/johngn/Microbial-Genomics-Journey-Workshop-2023/Reads_session_3/busco_downloads/lineages/pseudomonadales_odb10/hmms/20191at72274.hmm
# Target file:     /home/johngn/Microbial-Genomics-Journey-Workshop-2023/Reads_session_3/busco_op4/prodigal_output/predicted_genes/predicted.faa
# Option settings: hmmsearch --domtblout /home/johngn/Microbial-Genomics-Journey-Workshop-2023/Reads_session_3/busco_op4/run_pseudomonadales_odb10/hmmer_output/20191at72274.out --cpu 1 /home/johngn/Microbial-Genomics-Journey-Workshop-2023/Reads_session_3/busco_downloads/lineages/pseudomonadales_odb10/hmms/20191at72274.hmm /home/johngn/Microbial-Genomics-Journey-Workshop-2023/Reads_session_3/busco_op4/prodigal_output/predicted_genes/predicted.faa 
# Current dir:     /home/johngn/Microbial-Genomics-Journey-Workshop-2023/Reads_session_3
# Date:            Wed Mar  8 17:01:12 2023
# [ok]
