#                                                                            --- full sequence --- -------------- this domain -------------   hmm coord   ali coord   env coord
# target name        accession   tlen query name           accession   qlen   E-value  score  bias   #  of  c-Evalue  i-Evalue  score  bias  from    to  from    to  from    to  acc description of target
#------------------- ---------- ----- -------------------- ---------- ----- --------- ------ ----- --- --- --------- --------- ------ ----- ----- ----- ----- ----- ----- ----- ---- ---------------------
contig00121_7        -            422 20241at72274         -            443  6.3e-204  676.8   0.2   1   1  5.2e-207  7.3e-204  676.6   0.2     1   387     2   422     2   422 0.94 # 4089 # 5354 # 1 # ID=121_7;partial=01;start_type=ATG;rbs_motif=AGGA;rbs_spacer=5-10bp;gc_cont=0.672
contig00411_1        -            279 20241at72274         -            443   1.5e-33  115.3   0.0   1   1   1.3e-36   1.8e-33  115.0   0.0    33   243    40   260     5   271 0.82 # 2 # 838 # -1 # ID=411_1;partial=10;start_type=ATG;rbs_motif=GGAG/GAGG;rbs_spacer=5-10bp;gc_cont=0.711
contig00393_1        -            226 20241at72274         -            443   8.8e-31  106.2   0.0   1   1   8.1e-34   1.1e-30  105.8   0.0     9   180    22   210    15   214 0.86 # 3 # 680 # -1 # ID=393_1;partial=10;start_type=ATG;rbs_motif=AGGAG;rbs_spacer=5-10bp;gc_cont=0.696
contig00180_5        -            495 20241at72274         -            443   2.5e-20   71.7   0.1   1   2   3.5e-23   4.9e-20   70.8   0.1     3   217     6   243     4   256 0.85 # 3190 # 4674 # 1 # ID=180_5;partial=01;start_type=ATG;rbs_motif=GGA/GAG/AGG;rbs_spacer=5-10bp;gc_cont=0.716
contig00180_5        -            495 20241at72274         -            443   2.5e-20   71.7   0.1   2   2       1.8   2.5e+03   -4.1   0.0   235   252   279   296   276   299 0.84 # 3190 # 4674 # 1 # ID=180_5;partial=01;start_type=ATG;rbs_motif=GGA/GAG/AGG;rbs_spacer=5-10bp;gc_cont=0.716
contig01776_2        -            169 20241at72274         -            443   1.7e-06   26.1   0.0   1   1   1.7e-09   2.3e-06   25.7   0.0   358   435    68   153    56   156 0.84 # 732 # 1238 # -1 # ID=1776_2;partial=01;start_type=Edge;rbs_motif=None;rbs_spacer=None;gc_cont=0.698
contig02093_1        -             67 20241at72274         -            443     0.067   11.0   0.0   1   1   4.9e-05     0.069   11.0   0.0   394   436     4    49     1    54 0.82 # 1 # 201 # 1 # ID=2093_1;partial=10;start_type=Edge;rbs_motif=None;rbs_spacer=None;gc_cont=0.711
#
# Program:         hmmsearch
# Version:         3.1b2 (February 2015)
# Pipeline mode:   SEARCH
# Query file:      /home/johngn/Microbial-Genomics-Journey-Workshop-2023/Reads_session_3/busco_downloads/lineages/pseudomonadales_odb10/hmms/20241at72274.hmm
# Target file:     /home/johngn/Microbial-Genomics-Journey-Workshop-2023/Reads_session_3/busco_op4/prodigal_output/predicted_genes/predicted.faa
# Option settings: hmmsearch --domtblout /home/johngn/Microbial-Genomics-Journey-Workshop-2023/Reads_session_3/busco_op4/run_pseudomonadales_odb10/hmmer_output/20241at72274.out --cpu 1 /home/johngn/Microbial-Genomics-Journey-Workshop-2023/Reads_session_3/busco_downloads/lineages/pseudomonadales_odb10/hmms/20241at72274.hmm /home/johngn/Microbial-Genomics-Journey-Workshop-2023/Reads_session_3/busco_op4/prodigal_output/predicted_genes/predicted.faa 
# Current dir:     /home/johngn/Microbial-Genomics-Journey-Workshop-2023/Reads_session_3
# Date:            Wed Mar  8 17:01:12 2023
# [ok]
