#                                                                            --- full sequence --- -------------- this domain -------------   hmm coord   ali coord   env coord
# target name        accession   tlen query name           accession   qlen   E-value  score  bias   #  of  c-Evalue  i-Evalue  score  bias  from    to  from    to  from    to  acc description of target
#------------------- ---------- ----- -------------------- ---------- ----- --------- ------ ----- --- --- --------- --------- ------ ----- ----- ----- ----- ----- ----- ----- ---- ---------------------
contig00066_2        -            374 20515at72274         -            325    9e-165  546.4   0.8   1   1  8.8e-168  1.2e-164  546.0   0.8     2   325     5   372     4   372 0.91 # 517 # 1638 # -1 # ID=66_2;partial=00;start_type=GTG;rbs_motif=GGAG/GAGG;rbs_spacer=5-10bp;gc_cont=0.648
contig00635_3        -            331 20515at72274         -            325   1.3e-17   62.8   1.8   1   1   1.1e-19   1.5e-16   59.3   1.6    88   324    56   321    49   322 0.79 # 1001 # 1993 # 1 # ID=635_3;partial=00;start_type=ATG;rbs_motif=GGAG/GAGG;rbs_spacer=5-10bp;gc_cont=0.714
contig01381_2        -            168 20515at72274         -            325   1.5e-14   52.7   0.0   1   1   2.4e-17   3.4e-14   51.6   0.0    60   196    32   168    15   168 0.85 # 1050 # 1553 # 1 # ID=1381_2;partial=01;start_type=ATG;rbs_motif=AGGAG;rbs_spacer=5-10bp;gc_cont=0.673
contig01629_1        -            322 20515at72274         -            325   7.3e-13   47.2   0.0   1   2   1.4e-09   1.9e-06   26.1   0.0    87   166    61   143    42   169 0.82 # 1 # 966 # -1 # ID=1629_1;partial=10;start_type=ATG;rbs_motif=GGA/GAG/AGG;rbs_spacer=5-10bp;gc_cont=0.663
contig01629_1        -            322 20515at72274         -            325   7.3e-13   47.2   0.0   2   2   1.9e-07   0.00027   19.1   0.0   240   305   238   303   225   315 0.81 # 1 # 966 # -1 # ID=1629_1;partial=10;start_type=ATG;rbs_motif=GGA/GAG/AGG;rbs_spacer=5-10bp;gc_cont=0.663
contig01381_1        -            335 20515at72274         -            325   3.9e-10   38.2   0.0   1   2   6.4e-12     9e-09   33.8   0.0    80   198    36   169    28   186 0.82 # 3 # 1007 # 1 # ID=1381_1;partial=10;start_type=Edge;rbs_motif=None;rbs_spacer=None;gc_cont=0.651
contig01381_1        -            335 20515at72274         -            325   3.9e-10   38.2   0.0   2   2     0.027        38    2.1   0.0    90   110   233   253   179   258 0.76 # 3 # 1007 # 1 # ID=1381_1;partial=10;start_type=Edge;rbs_motif=None;rbs_spacer=None;gc_cont=0.651
contig01569_2        -            149 20515at72274         -            325     0.029   12.4   0.0   1   1   2.1e-05     0.029   12.4   0.0   227   304    28   109    17   140 0.84 # 946 # 1392 # -1 # ID=1569_2;partial=01;start_type=Edge;rbs_motif=None;rbs_spacer=None;gc_cont=0.660
#
# Program:         hmmsearch
# Version:         3.1b2 (February 2015)
# Pipeline mode:   SEARCH
# Query file:      /home/johngn/Microbial-Genomics-Journey-Workshop-2023/Reads_session_3/busco_downloads/lineages/pseudomonadales_odb10/hmms/20515at72274.hmm
# Target file:     /home/johngn/Microbial-Genomics-Journey-Workshop-2023/Reads_session_3/busco_op4/prodigal_output/predicted_genes/predicted.faa
# Option settings: hmmsearch --domtblout /home/johngn/Microbial-Genomics-Journey-Workshop-2023/Reads_session_3/busco_op4/run_pseudomonadales_odb10/hmmer_output/20515at72274.out --cpu 1 /home/johngn/Microbial-Genomics-Journey-Workshop-2023/Reads_session_3/busco_downloads/lineages/pseudomonadales_odb10/hmms/20515at72274.hmm /home/johngn/Microbial-Genomics-Journey-Workshop-2023/Reads_session_3/busco_op4/prodigal_output/predicted_genes/predicted.faa 
# Current dir:     /home/johngn/Microbial-Genomics-Journey-Workshop-2023/Reads_session_3
# Date:            Wed Mar  8 17:01:12 2023
# [ok]
