#                                                                            --- full sequence --- -------------- this domain -------------   hmm coord   ali coord   env coord
# target name        accession   tlen query name           accession   qlen   E-value  score  bias   #  of  c-Evalue  i-Evalue  score  bias  from    to  from    to  from    to  acc description of target
#------------------- ---------- ----- -------------------- ---------- ----- --------- ------ ----- --- --- --------- --------- ------ ----- ----- ----- ----- ----- ----- ----- ---- ---------------------
contig00764_2        -            512 20685at72274         -            884  1.1e-172  575.3  45.2   1   1  3.8e-173  2.9e-170  567.2  45.2     1   406     1   499     1   507 0.86 # 813 # 2348 # 1 # ID=764_2;partial=01;start_type=ATG;rbs_motif=GGAG/GAGG;rbs_spacer=5-10bp;gc_cont=0.660
contig00201_3        -            498 20685at72274         -            884  4.9e-152  506.9  51.4   1   3   8.6e-06    0.0066   13.5  15.3   480   556    21    95     5   104 0.76 # 2885 # 4378 # -1 # ID=201_3;partial=01;start_type=Edge;rbs_motif=None;rbs_spacer=None;gc_cont=0.647
contig00201_3        -            498 20685at72274         -            884  4.9e-152  506.9  51.4   2   3   1.2e-21   9.3e-19   65.9  30.2   513   675    78   252    75   271 0.84 # 2885 # 4378 # -1 # ID=201_3;partial=01;start_type=Edge;rbs_motif=None;rbs_spacer=None;gc_cont=0.647
contig00201_3        -            498 20685at72274         -            884  4.9e-152  506.9  51.4   3   3  1.7e-133  1.3e-130  436.0   0.8   671   883   276   492   248   493 0.92 # 2885 # 4378 # -1 # ID=201_3;partial=01;start_type=Edge;rbs_motif=None;rbs_spacer=None;gc_cont=0.647
contig02259_2        -            292 20685at72274         -            884      0.02   11.9   9.7   1   3      0.31   2.4e+02   -1.6   5.3   547   612    10    76     1   102 0.35 # 82 # 957 # -1 # ID=2259_2;partial=01;start_type=Edge;rbs_motif=None;rbs_spacer=None;gc_cont=0.715
contig02259_2        -            292 20685at72274         -            884      0.02   11.9   9.7   2   3    0.0071       5.5    3.8   0.0    27    40   122   135   119   138 0.86 # 82 # 957 # -1 # ID=2259_2;partial=01;start_type=Edge;rbs_motif=None;rbs_spacer=None;gc_cont=0.715
contig02259_2        -            292 20685at72274         -            884      0.02   11.9   9.7   3   3   8.1e-05     0.062   10.3   0.2   788   827   207   244   198   254 0.91 # 82 # 957 # -1 # ID=2259_2;partial=01;start_type=Edge;rbs_motif=None;rbs_spacer=None;gc_cont=0.715
contig00878_2        -            240 20685at72274         -            884     0.028   11.4   0.0   1   1   5.5e-05     0.042   10.8   0.0    27    42    34    49    25    55 0.86 # 1098 # 1817 # 1 # ID=878_2;partial=00;start_type=ATG;rbs_motif=None;rbs_spacer=None;gc_cont=0.750
contig00669_3        -            175 20685at72274         -            884     0.029   11.4   1.7   1   2     0.014        10    2.9   0.0    20    50    18    48    11    64 0.86 # 1989 # 2513 # 1 # ID=669_3;partial=01;start_type=ATG;rbs_motif=GGAG/GAGG;rbs_spacer=5-10bp;gc_cont=0.669
contig00669_3        -            175 20685at72274         -            884     0.029   11.4   1.7   2   2    0.0011      0.82    6.6   0.0   103   123    93   113    90   120 0.89 # 1989 # 2513 # 1 # ID=669_3;partial=01;start_type=ATG;rbs_motif=GGAG/GAGG;rbs_spacer=5-10bp;gc_cont=0.669
contig00013_5        -            656 20685at72274         -            884      0.91    6.4  14.0   1   2      0.18   1.4e+02   -0.8   0.0    36    48    86    98    81   107 0.83 # 2700 # 4667 # 1 # ID=13_5;partial=00;start_type=ATG;rbs_motif=GGA/GAG/AGG;rbs_spacer=5-10bp;gc_cont=0.565
contig00013_5        -            656 20685at72274         -            884      0.91    6.4  14.0   2   2    0.0013         1    6.3  12.0   230   671   271   461   243   517 0.38 # 2700 # 4667 # 1 # ID=13_5;partial=00;start_type=ATG;rbs_motif=GGA/GAG/AGG;rbs_spacer=5-10bp;gc_cont=0.565
contig00931_1        -            490 20685at72274         -            884       2.3    5.1  11.6   1   2     0.019        15    2.4   4.1   207   647   171   246   136   257 0.28 # 3 # 1472 # 1 # ID=931_1;partial=10;start_type=Edge;rbs_motif=None;rbs_spacer=None;gc_cont=0.698
contig00931_1        -            490 20685at72274         -            884       2.3    5.1  11.6   2   2   0.00082      0.63    7.0   0.8   349   423   382   456   357   462 0.83 # 3 # 1472 # 1 # ID=931_1;partial=10;start_type=Edge;rbs_motif=None;rbs_spacer=None;gc_cont=0.698
contig00661_3        -            339 20685at72274         -            884       2.4    5.0  36.5   1   1     0.004         3    4.7  36.5   478   637   161   325   117   338 0.51 # 1522 # 2538 # -1 # ID=661_3;partial=01;start_type=Edge;rbs_motif=None;rbs_spacer=None;gc_cont=0.673
contig00258_3        -            468 20685at72274         -            884       2.5    5.0  23.7   1   1    0.0044       3.4    4.5  23.7   523   673   187   353   140   374 0.45 # 1346 # 2749 # -1 # ID=258_3;partial=00;start_type=ATG;rbs_motif=GGAG/GAGG;rbs_spacer=5-10bp;gc_cont=0.689
contig00384_5        -            329 20685at72274         -            884       2.7    4.8  44.3   1   1    0.0045       3.5    4.5  44.3   224   428    52   255    45   275 0.55 # 2382 # 3368 # 1 # ID=384_5;partial=01;start_type=TTG;rbs_motif=GGAG/GAGG;rbs_spacer=5-10bp;gc_cont=0.616
contig03004_2        -            115 20685at72274         -            884       3.8    4.4  32.2   1   1    0.0056       4.3    4.2  32.2   491   579    21   110    16   114 0.73 # 271 # 615 # -1 # ID=3004_2;partial=01;start_type=Edge;rbs_motif=None;rbs_spacer=None;gc_cont=0.687
#
# Program:         hmmsearch
# Version:         3.1b2 (February 2015)
# Pipeline mode:   SEARCH
# Query file:      /home/johngn/Microbial-Genomics-Journey-Workshop-2023/Reads_session_3/busco_downloads/lineages/pseudomonadales_odb10/hmms/20685at72274.hmm
# Target file:     /home/johngn/Microbial-Genomics-Journey-Workshop-2023/Reads_session_3/busco_op4/prodigal_output/predicted_genes/predicted.faa
# Option settings: hmmsearch --domtblout /home/johngn/Microbial-Genomics-Journey-Workshop-2023/Reads_session_3/busco_op4/run_pseudomonadales_odb10/hmmer_output/20685at72274.out --cpu 1 /home/johngn/Microbial-Genomics-Journey-Workshop-2023/Reads_session_3/busco_downloads/lineages/pseudomonadales_odb10/hmms/20685at72274.hmm /home/johngn/Microbial-Genomics-Journey-Workshop-2023/Reads_session_3/busco_op4/prodigal_output/predicted_genes/predicted.faa 
# Current dir:     /home/johngn/Microbial-Genomics-Journey-Workshop-2023/Reads_session_3
# Date:            Wed Mar  8 17:01:13 2023
# [ok]
