#                                                                            --- full sequence --- -------------- this domain -------------   hmm coord   ali coord   env coord
# target name        accession   tlen query name           accession   qlen   E-value  score  bias   #  of  c-Evalue  i-Evalue  score  bias  from    to  from    to  from    to  acc description of target
#------------------- ---------- ----- -------------------- ---------- ----- --------- ------ ----- --- --- --------- --------- ------ ----- ----- ----- ----- ----- ----- ----- ---- ---------------------
contig00121_5        -            346 20878at72274         -            301  9.3e-172  568.7   4.9   1   1  8.8e-175  1.1e-171  568.5   4.9     1   301     7   333     7   333 0.95 # 2509 # 3546 # -1 # ID=121_5;partial=00;start_type=ATG;rbs_motif=GGA/GAG/AGG;rbs_spacer=11-12bp;gc_cont=0.662
contig00068_5        -            620 20878at72274         -            301   1.7e-08   32.7   1.1   1   2      0.96   1.2e+03   -2.9   0.0     7    18    22    33    21    40 0.85 # 2158 # 4017 # 1 # ID=68_5;partial=00;start_type=ATG;rbs_motif=None;rbs_spacer=None;gc_cont=0.676
contig00068_5        -            620 20878at72274         -            301   1.7e-08   32.7   1.1   2   2   3.4e-11   4.1e-08   31.4   0.2    91   185   153   255   147   375 0.79 # 2158 # 4017 # 1 # ID=68_5;partial=00;start_type=ATG;rbs_motif=None;rbs_spacer=None;gc_cont=0.676
contig00669_1        -            390 20878at72274         -            301   6.6e-08   30.7   2.6   1   3      0.18   2.2e+02   -0.5   0.0     7    51     5    52     2    68 0.61 # 2 # 1171 # -1 # ID=669_1;partial=10;start_type=ATG;rbs_motif=GGAG/GAGG;rbs_spacer=5-10bp;gc_cont=0.631
contig00669_1        -            390 20878at72274         -            301   6.6e-08   30.7   2.6   2   3      0.27   3.2e+02   -1.1   0.0   192   211    92   111    50   121 0.73 # 2 # 1171 # -1 # ID=669_1;partial=10;start_type=ATG;rbs_motif=GGAG/GAGG;rbs_spacer=5-10bp;gc_cont=0.631
contig00669_1        -            390 20878at72274         -            301   6.6e-08   30.7   2.6   3   3   1.4e-10   1.7e-07   29.3   0.3    73   205   121   273   108   379 0.62 # 2 # 1171 # -1 # ID=669_1;partial=10;start_type=ATG;rbs_motif=GGAG/GAGG;rbs_spacer=5-10bp;gc_cont=0.631
contig01015_2        -            418 20878at72274         -            301   1.1e-07   30.0   3.2   1   2      0.17     2e+02   -0.4   0.1   184   232    22    68    14    81 0.65 # 418 # 1671 # 1 # ID=1015_2;partial=00;start_type=ATG;rbs_motif=AGGAG/GGAGG;rbs_spacer=11-12bp;gc_cont=0.656
contig01015_2        -            418 20878at72274         -            301   1.1e-07   30.0   3.2   2   2   9.2e-11   1.1e-07   30.0   3.2    85   268   155   336    90   352 0.79 # 418 # 1671 # 1 # ID=1015_2;partial=00;start_type=ATG;rbs_motif=AGGAG/GGAGG;rbs_spacer=11-12bp;gc_cont=0.656
contig00084_3        -            355 20878at72274         -            301   4.6e-06   24.7   0.3   1   1   2.7e-07   0.00032   18.6   0.3   223   285   258   319   120   332 0.86 # 3270 # 4334 # 1 # ID=84_3;partial=00;start_type=GTG;rbs_motif=GGA/GAG/AGG;rbs_spacer=5-10bp;gc_cont=0.632
contig02108_1        -            304 20878at72274         -            301   0.00084   17.2   0.0   1   1   1.3e-06    0.0016   16.4   0.0   108   156    34    82    25   118 0.81 # 125 # 1036 # -1 # ID=2108_1;partial=01;start_type=Edge;rbs_motif=None;rbs_spacer=None;gc_cont=0.672
contig01022_2        -            117 20878at72274         -            301     0.022   12.6   0.3   1   1   2.4e-05     0.029   12.2   0.3   110   145    52    88    40    93 0.76 # 590 # 940 # -1 # ID=1022_2;partial=00;start_type=ATG;rbs_motif=GGAG/GAGG;rbs_spacer=5-10bp;gc_cont=0.675
#
# Program:         hmmsearch
# Version:         3.1b2 (February 2015)
# Pipeline mode:   SEARCH
# Query file:      /home/johngn/Microbial-Genomics-Journey-Workshop-2023/Reads_session_3/busco_downloads/lineages/pseudomonadales_odb10/hmms/20878at72274.hmm
# Target file:     /home/johngn/Microbial-Genomics-Journey-Workshop-2023/Reads_session_3/busco_op4/prodigal_output/predicted_genes/predicted.faa
# Option settings: hmmsearch --domtblout /home/johngn/Microbial-Genomics-Journey-Workshop-2023/Reads_session_3/busco_op4/run_pseudomonadales_odb10/hmmer_output/20878at72274.out --cpu 1 /home/johngn/Microbial-Genomics-Journey-Workshop-2023/Reads_session_3/busco_downloads/lineages/pseudomonadales_odb10/hmms/20878at72274.hmm /home/johngn/Microbial-Genomics-Journey-Workshop-2023/Reads_session_3/busco_op4/prodigal_output/predicted_genes/predicted.faa 
# Current dir:     /home/johngn/Microbial-Genomics-Journey-Workshop-2023/Reads_session_3
# Date:            Wed Mar  8 17:01:13 2023
# [ok]
