#                                                                            --- full sequence --- -------------- this domain -------------   hmm coord   ali coord   env coord
# target name        accession   tlen query name           accession   qlen   E-value  score  bias   #  of  c-Evalue  i-Evalue  score  bias  from    to  from    to  from    to  acc description of target
#------------------- ---------- ----- -------------------- ---------- ----- --------- ------ ----- --- --- --------- --------- ------ ----- ----- ----- ----- ----- ----- ----- ---- ---------------------
contig02657_1        -            100 20904at72274         -            287   1.6e-23   82.1   0.1   1   1   1.5e-26   2.1e-23   81.8   0.1   216   286     1    89     1    90 0.83 # 3 # 302 # 1 # ID=2657_1;partial=10;start_type=Edge;rbs_motif=None;rbs_spacer=None;gc_cont=0.580
contig00913_1        -            388 20904at72274         -            287      0.02   12.9   0.1   1   1     2e-05     0.029   12.4   0.1     3    43     2    46     1    53 0.80 # 50 # 1213 # 1 # ID=913_1;partial=00;start_type=ATG;rbs_motif=GGA/GAG/AGG;rbs_spacer=5-10bp;gc_cont=0.721
contig00039_3        -            804 20904at72274         -            287     0.021   12.8   0.1   1   2    0.0021       2.9    5.8   0.0    22    48    31    56    20    80 0.80 # 2331 # 4742 # 1 # ID=39_3;partial=00;start_type=ATG;rbs_motif=GGA/GAG/AGG;rbs_spacer=5-10bp;gc_cont=0.468
contig00039_3        -            804 20904at72274         -            287     0.021   12.8   0.1   2   2    0.0067       9.3    4.2   0.0   213   254   682   723   676   762 0.84 # 2331 # 4742 # 1 # ID=39_3;partial=00;start_type=ATG;rbs_motif=GGA/GAG/AGG;rbs_spacer=5-10bp;gc_cont=0.468
contig00117_4        -            403 20904at72274         -            287     0.025   12.6   0.0   1   1   2.9e-05      0.04   11.9   0.0    22    42    30    50     7    57 0.77 # 2773 # 3981 # 1 # ID=117_4;partial=00;start_type=ATG;rbs_motif=AGGA;rbs_spacer=5-10bp;gc_cont=0.460
contig00053_5        -            582 20904at72274         -            287     0.033   12.2   0.0   1   1   4.2e-05      0.06   11.4   0.0     1    44     1    49     1    64 0.80 # 2832 # 4577 # 1 # ID=53_5;partial=00;start_type=ATG;rbs_motif=GGAG/GAGG;rbs_spacer=5-10bp;gc_cont=0.689
contig02371_1        -            205 20904at72274         -            287     0.065   11.2   0.0   1   1   8.6e-05      0.12   10.4   0.0    23    50    35    62    29    86 0.81 # 3 # 617 # -1 # ID=2371_1;partial=10;start_type=ATG;rbs_motif=GGA/GAG/AGG;rbs_spacer=5-10bp;gc_cont=0.717
#
# Program:         hmmsearch
# Version:         3.1b2 (February 2015)
# Pipeline mode:   SEARCH
# Query file:      /home/johngn/Microbial-Genomics-Journey-Workshop-2023/Reads_session_3/busco_downloads/lineages/pseudomonadales_odb10/hmms/20904at72274.hmm
# Target file:     /home/johngn/Microbial-Genomics-Journey-Workshop-2023/Reads_session_3/busco_op4/prodigal_output/predicted_genes/predicted.faa
# Option settings: hmmsearch --domtblout /home/johngn/Microbial-Genomics-Journey-Workshop-2023/Reads_session_3/busco_op4/run_pseudomonadales_odb10/hmmer_output/20904at72274.out --cpu 1 /home/johngn/Microbial-Genomics-Journey-Workshop-2023/Reads_session_3/busco_downloads/lineages/pseudomonadales_odb10/hmms/20904at72274.hmm /home/johngn/Microbial-Genomics-Journey-Workshop-2023/Reads_session_3/busco_op4/prodigal_output/predicted_genes/predicted.faa 
# Current dir:     /home/johngn/Microbial-Genomics-Journey-Workshop-2023/Reads_session_3
# Date:            Wed Mar  8 17:01:13 2023
# [ok]
