#                                                                            --- full sequence --- -------------- this domain -------------   hmm coord   ali coord   env coord
# target name        accession   tlen query name           accession   qlen   E-value  score  bias   #  of  c-Evalue  i-Evalue  score  bias  from    to  from    to  from    to  acc description of target
#------------------- ---------- ----- -------------------- ---------- ----- --------- ------ ----- --- --- --------- --------- ------ ----- ----- ----- ----- ----- ----- ----- ---- ---------------------
contig02917_1        -            218 20929at72274         -            324   1.7e-78  262.7   0.0   1   2   5.1e-26   2.2e-23   81.5   0.0    70   130     1    61     1    75 0.93 # 2 # 655 # -1 # ID=2917_1;partial=11;start_type=Edge;rbs_motif=None;rbs_spacer=None;gc_cont=0.662
contig02917_1        -            218 20929at72274         -            324   1.7e-78  262.7   0.0   2   2   1.3e-56   5.9e-54  182.0   0.0   108   245    55   214    53   218 0.84 # 2 # 655 # -1 # ID=2917_1;partial=11;start_type=Edge;rbs_motif=None;rbs_spacer=None;gc_cont=0.662
contig00874_4        -             58 20929at72274         -            324   3.3e-28   97.4   1.8   1   1   8.1e-31   3.6e-28   97.3   1.8     1    54     5    58     5    58 0.98 # 1987 # 2160 # 1 # ID=874_4;partial=01;start_type=GTG;rbs_motif=GGAG/GAGG;rbs_spacer=5-10bp;gc_cont=0.678
contig01493_1        -            394 20929at72274         -            324   2.9e-07   28.6   0.0   1   2     4e-08   1.8e-05   22.7   0.0     2   127    12   138    11   291 0.84 # 272 # 1453 # 1 # ID=1493_1;partial=01;start_type=ATG;rbs_motif=None;rbs_spacer=None;gc_cont=0.697
contig01493_1        -            394 20929at72274         -            324   2.9e-07   28.6   0.0   2   2      0.14        64    1.2   0.0   271   308   352   389   344   393 0.90 # 272 # 1453 # 1 # ID=1493_1;partial=01;start_type=ATG;rbs_motif=None;rbs_spacer=None;gc_cont=0.697
contig02282_3        -             52 20929at72274         -            324   0.00016   19.6   0.1   1   1   3.8e-07   0.00017   19.5   0.1     1    41     6    46     6    50 0.91 # 789 # 944 # 1 # ID=2282_3;partial=01;start_type=ATG;rbs_motif=GGAG/GAGG;rbs_spacer=5-10bp;gc_cont=0.782
contig00774_2        -            575 20929at72274         -            324   0.00078   17.3   1.3   1   2   4.2e-06    0.0019   16.1   0.0     1    96     9   115     9   137 0.67 # 239 # 1963 # 1 # ID=774_2;partial=00;start_type=ATG;rbs_motif=GGAG/GAGG;rbs_spacer=5-10bp;gc_cont=0.668
contig00774_2        -            575 20929at72274         -            324   0.00078   17.3   1.3   2   2      0.63   2.8e+02   -0.9   0.3   286   324   364   402   353   402 0.74 # 239 # 1963 # 1 # ID=774_2;partial=00;start_type=ATG;rbs_motif=GGAG/GAGG;rbs_spacer=5-10bp;gc_cont=0.668
contig02479_2        -             80 20929at72274         -            324   0.00082   17.2   0.2   1   1   2.2e-06   0.00097   17.0   0.2     1    30    41    70    41    75 0.95 # 605 # 844 # 1 # ID=2479_2;partial=01;start_type=ATG;rbs_motif=GGAG/GAGG;rbs_spacer=5-10bp;gc_cont=0.654
contig01130_2        -            369 20929at72274         -            324    0.0021   15.9   0.4   1   1   6.8e-06     0.003   15.4   0.4     1    35     5    39     5    45 0.92 # 85 # 1191 # 1 # ID=1130_2;partial=00;start_type=ATG;rbs_motif=None;rbs_spacer=None;gc_cont=0.724
contig01220_2        -            298 20929at72274         -            324     0.003   15.4   1.6   1   2   8.7e-06    0.0039   15.0   0.2     2    36     3    37     2    48 0.90 # 806 # 1699 # -1 # ID=1220_2;partial=01;start_type=Edge;rbs_motif=None;rbs_spacer=None;gc_cont=0.726
contig01220_2        -            298 20929at72274         -            324     0.003   15.4   1.6   2   2       0.8   3.6e+02   -1.3   0.1   136   153   121   138   110   142 0.79 # 806 # 1699 # -1 # ID=1220_2;partial=01;start_type=Edge;rbs_motif=None;rbs_spacer=None;gc_cont=0.726
contig02265_1        -            318 20929at72274         -            324    0.0032   15.3   0.0   1   1   9.4e-06    0.0042   14.9   0.0     1    39    40    78    40   126 0.93 # 2 # 955 # -1 # ID=2265_1;partial=11;start_type=Edge;rbs_motif=None;rbs_spacer=None;gc_cont=0.709
contig01951_3        -            128 20929at72274         -            324    0.0058   14.4   0.1   1   1   1.5e-05    0.0067   14.2   0.1     1    35     7    41     7    67 0.93 # 731 # 1114 # 1 # ID=1951_3;partial=01;start_type=ATG;rbs_motif=AGGAG;rbs_spacer=5-10bp;gc_cont=0.635
contig00158_5        -            601 20929at72274         -            324    0.0077   14.0   0.2   1   1   3.5e-05     0.015   13.1   0.2     2    38   393   429   392   434 0.93 # 3085 # 4887 # 1 # ID=158_5;partial=01;start_type=ATG;rbs_motif=GGAG/GAGG;rbs_spacer=5-10bp;gc_cont=0.663
contig00031_11       -            189 20929at72274         -            324    0.0084   13.9   0.4   1   1   2.7e-05     0.012   13.4   0.4     1    44     4    46     4    50 0.89 # 8785 # 9351 # 1 # ID=31_11;partial=01;start_type=GTG;rbs_motif=AGGAG;rbs_spacer=5-10bp;gc_cont=0.683
contig02494_1        -            279 20929at72274         -            324     0.012   13.4   0.3   1   2   2.8e-05     0.012   13.4   0.3     2    35   113   146   112   149 0.94 # 1 # 837 # 1 # ID=2494_1;partial=11;start_type=Edge;rbs_motif=None;rbs_spacer=None;gc_cont=0.703
contig02494_1        -            279 20929at72274         -            324     0.012   13.4   0.3   2   2      0.79   3.5e+02   -1.3   0.1     2    24   247   269   246   275 0.82 # 1 # 837 # 1 # ID=2494_1;partial=11;start_type=Edge;rbs_motif=None;rbs_spacer=None;gc_cont=0.703
contig00406_2        -            430 20929at72274         -            324     0.034   11.9   0.2   1   1   0.00011     0.049   11.4   0.2     1    31    34    64    34    74 0.93 # 684 # 1973 # 1 # ID=406_2;partial=00;start_type=ATG;rbs_motif=GGAGG;rbs_spacer=5-10bp;gc_cont=0.696
contig02392_1        -            250 20929at72274         -            324     0.054   11.3   0.6   1   1   0.00017     0.076   10.8   0.6     1    39     9    53     9    57 0.79 # 140 # 889 # 1 # ID=2392_1;partial=01;start_type=GTG;rbs_motif=AGGAG;rbs_spacer=5-10bp;gc_cont=0.641
contig02146_1        -            337 20929at72274         -            324     0.065   11.0   0.3   1   1   0.00024       0.1   10.3   0.3     1    31     2    32     2    47 0.92 # 2 # 1012 # 1 # ID=2146_1;partial=11;start_type=Edge;rbs_motif=None;rbs_spacer=None;gc_cont=0.632
contig01264_1        -            467 20929at72274         -            324     0.083   10.6   1.9   1   2   0.00098      0.44    8.3   0.2     1    39     5    43     5    58 0.88 # 63 # 1463 # 1 # ID=1264_1;partial=00;start_type=ATG;rbs_motif=AGGAG;rbs_spacer=5-10bp;gc_cont=0.695
contig01264_1        -            467 20929at72274         -            324     0.083   10.6   1.9   2   2      0.13        56    1.4   0.1     2    30   177   205   176   210 0.90 # 63 # 1463 # 1 # ID=1264_1;partial=00;start_type=ATG;rbs_motif=AGGAG;rbs_spacer=5-10bp;gc_cont=0.695
contig01229_1        -            336 20929at72274         -            324       0.1   10.3   0.4   1   2   0.00065      0.29    8.9   0.1     2    35    30    63    29    75 0.90 # 3 # 1010 # -1 # ID=1229_1;partial=10;start_type=ATG;rbs_motif=GGAG/GAGG;rbs_spacer=5-10bp;gc_cont=0.667
contig01229_1        -            336 20929at72274         -            324       0.1   10.3   0.4   2   2      0.78   3.4e+02   -1.2   0.0   234   272   232   269   223   298 0.80 # 3 # 1010 # -1 # ID=1229_1;partial=10;start_type=ATG;rbs_motif=GGAG/GAGG;rbs_spacer=5-10bp;gc_cont=0.667
contig00208_2        -            649 20929at72274         -            324      0.13   10.0   1.0   1   1   0.00046       0.2    9.4   1.0     2    37   387   422   386   428 0.89 # 463 # 2409 # 1 # ID=208_2;partial=00;start_type=GTG;rbs_motif=AGGA;rbs_spacer=5-10bp;gc_cont=0.707
#
# Program:         hmmsearch
# Version:         3.1b2 (February 2015)
# Pipeline mode:   SEARCH
# Query file:      /home/johngn/Microbial-Genomics-Journey-Workshop-2023/Reads_session_3/busco_downloads/lineages/pseudomonadales_odb10/hmms/20929at72274.hmm
# Target file:     /home/johngn/Microbial-Genomics-Journey-Workshop-2023/Reads_session_3/busco_op4/prodigal_output/predicted_genes/predicted.faa
# Option settings: hmmsearch --domtblout /home/johngn/Microbial-Genomics-Journey-Workshop-2023/Reads_session_3/busco_op4/run_pseudomonadales_odb10/hmmer_output/20929at72274.out --cpu 1 /home/johngn/Microbial-Genomics-Journey-Workshop-2023/Reads_session_3/busco_downloads/lineages/pseudomonadales_odb10/hmms/20929at72274.hmm /home/johngn/Microbial-Genomics-Journey-Workshop-2023/Reads_session_3/busco_op4/prodigal_output/predicted_genes/predicted.faa 
# Current dir:     /home/johngn/Microbial-Genomics-Journey-Workshop-2023/Reads_session_3
# Date:            Wed Mar  8 17:01:13 2023
# [ok]
