#                                                                            --- full sequence --- -------------- this domain -------------   hmm coord   ali coord   env coord
# target name        accession   tlen query name           accession   qlen   E-value  score  bias   #  of  c-Evalue  i-Evalue  score  bias  from    to  from    to  from    to  acc description of target
#------------------- ---------- ----- -------------------- ---------- ----- --------- ------ ----- --- --- --------- --------- ------ ----- ----- ----- ----- ----- ----- ----- ---- ---------------------
contig01018_2        -            361 21886at72274         -            296  2.1e-159  528.0   6.7   1   1  2.5e-158  4.3e-155  513.9   6.7     1   296     1   358     1   358 0.89 # 152 # 1234 # 1 # ID=1018_2;partial=00;start_type=ATG;rbs_motif=None;rbs_spacer=None;gc_cont=0.674
contig00175_2        -            301 21886at72274         -            296   1.4e-59  200.4   1.1   1   1   1.2e-62     2e-59  199.8   1.1    19   285     8   292     1   298 0.82 # 1071 # 1973 # -1 # ID=175_2;partial=00;start_type=GTG;rbs_motif=None;rbs_spacer=None;gc_cont=0.647
contig01950_2        -            177 21886at72274         -            296   3.7e-19   67.6   0.1   1   2      0.11   1.9e+02   -0.3   0.0    76   118     5    47     3    61 0.80 # 584 # 1114 # 1 # ID=1950_2;partial=01;start_type=ATG;rbs_motif=GGAG/GAGG;rbs_spacer=5-10bp;gc_cont=0.719
contig01950_2        -            177 21886at72274         -            296   3.7e-19   67.6   0.1   2   2   9.7e-22   1.6e-18   65.5   0.1   178   238   107   167   101   174 0.93 # 584 # 1114 # 1 # ID=1950_2;partial=01;start_type=ATG;rbs_motif=GGAG/GAGG;rbs_spacer=5-10bp;gc_cont=0.719
contig03144_2        -            138 21886at72274         -            296     2e-06   25.8   0.2   1   2   2.9e-07   0.00049   18.0   0.0   170   204     5    39     1    49 0.89 # 125 # 538 # -1 # ID=3144_2;partial=00;start_type=ATG;rbs_motif=None;rbs_spacer=None;gc_cont=0.674
contig03144_2        -            138 21886at72274         -            296     2e-06   25.8   0.2   2   2     0.001       1.7    6.3   0.1   211   236    70    95    60   111 0.81 # 125 # 538 # -1 # ID=3144_2;partial=00;start_type=ATG;rbs_motif=None;rbs_spacer=None;gc_cont=0.674
contig00088_2        -            119 21886at72274         -            296     0.069   10.9   0.0   1   1   5.1e-05     0.087   10.6   0.0   133   170     4    40     1    46 0.86 # 640 # 996 # -1 # ID=88_2;partial=00;start_type=GTG;rbs_motif=GGA/GAG/AGG;rbs_spacer=5-10bp;gc_cont=0.583
#
# Program:         hmmsearch
# Version:         3.1b2 (February 2015)
# Pipeline mode:   SEARCH
# Query file:      /home/johngn/Microbial-Genomics-Journey-Workshop-2023/Reads_session_3/busco_downloads/lineages/pseudomonadales_odb10/hmms/21886at72274.hmm
# Target file:     /home/johngn/Microbial-Genomics-Journey-Workshop-2023/Reads_session_3/busco_op4/prodigal_output/predicted_genes/predicted.faa
# Option settings: hmmsearch --domtblout /home/johngn/Microbial-Genomics-Journey-Workshop-2023/Reads_session_3/busco_op4/run_pseudomonadales_odb10/hmmer_output/21886at72274.out --cpu 1 /home/johngn/Microbial-Genomics-Journey-Workshop-2023/Reads_session_3/busco_downloads/lineages/pseudomonadales_odb10/hmms/21886at72274.hmm /home/johngn/Microbial-Genomics-Journey-Workshop-2023/Reads_session_3/busco_op4/prodigal_output/predicted_genes/predicted.faa 
# Current dir:     /home/johngn/Microbial-Genomics-Journey-Workshop-2023/Reads_session_3
# Date:            Wed Mar  8 17:01:14 2023
# [ok]
