#                                                                            --- full sequence --- -------------- this domain -------------   hmm coord   ali coord   env coord
# target name        accession   tlen query name           accession   qlen   E-value  score  bias   #  of  c-Evalue  i-Evalue  score  bias  from    to  from    to  from    to  acc description of target
#------------------- ---------- ----- -------------------- ---------- ----- --------- ------ ----- --- --- --------- --------- ------ ----- ----- ----- ----- ----- ----- ----- ---- ---------------------
contig00686_1        -            805 2210at72274          -            700  7.7e-179  595.1   1.2   1   2  3.2e-101   1.3e-98  329.9   2.1    89   394    95   405    90   437 0.90 # 1 # 2415 # 1 # ID=686_1;partial=10;start_type=Edge;rbs_motif=None;rbs_spacer=None;gc_cont=0.689
contig00686_1        -            805 2210at72274          -            700  7.7e-179  595.1   1.2   2   2     1e-80   4.3e-78  262.1   0.0   399   664   458   738   444   746 0.90 # 1 # 2415 # 1 # ID=686_1;partial=10;start_type=Edge;rbs_motif=None;rbs_spacer=None;gc_cont=0.689
contig00505_1        -            620 2210at72274          -            700  5.9e-138  460.0   9.7   1   1  2.1e-139    9e-137  456.1   9.7     8   476   166   618   160   620 0.87 # 3 # 1862 # -1 # ID=505_1;partial=10;start_type=ATG;rbs_motif=AGGAG;rbs_spacer=5-10bp;gc_cont=0.683
contig01747_1        -            290 2210at72274          -            700  3.6e-113  378.1  10.6   1   3   2.9e-16   1.2e-13   49.1   0.1     1    42     1    42     1    47 0.95 # 3 # 872 # -1 # ID=1747_1;partial=10;start_type=ATG;rbs_motif=AGGA;rbs_spacer=5-10bp;gc_cont=0.660
contig01747_1        -            290 2210at72274          -            700  3.6e-113  378.1  10.6   2   3   5.9e-17   2.5e-14   51.4   0.2    34    86    67   121    49   147 0.86 # 3 # 872 # -1 # ID=1747_1;partial=10;start_type=ATG;rbs_motif=AGGA;rbs_spacer=5-10bp;gc_cont=0.660
contig01747_1        -            290 2210at72274          -            700  3.6e-113  378.1  10.6   3   3   8.5e-87   3.6e-84  282.2   2.5    80   218   152   290   133   290 0.98 # 3 # 872 # -1 # ID=1747_1;partial=10;start_type=ATG;rbs_motif=AGGA;rbs_spacer=5-10bp;gc_cont=0.660
contig01719_1        -            427 2210at72274          -            700   6.1e-97  324.4   1.6   1   2       3.4   1.4e+03   -4.0   0.0    53    88    62    97    58   101 0.86 # 2 # 1282 # 1 # ID=1719_1;partial=11;start_type=Edge;rbs_motif=None;rbs_spacer=None;gc_cont=0.651
contig01719_1        -            427 2210at72274          -            700   6.1e-97  324.4   1.6   2   2   1.4e-99   6.1e-97  324.4   1.6    85   330   147   395   141   415 0.94 # 2 # 1282 # 1 # ID=1719_1;partial=11;start_type=Edge;rbs_motif=None;rbs_spacer=None;gc_cont=0.651
contig01841_1        -            394 2210at72274          -            700   1.1e-88  297.1   0.3   1   1   4.4e-88   1.8e-85  286.5   0.3   274   605     4   379     1   389 0.79 # 3 # 1184 # 1 # ID=1841_1;partial=11;start_type=Edge;rbs_motif=None;rbs_spacer=None;gc_cont=0.699
contig03064_1        -            190 2210at72274          -            700   1.3e-83  280.4   0.3   1   1   3.4e-86   1.4e-83  280.3   0.3   548   700     1   171     1   171 0.92 # 3 # 572 # 1 # ID=3064_1;partial=10;start_type=Edge;rbs_motif=None;rbs_spacer=None;gc_cont=0.651
contig01079_3        -            295 2210at72274          -            700   1.3e-78  263.8   0.4   1   1   3.9e-81   1.6e-78  263.5   0.4   497   699     1   227     1   228 0.88 # 989 # 1873 # -1 # ID=1079_3;partial=01;start_type=Edge;rbs_motif=None;rbs_spacer=None;gc_cont=0.673
contig00481_1        -            448 2210at72274          -            700   1.5e-77  260.3   0.0   1   1   7.2e-80     3e-77  259.3   0.0   381   655    80   369    73   380 0.85 # 1 # 1344 # 1 # ID=481_1;partial=10;start_type=Edge;rbs_motif=None;rbs_spacer=None;gc_cont=0.676
contig03243_1        -            179 2210at72274          -            700   5.9e-64  215.4   8.6   1   1   5.4e-66   2.3e-63  213.5   8.6   349   494    11   179     3   179 0.86 # 2 # 538 # -1 # ID=3243_1;partial=11;start_type=Edge;rbs_motif=None;rbs_spacer=None;gc_cont=0.657
contig00027_4        -            372 2210at72274          -            700   1.3e-55  187.8   0.4   1   2   3.7e-45   1.6e-42  144.6   0.0   446   609    55   223    48   229 0.92 # 4703 # 5818 # 1 # ID=27_4;partial=00;start_type=ATG;rbs_motif=AGGAG;rbs_spacer=5-10bp;gc_cont=0.686
contig00027_4        -            372 2210at72274          -            700   1.3e-55  187.8   0.4   2   2     6e-14   2.5e-11   41.4   0.2   615   697   251   345   238   348 0.78 # 4703 # 5818 # 1 # ID=27_4;partial=00;start_type=ATG;rbs_motif=AGGAG;rbs_spacer=5-10bp;gc_cont=0.686
contig02850_1        -            226 2210at72274          -            700   4.1e-46  156.4   0.4   1   1   1.2e-48   5.1e-46  156.1   0.4    82   207   101   226    93   226 0.97 # 3 # 680 # -1 # ID=2850_1;partial=11;start_type=Edge;rbs_motif=None;rbs_spacer=None;gc_cont=0.690
contig00911_1        -            241 2210at72274          -            700   9.5e-34  115.6   0.3   1   1   6.1e-36   2.6e-33  114.1   0.3   516   642     1   148     1   175 0.78 # 2 # 724 # 1 # ID=911_1;partial=10;start_type=Edge;rbs_motif=None;rbs_spacer=None;gc_cont=0.671
contig01051_1        -            257 2210at72274          -            700   2.7e-27   94.3   0.5   1   3       0.4   1.7e+02   -1.0   0.0     5    42     9    46     4    51 0.80 # 2 # 772 # -1 # ID=1051_1;partial=10;start_type=ATG;rbs_motif=GGAGG;rbs_spacer=5-10bp;gc_cont=0.712
contig01051_1        -            257 2210at72274          -            700   2.7e-27   94.3   0.5   2   3       1.5   6.3e+02   -2.9   0.0    55    89    92   126    73   130 0.70 # 2 # 772 # -1 # ID=1051_1;partial=10;start_type=ATG;rbs_motif=GGAGG;rbs_spacer=5-10bp;gc_cont=0.712
contig01051_1        -            257 2210at72274          -            700   2.7e-27   94.3   0.5   3   3   2.7e-29   1.1e-26   92.2   0.2    88   163   177   252   168   257 0.93 # 2 # 772 # -1 # ID=1051_1;partial=10;start_type=ATG;rbs_motif=GGAGG;rbs_spacer=5-10bp;gc_cont=0.712
contig01848_1        -            349 2210at72274          -            700   1.7e-09   35.4   0.3   1   1   5.3e-12   2.2e-09   35.0   0.3   399   495   248   349   223   349 0.85 # 1 # 1047 # -1 # ID=1848_1;partial=10;start_type=ATG;rbs_motif=GGA/GAG/AGG;rbs_spacer=5-10bp;gc_cont=0.710
contig02727_2        -            104 2210at72274          -            700   1.4e-06   25.8   0.0   1   1   3.8e-09   1.6e-06   25.6   0.0   640   699     8    74     4    75 0.74 # 429 # 740 # -1 # ID=2727_2;partial=01;start_type=Edge;rbs_motif=None;rbs_spacer=None;gc_cont=0.663
contig01279_1        -            432 2210at72274          -            700   8.4e-05   19.9   0.3   1   2   4.7e-07    0.0002   18.6   0.0   453   527     1    77     1    82 0.71 # 1 # 1296 # 1 # ID=1279_1;partial=10;start_type=Edge;rbs_motif=None;rbs_spacer=None;gc_cont=0.664
contig01279_1        -            432 2210at72274          -            700   8.4e-05   19.9   0.3   2   2      0.77   3.3e+02   -1.9   0.1   184   219   220   253   195   259 0.71 # 1 # 1296 # 1 # ID=1279_1;partial=10;start_type=Edge;rbs_motif=None;rbs_spacer=None;gc_cont=0.664
contig02020_2        -            282 2210at72274          -            700   0.00088   16.5   0.0   1   2     0.009       3.8    4.5   0.0   126   150    24    49    15    70 0.82 # 232 # 1077 # 1 # ID=2020_2;partial=00;start_type=ATG;rbs_motif=GGAG/GAGG;rbs_spacer=5-10bp;gc_cont=0.624
contig02020_2        -            282 2210at72274          -            700   0.00088   16.5   0.0   2   2   0.00019      0.08   10.0   0.0   538   602    94   160    68   172 0.81 # 232 # 1077 # 1 # ID=2020_2;partial=00;start_type=ATG;rbs_motif=GGAG/GAGG;rbs_spacer=5-10bp;gc_cont=0.624
contig00434_2        -            427 2210at72274          -            700    0.0011   16.2   0.0   1   1   4.4e-06    0.0019   15.4   0.0   445   504    72   137    63   147 0.76 # 1148 # 2428 # -1 # ID=434_2;partial=00;start_type=ATG;rbs_motif=GGA/GAG/AGG;rbs_spacer=5-10bp;gc_cont=0.591
contig00718_2        -            283 2210at72274          -            700    0.0047   14.1   0.0   1   1   1.6e-05    0.0066   13.6   0.0   468   508    34    74    19    81 0.83 # 1024 # 1872 # 1 # ID=718_2;partial=00;start_type=ATG;rbs_motif=GGA/GAG/AGG;rbs_spacer=5-10bp;gc_cont=0.702
contig00569_1        -            203 2210at72274          -            700    0.0061   13.7   0.0   1   1   4.7e-05      0.02   12.1   0.0   475   578    16   128     2   130 0.70 # 2 # 610 # -1 # ID=569_1;partial=10;start_type=ATG;rbs_motif=None;rbs_spacer=None;gc_cont=0.647
#
# Program:         hmmsearch
# Version:         3.1b2 (February 2015)
# Pipeline mode:   SEARCH
# Query file:      /home/johngn/Microbial-Genomics-Journey-Workshop-2023/Reads_session_3/busco_downloads/lineages/pseudomonadales_odb10/hmms/2210at72274.hmm
# Target file:     /home/johngn/Microbial-Genomics-Journey-Workshop-2023/Reads_session_3/busco_op4/prodigal_output/predicted_genes/predicted.faa
# Option settings: hmmsearch --domtblout /home/johngn/Microbial-Genomics-Journey-Workshop-2023/Reads_session_3/busco_op4/run_pseudomonadales_odb10/hmmer_output/2210at72274.out --cpu 1 /home/johngn/Microbial-Genomics-Journey-Workshop-2023/Reads_session_3/busco_downloads/lineages/pseudomonadales_odb10/hmms/2210at72274.hmm /home/johngn/Microbial-Genomics-Journey-Workshop-2023/Reads_session_3/busco_op4/prodigal_output/predicted_genes/predicted.faa 
# Current dir:     /home/johngn/Microbial-Genomics-Journey-Workshop-2023/Reads_session_3
# Date:            Wed Mar  8 17:01:14 2023
# [ok]
