#                                                                            --- full sequence --- -------------- this domain -------------   hmm coord   ali coord   env coord
# target name        accession   tlen query name           accession   qlen   E-value  score  bias   #  of  c-Evalue  i-Evalue  score  bias  from    to  from    to  from    to  acc description of target
#------------------- ---------- ----- -------------------- ---------- ----- --------- ------ ----- --- --- --------- --------- ------ ----- ----- ----- ----- ----- ----- ----- ---- ---------------------
contig00245_2        -            727 2251at72274          -            911  2.2e-130  435.4 122.2   1   2   1.9e-20   6.6e-18   63.3  74.0   360   721    18   369     6   375 0.60 # 1912 # 4092 # -1 # ID=245_2;partial=01;start_type=Edge;rbs_motif=None;rbs_spacer=None;gc_cont=0.665
contig00245_2        -            727 2251at72274          -            911  2.2e-130  435.4 122.2   2   2  7.7e-114  2.7e-111  372.3  67.6   481   911   277   726   276   726 0.78 # 1912 # 4092 # -1 # ID=245_2;partial=01;start_type=Edge;rbs_motif=None;rbs_spacer=None;gc_cont=0.665
contig02652_1        -            258 2251at72274          -            911  4.1e-105  351.8  12.7   1   1  1.4e-107  4.8e-105  351.6  12.7    15   261     1   255     1   257 0.94 # 1 # 774 # 1 # ID=2652_1;partial=11;start_type=Edge;rbs_motif=None;rbs_spacer=None;gc_cont=0.668
contig00669_3        -            175 2251at72274          -            911   5.1e-05   20.6   1.3   1   2   1.4e-07   5.1e-05   20.6   1.3    30    54    22    46    19    50 0.90 # 1989 # 2513 # 1 # ID=669_3;partial=01;start_type=ATG;rbs_motif=GGAG/GAGG;rbs_spacer=5-10bp;gc_cont=0.669
contig00669_3        -            175 2251at72274          -            911   5.1e-05   20.6   1.3   2   2      0.26        91   -0.1   1.8   205   246   129   171   117   175 0.39 # 1989 # 2513 # 1 # ID=669_3;partial=01;start_type=ATG;rbs_motif=GGAG/GAGG;rbs_spacer=5-10bp;gc_cont=0.669
contig00878_2        -            240 2251at72274          -            911   0.00014   19.1   0.4   1   1   6.1e-07   0.00022   18.5   0.4    33    54    34    55    28    57 0.94 # 1098 # 1817 # 1 # ID=878_2;partial=00;start_type=ATG;rbs_motif=None;rbs_spacer=None;gc_cont=0.750
contig02762_1        -            240 2251at72274          -            911   0.00031   18.0  18.5   1   1   1.1e-06   0.00038   17.7  18.5   593   727    59   193    47   212 0.92 # 3 # 722 # -1 # ID=2762_1;partial=11;start_type=Edge;rbs_motif=None;rbs_spacer=None;gc_cont=0.690
contig01296_1        -            197 2251at72274          -            911   0.00067   16.9   0.0   1   1   2.4e-06   0.00084   16.6   0.0    31    57    25    51     6    52 0.79 # 438 # 1028 # 1 # ID=1296_1;partial=00;start_type=ATG;rbs_motif=GGA/GAG/AGG;rbs_spacer=11-12bp;gc_cont=0.550
contig02578_1        -            268 2251at72274          -            911    0.0072   13.5   4.8   1   2      0.11        40    1.1   1.8   293   379    46   131    29   180 0.43 # 1 # 804 # 1 # ID=2578_1;partial=11;start_type=Edge;rbs_motif=None;rbs_spacer=None;gc_cont=0.711
contig02578_1        -            268 2251at72274          -            911    0.0072   13.5   4.8   2   2   2.1e-05    0.0073   13.5   0.1    23    47   183   207   181   233 0.94 # 1 # 804 # 1 # ID=2578_1;partial=11;start_type=Edge;rbs_motif=None;rbs_spacer=None;gc_cont=0.711
contig00271_4        -            255 2251at72274          -            911    0.0074   13.4   0.1   1   2    0.0068       2.4    5.1   0.1    32    50    31    49    23    54 0.84 # 1778 # 2542 # -1 # ID=271_4;partial=00;start_type=ATG;rbs_motif=GGA/GAG/AGG;rbs_spacer=5-10bp;gc_cont=0.654
contig00271_4        -            255 2251at72274          -            911    0.0074   13.4   0.1   2   2    0.0037       1.3    6.0   0.0   819   883   151   207   147   212 0.80 # 1778 # 2542 # -1 # ID=271_4;partial=00;start_type=ATG;rbs_motif=GGA/GAG/AGG;rbs_spacer=5-10bp;gc_cont=0.654
contig00829_1        -            345 2251at72274          -            911    0.0077   13.4   0.0   1   1     3e-05     0.011   12.9   0.0    30    50   123   143   115   147 0.91 # 118 # 1152 # -1 # ID=829_1;partial=00;start_type=ATG;rbs_motif=GGA/GAG/AGG;rbs_spacer=5-10bp;gc_cont=0.635
contig00149_2        -            232 2251at72274          -            911    0.0079   13.4  17.8   1   1   2.6e-05    0.0093   13.1  17.8   221   388    22   193    15   226 0.66 # 759 # 1454 # -1 # ID=149_2;partial=00;start_type=ATG;rbs_motif=GGAGG;rbs_spacer=5-10bp;gc_cont=0.685
contig02825_1        -            230 2251at72274          -            911    0.0085   13.2  10.9   1   1     3e-05      0.01   13.0  10.9   605   743    48   183    34   191 0.83 # 1 # 690 # 1 # ID=2825_1;partial=11;start_type=Edge;rbs_motif=None;rbs_spacer=None;gc_cont=0.696
contig00646_4        -            228 2251at72274          -            911    0.0096   13.1   0.2   1   2    0.0017      0.59    7.2   0.2    33    47    38    52    28    56 0.88 # 1339 # 2022 # 1 # ID=646_4;partial=00;start_type=ATG;rbs_motif=GGA/GAG/AGG;rbs_spacer=5-10bp;gc_cont=0.693
contig00646_4        -            228 2251at72274          -            911    0.0096   13.1   0.2   2   2     0.017       6.1    3.8   0.0   818   893   144   212   141   219 0.77 # 1339 # 2022 # 1 # ID=646_4;partial=00;start_type=ATG;rbs_motif=GGA/GAG/AGG;rbs_spacer=5-10bp;gc_cont=0.693
contig00515_2        -            279 2251at72274          -            911     0.016   12.4   0.1   1   2     0.013       4.5    4.3   0.0    32    47    32    47    26    51 0.89 # 368 # 1204 # -1 # ID=515_2;partial=00;start_type=ATG;rbs_motif=GGAGG;rbs_spacer=5-10bp;gc_cont=0.687
contig00515_2        -            279 2251at72274          -            911     0.016   12.4   0.1   2   2    0.0035       1.2    6.1   0.0   843   883   170   211   148   214 0.80 # 368 # 1204 # -1 # ID=515_2;partial=00;start_type=ATG;rbs_motif=GGAGG;rbs_spacer=5-10bp;gc_cont=0.687
contig01603_1        -            457 2251at72274          -            911     0.021   12.0   0.3   1   2     6e-05     0.021   12.0   0.3   850   898     3    51     1    54 0.89 # 1 # 1371 # -1 # ID=1603_1;partial=11;start_type=Edge;rbs_motif=None;rbs_spacer=None;gc_cont=0.686
contig01603_1        -            457 2251at72274          -            911     0.021   12.0   0.3   2   2       4.7   1.6e+03   -4.2   1.2   488   611   330   346   318   368 0.24 # 1 # 1371 # -1 # ID=1603_1;partial=11;start_type=Edge;rbs_motif=None;rbs_spacer=None;gc_cont=0.686
contig00420_2        -            390 2251at72274          -            911     0.026   11.6   0.0   1   1   0.00011      0.04   11.0   0.0    29    46   147   164   142   166 0.92 # 1606 # 2775 # 1 # ID=420_2;partial=00;start_type=ATG;rbs_motif=GGA/GAG/AGG;rbs_spacer=5-10bp;gc_cont=0.606
contig00676_1        -            822 2251at72274          -            911     0.027   11.6   1.1   1   2   0.00015     0.051   10.7   0.0    25    54    83   112    77   116 0.89 # 37 # 2502 # 1 # ID=676_1;partial=01;start_type=ATG;rbs_motif=None;rbs_spacer=None;gc_cont=0.684
contig00676_1        -            822 2251at72274          -            911     0.027   11.6   1.1   2   2       1.1   3.8e+02   -2.1   0.2   609   672   512   575   505   582 0.70 # 37 # 2502 # 1 # ID=676_1;partial=01;start_type=ATG;rbs_motif=None;rbs_spacer=None;gc_cont=0.684
contig00039_3        -            804 2251at72274          -            911     0.044   10.9   0.0   1   3   0.00012     0.044   10.9   0.0    27    63    24    60     7    80 0.84 # 2331 # 4742 # 1 # ID=39_3;partial=00;start_type=ATG;rbs_motif=GGA/GAG/AGG;rbs_spacer=5-10bp;gc_cont=0.468
contig00039_3        -            804 2251at72274          -            911     0.044   10.9   0.0   2   3      0.32   1.1e+02   -0.4   1.3   573   631   166   225   105   333 0.57 # 2331 # 4742 # 1 # ID=39_3;partial=00;start_type=ATG;rbs_motif=GGA/GAG/AGG;rbs_spacer=5-10bp;gc_cont=0.468
contig00039_3        -            804 2251at72274          -            911     0.044   10.9   0.0   3   3       0.4   1.4e+02   -0.7   0.3   443   537   390   480   374   498 0.48 # 2331 # 4742 # 1 # ID=39_3;partial=00;start_type=ATG;rbs_motif=GGA/GAG/AGG;rbs_spacer=5-10bp;gc_cont=0.468
contig02901_1        -            219 2251at72274          -            911     0.053   10.6   0.2   1   1   0.00021     0.073   10.2   0.2    30    49    31    50    25    59 0.89 # 1 # 657 # 1 # ID=2901_1;partial=11;start_type=Edge;rbs_motif=None;rbs_spacer=None;gc_cont=0.696
contig01445_1        -             74 2251at72274          -            911     0.062   10.4   0.2   1   1   0.00022     0.079   10.0   0.2    32    47    45    60    40    63 0.91 # 1 # 222 # -1 # ID=1445_1;partial=10;start_type=ATG;rbs_motif=GGAG/GAGG;rbs_spacer=5-10bp;gc_cont=0.694
contig00038_13       -            363 2251at72274          -            911     0.073   10.2   0.1   1   2       2.4   8.6e+02   -3.3   0.2   249   292    31    76    14   128 0.51 # 7735 # 8823 # 1 # ID=38_13;partial=01;start_type=ATG;rbs_motif=GGAGG;rbs_spacer=5-10bp;gc_cont=0.625
contig00038_13       -            363 2251at72274          -            911     0.073   10.2   0.1   2   2   0.00043      0.15    9.1   0.0    28    46   146   164   131   165 0.89 # 7735 # 8823 # 1 # ID=38_13;partial=01;start_type=ATG;rbs_motif=GGAGG;rbs_spacer=5-10bp;gc_cont=0.625
contig02103_1        -            337 2251at72274          -            911     0.074   10.1   1.0   1   1    0.0003       0.1    9.7   1.0    26    50   119   143   115   144 0.92 # 29 # 1039 # 1 # ID=2103_1;partial=01;start_type=ATG;rbs_motif=GGA/GAG/AGG;rbs_spacer=5-10bp;gc_cont=0.658
contig03027_1        -             60 2251at72274          -            911      0.13    9.3   0.1   1   1   0.00044      0.15    9.1   0.1    34    48    44    58    42    60 0.91 # 430 # 609 # 1 # ID=3027_1;partial=01;start_type=ATG;rbs_motif=None;rbs_spacer=None;gc_cont=0.600
contig00384_5        -            329 2251at72274          -            911      0.74    6.8  52.4   1   1    0.0027      0.95    6.5  52.4   472   670    52   240    39   264 0.30 # 2382 # 3368 # 1 # ID=384_5;partial=01;start_type=TTG;rbs_motif=GGAG/GAGG;rbs_spacer=5-10bp;gc_cont=0.616
contig00764_2        -            512 2251at72274          -            911       1.2    6.1   0.0   1   3    0.0035       1.2    6.1   0.0     1    50     1    44     1    46 0.79 # 813 # 2348 # 1 # ID=764_2;partial=01;start_type=ATG;rbs_motif=GGAG/GAGG;rbs_spacer=5-10bp;gc_cont=0.660
contig00764_2        -            512 2251at72274          -            911       1.2    6.1   0.0   2   3     0.095        33    1.4  11.2   305   388   174   253   150   292 0.53 # 813 # 2348 # 1 # ID=764_2;partial=01;start_type=ATG;rbs_motif=GGAG/GAGG;rbs_spacer=5-10bp;gc_cont=0.660
contig00764_2        -            512 2251at72274          -            911       1.2    6.1   0.0   3   3       8.5     3e+03   -5.1  48.9   229   449   281   502   263   510 0.35 # 813 # 2348 # 1 # ID=764_2;partial=01;start_type=ATG;rbs_motif=GGAG/GAGG;rbs_spacer=5-10bp;gc_cont=0.660
#
# Program:         hmmsearch
# Version:         3.1b2 (February 2015)
# Pipeline mode:   SEARCH
# Query file:      /home/johngn/Microbial-Genomics-Journey-Workshop-2023/Reads_session_3/busco_downloads/lineages/pseudomonadales_odb10/hmms/2251at72274.hmm
# Target file:     /home/johngn/Microbial-Genomics-Journey-Workshop-2023/Reads_session_3/busco_op4/prodigal_output/predicted_genes/predicted.faa
# Option settings: hmmsearch --domtblout /home/johngn/Microbial-Genomics-Journey-Workshop-2023/Reads_session_3/busco_op4/run_pseudomonadales_odb10/hmmer_output/2251at72274.out --cpu 1 /home/johngn/Microbial-Genomics-Journey-Workshop-2023/Reads_session_3/busco_downloads/lineages/pseudomonadales_odb10/hmms/2251at72274.hmm /home/johngn/Microbial-Genomics-Journey-Workshop-2023/Reads_session_3/busco_op4/prodigal_output/predicted_genes/predicted.faa 
# Current dir:     /home/johngn/Microbial-Genomics-Journey-Workshop-2023/Reads_session_3
# Date:            Wed Mar  8 17:01:15 2023
# [ok]
