#                                                                            --- full sequence --- -------------- this domain -------------   hmm coord   ali coord   env coord
# target name        accession   tlen query name           accession   qlen   E-value  score  bias   #  of  c-Evalue  i-Evalue  score  bias  from    to  from    to  from    to  acc description of target
#------------------- ---------- ----- -------------------- ---------- ----- --------- ------ ----- --- --- --------- --------- ------ ----- ----- ----- ----- ----- ----- ----- ---- ---------------------
contig00083_1        -            314 22679at72274         -            351  2.6e-152  505.7   7.5   1   1  5.1e-155    3e-152  505.5   7.5    74   351     1   313     1   313 0.94 # 1 # 942 # 1 # ID=83_1;partial=10;start_type=Edge;rbs_motif=None;rbs_spacer=None;gc_cont=0.643
contig00268_2        -            402 22679at72274         -            351   2.8e-80  268.8   1.0   1   2     1e-24   6.1e-22   76.9   0.0     4   122     3   128     1   138 0.88 # 951 # 2156 # -1 # ID=268_2;partial=00;start_type=ATG;rbs_motif=GGAG/GAGG;rbs_spacer=5-10bp;gc_cont=0.714
contig00268_2        -            402 22679at72274         -            351   2.8e-80  268.8   1.0   2   2   2.8e-59   1.7e-56  190.6   0.5   136   351   164   401   152   401 0.88 # 951 # 2156 # -1 # ID=268_2;partial=00;start_type=ATG;rbs_motif=GGAG/GAGG;rbs_spacer=5-10bp;gc_cont=0.714
contig01625_1        -            364 22679at72274         -            351   5.3e-80  267.9   2.4   1   1   9.7e-83   5.8e-80  267.7   2.4     2   331     2   354     1   364 0.89 # 3 # 1094 # -1 # ID=1625_1;partial=10;start_type=ATG;rbs_motif=GGAG/GAGG;rbs_spacer=5-10bp;gc_cont=0.689
contig00419_1        -            395 22679at72274         -            351     2e-77  259.4   0.2   1   1   4.9e-80     3e-77  258.9   0.2     4   351     2   393     1   393 0.85 # 142 # 1326 # 1 # ID=419_1;partial=00;start_type=ATG;rbs_motif=GGAG/GAGG;rbs_spacer=5-10bp;gc_cont=0.678
contig00934_1        -            354 22679at72274         -            351   5.6e-70  234.9   5.8   1   1     1e-71     6e-69  231.5   5.8    47   348     3   350     1   352 0.81 # 1 # 1062 # 1 # ID=934_1;partial=10;start_type=Edge;rbs_motif=None;rbs_spacer=None;gc_cont=0.718
contig01155_1        -            397 22679at72274         -            351   1.4e-57  194.1   4.2   1   1   2.6e-59   1.6e-56  190.7   4.2     6   351     7   395     3   395 0.81 # 17 # 1207 # -1 # ID=1155_1;partial=00;start_type=ATG;rbs_motif=AGGAG;rbs_spacer=5-10bp;gc_cont=0.715
contig02860_1        -            225 22679at72274         -            351     7e-27   93.2   5.0   1   1   6.8e-29   4.1e-26   90.7   5.0    48   237     4   224     1   225 0.78 # 3 # 677 # -1 # ID=2860_1;partial=11;start_type=Edge;rbs_motif=None;rbs_spacer=None;gc_cont=0.686
contig01300_1        -            105 22679at72274         -            351   2.4e-26   91.4   0.8   1   1   4.8e-29   2.9e-26   91.2   0.8   263   351     3   104     2   104 0.89 # 3 # 317 # 1 # ID=1300_1;partial=10;start_type=Edge;rbs_motif=None;rbs_spacer=None;gc_cont=0.670
contig02314_1        -            189 22679at72274         -            351   1.3e-25   89.1   0.1   1   1   2.3e-28   1.4e-25   88.9   0.1     5   174     3   187     1   189 0.85 # 3 # 569 # -1 # ID=2314_1;partial=10;start_type=ATG;rbs_motif=GGA/GAG/AGG;rbs_spacer=5-10bp;gc_cont=0.683
contig02704_1        -            251 22679at72274         -            351   5.5e-25   87.0   0.0   1   2   2.5e-15   1.5e-12   46.0   0.0    42   120     9    94     2   113 0.82 # 3 # 755 # -1 # ID=2704_1;partial=11;start_type=Edge;rbs_motif=None;rbs_spacer=None;gc_cont=0.716
contig02704_1        -            251 22679at72274         -            351   5.5e-25   87.0   0.0   2   2   3.2e-13   1.9e-10   39.1   0.0   135   247   131   251   121   251 0.81 # 3 # 755 # -1 # ID=2704_1;partial=11;start_type=Edge;rbs_motif=None;rbs_spacer=None;gc_cont=0.716
contig03169_1        -            187 22679at72274         -            351   4.4e-17   61.0   0.0   1   1   9.1e-20   5.5e-17   60.6   0.0   124   249    36   162    27   178 0.82 # 3 # 563 # -1 # ID=3169_1;partial=11;start_type=Edge;rbs_motif=None;rbs_spacer=None;gc_cont=0.688
contig00684_1        -            119 22679at72274         -            351     4e-14   51.2   0.5   1   1   6.9e-17   4.1e-14   51.2   0.5   254   349     8   116     1   118 0.81 # 1 # 357 # 1 # ID=684_1;partial=10;start_type=Edge;rbs_motif=None;rbs_spacer=None;gc_cont=0.667
contig00711_4        -             91 22679at72274         -            351   1.4e-07   29.7   0.3   1   1     3e-10   1.8e-07   29.3   0.3   297   350    33    90    24    90 0.84 # 2156 # 2428 # -1 # ID=711_4;partial=01;start_type=Edge;rbs_motif=None;rbs_spacer=None;gc_cont=0.689
contig02585_1        -            267 22679at72274         -            351     0.011   13.6   0.2   1   1   3.6e-05     0.022   12.6   0.2   213   312   118   222   104   259 0.70 # 1 # 801 # 1 # ID=2585_1;partial=11;start_type=Edge;rbs_motif=None;rbs_spacer=None;gc_cont=0.688
#
# Program:         hmmsearch
# Version:         3.1b2 (February 2015)
# Pipeline mode:   SEARCH
# Query file:      /home/johngn/Microbial-Genomics-Journey-Workshop-2023/Reads_session_3/busco_downloads/lineages/pseudomonadales_odb10/hmms/22679at72274.hmm
# Target file:     /home/johngn/Microbial-Genomics-Journey-Workshop-2023/Reads_session_3/busco_op4/prodigal_output/predicted_genes/predicted.faa
# Option settings: hmmsearch --domtblout /home/johngn/Microbial-Genomics-Journey-Workshop-2023/Reads_session_3/busco_op4/run_pseudomonadales_odb10/hmmer_output/22679at72274.out --cpu 1 /home/johngn/Microbial-Genomics-Journey-Workshop-2023/Reads_session_3/busco_downloads/lineages/pseudomonadales_odb10/hmms/22679at72274.hmm /home/johngn/Microbial-Genomics-Journey-Workshop-2023/Reads_session_3/busco_op4/prodigal_output/predicted_genes/predicted.faa 
# Current dir:     /home/johngn/Microbial-Genomics-Journey-Workshop-2023/Reads_session_3
# Date:            Wed Mar  8 17:01:15 2023
# [ok]
