#                                                                            --- full sequence --- -------------- this domain -------------   hmm coord   ali coord   env coord
# target name        accession   tlen query name           accession   qlen   E-value  score  bias   #  of  c-Evalue  i-Evalue  score  bias  from    to  from    to  from    to  acc description of target
#------------------- ---------- ----- -------------------- ---------- ----- --------- ------ ----- --- --- --------- --------- ------ ----- ----- ----- ----- ----- ----- ----- ---- ---------------------
contig00384_1        -            240 22700at72274         -            271   1.4e-95  318.4   1.8   1   1   2.7e-98   1.9e-95  318.0   1.8    93   271     1   209     1   209 0.91 # 1 # 720 # 1 # ID=384_1;partial=10;start_type=Edge;rbs_motif=None;rbs_spacer=None;gc_cont=0.624
contig00772_4        -             95 22700at72274         -            271     2e-40  137.6   0.0   1   1   3.2e-43   2.2e-40  137.4   0.0     1    74    21    95    21    95 0.98 # 2048 # 2332 # 1 # ID=772_4;partial=01;start_type=ATG;rbs_motif=GGA/GAG/AGG;rbs_spacer=5-10bp;gc_cont=0.653
contig00910_1        -            260 22700at72274         -            271     9e-10   37.1   0.0   1   1   1.8e-12   1.2e-09   36.6   0.0     4   128    17   145    14   160 0.75 # 3 # 782 # -1 # ID=910_1;partial=10;start_type=GTG;rbs_motif=AGGAG/GGAGG;rbs_spacer=11-12bp;gc_cont=0.676
contig00002_15       -            438 22700at72274         -            271   2.1e-07   29.3   0.0   1   1   4.8e-10   3.3e-07   28.6   0.0    35   117    47   135    16   149 0.75 # 16942 # 18255 # -1 # ID=2_15;partial=00;start_type=TTG;rbs_motif=GGAG/GAGG;rbs_spacer=5-10bp;gc_cont=0.647
contig00569_1        -            203 22700at72274         -            271    0.0054   14.8   0.1   1   2   3.7e-05     0.026   12.6   0.0    32    70    17    56     2    63 0.80 # 2 # 610 # -1 # ID=569_1;partial=10;start_type=ATG;rbs_motif=None;rbs_spacer=None;gc_cont=0.647
contig00569_1        -            203 22700at72274         -            271    0.0054   14.8   0.1   2   2      0.46   3.2e+02   -0.8   0.0    88   102   104   118   100   128 0.75 # 2 # 610 # -1 # ID=569_1;partial=10;start_type=ATG;rbs_motif=None;rbs_spacer=None;gc_cont=0.647
contig01051_1        -            257 22700at72274         -            271    0.0076   14.3   0.4   1   3    0.0002      0.14   10.2   0.0   189   227    16    54     7    71 0.88 # 2 # 772 # -1 # ID=1051_1;partial=10;start_type=ATG;rbs_motif=GGAGG;rbs_spacer=5-10bp;gc_cont=0.712
contig01051_1        -            257 22700at72274         -            271    0.0076   14.3   0.4   2   3      0.68   4.7e+02   -1.4   0.0   205   229   105   129    96   135 0.78 # 2 # 772 # -1 # ID=1051_1;partial=10;start_type=ATG;rbs_motif=GGAGG;rbs_spacer=5-10bp;gc_cont=0.712
contig01051_1        -            257 22700at72274         -            271    0.0076   14.3   0.4   3   3      0.13        93    1.0   0.0    38    56   219   237   203   251 0.81 # 2 # 772 # -1 # ID=1051_1;partial=10;start_type=ATG;rbs_motif=GGAGG;rbs_spacer=5-10bp;gc_cont=0.712
contig01310_1        -            306 22700at72274         -            271     0.015   13.4   0.0   1   1   7.7e-05     0.054   11.6   0.0    35   117    33   127    21   135 0.63 # 168 # 1085 # 1 # ID=1310_1;partial=00;start_type=ATG;rbs_motif=GGAG/GAGG;rbs_spacer=5-10bp;gc_cont=0.695
contig00922_2        -             63 22700at72274         -            271     0.023   12.8   0.0   1   1   3.3e-05     0.023   12.8   0.0    39    77     5    43     1    57 0.85 # 1902 # 2090 # 1 # ID=922_2;partial=01;start_type=GTG;rbs_motif=None;rbs_spacer=None;gc_cont=0.630
contig00159_1        -            600 22700at72274         -            271     0.024   12.7   0.0   1   1     7e-05     0.049   11.7   0.0    30    71   137   178   111   186 0.83 # 3 # 1802 # 1 # ID=159_1;partial=10;start_type=Edge;rbs_motif=None;rbs_spacer=None;gc_cont=0.657
contig01748_1        -            245 22700at72274         -            271     0.025   12.7   0.0   1   1   4.7e-05     0.033   12.3   0.0    38    68   190   220   149   229 0.90 # 3 # 737 # -1 # ID=1748_1;partial=10;start_type=ATG;rbs_motif=None;rbs_spacer=None;gc_cont=0.631
contig00434_2        -            427 22700at72274         -            271     0.045   11.8   0.0   1   1    0.0001     0.071   11.2   0.0     3    77    70   155    68   194 0.67 # 1148 # 2428 # -1 # ID=434_2;partial=00;start_type=ATG;rbs_motif=GGA/GAG/AGG;rbs_spacer=5-10bp;gc_cont=0.591
contig00123_1        -            564 22700at72274         -            271     0.058   11.5   0.1   1   1   0.00021      0.15   10.1   0.1    15    62   119   167   105   323 0.82 # 1 # 1692 # 1 # ID=123_1;partial=10;start_type=Edge;rbs_motif=None;rbs_spacer=None;gc_cont=0.650
#
# Program:         hmmsearch
# Version:         3.1b2 (February 2015)
# Pipeline mode:   SEARCH
# Query file:      /home/johngn/Microbial-Genomics-Journey-Workshop-2023/Reads_session_3/busco_downloads/lineages/pseudomonadales_odb10/hmms/22700at72274.hmm
# Target file:     /home/johngn/Microbial-Genomics-Journey-Workshop-2023/Reads_session_3/busco_op4/prodigal_output/predicted_genes/predicted.faa
# Option settings: hmmsearch --domtblout /home/johngn/Microbial-Genomics-Journey-Workshop-2023/Reads_session_3/busco_op4/run_pseudomonadales_odb10/hmmer_output/22700at72274.out --cpu 1 /home/johngn/Microbial-Genomics-Journey-Workshop-2023/Reads_session_3/busco_downloads/lineages/pseudomonadales_odb10/hmms/22700at72274.hmm /home/johngn/Microbial-Genomics-Journey-Workshop-2023/Reads_session_3/busco_op4/prodigal_output/predicted_genes/predicted.faa 
# Current dir:     /home/johngn/Microbial-Genomics-Journey-Workshop-2023/Reads_session_3
# Date:            Wed Mar  8 17:01:15 2023
# [ok]
