#                                                                            --- full sequence --- -------------- this domain -------------   hmm coord   ali coord   env coord
# target name        accession   tlen query name           accession   qlen   E-value  score  bias   #  of  c-Evalue  i-Evalue  score  bias  from    to  from    to  from    to  acc description of target
#------------------- ---------- ----- -------------------- ---------- ----- --------- ------ ----- --- --- --------- --------- ------ ----- ----- ----- ----- ----- ----- ----- ---- ---------------------
contig02441_2        -            232 23243at72274         -            310   1.2e-74  250.0   6.8   1   1   6.8e-78   1.4e-74  249.8   6.8   113   309     1   226     1   227 0.93 # 167 # 862 # -1 # ID=2441_2;partial=01;start_type=Edge;rbs_motif=None;rbs_spacer=None;gc_cont=0.684
contig00952_3        -            137 23243at72274         -            310   2.6e-22   78.1   2.8   1   1   2.1e-23   4.5e-20   70.8   2.8     1   100     7   137     7   137 0.82 # 1636 # 2046 # 1 # ID=952_3;partial=01;start_type=ATG;rbs_motif=GGAG/GAGG;rbs_spacer=5-10bp;gc_cont=0.647
contig00361_1        -            624 23243at72274         -            310   4.3e-14   51.1   0.3   1   4   4.3e-05      0.09   10.6   0.0    64    95    97   128    90   133 0.91 # 112 # 1983 # 1 # ID=361_1;partial=00;start_type=ATG;rbs_motif=GGA/GAG/AGG;rbs_spacer=5-10bp;gc_cont=0.673
contig00361_1        -            624 23243at72274         -            310   4.3e-14   51.1   0.3   2   4   5.8e-06     0.012   13.5   0.1    64    98   146   180   140   213 0.79 # 112 # 1983 # 1 # ID=361_1;partial=00;start_type=ATG;rbs_motif=GGA/GAG/AGG;rbs_spacer=5-10bp;gc_cont=0.673
contig00361_1        -            624 23243at72274         -            310   4.3e-14   51.1   0.3   3   4      0.37   7.9e+02   -2.3   0.0    79    95   218   234   215   239 0.81 # 112 # 1983 # 1 # ID=361_1;partial=00;start_type=ATG;rbs_motif=GGA/GAG/AGG;rbs_spacer=5-10bp;gc_cont=0.673
contig00361_1        -            624 23243at72274         -            310   4.3e-14   51.1   0.3   4   4   1.5e-08   3.2e-05   22.0   0.0    43   107   499   569   491   574 0.84 # 112 # 1983 # 1 # ID=361_1;partial=00;start_type=ATG;rbs_motif=GGA/GAG/AGG;rbs_spacer=5-10bp;gc_cont=0.673
contig01443_2        -            444 23243at72274         -            310    0.0095   13.9   0.0   1   2   1.7e-05     0.035   12.0   0.0    67   165   224   325   220   331 0.75 # 155 # 1486 # 1 # ID=1443_2;partial=01;start_type=ATG;rbs_motif=GGAG/GAGG;rbs_spacer=5-10bp;gc_cont=0.696
contig01443_2        -            444 23243at72274         -            310    0.0095   13.9   0.0   2   2      0.32   6.8e+02   -2.1   0.0    78    93   380   395   356   400 0.57 # 155 # 1486 # 1 # ID=1443_2;partial=01;start_type=ATG;rbs_motif=GGAG/GAGG;rbs_spacer=5-10bp;gc_cont=0.696
#
# Program:         hmmsearch
# Version:         3.1b2 (February 2015)
# Pipeline mode:   SEARCH
# Query file:      /home/johngn/Microbial-Genomics-Journey-Workshop-2023/Reads_session_3/busco_downloads/lineages/pseudomonadales_odb10/hmms/23243at72274.hmm
# Target file:     /home/johngn/Microbial-Genomics-Journey-Workshop-2023/Reads_session_3/busco_op4/prodigal_output/predicted_genes/predicted.faa
# Option settings: hmmsearch --domtblout /home/johngn/Microbial-Genomics-Journey-Workshop-2023/Reads_session_3/busco_op4/run_pseudomonadales_odb10/hmmer_output/23243at72274.out --cpu 1 /home/johngn/Microbial-Genomics-Journey-Workshop-2023/Reads_session_3/busco_downloads/lineages/pseudomonadales_odb10/hmms/23243at72274.hmm /home/johngn/Microbial-Genomics-Journey-Workshop-2023/Reads_session_3/busco_op4/prodigal_output/predicted_genes/predicted.faa 
# Current dir:     /home/johngn/Microbial-Genomics-Journey-Workshop-2023/Reads_session_3
# Date:            Wed Mar  8 17:01:15 2023
# [ok]
