#                                                                            --- full sequence --- -------------- this domain -------------   hmm coord   ali coord   env coord
# target name        accession   tlen query name           accession   qlen   E-value  score  bias   #  of  c-Evalue  i-Evalue  score  bias  from    to  from    to  from    to  acc description of target
#------------------- ---------- ----- -------------------- ---------- ----- --------- ------ ----- --- --- --------- --------- ------ ----- ----- ----- ----- ----- ----- ----- ---- ---------------------
contig02308_1        -             88 23306at72274         -            310   4.2e-43  146.5   0.1   1   1   3.1e-45   4.5e-43  146.4   0.1   229   310     2    84     1    84 0.97 # 1 # 264 # 1 # ID=2308_1;partial=10;start_type=Edge;rbs_motif=None;rbs_spacer=None;gc_cont=0.625
contig00397_2        -            699 23306at72274         -            310   2.6e-25   88.1   0.0   1   2   4.4e-08   6.3e-06   24.4   0.0     2   141   291   446   290   455 0.68 # 356 # 2452 # 1 # ID=397_2;partial=00;start_type=ATG;rbs_motif=GGA/GAG/AGG;rbs_spacer=11-12bp;gc_cont=0.667
contig00397_2        -            699 23306at72274         -            310   2.6e-25   88.1   0.0   2   2   5.2e-19   7.6e-17   60.3   0.0   184   309   535   666   532   667 0.86 # 356 # 2452 # 1 # ID=397_2;partial=00;start_type=ATG;rbs_motif=GGA/GAG/AGG;rbs_spacer=11-12bp;gc_cont=0.667
contig00056_7        -            459 23306at72274         -            310   1.2e-22   79.3   0.2   1   2    0.0074       1.1    7.2   0.2    98   129   187   218   115   294 0.74 # 5703 # 7079 # -1 # ID=56_7;partial=00;start_type=ATG;rbs_motif=GGAGG;rbs_spacer=5-10bp;gc_cont=0.641
contig00056_7        -            459 23306at72274         -            310   1.2e-22   79.3   0.2   2   2   5.3e-22   7.7e-20   70.1   0.0   185   309   326   447   301   448 0.82 # 5703 # 7079 # -1 # ID=56_7;partial=00;start_type=ATG;rbs_motif=GGAGG;rbs_spacer=5-10bp;gc_cont=0.641
contig00644_2        -            607 23306at72274         -            310   1.5e-21   75.7   0.0   1   1   2.8e-23   4.1e-21   74.3   0.0   102   308   239   468   218   470 0.80 # 758 # 2578 # -1 # ID=644_2;partial=01;start_type=Edge;rbs_motif=None;rbs_spacer=None;gc_cont=0.701
contig00199_2        -            434 23306at72274         -            310   1.6e-21   75.6   0.1   1   2     0.003      0.44    8.5   0.1    96   132   153   192   129   203 0.64 # 466 # 1767 # 1 # ID=199_2;partial=00;start_type=ATG;rbs_motif=GGAG/GAGG;rbs_spacer=5-10bp;gc_cont=0.687
contig00199_2        -            434 23306at72274         -            310   1.6e-21   75.6   0.1   2   2     2e-20   2.9e-18   64.9   0.0   194   310   312   425   307   425 0.85 # 466 # 1767 # 1 # ID=199_2;partial=00;start_type=ATG;rbs_motif=GGAG/GAGG;rbs_spacer=5-10bp;gc_cont=0.687
contig01372_1        -            403 23306at72274         -            310   3.8e-18   64.6   0.1   1   1   1.7e-19   2.4e-17   61.9   0.1    93   308   167   391   153   392 0.78 # 164 # 1372 # 1 # ID=1372_1;partial=00;start_type=ATG;rbs_motif=GGA/GAG/AGG;rbs_spacer=5-10bp;gc_cont=0.693
contig00850_1        -            168 23306at72274         -            310   6.2e-15   54.0   0.0   1   1   5.4e-17   7.8e-15   53.7   0.0   200   308    47   158    42   160 0.86 # 1 # 504 # 1 # ID=850_1;partial=10;start_type=Edge;rbs_motif=None;rbs_spacer=None;gc_cont=0.694
contig00726_2        -            444 23306at72274         -            310   1.3e-14   52.9   0.1   1   2   1.8e-08   2.7e-06   25.7   0.1     7   165   111   269   106   276 0.73 # 184 # 1515 # 1 # ID=726_2;partial=00;start_type=ATG;rbs_motif=None;rbs_spacer=None;gc_cont=0.676
contig00726_2        -            444 23306at72274         -            310   1.3e-14   52.9   0.1   2   2   3.1e-08   4.5e-06   24.9   0.0   240   297   355   418   341   433 0.80 # 184 # 1515 # 1 # ID=726_2;partial=00;start_type=ATG;rbs_motif=None;rbs_spacer=None;gc_cont=0.676
contig00660_1        -            695 23306at72274         -            310   1.4e-14   52.9   7.1   1   2   2.9e-16   4.2e-14   51.3   2.8    84   297   175   413   166   427 0.76 # 2 # 2086 # 1 # ID=660_1;partial=10;start_type=Edge;rbs_motif=None;rbs_spacer=None;gc_cont=0.678
contig00660_1        -            695 23306at72274         -            310   1.4e-14   52.9   7.1   2   2      0.71     1e+02    0.7   0.1   154   169   596   611   592   616 0.88 # 2 # 2086 # 1 # ID=660_1;partial=10;start_type=Edge;rbs_motif=None;rbs_spacer=None;gc_cont=0.678
contig01185_1        -            155 23306at72274         -            310   3.5e-14   51.6   0.1   1   1   4.6e-16   6.7e-14   50.6   0.1   186   307    35   153    29   154 0.80 # 1 # 465 # 1 # ID=1185_1;partial=10;start_type=Edge;rbs_motif=None;rbs_spacer=None;gc_cont=0.669
contig00940_2        -            643 23306at72274         -            310   4.1e-14   51.3   0.2   1   2   1.1e-07   1.6e-05   23.1   0.2    97   166   255   324   244   346 0.86 # 132 # 2060 # 1 # ID=940_2;partial=01;start_type=ATG;rbs_motif=AGGAG;rbs_spacer=5-10bp;gc_cont=0.658
contig00940_2        -            643 23306at72274         -            310   4.1e-14   51.3   0.2   2   2   1.5e-08   2.2e-06   25.9   0.0   196   308   375   492   354   496 0.80 # 132 # 2060 # 1 # ID=940_2;partial=01;start_type=ATG;rbs_motif=AGGAG;rbs_spacer=5-10bp;gc_cont=0.658
contig00048_3        -            634 23306at72274         -            310     6e-14   50.8   0.1   1   1   2.5e-15   3.6e-13   48.2   0.1    64   306   361   620   339   623 0.71 # 2596 # 4497 # -1 # ID=48_3;partial=00;start_type=ATG;rbs_motif=None;rbs_spacer=None;gc_cont=0.697
contig00096_2        -            589 23306at72274         -            310     4e-12   44.8   0.1   1   1   2.7e-13   3.9e-11   41.5   0.1   197   308   470   579   336   581 0.77 # 593 # 2359 # -1 # ID=96_2;partial=00;start_type=ATG;rbs_motif=None;rbs_spacer=None;gc_cont=0.690
contig02924_1        -            217 23306at72274         -            310     4e-12   44.8   0.0   1   1   3.7e-14   5.3e-12   44.4   0.0   201   297    24   124     8   139 0.82 # 1 # 651 # 1 # ID=2924_1;partial=11;start_type=Edge;rbs_motif=None;rbs_spacer=None;gc_cont=0.711
contig00093_5        -            787 23306at72274         -            310   5.5e-12   44.3   0.7   1   2       9.5   1.4e+03   -3.0   0.0   181   249    42   105    34   109 0.65 # 2317 # 4677 # 1 # ID=93_5;partial=00;start_type=ATG;rbs_motif=GGA/GAG/AGG;rbs_spacer=5-10bp;gc_cont=0.671
contig00093_5        -            787 23306at72274         -            310   5.5e-12   44.3   0.7   2   2   5.4e-13   7.8e-11   40.5   0.1   105   308   303   525   275   527 0.69 # 2317 # 4677 # 1 # ID=93_5;partial=00;start_type=ATG;rbs_motif=GGA/GAG/AGG;rbs_spacer=5-10bp;gc_cont=0.671
contig00380_1        -            419 23306at72274         -            310   1.2e-11   43.2   0.2   1   1   1.3e-13     2e-11   42.5   0.2    98   169   246   317   238   330 0.89 # 2 # 1258 # -1 # ID=380_1;partial=10;start_type=ATG;rbs_motif=GGA/GAG/AGG;rbs_spacer=5-10bp;gc_cont=0.693
contig00274_1        -            729 23306at72274         -            310   3.8e-11   41.6   0.5   1   1   4.8e-13     7e-11   40.7   0.5   106   309   502   720   484   721 0.78 # 77 # 2263 # -1 # ID=274_1;partial=00;start_type=ATG;rbs_motif=GGA/GAG/AGG;rbs_spacer=5-10bp;gc_cont=0.668
contig00134_5        -            478 23306at72274         -            310   4.2e-11   41.4   0.3   1   1   6.5e-13   9.5e-11   40.3   0.3   103   294   235   440   227   459 0.69 # 3265 # 4698 # 1 # ID=134_5;partial=00;start_type=ATG;rbs_motif=GGAG/GAGG;rbs_spacer=5-10bp;gc_cont=0.685
contig00443_3        -            462 23306at72274         -            310   6.8e-11   40.7   2.7   1   1   4.7e-12   6.8e-10   37.4   2.7    91   263   268   456   222   460 0.74 # 1696 # 3081 # 1 # ID=443_3;partial=01;start_type=GTG;rbs_motif=GGAG/GAGG;rbs_spacer=5-10bp;gc_cont=0.650
contig00450_1        -            411 23306at72274         -            310   2.4e-10   38.9   1.4   1   2     0.086        13    3.7   0.0     2    32   200   230   199   254 0.86 # 3 # 1235 # -1 # ID=450_1;partial=10;start_type=GTG;rbs_motif=GGA/GAG/AGG;rbs_spacer=5-10bp;gc_cont=0.656
contig00450_1        -            411 23306at72274         -            310   2.4e-10   38.9   1.4   2   2   6.2e-11     9e-09   33.8   0.7    95   167   298   370   278   393 0.78 # 3 # 1235 # -1 # ID=450_1;partial=10;start_type=GTG;rbs_motif=GGA/GAG/AGG;rbs_spacer=5-10bp;gc_cont=0.656
contig02474_1        -            282 23306at72274         -            310   7.5e-10   37.3   0.0   1   1   7.3e-12   1.1e-09   36.8   0.0   184   297    17   134    13   147 0.82 # 3 # 848 # -1 # ID=2474_1;partial=11;start_type=Edge;rbs_motif=None;rbs_spacer=None;gc_cont=0.700
contig00628_2        -            461 23306at72274         -            310     1e-09   36.9   0.6   1   2     2e-05    0.0028   15.7   0.1   106   171   243   308   217   341 0.83 # 488 # 1870 # -1 # ID=628_2;partial=00;start_type=GTG;rbs_motif=GGAGG;rbs_spacer=5-10bp;gc_cont=0.705
contig00628_2        -            461 23306at72274         -            310     1e-09   36.9   0.6   2   2   1.4e-06    0.0002   19.5   0.0   245   295   393   444   384   450 0.90 # 488 # 1870 # -1 # ID=628_2;partial=00;start_type=GTG;rbs_motif=GGAGG;rbs_spacer=5-10bp;gc_cont=0.705
contig02222_1        -            325 23306at72274         -            310   1.1e-09   36.7   0.0   1   1   1.1e-09   1.6e-07   29.6   0.0   114   298   123   320   107   325 0.68 # 2 # 976 # -1 # ID=2222_1;partial=11;start_type=Edge;rbs_motif=None;rbs_spacer=None;gc_cont=0.699
contig01238_1        -            442 23306at72274         -            310   1.7e-09   36.2   0.0   1   1   4.2e-11   6.1e-09   34.3   0.0   184   308   312   436   306   438 0.78 # 3 # 1328 # 1 # ID=1238_1;partial=10;start_type=Edge;rbs_motif=None;rbs_spacer=None;gc_cont=0.700
contig02975_1        -            210 23306at72274         -            310   1.7e-09   36.1   0.2   1   2   5.5e-05     0.008   14.2   0.1   105   169    15    82     6    90 0.85 # 3 # 632 # 1 # ID=2975_1;partial=11;start_type=Edge;rbs_motif=None;rbs_spacer=None;gc_cont=0.703
contig02975_1        -            210 23306at72274         -            310   1.7e-09   36.1   0.2   2   2   9.8e-07   0.00014   20.0   0.0   202   282   132   210   101   210 0.69 # 3 # 632 # 1 # ID=2975_1;partial=11;start_type=Edge;rbs_motif=None;rbs_spacer=None;gc_cont=0.703
contig00556_2        -            296 23306at72274         -            310     2e-09   35.9   0.0   1   2       1.9   2.8e+02   -0.7   0.0   110   140    95   125    68   164 0.72 # 1895 # 2782 # -1 # ID=556_2;partial=01;start_type=Edge;rbs_motif=None;rbs_spacer=None;gc_cont=0.681
contig00556_2        -            296 23306at72274         -            310     2e-09   35.9   0.0   2   2   5.3e-11   7.7e-09   34.0   0.0   243   300   222   281   215   291 0.85 # 1895 # 2782 # -1 # ID=556_2;partial=01;start_type=Edge;rbs_motif=None;rbs_spacer=None;gc_cont=0.681
contig02595_1        -            266 23306at72274         -            310   5.7e-09   34.4   0.2   1   1   1.2e-10   1.8e-08   32.8   0.2   108   293    55   255    42   262 0.75 # 3 # 800 # -1 # ID=2595_1;partial=11;start_type=Edge;rbs_motif=None;rbs_spacer=None;gc_cont=0.660
contig00107_4        -            472 23306at72274         -            310   8.9e-09   33.8   0.1   1   2   7.8e-07   0.00011   20.3   0.1   114   164   240   291   225   299 0.91 # 1850 # 3265 # -1 # ID=107_4;partial=00;start_type=ATG;rbs_motif=GGAG/GAGG;rbs_spacer=5-10bp;gc_cont=0.700
contig00107_4        -            472 23306at72274         -            310   8.9e-09   33.8   0.1   2   2    0.0004     0.058   11.4   0.0   233   298   369   440   341   452 0.78 # 1850 # 3265 # -1 # ID=107_4;partial=00;start_type=ATG;rbs_motif=GGAG/GAGG;rbs_spacer=5-10bp;gc_cont=0.700
contig01470_1        -            105 23306at72274         -            310   1.5e-08   33.0   0.0   1   1     1e-10   1.5e-08   33.0   0.0   245   297    34    86     5    98 0.89 # 2 # 316 # 1 # ID=1470_1;partial=10;start_type=Edge;rbs_motif=None;rbs_spacer=None;gc_cont=0.648
contig00931_3        -             76 23306at72274         -            310   2.2e-08   32.5   0.0   1   1   1.7e-10   2.5e-08   32.3   0.0   247   307     2    70     1    72 0.76 # 1848 # 2075 # -1 # ID=931_3;partial=01;start_type=Edge;rbs_motif=None;rbs_spacer=None;gc_cont=0.693
contig01211_1        -            488 23306at72274         -            310   4.5e-08   31.5   0.0   1   2   6.6e-06   0.00096   17.3   0.1   104   170   305   371   279   398 0.89 # 3 # 1466 # -1 # ID=1211_1;partial=10;start_type=ATG;rbs_motif=GGxGG;rbs_spacer=5-10bp;gc_cont=0.689
contig01211_1        -            488 23306at72274         -            310   4.5e-08   31.5   0.0   2   2   0.00028     0.041   11.9   0.0   215   266   430   480   418   485 0.81 # 3 # 1466 # -1 # ID=1211_1;partial=10;start_type=ATG;rbs_motif=GGxGG;rbs_spacer=5-10bp;gc_cont=0.689
contig01604_2        -            436 23306at72274         -            310   7.7e-08   30.7   0.2   1   2    0.0047      0.69    7.9   0.3   101   164   219   281   207   291 0.83 # 63 # 1370 # 1 # ID=1604_2;partial=01;start_type=ATG;rbs_motif=GGAG/GAGG;rbs_spacer=5-10bp;gc_cont=0.719
contig01604_2        -            436 23306at72274         -            310   7.7e-08   30.7   0.2   2   2   6.3e-07   9.2e-05   20.6   0.0   230   298   358   427   327   432 0.76 # 63 # 1370 # 1 # ID=1604_2;partial=01;start_type=ATG;rbs_motif=GGAG/GAGG;rbs_spacer=5-10bp;gc_cont=0.719
contig03208_1        -            182 23306at72274         -            310   1.5e-07   29.8   0.5   1   1   1.3e-09     2e-07   29.4   0.5    94   175    70   151    42   179 0.76 # 3 # 548 # -1 # ID=3208_1;partial=11;start_type=Edge;rbs_motif=None;rbs_spacer=None;gc_cont=0.641
contig00997_2        -             69 23306at72274         -            310   1.8e-07   29.5   0.0   1   1   1.4e-09   2.1e-07   29.3   0.0   258   307     2    59     1    61 0.78 # 1768 # 1974 # -1 # ID=997_2;partial=01;start_type=Edge;rbs_motif=None;rbs_spacer=None;gc_cont=0.638
contig02569_1        -            269 23306at72274         -            310     2e-07   29.3   0.4   1   2   2.6e-05    0.0038   15.3   0.1   108   164    57   114    40   131 0.74 # 2 # 808 # -1 # ID=2569_1;partial=11;start_type=Edge;rbs_motif=None;rbs_spacer=None;gc_cont=0.701
contig02569_1        -            269 23306at72274         -            310     2e-07   29.3   0.4   2   2   0.00028     0.041   11.9   0.0   270   297   234   261   223   268 0.84 # 2 # 808 # -1 # ID=2569_1;partial=11;start_type=Edge;rbs_motif=None;rbs_spacer=None;gc_cont=0.701
contig03030_1        -            202 23306at72274         -            310   2.1e-07   29.3   0.0   1   1   1.8e-09   2.6e-07   29.0   0.0   197   297    58   160    38   176 0.81 # 3 # 608 # -1 # ID=3030_1;partial=11;start_type=Edge;rbs_motif=None;rbs_spacer=None;gc_cont=0.634
contig00441_1        -            157 23306at72274         -            310   3.1e-07   28.7   0.0   1   1   2.3e-09   3.4e-07   28.6   0.0   242   298    79   138    29   152 0.81 # 1 # 471 # 1 # ID=441_1;partial=10;start_type=Edge;rbs_motif=None;rbs_spacer=None;gc_cont=0.711
contig00086_3        -            423 23306at72274         -            310   3.6e-07   28.5   1.0   1   1   2.4e-08   3.5e-06   25.3   1.0   203   297   319   404   165   418 0.70 # 1627 # 2895 # 1 # ID=86_3;partial=00;start_type=ATG;rbs_motif=GGA/GAG/AGG;rbs_spacer=5-10bp;gc_cont=0.661
contig00464_4        -            483 23306at72274         -            310     9e-07   27.2   0.3   1   1   1.2e-08   1.7e-06   26.3   0.3   183   296    75   191    38   207 0.79 # 1577 # 3025 # -1 # ID=464_4;partial=01;start_type=Edge;rbs_motif=None;rbs_spacer=None;gc_cont=0.650
contig00540_1        -            109 23306at72274         -            310   1.4e-06   26.6   0.0   1   1   1.7e-08   2.5e-06   25.7   0.0   206   294     7    91     1   107 0.70 # 1 # 327 # 1 # ID=540_1;partial=10;start_type=Edge;rbs_motif=None;rbs_spacer=None;gc_cont=0.706
contig03090_2        -             99 23306at72274         -            310   4.3e-06   25.0   0.0   1   1   3.1e-08   4.5e-06   24.9   0.0   237   294     8    67     1    81 0.83 # 293 # 589 # -1 # ID=3090_2;partial=01;start_type=Edge;rbs_motif=None;rbs_spacer=None;gc_cont=0.684
contig01415_1        -            355 23306at72274         -            310   7.4e-06   24.2   0.0   1   1   6.6e-08   9.6e-06   23.8   0.0   249   308     2    69     1    71 0.82 # 2 # 1066 # 1 # ID=1415_1;partial=10;start_type=Edge;rbs_motif=None;rbs_spacer=None;gc_cont=0.709
contig00373_5        -            370 23306at72274         -            310   1.4e-05   23.3   0.0   1   2       7.8   1.1e+03   -2.7   0.0   143   184    38    55     4    68 0.50 # 2303 # 3412 # -1 # ID=373_5;partial=01;start_type=Edge;rbs_motif=None;rbs_spacer=None;gc_cont=0.682
contig00373_5        -            370 23306at72274         -            310   1.4e-05   23.3   0.0   2   2   2.1e-07   3.1e-05   22.1   0.0   209   308   121   220    89   222 0.70 # 2303 # 3412 # -1 # ID=373_5;partial=01;start_type=Edge;rbs_motif=None;rbs_spacer=None;gc_cont=0.682
contig01721_1        -            345 23306at72274         -            310   1.8e-05   22.9   0.4   1   1   2.4e-07   3.4e-05   22.0   0.4   200   297   213   319    29   332 0.72 # 2 # 1036 # 1 # ID=1721_1;partial=10;start_type=Edge;rbs_motif=None;rbs_spacer=None;gc_cont=0.426
contig00735_2        -            510 23306at72274         -            310   1.9e-05   22.8   0.1   1   1   1.9e-07   2.7e-05   22.3   0.1    93   168   394   468   363   487 0.81 # 860 # 2389 # 1 # ID=735_2;partial=01;start_type=ATG;rbs_motif=GGAG/GAGG;rbs_spacer=5-10bp;gc_cont=0.676
contig01074_1        -            489 23306at72274         -            310     2e-05   22.8   0.7   1   2       1.8   2.6e+02   -0.6   0.5    85   134   181   225   131   256 0.78 # 3 # 1469 # -1 # ID=1074_1;partial=10;start_type=ATG;rbs_motif=GGAG/GAGG;rbs_spacer=5-10bp;gc_cont=0.699
contig01074_1        -            489 23306at72274         -            310     2e-05   22.8   0.7   2   2   4.9e-07   7.2e-05   20.9   0.0   235   307   339   419   306   422 0.78 # 3 # 1469 # -1 # ID=1074_1;partial=10;start_type=ATG;rbs_motif=GGAG/GAGG;rbs_spacer=5-10bp;gc_cont=0.699
contig01088_1        -            122 23306at72274         -            310   3.8e-05   21.9   0.0   1   1   3.5e-07     5e-05   21.5   0.0   206   290    12   101     3   119 0.73 # 2 # 367 # 1 # ID=1088_1;partial=10;start_type=Edge;rbs_motif=None;rbs_spacer=None;gc_cont=0.675
contig02507_1        -            277 23306at72274         -            310   0.00011   20.4   0.5   1   1   1.3e-06   0.00019   19.5   0.5    92   166   165   240   152   247 0.85 # 3 # 833 # -1 # ID=2507_1;partial=11;start_type=Edge;rbs_motif=None;rbs_spacer=None;gc_cont=0.676
contig02241_1        -            321 23306at72274         -            310    0.0005   18.2   0.2   1   1     5e-06   0.00073   17.6   0.2    89   135   230   275   223   304 0.78 # 3 # 965 # -1 # ID=2241_1;partial=11;start_type=Edge;rbs_motif=None;rbs_spacer=None;gc_cont=0.683
contig01135_1        -             92 23306at72274         -            310    0.0017   16.4   0.0   1   1   1.3e-05    0.0018   16.3   0.0   246   295    24    75    10    88 0.81 # 1 # 276 # 1 # ID=1135_1;partial=10;start_type=Edge;rbs_motif=None;rbs_spacer=None;gc_cont=0.696
contig00474_2        -            541 23306at72274         -            310    0.0034   15.5   0.1   1   2       1.8   2.6e+02   -0.6   0.0    94   127   167   199   152   254 0.77 # 705 # 2327 # 1 # ID=474_2;partial=00;start_type=ATG;rbs_motif=GGAGG;rbs_spacer=5-10bp;gc_cont=0.688
contig00474_2        -            541 23306at72274         -            310    0.0034   15.5   0.1   2   2    0.0001     0.015   13.3   0.0   222   283   303   370   292   384 0.78 # 705 # 2327 # 1 # ID=474_2;partial=00;start_type=ATG;rbs_motif=GGAGG;rbs_spacer=5-10bp;gc_cont=0.688
contig00284_2        -            827 23306at72274         -            310    0.0037   15.3   0.1   1   1   6.9e-05      0.01   13.9   0.1    92   164   748   821   730   826 0.79 # 1354 # 3834 # 1 # ID=284_2;partial=01;start_type=GTG;rbs_motif=GGA/GAG/AGG;rbs_spacer=5-10bp;gc_cont=0.699
contig00151_5        -            446 23306at72274         -            310     0.011   13.8   0.1   1   2       4.9   7.2e+02   -2.0   0.1   109   128   231   250   214   302 0.58 # 2660 # 3997 # 1 # ID=151_5;partial=00;start_type=ATG;rbs_motif=GGxGG;rbs_spacer=5-10bp;gc_cont=0.687
contig00151_5        -            446 23306at72274         -            310     0.011   13.8   0.1   2   2   0.00024     0.035   12.1   0.0   200   295   333   421   326   438 0.69 # 2660 # 3997 # 1 # ID=151_5;partial=00;start_type=ATG;rbs_motif=GGxGG;rbs_spacer=5-10bp;gc_cont=0.687
contig02572_1        -            269 23306at72274         -            310     0.011   13.8   0.3   1   1   0.00011     0.016   13.3   0.3    98   164   143   209   112   216 0.85 # 3 # 809 # -1 # ID=2572_1;partial=11;start_type=Edge;rbs_motif=None;rbs_spacer=None;gc_cont=0.672
contig03191_1        -            185 23306at72274         -            310     0.018   13.1   0.0   1   1   0.00018     0.026   12.6   0.0   102   141   134   173   124   180 0.83 # 2 # 556 # -1 # ID=3191_1;partial=11;start_type=Edge;rbs_motif=None;rbs_spacer=None;gc_cont=0.697
contig00996_1        -            482 23306at72274         -            310      0.02   12.9   0.0   1   1   0.00026     0.037   12.0   0.0   268   297    23    52    20    67 0.82 # 3 # 1448 # 1 # ID=996_1;partial=10;start_type=Edge;rbs_motif=None;rbs_spacer=None;gc_cont=0.686
contig00791_2        -            656 23306at72274         -            310     0.024   12.6   0.0   1   1   0.00028      0.04   11.9   0.0    11    51   305   345   296   350 0.88 # 328 # 2295 # 1 # ID=791_2;partial=01;start_type=GTG;rbs_motif=AGGA;rbs_spacer=5-10bp;gc_cont=0.692
contig02726_1        -            247 23306at72274         -            310     0.074   11.1   0.1   1   2       0.3        43    2.0   0.0     7    36    97   126    91   137 0.82 # 2 # 742 # -1 # ID=2726_1;partial=11;start_type=Edge;rbs_motif=None;rbs_spacer=None;gc_cont=0.718
contig02726_1        -            247 23306at72274         -            310     0.074   11.1   0.1   2   2      0.01       1.4    6.8   0.1    93   126   208   242   192   246 0.63 # 2 # 742 # -1 # ID=2726_1;partial=11;start_type=Edge;rbs_motif=None;rbs_spacer=None;gc_cont=0.718
#
# Program:         hmmsearch
# Version:         3.1b2 (February 2015)
# Pipeline mode:   SEARCH
# Query file:      /home/johngn/Microbial-Genomics-Journey-Workshop-2023/Reads_session_3/busco_downloads/lineages/pseudomonadales_odb10/hmms/23306at72274.hmm
# Target file:     /home/johngn/Microbial-Genomics-Journey-Workshop-2023/Reads_session_3/busco_op4/prodigal_output/predicted_genes/predicted.faa
# Option settings: hmmsearch --domtblout /home/johngn/Microbial-Genomics-Journey-Workshop-2023/Reads_session_3/busco_op4/run_pseudomonadales_odb10/hmmer_output/23306at72274.out --cpu 1 /home/johngn/Microbial-Genomics-Journey-Workshop-2023/Reads_session_3/busco_downloads/lineages/pseudomonadales_odb10/hmms/23306at72274.hmm /home/johngn/Microbial-Genomics-Journey-Workshop-2023/Reads_session_3/busco_op4/prodigal_output/predicted_genes/predicted.faa 
# Current dir:     /home/johngn/Microbial-Genomics-Journey-Workshop-2023/Reads_session_3
# Date:            Wed Mar  8 17:01:15 2023
# [ok]
