#                                                                            --- full sequence --- -------------- this domain -------------   hmm coord   ali coord   env coord
# target name        accession   tlen query name           accession   qlen   E-value  score  bias   #  of  c-Evalue  i-Evalue  score  bias  from    to  from    to  from    to  acc description of target
#------------------- ---------- ----- -------------------- ---------- ----- --------- ------ ----- --- --- --------- --------- ------ ----- ----- ----- ----- ----- ----- ----- ---- ---------------------
contig00222_3        -            266 23750at72274         -            335   3.4e-94  314.5  14.4   1   3   4.9e-40   5.9e-37  126.4   1.5     1    74     1    74     1   107 0.96 # 3413 # 4210 # 1 # ID=222_3;partial=01;start_type=ATG;rbs_motif=AGGA;rbs_spacer=5-10bp;gc_cont=0.679
contig00222_3        -            266 23750at72274         -            335   3.4e-94  314.5  14.4   2   3   1.8e-07   0.00022   19.3   0.6    70   102   110   151   102   159 0.80 # 3413 # 4210 # 1 # ID=222_3;partial=01;start_type=ATG;rbs_motif=AGGA;rbs_spacer=5-10bp;gc_cont=0.679
contig00222_3        -            266 23750at72274         -            335   3.4e-94  314.5  14.4   3   3   1.4e-55   1.7e-52  177.4   0.5    97   192   168   266   161   266 0.94 # 3413 # 4210 # 1 # ID=222_3;partial=01;start_type=ATG;rbs_motif=AGGA;rbs_spacer=5-10bp;gc_cont=0.679
contig00052_7        -            429 23750at72274         -            335   4.7e-61  205.6   2.2   1   2     3e-10   3.6e-07   28.5   0.1     5    64     6    65     2   102 0.88 # 3586 # 4872 # 1 # ID=52_7;partial=00;start_type=ATG;rbs_motif=GGAGG;rbs_spacer=5-10bp;gc_cont=0.700
contig00052_7        -            429 23750at72274         -            335   4.7e-61  205.6   2.2   2   2   2.5e-55     3e-52  176.6   0.2    81   334   158   428   139   428 0.86 # 3586 # 4872 # 1 # ID=52_7;partial=00;start_type=ATG;rbs_motif=GGAGG;rbs_spacer=5-10bp;gc_cont=0.700
contig00365_1        -            371 23750at72274         -            335   7.8e-41  139.1   0.1   1   2   5.1e-12   6.2e-09   34.3   0.0     5    71     4    70     1   105 0.91 # 14 # 1126 # 1 # ID=365_1;partial=00;start_type=ATG;rbs_motif=GGAG/GAGG;rbs_spacer=5-10bp;gc_cont=0.719
contig00365_1        -            371 23750at72274         -            335   7.8e-41  139.1   0.1   2   2   3.3e-32     4e-29  100.6   0.0    80   328   132   368   116   370 0.87 # 14 # 1126 # 1 # ID=365_1;partial=00;start_type=ATG;rbs_motif=GGAG/GAGG;rbs_spacer=5-10bp;gc_cont=0.719
contig00785_2        -            151 23750at72274         -            335   6.2e-30  103.3   0.0   1   1   5.7e-33   6.9e-30  103.1   0.0   188   333     5   150     2   150 0.95 # 1857 # 2309 # -1 # ID=785_2;partial=01;start_type=Edge;rbs_motif=None;rbs_spacer=None;gc_cont=0.675
contig02128_1        -            174 23750at72274         -            335   2.3e-09   35.7   2.9   1   2   2.9e-08   3.5e-05   21.9   0.2    16    70    14    68     3    80 0.89 # 3 # 524 # -1 # ID=2128_1;partial=10;start_type=GTG;rbs_motif=AGGAG;rbs_spacer=5-10bp;gc_cont=0.648
contig02128_1        -            174 23750at72274         -            335   2.3e-09   35.7   2.9   2   2   5.6e-06    0.0067   14.4   0.3     4    56   121   172   118   174 0.87 # 3 # 524 # -1 # ID=2128_1;partial=10;start_type=GTG;rbs_motif=AGGAG;rbs_spacer=5-10bp;gc_cont=0.648
contig01639_2        -            179 23750at72274         -            335   3.7e-07   28.4   0.2   1   1   4.1e-10   4.9e-07   28.0   0.2     6    74     8    76     3    86 0.90 # 810 # 1346 # 1 # ID=1639_2;partial=01;start_type=ATG;rbs_motif=GGAGG;rbs_spacer=5-10bp;gc_cont=0.683
contig02558_1        -            130 23750at72274         -            335     0.022   12.7   0.2   1   1   3.2e-05     0.038   11.9   0.1    23    70    75   122    66   127 0.89 # 1 # 390 # 1 # ID=2558_1;partial=10;start_type=Edge;rbs_motif=None;rbs_spacer=None;gc_cont=0.674
#
# Program:         hmmsearch
# Version:         3.1b2 (February 2015)
# Pipeline mode:   SEARCH
# Query file:      /home/johngn/Microbial-Genomics-Journey-Workshop-2023/Reads_session_3/busco_downloads/lineages/pseudomonadales_odb10/hmms/23750at72274.hmm
# Target file:     /home/johngn/Microbial-Genomics-Journey-Workshop-2023/Reads_session_3/busco_op4/prodigal_output/predicted_genes/predicted.faa
# Option settings: hmmsearch --domtblout /home/johngn/Microbial-Genomics-Journey-Workshop-2023/Reads_session_3/busco_op4/run_pseudomonadales_odb10/hmmer_output/23750at72274.out --cpu 1 /home/johngn/Microbial-Genomics-Journey-Workshop-2023/Reads_session_3/busco_downloads/lineages/pseudomonadales_odb10/hmms/23750at72274.hmm /home/johngn/Microbial-Genomics-Journey-Workshop-2023/Reads_session_3/busco_op4/prodigal_output/predicted_genes/predicted.faa 
# Current dir:     /home/johngn/Microbial-Genomics-Journey-Workshop-2023/Reads_session_3
# Date:            Wed Mar  8 17:01:16 2023
# [ok]
