#                                                                            --- full sequence --- -------------- this domain -------------   hmm coord   ali coord   env coord
# target name        accession   tlen query name           accession   qlen   E-value  score  bias   #  of  c-Evalue  i-Evalue  score  bias  from    to  from    to  from    to  acc description of target
#------------------- ---------- ----- -------------------- ---------- ----- --------- ------ ----- --- --- --------- --------- ------ ----- ----- ----- ----- ----- ----- ----- ---- ---------------------
contig00118_3        -            449 23903at72274         -            341  1.2e-150  500.3   4.6   1   2  6.5e-142  9.1e-139  461.1   2.4     1   320    10   391    10   404 0.90 # 2314 # 3660 # -1 # ID=118_3;partial=00;start_type=ATG;rbs_motif=AGGA;rbs_spacer=5-10bp;gc_cont=0.674
contig00118_3        -            449 23903at72274         -            341  1.2e-150  500.3   4.6   2   2   1.2e-11   1.6e-08   32.9   0.0   310   341   407   438   398   438 0.90 # 2314 # 3660 # -1 # ID=118_3;partial=00;start_type=ATG;rbs_motif=AGGA;rbs_spacer=5-10bp;gc_cont=0.674
contig00871_1        -            447 23903at72274         -            341   3.7e-12   44.8   0.0   1   2   2.8e-10     4e-07   28.3   0.1    42   160    41   163    32   182 0.83 # 1 # 1341 # 1 # ID=871_1;partial=10;start_type=Edge;rbs_motif=None;rbs_spacer=None;gc_cont=0.673
contig00871_1        -            447 23903at72274         -            341   3.7e-12   44.8   0.0   2   2   4.8e-06    0.0068   14.4   0.0   194   252   234   292   215   302 0.85 # 1 # 1341 # 1 # ID=871_1;partial=10;start_type=Edge;rbs_motif=None;rbs_spacer=None;gc_cont=0.673
contig00118_5        -            208 23903at72274         -            341   5.8e-11   40.9   1.1   1   1   5.4e-14   7.6e-11   40.5   1.1   205   303    28   130    15   152 0.87 # 4756 # 5379 # -1 # ID=118_5;partial=01;start_type=Edge;rbs_motif=None;rbs_spacer=None;gc_cont=0.681
contig01736_2        -            381 23903at72274         -            341   5.2e-10   37.8   0.5   1   3   8.5e-05      0.12   10.3   0.2    83   119   103   139    97   147 0.91 # 129 # 1271 # 1 # ID=1736_2;partial=01;start_type=ATG;rbs_motif=AGGAG;rbs_spacer=5-10bp;gc_cont=0.703
contig01736_2        -            381 23903at72274         -            341   5.2e-10   37.8   0.5   2   3   3.2e-08   4.5e-05   21.5   0.0   128   206   171   258   158   292 0.84 # 129 # 1271 # 1 # ID=1736_2;partial=01;start_type=ATG;rbs_motif=AGGAG;rbs_spacer=5-10bp;gc_cont=0.703
contig01736_2        -            381 23903at72274         -            341   5.2e-10   37.8   0.5   3   3     0.021        29    2.4   0.0   211   251   292   332   284   336 0.86 # 129 # 1271 # 1 # ID=1736_2;partial=01;start_type=ATG;rbs_motif=AGGAG;rbs_spacer=5-10bp;gc_cont=0.703
contig01726_1        -            249 23903at72274         -            341   7.2e-05   20.9   0.0   1   1   6.8e-08   9.6e-05   20.4   0.0   207   281    69   150    48   163 0.78 # 1 # 747 # 1 # ID=1726_1;partial=10;start_type=Edge;rbs_motif=None;rbs_spacer=None;gc_cont=0.708
contig00500_1        -            188 23903at72274         -            341     0.079   10.9   0.0   1   1     7e-05     0.099   10.5   0.0    43   110    63   132    50   160 0.83 # 3 # 566 # -1 # ID=500_1;partial=10;start_type=ATG;rbs_motif=AGGAG;rbs_spacer=5-10bp;gc_cont=0.674
#
# Program:         hmmsearch
# Version:         3.1b2 (February 2015)
# Pipeline mode:   SEARCH
# Query file:      /home/johngn/Microbial-Genomics-Journey-Workshop-2023/Reads_session_3/busco_downloads/lineages/pseudomonadales_odb10/hmms/23903at72274.hmm
# Target file:     /home/johngn/Microbial-Genomics-Journey-Workshop-2023/Reads_session_3/busco_op4/prodigal_output/predicted_genes/predicted.faa
# Option settings: hmmsearch --domtblout /home/johngn/Microbial-Genomics-Journey-Workshop-2023/Reads_session_3/busco_op4/run_pseudomonadales_odb10/hmmer_output/23903at72274.out --cpu 1 /home/johngn/Microbial-Genomics-Journey-Workshop-2023/Reads_session_3/busco_downloads/lineages/pseudomonadales_odb10/hmms/23903at72274.hmm /home/johngn/Microbial-Genomics-Journey-Workshop-2023/Reads_session_3/busco_op4/prodigal_output/predicted_genes/predicted.faa 
# Current dir:     /home/johngn/Microbial-Genomics-Journey-Workshop-2023/Reads_session_3
# Date:            Wed Mar  8 17:01:16 2023
# [ok]
