#                                                                            --- full sequence --- -------------- this domain -------------   hmm coord   ali coord   env coord
# target name        accession   tlen query name           accession   qlen   E-value  score  bias   #  of  c-Evalue  i-Evalue  score  bias  from    to  from    to  from    to  acc description of target
#------------------- ---------- ----- -------------------- ---------- ----- --------- ------ ----- --- --- --------- --------- ------ ----- ----- ----- ----- ----- ----- ----- ---- ---------------------
contig02301_1        -            224 24002at72274         -            320   4.4e-56  189.5  14.4   1   2   1.2e-55   1.5e-52  177.9   9.7     1   148    31   192    31   194 0.89 # 2 # 673 # -1 # ID=2301_1;partial=10;start_type=GTG;rbs_motif=GGA/GAG/AGG;rbs_spacer=11-12bp;gc_cont=0.653
contig02301_1        -            224 24002at72274         -            320   4.4e-56  189.5  14.4   2   2   6.3e-06    0.0076   14.5   0.1   200   227   195   222   192   224 0.89 # 2 # 673 # -1 # ID=2301_1;partial=10;start_type=GTG;rbs_motif=GGA/GAG/AGG;rbs_spacer=11-12bp;gc_cont=0.653
contig02808_2        -             80 24002at72274         -            320   1.7e-31  108.7   0.3   1   1   1.6e-34   1.9e-31  108.5   0.3   249   320     1    78     1    78 0.91 # 463 # 702 # -1 # ID=2808_2;partial=01;start_type=Edge;rbs_motif=None;rbs_spacer=None;gc_cont=0.637
contig02256_1        -            319 24002at72274         -            320   7.3e-23   80.3   0.0   1   1   1.1e-25   1.3e-22   79.5   0.0   186   284    54   156    24   191 0.88 # 1 # 957 # 1 # ID=2256_1;partial=11;start_type=Edge;rbs_motif=None;rbs_spacer=None;gc_cont=0.637
contig01615_2        -             93 24002at72274         -            320   2.9e-16   58.6   0.0   1   1     3e-19   3.6e-16   58.3   0.0   192   280     6    88     3    91 0.92 # 240 # 518 # 1 # ID=1615_2;partial=00;start_type=ATG;rbs_motif=GGA/GAG/AGG;rbs_spacer=5-10bp;gc_cont=0.652
contig02981_1        -             94 24002at72274         -            320   2.7e-15   55.4   0.0   1   1   2.6e-18   3.1e-15   55.2   0.0   192   284     6    92     2    93 0.91 # 41 # 322 # -1 # ID=2981_1;partial=00;start_type=ATG;rbs_motif=AGGAG;rbs_spacer=5-10bp;gc_cont=0.677
contig00486_4        -            315 24002at72274         -            320   3.4e-14   51.8   0.0   1   1   4.5e-17   5.4e-14   51.2   0.0   202   309   176   291   140   302 0.78 # 1622 # 2566 # -1 # ID=486_4;partial=00;start_type=ATG;rbs_motif=GGAG/GAGG;rbs_spacer=5-10bp;gc_cont=0.703
contig00076_5        -            273 24002at72274         -            320   2.3e-12   45.8   0.0   1   2      0.78   9.4e+02   -2.2   0.0    36    56    50    70    39    76 0.83 # 4096 # 4914 # -1 # ID=76_5;partial=00;start_type=ATG;rbs_motif=GGAG/GAGG;rbs_spacer=5-10bp;gc_cont=0.698
contig00076_5        -            273 24002at72274         -            320   2.3e-12   45.8   0.0   2   2   7.7e-15   9.3e-12   43.8   0.0   191   284   119   218   117   259 0.79 # 4096 # 4914 # -1 # ID=76_5;partial=00;start_type=ATG;rbs_motif=GGAG/GAGG;rbs_spacer=5-10bp;gc_cont=0.698
#
# Program:         hmmsearch
# Version:         3.1b2 (February 2015)
# Pipeline mode:   SEARCH
# Query file:      /home/johngn/Microbial-Genomics-Journey-Workshop-2023/Reads_session_3/busco_downloads/lineages/pseudomonadales_odb10/hmms/24002at72274.hmm
# Target file:     /home/johngn/Microbial-Genomics-Journey-Workshop-2023/Reads_session_3/busco_op4/prodigal_output/predicted_genes/predicted.faa
# Option settings: hmmsearch --domtblout /home/johngn/Microbial-Genomics-Journey-Workshop-2023/Reads_session_3/busco_op4/run_pseudomonadales_odb10/hmmer_output/24002at72274.out --cpu 1 /home/johngn/Microbial-Genomics-Journey-Workshop-2023/Reads_session_3/busco_downloads/lineages/pseudomonadales_odb10/hmms/24002at72274.hmm /home/johngn/Microbial-Genomics-Journey-Workshop-2023/Reads_session_3/busco_op4/prodigal_output/predicted_genes/predicted.faa 
# Current dir:     /home/johngn/Microbial-Genomics-Journey-Workshop-2023/Reads_session_3
# Date:            Wed Mar  8 17:01:16 2023
# [ok]
