#                                                                            --- full sequence --- -------------- this domain -------------   hmm coord   ali coord   env coord
# target name        accession   tlen query name           accession   qlen   E-value  score  bias   #  of  c-Evalue  i-Evalue  score  bias  from    to  from    to  from    to  acc description of target
#------------------- ---------- ----- -------------------- ---------- ----- --------- ------ ----- --- --- --------- --------- ------ ----- ----- ----- ----- ----- ----- ----- ---- ---------------------
contig00656_1        -            407 24142at72274         -            359  8.8e-184  609.5   0.2   1   1  9.1e-187  1.3e-183  608.9   0.2     1   358     1   405     1   406 0.89 # 127 # 1347 # -1 # ID=656_1;partial=00;start_type=ATG;rbs_motif=GGAGG;rbs_spacer=5-10bp;gc_cont=0.653
contig00142_1        -            189 24142at72274         -            359   8.6e-13   46.9   0.6   1   1     1e-14   1.4e-11   42.9   0.6   158   246     5   109     3   151 0.75 # 2 # 568 # -1 # ID=142_1;partial=10;start_type=ATG;rbs_motif=GGAG/GAGG;rbs_spacer=5-10bp;gc_cont=0.635
contig00136_1        -            357 24142at72274         -            359   4.9e-08   31.3   0.0   1   1   4.8e-11   6.8e-08   30.8   0.0   157   282   123   248   106   270 0.89 # 1 # 1071 # 1 # ID=136_1;partial=10;start_type=Edge;rbs_motif=None;rbs_spacer=None;gc_cont=0.671
contig00375_1        -             81 24142at72274         -            359    0.0028   15.6   0.0   1   1   2.3e-06    0.0032   15.5   0.0   158   214     6    61     2    73 0.87 # 2 # 244 # -1 # ID=375_1;partial=10;start_type=ATG;rbs_motif=GGA/GAG/AGG;rbs_spacer=5-10bp;gc_cont=0.679
contig01645_3        -            129 24142at72274         -            359     0.032   12.2   0.0   1   1   2.6e-05     0.036   12.0   0.0   158   216    17    75    14   126 0.77 # 949 # 1335 # 1 # ID=1645_3;partial=01;start_type=ATG;rbs_motif=GGAG/GAGG;rbs_spacer=5-10bp;gc_cont=0.651
contig00469_3        -            148 24142at72274         -            359     0.046   11.7   3.1   1   2      0.67   9.4e+02   -2.5   0.0   238   272     9    43     4    60 0.59 # 1342 # 1785 # -1 # ID=469_3;partial=00;start_type=ATG;rbs_motif=AGGA/GGAG/GAGG;rbs_spacer=11-12bp;gc_cont=0.680
contig00469_3        -            148 24142at72274         -            359     0.046   11.7   3.1   2   2   3.2e-05     0.045   11.7   2.4   260   335    68   143    53   147 0.81 # 1342 # 1785 # -1 # ID=469_3;partial=00;start_type=ATG;rbs_motif=AGGA/GGAG/GAGG;rbs_spacer=11-12bp;gc_cont=0.680
#
# Program:         hmmsearch
# Version:         3.1b2 (February 2015)
# Pipeline mode:   SEARCH
# Query file:      /home/johngn/Microbial-Genomics-Journey-Workshop-2023/Reads_session_3/busco_downloads/lineages/pseudomonadales_odb10/hmms/24142at72274.hmm
# Target file:     /home/johngn/Microbial-Genomics-Journey-Workshop-2023/Reads_session_3/busco_op4/prodigal_output/predicted_genes/predicted.faa
# Option settings: hmmsearch --domtblout /home/johngn/Microbial-Genomics-Journey-Workshop-2023/Reads_session_3/busco_op4/run_pseudomonadales_odb10/hmmer_output/24142at72274.out --cpu 1 /home/johngn/Microbial-Genomics-Journey-Workshop-2023/Reads_session_3/busco_downloads/lineages/pseudomonadales_odb10/hmms/24142at72274.hmm /home/johngn/Microbial-Genomics-Journey-Workshop-2023/Reads_session_3/busco_op4/prodigal_output/predicted_genes/predicted.faa 
# Current dir:     /home/johngn/Microbial-Genomics-Journey-Workshop-2023/Reads_session_3
# Date:            Wed Mar  8 17:01:16 2023
# [ok]
