#                                                                            --- full sequence --- -------------- this domain -------------   hmm coord   ali coord   env coord
# target name        accession   tlen query name           accession   qlen   E-value  score  bias   #  of  c-Evalue  i-Evalue  score  bias  from    to  from    to  from    to  acc description of target
#------------------- ---------- ----- -------------------- ---------- ----- --------- ------ ----- --- --- --------- --------- ------ ----- ----- ----- ----- ----- ----- ----- ---- ---------------------
contig00144_4        -            381 24560at72274         -            276  7.7e-114  378.6   0.0   1   2  2.3e-107  1.7e-104  347.9   0.0     1   243     1   276     1   283 0.90 # 2952 # 4094 # -1 # ID=144_4;partial=00;start_type=ATG;rbs_motif=GGAGG;rbs_spacer=5-10bp;gc_cont=0.729
contig00144_4        -            381 24560at72274         -            276  7.7e-114  378.6   0.0   2   2   6.7e-10   5.1e-07   28.2   0.1   240   276   311   354   303   354 0.86 # 2952 # 4094 # -1 # ID=144_4;partial=00;start_type=ATG;rbs_motif=GGAGG;rbs_spacer=5-10bp;gc_cont=0.729
contig00145_2        -            324 24560at72274         -            276   4.5e-19   67.8   0.0   1   2    0.0001      0.08   11.2   0.1    56   103    72   119    52   122 0.86 # 3242 # 4213 # 1 # ID=145_2;partial=00;start_type=ATG;rbs_motif=AGGA;rbs_spacer=5-10bp;gc_cont=0.704
contig00145_2        -            324 24560at72274         -            276   4.5e-19   67.8   0.0   2   2   6.9e-18   5.3e-15   54.4   0.0    92   232   143   299   126   309 0.75 # 3242 # 4213 # 1 # ID=145_2;partial=00;start_type=ATG;rbs_motif=AGGA;rbs_spacer=5-10bp;gc_cont=0.704
contig01189_2        -            326 24560at72274         -            276   7.3e-19   67.1   0.0   1   2   0.00036      0.27    9.4   0.0    53    94    65   106    49   122 0.84 # 656 # 1633 # 1 # ID=1189_2;partial=00;start_type=ATG;rbs_motif=GGA/GAG/AGG;rbs_spacer=5-10bp;gc_cont=0.682
contig01189_2        -            326 24560at72274         -            276   7.3e-19   67.1   0.0   2   2   4.4e-18   3.4e-15   55.1   0.0   102   230   146   293   124   306 0.78 # 656 # 1633 # 1 # ID=1189_2;partial=00;start_type=ATG;rbs_motif=GGA/GAG/AGG;rbs_spacer=5-10bp;gc_cont=0.682
contig02828_1        -            229 24560at72274         -            276   4.5e-13   48.1   0.0   1   1   9.6e-16   7.3e-13   47.4   0.0   134   230    13   121     6   133 0.78 # 3 # 689 # 1 # ID=2828_1;partial=11;start_type=Edge;rbs_motif=None;rbs_spacer=None;gc_cont=0.643
contig02145_2        -            168 24560at72274         -            276   6.3e-10   37.8   0.4   1   2   1.6e-11   1.2e-08   33.6   0.0    26   105    43   126    23   129 0.81 # 509 # 1012 # 1 # ID=2145_2;partial=01;start_type=ATG;rbs_motif=GGA/GAG/AGG;rbs_spacer=5-10bp;gc_cont=0.619
contig02145_2        -            168 24560at72274         -            276   6.3e-10   37.8   0.4   2   2     0.043        33    2.6   0.1   102   116   152   166   143   168 0.88 # 509 # 1012 # 1 # ID=2145_2;partial=01;start_type=ATG;rbs_motif=GGA/GAG/AGG;rbs_spacer=5-10bp;gc_cont=0.619
contig02706_2        -            109 24560at72274         -            276   2.1e-08   32.8   0.0   1   1   3.1e-11   2.4e-08   32.6   0.0   169   228     2    71     1    87 0.76 # 426 # 752 # -1 # ID=2706_2;partial=01;start_type=Edge;rbs_motif=None;rbs_spacer=None;gc_cont=0.722
contig02201_1        -            274 24560at72274         -            276     9e-08   30.7   0.0   1   2       2.9   2.2e+03   -3.4   0.0    80   108    86   114    82   123 0.71 # 1 # 822 # -1 # ID=2201_1;partial=10;start_type=ATG;rbs_motif=None;rbs_spacer=None;gc_cont=0.680
contig02201_1        -            274 24560at72274         -            276     9e-08   30.7   0.0   2   2   2.5e-10   1.9e-07   29.6   0.0   103   209   136   259   130   271 0.68 # 1 # 822 # -1 # ID=2201_1;partial=10;start_type=ATG;rbs_motif=None;rbs_spacer=None;gc_cont=0.680
contig00079_1        -            212 24560at72274         -            276   6.4e-07   27.9   0.0   1   2   7.4e-05     0.056   11.7   0.0    53   107    64   118    45   141 0.85 # 2 # 637 # -1 # ID=79_1;partial=10;start_type=ATG;rbs_motif=GGAG/GAGG;rbs_spacer=5-10bp;gc_cont=0.698
contig00079_1        -            212 24560at72274         -            276   6.4e-07   27.9   0.0   2   2   1.1e-05    0.0087   14.4   0.0   100   156   143   211   123   212 0.73 # 2 # 637 # -1 # ID=79_1;partial=10;start_type=ATG;rbs_motif=GGAG/GAGG;rbs_spacer=5-10bp;gc_cont=0.698
contig00996_2        -            175 24560at72274         -            276   8.4e-07   27.5   0.0   1   2   0.00028      0.21    9.8   0.0    48   103    62   117    56   121 0.90 # 1451 # 1975 # 1 # ID=996_2;partial=01;start_type=ATG;rbs_motif=None;rbs_spacer=None;gc_cont=0.690
contig00996_2        -            175 24560at72274         -            276   8.4e-07   27.5   0.0   2   2   4.1e-06    0.0031   15.8   0.0   103   132   146   175   137   175 0.94 # 1451 # 1975 # 1 # ID=996_2;partial=01;start_type=ATG;rbs_motif=None;rbs_spacer=None;gc_cont=0.690
contig00337_4        -             52 24560at72274         -            276     0.011   14.1   0.0   1   1   1.5e-05     0.012   14.0   0.0   102   139     7    44     4    51 0.90 # 3370 # 3525 # 1 # ID=337_4;partial=01;start_type=ATG;rbs_motif=AGGA/GGAG/GAGG;rbs_spacer=11-12bp;gc_cont=0.667
contig01278_1        -            333 24560at72274         -            276     0.014   13.7   0.0   1   1   2.7e-05     0.021   13.1   0.0   106   150    17    61    11    82 0.93 # 3 # 1001 # -1 # ID=1278_1;partial=10;start_type=ATG;rbs_motif=GGAG/GAGG;rbs_spacer=5-10bp;gc_cont=0.687
#
# Program:         hmmsearch
# Version:         3.1b2 (February 2015)
# Pipeline mode:   SEARCH
# Query file:      /home/johngn/Microbial-Genomics-Journey-Workshop-2023/Reads_session_3/busco_downloads/lineages/pseudomonadales_odb10/hmms/24560at72274.hmm
# Target file:     /home/johngn/Microbial-Genomics-Journey-Workshop-2023/Reads_session_3/busco_op4/prodigal_output/predicted_genes/predicted.faa
# Option settings: hmmsearch --domtblout /home/johngn/Microbial-Genomics-Journey-Workshop-2023/Reads_session_3/busco_op4/run_pseudomonadales_odb10/hmmer_output/24560at72274.out --cpu 1 /home/johngn/Microbial-Genomics-Journey-Workshop-2023/Reads_session_3/busco_downloads/lineages/pseudomonadales_odb10/hmms/24560at72274.hmm /home/johngn/Microbial-Genomics-Journey-Workshop-2023/Reads_session_3/busco_op4/prodigal_output/predicted_genes/predicted.faa 
# Current dir:     /home/johngn/Microbial-Genomics-Journey-Workshop-2023/Reads_session_3
# Date:            Wed Mar  8 17:01:16 2023
# [ok]
