#                                                                            --- full sequence --- -------------- this domain -------------   hmm coord   ali coord   env coord
# target name        accession   tlen query name           accession   qlen   E-value  score  bias   #  of  c-Evalue  i-Evalue  score  bias  from    to  from    to  from    to  acc description of target
#------------------- ---------- ----- -------------------- ---------- ----- --------- ------ ----- --- --- --------- --------- ------ ----- ----- ----- ----- ----- ----- ----- ---- ---------------------
contig01719_1        -            427 2487at72274          -            670  3.2e-190  632.4   3.7   1   1  3.7e-192  1.3e-189  630.4   3.7    21   390     1   427     1   427 0.93 # 2 # 1282 # 1 # ID=1719_1;partial=11;start_type=Edge;rbs_motif=None;rbs_spacer=None;gc_cont=0.651
contig00686_1        -            805 2487at72274          -            670  5.2e-144  479.7   0.0   1   2   1.6e-83   5.7e-81  271.4   0.0   112   372    62   340    22   363 0.87 # 1 # 2415 # 1 # ID=686_1;partial=10;start_type=Edge;rbs_motif=None;rbs_spacer=None;gc_cont=0.689
contig00686_1        -            805 2487at72274          -            670  5.2e-144  479.7   0.0   2   2   8.3e-64   2.9e-61  206.2   0.0   371   659   477   777   469   785 0.87 # 1 # 2415 # 1 # ID=686_1;partial=10;start_type=Edge;rbs_motif=None;rbs_spacer=None;gc_cont=0.689
contig00505_1        -            620 2487at72274          -            670  7.6e-103  343.7   3.8   1   2   6.2e-95   2.2e-92  309.1   0.6    10   370   101   489    92   511 0.82 # 3 # 1862 # -1 # ID=505_1;partial=10;start_type=ATG;rbs_motif=AGGAG;rbs_spacer=5-10bp;gc_cont=0.683
contig00505_1        -            620 2487at72274          -            670  7.6e-103  343.7   3.8   2   2   3.7e-12   1.3e-09   35.6   0.1   370   429   559   618   547   620 0.91 # 3 # 1862 # -1 # ID=505_1;partial=10;start_type=ATG;rbs_motif=AGGAG;rbs_spacer=5-10bp;gc_cont=0.683
contig01841_1        -            394 2487at72274          -            670   8.1e-69  231.2   0.1   1   2   3.6e-13   1.3e-10   38.9   0.0   313   373     4    65     2    98 0.88 # 3 # 1184 # 1 # ID=1841_1;partial=11;start_type=Edge;rbs_motif=None;rbs_spacer=None;gc_cont=0.699
contig01841_1        -            394 2487at72274          -            670   8.1e-69  231.2   0.1   2   2   5.7e-59     2e-56  190.3   0.0   370   556   191   380   185   385 0.96 # 3 # 1184 # 1 # ID=1841_1;partial=11;start_type=Edge;rbs_motif=None;rbs_spacer=None;gc_cont=0.699
contig00481_1        -            448 2487at72274          -            670   2.7e-63  212.9   0.0   1   1   9.6e-66   3.4e-63  212.6   0.0   371   650   116   409   110   425 0.81 # 1 # 1344 # 1 # ID=481_1;partial=10;start_type=Edge;rbs_motif=None;rbs_spacer=None;gc_cont=0.676
contig01079_3        -            295 2487at72274          -            670     6e-62  208.5   0.3   1   1   1.9e-64   6.7e-62  208.3   0.3   460   667    14   232     1   235 0.87 # 989 # 1873 # -1 # ID=1079_3;partial=01;start_type=Edge;rbs_motif=None;rbs_spacer=None;gc_cont=0.673
contig00027_4        -            372 2487at72274          -            670   1.3e-51  174.4   0.0   1   1   8.3e-54   2.9e-51  173.2   0.0   401   659    57   344    51   353 0.85 # 4703 # 5818 # 1 # ID=27_4;partial=00;start_type=ATG;rbs_motif=AGGAG;rbs_spacer=5-10bp;gc_cont=0.686
contig01747_1        -            290 2487at72274          -            670   1.6e-50  170.7   0.3   1   1   5.4e-53   1.9e-50  170.5   0.3    14   256    21   289     6   290 0.79 # 3 # 872 # -1 # ID=1747_1;partial=10;start_type=ATG;rbs_motif=AGGA;rbs_spacer=5-10bp;gc_cont=0.660
contig03064_1        -            190 2487at72274          -            670   1.4e-42  144.5   0.0   1   1   4.7e-45   1.6e-42  144.3   0.0   498   665     1   173     1   177 0.94 # 3 # 572 # 1 # ID=3064_1;partial=10;start_type=Edge;rbs_motif=None;rbs_spacer=None;gc_cont=0.651
contig02727_2        -            104 2487at72274          -            670   8.3e-39  132.0   0.1   1   1   2.7e-41   9.6e-39  131.8   0.1   594   670     6    82     2    82 0.97 # 429 # 740 # -1 # ID=2727_2;partial=01;start_type=Edge;rbs_motif=None;rbs_spacer=None;gc_cont=0.663
contig00911_1        -            241 2487at72274          -            670   2.1e-31  107.5   0.0   1   1   8.8e-34   3.1e-31  107.0   0.0   466   660     1   215     1   224 0.81 # 2 # 724 # 1 # ID=911_1;partial=10;start_type=Edge;rbs_motif=None;rbs_spacer=None;gc_cont=0.671
contig02850_1        -            226 2487at72274          -            670   4.9e-31  106.4   0.1   1   1   1.8e-33   6.3e-31  106.0   0.1   134   246   103   226    95   226 0.88 # 3 # 680 # -1 # ID=2850_1;partial=11;start_type=Edge;rbs_motif=None;rbs_spacer=None;gc_cont=0.690
contig01051_1        -            257 2487at72274          -            670   1.2e-26   91.9   0.0   1   1   9.6e-29   3.4e-26   90.4   0.0    14   205    25   245    10   250 0.78 # 2 # 772 # -1 # ID=1051_1;partial=10;start_type=ATG;rbs_motif=GGAGG;rbs_spacer=5-10bp;gc_cont=0.712
contig03243_1        -            179 2487at72274          -            670   2.5e-20   71.0   0.0   1   1   7.2e-23   2.5e-20   70.9   0.0   369   447   101   179    20   179 0.79 # 2 # 538 # -1 # ID=3243_1;partial=11;start_type=Edge;rbs_motif=None;rbs_spacer=None;gc_cont=0.657
contig02020_2        -            282 2487at72274          -            670   1.1e-08   32.5   0.0   1   1   4.3e-11   1.5e-08   32.1   0.0   437   551    30   160    12   172 0.79 # 232 # 1077 # 1 # ID=2020_2;partial=00;start_type=ATG;rbs_motif=GGAG/GAGG;rbs_spacer=5-10bp;gc_cont=0.624
contig00434_2        -            427 2487at72274          -            670   3.7e-06   24.1   0.2   1   3   3.8e-06    0.0013   15.7   0.0   399   468    73   148    58   157 0.79 # 1148 # 2428 # -1 # ID=434_2;partial=00;start_type=ATG;rbs_motif=GGA/GAG/AGG;rbs_spacer=5-10bp;gc_cont=0.591
contig00434_2        -            427 2487at72274          -            670   3.7e-06   24.1   0.2   2   3   9.1e-06    0.0032   14.4   0.1   176   250   113   190   106   204 0.78 # 1148 # 2428 # -1 # ID=434_2;partial=00;start_type=ATG;rbs_motif=GGA/GAG/AGG;rbs_spacer=5-10bp;gc_cont=0.591
contig00434_2        -            427 2487at72274          -            670   3.7e-06   24.1   0.2   3   3      0.35   1.2e+02   -0.7   0.0   571   646   292   376   272   384 0.67 # 1148 # 2428 # -1 # ID=434_2;partial=00;start_type=ATG;rbs_motif=GGA/GAG/AGG;rbs_spacer=5-10bp;gc_cont=0.591
contig01848_1        -            349 2487at72274          -            670   4.7e-06   23.8   0.0   1   1   1.6e-08   5.5e-06   23.6   0.0   388   448   286   349   227   349 0.85 # 1 # 1047 # -1 # ID=1848_1;partial=10;start_type=ATG;rbs_motif=GGA/GAG/AGG;rbs_spacer=5-10bp;gc_cont=0.710
contig01279_1        -            432 2487at72274          -            670     6e-06   23.5   0.0   1   2   7.9e-08   2.8e-05   21.2   0.0   407   477     2    77     1    83 0.71 # 1 # 1296 # 1 # ID=1279_1;partial=10;start_type=Edge;rbs_motif=None;rbs_spacer=None;gc_cont=0.664
contig01279_1        -            432 2487at72274          -            670     6e-06   23.5   0.0   2   2      0.53   1.9e+02   -1.3   0.0   237   261   232   255   214   267 0.69 # 1 # 1296 # 1 # ID=1279_1;partial=10;start_type=Edge;rbs_motif=None;rbs_spacer=None;gc_cont=0.664
contig00123_1        -            564 2487at72274          -            670   0.00089   16.3   0.0   1   1   4.2e-06    0.0015   15.6   0.0   436   513   143   218   100   233 0.79 # 1 # 1692 # 1 # ID=123_1;partial=10;start_type=Edge;rbs_motif=None;rbs_spacer=None;gc_cont=0.650
contig00569_1        -            203 2487at72274          -            670    0.0057   13.6   0.0   1   2   5.6e-05      0.02   11.8   0.0   434   460    22    48     5    52 0.88 # 2 # 610 # -1 # ID=569_1;partial=10;start_type=ATG;rbs_motif=None;rbs_spacer=None;gc_cont=0.647
contig00569_1        -            203 2487at72274          -            670    0.0057   13.6   0.0   2   2       0.4   1.4e+02   -0.9   0.0   502   526   102   126    78   133 0.74 # 2 # 610 # -1 # ID=569_1;partial=10;start_type=ATG;rbs_motif=None;rbs_spacer=None;gc_cont=0.647
contig00004_39       -             80 2487at72274          -            670     0.022   11.7   0.0   1   1     7e-05     0.024   11.5   0.0   435   464     4    33     2    43 0.87 # 25840 # 26079 # 1 # ID=4_39;partial=00;start_type=ATG;rbs_motif=GGA/GAG/AGG;rbs_spacer=5-10bp;gc_cont=0.600
contig00910_1        -            260 2487at72274          -            670     0.037   10.9   0.0   1   1    0.0005      0.18    8.7   0.0   433   456    47    70    36    92 0.88 # 3 # 782 # -1 # ID=910_1;partial=10;start_type=GTG;rbs_motif=AGGAG/GGAGG;rbs_spacer=11-12bp;gc_cont=0.676
contig00002_15       -            438 2487at72274          -            670     0.051   10.5   0.0   1   1    0.0002     0.071   10.0   0.0   180   251    51   117    45   142 0.80 # 16942 # 18255 # -1 # ID=2_15;partial=00;start_type=TTG;rbs_motif=GGAG/GAGG;rbs_spacer=5-10bp;gc_cont=0.647
contig01324_3        -            324 2487at72274          -            670     0.085    9.7   0.0   1   1   0.00044      0.15    8.9   0.0   437   466     9    38     4    46 0.89 # 555 # 1526 # -1 # ID=1324_3;partial=00;start_type=ATG;rbs_motif=GGA/GAG/AGG;rbs_spacer=5-10bp;gc_cont=0.641
#
# Program:         hmmsearch
# Version:         3.1b2 (February 2015)
# Pipeline mode:   SEARCH
# Query file:      /home/johngn/Microbial-Genomics-Journey-Workshop-2023/Reads_session_3/busco_downloads/lineages/pseudomonadales_odb10/hmms/2487at72274.hmm
# Target file:     /home/johngn/Microbial-Genomics-Journey-Workshop-2023/Reads_session_3/busco_op4/prodigal_output/predicted_genes/predicted.faa
# Option settings: hmmsearch --domtblout /home/johngn/Microbial-Genomics-Journey-Workshop-2023/Reads_session_3/busco_op4/run_pseudomonadales_odb10/hmmer_output/2487at72274.out --cpu 1 /home/johngn/Microbial-Genomics-Journey-Workshop-2023/Reads_session_3/busco_downloads/lineages/pseudomonadales_odb10/hmms/2487at72274.hmm /home/johngn/Microbial-Genomics-Journey-Workshop-2023/Reads_session_3/busco_op4/prodigal_output/predicted_genes/predicted.faa 
# Current dir:     /home/johngn/Microbial-Genomics-Journey-Workshop-2023/Reads_session_3
# Date:            Wed Mar  8 17:01:17 2023
# [ok]
