#                                                                            --- full sequence --- -------------- this domain -------------   hmm coord   ali coord   env coord
# target name        accession   tlen query name           accession   qlen   E-value  score  bias   #  of  c-Evalue  i-Evalue  score  bias  from    to  from    to  from    to  acc description of target
#------------------- ---------- ----- -------------------- ---------- ----- --------- ------ ----- --- --- --------- --------- ------ ----- ----- ----- ----- ----- ----- ----- ---- ---------------------
contig00510_4        -            192 25465at72274         -            262   9.4e-85  283.1   0.1   1   1   1.4e-86   1.2e-84  282.7   0.1     1   171     1   192     1   192 0.92 # 2340 # 2915 # 1 # ID=510_4;partial=01;start_type=ATG;rbs_motif=GGAG/GAGG;rbs_spacer=5-10bp;gc_cont=0.681
contig00202_4        -            298 25465at72274         -            262   4.1e-18   64.7   0.1   1   1   6.4e-20   5.6e-18   64.2   0.1     2   226     1   247     1   285 0.78 # 2149 # 3042 # -1 # ID=202_4;partial=00;start_type=ATG;rbs_motif=GGAGG;rbs_spacer=5-10bp;gc_cont=0.680
contig01114_2        -            302 25465at72274         -            262   5.9e-15   54.3   0.0   1   1   9.8e-17   8.6e-15   53.8   0.0     2   222     1   247     1   260 0.84 # 328 # 1233 # 1 # ID=1114_2;partial=00;start_type=GTG;rbs_motif=GGAGG;rbs_spacer=5-10bp;gc_cont=0.691
contig00680_1        -            150 25465at72274         -            262   3.6e-13   48.5   0.2   1   1   5.4e-15   4.7e-13   48.1   0.2     5   122    11   135     2   140 0.87 # 3 # 452 # -1 # ID=680_1;partial=10;start_type=ATG;rbs_motif=AGGA;rbs_spacer=5-10bp;gc_cont=0.669
contig00242_3        -            296 25465at72274         -            262   3.8e-13   48.4   0.2   1   1   1.8e-14   1.5e-12   46.4   0.2     7   120     8   129     4   254 0.81 # 1942 # 2829 # 1 # ID=242_3;partial=00;start_type=ATG;rbs_motif=GGAG/GAGG;rbs_spacer=5-10bp;gc_cont=0.677
contig00079_6        -            303 25465at72274         -            262   3.8e-13   48.4   0.1   1   1   1.8e-14   1.5e-12   46.4   0.1     2   252    11   284    10   294 0.74 # 5408 # 6316 # 1 # ID=79_6;partial=01;start_type=ATG;rbs_motif=AGGA;rbs_spacer=5-10bp;gc_cont=0.677
contig02610_1        -            250 25465at72274         -            262     8e-13   47.3   0.1   1   1   1.5e-14   1.4e-12   46.6   0.1     3   121    14   140    13   211 0.78 # 3 # 752 # -1 # ID=2610_1;partial=10;start_type=ATG;rbs_motif=AGGAG/GGAGG;rbs_spacer=11-12bp;gc_cont=0.683
contig01929_1        -            193 25465at72274         -            262   2.3e-12   45.9   0.1   1   1   2.7e-14   2.4e-12   45.8   0.1     5   132     5   146     1   187 0.87 # 3 # 581 # -1 # ID=1929_1;partial=10;start_type=ATG;rbs_motif=AGGAG;rbs_spacer=5-10bp;gc_cont=0.691
contig00135_4        -            316 25465at72274         -            262   3.9e-12   45.1   0.1   1   1   8.2e-14   7.2e-12   44.2   0.1     2   232     8   258     7   273 0.76 # 4215 # 5162 # 1 # ID=135_4;partial=01;start_type=ATG;rbs_motif=GGA/GAG/AGG;rbs_spacer=5-10bp;gc_cont=0.664
contig00998_2        -            302 25465at72274         -            262   9.5e-12   43.8   0.1   1   1   1.7e-13   1.5e-11   43.2   0.1     4   157     4   172     1   199 0.81 # 786 # 1691 # -1 # ID=998_2;partial=00;start_type=GTG;rbs_motif=None;rbs_spacer=None;gc_cont=0.687
contig00090_5        -            302 25465at72274         -            262   3.4e-11   42.0   0.0   1   2   4.6e-12   4.1e-10   38.5   0.0     7   119     7   127     1   171 0.89 # 5121 # 6026 # 1 # ID=90_5;partial=01;start_type=ATG;rbs_motif=GGAG/GAGG;rbs_spacer=5-10bp;gc_cont=0.664
contig00090_5        -            302 25465at72274         -            262   3.4e-11   42.0   0.0   2   2      0.77        68    1.7   0.0   205   230   227   252   206   280 0.79 # 5121 # 6026 # 1 # ID=90_5;partial=01;start_type=ATG;rbs_motif=GGAG/GAGG;rbs_spacer=5-10bp;gc_cont=0.664
contig00562_3        -            297 25465at72274         -            262   6.3e-11   41.1   0.0   1   1   9.2e-13     8e-11   40.8   0.0     3   171     4   189     2   253 0.87 # 1875 # 2765 # 1 # ID=562_3;partial=01;start_type=ATG;rbs_motif=GGAG/GAGG;rbs_spacer=5-10bp;gc_cont=0.687
contig01123_1        -            224 25465at72274         -            262   8.8e-11   40.7   0.1   1   1   1.3e-12   1.1e-10   40.3   0.1     2   174    32   223    31   224 0.83 # 3 # 674 # -1 # ID=1123_1;partial=10;start_type=ATG;rbs_motif=GGAG/GAGG;rbs_spacer=5-10bp;gc_cont=0.652
contig02702_1        -            208 25465at72274         -            262   1.1e-10   40.3   0.1   1   1   1.9e-12   1.7e-10   39.7   0.1     1   121     1   130     1   146 0.89 # 132 # 755 # 1 # ID=2702_1;partial=01;start_type=ATG;rbs_motif=GGAG/GAGG;rbs_spacer=5-10bp;gc_cont=0.704
contig00857_1        -            303 25465at72274         -            262   1.2e-10   40.2   0.1   1   2   1.3e-11   1.1e-09   37.0   0.0    12   119    16   129     9   146 0.81 # 23 # 931 # -1 # ID=857_1;partial=00;start_type=ATG;rbs_motif=GGAG/GAGG;rbs_spacer=5-10bp;gc_cont=0.673
contig00857_1        -            303 25465at72274         -            262   1.2e-10   40.2   0.1   2   2       1.5   1.3e+02    0.8   0.0   202   229   221   248   201   268 0.88 # 23 # 931 # -1 # ID=857_1;partial=00;start_type=ATG;rbs_motif=GGAG/GAGG;rbs_spacer=5-10bp;gc_cont=0.673
contig00658_1        -            294 25465at72274         -            262   1.4e-10   40.0   0.1   1   1   2.6e-12   2.3e-10   39.3   0.1     6   122     7   128     2   147 0.88 # 68 # 949 # 1 # ID=658_1;partial=00;start_type=ATG;rbs_motif=None;rbs_spacer=None;gc_cont=0.694
contig00692_2        -            307 25465at72274         -            262   1.4e-10   40.0   0.1   1   1   3.2e-12   2.8e-10   39.0   0.1     3   229     2   249     1   256 0.71 # 690 # 1610 # -1 # ID=692_2;partial=00;start_type=ATG;rbs_motif=GGA/GAG/AGG;rbs_spacer=11-12bp;gc_cont=0.689
contig00092_3        -            303 25465at72274         -            262   1.5e-10   39.9   0.0   1   1   1.1e-11   9.8e-10   37.2   0.0     1   221     1   248     1   254 0.68 # 1241 # 2149 # 1 # ID=92_3;partial=00;start_type=ATG;rbs_motif=GGA/GAG/AGG;rbs_spacer=5-10bp;gc_cont=0.706
contig00725_3        -            297 25465at72274         -            262   7.2e-10   37.7   0.0   1   1     1e-11   9.1e-10   37.3   0.0     4   126     8   135     5   208 0.72 # 1399 # 2289 # -1 # ID=725_3;partial=00;start_type=TTG;rbs_motif=GGAG/GAGG;rbs_spacer=5-10bp;gc_cont=0.704
contig01213_3        -            217 25465at72274         -            262   7.7e-10   37.6   0.0   1   1   1.1e-11   9.5e-10   37.3   0.0     4   121     7   130     4   163 0.83 # 1056 # 1706 # 1 # ID=1213_3;partial=01;start_type=ATG;rbs_motif=GGAG/GAGG;rbs_spacer=5-10bp;gc_cont=0.677
contig01091_1        -            130 25465at72274         -            262   8.7e-10   37.4   0.1   1   1   1.2e-11   1.1e-09   37.1   0.1     2    94     3   102     2   123 0.89 # 1 # 390 # -1 # ID=1091_1;partial=10;start_type=GTG;rbs_motif=AGGA/GGAG/GAGG;rbs_spacer=11-12bp;gc_cont=0.690
contig00092_5        -            312 25465at72274         -            262   1.1e-09   37.1   0.0   1   1   3.9e-11   3.4e-09   35.4   0.0     4   241     6   265     3   279 0.76 # 3572 # 4507 # 1 # ID=92_5;partial=00;start_type=ATG;rbs_motif=GGA/GAG/AGG;rbs_spacer=5-10bp;gc_cont=0.697
contig00254_5        -            298 25465at72274         -            262     2e-09   36.2   0.0   1   1   1.2e-10     1e-08   33.9   0.0     2   236     3   257     2   282 0.68 # 2782 # 3675 # 1 # ID=254_5;partial=00;start_type=ATG;rbs_motif=GGA/GAG/AGG;rbs_spacer=5-10bp;gc_cont=0.709
contig00915_2        -            305 25465at72274         -            262   2.8e-09   35.7   0.0   1   1   3.9e-11   3.4e-09   35.4   0.0     2   120     7   133     6   202 0.85 # 850 # 1764 # 1 # ID=915_2;partial=00;start_type=ATG;rbs_motif=GGAG/GAGG;rbs_spacer=5-10bp;gc_cont=0.716
contig01475_1        -            130 25465at72274         -            262   4.3e-09   35.1   0.0   1   1   5.6e-11   4.9e-09   34.9   0.0     1   122     1   128     1   130 0.89 # 1 # 390 # -1 # ID=1475_1;partial=10;start_type=ATG;rbs_motif=GGAG/GAGG;rbs_spacer=5-10bp;gc_cont=0.690
contig00438_4        -            241 25465at72274         -            262     5e-09   34.9   0.0   1   1   6.1e-11   5.3e-09   34.8   0.0     6   118     9   127     4   193 0.80 # 2365 # 3087 # 1 # ID=438_4;partial=01;start_type=ATG;rbs_motif=None;rbs_spacer=None;gc_cont=0.705
contig00336_4        -            306 25465at72274         -            262   6.8e-09   34.5   0.0   1   1   1.2e-10   1.1e-08   33.8   0.0     2   230     3   251     2   262 0.82 # 2471 # 3388 # 1 # ID=336_4;partial=00;start_type=ATG;rbs_motif=GGA/GAG/AGG;rbs_spacer=5-10bp;gc_cont=0.676
contig00173_3        -            303 25465at72274         -            262   7.8e-09   34.3   0.2   1   2   5.1e-10   4.5e-08   31.8   0.1     8   128     8   135     3   144 0.86 # 1720 # 2628 # 1 # ID=173_3;partial=00;start_type=ATG;rbs_motif=GGA/GAG/AGG;rbs_spacer=5-10bp;gc_cont=0.667
contig00173_3        -            303 25465at72274         -            262   7.8e-09   34.3   0.2   2   2       2.8   2.4e+02   -0.1   0.0   213   235   228   250   218   271 0.84 # 1720 # 2628 # 1 # ID=173_3;partial=00;start_type=ATG;rbs_motif=GGA/GAG/AGG;rbs_spacer=5-10bp;gc_cont=0.667
contig00243_4        -            300 25465at72274         -            262   1.3e-08   33.5   0.0   1   1   2.3e-10     2e-08   32.9   0.0     4   130     5   143     2   175 0.74 # 2998 # 3897 # 1 # ID=243_4;partial=00;start_type=ATG;rbs_motif=GGAG/GAGG;rbs_spacer=5-10bp;gc_cont=0.691
contig01057_1        -            310 25465at72274         -            262   1.4e-08   33.5   0.1   1   1   2.4e-10   2.1e-08   32.9   0.1     6   122    14   134    10   146 0.81 # 2 # 931 # 1 # ID=1057_1;partial=10;start_type=Edge;rbs_motif=None;rbs_spacer=None;gc_cont=0.692
contig00143_1        -            291 25465at72274         -            262     2e-08   32.9   0.2   1   1     4e-10   3.6e-08   32.1   0.2     2    85     1    91     1   258 0.83 # 50 # 922 # 1 # ID=143_1;partial=00;start_type=ATG;rbs_motif=GGAGG;rbs_spacer=3-4bp;gc_cont=0.712
contig01297_1        -            146 25465at72274         -            262   2.3e-08   32.7   0.0   1   1     3e-10   2.7e-08   32.5   0.0     2   117     1   124     1   139 0.88 # 2 # 439 # -1 # ID=1297_1;partial=10;start_type=ATG;rbs_motif=None;rbs_spacer=None;gc_cont=0.671
contig00760_2        -            304 25465at72274         -            262   2.5e-08   32.6   0.4   1   2   3.1e-09   2.7e-07   29.2   0.3     1   124     1   133     1   174 0.85 # 679 # 1590 # 1 # ID=760_2;partial=00;start_type=ATG;rbs_motif=GGA/GAG/AGG;rbs_spacer=5-10bp;gc_cont=0.701
contig00760_2        -            304 25465at72274         -            262   2.5e-08   32.6   0.4   2   2      0.91        80    1.5   0.0   213   228   237   252   225   272 0.81 # 679 # 1590 # 1 # ID=760_2;partial=00;start_type=ATG;rbs_motif=GGA/GAG/AGG;rbs_spacer=5-10bp;gc_cont=0.701
contig00075_6        -            287 25465at72274         -            262   4.1e-08   31.9   0.1   1   1   5.1e-10   4.5e-08   31.8   0.1     3   137     2   141     1   237 0.85 # 4141 # 5001 # -1 # ID=75_6;partial=00;start_type=ATG;rbs_motif=GGA/GAG/AGG;rbs_spacer=5-10bp;gc_cont=0.690
contig01780_2        -            253 25465at72274         -            262   5.5e-08   31.5   0.1   1   1   1.1e-09   9.8e-08   30.7   0.1     8   151     9   166     2   250 0.79 # 474 # 1232 # 1 # ID=1780_2;partial=01;start_type=ATG;rbs_motif=None;rbs_spacer=None;gc_cont=0.659
contig00264_2        -            304 25465at72274         -            262     6e-08   31.4   0.0   1   1   1.2e-09     1e-07   30.6   0.0     3   119     8   132     7   151 0.89 # 531 # 1442 # 1 # ID=264_2;partial=00;start_type=ATG;rbs_motif=AGGAG;rbs_spacer=5-10bp;gc_cont=0.679
contig00033_2        -            304 25465at72274         -            262   6.2e-08   31.3   0.1   1   1   1.3e-09   1.1e-07   30.5   0.1     2   118     3   127     2   146 0.87 # 1976 # 2887 # 1 # ID=33_2;partial=00;start_type=ATG;rbs_motif=None;rbs_spacer=None;gc_cont=0.693
contig01039_3        -            314 25465at72274         -            262   6.8e-08   31.2   0.0   1   1   8.7e-09   7.6e-07   27.7   0.0    15   244    13   265     6   279 0.80 # 982 # 1923 # -1 # ID=1039_3;partial=01;start_type=Edge;rbs_motif=None;rbs_spacer=None;gc_cont=0.706
contig02224_2        -            137 25465at72274         -            262   9.5e-08   30.7   0.0   1   1   1.3e-09   1.1e-07   30.5   0.0     1   109     1   117     1   130 0.74 # 563 # 973 # 1 # ID=2224_2;partial=01;start_type=TTG;rbs_motif=AGGA;rbs_spacer=5-10bp;gc_cont=0.710
contig03078_1        -            140 25465at72274         -            262   1.4e-07   30.2   0.0   1   1   1.9e-09   1.7e-07   29.9   0.0     4    68     2    74     1   101 0.85 # 3 # 422 # -1 # ID=3078_1;partial=10;start_type=ATG;rbs_motif=GGAG/GAGG;rbs_spacer=5-10bp;gc_cont=0.731
contig01120_1        -            311 25465at72274         -            262   1.6e-07   30.0   0.0   1   2   5.1e-09   4.5e-07   28.5   0.0     7   116     7   124     1   138 0.87 # 53 # 985 # 1 # ID=1120_1;partial=00;start_type=ATG;rbs_motif=None;rbs_spacer=None;gc_cont=0.696
contig01120_1        -            311 25465at72274         -            262   1.6e-07   30.0   0.0   2   2       7.7   6.8e+02   -1.6   0.0   212   238   252   278   231   287 0.73 # 53 # 985 # 1 # ID=1120_1;partial=00;start_type=ATG;rbs_motif=None;rbs_spacer=None;gc_cont=0.696
contig03260_1        -            176 25465at72274         -            262   1.8e-07   29.8   0.1   1   1   2.5e-09   2.2e-07   29.5   0.1     6   121    15   138    10   166 0.83 # 1 # 528 # -1 # ID=3260_1;partial=11;start_type=Edge;rbs_motif=None;rbs_spacer=None;gc_cont=0.686
contig02050_2        -            295 25465at72274         -            262   1.9e-07   29.7   0.0   1   1   3.1e-09   2.7e-07   29.2   0.0     4   126     5   136     2   151 0.87 # 98 # 982 # -1 # ID=2050_2;partial=00;start_type=ATG;rbs_motif=GGAG/GAGG;rbs_spacer=5-10bp;gc_cont=0.706
contig01560_1        -            274 25465at72274         -            262   2.2e-07   29.5   0.0   1   1   3.7e-09   3.2e-07   29.0   0.0    42   227    19   215    11   225 0.82 # 1 # 822 # 1 # ID=1560_1;partial=10;start_type=Edge;rbs_motif=None;rbs_spacer=None;gc_cont=0.690
contig00043_5        -            309 25465at72274         -            262   2.6e-07   29.3   0.0   1   1   4.2e-09   3.7e-07   28.8   0.0     4   120    21   143    17   169 0.83 # 3702 # 4628 # -1 # ID=43_5;partial=00;start_type=ATG;rbs_motif=GGA/GAG/AGG;rbs_spacer=5-10bp;gc_cont=0.714
contig01519_1        -            145 25465at72274         -            262   3.1e-07   29.0   0.1   1   1   4.2e-09   3.6e-07   28.8   0.1     2   109    14   129    13   142 0.81 # 3 # 437 # -1 # ID=1519_1;partial=10;start_type=ATG;rbs_motif=GGA/GAG/AGG;rbs_spacer=5-10bp;gc_cont=0.680
contig00167_6        -            176 25465at72274         -            262   3.8e-07   28.8   0.2   1   1   7.9e-09   6.9e-07   27.9   0.2     3   159     4   175     2   176 0.65 # 4268 # 4795 # 1 # ID=167_6;partial=01;start_type=ATG;rbs_motif=GGAG/GAGG;rbs_spacer=5-10bp;gc_cont=0.686
contig02407_2        -            183 25465at72274         -            262   3.9e-07   28.7   0.1   1   1     5e-09   4.4e-07   28.5   0.1     2   112     1   118     1   142 0.81 # 331 # 879 # 1 # ID=2407_2;partial=01;start_type=ATG;rbs_motif=GGA/GAG/AGG;rbs_spacer=5-10bp;gc_cont=0.676
contig01107_3        -            248 25465at72274         -            262   4.3e-07   28.6   0.0   1   1   7.3e-09   6.4e-07   28.0   0.0     1   119     1   127     1   147 0.88 # 1089 # 1832 # 1 # ID=1107_3;partial=01;start_type=ATG;rbs_motif=AGGA;rbs_spacer=5-10bp;gc_cont=0.722
contig01103_2        -            114 25465at72274         -            262   7.7e-07   27.7   0.4   1   1   1.1e-08   9.3e-07   27.5   0.4     4    90     4    98     1   111 0.88 # 1505 # 1846 # 1 # ID=1103_2;partial=01;start_type=ATG;rbs_motif=AGGAG;rbs_spacer=5-10bp;gc_cont=0.667
contig00051_1        -            147 25465at72274         -            262     9e-07   27.5   0.5   1   1   1.2e-08   1.1e-06   27.2   0.5     1   119     1   126     1   138 0.79 # 3 # 443 # -1 # ID=51_1;partial=10;start_type=ATG;rbs_motif=GGAG/GAGG;rbs_spacer=5-10bp;gc_cont=0.687
contig00202_2        -            309 25465at72274         -            262   1.6e-06   26.7   0.0   1   1   2.8e-08   2.5e-06   26.1   0.0     7   118    12   130     5   165 0.86 # 689 # 1615 # 1 # ID=202_2;partial=00;start_type=ATG;rbs_motif=GGA/GAG/AGG;rbs_spacer=5-10bp;gc_cont=0.688
contig01877_1        -            148 25465at72274         -            262     2e-06   26.4   0.0   1   1   2.5e-08   2.2e-06   26.2   0.0   133   240     4   111     1   125 0.88 # 1 # 444 # 1 # ID=1877_1;partial=10;start_type=Edge;rbs_motif=None;rbs_spacer=None;gc_cont=0.700
contig01030_1        -             72 25465at72274         -            262   2.2e-06   26.3   0.7   1   1   2.5e-08   2.2e-06   26.3   0.7     4    55     3    62     1    72 0.76 # 3 # 218 # -1 # ID=1030_1;partial=10;start_type=ATG;rbs_motif=GGA/GAG/AGG;rbs_spacer=5-10bp;gc_cont=0.676
contig00901_1        -             88 25465at72274         -            262   2.9e-06   25.8   0.1   1   1   4.5e-08     4e-06   25.4   0.1     5    65    10    79     7    84 0.77 # 3 # 266 # -1 # ID=901_1;partial=10;start_type=ATG;rbs_motif=GGAG/GAGG;rbs_spacer=5-10bp;gc_cont=0.667
contig01467_3        -             98 25465at72274         -            262   3.2e-06   25.7   0.1   1   1   4.3e-08   3.8e-06   25.5   0.1     2    74    11    91    10    95 0.87 # 1178 # 1471 # 1 # ID=1467_3;partial=01;start_type=ATG;rbs_motif=GGA/GAG/AGG;rbs_spacer=5-10bp;gc_cont=0.673
contig00070_9        -            305 25465at72274         -            262   4.1e-06   25.3   0.0   1   1     7e-08   6.2e-06   24.8   0.0     6   118     8   128     5   140 0.86 # 5432 # 6346 # 1 # ID=70_9;partial=00;start_type=ATG;rbs_motif=None;rbs_spacer=None;gc_cont=0.672
contig00532_1        -            288 25465at72274         -            262   4.6e-06   25.2   0.0   1   1   7.5e-08   6.6e-06   24.7   0.0     4   117     3   123     1   158 0.85 # 70 # 933 # 1 # ID=532_1;partial=00;start_type=ATG;rbs_motif=GGA/GAG/AGG;rbs_spacer=5-10bp;gc_cont=0.679
contig03085_1        -             78 25465at72274         -            262   5.5e-06   24.9   0.0   1   1   7.1e-08   6.3e-06   24.7   0.0     4    68     3    75     1    77 0.84 # 1 # 234 # -1 # ID=3085_1;partial=10;start_type=ATG;rbs_motif=None;rbs_spacer=None;gc_cont=0.645
contig00376_3        -            296 25465at72274         -            262     6e-06   24.8   0.0   1   1   1.1e-07   9.5e-06   24.1   0.0     4   126     8   135     4   136 0.84 # 786 # 1673 # -1 # ID=376_3;partial=00;start_type=ATG;rbs_motif=None;rbs_spacer=None;gc_cont=0.722
contig00308_3        -            303 25465at72274         -            262     6e-06   24.8   0.0   1   1     1e-07   9.1e-06   24.2   0.0     7   117    10   128     6   143 0.87 # 2156 # 3064 # -1 # ID=308_3;partial=00;start_type=ATG;rbs_motif=None;rbs_spacer=None;gc_cont=0.693
contig01717_2        -            297 25465at72274         -            262   6.3e-06   24.7   0.0   1   2   3.9e-07   3.4e-05   22.3   0.0     4   115     5   124     2   136 0.87 # 396 # 1286 # 1 # ID=1717_2;partial=01;start_type=ATG;rbs_motif=GGA/GAG/AGG;rbs_spacer=5-10bp;gc_cont=0.670
contig01717_2        -            297 25465at72274         -            262   6.3e-06   24.7   0.0   2   2       3.5   3.1e+02   -0.5   0.0   198   223   147   172   130   176 0.76 # 396 # 1286 # 1 # ID=1717_2;partial=01;start_type=ATG;rbs_motif=GGA/GAG/AGG;rbs_spacer=5-10bp;gc_cont=0.670
contig00040_7        -            301 25465at72274         -            262     9e-06   24.2   0.1   1   1   1.7e-07   1.5e-05   23.5   0.1     2   126    12   142    11   157 0.81 # 6726 # 7628 # 1 # ID=40_7;partial=00;start_type=ATG;rbs_motif=None;rbs_spacer=None;gc_cont=0.689
contig00524_2        -            311 25465at72274         -            262   1.2e-05   23.8   0.0   1   1   3.8e-07   3.3e-05   22.4   0.0     4   242     3   266     1   281 0.70 # 1022 # 1954 # -1 # ID=524_2;partial=00;start_type=ATG;rbs_motif=GGA/GAG/AGG;rbs_spacer=5-10bp;gc_cont=0.667
contig00072_5        -            312 25465at72274         -            262   3.1e-05   22.5   0.1   1   1   5.1e-07   4.5e-05   21.9   0.1     6   118     7   127     3   145 0.85 # 3342 # 4277 # 1 # ID=72_5;partial=00;start_type=ATG;rbs_motif=GGAG/GAGG;rbs_spacer=5-10bp;gc_cont=0.685
contig02164_1        -            304 25465at72274         -            262   3.2e-05   22.4   0.0   1   2   2.1e-06   0.00018   20.0   0.0    13   221    10   236     2   250 0.72 # 1 # 912 # 1 # ID=2164_1;partial=10;start_type=Edge;rbs_motif=None;rbs_spacer=None;gc_cont=0.726
contig02164_1        -            304 25465at72274         -            262   3.2e-05   22.4   0.0   2   2       2.4   2.1e+02    0.1   0.0   210   225   243   258   240   281 0.81 # 1 # 912 # 1 # ID=2164_1;partial=10;start_type=Edge;rbs_motif=None;rbs_spacer=None;gc_cont=0.726
contig01227_1        -             75 25465at72274         -            262   5.9e-05   21.6   0.1   1   1   7.4e-07   6.5e-05   21.4   0.1     1    65     1    73     1    75 0.86 # 3 # 227 # -1 # ID=1227_1;partial=10;start_type=ATG;rbs_motif=GGAG/GAGG;rbs_spacer=5-10bp;gc_cont=0.720
contig00958_1        -             78 25465at72274         -            262   8.2e-05   21.1   0.1   1   1   9.8e-07   8.6e-05   21.0   0.1     6    70     6    77     1    78 0.88 # 3 # 236 # -1 # ID=958_1;partial=10;start_type=ATG;rbs_motif=AGGA;rbs_spacer=5-10bp;gc_cont=0.662
contig01371_2        -            296 25465at72274         -            262   8.2e-05   21.1   0.0   1   2   0.00071     0.062   11.6   0.0    10    74     5    77     1    92 0.69 # 671 # 1558 # -1 # ID=1371_2;partial=01;start_type=Edge;rbs_motif=None;rbs_spacer=None;gc_cont=0.687
contig01371_2        -            296 25465at72274         -            262   8.2e-05   21.1   0.0   2   2     0.012       1.1    7.6   0.0   124   221   133   237   115   249 0.65 # 671 # 1558 # -1 # ID=1371_2;partial=01;start_type=Edge;rbs_motif=None;rbs_spacer=None;gc_cont=0.687
contig00178_6        -            303 25465at72274         -            262   9.7e-05   20.8   0.3   1   1     2e-06   0.00018   20.0   0.3     3    56     2    55     1    89 0.84 # 3481 # 4389 # 1 # ID=178_6;partial=00;start_type=ATG;rbs_motif=GGA/GAG/AGG;rbs_spacer=5-10bp;gc_cont=0.715
contig02678_2        -            115 25465at72274         -            262   0.00011   20.7   0.0   1   1   1.3e-06   0.00011   20.6   0.0     2    62     7    75     6   103 0.73 # 420 # 764 # 1 # ID=2678_2;partial=01;start_type=ATG;rbs_motif=None;rbs_spacer=None;gc_cont=0.696
contig00778_1        -            260 25465at72274         -            262   0.00013   20.4   0.0   1   1   1.9e-06   0.00017   20.1   0.0    59   225     3   183     1   195 0.79 # 1 # 780 # 1 # ID=778_1;partial=10;start_type=Edge;rbs_motif=None;rbs_spacer=None;gc_cont=0.636
contig01520_2        -            310 25465at72274         -            262   0.00019   19.9   0.1   1   2   6.4e-06   0.00056   18.3   0.1     2   118    10   134     9   143 0.88 # 453 # 1382 # 1 # ID=1520_2;partial=00;start_type=ATG;rbs_motif=None;rbs_spacer=None;gc_cont=0.687
contig01520_2        -            310 25465at72274         -            262   0.00019   19.9   0.1   2   2         8     7e+02   -1.6   0.0    42    65   214   237   204   247 0.84 # 453 # 1382 # 1 # ID=1520_2;partial=00;start_type=ATG;rbs_motif=None;rbs_spacer=None;gc_cont=0.687
contig00040_3        -            301 25465at72274         -            262   0.00023   19.6   0.0   1   1     9e-06   0.00079   17.9   0.0     2   165     8   191     7   202 0.78 # 2311 # 3213 # -1 # ID=40_3;partial=00;start_type=ATG;rbs_motif=GGA/GAG/AGG;rbs_spacer=5-10bp;gc_cont=0.668
contig00838_2        -            304 25465at72274         -            262   0.00028   19.3   0.0   1   1   4.3e-06   0.00037   18.9   0.0     7   120     7   128     1   143 0.88 # 587 # 1498 # -1 # ID=838_2;partial=00;start_type=ATG;rbs_motif=GGAG/GAGG;rbs_spacer=5-10bp;gc_cont=0.698
contig03150_1        -            190 25465at72274         -            262   0.00033   19.1   0.0   1   1   4.6e-06    0.0004   18.8   0.0    40   121    15    98     6   151 0.88 # 1 # 570 # 1 # ID=3150_1;partial=11;start_type=Edge;rbs_motif=None;rbs_spacer=None;gc_cont=0.702
contig02983_1        -            120 25465at72274         -            262   0.00053   18.4   0.0   1   1   6.5e-06   0.00057   18.3   0.0     4    88     6    99     3   120 0.80 # 267 # 626 # 1 # ID=2983_1;partial=01;start_type=GTG;rbs_motif=GGAG/GAGG;rbs_spacer=5-10bp;gc_cont=0.669
contig02621_1        -            261 25465at72274         -            262    0.0011   17.4   0.0   1   1   2.5e-05    0.0022   16.4   0.0    22   174     1   174     1   222 0.74 # 3 # 785 # 1 # ID=2621_1;partial=11;start_type=Edge;rbs_motif=None;rbs_spacer=None;gc_cont=0.725
contig01570_1        -            293 25465at72274         -            262    0.0015   17.0   0.0   1   1   2.4e-05    0.0021   16.5   0.0    22   232     4   233     1   254 0.64 # 1 # 879 # 1 # ID=1570_1;partial=10;start_type=Edge;rbs_motif=None;rbs_spacer=None;gc_cont=0.673
contig02898_1        -            135 25465at72274         -            262    0.0016   16.9   0.2   1   1   2.3e-05     0.002   16.5   0.2     2    81    10    90     9    96 0.87 # 3 # 407 # -1 # ID=2898_1;partial=10;start_type=ATG;rbs_motif=None;rbs_spacer=None;gc_cont=0.701
contig01809_1        -            201 25465at72274         -            262    0.0022   16.4   0.0   1   1   5.4e-05    0.0047   15.3   0.0    99   234     8   156     5   166 0.71 # 1 # 603 # 1 # ID=1809_1;partial=10;start_type=Edge;rbs_motif=None;rbs_spacer=None;gc_cont=0.688
contig01607_2        -            136 25465at72274         -            262    0.0023   16.4   0.0   1   1   3.1e-05    0.0027   16.1   0.0     4    77    15    89    12    96 0.78 # 959 # 1366 # 1 # ID=1607_2;partial=01;start_type=ATG;rbs_motif=GGA/GAG/AGG;rbs_spacer=11-12bp;gc_cont=0.696
contig00057_1        -            305 25465at72274         -            262    0.0024   16.3   0.0   1   1   2.9e-05    0.0026   16.2   0.0     1   119     4   129     4   242 0.84 # 1 # 915 # 1 # ID=57_1;partial=10;start_type=Edge;rbs_motif=None;rbs_spacer=None;gc_cont=0.680
contig00935_3        -            242 25465at72274         -            262    0.0029   16.0   0.1   1   1   4.8e-05    0.0042   15.5   0.1     4    65     8    69     5   105 0.75 # 1340 # 2065 # 1 # ID=935_3;partial=01;start_type=ATG;rbs_motif=AGGAG;rbs_spacer=5-10bp;gc_cont=0.700
contig01453_2        -            256 25465at72274         -            262    0.0034   15.8   0.0   1   1   0.00012     0.011   14.1   0.0    45   134     1    96     1   228 0.77 # 711 # 1478 # -1 # ID=1453_2;partial=01;start_type=Edge;rbs_motif=None;rbs_spacer=None;gc_cont=0.672
contig00199_5        -            297 25465at72274         -            262    0.0069   14.8   0.1   1   2   0.00069     0.061   11.7   0.0    15    91    16   100     5   145 0.77 # 3251 # 4141 # 1 # ID=199_5;partial=00;start_type=ATG;rbs_motif=GGA/GAG/AGG;rbs_spacer=5-10bp;gc_cont=0.707
contig00199_5        -            297 25465at72274         -            262    0.0069   14.8   0.1   2   2       1.6   1.4e+02    0.7   0.0   206   229   227   250   223   256 0.87 # 3251 # 4141 # 1 # ID=199_5;partial=00;start_type=ATG;rbs_motif=GGA/GAG/AGG;rbs_spacer=5-10bp;gc_cont=0.707
contig01959_2        -             81 25465at72274         -            262     0.012   14.0   0.1   1   1   0.00015     0.013   13.9   0.1    10    72    10    80     1    81 0.83 # 867 # 1109 # 1 # ID=1959_2;partial=01;start_type=ATG;rbs_motif=GGAG/GAGG;rbs_spacer=5-10bp;gc_cont=0.708
contig01752_1        -            289 25465at72274         -            262     0.013   13.8   0.1   1   1   0.00021     0.018   13.4   0.1     2    66     5    77     4   108 0.76 # 143 # 1009 # 1 # ID=1752_1;partial=00;start_type=ATG;rbs_motif=AGGA;rbs_spacer=5-10bp;gc_cont=0.732
contig00864_2        -            299 25465at72274         -            262     0.021   13.2   0.2   1   1   0.00035      0.03   12.7   0.2     5   120    15   138    11   156 0.74 # 942 # 1838 # -1 # ID=864_2;partial=00;start_type=ATG;rbs_motif=None;rbs_spacer=None;gc_cont=0.697
contig00421_2        -            299 25465at72274         -            262     0.021   13.2   0.0   1   1   0.00035      0.03   12.7   0.0     2    40     4    42     3    89 0.90 # 825 # 1721 # 1 # ID=421_2;partial=00;start_type=ATG;rbs_motif=None;rbs_spacer=None;gc_cont=0.683
contig02540_2        -            183 25465at72274         -            262     0.024   13.0   0.0   1   1   0.00046      0.04   12.3   0.0   123   163    21    63    14    78 0.84 # 275 # 823 # -1 # ID=2540_2;partial=01;start_type=Edge;rbs_motif=None;rbs_spacer=None;gc_cont=0.705
contig02575_1        -            269 25465at72274         -            262     0.025   12.9   0.0   1   1    0.0012      0.11   10.9   0.0    49   167    35   166     1   182 0.57 # 1 # 807 # -1 # ID=2575_1;partial=11;start_type=Edge;rbs_motif=None;rbs_spacer=None;gc_cont=0.689
contig00429_3        -            311 25465at72274         -            262     0.031   12.6   0.0   1   1   0.00054     0.047   12.0   0.0     4    58     6    59     3    88 0.80 # 1006 # 1938 # 1 # ID=429_3;partial=00;start_type=ATG;rbs_motif=None;rbs_spacer=None;gc_cont=0.657
contig00141_1        -            245 25465at72274         -            262     0.036   12.4   0.0   1   1   0.00073     0.064   11.6   0.0    50   220     5   190     1   210 0.75 # 1 # 735 # 1 # ID=141_1;partial=10;start_type=Edge;rbs_motif=None;rbs_spacer=None;gc_cont=0.597
contig01859_2        -            279 25465at72274         -            262      0.05   12.0   0.1   1   1   0.00078     0.069   11.5   0.1     3    70    11    79     9    93 0.73 # 335 # 1171 # 1 # ID=1859_2;partial=01;start_type=ATG;rbs_motif=AGGA;rbs_spacer=5-10bp;gc_cont=0.682
contig00946_3        -            293 25465at72274         -            262     0.057   11.8   0.0   1   1   0.00075     0.066   11.6   0.0     4   118     1   123     1   202 0.83 # 1174 # 2052 # -1 # ID=946_3;partial=01;start_type=Edge;rbs_motif=None;rbs_spacer=None;gc_cont=0.689
#
# Program:         hmmsearch
# Version:         3.1b2 (February 2015)
# Pipeline mode:   SEARCH
# Query file:      /home/johngn/Microbial-Genomics-Journey-Workshop-2023/Reads_session_3/busco_downloads/lineages/pseudomonadales_odb10/hmms/25465at72274.hmm
# Target file:     /home/johngn/Microbial-Genomics-Journey-Workshop-2023/Reads_session_3/busco_op4/prodigal_output/predicted_genes/predicted.faa
# Option settings: hmmsearch --domtblout /home/johngn/Microbial-Genomics-Journey-Workshop-2023/Reads_session_3/busco_op4/run_pseudomonadales_odb10/hmmer_output/25465at72274.out --cpu 1 /home/johngn/Microbial-Genomics-Journey-Workshop-2023/Reads_session_3/busco_downloads/lineages/pseudomonadales_odb10/hmms/25465at72274.hmm /home/johngn/Microbial-Genomics-Journey-Workshop-2023/Reads_session_3/busco_op4/prodigal_output/predicted_genes/predicted.faa 
# Current dir:     /home/johngn/Microbial-Genomics-Journey-Workshop-2023/Reads_session_3
# Date:            Wed Mar  8 17:01:17 2023
# [ok]
