#                                                                            --- full sequence --- -------------- this domain -------------   hmm coord   ali coord   env coord
# target name        accession   tlen query name           accession   qlen   E-value  score  bias   #  of  c-Evalue  i-Evalue  score  bias  from    to  from    to  from    to  acc description of target
#------------------- ---------- ----- -------------------- ---------- ----- --------- ------ ----- --- --- --------- --------- ------ ----- ----- ----- ----- ----- ----- ----- ---- ---------------------
contig00187_4        -            250 25705at72274         -            341   5.1e-63  212.3   5.6   1   2   2.7e-11   3.9e-09   35.1   0.7     1    48    14    69    14    75 0.89 # 3850 # 4599 # 1 # ID=187_4;partial=01;start_type=ATG;rbs_motif=None;rbs_spacer=None;gc_cont=0.688
contig00187_4        -            250 25705at72274         -            341   5.1e-63  212.3   5.6   2   2   6.9e-55   9.9e-53  178.4   0.4    38   182    80   249    69   250 0.86 # 3850 # 4599 # 1 # ID=187_4;partial=01;start_type=ATG;rbs_motif=None;rbs_spacer=None;gc_cont=0.688
contig00556_2        -            296 25705at72274         -            341   1.6e-46  158.0   0.1   1   1   2.3e-48   3.3e-46  157.0   0.1    90   340    15   290     7   291 0.83 # 1895 # 2782 # -1 # ID=556_2;partial=01;start_type=Edge;rbs_motif=None;rbs_spacer=None;gc_cont=0.681
contig02595_1        -            266 25705at72274         -            341   6.6e-27   93.5   0.5   1   1   6.9e-29   9.8e-27   93.0   0.5   133   332    32   263    25   265 0.74 # 3 # 800 # -1 # ID=2595_1;partial=11;start_type=Edge;rbs_motif=None;rbs_spacer=None;gc_cont=0.660
contig01211_1        -            488 25705at72274         -            341   1.8e-24   85.6   0.3   1   1   5.3e-26   7.6e-24   83.5   0.3    98   304   236   488   215   488 0.71 # 3 # 1466 # -1 # ID=1211_1;partial=10;start_type=ATG;rbs_motif=GGxGG;rbs_spacer=5-10bp;gc_cont=0.689
contig00134_5        -            478 25705at72274         -            341   1.8e-23   82.2   2.9   1   1   3.2e-25   4.6e-23   80.9   2.9    71   340   138   456   127   457 0.74 # 3265 # 4698 # 1 # ID=134_5;partial=00;start_type=ATG;rbs_motif=GGAG/GAGG;rbs_spacer=5-10bp;gc_cont=0.685
contig00373_5        -            370 25705at72274         -            341   1.9e-17   62.4   0.1   1   1   1.9e-19   2.8e-17   61.9   0.1   159   340     5   219     1   220 0.72 # 2303 # 3412 # -1 # ID=373_5;partial=01;start_type=Edge;rbs_motif=None;rbs_spacer=None;gc_cont=0.682
contig02975_1        -            210 25705at72274         -            341   2.2e-17   62.2   1.3   1   1   1.2e-18   1.7e-16   59.3   1.3   152   315    14   209     7   210 0.73 # 3 # 632 # 1 # ID=2975_1;partial=11;start_type=Edge;rbs_motif=None;rbs_spacer=None;gc_cont=0.703
contig00628_2        -            461 25705at72274         -            341   4.1e-17   61.3   0.2   1   1   5.1e-19   7.3e-17   60.5   0.2   106   341   182   459   151   459 0.65 # 488 # 1870 # -1 # ID=628_2;partial=00;start_type=GTG;rbs_motif=GGAGG;rbs_spacer=5-10bp;gc_cont=0.705
contig01074_1        -            489 25705at72274         -            341   6.6e-17   60.7   3.2   1   1   6.6e-19   9.5e-17   60.1   3.2   121   341   168   420   134   420 0.80 # 3 # 1469 # -1 # ID=1074_1;partial=10;start_type=ATG;rbs_motif=GGAG/GAGG;rbs_spacer=5-10bp;gc_cont=0.699
contig02222_1        -            325 25705at72274         -            341   1.7e-15   56.0   1.3   1   1   2.7e-17   3.8e-15   54.8   1.3    94   321    55   309    28   321 0.71 # 2 # 976 # -1 # ID=2222_1;partial=11;start_type=Edge;rbs_motif=None;rbs_spacer=None;gc_cont=0.699
contig02569_1        -            269 25705at72274         -            341   9.5e-15   53.6   0.4   1   1   6.2e-16   8.9e-14   50.4   0.4   127   320    30   250    22   259 0.73 # 2 # 808 # -1 # ID=2569_1;partial=11;start_type=Edge;rbs_motif=None;rbs_spacer=None;gc_cont=0.701
contig00107_4        -            472 25705at72274         -            341   2.2e-14   52.4   2.4   1   1   3.4e-16   4.9e-14   51.2   2.4   129   320   207   428   142   438 0.70 # 1850 # 3265 # -1 # ID=107_4;partial=00;start_type=ATG;rbs_motif=GGAG/GAGG;rbs_spacer=5-10bp;gc_cont=0.700
contig01238_1        -            442 25705at72274         -            341   3.1e-14   51.9   0.2   1   1   9.4e-16   1.3e-13   49.8   0.2   151   341   216   436   208   436 0.79 # 3 # 1328 # 1 # ID=1238_1;partial=10;start_type=Edge;rbs_motif=None;rbs_spacer=None;gc_cont=0.700
contig00474_2        -            541 25705at72274         -            341   4.2e-14   51.4   0.3   1   1   4.5e-16   6.5e-14   50.8   0.3   144   336   168   392    98   397 0.69 # 705 # 2327 # 1 # ID=474_2;partial=00;start_type=ATG;rbs_motif=GGAGG;rbs_spacer=5-10bp;gc_cont=0.688
contig00726_2        -            444 25705at72274         -            341   6.2e-14   50.9   0.1   1   1   2.3e-15   3.3e-13   48.5   0.1   147   319   201   406   194   428 0.71 # 184 # 1515 # 1 # ID=726_2;partial=00;start_type=ATG;rbs_motif=None;rbs_spacer=None;gc_cont=0.676
contig00660_1        -            695 25705at72274         -            341   8.1e-14   50.5   3.7   1   3   0.00079      0.11   10.6   0.4   143   180   188   225   176   240 0.75 # 2 # 2086 # 1 # ID=660_1;partial=10;start_type=Edge;rbs_motif=None;rbs_spacer=None;gc_cont=0.678
contig00660_1        -            695 25705at72274         -            341   8.1e-14   50.5   3.7   2   3   1.3e-12   1.9e-10   39.4   0.2   243   339   310   424   299   426 0.80 # 2 # 2086 # 1 # ID=660_1;partial=10;start_type=Edge;rbs_motif=None;rbs_spacer=None;gc_cont=0.678
contig00660_1        -            695 25705at72274         -            341   8.1e-14   50.5   3.7   3   3       2.7   3.9e+02   -1.1   0.0   167   191   667   689   662   691 0.86 # 2 # 2086 # 1 # ID=660_1;partial=10;start_type=Edge;rbs_motif=None;rbs_spacer=None;gc_cont=0.678
contig01185_1        -            155 25705at72274         -            341     1e-13   50.2   0.3   1   1   8.5e-16   1.2e-13   49.9   0.3   240   341    42   154    30   154 0.86 # 1 # 465 # 1 # ID=1185_1;partial=10;start_type=Edge;rbs_motif=None;rbs_spacer=None;gc_cont=0.669
contig00940_2        -            643 25705at72274         -            341   1.3e-13   49.8   1.0   1   1   3.8e-15   5.5e-13   47.8   1.0    98   341   212   492   159   492 0.70 # 132 # 2060 # 1 # ID=940_2;partial=01;start_type=ATG;rbs_motif=AGGAG;rbs_spacer=5-10bp;gc_cont=0.658
contig00274_1        -            729 25705at72274         -            341   1.4e-13   49.8   0.4   1   1   1.4e-15     2e-13   49.2   0.4   151   322   499   698   490   719 0.71 # 77 # 2263 # -1 # ID=274_1;partial=00;start_type=ATG;rbs_motif=GGA/GAG/AGG;rbs_spacer=5-10bp;gc_cont=0.668
contig01088_1        -            122 25705at72274         -            341   2.3e-13   49.0   0.0   1   1     2e-15   2.9e-13   48.7   0.0   250   340    17   119     8   120 0.79 # 2 # 367 # 1 # ID=1088_1;partial=10;start_type=Edge;rbs_motif=None;rbs_spacer=None;gc_cont=0.675
contig00441_1        -            157 25705at72274         -            341     5e-12   44.6   0.0   1   1   4.1e-14   5.8e-12   44.4   0.0   231   341    26   150    13   150 0.82 # 1 # 471 # 1 # ID=441_1;partial=10;start_type=Edge;rbs_motif=None;rbs_spacer=None;gc_cont=0.711
contig01604_2        -            436 25705at72274         -            341   6.4e-12   44.3   2.3   1   1   9.1e-13   1.3e-10   40.0   2.3   116   321   188   416   152   436 0.68 # 63 # 1370 # 1 # ID=1604_2;partial=01;start_type=ATG;rbs_motif=GGAG/GAGG;rbs_spacer=5-10bp;gc_cont=0.719
contig00151_5        -            446 25705at72274         -            341   7.8e-12   44.0   2.8   1   1   3.1e-13   4.4e-11   41.5   2.8   128   341   202   436   138   436 0.74 # 2660 # 3997 # 1 # ID=151_5;partial=00;start_type=ATG;rbs_motif=GGxGG;rbs_spacer=5-10bp;gc_cont=0.687
contig00426_3        -            330 25705at72274         -            341   3.6e-11   41.8   4.7   1   1   3.8e-12   5.4e-10   37.9   4.7   103   207   165   286    94   296 0.69 # 2174 # 3163 # 1 # ID=426_3;partial=01;start_type=ATG;rbs_motif=GGA/GAG/AGG;rbs_spacer=5-10bp;gc_cont=0.699
contig01372_1        -            403 25705at72274         -            341   3.7e-11   41.8   0.2   1   1   8.9e-13   1.3e-10   40.0   0.2   144   341   168   391   141   391 0.75 # 164 # 1372 # 1 # ID=1372_1;partial=00;start_type=ATG;rbs_motif=GGA/GAG/AGG;rbs_spacer=5-10bp;gc_cont=0.693
contig00199_2        -            434 25705at72274         -            341   1.4e-10   39.9   0.5   1   2    0.0016      0.23    9.6   0.1   149   195   159   204   123   214 0.73 # 466 # 1767 # 1 # ID=199_2;partial=00;start_type=ATG;rbs_motif=GGAG/GAGG;rbs_spacer=5-10bp;gc_cont=0.687
contig00199_2        -            434 25705at72274         -            341   1.4e-10   39.9   0.5   2   2   2.6e-09   3.8e-07   28.6   0.0   237   340   308   422   273   423 0.81 # 466 # 1767 # 1 # ID=199_2;partial=00;start_type=ATG;rbs_motif=GGAG/GAGG;rbs_spacer=5-10bp;gc_cont=0.687
contig00093_5        -            787 25705at72274         -            341   1.5e-10   39.8   9.2   1   2    0.0069      0.99    7.5   0.3   150   174   300   324   256   344 0.68 # 2317 # 4677 # 1 # ID=93_5;partial=00;start_type=ATG;rbs_motif=GGA/GAG/AGG;rbs_spacer=5-10bp;gc_cont=0.671
contig00093_5        -            787 25705at72274         -            341   1.5e-10   39.8   9.2   2   2   3.4e-12   4.9e-10   38.1   0.1   248   341   418   525   400   525 0.80 # 2317 # 4677 # 1 # ID=93_5;partial=00;start_type=ATG;rbs_motif=GGA/GAG/AGG;rbs_spacer=5-10bp;gc_cont=0.671
contig02924_1        -            217 25705at72274         -            341   5.1e-09   34.7   1.8   1   1   6.2e-11   8.8e-09   33.9   1.8   251   332    28   128    24   137 0.71 # 1 # 651 # 1 # ID=2924_1;partial=11;start_type=Edge;rbs_motif=None;rbs_spacer=None;gc_cont=0.711
contig01172_1        -            356 25705at72274         -            341   6.8e-09   34.3   0.4   1   1   1.8e-10   2.6e-08   32.4   0.4    97   265   139   340   122   347 0.65 # 3 # 1070 # -1 # ID=1172_1;partial=10;start_type=ATG;rbs_motif=GGAGG;rbs_spacer=5-10bp;gc_cont=0.667
contig00056_7        -            459 25705at72274         -            341   2.3e-08   32.5   0.2   1   2      0.34        48    1.9   0.1   110   174   142   215   134   236 0.77 # 5703 # 7079 # -1 # ID=56_7;partial=00;start_type=ATG;rbs_motif=GGAGG;rbs_spacer=5-10bp;gc_cont=0.641
contig00056_7        -            459 25705at72274         -            341   2.3e-08   32.5   0.2   2   2   2.6e-09   3.8e-07   28.6   0.0   238   341   331   446   282   446 0.78 # 5703 # 7079 # -1 # ID=56_7;partial=00;start_type=ATG;rbs_motif=GGAGG;rbs_spacer=5-10bp;gc_cont=0.641
contig03030_1        -            202 25705at72274         -            341   5.1e-08   31.4   0.0   1   1   4.4e-10   6.3e-08   31.1   0.0   244   335    58   167    49   175 0.78 # 3 # 608 # -1 # ID=3030_1;partial=11;start_type=Edge;rbs_motif=None;rbs_spacer=None;gc_cont=0.634
contig03191_1        -            185 25705at72274         -            341     6e-08   31.2   4.1   1   1   4.6e-09   6.6e-07   27.8   4.1    97   188    64   173    44   182 0.69 # 2 # 556 # -1 # ID=3191_1;partial=11;start_type=Edge;rbs_motif=None;rbs_spacer=None;gc_cont=0.697
contig00540_1        -            109 25705at72274         -            341   6.6e-08   31.1   0.0   1   1   6.7e-10   9.5e-08   30.5   0.0   250   320     4    83     2   105 0.75 # 1 # 327 # 1 # ID=540_1;partial=10;start_type=Edge;rbs_motif=None;rbs_spacer=None;gc_cont=0.706
contig00086_3        -            423 25705at72274         -            341   2.3e-07   29.3   0.0   1   1     3e-09   4.2e-07   28.4   0.0   160   340   212   416   168   417 0.71 # 1627 # 2895 # 1 # ID=86_3;partial=00;start_type=ATG;rbs_motif=GGA/GAG/AGG;rbs_spacer=5-10bp;gc_cont=0.661
contig00931_3        -             76 25705at72274         -            341   9.6e-07   27.2   0.0   1   1   6.7e-09   9.6e-07   27.2   0.0   279   320     4    47     2    70 0.84 # 1848 # 2075 # -1 # ID=931_3;partial=01;start_type=Edge;rbs_motif=None;rbs_spacer=None;gc_cont=0.693
contig02474_1        -            282 25705at72274         -            341   1.5e-06   26.6   0.1   1   1   1.6e-08   2.2e-06   26.0   0.1   247   332    34   138    19   147 0.71 # 3 # 848 # -1 # ID=2474_1;partial=11;start_type=Edge;rbs_motif=None;rbs_spacer=None;gc_cont=0.700
contig00443_1        -            264 25705at72274         -            341   2.3e-06   26.0   1.0   1   1   2.5e-08   3.6e-06   25.4   1.0   129   179   208   258   156   263 0.89 # 3 # 794 # -1 # ID=443_1;partial=10;start_type=ATG;rbs_motif=None;rbs_spacer=None;gc_cont=0.693
contig01470_1        -            105 25705at72274         -            341   2.7e-06   25.7   0.0   1   1   2.5e-08   3.5e-06   25.4   0.0   277   337    36    95     1    98 0.84 # 2 # 316 # 1 # ID=1470_1;partial=10;start_type=Edge;rbs_motif=None;rbs_spacer=None;gc_cont=0.648
contig02546_1        -            273 25705at72274         -            341   3.4e-06   25.4   1.9   1   1   3.3e-08   4.7e-06   25.0   1.9   123   265   112   273    47   273 0.70 # 2 # 820 # -1 # ID=2546_1;partial=11;start_type=Edge;rbs_motif=None;rbs_spacer=None;gc_cont=0.674
contig00464_4        -            483 25705at72274         -            341   1.4e-05   23.4   0.4   1   1   1.8e-07   2.6e-05   22.5   0.4   244   339    90   203    51   205 0.74 # 1577 # 3025 # -1 # ID=464_4;partial=01;start_type=Edge;rbs_motif=None;rbs_spacer=None;gc_cont=0.650
contig03090_2        -             99 25705at72274         -            341   1.6e-05   23.2   0.0   1   1   1.3e-07   1.8e-05   23.0   0.0   274   339    14    81     6    83 0.84 # 293 # 589 # -1 # ID=3090_2;partial=01;start_type=Edge;rbs_motif=None;rbs_spacer=None;gc_cont=0.684
contig01415_1        -            355 25705at72274         -            341   1.8e-05   23.1   0.1   1   1   1.8e-07   2.5e-05   22.6   0.1   281   341     4    69     2    69 0.87 # 2 # 1066 # 1 # ID=1415_1;partial=10;start_type=Edge;rbs_motif=None;rbs_spacer=None;gc_cont=0.709
contig00850_1        -            168 25705at72274         -            341   4.4e-05   21.8   0.1   1   1   5.2e-07   7.4e-05   21.0   0.0   274   341    90   158    81   158 0.82 # 1 # 504 # 1 # ID=850_1;partial=10;start_type=Edge;rbs_motif=None;rbs_spacer=None;gc_cont=0.694
contig01068_2        -            389 25705at72274         -            341   9.1e-05   20.7   5.6   1   1   2.1e-05     0.003   15.7   5.5   100   266   181   378   169   381 0.64 # 721 # 1887 # 1 # ID=1068_2;partial=01;start_type=ATG;rbs_motif=GGA/GAG/AGG;rbs_spacer=5-10bp;gc_cont=0.692
contig00380_1        -            419 25705at72274         -            341   0.00013   20.2   0.0   1   1   1.4e-06   0.00019   19.7   0.0   133   285   234   403   171   409 0.65 # 2 # 1258 # -1 # ID=380_1;partial=10;start_type=ATG;rbs_motif=GGA/GAG/AGG;rbs_spacer=5-10bp;gc_cont=0.693
contig01135_1        -             92 25705at72274         -            341   0.00018   19.8   0.1   1   1   1.3e-06   0.00018   19.7   0.1   279   338    27    87    10    90 0.83 # 1 # 276 # 1 # ID=1135_1;partial=10;start_type=Edge;rbs_motif=None;rbs_spacer=None;gc_cont=0.696
contig01750_2        -            371 25705at72274         -            341   0.00018   19.7   0.5   1   1   2.4e-06   0.00034   18.9   0.5    97   268   164   361   140   370 0.64 # 147 # 1259 # 1 # ID=1750_2;partial=01;start_type=ATG;rbs_motif=GGAG/GAGG;rbs_spacer=5-10bp;gc_cont=0.674
contig02308_1        -             88 25705at72274         -            341   0.00031   19.0   0.0   1   1   2.2e-06   0.00031   19.0   0.0   275   325    17    64     5    82 0.74 # 1 # 264 # 1 # ID=2308_1;partial=10;start_type=Edge;rbs_motif=None;rbs_spacer=None;gc_cont=0.625
contig00644_2        -            607 25705at72274         -            341    0.0007   17.8   5.0   1   2      0.14        20    3.2   0.4   159   210   248   305   175   367 0.69 # 758 # 2578 # -1 # ID=644_2;partial=01;start_type=Edge;rbs_motif=None;rbs_spacer=None;gc_cont=0.701
contig00644_2        -            607 25705at72274         -            341    0.0007   17.8   5.0   2   2   1.1e-05    0.0015   16.7   0.4   273   341   398   468   392   468 0.85 # 758 # 2578 # -1 # ID=644_2;partial=01;start_type=Edge;rbs_motif=None;rbs_spacer=None;gc_cont=0.701
contig00996_1        -            482 25705at72274         -            341   0.00089   17.5   0.1   1   1     1e-05    0.0014   16.8   0.1   283   340     2    64     1    65 0.86 # 3 # 1448 # 1 # ID=996_1;partial=10;start_type=Edge;rbs_motif=None;rbs_spacer=None;gc_cont=0.686
contig00997_2        -             69 25705at72274         -            341   0.00098   17.3   0.0   1   1   7.2e-06     0.001   17.3   0.0   289   340     3    59     1    60 0.78 # 1768 # 1974 # -1 # ID=997_2;partial=01;start_type=Edge;rbs_motif=None;rbs_spacer=None;gc_cont=0.638
contig02572_1        -            269 25705at72274         -            341    0.0011   17.2   0.3   1   1   1.1e-05    0.0016   16.6   0.3   135   183   132   180    91   241 0.79 # 3 # 809 # -1 # ID=2572_1;partial=11;start_type=Edge;rbs_motif=None;rbs_spacer=None;gc_cont=0.672
contig00397_2        -            699 25705at72274         -            341    0.0032   15.7   7.1   1   4       2.4   3.4e+02   -0.9   0.3    67   122    28    89    17    94 0.74 # 356 # 2452 # 1 # ID=397_2;partial=00;start_type=ATG;rbs_motif=GGA/GAG/AGG;rbs_spacer=11-12bp;gc_cont=0.667
contig00397_2        -            699 25705at72274         -            341    0.0032   15.7   7.1   2   4       0.2        29    2.6   0.4   113   153   197   237   154   244 0.60 # 356 # 2452 # 1 # ID=397_2;partial=00;start_type=ATG;rbs_motif=GGA/GAG/AGG;rbs_spacer=11-12bp;gc_cont=0.667
contig00397_2        -            699 25705at72274         -            341    0.0032   15.7   7.1   3   4       6.5   9.2e+02   -2.3   0.0    27    73   248   294   240   359 0.68 # 356 # 2452 # 1 # ID=397_2;partial=00;start_type=ATG;rbs_motif=GGA/GAG/AGG;rbs_spacer=11-12bp;gc_cont=0.667
contig00397_2        -            699 25705at72274         -            341    0.0032   15.7   7.1   4   4   7.7e-05     0.011   13.9   0.0   277   341   598   665   589   665 0.82 # 356 # 2452 # 1 # ID=397_2;partial=00;start_type=ATG;rbs_motif=GGA/GAG/AGG;rbs_spacer=11-12bp;gc_cont=0.667
contig00450_1        -            411 25705at72274         -            341    0.0043   15.2   0.3   1   1   5.5e-05    0.0079   14.4   0.3   159   233   313   393   289   406 0.75 # 3 # 1235 # -1 # ID=450_1;partial=10;start_type=GTG;rbs_motif=GGA/GAG/AGG;rbs_spacer=5-10bp;gc_cont=0.656
contig02241_1        -            321 25705at72274         -            341    0.0049   15.0   1.9   1   2       3.2   4.6e+02   -1.3   0.1   116   156   178   216   167   223 0.78 # 3 # 965 # -1 # ID=2241_1;partial=11;start_type=Edge;rbs_motif=None;rbs_spacer=None;gc_cont=0.683
contig02241_1        -            321 25705at72274         -            341    0.0049   15.0   1.9   2   2   6.7e-05    0.0096   14.1   1.6   133   188   225   279   194   315 0.69 # 3 # 965 # -1 # ID=2241_1;partial=11;start_type=Edge;rbs_motif=None;rbs_spacer=None;gc_cont=0.683
contig02825_1        -            230 25705at72274         -            341     0.005   15.0   4.7   1   1   4.4e-05    0.0064   14.7   4.7   121   263    63   229    14   230 0.66 # 1 # 690 # 1 # ID=2825_1;partial=11;start_type=Edge;rbs_motif=None;rbs_spacer=None;gc_cont=0.696
contig00388_1        -            426 25705at72274         -            341    0.0077   14.4   0.5   1   2      0.15        22    3.0   0.0   100   133   180   213   137   248 0.82 # 3 # 1280 # -1 # ID=388_1;partial=10;start_type=ATG;rbs_motif=AGxAG;rbs_spacer=5-10bp;gc_cont=0.672
contig00388_1        -            426 25705at72274         -            341    0.0077   14.4   0.5   2   2    0.0019      0.28    9.3   0.1   160   186   380   406   364   424 0.73 # 3 # 1280 # -1 # ID=388_1;partial=10;start_type=ATG;rbs_motif=AGxAG;rbs_spacer=5-10bp;gc_cont=0.672
contig01721_1        -            345 25705at72274         -            341     0.038   12.1   0.5   1   2       3.4   4.9e+02   -1.4   0.1   188   228   142   182   109   199 0.65 # 2 # 1036 # 1 # ID=1721_1;partial=10;start_type=Edge;rbs_motif=None;rbs_spacer=None;gc_cont=0.426
contig01721_1        -            345 25705at72274         -            341     0.038   12.1   0.5   2   2   0.00068     0.098   10.8   0.0   268   331   247   322   223   332 0.71 # 2 # 1036 # 1 # ID=1721_1;partial=10;start_type=Edge;rbs_motif=None;rbs_spacer=None;gc_cont=0.426
contig01082_3        -            342 25705at72274         -            341     0.054   11.6   0.0   1   1   0.00061     0.088   10.9   0.0   128   182   211   265   164   291 0.74 # 844 # 1869 # 1 # ID=1082_3;partial=01;start_type=GTG;rbs_motif=GGA/GAG/AGG;rbs_spacer=5-10bp;gc_cont=0.681
#
# Program:         hmmsearch
# Version:         3.1b2 (February 2015)
# Pipeline mode:   SEARCH
# Query file:      /home/johngn/Microbial-Genomics-Journey-Workshop-2023/Reads_session_3/busco_downloads/lineages/pseudomonadales_odb10/hmms/25705at72274.hmm
# Target file:     /home/johngn/Microbial-Genomics-Journey-Workshop-2023/Reads_session_3/busco_op4/prodigal_output/predicted_genes/predicted.faa
# Option settings: hmmsearch --domtblout /home/johngn/Microbial-Genomics-Journey-Workshop-2023/Reads_session_3/busco_op4/run_pseudomonadales_odb10/hmmer_output/25705at72274.out --cpu 1 /home/johngn/Microbial-Genomics-Journey-Workshop-2023/Reads_session_3/busco_downloads/lineages/pseudomonadales_odb10/hmms/25705at72274.hmm /home/johngn/Microbial-Genomics-Journey-Workshop-2023/Reads_session_3/busco_op4/prodigal_output/predicted_genes/predicted.faa 
# Current dir:     /home/johngn/Microbial-Genomics-Journey-Workshop-2023/Reads_session_3
# Date:            Wed Mar  8 17:01:18 2023
# [ok]
