#                                                                            --- full sequence --- -------------- this domain -------------   hmm coord   ali coord   env coord
# target name        accession   tlen query name           accession   qlen   E-value  score  bias   #  of  c-Evalue  i-Evalue  score  bias  from    to  from    to  from    to  acc description of target
#------------------- ---------- ----- -------------------- ---------- ----- --------- ------ ----- --- --- --------- --------- ------ ----- ----- ----- ----- ----- ----- ----- ---- ---------------------
contig01645_3        -            129 25716at72274         -            262   8.4e-60  201.3   0.2   1   1   1.2e-62   9.3e-60  201.2   0.2     1   110    13   129    13   129 0.95 # 949 # 1335 # 1 # ID=1645_3;partial=01;start_type=ATG;rbs_motif=GGAG/GAGG;rbs_spacer=5-10bp;gc_cont=0.651
contig00325_4        -            371 25716at72274         -            262     3e-06   25.8   0.0   1   1   5.7e-09   4.4e-06   25.2   0.0     5   148    28   186    23   207 0.71 # 1638 # 2750 # 1 # ID=325_4;partial=00;start_type=ATG;rbs_motif=GGAG/GAGG;rbs_spacer=5-10bp;gc_cont=0.490
contig02075_2        -            285 25716at72274         -            262   1.5e-05   23.5   0.0   1   1   2.9e-08   2.2e-05   22.9   0.0     5    58   219   275   214   281 0.83 # 202 # 1056 # 1 # ID=2075_2;partial=01;start_type=ATG;rbs_motif=GGAG/GAGG;rbs_spacer=5-10bp;gc_cont=0.643
contig02441_1        -             29 25716at72274         -            262   2.1e-05   23.0   0.0   1   1   2.8e-08   2.1e-05   23.0   0.0     5    25     5    25     2    29 0.85 # 3 # 89 # -1 # ID=2441_1;partial=10;start_type=ATG;rbs_motif=GGAG/GAGG;rbs_spacer=5-10bp;gc_cont=0.621
contig00209_3        -            216 25716at72274         -            262   0.00036   19.0   0.0   1   1   7.4e-07   0.00057   18.3   0.0     5   117    34   155    31   178 0.70 # 946 # 1593 # 1 # ID=209_3;partial=00;start_type=ATG;rbs_motif=GGA/GAG/AGG;rbs_spacer=5-10bp;gc_cont=0.654
contig00136_1        -            357 25716at72274         -            262    0.0009   17.7   0.0   1   1   1.8e-06    0.0014   17.0   0.0     5   155   124   288   121   295 0.71 # 1 # 1071 # 1 # ID=136_1;partial=10;start_type=Edge;rbs_motif=None;rbs_spacer=None;gc_cont=0.671
contig02197_1        -            328 25716at72274         -            262    0.0017   16.8   0.0   1   1   3.1e-06    0.0024   16.3   0.0    12   133     4   124     1   154 0.72 # 2 # 985 # 1 # ID=2197_1;partial=11;start_type=Edge;rbs_motif=None;rbs_spacer=None;gc_cont=0.668
contig00375_1        -             81 25716at72274         -            262     0.016   13.6   0.0   1   1   2.2e-05     0.017   13.5   0.0     6    58     7    61     3    72 0.77 # 2 # 244 # -1 # ID=375_1;partial=10;start_type=ATG;rbs_motif=GGA/GAG/AGG;rbs_spacer=5-10bp;gc_cont=0.679
contig00142_1        -            189 25716at72274         -            262     0.024   13.0   0.0   1   1   5.3e-05     0.041   12.2   0.0     6    23     6    23     1    43 0.84 # 2 # 568 # -1 # ID=142_1;partial=10;start_type=ATG;rbs_motif=GGAG/GAGG;rbs_spacer=5-10bp;gc_cont=0.635
contig00766_1        -            268 25716at72274         -            262      0.07   11.4   0.1   1   2    0.0002      0.15   10.3   0.0     3    24    47    68    45    72 0.88 # 1 # 804 # -1 # ID=766_1;partial=10;start_type=ATG;rbs_motif=GGAGG;rbs_spacer=5-10bp;gc_cont=0.726
contig00766_1        -            268 25716at72274         -            262      0.07   11.4   0.1   2   2       2.8   2.1e+03   -3.2   0.0   222   237    86   101    84   128 0.72 # 1 # 804 # -1 # ID=766_1;partial=10;start_type=ATG;rbs_motif=GGAGG;rbs_spacer=5-10bp;gc_cont=0.726
contig03286_2        -            138 25716at72274         -            262     0.089   11.1   0.0   1   1   0.00015      0.11   10.8   0.0     3    23    42    61    40    88 0.88 # 102 # 515 # 1 # ID=3286_2;partial=01;start_type=ATG;rbs_motif=None;rbs_spacer=None;gc_cont=0.688
#
# Program:         hmmsearch
# Version:         3.1b2 (February 2015)
# Pipeline mode:   SEARCH
# Query file:      /home/johngn/Microbial-Genomics-Journey-Workshop-2023/Reads_session_3/busco_downloads/lineages/pseudomonadales_odb10/hmms/25716at72274.hmm
# Target file:     /home/johngn/Microbial-Genomics-Journey-Workshop-2023/Reads_session_3/busco_op4/prodigal_output/predicted_genes/predicted.faa
# Option settings: hmmsearch --domtblout /home/johngn/Microbial-Genomics-Journey-Workshop-2023/Reads_session_3/busco_op4/run_pseudomonadales_odb10/hmmer_output/25716at72274.out --cpu 1 /home/johngn/Microbial-Genomics-Journey-Workshop-2023/Reads_session_3/busco_downloads/lineages/pseudomonadales_odb10/hmms/25716at72274.hmm /home/johngn/Microbial-Genomics-Journey-Workshop-2023/Reads_session_3/busco_op4/prodigal_output/predicted_genes/predicted.faa 
# Current dir:     /home/johngn/Microbial-Genomics-Journey-Workshop-2023/Reads_session_3
# Date:            Wed Mar  8 17:01:18 2023
# [ok]
