#                                                                            --- full sequence --- -------------- this domain -------------   hmm coord   ali coord   env coord
# target name        accession   tlen query name           accession   qlen   E-value  score  bias   #  of  c-Evalue  i-Evalue  score  bias  from    to  from    to  from    to  acc description of target
#------------------- ---------- ----- -------------------- ---------- ----- --------- ------ ----- --- --- --------- --------- ------ ----- ----- ----- ----- ----- ----- ----- ---- ---------------------
contig00302_3        -            354 26334at72274         -            268  3.6e-116  386.2  15.3   1   1  6.4e-118    9e-115  381.6  15.3     4   268    25   328    24   328 0.89 # 1204 # 2265 # 1 # ID=302_3;partial=00;start_type=ATG;rbs_motif=None;rbs_spacer=None;gc_cont=0.657
contig00302_5        -            259 26334at72274         -            268     2e-11   42.7   6.9   1   2   6.8e-06    0.0095   14.3   0.0   169   223     4    58     1    66 0.72 # 2748 # 3524 # 1 # ID=302_5;partial=00;start_type=ATG;rbs_motif=GGA/GAG/AGG;rbs_spacer=5-10bp;gc_cont=0.642
contig00302_5        -            259 26334at72274         -            268     2e-11   42.7   6.9   2   2   4.9e-10   6.9e-07   27.8   4.9   166   249    85   169    74   175 0.85 # 2748 # 3524 # 1 # ID=302_5;partial=00;start_type=ATG;rbs_motif=GGA/GAG/AGG;rbs_spacer=5-10bp;gc_cont=0.642
contig02209_2        -            187 26334at72274         -            268   3.2e-05   22.4   0.8   1   1   2.8e-08   3.9e-05   22.1   0.8   166   229   120   183    93   187 0.82 # 420 # 980 # 1 # ID=2209_2;partial=01;start_type=ATG;rbs_motif=GGAG/GAGG;rbs_spacer=5-10bp;gc_cont=0.660
contig01278_3        -            139 26334at72274         -            268   0.00012   20.5   0.6   1   1     1e-07   0.00014   20.2   0.6   143   231     3    98     2   123 0.82 # 1230 # 1646 # -1 # ID=1278_3;partial=01;start_type=Edge;rbs_motif=None;rbs_spacer=None;gc_cont=0.645
contig00424_4        -            240 26334at72274         -            268     0.018   13.4   3.8   1   1   1.8e-05     0.025   12.9   3.8   144   239   108   200   101   207 0.88 # 2108 # 2827 # -1 # ID=424_4;partial=00;start_type=ATG;rbs_motif=GGAG/GAGG;rbs_spacer=5-10bp;gc_cont=0.572
contig00008_14       -            219 26334at72274         -            268      0.02   13.2   3.1   1   1   2.1e-05     0.029   12.7   3.1   166   239   126   199   101   208 0.68 # 12911 # 13567 # -1 # ID=8_14;partial=00;start_type=ATG;rbs_motif=GGAG/GAGG;rbs_spacer=5-10bp;gc_cont=0.533
#
# Program:         hmmsearch
# Version:         3.1b2 (February 2015)
# Pipeline mode:   SEARCH
# Query file:      /home/johngn/Microbial-Genomics-Journey-Workshop-2023/Reads_session_3/busco_downloads/lineages/pseudomonadales_odb10/hmms/26334at72274.hmm
# Target file:     /home/johngn/Microbial-Genomics-Journey-Workshop-2023/Reads_session_3/busco_op4/prodigal_output/predicted_genes/predicted.faa
# Option settings: hmmsearch --domtblout /home/johngn/Microbial-Genomics-Journey-Workshop-2023/Reads_session_3/busco_op4/run_pseudomonadales_odb10/hmmer_output/26334at72274.out --cpu 1 /home/johngn/Microbial-Genomics-Journey-Workshop-2023/Reads_session_3/busco_downloads/lineages/pseudomonadales_odb10/hmms/26334at72274.hmm /home/johngn/Microbial-Genomics-Journey-Workshop-2023/Reads_session_3/busco_op4/prodigal_output/predicted_genes/predicted.faa 
# Current dir:     /home/johngn/Microbial-Genomics-Journey-Workshop-2023/Reads_session_3
# Date:            Wed Mar  8 17:01:18 2023
# [ok]
