#                                                                            --- full sequence --- -------------- this domain -------------   hmm coord   ali coord   env coord
# target name        accession   tlen query name           accession   qlen   E-value  score  bias   #  of  c-Evalue  i-Evalue  score  bias  from    to  from    to  from    to  acc description of target
#------------------- ---------- ----- -------------------- ---------- ----- --------- ------ ----- --- --- --------- --------- ------ ----- ----- ----- ----- ----- ----- ----- ---- ---------------------
contig00922_1        -            630 26676at72274         -            494  6.6e-188  624.1  14.3   1   3     0.006       4.2    4.7   0.0    45    77     4    41     1    53 0.79 # 1 # 1890 # 1 # ID=922_1;partial=10;start_type=Edge;rbs_motif=None;rbs_spacer=None;gc_cont=0.622
contig00922_1        -            630 26676at72274         -            494  6.6e-188  624.1  14.3   2   3   3.1e-98   2.2e-95  319.0   2.4    71   316    80   387    74   390 0.85 # 1 # 1890 # 1 # ID=922_1;partial=10;start_type=Edge;rbs_motif=None;rbs_spacer=None;gc_cont=0.622
contig00922_1        -            630 26676at72274         -            494  6.6e-188  624.1  14.3   3   3   1.2e-92   8.6e-90  300.5   1.7   317   494   436   626   435   626 0.94 # 1 # 1890 # 1 # ID=922_1;partial=10;start_type=Edge;rbs_motif=None;rbs_spacer=None;gc_cont=0.622
contig00781_1        -            375 26676at72274         -            494   2.3e-43  147.4   5.0   1   2   1.9e-15   1.3e-12   45.9   0.3   259   352    42   134    37   146 0.88 # 3 # 1127 # 1 # ID=781_1;partial=10;start_type=Edge;rbs_motif=None;rbs_spacer=None;gc_cont=0.638
contig00781_1        -            375 26676at72274         -            494   2.3e-43  147.4   5.0   2   2   7.6e-33   5.4e-30  103.3   0.8   341   492   152   324   139   325 0.81 # 3 # 1127 # 1 # ID=781_1;partial=10;start_type=Edge;rbs_motif=None;rbs_spacer=None;gc_cont=0.638
contig03048_1        -            199 26676at72274         -            494   1.1e-29  102.3   0.2   1   1   4.6e-32   3.2e-29  100.7   0.2   342   491    19   190    16   192 0.82 # 3 # 599 # 1 # ID=3048_1;partial=11;start_type=Edge;rbs_motif=None;rbs_spacer=None;gc_cont=0.665
contig02194_1        -            328 26676at72274         -            494   2.2e-23   81.4   0.2   1   2   2.4e-08   1.7e-05   22.5   0.1   254   327    66   141    64   147 0.91 # 3 # 986 # 1 # ID=2194_1;partial=11;start_type=Edge;rbs_motif=None;rbs_spacer=None;gc_cont=0.668
contig02194_1        -            328 26676at72274         -            494   2.2e-23   81.4   0.2   2   2   9.3e-19   6.5e-16   56.8   0.0   340   473   174   321   153   327 0.82 # 3 # 986 # 1 # ID=2194_1;partial=11;start_type=Edge;rbs_motif=None;rbs_spacer=None;gc_cont=0.668
contig02041_1        -            356 26676at72274         -            494   5.3e-20   70.3   0.2   1   2   4.4e-12   3.1e-09   34.8   0.0   258   320   125   188   118   206 0.86 # 2 # 1069 # -1 # ID=2041_1;partial=11;start_type=Edge;rbs_motif=None;rbs_spacer=None;gc_cont=0.681
contig02041_1        -            356 26676at72274         -            494   5.3e-20   70.3   0.2   2   2   9.3e-12   6.5e-09   33.7   0.1   335   415   234   325   216   356 0.71 # 2 # 1069 # -1 # ID=2041_1;partial=11;start_type=Edge;rbs_motif=None;rbs_spacer=None;gc_cont=0.681
contig00824_1        -            135 26676at72274         -            494   8.1e-15   53.2   0.0   1   1   1.5e-17     1e-14   52.9   0.0   424   489    24    89    18    93 0.94 # 1 # 405 # 1 # ID=824_1;partial=10;start_type=Edge;rbs_motif=None;rbs_spacer=None;gc_cont=0.669
contig03184_1        -            185 26676at72274         -            494   2.6e-12   44.9   0.6   1   1   1.2e-14   8.2e-12   43.3   0.6   255   387    32   176    27   182 0.79 # 3 # 557 # -1 # ID=3184_1;partial=11;start_type=Edge;rbs_motif=None;rbs_spacer=None;gc_cont=0.616
contig00729_3        -            272 26676at72274         -            494   5.5e-12   43.9   0.3   1   2   7.2e-13   5.1e-10   37.4   0.1   138   289    49   203    25   208 0.86 # 1585 # 2400 # 1 # ID=729_3;partial=01;start_type=ATG;rbs_motif=None;rbs_spacer=None;gc_cont=0.672
contig00729_3        -            272 26676at72274         -            494   5.5e-12   43.9   0.3   2   2    0.0043         3    5.1   0.0   257   288   241   272   203   272 0.69 # 1585 # 2400 # 1 # ID=729_3;partial=01;start_type=ATG;rbs_motif=None;rbs_spacer=None;gc_cont=0.672
contig01003_1        -            243 26676at72274         -            494   2.7e-09   35.0   0.1   1   1   5.2e-12   3.6e-09   34.6   0.1   136   290    40   199    33   202 0.90 # 3 # 731 # -1 # ID=1003_1;partial=10;start_type=ATG;rbs_motif=None;rbs_spacer=None;gc_cont=0.687
contig02877_1        -            222 26676at72274         -            494   1.1e-08   33.0   0.0   1   1   2.2e-11   1.6e-08   32.5   0.0   139   290    14   172     6   177 0.86 # 1 # 666 # 1 # ID=2877_1;partial=11;start_type=Edge;rbs_motif=None;rbs_spacer=None;gc_cont=0.698
contig02554_2        -            110 26676at72274         -            494   1.7e-06   25.8   0.0   1   1   2.7e-09   1.9e-06   25.6   0.0   454   492     3    41     1    43 0.94 # 485 # 814 # -1 # ID=2554_2;partial=01;start_type=Edge;rbs_motif=None;rbs_spacer=None;gc_cont=0.721
contig00409_2        -            274 26676at72274         -            494   2.4e-06   25.2   1.8   1   2   3.3e-07   0.00023   18.7   0.1   230   293    22    85    14    99 0.88 # 507 # 1328 # 1 # ID=409_2;partial=00;start_type=GTG;rbs_motif=GGAG/GAGG;rbs_spacer=5-10bp;gc_cont=0.662
contig00409_2        -            274 26676at72274         -            494   2.4e-06   25.2   1.8   2   2    0.0022       1.5    6.1   0.1   366   450   154   248   143   253 0.68 # 507 # 1328 # 1 # ID=409_2;partial=00;start_type=GTG;rbs_motif=GGAG/GAGG;rbs_spacer=5-10bp;gc_cont=0.662
#
# Program:         hmmsearch
# Version:         3.1b2 (February 2015)
# Pipeline mode:   SEARCH
# Query file:      /home/johngn/Microbial-Genomics-Journey-Workshop-2023/Reads_session_3/busco_downloads/lineages/pseudomonadales_odb10/hmms/26676at72274.hmm
# Target file:     /home/johngn/Microbial-Genomics-Journey-Workshop-2023/Reads_session_3/busco_op4/prodigal_output/predicted_genes/predicted.faa
# Option settings: hmmsearch --domtblout /home/johngn/Microbial-Genomics-Journey-Workshop-2023/Reads_session_3/busco_op4/run_pseudomonadales_odb10/hmmer_output/26676at72274.out --cpu 1 /home/johngn/Microbial-Genomics-Journey-Workshop-2023/Reads_session_3/busco_downloads/lineages/pseudomonadales_odb10/hmms/26676at72274.hmm /home/johngn/Microbial-Genomics-Journey-Workshop-2023/Reads_session_3/busco_op4/prodigal_output/predicted_genes/predicted.faa 
# Current dir:     /home/johngn/Microbial-Genomics-Journey-Workshop-2023/Reads_session_3
# Date:            Wed Mar  8 17:01:18 2023
# [ok]
