#                                                                            --- full sequence --- -------------- this domain -------------   hmm coord   ali coord   env coord
# target name        accession   tlen query name           accession   qlen   E-value  score  bias   #  of  c-Evalue  i-Evalue  score  bias  from    to  from    to  from    to  acc description of target
#------------------- ---------- ----- -------------------- ---------- ----- --------- ------ ----- --- --- --------- --------- ------ ----- ----- ----- ----- ----- ----- ----- ---- ---------------------
contig02197_1        -            328 2718at72274          -            704  8.6e-181  601.6  11.6   1   1  1.3e-183  9.6e-181  601.5  11.6   234   544     1   328     1   328 0.96 # 2 # 985 # 1 # ID=2197_1;partial=11;start_type=Edge;rbs_motif=None;rbs_spacer=None;gc_cont=0.668
contig02012_3        -            153 2718at72274          -            704   8.6e-88  294.2   6.1   1   1   1.2e-90   9.4e-88  294.1   6.1   557   703     1   151     1   152 0.96 # 623 # 1081 # -1 # ID=2012_3;partial=01;start_type=Edge;rbs_motif=None;rbs_spacer=None;gc_cont=0.630
contig01106_2        -            330 2718at72274          -            704   1.9e-69  233.6  28.1   1   2   1.2e-34   9.4e-32  109.0  15.7     1   152     1   168     1   172 0.71 # 844 # 1833 # 1 # ID=1106_2;partial=01;start_type=ATG;rbs_motif=AGGAG;rbs_spacer=5-10bp;gc_cont=0.640
contig01106_2        -            330 2718at72274          -            704   1.9e-69  233.6  28.1   2   2   2.6e-41     2e-38  131.0   5.3    65   217   168   330   159   330 0.71 # 844 # 1833 # 1 # ID=1106_2;partial=01;start_type=ATG;rbs_motif=AGGAG;rbs_spacer=5-10bp;gc_cont=0.640
contig02414_2        -            233 2718at72274          -            704     1e-22   79.1   0.9   1   1   1.6e-25   1.2e-22   78.9   0.9   229   434     2   221     1   231 0.79 # 180 # 878 # 1 # ID=2414_2;partial=01;start_type=GTG;rbs_motif=GGAG/GAGG;rbs_spacer=5-10bp;gc_cont=0.725
contig01733_2        -            205 2718at72274          -            704   1.5e-16   58.7   0.9   1   1   1.1e-18   8.1e-16   56.3   0.9   231   382    11   180     5   205 0.74 # 657 # 1271 # 1 # ID=1733_2;partial=01;start_type=GTG;rbs_motif=GGA/GAG/AGG;rbs_spacer=11-12bp;gc_cont=0.650
contig00098_1        -            561 2718at72274          -            704   1.2e-11   42.5   0.1   1   1   2.8e-14   2.2e-11   41.7   0.1   258   475    88   328    80   331 0.81 # 2 # 1684 # -1 # ID=98_1;partial=10;start_type=ATG;rbs_motif=GGAG/GAGG;rbs_spacer=5-10bp;gc_cont=0.643
contig01512_2        -            110 2718at72274          -            704   3.3e-10   37.8   1.7   1   1     2e-12   1.5e-09   35.6   1.7   230   315     8   109     3   110 0.75 # 1108 # 1437 # 1 # ID=1512_2;partial=01;start_type=GTG;rbs_motif=GGA/GAG/AGG;rbs_spacer=5-10bp;gc_cont=0.621
contig00127_1        -            168 2718at72274          -            704   1.1e-09   36.1   0.2   1   1   3.7e-12   2.9e-09   34.7   0.2   277   349    86   158    10   162 0.92 # 1 # 504 # -1 # ID=127_1;partial=10;start_type=ATG;rbs_motif=GGA/GAG/AGG;rbs_spacer=5-10bp;gc_cont=0.655
contig02353_1        -            116 2718at72274          -            704   5.2e-09   33.8   2.8   1   1   3.3e-11   2.5e-08   31.6   2.8   229   315    14   116     1   116 0.66 # 1 # 348 # -1 # ID=2353_1;partial=10;start_type=ATG;rbs_motif=GGA/GAG/AGG;rbs_spacer=5-10bp;gc_cont=0.595
contig00345_1        -            494 2718at72274          -            704   8.4e-09   33.1   0.0   1   1   2.1e-11   1.6e-08   32.2   0.0   274   351    80   157    63   164 0.93 # 3 # 1484 # -1 # ID=345_1;partial=10;start_type=ATG;rbs_motif=GGA/GAG/AGG;rbs_spacer=5-10bp;gc_cont=0.636
contig00375_1        -             81 2718at72274          -            704     0.021   12.0   0.0   1   1     3e-05     0.023   11.8   0.0   232   294     8    70     2    78 0.85 # 2 # 244 # -1 # ID=375_1;partial=10;start_type=ATG;rbs_motif=GGA/GAG/AGG;rbs_spacer=5-10bp;gc_cont=0.679
#
# Program:         hmmsearch
# Version:         3.1b2 (February 2015)
# Pipeline mode:   SEARCH
# Query file:      /home/johngn/Microbial-Genomics-Journey-Workshop-2023/Reads_session_3/busco_downloads/lineages/pseudomonadales_odb10/hmms/2718at72274.hmm
# Target file:     /home/johngn/Microbial-Genomics-Journey-Workshop-2023/Reads_session_3/busco_op4/prodigal_output/predicted_genes/predicted.faa
# Option settings: hmmsearch --domtblout /home/johngn/Microbial-Genomics-Journey-Workshop-2023/Reads_session_3/busco_op4/run_pseudomonadales_odb10/hmmer_output/2718at72274.out --cpu 1 /home/johngn/Microbial-Genomics-Journey-Workshop-2023/Reads_session_3/busco_downloads/lineages/pseudomonadales_odb10/hmms/2718at72274.hmm /home/johngn/Microbial-Genomics-Journey-Workshop-2023/Reads_session_3/busco_op4/prodigal_output/predicted_genes/predicted.faa 
# Current dir:     /home/johngn/Microbial-Genomics-Journey-Workshop-2023/Reads_session_3
# Date:            Wed Mar  8 17:01:18 2023
# [ok]
