#                                                                            --- full sequence --- -------------- this domain -------------   hmm coord   ali coord   env coord
# target name        accession   tlen query name           accession   qlen   E-value  score  bias   #  of  c-Evalue  i-Evalue  score  bias  from    to  from    to  from    to  acc description of target
#------------------- ---------- ----- -------------------- ---------- ----- --------- ------ ----- --- --- --------- --------- ------ ----- ----- ----- ----- ----- ----- ----- ---- ---------------------
contig00202_4        -            298 27577at72274         -            251  3.1e-117  389.2   0.5   1   1  6.7e-119  5.5e-117  388.4   0.5     1   251     1   285     1   285 0.92 # 2149 # 3042 # -1 # ID=202_4;partial=00;start_type=ATG;rbs_motif=GGAGG;rbs_spacer=5-10bp;gc_cont=0.680
contig01114_2        -            302 27577at72274         -            251   9.3e-25   86.3   0.0   1   1   1.6e-26   1.3e-24   85.8   0.0     1   233     1   262     1   271 0.82 # 328 # 1233 # 1 # ID=1114_2;partial=00;start_type=GTG;rbs_motif=GGAGG;rbs_spacer=5-10bp;gc_cont=0.691
contig00692_2        -            307 27577at72274         -            251   1.4e-21   75.9   0.1   1   1   2.6e-23   2.1e-21   75.3   0.1     1   224     1   248     1   288 0.78 # 690 # 1610 # -1 # ID=692_2;partial=00;start_type=ATG;rbs_motif=GGA/GAG/AGG;rbs_spacer=11-12bp;gc_cont=0.689
contig00135_4        -            316 27577at72274         -            251   3.5e-21   74.6   0.0   1   1   8.5e-23   6.9e-21   73.6   0.0     1   235     8   265     8   274 0.81 # 4215 # 5162 # 1 # ID=135_4;partial=01;start_type=ATG;rbs_motif=GGA/GAG/AGG;rbs_spacer=5-10bp;gc_cont=0.664
contig00254_5        -            298 27577at72274         -            251   4.5e-19   67.6   0.0   1   1   1.8e-20   1.5e-18   65.9   0.0     4   226     6   251     3   265 0.79 # 2782 # 3675 # 1 # ID=254_5;partial=00;start_type=ATG;rbs_motif=GGA/GAG/AGG;rbs_spacer=5-10bp;gc_cont=0.709
contig02702_1        -            208 27577at72274         -            251   6.2e-19   67.2   0.0   1   1   8.9e-21   7.2e-19   67.0   0.0     2   141     3   151     2   173 0.84 # 132 # 755 # 1 # ID=2702_1;partial=01;start_type=ATG;rbs_motif=GGAG/GAGG;rbs_spacer=5-10bp;gc_cont=0.704
contig01091_1        -            130 27577at72274         -            251     3e-18   64.9   0.0   1   1   4.3e-20   3.5e-18   64.7   0.0     2   106     4   114     1   119 0.87 # 1 # 390 # -1 # ID=1091_1;partial=10;start_type=GTG;rbs_motif=AGGA/GGAG/GAGG;rbs_spacer=11-12bp;gc_cont=0.690
contig00336_4        -            306 27577at72274         -            251   4.9e-18   64.3   0.0   1   1   2.7e-19   2.2e-17   62.1   0.0     3   216     5   241     3   248 0.77 # 2471 # 3388 # 1 # ID=336_4;partial=00;start_type=ATG;rbs_motif=GGA/GAG/AGG;rbs_spacer=5-10bp;gc_cont=0.676
contig00092_3        -            303 27577at72274         -            251   6.8e-18   63.8   0.0   1   1   1.2e-19     1e-17   63.2   0.0     3   163     4   174     2   209 0.86 # 1241 # 2149 # 1 # ID=92_3;partial=00;start_type=ATG;rbs_motif=GGA/GAG/AGG;rbs_spacer=5-10bp;gc_cont=0.706
contig00167_6        -            176 27577at72274         -            251   8.1e-18   63.5   0.0   1   1   1.4e-19   1.1e-17   63.1   0.0     3   159     5   176     3   176 0.80 # 4268 # 4795 # 1 # ID=167_6;partial=01;start_type=ATG;rbs_motif=GGAG/GAGG;rbs_spacer=5-10bp;gc_cont=0.686
contig00090_5        -            302 27577at72274         -            251   2.7e-17   61.8   0.1   1   1   4.5e-19   3.7e-17   61.4   0.1     3   120     4   128     1   153 0.86 # 5121 # 6026 # 1 # ID=90_5;partial=01;start_type=ATG;rbs_motif=GGAG/GAGG;rbs_spacer=5-10bp;gc_cont=0.664
contig00242_3        -            296 27577at72274         -            251   4.9e-17   61.0   0.1   1   1     9e-19   7.3e-17   60.4   0.1     4   118     6   127     3   135 0.88 # 1942 # 2829 # 1 # ID=242_3;partial=00;start_type=ATG;rbs_motif=GGAG/GAGG;rbs_spacer=5-10bp;gc_cont=0.677
contig01123_1        -            224 27577at72274         -            251   1.3e-16   59.6   0.1   1   1   1.9e-18   1.6e-16   59.3   0.1     1   118    32   155    32   177 0.84 # 3 # 674 # -1 # ID=1123_1;partial=10;start_type=ATG;rbs_motif=GGAG/GAGG;rbs_spacer=5-10bp;gc_cont=0.652
contig01475_1        -            130 27577at72274         -            251   1.4e-16   59.5   0.0   1   1   2.1e-18   1.7e-16   59.2   0.0     2   117     3   123     2   128 0.91 # 1 # 390 # -1 # ID=1475_1;partial=10;start_type=ATG;rbs_motif=GGAG/GAGG;rbs_spacer=5-10bp;gc_cont=0.690
contig00075_6        -            287 27577at72274         -            251   1.6e-16   59.3   0.1   1   1   4.4e-18   3.5e-16   58.2   0.2     1   139     1   144     1   159 0.82 # 4141 # 5001 # -1 # ID=75_6;partial=00;start_type=ATG;rbs_motif=GGA/GAG/AGG;rbs_spacer=5-10bp;gc_cont=0.690
contig00658_1        -            294 27577at72274         -            251     2e-16   58.9   0.0   1   1   4.3e-18   3.5e-16   58.2   0.0     3   213     5   236     3   253 0.71 # 68 # 949 # 1 # ID=658_1;partial=00;start_type=ATG;rbs_motif=None;rbs_spacer=None;gc_cont=0.694
contig00524_2        -            311 27577at72274         -            251   1.2e-15   56.4   0.0   1   1   4.8e-17   3.9e-15   54.7   0.0     1   223     1   250     1   254 0.76 # 1022 # 1954 # -1 # ID=524_2;partial=00;start_type=ATG;rbs_motif=GGA/GAG/AGG;rbs_spacer=5-10bp;gc_cont=0.667
contig01929_1        -            193 27577at72274         -            251   1.6e-15   56.0   0.1   1   1   2.2e-17   1.8e-15   55.8   0.1     4   121     5   129     1   155 0.86 # 3 # 581 # -1 # ID=1929_1;partial=10;start_type=ATG;rbs_motif=AGGAG;rbs_spacer=5-10bp;gc_cont=0.691
contig01057_1        -            310 27577at72274         -            251   2.2e-15   55.5   0.0   1   1     4e-17   3.2e-15   55.0   0.0     4   117    13   131    11   144 0.88 # 2 # 931 # 1 # ID=1057_1;partial=10;start_type=Edge;rbs_motif=None;rbs_spacer=None;gc_cont=0.692
contig00510_4        -            192 27577at72274         -            251   3.2e-15   55.0   0.1   1   1   6.1e-17   4.9e-15   54.4   0.1     2   118     3   126     2   184 0.85 # 2340 # 2915 # 1 # ID=510_4;partial=01;start_type=ATG;rbs_motif=GGAG/GAGG;rbs_spacer=5-10bp;gc_cont=0.681
contig00680_1        -            150 27577at72274         -            251   5.5e-15   54.3   0.1   1   1   8.6e-17     7e-15   53.9   0.1     3   118    10   131     9   138 0.91 # 3 # 452 # -1 # ID=680_1;partial=10;start_type=ATG;rbs_motif=AGGA;rbs_spacer=5-10bp;gc_cont=0.669
contig00308_3        -            303 27577at72274         -            251   6.8e-15   53.9   0.0   1   1   1.3e-16   1.1e-14   53.3   0.0     3   122     7   133     5   156 0.85 # 2156 # 3064 # -1 # ID=308_3;partial=00;start_type=ATG;rbs_motif=None;rbs_spacer=None;gc_cont=0.693
contig00040_7        -            301 27577at72274         -            251   8.9e-15   53.6   0.0   1   1   1.8e-16   1.4e-14   52.9   0.0     2   118    13   134    12   144 0.91 # 6726 # 7628 # 1 # ID=40_7;partial=00;start_type=ATG;rbs_motif=None;rbs_spacer=None;gc_cont=0.689
contig00857_1        -            303 27577at72274         -            251   1.8e-14   52.6   0.0   1   2   1.3e-14   1.1e-12   46.7   0.0     3   117     8   127     7   144 0.85 # 23 # 931 # -1 # ID=857_1;partial=00;start_type=ATG;rbs_motif=GGAG/GAGG;rbs_spacer=5-10bp;gc_cont=0.673
contig00857_1        -            303 27577at72274         -            251   1.8e-14   52.6   0.0   2   2      0.18        14    3.7   0.0   160   225   180   248   173   254 0.88 # 23 # 931 # -1 # ID=857_1;partial=00;start_type=ATG;rbs_motif=GGAG/GAGG;rbs_spacer=5-10bp;gc_cont=0.673
contig00532_1        -            288 27577at72274         -            251   2.2e-14   52.3   0.0   1   1   3.7e-16     3e-14   51.8   0.0     1    80     1    82     1    94 0.93 # 70 # 933 # 1 # ID=532_1;partial=00;start_type=ATG;rbs_motif=GGA/GAG/AGG;rbs_spacer=5-10bp;gc_cont=0.679
contig00998_2        -            302 27577at72274         -            251   2.8e-14   51.9   0.1   1   1   4.8e-16   3.9e-14   51.5   0.1     3   137     4   143     1   162 0.90 # 786 # 1691 # -1 # ID=998_2;partial=00;start_type=GTG;rbs_motif=None;rbs_spacer=None;gc_cont=0.687
contig00760_2        -            304 27577at72274         -            251   4.1e-14   51.4   0.1   1   2   2.6e-15   2.1e-13   49.0   0.1     3   116     4   124     2   143 0.88 # 679 # 1590 # 1 # ID=760_2;partial=00;start_type=ATG;rbs_motif=GGA/GAG/AGG;rbs_spacer=5-10bp;gc_cont=0.701
contig00760_2        -            304 27577at72274         -            251   4.1e-14   51.4   0.1   2   2         3   2.4e+02   -0.3   0.0   208   231   236   260   223   264 0.77 # 679 # 1590 # 1 # ID=760_2;partial=00;start_type=ATG;rbs_motif=GGA/GAG/AGG;rbs_spacer=5-10bp;gc_cont=0.701
contig01103_2        -            114 27577at72274         -            251   4.2e-14   51.3   0.2   1   1   5.5e-16   4.4e-14   51.3   0.2     3   101     4   108     1   114 0.87 # 1505 # 1846 # 1 # ID=1103_2;partial=01;start_type=ATG;rbs_motif=AGGAG;rbs_spacer=5-10bp;gc_cont=0.667
contig01780_2        -            253 27577at72274         -            251   7.9e-14   50.5   0.0   1   1   1.5e-15   1.2e-13   49.8   0.0     5   121     7   130     3   150 0.87 # 474 # 1232 # 1 # ID=1780_2;partial=01;start_type=ATG;rbs_motif=None;rbs_spacer=None;gc_cont=0.659
contig00199_5        -            297 27577at72274         -            251   8.8e-14   50.3   0.0   1   2   4.2e-15   3.4e-13   48.4   0.0     5   142     7   152     1   182 0.81 # 3251 # 4141 # 1 # ID=199_5;partial=00;start_type=ATG;rbs_motif=GGA/GAG/AGG;rbs_spacer=5-10bp;gc_cont=0.707
contig00199_5        -            297 27577at72274         -            251   8.8e-14   50.3   0.0   2   2       3.1   2.5e+02   -0.3   0.0   203   222   229   247   199   259 0.84 # 3251 # 4141 # 1 # ID=199_5;partial=00;start_type=ATG;rbs_motif=GGA/GAG/AGG;rbs_spacer=5-10bp;gc_cont=0.707
contig00562_3        -            297 27577at72274         -            251     1e-13   50.1   0.0   1   1   1.9e-15   1.6e-13   49.5   0.0     2   219     4   245     3   259 0.82 # 1875 # 2765 # 1 # ID=562_3;partial=01;start_type=ATG;rbs_motif=GGAG/GAGG;rbs_spacer=5-10bp;gc_cont=0.687
contig03085_1        -             78 27577at72274         -            251   1.1e-13   50.0   0.0   1   1   1.5e-15   1.2e-13   49.9   0.0     1    74     1    76     1    78 0.82 # 1 # 234 # -1 # ID=3085_1;partial=10;start_type=ATG;rbs_motif=None;rbs_spacer=None;gc_cont=0.645
contig00943_1        -            300 27577at72274         -            251   1.1e-13   50.0   0.2   1   1   1.5e-14   1.2e-12   46.6   0.2     6   220     2   242     1   268 0.80 # 1 # 900 # 1 # ID=943_1;partial=10;start_type=Edge;rbs_motif=None;rbs_spacer=None;gc_cont=0.660
contig00202_2        -            309 27577at72274         -            251   1.5e-13   49.5   0.0   1   1   2.8e-15   2.3e-13   48.9   0.0     5   122    11   134     8   146 0.89 # 689 # 1615 # 1 # ID=202_2;partial=00;start_type=ATG;rbs_motif=GGA/GAG/AGG;rbs_spacer=5-10bp;gc_cont=0.688
contig01717_2        -            297 27577at72274         -            251   1.6e-13   49.4   0.0   1   2   2.3e-14   1.8e-12   46.0   0.0     3   113     5   122     3   151 0.81 # 396 # 1286 # 1 # ID=1717_2;partial=01;start_type=ATG;rbs_motif=GGA/GAG/AGG;rbs_spacer=5-10bp;gc_cont=0.670
contig01717_2        -            297 27577at72274         -            251   1.6e-13   49.4   0.0   2   2       1.1        91    1.1   0.0   161   226   181   253   172   260 0.76 # 396 # 1286 # 1 # ID=1717_2;partial=01;start_type=ATG;rbs_motif=GGA/GAG/AGG;rbs_spacer=5-10bp;gc_cont=0.670
contig00143_1        -            291 27577at72274         -            251     2e-13   49.1   0.0   1   1   4.3e-14   3.4e-12   45.1   0.0     1   220     1   243     1   255 0.78 # 50 # 922 # 1 # ID=143_1;partial=00;start_type=ATG;rbs_motif=GGAGG;rbs_spacer=3-4bp;gc_cont=0.712
contig01959_2        -             81 27577at72274         -            251   2.9e-13   48.6   0.1   1   1   3.7e-15     3e-13   48.6   0.1     3    76     4    79     1    81 0.89 # 867 # 1109 # 1 # ID=1959_2;partial=01;start_type=ATG;rbs_motif=GGAG/GAGG;rbs_spacer=5-10bp;gc_cont=0.708
contig00051_1        -            147 27577at72274         -            251   3.7e-13   48.3   0.3   1   1   5.7e-15   4.6e-13   47.9   0.3     2   118     3   123     2   133 0.80 # 3 # 443 # -1 # ID=51_1;partial=10;start_type=ATG;rbs_motif=GGAG/GAGG;rbs_spacer=5-10bp;gc_cont=0.687
contig00243_4        -            300 27577at72274         -            251   5.7e-13   47.7   0.1   1   1   9.7e-15   7.8e-13   47.2   0.1     6   125     8   130     3   143 0.86 # 2998 # 3897 # 1 # ID=243_4;partial=00;start_type=ATG;rbs_motif=GGAG/GAGG;rbs_spacer=5-10bp;gc_cont=0.691
contig00079_6        -            303 27577at72274         -            251   7.7e-13   47.2   0.1   1   2   1.2e-13   9.5e-12   43.6   0.1     2   117    12   134    11   154 0.83 # 5408 # 6316 # 1 # ID=79_6;partial=01;start_type=ATG;rbs_motif=AGGA;rbs_spacer=5-10bp;gc_cont=0.677
contig00079_6        -            303 27577at72274         -            251   7.7e-13   47.2   0.1   2   2      0.89        72    1.4   0.0   184   226   216   258   202   266 0.69 # 5408 # 6316 # 1 # ID=79_6;partial=01;start_type=ATG;rbs_motif=AGGA;rbs_spacer=5-10bp;gc_cont=0.677
contig02621_1        -            261 27577at72274         -            251   1.5e-12   46.3   0.0   1   1   2.7e-14   2.1e-12   45.8   0.0    21   149     1   135     1   222 0.91 # 3 # 785 # 1 # ID=2621_1;partial=11;start_type=Edge;rbs_motif=None;rbs_spacer=None;gc_cont=0.725
contig00070_9        -            305 27577at72274         -            251   1.5e-12   46.2   0.0   1   1   2.7e-14   2.2e-12   45.8   0.0     2   117     5   127     4   141 0.87 # 5432 # 6346 # 1 # ID=70_9;partial=00;start_type=ATG;rbs_motif=None;rbs_spacer=None;gc_cont=0.672
contig01120_1        -            311 27577at72274         -            251   1.9e-12   46.0   0.0   1   1   3.2e-14   2.6e-12   45.5   0.0     3   119     4   127     1   143 0.87 # 53 # 985 # 1 # ID=1120_1;partial=00;start_type=ATG;rbs_motif=None;rbs_spacer=None;gc_cont=0.696
contig01030_1        -             72 27577at72274         -            251     2e-12   45.8   0.1   1   1   2.5e-14   2.1e-12   45.8   0.1     2    68     2    70     1    72 0.90 # 3 # 218 # -1 # ID=1030_1;partial=10;start_type=ATG;rbs_motif=GGA/GAG/AGG;rbs_spacer=5-10bp;gc_cont=0.676
contig02678_2        -            115 27577at72274         -            251   2.3e-12   45.7   0.0   1   1   3.2e-14   2.6e-12   45.5   0.0     4    81    10    89     7   101 0.89 # 420 # 764 # 1 # ID=2678_2;partial=01;start_type=ATG;rbs_motif=None;rbs_spacer=None;gc_cont=0.696
contig03078_1        -            140 27577at72274         -            251   2.3e-12   45.7   0.0   1   1     3e-14   2.5e-12   45.6   0.0     5   108     4   108     1   134 0.88 # 3 # 422 # -1 # ID=3078_1;partial=10;start_type=ATG;rbs_motif=GGAG/GAGG;rbs_spacer=5-10bp;gc_cont=0.731
contig01520_2        -            310 27577at72274         -            251   2.4e-12   45.6   0.0   1   1   3.7e-14     3e-12   45.3   0.0     1   121    10   137    10   151 0.90 # 453 # 1382 # 1 # ID=1520_2;partial=00;start_type=ATG;rbs_motif=None;rbs_spacer=None;gc_cont=0.687
contig02610_1        -            250 27577at72274         -            251   2.5e-12   45.6   0.2   1   1     4e-14   3.2e-12   45.2   0.2     3   117    15   136    13   148 0.90 # 3 # 752 # -1 # ID=2610_1;partial=10;start_type=ATG;rbs_motif=AGGAG/GGAGG;rbs_spacer=11-12bp;gc_cont=0.683
contig03260_1        -            176 27577at72274         -            251   4.3e-12   44.8   0.0   1   1   6.3e-14   5.1e-12   44.5   0.0     5   118    15   135    11   152 0.88 # 1 # 528 # -1 # ID=3260_1;partial=11;start_type=Edge;rbs_motif=None;rbs_spacer=None;gc_cont=0.686
contig02983_1        -            120 27577at72274         -            251   4.8e-12   44.6   0.0   1   1   6.2e-14   5.1e-12   44.5   0.0     3   108     6   118     4   120 0.81 # 267 # 626 # 1 # ID=2983_1;partial=01;start_type=GTG;rbs_motif=GGAG/GAGG;rbs_spacer=5-10bp;gc_cont=0.669
contig00915_2        -            305 27577at72274         -            251   5.5e-12   44.4   0.0   1   1   1.2e-13   9.8e-12   43.6   0.0     3   115     9   128     7   132 0.88 # 850 # 1764 # 1 # ID=915_2;partial=00;start_type=ATG;rbs_motif=GGAG/GAGG;rbs_spacer=5-10bp;gc_cont=0.716
contig00173_3        -            303 27577at72274         -            251   7.3e-12   44.0   0.0   1   1   1.3e-13   1.1e-11   43.4   0.0     6   136     7   142     1   156 0.87 # 1720 # 2628 # 1 # ID=173_3;partial=00;start_type=ATG;rbs_motif=GGA/GAG/AGG;rbs_spacer=5-10bp;gc_cont=0.667
contig01297_1        -            146 27577at72274         -            251   7.8e-12   43.9   0.0   1   1     1e-13   8.1e-12   43.9   0.0     1    83     1    85     1   141 0.77 # 2 # 439 # -1 # ID=1297_1;partial=10;start_type=ATG;rbs_motif=None;rbs_spacer=None;gc_cont=0.671
contig03277_1        -            139 27577at72274         -            251     1e-11   43.6   0.0   1   1   1.4e-13   1.1e-11   43.4   0.0     5   117     7   126     1   136 0.84 # 103 # 519 # 1 # ID=3277_1;partial=01;start_type=ATG;rbs_motif=AGGAG;rbs_spacer=5-10bp;gc_cont=0.674
contig00092_5        -            312 27577at72274         -            251   1.3e-11   43.2   0.1   1   1     7e-13   5.7e-11   41.1   0.1    11   162    14   172     5   278 0.84 # 3572 # 4507 # 1 # ID=92_5;partial=00;start_type=ATG;rbs_motif=GGA/GAG/AGG;rbs_spacer=5-10bp;gc_cont=0.697
contig00838_2        -            304 27577at72274         -            251   1.5e-11   43.0   0.0   1   1   2.6e-13   2.1e-11   42.5   0.0     4   118     5   126     1   137 0.90 # 587 # 1498 # -1 # ID=838_2;partial=00;start_type=ATG;rbs_motif=GGAG/GAGG;rbs_spacer=5-10bp;gc_cont=0.698
contig01107_3        -            248 27577at72274         -            251   1.6e-11   42.9   0.0   1   1   2.5e-13     2e-11   42.6   0.0     5   117     6   125     2   135 0.89 # 1089 # 1832 # 1 # ID=1107_3;partial=01;start_type=ATG;rbs_motif=AGGA;rbs_spacer=5-10bp;gc_cont=0.722
contig02407_2        -            183 27577at72274         -            251     3e-11   42.0   0.0   1   1   4.5e-13   3.7e-11   41.7   0.0     1   173     1   175     1   180 0.83 # 331 # 879 # 1 # ID=2407_2;partial=01;start_type=ATG;rbs_motif=GGA/GAG/AGG;rbs_spacer=5-10bp;gc_cont=0.676
contig01227_1        -             75 27577at72274         -            251   3.1e-11   42.0   0.0   1   1   4.3e-13   3.5e-11   41.8   0.0     2    70     3    73     2    75 0.90 # 3 # 227 # -1 # ID=1227_1;partial=10;start_type=ATG;rbs_motif=GGAG/GAGG;rbs_spacer=5-10bp;gc_cont=0.720
contig00178_6        -            303 27577at72274         -            251   3.3e-11   41.9   0.1   1   1   6.2e-13     5e-11   41.3   0.1     1   126     1   133     1   150 0.82 # 3481 # 4389 # 1 # ID=178_6;partial=00;start_type=ATG;rbs_motif=GGA/GAG/AGG;rbs_spacer=5-10bp;gc_cont=0.715
contig01213_3        -            217 27577at72274         -            251   3.5e-11   41.8   0.0   1   1   5.4e-13   4.4e-11   41.5   0.0     3   117     7   126     5   137 0.87 # 1056 # 1706 # 1 # ID=1213_3;partial=01;start_type=ATG;rbs_motif=GGAG/GAGG;rbs_spacer=5-10bp;gc_cont=0.677
contig01467_3        -             98 27577at72274         -            251   7.5e-11   40.7   0.0   1   1   1.1e-12   8.9e-11   40.5   0.0     2    80    12    92    11    95 0.91 # 1178 # 1471 # 1 # ID=1467_3;partial=01;start_type=ATG;rbs_motif=GGA/GAG/AGG;rbs_spacer=5-10bp;gc_cont=0.673
contig00072_5        -            312 27577at72274         -            251   8.7e-11   40.5   0.1   1   1   1.7e-12   1.4e-10   39.8   0.1     2   120     4   129     3   149 0.88 # 3342 # 4277 # 1 # ID=72_5;partial=00;start_type=ATG;rbs_motif=GGAG/GAGG;rbs_spacer=5-10bp;gc_cont=0.685
contig00264_2        -            304 27577at72274         -            251   1.4e-10   39.8   0.0   1   1   2.4e-12   1.9e-10   39.4   0.0     2   121     8   134     7   146 0.86 # 531 # 1442 # 1 # ID=264_2;partial=00;start_type=ATG;rbs_motif=AGGAG;rbs_spacer=5-10bp;gc_cont=0.679
contig02050_2        -            295 27577at72274         -            251   1.5e-10   39.8   0.1   1   1   3.8e-12   3.1e-10   38.7   0.0     2    77     4    82     3   128 0.85 # 98 # 982 # -1 # ID=2050_2;partial=00;start_type=ATG;rbs_motif=GGAG/GAGG;rbs_spacer=5-10bp;gc_cont=0.706
contig00901_1        -             88 27577at72274         -            251   1.9e-10   39.4   0.1   1   1   2.4e-12   1.9e-10   39.4   0.1     2    75     8    84     7    88 0.88 # 3 # 266 # -1 # ID=901_1;partial=10;start_type=ATG;rbs_motif=GGAG/GAGG;rbs_spacer=5-10bp;gc_cont=0.667
contig00725_3        -            297 27577at72274         -            251   3.1e-10   38.7   0.0   1   1   6.5e-12   5.3e-10   37.9   0.0     3    73     8    80     6   141 0.81 # 1399 # 2289 # -1 # ID=725_3;partial=00;start_type=TTG;rbs_motif=GGAG/GAGG;rbs_spacer=5-10bp;gc_cont=0.704
contig00958_1        -             78 27577at72274         -            251   3.6e-10   38.5   0.0   1   1   4.6e-12   3.7e-10   38.4   0.0     3    75     4    77     1    78 0.91 # 3 # 236 # -1 # ID=958_1;partial=10;start_type=ATG;rbs_motif=AGGA;rbs_spacer=5-10bp;gc_cont=0.662
contig02164_1        -            304 27577at72274         -            251   4.4e-10   38.2   0.0   1   1     7e-12   5.7e-10   37.8   0.0     4   118     2   123     1   140 0.83 # 1 # 912 # 1 # ID=2164_1;partial=10;start_type=Edge;rbs_motif=None;rbs_spacer=None;gc_cont=0.726
contig01371_2        -            296 27577at72274         -            251   6.8e-10   37.6   0.0   1   2   2.6e-11   2.1e-09   35.9   0.0     7    83     3    81     1   116 0.85 # 671 # 1558 # -1 # ID=1371_2;partial=01;start_type=Edge;rbs_motif=None;rbs_spacer=None;gc_cont=0.687
contig01371_2        -            296 27577at72274         -            251   6.8e-10   37.6   0.0   2   2       5.6   4.5e+02   -1.2   0.0   167   220   188   240   168   242 0.71 # 671 # 1558 # -1 # ID=1371_2;partial=01;start_type=Edge;rbs_motif=None;rbs_spacer=None;gc_cont=0.687
contig01519_1        -            145 27577at72274         -            251   7.3e-10   37.5   0.0   1   1   9.9e-12     8e-10   37.3   0.0     3   118    16   138    14   144 0.78 # 3 # 437 # -1 # ID=1519_1;partial=10;start_type=ATG;rbs_motif=GGA/GAG/AGG;rbs_spacer=5-10bp;gc_cont=0.680
contig00002_25       -            302 27577at72274         -            251     1e-09   37.0   0.0   1   1   1.8e-11   1.5e-09   36.4   0.0     6   129     8   141     3   154 0.80 # 26267 # 27172 # 1 # ID=2_25;partial=00;start_type=ATG;rbs_motif=GGA/GAG/AGG;rbs_spacer=5-10bp;gc_cont=0.624
contig00376_3        -            296 27577at72274         -            251   2.2e-09   35.9   0.0   1   1   5.8e-11   4.7e-09   34.8   0.0     3    61     8    68     6    91 0.86 # 786 # 1673 # -1 # ID=376_3;partial=00;start_type=ATG;rbs_motif=None;rbs_spacer=None;gc_cont=0.722
contig00043_5        -            309 27577at72274         -            251   5.2e-09   34.7   0.0   1   1     9e-11   7.3e-09   34.2   0.0     3    86    21   106    20   140 0.89 # 3702 # 4628 # -1 # ID=43_5;partial=00;start_type=ATG;rbs_motif=GGA/GAG/AGG;rbs_spacer=5-10bp;gc_cont=0.714
contig01859_2        -            279 27577at72274         -            251   2.1e-08   32.7   0.0   1   1   3.6e-10   2.9e-08   32.2   0.0     2   133    11   150    10   165 0.88 # 335 # 1171 # 1 # ID=1859_2;partial=01;start_type=ATG;rbs_motif=AGGA;rbs_spacer=5-10bp;gc_cont=0.682
contig00421_2        -            299 27577at72274         -            251   2.1e-08   32.7   0.0   1   1   4.4e-10   3.6e-08   31.9   0.0     2    74     5    79     4    93 0.82 # 825 # 1721 # 1 # ID=421_2;partial=00;start_type=ATG;rbs_motif=None;rbs_spacer=None;gc_cont=0.683
contig03150_1        -            190 27577at72274         -            251   4.3e-08   31.7   0.0   1   1   6.8e-10   5.5e-08   31.3   0.0    33   137     1   110     1   117 0.89 # 1 # 570 # 1 # ID=3150_1;partial=11;start_type=Edge;rbs_motif=None;rbs_spacer=None;gc_cont=0.702
contig00438_4        -            241 27577at72274         -            251   4.6e-08   31.6   0.1   1   1   7.7e-10   6.2e-08   31.1   0.1     4   117     8   126     5   131 0.86 # 2365 # 3087 # 1 # ID=438_4;partial=01;start_type=ATG;rbs_motif=None;rbs_spacer=None;gc_cont=0.705
contig00206_3        -            333 27577at72274         -            251   8.4e-08   30.7   0.0   1   2   2.5e-08     2e-06   26.2   0.0     2    72     5    77     4    95 0.90 # 2154 # 3152 # -1 # ID=206_3;partial=00;start_type=ATG;rbs_motif=AGGA;rbs_spacer=5-10bp;gc_cont=0.627
contig00206_3        -            333 27577at72274         -            251   8.4e-08   30.7   0.0   2   2      0.48        39    2.3   0.0   192   225   214   246   152   253 0.72 # 2154 # 3152 # -1 # ID=206_3;partial=00;start_type=ATG;rbs_motif=AGGA;rbs_spacer=5-10bp;gc_cont=0.627
contig00057_1        -            305 27577at72274         -            251   1.2e-07   30.2   0.0   1   1   2.6e-09   2.1e-07   29.4   0.0     4   116     8   126     5   137 0.81 # 1 # 915 # 1 # ID=57_1;partial=10;start_type=Edge;rbs_motif=None;rbs_spacer=None;gc_cont=0.680
contig00958_3        -            168 27577at72274         -            251   1.3e-07   30.1   0.0   1   1   1.8e-09   1.4e-07   30.0   0.0     2   117     9   131     8   150 0.74 # 1535 # 2038 # 1 # ID=958_3;partial=01;start_type=ATG;rbs_motif=GGAG/GAGG;rbs_spacer=5-10bp;gc_cont=0.692
contig00935_3        -            242 27577at72274         -            251   1.5e-07   29.9   0.0   1   1   3.8e-09   3.1e-07   28.9   0.0     6    78    11    85     6    94 0.86 # 1340 # 2065 # 1 # ID=935_3;partial=01;start_type=ATG;rbs_motif=AGGAG;rbs_spacer=5-10bp;gc_cont=0.700
contig00993_2        -            290 27577at72274         -            251   2.8e-07   29.0   0.0   1   1   4.6e-09   3.7e-07   28.6   0.0     2   108    10   123     9   135 0.71 # 1114 # 1983 # 1 # ID=993_2;partial=01;start_type=ATG;rbs_motif=GGAG/GAGG;rbs_spacer=5-10bp;gc_cont=0.690
contig01560_1        -            274 27577at72274         -            251   4.2e-07   28.4   0.1   1   1   7.7e-09   6.2e-07   27.9   0.1    32   112     2    89     1   112 0.81 # 1 # 822 # 1 # ID=1560_1;partial=10;start_type=Edge;rbs_motif=None;rbs_spacer=None;gc_cont=0.690
contig00040_3        -            301 27577at72274         -            251   4.5e-07   28.3   0.0   1   1   8.5e-09   6.9e-07   27.7   0.0     2    88     9    97     8   185 0.80 # 2311 # 3213 # -1 # ID=40_3;partial=00;start_type=ATG;rbs_motif=GGA/GAG/AGG;rbs_spacer=5-10bp;gc_cont=0.668
contig00033_2        -            304 27577at72274         -            251     5e-07   28.2   0.1   1   2   1.7e-08   1.4e-06   26.8   0.0     2    78     4    82     3    98 0.87 # 1976 # 2887 # 1 # ID=33_2;partial=00;start_type=ATG;rbs_motif=None;rbs_spacer=None;gc_cont=0.693
contig00033_2        -            304 27577at72274         -            251     5e-07   28.2   0.1   2   2         9   7.3e+02   -1.8   0.0    54    76   277   299   260   302 0.75 # 1976 # 2887 # 1 # ID=33_2;partial=00;start_type=ATG;rbs_motif=None;rbs_spacer=None;gc_cont=0.693
contig00714_1        -            121 27577at72274         -            251   8.8e-07   27.4   0.0   1   1   1.1e-08     9e-07   27.3   0.0     2   106     8   118     7   121 0.74 # 3 # 365 # -1 # ID=714_1;partial=10;start_type=ATG;rbs_motif=AGxAGG/AGGxGG;rbs_spacer=3-4bp;gc_cont=0.661
contig01039_3        -            314 27577at72274         -            251   1.6e-06   26.5   0.0   1   1   3.9e-08   3.2e-06   25.5   0.0     8   116     7   122     2   141 0.80 # 982 # 1923 # -1 # ID=1039_3;partial=01;start_type=Edge;rbs_motif=None;rbs_spacer=None;gc_cont=0.706
contig02224_2        -            137 27577at72274         -            251   2.1e-06   26.2   0.0   1   1   2.6e-08   2.1e-06   26.2   0.0     5    80     6    82     2   131 0.87 # 563 # 973 # 1 # ID=2224_2;partial=01;start_type=TTG;rbs_motif=AGGA;rbs_spacer=5-10bp;gc_cont=0.710
contig00957_1        -             99 27577at72274         -            251   2.4e-06   26.0   0.0   1   1   3.1e-08   2.5e-06   25.9   0.0     1    91     1    97     1    99 0.77 # 3 # 299 # -1 # ID=957_1;partial=10;start_type=ATG;rbs_motif=AGGA;rbs_spacer=5-10bp;gc_cont=0.727
contig00722_3        -             59 27577at72274         -            251   4.2e-06   25.2   0.0   1   1   5.8e-08   4.7e-06   25.0   0.0     4    49    13    58    11    59 0.94 # 2231 # 2407 # 1 # ID=722_3;partial=01;start_type=ATG;rbs_motif=None;rbs_spacer=None;gc_cont=0.650
contig00778_1        -            260 27577at72274         -            251   8.3e-06   24.2   0.0   1   1   2.5e-07     2e-05   22.9   0.0    71   226    13   188     1   195 0.69 # 1 # 780 # 1 # ID=778_1;partial=10;start_type=Edge;rbs_motif=None;rbs_spacer=None;gc_cont=0.636
contig03185_1        -            186 27577at72274         -            251   1.1e-05   23.7   0.0   1   1   3.2e-07   2.6e-05   22.6   0.0    14   120     9   123     2   184 0.70 # 1 # 558 # 1 # ID=3185_1;partial=11;start_type=Edge;rbs_motif=None;rbs_spacer=None;gc_cont=0.715
contig00864_2        -            299 27577at72274         -            251   1.4e-05   23.5   0.1   1   1     3e-07   2.4e-05   22.6   0.1     2   117    13   135    12   142 0.82 # 942 # 1838 # -1 # ID=864_2;partial=00;start_type=ATG;rbs_motif=None;rbs_spacer=None;gc_cont=0.697
contig00946_3        -            293 27577at72274         -            251   1.5e-05   23.3   0.0   1   1   2.5e-07   2.1e-05   22.9   0.0     7   137     5   140     1   146 0.76 # 1174 # 2052 # -1 # ID=946_3;partial=01;start_type=Edge;rbs_motif=None;rbs_spacer=None;gc_cont=0.689
contig01607_2        -            136 27577at72274         -            251   1.7e-05   23.1   0.0   1   1   2.6e-07   2.1e-05   22.9   0.0     2    73    14    87    13    99 0.85 # 959 # 1366 # 1 # ID=1607_2;partial=01;start_type=ATG;rbs_motif=GGA/GAG/AGG;rbs_spacer=11-12bp;gc_cont=0.696
contig02898_1        -            135 27577at72274         -            251   0.00017   19.9   0.1   1   1   2.6e-06   0.00021   19.6   0.1    11    76    20    87    10   133 0.73 # 3 # 407 # -1 # ID=2898_1;partial=10;start_type=ATG;rbs_motif=None;rbs_spacer=None;gc_cont=0.701
contig02618_1        -            172 27577at72274         -            251   0.00033   18.9   0.0   1   1   5.8e-06   0.00047   18.4   0.0   159   216    50   109    43   117 0.81 # 1 # 516 # 1 # ID=2618_1;partial=10;start_type=Edge;rbs_motif=None;rbs_spacer=None;gc_cont=0.674
contig00429_3        -            311 27577at72274         -            251   0.00081   17.7   0.0   1   1   1.4e-05    0.0011   17.2   0.0     4    79     7    84     1    93 0.79 # 1006 # 1938 # 1 # ID=429_3;partial=00;start_type=ATG;rbs_motif=None;rbs_spacer=None;gc_cont=0.657
contig01251_1        -            159 27577at72274         -            251   0.00088   17.5   0.0   1   1   1.4e-05    0.0011   17.2   0.0     3    71    28    98    21   110 0.80 # 1 # 477 # -1 # ID=1251_1;partial=10;start_type=ATG;rbs_motif=None;rbs_spacer=None;gc_cont=0.623
contig00141_1        -            245 27577at72274         -            251     0.005   15.1   0.0   1   2      0.25        20    3.3   0.0    53   104     3    58     1    87 0.76 # 1 # 735 # 1 # ID=141_1;partial=10;start_type=Edge;rbs_motif=None;rbs_spacer=None;gc_cont=0.597
contig00141_1        -            245 27577at72274         -            251     0.005   15.1   0.0   2   2    0.0022      0.18   10.0   0.0   139   176   104   145    93   195 0.70 # 1 # 735 # 1 # ID=141_1;partial=10;start_type=Edge;rbs_motif=None;rbs_spacer=None;gc_cont=0.597
contig01752_1        -            289 27577at72274         -            251     0.012   13.9   0.0   1   1    0.0002     0.016   13.4   0.0     2    76     6    82     5   108 0.85 # 143 # 1009 # 1 # ID=1752_1;partial=00;start_type=ATG;rbs_motif=AGGA;rbs_spacer=5-10bp;gc_cont=0.732
contig01453_2        -            256 27577at72274         -            251     0.029   12.6   0.0   1   2   0.00085     0.069   11.3   0.0    54   120     5    76     1   101 0.82 # 711 # 1478 # -1 # ID=1453_2;partial=01;start_type=Edge;rbs_motif=None;rbs_spacer=None;gc_cont=0.672
contig01453_2        -            256 27577at72274         -            251     0.029   12.6   0.0   2   2       9.6   7.7e+02   -1.9   0.0   163   225   130   191   118   202 0.61 # 711 # 1478 # -1 # ID=1453_2;partial=01;start_type=Edge;rbs_motif=None;rbs_spacer=None;gc_cont=0.672
contig02575_1        -            269 27577at72274         -            251     0.034   12.3   0.0   1   1   0.00051     0.041   12.1   0.0    25   119     4   108     1   149 0.73 # 1 # 807 # -1 # ID=2575_1;partial=11;start_type=Edge;rbs_motif=None;rbs_spacer=None;gc_cont=0.689
#
# Program:         hmmsearch
# Version:         3.1b2 (February 2015)
# Pipeline mode:   SEARCH
# Query file:      /home/johngn/Microbial-Genomics-Journey-Workshop-2023/Reads_session_3/busco_downloads/lineages/pseudomonadales_odb10/hmms/27577at72274.hmm
# Target file:     /home/johngn/Microbial-Genomics-Journey-Workshop-2023/Reads_session_3/busco_op4/prodigal_output/predicted_genes/predicted.faa
# Option settings: hmmsearch --domtblout /home/johngn/Microbial-Genomics-Journey-Workshop-2023/Reads_session_3/busco_op4/run_pseudomonadales_odb10/hmmer_output/27577at72274.out --cpu 1 /home/johngn/Microbial-Genomics-Journey-Workshop-2023/Reads_session_3/busco_downloads/lineages/pseudomonadales_odb10/hmms/27577at72274.hmm /home/johngn/Microbial-Genomics-Journey-Workshop-2023/Reads_session_3/busco_op4/prodigal_output/predicted_genes/predicted.faa 
# Current dir:     /home/johngn/Microbial-Genomics-Journey-Workshop-2023/Reads_session_3
# Date:            Wed Mar  8 17:01:19 2023
# [ok]
