#                                                                            --- full sequence --- -------------- this domain -------------   hmm coord   ali coord   env coord
# target name        accession   tlen query name           accession   qlen   E-value  score  bias   #  of  c-Evalue  i-Evalue  score  bias  from    to  from    to  from    to  acc description of target
#------------------- ---------- ----- -------------------- ---------- ----- --------- ------ ----- --- --- --------- --------- ------ ----- ----- ----- ----- ----- ----- ----- ---- ---------------------
contig00778_1        -            260 27713at72274         -            242   2.9e-75  251.9   0.2   1   2   1.2e-27   1.1e-25   89.5   0.1    64   132     7    87     3    97 0.92 # 1 # 780 # 1 # ID=778_1;partial=10;start_type=Edge;rbs_motif=None;rbs_spacer=None;gc_cont=0.636
contig00778_1        -            260 27713at72274         -            242   2.9e-75  251.9   0.2   2   2   2.6e-49   2.4e-47  160.5   0.0   132   242   104   228    98   228 0.93 # 1 # 780 # 1 # ID=778_1;partial=10;start_type=Edge;rbs_motif=None;rbs_spacer=None;gc_cont=0.636
contig00202_4        -            298 27713at72274         -            242   9.4e-18   63.6   0.0   1   2   3.2e-14   2.9e-12   45.6   0.0     6   110     9   120     1   145 0.81 # 2149 # 3042 # -1 # ID=202_4;partial=00;start_type=ATG;rbs_motif=GGAGG;rbs_spacer=5-10bp;gc_cont=0.680
contig00202_4        -            298 27713at72274         -            242   9.4e-18   63.6   0.0   2   2   3.3e-05     0.003   16.1   0.0   134   207   169   243   166   261 0.82 # 2149 # 3042 # -1 # ID=202_4;partial=00;start_type=ATG;rbs_motif=GGAGG;rbs_spacer=5-10bp;gc_cont=0.680
contig00658_1        -            294 27713at72274         -            242   6.4e-15   54.3   0.0   1   2   5.2e-12   4.7e-10   38.3   0.0     4   110     9   119     5   131 0.77 # 68 # 949 # 1 # ID=658_1;partial=00;start_type=ATG;rbs_motif=None;rbs_spacer=None;gc_cont=0.694
contig00658_1        -            294 27713at72274         -            242   6.4e-15   54.3   0.0   2   2   0.00015     0.014   13.9   0.0   135   213   168   247   156   261 0.87 # 68 # 949 # 1 # ID=658_1;partial=00;start_type=ATG;rbs_motif=None;rbs_spacer=None;gc_cont=0.694
contig00075_6        -            287 27713at72274         -            242     1e-13   50.3   0.0   1   2   2.7e-09   2.4e-07   29.5   0.0     1    74     1    76     1   117 0.82 # 4141 # 5001 # -1 # ID=75_6;partial=00;start_type=ATG;rbs_motif=GGA/GAG/AGG;rbs_spacer=5-10bp;gc_cont=0.690
contig00075_6        -            287 27713at72274         -            242     1e-13   50.3   0.0   2   2   4.3e-06   0.00039   19.0   0.0   134   210   165   243   157   249 0.90 # 4141 # 5001 # -1 # ID=75_6;partial=00;start_type=ATG;rbs_motif=GGA/GAG/AGG;rbs_spacer=5-10bp;gc_cont=0.690
contig00336_4        -            306 27713at72274         -            242     1e-13   50.3   0.0   1   2   4.2e-11   3.8e-09   35.4   0.0     2   109     4   120     3   128 0.77 # 2471 # 3388 # 1 # ID=336_4;partial=00;start_type=ATG;rbs_motif=GGA/GAG/AGG;rbs_spacer=5-10bp;gc_cont=0.676
contig00336_4        -            306 27713at72274         -            242     1e-13   50.3   0.0   2   2   0.00031     0.028   12.9   0.0   132   210   168   246   150   252 0.87 # 2471 # 3388 # 1 # ID=336_4;partial=00;start_type=ATG;rbs_motif=GGA/GAG/AGG;rbs_spacer=5-10bp;gc_cont=0.676
contig00254_5        -            298 27713at72274         -            242   2.9e-13   48.9   0.0   1   2   3.8e-14   3.5e-12   45.3   0.0     3   121     5   131     3   148 0.80 # 2782 # 3675 # 1 # ID=254_5;partial=00;start_type=ATG;rbs_motif=GGA/GAG/AGG;rbs_spacer=5-10bp;gc_cont=0.709
contig00254_5        -            298 27713at72274         -            242   2.9e-13   48.9   0.0   2   2         1        92    1.4   0.0   131   210   165   246   162   260 0.73 # 2782 # 3675 # 1 # ID=254_5;partial=00;start_type=ATG;rbs_motif=GGA/GAG/AGG;rbs_spacer=5-10bp;gc_cont=0.709
contig00915_2        -            305 27713at72274         -            242   1.5e-12   46.5   0.0   1   2   1.9e-10   1.8e-08   33.2   0.0     3    79    12    91     8   134 0.74 # 850 # 1764 # 1 # ID=915_2;partial=00;start_type=ATG;rbs_motif=GGAG/GAGG;rbs_spacer=5-10bp;gc_cont=0.716
contig00915_2        -            305 27713at72274         -            242   1.5e-12   46.5   0.0   2   2    0.0018      0.17   10.4   0.0   129   179   170   222   166   284 0.79 # 850 # 1764 # 1 # ID=915_2;partial=00;start_type=ATG;rbs_motif=GGAG/GAGG;rbs_spacer=5-10bp;gc_cont=0.716
contig00135_4        -            316 27713at72274         -            242   2.2e-12   46.0   0.0   1   2   2.1e-10   1.9e-08   33.1   0.1     2   112    12   128     8   163 0.79 # 4215 # 5162 # 1 # ID=135_4;partial=01;start_type=ATG;rbs_motif=GGA/GAG/AGG;rbs_spacer=5-10bp;gc_cont=0.664
contig00135_4        -            316 27713at72274         -            242   2.2e-12   46.0   0.0   2   2    0.0013      0.12   10.8   0.0   133   208   173   249   167   267 0.85 # 4215 # 5162 # 1 # ID=135_4;partial=01;start_type=ATG;rbs_motif=GGA/GAG/AGG;rbs_spacer=5-10bp;gc_cont=0.664
contig01114_2        -            302 27713at72274         -            242   2.3e-12   45.9   0.0   1   2   2.9e-10   2.6e-08   32.6   0.0     1   117     1   128     1   153 0.77 # 328 # 1233 # 1 # ID=1114_2;partial=00;start_type=GTG;rbs_motif=GGAGG;rbs_spacer=5-10bp;gc_cont=0.691
contig01114_2        -            302 27713at72274         -            242   2.3e-12   45.9   0.0   2   2   0.00094     0.086   11.3   0.0   131   205   165   245   157   251 0.78 # 328 # 1233 # 1 # ID=1114_2;partial=00;start_type=GTG;rbs_motif=GGAGG;rbs_spacer=5-10bp;gc_cont=0.691
contig02983_1        -            120 27713at72274         -            242   2.7e-12   45.7   0.0   1   1   3.5e-14   3.1e-12   45.5   0.0     3   106     6   119     4   120 0.73 # 267 # 626 # 1 # ID=2983_1;partial=01;start_type=GTG;rbs_motif=GGAG/GAGG;rbs_spacer=5-10bp;gc_cont=0.669
contig00524_2        -            311 27713at72274         -            242   3.3e-12   45.4   0.0   1   2   2.8e-12   2.5e-10   39.2   0.0     1   106     1   115     1   121 0.84 # 1022 # 1954 # -1 # ID=524_2;partial=00;start_type=ATG;rbs_motif=GGA/GAG/AGG;rbs_spacer=5-10bp;gc_cont=0.667
contig00524_2        -            311 27713at72274         -            242   3.3e-12   45.4   0.0   2   2      0.14        13    4.2   0.0   133   211   167   249   162   261 0.79 # 1022 # 1954 # -1 # ID=524_2;partial=00;start_type=ATG;rbs_motif=GGA/GAG/AGG;rbs_spacer=5-10bp;gc_cont=0.667
contig01030_1        -             72 27713at72274         -            242   5.4e-11   41.4   0.0   1   1   6.3e-13   5.7e-11   41.3   0.0     3    61     6    63     1    70 0.82 # 3 # 218 # -1 # ID=1030_1;partial=10;start_type=ATG;rbs_motif=GGA/GAG/AGG;rbs_spacer=5-10bp;gc_cont=0.676
contig00943_1        -            300 27713at72274         -            242   8.8e-11   40.7   0.1   1   2   3.3e-06    0.0003   19.3   0.0     9    58     8    57     1   111 0.74 # 1 # 900 # 1 # ID=943_1;partial=10;start_type=Edge;rbs_motif=None;rbs_spacer=None;gc_cont=0.660
contig00943_1        -            300 27713at72274         -            242   8.8e-11   40.7   0.1   2   2   2.9e-06   0.00026   19.5   0.0   133   202   165   235   159   245 0.89 # 1 # 900 # 1 # ID=943_1;partial=10;start_type=Edge;rbs_motif=None;rbs_spacer=None;gc_cont=0.660
contig00692_2        -            307 27713at72274         -            242   9.2e-11   40.7   0.0   1   2   6.4e-12   5.8e-10   38.1   0.0     1   115     1   125     1   152 0.79 # 690 # 1610 # -1 # ID=692_2;partial=00;start_type=ATG;rbs_motif=GGA/GAG/AGG;rbs_spacer=11-12bp;gc_cont=0.689
contig00692_2        -            307 27713at72274         -            242   9.2e-11   40.7   0.0   2   2       2.1   1.9e+02    0.4   0.0   133   210   167   245   161   252 0.86 # 690 # 1610 # -1 # ID=692_2;partial=00;start_type=ATG;rbs_motif=GGA/GAG/AGG;rbs_spacer=11-12bp;gc_cont=0.689
contig00510_4        -            192 27713at72274         -            242   1.3e-10   40.2   0.0   1   2   3.9e-12   3.5e-10   38.8   0.0     3   110     7   121     5   128 0.70 # 2340 # 2915 # 1 # ID=510_4;partial=01;start_type=ATG;rbs_motif=GGAG/GAGG;rbs_spacer=5-10bp;gc_cont=0.681
contig00510_4        -            192 27713at72274         -            242   1.3e-10   40.2   0.0   2   2       8.3   7.5e+02   -1.6   0.0   128   142   163   177   142   184 0.64 # 2340 # 2915 # 1 # ID=510_4;partial=01;start_type=ATG;rbs_motif=GGAG/GAGG;rbs_spacer=5-10bp;gc_cont=0.681
contig01123_1        -            224 27713at72274         -            242   2.4e-10   39.3   0.0   1   1   3.5e-12   3.1e-10   38.9   0.0     1   110    32   150    32   179 0.72 # 3 # 674 # -1 # ID=1123_1;partial=10;start_type=ATG;rbs_motif=GGAG/GAGG;rbs_spacer=5-10bp;gc_cont=0.652
contig00562_3        -            297 27713at72274         -            242   9.9e-10   37.3   0.0   1   2     4e-07   3.6e-05   22.4   0.0     8   104    13   115     4   128 0.80 # 1875 # 2765 # 1 # ID=562_3;partial=01;start_type=ATG;rbs_motif=GGAG/GAGG;rbs_spacer=5-10bp;gc_cont=0.687
contig00562_3        -            297 27713at72274         -            242   9.9e-10   37.3   0.0   2   2   0.00028     0.026   13.0   0.0   124   210   159   247   147   269 0.86 # 1875 # 2765 # 1 # ID=562_3;partial=01;start_type=ATG;rbs_motif=GGAG/GAGG;rbs_spacer=5-10bp;gc_cont=0.687
contig00092_3        -            303 27713at72274         -            242     3e-09   35.7   0.0   1   1     6e-11   5.5e-09   34.9   0.0     2    82     3    89     2   106 0.87 # 1241 # 2149 # 1 # ID=92_3;partial=00;start_type=ATG;rbs_motif=GGA/GAG/AGG;rbs_spacer=5-10bp;gc_cont=0.706
contig00680_1        -            150 27713at72274         -            242   3.7e-09   35.4   0.0   1   1   4.8e-11   4.4e-09   35.2   0.0     3   109    13   125    11   135 0.78 # 3 # 452 # -1 # ID=680_1;partial=10;start_type=ATG;rbs_motif=AGGA;rbs_spacer=5-10bp;gc_cont=0.669
contig00143_1        -            291 27713at72274         -            242   5.1e-09   35.0   0.0   1   2   5.5e-09     5e-07   28.4   0.0     1    63     1    64     1   132 0.75 # 50 # 922 # 1 # ID=143_1;partial=00;start_type=ATG;rbs_motif=GGAGG;rbs_spacer=3-4bp;gc_cont=0.712
contig00143_1        -            291 27713at72274         -            242   5.1e-09   35.0   0.0   2   2     0.092       8.3    4.8   0.0   130   205   161   239   154   260 0.74 # 50 # 922 # 1 # ID=143_1;partial=00;start_type=ATG;rbs_motif=GGAGG;rbs_spacer=3-4bp;gc_cont=0.712
contig01520_2        -            310 27713at72274         -            242   6.2e-09   34.7   0.0   1   1   1.4e-10   1.2e-08   33.7   0.0     4   113    16   132    10   145 0.84 # 453 # 1382 # 1 # ID=1520_2;partial=00;start_type=ATG;rbs_motif=None;rbs_spacer=None;gc_cont=0.687
contig00243_4        -            300 27713at72274         -            242   1.5e-08   33.4   0.0   1   1   2.2e-10     2e-08   33.0   0.0    14   110    19   120     4   144 0.75 # 2998 # 3897 # 1 # ID=243_4;partial=00;start_type=ATG;rbs_motif=GGAG/GAGG;rbs_spacer=5-10bp;gc_cont=0.691
contig00178_6        -            303 27713at72274         -            242   1.8e-08   33.2   0.0   1   1   2.8e-10   2.5e-08   32.7   0.0     6   109     9   119     1   128 0.80 # 3481 # 4389 # 1 # ID=178_6;partial=00;start_type=ATG;rbs_motif=GGA/GAG/AGG;rbs_spacer=5-10bp;gc_cont=0.715
contig02702_1        -            208 27713at72274         -            242   2.1e-08   33.0   0.0   1   2   2.6e-08   2.4e-06   26.2   0.0     4    63     8    66     2   125 0.82 # 132 # 755 # 1 # ID=2702_1;partial=01;start_type=ATG;rbs_motif=GGAG/GAGG;rbs_spacer=5-10bp;gc_cont=0.704
contig02702_1        -            208 27713at72274         -            242   2.1e-08   33.0   0.0   2   2     0.076       6.9    5.1   0.0   121   159   158   198   151   205 0.79 # 132 # 755 # 1 # ID=2702_1;partial=01;start_type=ATG;rbs_motif=GGAG/GAGG;rbs_spacer=5-10bp;gc_cont=0.704
contig02621_1        -            261 27713at72274         -            242   3.6e-08   32.2   0.0   1   1   7.6e-10   6.9e-08   31.3   0.0    18    68     1    50     1   101 0.72 # 3 # 785 # 1 # ID=2621_1;partial=11;start_type=Edge;rbs_motif=None;rbs_spacer=None;gc_cont=0.725
contig00167_6        -            176 27713at72274         -            242   4.5e-08   31.9   0.1   1   1   6.3e-10   5.7e-08   31.5   0.1     3   106     5   115     3   138 0.83 # 4268 # 4795 # 1 # ID=167_6;partial=01;start_type=ATG;rbs_motif=GGAG/GAGG;rbs_spacer=5-10bp;gc_cont=0.686
contig02050_2        -            295 27713at72274         -            242   6.4e-08   31.4   0.0   1   2   2.1e-09   1.9e-07   29.8   0.0     3    72     5    81     3    97 0.79 # 98 # 982 # -1 # ID=2050_2;partial=00;start_type=ATG;rbs_motif=GGAG/GAGG;rbs_spacer=5-10bp;gc_cont=0.706
contig02050_2        -            295 27713at72274         -            242   6.4e-08   31.4   0.0   2   2       8.4   7.6e+02   -1.6   0.0   130   167   168   209   166   215 0.67 # 98 # 982 # -1 # ID=2050_2;partial=00;start_type=ATG;rbs_motif=GGAG/GAGG;rbs_spacer=5-10bp;gc_cont=0.706
contig00199_5        -            297 27713at72274         -            242   7.1e-08   31.2   0.0   1   1   1.7e-09   1.5e-07   30.1   0.0    14    96    19   109     7   150 0.82 # 3251 # 4141 # 1 # ID=199_5;partial=00;start_type=ATG;rbs_motif=GGA/GAG/AGG;rbs_spacer=5-10bp;gc_cont=0.707
contig01213_3        -            217 27713at72274         -            242   8.2e-08   31.0   0.0   1   1   1.3e-09   1.2e-07   30.5   0.0    13   109    20   121     7   142 0.79 # 1056 # 1706 # 1 # ID=1213_3;partial=01;start_type=ATG;rbs_motif=GGAG/GAGG;rbs_spacer=5-10bp;gc_cont=0.677
contig01297_1        -            146 27713at72274         -            242   1.3e-07   30.3   0.0   1   1   1.8e-09   1.6e-07   30.0   0.0     1   112     1   122     1   127 0.80 # 2 # 439 # -1 # ID=1297_1;partial=10;start_type=ATG;rbs_motif=None;rbs_spacer=None;gc_cont=0.671
contig00051_1        -            147 27713at72274         -            242   1.6e-07   30.0   0.0   1   1   2.3e-09     2e-07   29.7   0.0     2   106     6   115     4   130 0.84 # 3 # 443 # -1 # ID=51_1;partial=10;start_type=ATG;rbs_motif=GGAG/GAGG;rbs_spacer=5-10bp;gc_cont=0.687
contig00935_3        -            242 27713at72274         -            242   1.9e-07   29.8   0.0   1   1   3.7e-09   3.3e-07   29.0   0.0     4   100    12   111     6   126 0.75 # 1340 # 2065 # 1 # ID=935_3;partial=01;start_type=ATG;rbs_motif=AGGAG;rbs_spacer=5-10bp;gc_cont=0.700
contig02407_2        -            183 27713at72274         -            242   2.3e-07   29.6   0.0   1   1   3.3e-09     3e-07   29.2   0.0     3    65     3    67     1    76 0.84 # 331 # 879 # 1 # ID=2407_2;partial=01;start_type=ATG;rbs_motif=GGA/GAG/AGG;rbs_spacer=5-10bp;gc_cont=0.676
contig01371_2        -            296 27713at72274         -            242   3.2e-07   29.1   0.0   1   1   4.9e-09   4.5e-07   28.6   0.0     8    77     7    76     1    89 0.74 # 671 # 1558 # -1 # ID=1371_2;partial=01;start_type=Edge;rbs_motif=None;rbs_spacer=None;gc_cont=0.687
contig03078_1        -            140 27713at72274         -            242   6.2e-07   28.1   0.0   1   1   7.8e-09   7.1e-07   27.9   0.0     5   106     7   109     2   133 0.79 # 3 # 422 # -1 # ID=3078_1;partial=10;start_type=ATG;rbs_motif=GGAG/GAGG;rbs_spacer=5-10bp;gc_cont=0.731
contig01607_2        -            136 27713at72274         -            242   6.3e-07   28.1   0.0   1   1   8.8e-09     8e-07   27.8   0.0     5    52    20    67    16    84 0.87 # 959 # 1366 # 1 # ID=1607_2;partial=01;start_type=ATG;rbs_motif=GGA/GAG/AGG;rbs_spacer=11-12bp;gc_cont=0.696
contig01120_1        -            311 27713at72274         -            242   6.7e-07   28.0   0.0   1   1   1.1e-08   9.9e-07   27.5   0.0    13   110    17   121     6   134 0.78 # 53 # 985 # 1 # ID=1120_1;partial=00;start_type=ATG;rbs_motif=None;rbs_spacer=None;gc_cont=0.696
contig00760_2        -            304 27713at72274         -            242   6.8e-07   28.0   0.0   1   1   1.1e-08   9.7e-07   27.5   0.0     3   109     7   116     5   147 0.75 # 679 # 1590 # 1 # ID=760_2;partial=00;start_type=ATG;rbs_motif=GGA/GAG/AGG;rbs_spacer=5-10bp;gc_cont=0.701
contig01475_1        -            130 27713at72274         -            242   8.8e-07   27.6   0.0   1   1   1.1e-08     1e-06   27.4   0.0     6   104    10   112     4   119 0.77 # 1 # 390 # -1 # ID=1475_1;partial=10;start_type=ATG;rbs_motif=GGAG/GAGG;rbs_spacer=5-10bp;gc_cont=0.690
contig01057_1        -            310 27713at72274         -            242   9.2e-07   27.6   0.0   1   1   1.5e-08   1.3e-06   27.1   0.0    11   100    23   115    14   141 0.75 # 2 # 931 # 1 # ID=1057_1;partial=10;start_type=Edge;rbs_motif=None;rbs_spacer=None;gc_cont=0.692
contig00725_3        -            297 27713at72274         -            242   1.3e-06   27.1   0.0   1   1     2e-08   1.8e-06   26.6   0.0    14    83    22    91     9   123 0.82 # 1399 # 2289 # -1 # ID=725_3;partial=00;start_type=TTG;rbs_motif=GGAG/GAGG;rbs_spacer=5-10bp;gc_cont=0.704
contig00079_6        -            303 27713at72274         -            242   3.5e-06   25.7   0.0   1   1   5.5e-08     5e-06   25.2   0.0     9   113    22   133    12   152 0.80 # 5408 # 6316 # 1 # ID=79_6;partial=01;start_type=ATG;rbs_motif=AGGA;rbs_spacer=5-10bp;gc_cont=0.677
contig01959_2        -             81 27713at72274         -            242     4e-06   25.5   0.1   1   1     5e-08   4.5e-06   25.3   0.1     9    64    13    67     7    80 0.82 # 867 # 1109 # 1 # ID=1959_2;partial=01;start_type=ATG;rbs_motif=GGAG/GAGG;rbs_spacer=5-10bp;gc_cont=0.708
contig00043_5        -            309 27713at72274         -            242     4e-06   25.5   0.0   1   1     6e-08   5.5e-06   25.0   0.0    10    63    31    83    21    99 0.89 # 3702 # 4628 # -1 # ID=43_5;partial=00;start_type=ATG;rbs_motif=GGA/GAG/AGG;rbs_spacer=5-10bp;gc_cont=0.714
contig02678_2        -            115 27713at72274         -            242   4.1e-06   25.5   0.0   1   1   4.5e-08   4.1e-06   25.5   0.0     2    64     8    72     7   111 0.85 # 420 # 764 # 1 # ID=2678_2;partial=01;start_type=ATG;rbs_motif=None;rbs_spacer=None;gc_cont=0.696
contig00901_1        -             88 27713at72274         -            242   4.9e-06   25.2   0.1   1   1   6.4e-08   5.8e-06   24.9   0.1     8    67    17    76    10    84 0.83 # 3 # 266 # -1 # ID=901_1;partial=10;start_type=ATG;rbs_motif=GGAG/GAGG;rbs_spacer=5-10bp;gc_cont=0.667
contig00092_5        -            312 27713at72274         -            242   6.1e-06   24.9   0.0   1   2   5.1e-05    0.0046   15.5   0.0     5    68    11    73     6    82 0.84 # 3572 # 4507 # 1 # ID=92_5;partial=00;start_type=ATG;rbs_motif=GGA/GAG/AGG;rbs_spacer=5-10bp;gc_cont=0.697
contig00092_5        -            312 27713at72274         -            242   6.1e-06   24.9   0.0   2   2     0.018       1.6    7.1   0.0   121   213   156   252   150   263 0.73 # 3572 # 4507 # 1 # ID=92_5;partial=00;start_type=ATG;rbs_motif=GGA/GAG/AGG;rbs_spacer=5-10bp;gc_cont=0.697
contig00308_3        -            303 27713at72274         -            242   6.4e-06   24.8   0.0   1   1   1.2e-07   1.1e-05   24.1   0.0     5   112    12   126     8   138 0.83 # 2156 # 3064 # -1 # ID=308_3;partial=00;start_type=ATG;rbs_motif=None;rbs_spacer=None;gc_cont=0.693
contig01091_1        -            130 27713at72274         -            242   6.7e-06   24.7   0.0   1   1   8.4e-08   7.6e-06   24.6   0.0    12   100    17   111     4   118 0.71 # 1 # 390 # -1 # ID=1091_1;partial=10;start_type=GTG;rbs_motif=AGGA/GGAG/GAGG;rbs_spacer=11-12bp;gc_cont=0.690
contig03085_1        -             78 27713at72274         -            242   7.2e-06   24.6   0.0   1   1     8e-08   7.2e-06   24.6   0.0     9    62    12    64     1    77 0.80 # 1 # 234 # -1 # ID=3085_1;partial=10;start_type=ATG;rbs_motif=None;rbs_spacer=None;gc_cont=0.645
contig01103_2        -            114 27713at72274         -            242   7.6e-06   24.6   0.1   1   1   8.4e-08   7.6e-06   24.6   0.1     4    71     8    78     3   111 0.81 # 1505 # 1846 # 1 # ID=1103_2;partial=01;start_type=ATG;rbs_motif=AGGAG;rbs_spacer=5-10bp;gc_cont=0.667
contig00376_3        -            296 27713at72274         -            242   8.6e-06   24.4   0.0   1   1   1.3e-07   1.2e-05   24.0   0.0    11    62    19    69     8    90 0.85 # 786 # 1673 # -1 # ID=376_3;partial=00;start_type=ATG;rbs_motif=None;rbs_spacer=None;gc_cont=0.722
contig01929_1        -            193 27713at72274         -            242   1.6e-05   23.5   0.0   1   1   2.4e-07   2.2e-05   23.1   0.0     9   111    13   122     3   137 0.72 # 3 # 581 # -1 # ID=1929_1;partial=10;start_type=ATG;rbs_motif=AGGAG;rbs_spacer=5-10bp;gc_cont=0.691
contig01227_1        -             75 27713at72274         -            242   1.7e-05   23.4   0.0   1   1   2.1e-07   1.9e-05   23.3   0.0     8    64    12    67     2    73 0.80 # 3 # 227 # -1 # ID=1227_1;partial=10;start_type=ATG;rbs_motif=GGAG/GAGG;rbs_spacer=5-10bp;gc_cont=0.720
contig00057_1        -            305 27713at72274         -            242   1.8e-05   23.3   0.0   1   1   2.6e-07   2.4e-05   22.9   0.0    15    81    22    87     8   157 0.74 # 1 # 915 # 1 # ID=57_1;partial=10;start_type=Edge;rbs_motif=None;rbs_spacer=None;gc_cont=0.680
contig03260_1        -            176 27713at72274         -            242   1.8e-05   23.3   0.0   1   1   2.3e-07   2.1e-05   23.1   0.0     9    69    22    81    12   132 0.79 # 1 # 528 # -1 # ID=3260_1;partial=11;start_type=Edge;rbs_motif=None;rbs_spacer=None;gc_cont=0.686
contig00857_1        -            303 27713at72274         -            242     2e-05   23.2   0.0   1   1   3.1e-07   2.9e-05   22.7   0.0    15    63    23    70    14   129 0.69 # 23 # 931 # -1 # ID=857_1;partial=00;start_type=ATG;rbs_motif=GGAG/GAGG;rbs_spacer=5-10bp;gc_cont=0.673
contig00173_3        -            303 27713at72274         -            242   2.4e-05   22.9   0.0   1   1   8.1e-07   7.3e-05   21.3   0.0     7    72    11    75     6   128 0.69 # 1720 # 2628 # 1 # ID=173_3;partial=00;start_type=ATG;rbs_motif=GGA/GAG/AGG;rbs_spacer=5-10bp;gc_cont=0.667
contig01107_3        -            248 27713at72274         -            242     3e-05   22.6   0.0   1   1   5.1e-07   4.6e-05   22.0   0.0    11    64    15    67     2   123 0.67 # 1089 # 1832 # 1 # ID=1107_3;partial=01;start_type=ATG;rbs_motif=AGGA;rbs_spacer=5-10bp;gc_cont=0.722
contig00090_5        -            302 27713at72274         -            242   3.1e-05   22.5   0.4   1   1   5.5e-07     5e-05   21.9   0.1     4   111     8   122     5   145 0.81 # 5121 # 6026 # 1 # ID=90_5;partial=01;start_type=ATG;rbs_motif=GGAG/GAGG;rbs_spacer=5-10bp;gc_cont=0.664
contig00040_3        -            301 27713at72274         -            242   3.8e-05   22.3   0.0   1   1   6.6e-07     6e-05   21.6   0.0     9    66    19    75     8    92 0.81 # 2311 # 3213 # -1 # ID=40_3;partial=00;start_type=ATG;rbs_motif=GGA/GAG/AGG;rbs_spacer=5-10bp;gc_cont=0.668
contig00998_2        -            302 27713at72274         -            242   4.4e-05   22.1   0.0   1   1   7.5e-07   6.8e-05   21.4   0.0     4   110     8   121     4   125 0.77 # 786 # 1691 # -1 # ID=998_2;partial=00;start_type=GTG;rbs_motif=None;rbs_spacer=None;gc_cont=0.687
contig02610_1        -            250 27713at72274         -            242   5.2e-05   21.8   0.0   1   1   1.4e-06   0.00013   20.6   0.0     2   111    14   133    13   158 0.74 # 3 # 752 # -1 # ID=2610_1;partial=10;start_type=ATG;rbs_motif=AGGAG/GGAGG;rbs_spacer=11-12bp;gc_cont=0.683
contig01467_3        -             98 27713at72274         -            242   7.5e-05   21.3   0.0   1   1   8.7e-07   7.8e-05   21.2   0.0     8    76    18    88    11    96 0.80 # 1178 # 1471 # 1 # ID=1467_3;partial=01;start_type=ATG;rbs_motif=GGA/GAG/AGG;rbs_spacer=5-10bp;gc_cont=0.673
contig01780_2        -            253 27713at72274         -            242   7.9e-05   21.2   0.0   1   1   1.3e-06   0.00011   20.7   0.0     9   105    14   116     4   125 0.79 # 474 # 1232 # 1 # ID=1780_2;partial=01;start_type=ATG;rbs_motif=None;rbs_spacer=None;gc_cont=0.659
contig00202_2        -            309 27713at72274         -            242     9e-05   21.1   0.0   1   1   1.4e-06   0.00013   20.6   0.0     9   111    18   126    11   141 0.79 # 689 # 1615 # 1 # ID=202_2;partial=00;start_type=ATG;rbs_motif=GGA/GAG/AGG;rbs_spacer=5-10bp;gc_cont=0.688
contig00242_3        -            296 27713at72274         -            242   0.00013   20.5   0.0   1   1   2.1e-06   0.00019   20.0   0.0     3   112     8   124     7   150 0.79 # 1942 # 2829 # 1 # ID=242_3;partial=00;start_type=ATG;rbs_motif=GGAG/GAGG;rbs_spacer=5-10bp;gc_cont=0.677
contig02224_2        -            137 27713at72274         -            242   0.00017   20.2   0.0   1   1   2.5e-06   0.00023   19.7   0.0     6    70    10    72     5    80 0.83 # 563 # 973 # 1 # ID=2224_2;partial=01;start_type=TTG;rbs_motif=AGGA;rbs_spacer=5-10bp;gc_cont=0.710
contig00002_25       -            302 27713at72274         -            242   0.00029   19.4   0.0   1   1   5.8e-06   0.00053   18.5   0.0     5    68    10    72     5   126 0.73 # 26267 # 27172 # 1 # ID=2_25;partial=00;start_type=ATG;rbs_motif=GGA/GAG/AGG;rbs_spacer=5-10bp;gc_cont=0.624
contig00958_3        -            168 27713at72274         -            242   0.00032   19.2   0.0   1   1   4.4e-06    0.0004   18.9   0.0    10    53    20    63     3    82 0.87 # 1535 # 2038 # 1 # ID=958_3;partial=01;start_type=ATG;rbs_motif=GGAG/GAGG;rbs_spacer=5-10bp;gc_cont=0.692
contig00040_7        -            301 27713at72274         -            242   0.00036   19.1   0.0   1   2   1.5e-05    0.0014   17.2   0.0     6    72    17    85    12   105 0.72 # 6726 # 7628 # 1 # ID=40_7;partial=00;start_type=ATG;rbs_motif=None;rbs_spacer=None;gc_cont=0.689
contig00040_7        -            301 27713at72274         -            242   0.00036   19.1   0.0   2   2       5.3   4.8e+02   -1.0   0.0   153   206   187   240   178   248 0.83 # 6726 # 7628 # 1 # ID=40_7;partial=00;start_type=ATG;rbs_motif=None;rbs_spacer=None;gc_cont=0.689
contig00532_1        -            288 27713at72274         -            242   0.00042   18.9   0.0   1   1   6.8e-06   0.00062   18.3   0.0    14    63    17    65     4    74 0.82 # 70 # 933 # 1 # ID=532_1;partial=00;start_type=ATG;rbs_motif=GGA/GAG/AGG;rbs_spacer=5-10bp;gc_cont=0.679
contig00957_1        -             99 27713at72274         -            242   0.00044   18.8   0.0   1   1   5.7e-06   0.00052   18.6   0.0    15    70    18    72     9    83 0.88 # 3 # 299 # -1 # ID=957_1;partial=10;start_type=ATG;rbs_motif=AGGA;rbs_spacer=5-10bp;gc_cont=0.727
contig00072_5        -            312 27713at72274         -            242   0.00048   18.7   0.0   1   1   7.4e-06   0.00067   18.2   0.0    23   111    28   123     4   129 0.78 # 3342 # 4277 # 1 # ID=72_5;partial=00;start_type=ATG;rbs_motif=GGAG/GAGG;rbs_spacer=5-10bp;gc_cont=0.685
contig01717_2        -            297 27713at72274         -            242   0.00048   18.7   0.0   1   1   7.9e-06   0.00071   18.1   0.0     6    52    11    57     4    83 0.86 # 396 # 1286 # 1 # ID=1717_2;partial=01;start_type=ATG;rbs_motif=GGA/GAG/AGG;rbs_spacer=5-10bp;gc_cont=0.670
contig00206_3        -            333 27713at72274         -            242   0.00049   18.6   0.0   1   2   0.00016     0.015   13.8   0.0    12    75    18    80     6   101 0.79 # 2154 # 3152 # -1 # ID=206_3;partial=00;start_type=ATG;rbs_motif=AGGA;rbs_spacer=5-10bp;gc_cont=0.627
contig00206_3        -            333 27713at72274         -            242   0.00049   18.6   0.0   2   2      0.37        34    2.8   0.0   129   158   166   196   139   239 0.83 # 2154 # 3152 # -1 # ID=206_3;partial=00;start_type=ATG;rbs_motif=AGGA;rbs_spacer=5-10bp;gc_cont=0.627
contig00033_2        -            304 27713at72274         -            242   0.00051   18.6   0.0   1   1   1.4e-05    0.0012   17.3   0.0     2   111     4   123     3   129 0.76 # 1976 # 2887 # 1 # ID=33_2;partial=00;start_type=ATG;rbs_motif=None;rbs_spacer=None;gc_cont=0.693
contig00438_4        -            241 27713at72274         -            242   0.00065   18.2   0.0   1   1     9e-06   0.00081   17.9   0.0    12   111    19   123     6   145 0.72 # 2365 # 3087 # 1 # ID=438_4;partial=01;start_type=ATG;rbs_motif=None;rbs_spacer=None;gc_cont=0.705
contig01519_1        -            145 27713at72274         -            242   0.00081   17.9   0.0   1   1   9.4e-06   0.00085   17.9   0.0     2    64    15    79    14   139 0.75 # 3 # 437 # -1 # ID=1519_1;partial=10;start_type=ATG;rbs_motif=GGA/GAG/AGG;rbs_spacer=5-10bp;gc_cont=0.680
contig02164_1        -            304 27713at72274         -            242   0.00082   17.9   0.0   1   1   1.3e-05    0.0012   17.4   0.0    14   104    15   111     4   137 0.77 # 1 # 912 # 1 # ID=2164_1;partial=10;start_type=Edge;rbs_motif=None;rbs_spacer=None;gc_cont=0.726
contig00838_2        -            304 27713at72274         -            242   0.00096   17.7   0.0   1   3   8.9e-05    0.0081   14.7   0.0     4    70     8    77     4   121 0.81 # 587 # 1498 # -1 # ID=838_2;partial=00;start_type=ATG;rbs_motif=GGAG/GAGG;rbs_spacer=5-10bp;gc_cont=0.698
contig00838_2        -            304 27713at72274         -            242   0.00096   17.7   0.0   2   3       4.5     4e+02   -0.7   0.0    97   121   161   185   152   192 0.89 # 587 # 1498 # -1 # ID=838_2;partial=00;start_type=ATG;rbs_motif=GGAG/GAGG;rbs_spacer=5-10bp;gc_cont=0.698
contig00838_2        -            304 27713at72274         -            242   0.00096   17.7   0.0   3   3       9.9     9e+02   -1.9   0.0    21    48   271   297   268   300 0.87 # 587 # 1498 # -1 # ID=838_2;partial=00;start_type=ATG;rbs_motif=GGAG/GAGG;rbs_spacer=5-10bp;gc_cont=0.698
contig00714_1        -            121 27713at72274         -            242    0.0019   16.7   0.0   1   1   2.3e-05     0.002   16.6   0.0    16    64    25    72     7   103 0.79 # 3 # 365 # -1 # ID=714_1;partial=10;start_type=ATG;rbs_motif=AGxAGG/AGGxGG;rbs_spacer=3-4bp;gc_cont=0.661
contig00958_1        -             78 27713at72274         -            242    0.0032   16.0   0.0   1   1   3.5e-05    0.0032   16.0   0.0     9    60    13    62     4    77 0.81 # 3 # 236 # -1 # ID=958_1;partial=10;start_type=ATG;rbs_motif=AGGA;rbs_spacer=5-10bp;gc_cont=0.662
contig00264_2        -            304 27713at72274         -            242    0.0032   16.0   0.0   1   1   5.2e-05    0.0047   15.4   0.0    12   111    21   127    10   139 0.75 # 531 # 1442 # 1 # ID=264_2;partial=00;start_type=ATG;rbs_motif=AGGAG;rbs_spacer=5-10bp;gc_cont=0.679
contig01752_1        -            289 27713at72274         -            242     0.004   15.6   0.0   1   2   0.00014     0.012   14.0   0.0    13    63    20    69     8    82 0.83 # 143 # 1009 # 1 # ID=1752_1;partial=00;start_type=ATG;rbs_motif=AGGA;rbs_spacer=5-10bp;gc_cont=0.732
contig01752_1        -            289 27713at72274         -            242     0.004   15.6   0.0   2   2       8.7   7.9e+02   -1.7   0.0   162   207   193   238   180   242 0.81 # 143 # 1009 # 1 # ID=1752_1;partial=00;start_type=ATG;rbs_motif=AGGA;rbs_spacer=5-10bp;gc_cont=0.732
contig01251_1        -            159 27713at72274         -            242    0.0052   15.3   0.0   1   1   7.3e-05    0.0066   14.9   0.0     8   105    36   140    30   150 0.72 # 1 # 477 # -1 # ID=1251_1;partial=10;start_type=ATG;rbs_motif=None;rbs_spacer=None;gc_cont=0.623
contig03185_1        -            186 27713at72274         -            242    0.0056   15.2   0.0   1   1   7.7e-05     0.007   14.9   0.0     6    53     4    51     1   110 0.88 # 1 # 558 # 1 # ID=3185_1;partial=11;start_type=Edge;rbs_motif=None;rbs_spacer=None;gc_cont=0.715
contig00946_3        -            293 27713at72274         -            242    0.0069   14.9   0.0   1   1    0.0001    0.0095   14.4   0.0     8    68     9    68     4   108 0.87 # 1174 # 2052 # -1 # ID=946_3;partial=01;start_type=Edge;rbs_motif=None;rbs_spacer=None;gc_cont=0.689
contig01196_3        -            137 27713at72274         -            242    0.0092   14.5   0.0   1   1   0.00014     0.012   14.0   0.0   133   208     3    81     2    91 0.87 # 1315 # 1725 # -1 # ID=1196_3;partial=01;start_type=Edge;rbs_motif=None;rbs_spacer=None;gc_cont=0.696
contig02540_2        -            183 27713at72274         -            242      0.01   14.4   0.0   1   1   0.00014     0.012   14.1   0.0   132   179    50    98    40   136 0.85 # 275 # 823 # -1 # ID=2540_2;partial=01;start_type=Edge;rbs_motif=None;rbs_spacer=None;gc_cont=0.705
contig00070_9        -            305 27713at72274         -            242     0.021   13.3   0.0   1   1   0.00038     0.035   12.6   0.0    16    67    22    72    11    87 0.85 # 5432 # 6346 # 1 # ID=70_9;partial=00;start_type=ATG;rbs_motif=None;rbs_spacer=None;gc_cont=0.672
contig00993_2        -            290 27713at72274         -            242     0.029   12.8   0.0   1   1   0.00049     0.045   12.2   0.0     7    72    18    83    12   101 0.76 # 1114 # 1983 # 1 # ID=993_2;partial=01;start_type=ATG;rbs_motif=GGAG/GAGG;rbs_spacer=5-10bp;gc_cont=0.690
contig01560_1        -            274 27713at72274         -            242     0.053   12.0   0.1   1   1   0.00091     0.083   11.3   0.1    29    63     2    35     1    65 0.83 # 1 # 822 # 1 # ID=1560_1;partial=10;start_type=Edge;rbs_motif=None;rbs_spacer=None;gc_cont=0.690
#
# Program:         hmmsearch
# Version:         3.1b2 (February 2015)
# Pipeline mode:   SEARCH
# Query file:      /home/johngn/Microbial-Genomics-Journey-Workshop-2023/Reads_session_3/busco_downloads/lineages/pseudomonadales_odb10/hmms/27713at72274.hmm
# Target file:     /home/johngn/Microbial-Genomics-Journey-Workshop-2023/Reads_session_3/busco_op4/prodigal_output/predicted_genes/predicted.faa
# Option settings: hmmsearch --domtblout /home/johngn/Microbial-Genomics-Journey-Workshop-2023/Reads_session_3/busco_op4/run_pseudomonadales_odb10/hmmer_output/27713at72274.out --cpu 1 /home/johngn/Microbial-Genomics-Journey-Workshop-2023/Reads_session_3/busco_downloads/lineages/pseudomonadales_odb10/hmms/27713at72274.hmm /home/johngn/Microbial-Genomics-Journey-Workshop-2023/Reads_session_3/busco_op4/prodigal_output/predicted_genes/predicted.faa 
# Current dir:     /home/johngn/Microbial-Genomics-Journey-Workshop-2023/Reads_session_3
# Date:            Wed Mar  8 17:01:19 2023
# [ok]
