#                                                                            --- full sequence --- -------------- this domain -------------   hmm coord   ali coord   env coord
# target name        accession   tlen query name           accession   qlen   E-value  score  bias   #  of  c-Evalue  i-Evalue  score  bias  from    to  from    to  from    to  acc description of target
#------------------- ---------- ----- -------------------- ---------- ----- --------- ------ ----- --- --- --------- --------- ------ ----- ----- ----- ----- ----- ----- ----- ---- ---------------------
contig00187_2        -            780 2787at72274          -            607  3.1e-297  986.1   9.8   1   2   3.8e-71   5.4e-68  229.0   3.0     1   190     1   242     1   249 0.85 # 484 # 2823 # -1 # ID=187_2;partial=00;start_type=ATG;rbs_motif=AGxAGG/AGGxGG;rbs_spacer=3-4bp;gc_cont=0.673
contig00187_2        -            780 2787at72274          -            607  3.1e-297  986.1   9.8   2   2  8.8e-231  1.2e-227  756.2   0.6   192   601   291   726   282   728 0.95 # 484 # 2823 # -1 # ID=187_2;partial=00;start_type=ATG;rbs_motif=AGxAGG/AGGxGG;rbs_spacer=3-4bp;gc_cont=0.673
contig00008_21       -            274 2787at72274          -            607   2.9e-23   81.2   2.7   1   3   1.3e-09   1.9e-06   25.7   0.0   542   599     2    61     1    66 0.87 # 20295 # 21116 # -1 # ID=8_21;partial=01;start_type=Edge;rbs_motif=None;rbs_spacer=None;gc_cont=0.580
contig00008_21       -            274 2787at72274          -            607   2.9e-23   81.2   2.7   2   3   3.2e-09   4.5e-06   24.4   0.0   531   599    78   148    67   151 0.87 # 20295 # 21116 # -1 # ID=8_21;partial=01;start_type=Edge;rbs_motif=None;rbs_spacer=None;gc_cont=0.580
contig00008_21       -            274 2787at72274          -            607   2.9e-23   81.2   2.7   3   3   5.9e-11   8.3e-08   30.2   0.2   526   599   160   234   154   238 0.92 # 20295 # 21116 # -1 # ID=8_21;partial=01;start_type=Edge;rbs_motif=None;rbs_spacer=None;gc_cont=0.580
contig00699_3        -            266 2787at72274          -            607   4.5e-14   50.9   0.2   1   2      0.98   1.4e+03   -3.6   0.2   529   565    19    55     7    75 0.60 # 1654 # 2451 # 1 # ID=699_3;partial=01;start_type=ATG;rbs_motif=GGA/GAG/AGG;rbs_spacer=5-10bp;gc_cont=0.602
contig00699_3        -            266 2787at72274          -            607   4.5e-14   50.9   0.2   2   2   3.2e-17   4.5e-14   50.9   0.2   526   599   187   260   149   263 0.87 # 1654 # 2451 # 1 # ID=699_3;partial=01;start_type=ATG;rbs_motif=GGA/GAG/AGG;rbs_spacer=5-10bp;gc_cont=0.602
contig03186_2        -             47 2787at72274          -            607    0.0015   16.1   0.4   1   1   1.1e-06    0.0015   16.1   0.4   564   599     1    36     1    43 0.89 # 416 # 556 # -1 # ID=3186_2;partial=01;start_type=Edge;rbs_motif=None;rbs_spacer=None;gc_cont=0.617
contig00046_8        -            905 2787at72274          -            607    0.0063   14.1   0.0   1   1     7e-06    0.0098   13.4   0.0   530   567   660   698   649   714 0.87 # 5028 # 7742 # -1 # ID=46_8;partial=00;start_type=ATG;rbs_motif=None;rbs_spacer=None;gc_cont=0.672
contig00606_5        -            286 2787at72274          -            607    0.0079   13.7   0.0   1   1     8e-06     0.011   13.2   0.0   390   440   217   268   204   277 0.89 # 1810 # 2667 # 1 # ID=606_5;partial=01;start_type=ATG;rbs_motif=GGxGG;rbs_spacer=5-10bp;gc_cont=0.663
#
# Program:         hmmsearch
# Version:         3.1b2 (February 2015)
# Pipeline mode:   SEARCH
# Query file:      /home/johngn/Microbial-Genomics-Journey-Workshop-2023/Reads_session_3/busco_downloads/lineages/pseudomonadales_odb10/hmms/2787at72274.hmm
# Target file:     /home/johngn/Microbial-Genomics-Journey-Workshop-2023/Reads_session_3/busco_op4/prodigal_output/predicted_genes/predicted.faa
# Option settings: hmmsearch --domtblout /home/johngn/Microbial-Genomics-Journey-Workshop-2023/Reads_session_3/busco_op4/run_pseudomonadales_odb10/hmmer_output/2787at72274.out --cpu 1 /home/johngn/Microbial-Genomics-Journey-Workshop-2023/Reads_session_3/busco_downloads/lineages/pseudomonadales_odb10/hmms/2787at72274.hmm /home/johngn/Microbial-Genomics-Journey-Workshop-2023/Reads_session_3/busco_op4/prodigal_output/predicted_genes/predicted.faa 
# Current dir:     /home/johngn/Microbial-Genomics-Journey-Workshop-2023/Reads_session_3
# Date:            Wed Mar  8 17:01:19 2023
# [ok]
