#                                                                            --- full sequence --- -------------- this domain -------------   hmm coord   ali coord   env coord
# target name        accession   tlen query name           accession   qlen   E-value  score  bias   #  of  c-Evalue  i-Evalue  score  bias  from    to  from    to  from    to  acc description of target
#------------------- ---------- ----- -------------------- ---------- ----- --------- ------ ----- --- --- --------- --------- ------ ----- ----- ----- ----- ----- ----- ----- ---- ---------------------
contig00705_2        -            257 28379at72274         -            227  1.1e-134  445.6   0.1   1   1  1.5e-137  1.3e-134  445.4   0.1     1   227    13   255    13   255 0.96 # 141 # 911 # -1 # ID=705_2;partial=00;start_type=ATG;rbs_motif=GGA/GAG/AGG;rbs_spacer=5-10bp;gc_cont=0.645
contig01985_1        -            226 28379at72274         -            227   2.1e-13   48.9   0.0   1   1   3.2e-16   2.7e-13   48.5   0.0    33   164    20   153     8   167 0.88 # 2 # 679 # -1 # ID=1985_1;partial=10;start_type=ATG;rbs_motif=GGAG/GAGG;rbs_spacer=5-10bp;gc_cont=0.711
contig02202_2        -            135 28379at72274         -            227   2.1e-06   26.0   0.0   1   1   3.1e-09   2.6e-06   25.7   0.0     9   128    17   129    10   135 0.84 # 578 # 982 # 1 # ID=2202_2;partial=01;start_type=ATG;rbs_motif=GGAG/GAGG;rbs_spacer=5-10bp;gc_cont=0.711
contig01173_2        -            334 28379at72274         -            227   3.3e-06   25.4   0.0   1   2       1.2     1e+03   -2.4   0.0    34    61    39    67    33    72 0.76 # 491 # 1492 # 1 # ID=1173_2;partial=00;start_type=ATG;rbs_motif=None;rbs_spacer=None;gc_cont=0.688
contig01173_2        -            334 28379at72274         -            227   3.3e-06   25.4   0.0   2   2   9.1e-09   7.6e-06   24.2   0.0    78   160   188   270   118   278 0.82 # 491 # 1492 # 1 # ID=1173_2;partial=00;start_type=ATG;rbs_motif=None;rbs_spacer=None;gc_cont=0.688
contig00647_3        -            267 28379at72274         -            227    0.0011   17.1   0.0   1   1   1.8e-06    0.0015   16.6   0.0   104   156   108   162    48   169 0.84 # 695 # 1495 # -1 # ID=647_3;partial=00;start_type=ATG;rbs_motif=GGAG/GAGG;rbs_spacer=5-10bp;gc_cont=0.660
contig01995_1        -            257 28379at72274         -            227     0.002   16.3   0.0   1   1   3.1e-06    0.0026   15.9   0.0    52   154    49   150    42   163 0.77 # 1 # 771 # 1 # ID=1995_1;partial=10;start_type=Edge;rbs_motif=None;rbs_spacer=None;gc_cont=0.703
contig01723_2        -             54 28379at72274         -            227     0.011   13.8   0.1   1   1   1.4e-05     0.012   13.8   0.1    54    88     5    40     2    50 0.80 # 1117 # 1278 # 1 # ID=1723_2;partial=01;start_type=GTG;rbs_motif=AGGAG;rbs_spacer=5-10bp;gc_cont=0.710
contig02797_1        -            143 28379at72274         -            227     0.017   13.2   0.0   1   1   2.1e-05     0.017   13.2   0.0    18    97     6    82     2   129 0.83 # 1 # 429 # -1 # ID=2797_1;partial=10;start_type=ATG;rbs_motif=None;rbs_spacer=None;gc_cont=0.657
contig01318_2        -             88 28379at72274         -            227     0.021   12.9   0.1   1   1   2.8e-05     0.024   12.7   0.1    55   101     7    54     3    79 0.82 # 1344 # 1607 # 1 # ID=1318_2;partial=01;start_type=ATG;rbs_motif=GGA/GAG/AGG;rbs_spacer=5-10bp;gc_cont=0.678
contig01499_3        -            102 28379at72274         -            227     0.082   11.0   0.0   1   1   0.00012       0.1   10.6   0.0    48   126    32   102    23   102 0.79 # 1139 # 1444 # 1 # ID=1499_3;partial=01;start_type=ATG;rbs_motif=GGAGG;rbs_spacer=5-10bp;gc_cont=0.709
#
# Program:         hmmsearch
# Version:         3.1b2 (February 2015)
# Pipeline mode:   SEARCH
# Query file:      /home/johngn/Microbial-Genomics-Journey-Workshop-2023/Reads_session_3/busco_downloads/lineages/pseudomonadales_odb10/hmms/28379at72274.hmm
# Target file:     /home/johngn/Microbial-Genomics-Journey-Workshop-2023/Reads_session_3/busco_op4/prodigal_output/predicted_genes/predicted.faa
# Option settings: hmmsearch --domtblout /home/johngn/Microbial-Genomics-Journey-Workshop-2023/Reads_session_3/busco_op4/run_pseudomonadales_odb10/hmmer_output/28379at72274.out --cpu 1 /home/johngn/Microbial-Genomics-Journey-Workshop-2023/Reads_session_3/busco_downloads/lineages/pseudomonadales_odb10/hmms/28379at72274.hmm /home/johngn/Microbial-Genomics-Journey-Workshop-2023/Reads_session_3/busco_op4/prodigal_output/predicted_genes/predicted.faa 
# Current dir:     /home/johngn/Microbial-Genomics-Journey-Workshop-2023/Reads_session_3
# Date:            Wed Mar  8 17:01:19 2023
# [ok]
