#                                                                            --- full sequence --- -------------- this domain -------------   hmm coord   ali coord   env coord
# target name        accession   tlen query name           accession   qlen   E-value  score  bias   #  of  c-Evalue  i-Evalue  score  bias  from    to  from    to  from    to  acc description of target
#------------------- ---------- ----- -------------------- ---------- ----- --------- ------ ----- --- --- --------- --------- ------ ----- ----- ----- ----- ----- ----- ----- ---- ---------------------
contig00427_2        -            299 28390at72274         -            241  6.8e-122  404.4   1.5   1   2   1.2e-07   0.00016   20.1   0.0     1    29    14    42    14    53 0.91 # 523 # 1419 # 1 # ID=427_2;partial=00;start_type=ATG;rbs_motif=None;rbs_spacer=None;gc_cont=0.678
contig00427_2        -            299 28390at72274         -            241  6.8e-122  404.4   1.5   2   2  1.3e-118  1.8e-115  383.4   0.4    21   241    57   298    49   298 0.90 # 523 # 1419 # 1 # ID=427_2;partial=00;start_type=ATG;rbs_motif=None;rbs_spacer=None;gc_cont=0.678
contig00497_3        -            304 28390at72274         -            241   6.9e-54  181.8   3.0   1   2    0.0093        13    4.0   0.1     3    32    12    41    10    61 0.76 # 1241 # 2152 # 1 # ID=497_3;partial=00;start_type=ATG;rbs_motif=GGxGG;rbs_spacer=5-10bp;gc_cont=0.705
contig00497_3        -            304 28390at72274         -            241   6.9e-54  181.8   3.0   2   2   7.3e-56     1e-52  177.9   1.3    24   241    57   291    39   291 0.87 # 1241 # 2152 # 1 # ID=497_3;partial=00;start_type=ATG;rbs_motif=GGxGG;rbs_spacer=5-10bp;gc_cont=0.705
contig00021_13       -            434 28390at72274         -            241   1.9e-08   33.0   1.0   1   2     0.035        49    2.2   0.0    19    54    48    83    34    95 0.74 # 11053 # 12354 # 1 # ID=21_13;partial=00;start_type=ATG;rbs_motif=GGA/GAG/AGG;rbs_spacer=5-10bp;gc_cont=0.555
contig00021_13       -            434 28390at72274         -            241   1.9e-08   33.0   1.0   2   2   2.3e-10   3.2e-07   29.0   0.5    90   230   144   300   135   308 0.75 # 11053 # 12354 # 1 # ID=21_13;partial=00;start_type=ATG;rbs_motif=GGA/GAG/AGG;rbs_spacer=5-10bp;gc_cont=0.555
contig00662_1        -            370 28390at72274         -            241   3.7e-08   32.0   3.5   1   2     0.013        18    3.6   0.0    82   137   193   250   168   258 0.76 # 3 # 1112 # -1 # ID=662_1;partial=10;start_type=GTG;rbs_motif=None;rbs_spacer=None;gc_cont=0.641
contig00662_1        -            370 28390at72274         -            241   3.7e-08   32.0   3.5   2   2   5.4e-10   7.6e-07   27.7   1.8   186   234   286   334   268   340 0.90 # 3 # 1112 # -1 # ID=662_1;partial=10;start_type=GTG;rbs_motif=None;rbs_spacer=None;gc_cont=0.641
contig00225_4        -            228 28390at72274         -            241   5.9e-07   28.1   1.4   1   1   9.1e-10   1.3e-06   27.0   1.4   183   232   162   211    80   215 0.89 # 1134 # 1817 # 1 # ID=225_4;partial=00;start_type=TTG;rbs_motif=None;rbs_spacer=None;gc_cont=0.607
contig02096_2        -            136 28390at72274         -            241   4.1e-05   22.1   0.0   1   1   3.1e-08   4.3e-05   22.0   0.0    65   168    15   120     1   127 0.69 # 364 # 771 # 1 # ID=2096_2;partial=00;start_type=GTG;rbs_motif=None;rbs_spacer=None;gc_cont=0.598
#
# Program:         hmmsearch
# Version:         3.1b2 (February 2015)
# Pipeline mode:   SEARCH
# Query file:      /home/johngn/Microbial-Genomics-Journey-Workshop-2023/Reads_session_3/busco_downloads/lineages/pseudomonadales_odb10/hmms/28390at72274.hmm
# Target file:     /home/johngn/Microbial-Genomics-Journey-Workshop-2023/Reads_session_3/busco_op4/prodigal_output/predicted_genes/predicted.faa
# Option settings: hmmsearch --domtblout /home/johngn/Microbial-Genomics-Journey-Workshop-2023/Reads_session_3/busco_op4/run_pseudomonadales_odb10/hmmer_output/28390at72274.out --cpu 1 /home/johngn/Microbial-Genomics-Journey-Workshop-2023/Reads_session_3/busco_downloads/lineages/pseudomonadales_odb10/hmms/28390at72274.hmm /home/johngn/Microbial-Genomics-Journey-Workshop-2023/Reads_session_3/busco_op4/prodigal_output/predicted_genes/predicted.faa 
# Current dir:     /home/johngn/Microbial-Genomics-Journey-Workshop-2023/Reads_session_3
# Date:            Wed Mar  8 17:01:19 2023
# [ok]
