#                                                                            --- full sequence --- -------------- this domain -------------   hmm coord   ali coord   env coord
# target name        accession   tlen query name           accession   qlen   E-value  score  bias   #  of  c-Evalue  i-Evalue  score  bias  from    to  from    to  from    to  acc description of target
#------------------- ---------- ----- -------------------- ---------- ----- --------- ------ ----- --- --- --------- --------- ------ ----- ----- ----- ----- ----- ----- ----- ---- ---------------------
contig01751_2        -            399 28566at72274         -            343  2.6e-160  532.0  11.1   1   3     3e-10   3.6e-07   28.4   0.0     1    39     4    43     4    57 0.83 # 62 # 1258 # -1 # ID=1751_2;partial=01;start_type=Edge;rbs_motif=None;rbs_spacer=None;gc_cont=0.585
contig01751_2        -            399 28566at72274         -            343  2.6e-160  532.0  11.1   2   3     1e-77   1.2e-74  250.3   1.0    34   189    59   217    52   220 0.97 # 62 # 1258 # -1 # ID=1751_2;partial=01;start_type=Edge;rbs_motif=None;rbs_spacer=None;gc_cont=0.585
contig01751_2        -            399 28566at72274         -            343  2.6e-160  532.0  11.1   3   3   2.5e-80     3e-77  258.8   1.2   189   343   243   398   237   398 0.97 # 62 # 1258 # -1 # ID=1751_2;partial=01;start_type=Edge;rbs_motif=None;rbs_spacer=None;gc_cont=0.585
contig01735_1        -            403 28566at72274         -            343  1.6e-158  526.1  11.3   1   2   4.3e-82   5.2e-79  264.6   3.0     1   189     8   221     8   225 0.92 # 1 # 1209 # 1 # ID=1735_1;partial=10;start_type=Edge;rbs_motif=None;rbs_spacer=None;gc_cont=0.492
contig01735_1        -            403 28566at72274         -            343  1.6e-158  526.1  11.3   2   2   6.1e-80   7.3e-77  257.6   1.2   188   343   246   402   235   402 0.96 # 1 # 1209 # 1 # ID=1735_1;partial=10;start_type=Edge;rbs_motif=None;rbs_spacer=None;gc_cont=0.492
contig01583_2        -            388 28566at72274         -            343   1.7e-73  246.5   8.1   1   2     3e-39   3.6e-36  123.7   0.5    34   190    48   207    40   220 0.93 # 217 # 1380 # -1 # ID=1583_2;partial=01;start_type=Edge;rbs_motif=None;rbs_spacer=None;gc_cont=0.692
contig01583_2        -            388 28566at72274         -            343   1.7e-73  246.5   8.1   2   2   4.2e-40     5e-37  126.6   2.1   191   343   233   386   211   386 0.95 # 217 # 1380 # -1 # ID=1583_2;partial=01;start_type=Edge;rbs_motif=None;rbs_spacer=None;gc_cont=0.692
contig01181_1        -            405 28566at72274         -            343   1.8e-69  233.3   2.9   1   3      0.11   1.3e+02    0.2   0.0     1    34     4    38     4    45 0.83 # 207 # 1421 # -1 # ID=1181_1;partial=00;start_type=ATG;rbs_motif=GGA/GAG/AGG;rbs_spacer=5-10bp;gc_cont=0.723
contig01181_1        -            405 28566at72274         -            343   1.8e-69  233.3   2.9   2   3   4.6e-37   5.5e-34  116.6   0.0    35   189    66   223    50   227 0.93 # 207 # 1421 # -1 # ID=1181_1;partial=00;start_type=ATG;rbs_motif=GGA/GAG/AGG;rbs_spacer=5-10bp;gc_cont=0.723
contig01181_1        -            405 28566at72274         -            343   1.8e-69  233.3   2.9   3   3   2.9e-36   3.5e-33  114.0   1.5   193   343   252   403   246   403 0.97 # 207 # 1421 # -1 # ID=1181_1;partial=00;start_type=ATG;rbs_motif=GGA/GAG/AGG;rbs_spacer=5-10bp;gc_cont=0.723
contig01361_1        -            251 28566at72274         -            343   1.5e-31  108.5   5.7   1   2   1.5e-10   1.8e-07   29.4   0.1   123   185     4    65     1    88 0.90 # 3 # 755 # 1 # ID=1361_1;partial=10;start_type=Edge;rbs_motif=None;rbs_spacer=None;gc_cont=0.648
contig01361_1        -            251 28566at72274         -            343   1.5e-31  108.5   5.7   2   2   3.4e-26   4.1e-23   80.8   2.4   194   336    99   242    83   249 0.93 # 3 # 755 # 1 # ID=1361_1;partial=10;start_type=Edge;rbs_motif=None;rbs_spacer=None;gc_cont=0.648
contig00006_14       -            360 28566at72274         -            343   2.5e-13   48.6   3.6   1   3   1.7e-13   2.1e-10   39.0   0.1    34   179    20   171    13   178 0.80 # 15910 # 16989 # 1 # ID=6_14;partial=00;start_type=ATG;rbs_motif=AGGAG;rbs_spacer=5-10bp;gc_cont=0.640
contig00006_14       -            360 28566at72274         -            343   2.5e-13   48.6   3.6   2   3      0.45   5.4e+02   -1.8   0.4   315   338   179   202   168   208 0.73 # 15910 # 16989 # 1 # ID=6_14;partial=00;start_type=ATG;rbs_motif=AGGAG;rbs_spacer=5-10bp;gc_cont=0.640
contig00006_14       -            360 28566at72274         -            343   2.5e-13   48.6   3.6   3   3   0.00012      0.14   10.0   0.0   214   333   227   348   209   352 0.85 # 15910 # 16989 # 1 # ID=6_14;partial=00;start_type=ATG;rbs_motif=AGGAG;rbs_spacer=5-10bp;gc_cont=0.640
contig00198_1        -            139 28566at72274         -            343   9.1e-10   36.9   0.3   1   2   0.00047      0.56    8.0   0.0     1    37     3    40     3    50 0.81 # 3 # 419 # -1 # ID=198_1;partial=10;start_type=ATG;rbs_motif=None;rbs_spacer=None;gc_cont=0.659
contig00198_1        -            139 28566at72274         -            343   9.1e-10   36.9   0.3   2   2   5.4e-10   6.5e-07   27.6   0.2    39   111    62   137    43   139 0.54 # 3 # 419 # -1 # ID=198_1;partial=10;start_type=ATG;rbs_motif=None;rbs_spacer=None;gc_cont=0.659
#
# Program:         hmmsearch
# Version:         3.1b2 (February 2015)
# Pipeline mode:   SEARCH
# Query file:      /home/johngn/Microbial-Genomics-Journey-Workshop-2023/Reads_session_3/busco_downloads/lineages/pseudomonadales_odb10/hmms/28566at72274.hmm
# Target file:     /home/johngn/Microbial-Genomics-Journey-Workshop-2023/Reads_session_3/busco_op4/prodigal_output/predicted_genes/predicted.faa
# Option settings: hmmsearch --domtblout /home/johngn/Microbial-Genomics-Journey-Workshop-2023/Reads_session_3/busco_op4/run_pseudomonadales_odb10/hmmer_output/28566at72274.out --cpu 1 /home/johngn/Microbial-Genomics-Journey-Workshop-2023/Reads_session_3/busco_downloads/lineages/pseudomonadales_odb10/hmms/28566at72274.hmm /home/johngn/Microbial-Genomics-Journey-Workshop-2023/Reads_session_3/busco_op4/prodigal_output/predicted_genes/predicted.faa 
# Current dir:     /home/johngn/Microbial-Genomics-Journey-Workshop-2023/Reads_session_3
# Date:            Wed Mar  8 17:01:19 2023
# [ok]
