#                                                                            --- full sequence --- -------------- this domain -------------   hmm coord   ali coord   env coord
# target name        accession   tlen query name           accession   qlen   E-value  score  bias   #  of  c-Evalue  i-Evalue  score  bias  from    to  from    to  from    to  acc description of target
#------------------- ---------- ----- -------------------- ---------- ----- --------- ------ ----- --- --- --------- --------- ------ ----- ----- ----- ----- ----- ----- ----- ---- ---------------------
contig02648_1        -            258 2861at72274          -            620  6.9e-115  383.3   0.9   1   1  8.6e-117  1.4e-113  378.9   0.9   169   393     1   256     1   258 0.89 # 3 # 776 # 1 # ID=2648_1;partial=11;start_type=Edge;rbs_motif=None;rbs_spacer=None;gc_cont=0.654
contig00084_2        -            824 2861at72274          -            620   1.1e-91  306.6   1.1   1   3   4.9e-49   8.2e-46  155.1   0.1   114   350    66   312    55   354 0.84 # 614 # 3085 # -1 # ID=84_2;partial=00;start_type=ATG;rbs_motif=None;rbs_spacer=None;gc_cont=0.642
contig00084_2        -            824 2861at72274          -            620   1.1e-91  306.6   1.1   2   3   4.5e-23   7.5e-20   69.4   0.0   337   495   417   602   392   614 0.80 # 614 # 3085 # -1 # ID=84_2;partial=00;start_type=ATG;rbs_motif=None;rbs_spacer=None;gc_cont=0.642
contig00084_2        -            824 2861at72274          -            620   1.1e-91  306.6   1.1   3   3   4.4e-26   7.5e-23   79.3   0.1   484   587   644   748   636   756 0.87 # 614 # 3085 # -1 # ID=84_2;partial=00;start_type=ATG;rbs_motif=None;rbs_spacer=None;gc_cont=0.642
contig00808_2        -            195 2861at72274          -            620   8.6e-52  174.9   0.0   1   1   7.3e-55   1.2e-51  174.4   0.0     1   139    32   195    32   195 0.87 # 1678 # 2262 # 1 # ID=808_2;partial=01;start_type=ATG;rbs_motif=None;rbs_spacer=None;gc_cont=0.665
contig02561_1        -            270 2861at72274          -            620   0.00058   16.9   0.0   1   2   6.2e-05       0.1    9.4   0.0   322   360   112   153   105   165 0.87 # 2 # 811 # -1 # ID=2561_1;partial=11;start_type=Edge;rbs_motif=None;rbs_spacer=None;gc_cont=0.662
contig02561_1        -            270 2861at72274          -            620   0.00058   16.9   0.0   2   2    0.0011       1.9    5.3   0.0   368   413   183   229   172   247 0.83 # 2 # 811 # -1 # ID=2561_1;partial=11;start_type=Edge;rbs_motif=None;rbs_spacer=None;gc_cont=0.662
contig00913_2        -            296 2861at72274          -            620    0.0047   13.9   0.0   1   1   3.9e-06    0.0066   13.4   0.0   445   552    97   214    86   221 0.74 # 1218 # 2105 # -1 # ID=913_2;partial=01;start_type=Edge;rbs_motif=None;rbs_spacer=None;gc_cont=0.684
#
# Program:         hmmsearch
# Version:         3.1b2 (February 2015)
# Pipeline mode:   SEARCH
# Query file:      /home/johngn/Microbial-Genomics-Journey-Workshop-2023/Reads_session_3/busco_downloads/lineages/pseudomonadales_odb10/hmms/2861at72274.hmm
# Target file:     /home/johngn/Microbial-Genomics-Journey-Workshop-2023/Reads_session_3/busco_op4/prodigal_output/predicted_genes/predicted.faa
# Option settings: hmmsearch --domtblout /home/johngn/Microbial-Genomics-Journey-Workshop-2023/Reads_session_3/busco_op4/run_pseudomonadales_odb10/hmmer_output/2861at72274.out --cpu 1 /home/johngn/Microbial-Genomics-Journey-Workshop-2023/Reads_session_3/busco_downloads/lineages/pseudomonadales_odb10/hmms/2861at72274.hmm /home/johngn/Microbial-Genomics-Journey-Workshop-2023/Reads_session_3/busco_op4/prodigal_output/predicted_genes/predicted.faa 
# Current dir:     /home/johngn/Microbial-Genomics-Journey-Workshop-2023/Reads_session_3
# Date:            Wed Mar  8 17:01:20 2023
# [ok]
