#                                                                            --- full sequence --- -------------- this domain -------------   hmm coord   ali coord   env coord
# target name        accession   tlen query name           accession   qlen   E-value  score  bias   #  of  c-Evalue  i-Evalue  score  bias  from    to  from    to  from    to  acc description of target
#------------------- ---------- ----- -------------------- ---------- ----- --------- ------ ----- --- --- --------- --------- ------ ----- ----- ----- ----- ----- ----- ----- ---- ---------------------
contig00333_3        -            280 29150at72274         -            202   6.4e-83  276.4   0.2   1   1   3.5e-83     6e-80  266.6   0.2     1   202     1   264     1   264 0.83 # 1939 # 2778 # -1 # ID=333_3;partial=00;start_type=ATG;rbs_motif=AGGA;rbs_spacer=5-10bp;gc_cont=0.615
contig00008_13       -            349 29150at72274         -            202   1.2e-08   33.8   0.0   1   2   1.7e-11   2.9e-08   32.6   0.0     7    68   124   185   119   205 0.93 # 11845 # 12891 # -1 # ID=8_13;partial=00;start_type=ATG;rbs_motif=AGGA;rbs_spacer=5-10bp;gc_cont=0.463
contig00008_13       -            349 29150at72274         -            202   1.2e-08   33.8   0.0   2   2       2.1   3.5e+03   -3.6   0.0   133   142   269   278   250   281 0.73 # 11845 # 12891 # -1 # ID=8_13;partial=00;start_type=ATG;rbs_motif=AGGA;rbs_spacer=5-10bp;gc_cont=0.463
contig02448_1        -            286 29150at72274         -            202   2.9e-06   26.0   0.4   1   2     5e-09   8.4e-06   24.6   0.1     5   116     4   106     2   122 0.89 # 3 # 860 # 1 # ID=2448_1;partial=11;start_type=Edge;rbs_motif=None;rbs_spacer=None;gc_cont=0.678
contig02448_1        -            286 29150at72274         -            202   2.9e-06   26.0   0.4   2   2      0.52   8.8e+02   -1.6   0.0    57    98   226   268   207   283 0.64 # 3 # 860 # 1 # ID=2448_1;partial=11;start_type=Edge;rbs_motif=None;rbs_spacer=None;gc_cont=0.678
contig02485_2        -            225 29150at72274         -            202   0.00012   20.8   0.0   1   1     1e-07   0.00017   20.3   0.0     4   111     2   108     1   114 0.87 # 84 # 758 # 1 # ID=2485_2;partial=00;start_type=ATG;rbs_motif=GGAG/GAGG;rbs_spacer=5-10bp;gc_cont=0.686
contig01050_1        -            237 29150at72274         -            202    0.0055   15.4   0.0   1   2   9.3e-05      0.16   10.6   0.0     9   120    13   131     6   143 0.74 # 2 # 712 # -1 # ID=1050_1;partial=10;start_type=ATG;rbs_motif=AGGA;rbs_spacer=5-10bp;gc_cont=0.698
contig01050_1        -            237 29150at72274         -            202    0.0055   15.4   0.0   2   2     0.026        44    2.6   0.0   132   151   174   193   168   207 0.84 # 2 # 712 # -1 # ID=1050_1;partial=10;start_type=ATG;rbs_motif=AGGA;rbs_spacer=5-10bp;gc_cont=0.698
#
# Program:         hmmsearch
# Version:         3.1b2 (February 2015)
# Pipeline mode:   SEARCH
# Query file:      /home/johngn/Microbial-Genomics-Journey-Workshop-2023/Reads_session_3/busco_downloads/lineages/pseudomonadales_odb10/hmms/29150at72274.hmm
# Target file:     /home/johngn/Microbial-Genomics-Journey-Workshop-2023/Reads_session_3/busco_op4/prodigal_output/predicted_genes/predicted.faa
# Option settings: hmmsearch --domtblout /home/johngn/Microbial-Genomics-Journey-Workshop-2023/Reads_session_3/busco_op4/run_pseudomonadales_odb10/hmmer_output/29150at72274.out --cpu 1 /home/johngn/Microbial-Genomics-Journey-Workshop-2023/Reads_session_3/busco_downloads/lineages/pseudomonadales_odb10/hmms/29150at72274.hmm /home/johngn/Microbial-Genomics-Journey-Workshop-2023/Reads_session_3/busco_op4/prodigal_output/predicted_genes/predicted.faa 
# Current dir:     /home/johngn/Microbial-Genomics-Journey-Workshop-2023/Reads_session_3
# Date:            Wed Mar  8 17:01:20 2023
# [ok]
