#                                                                            --- full sequence --- -------------- this domain -------------   hmm coord   ali coord   env coord
# target name        accession   tlen query name           accession   qlen   E-value  score  bias   #  of  c-Evalue  i-Evalue  score  bias  from    to  from    to  from    to  acc description of target
#------------------- ---------- ----- -------------------- ---------- ----- --------- ------ ----- --- --- --------- --------- ------ ----- ----- ----- ----- ----- ----- ----- ---- ---------------------
contig00447_4        -            412 2968at72274          -            658  3.8e-229  761.4   0.3   1   1    2e-232  4.3e-229  761.2   0.3   271   658     1   410     1   410 0.95 # 1829 # 3064 # -1 # ID=447_4;partial=01;start_type=Edge;rbs_motif=None;rbs_spacer=None;gc_cont=0.646
contig03234_1        -            179 2968at72274          -            658     2e-58  197.2   0.1   1   1   1.1e-61   2.3e-58  197.1   0.1   108   257     1   179     1   179 0.88 # 3 # 539 # 1 # ID=3234_1;partial=11;start_type=Edge;rbs_motif=None;rbs_spacer=None;gc_cont=0.615
contig00489_4        -            121 2968at72274          -            658   1.1e-37  128.7   0.3   1   1   6.5e-41   1.4e-37  128.4   0.3     1    96     5   118     5   121 0.87 # 2591 # 2953 # 1 # ID=489_4;partial=01;start_type=ATG;rbs_motif=GGA/GAG/AGG;rbs_spacer=5-10bp;gc_cont=0.642
contig01795_1        -            406 2968at72274          -            658         5    4.3   6.7   1   4     0.017        35    1.5   0.1   549   583    18    53    12    59 0.81 # 2 # 1219 # 1 # ID=1795_1;partial=11;start_type=Edge;rbs_motif=None;rbs_spacer=None;gc_cont=0.714
contig01795_1        -            406 2968at72274          -            658         5    4.3   6.7   2   4      0.27   5.6e+02   -2.5   0.0   568   584    99   115    78   117 0.76 # 2 # 1219 # 1 # ID=1795_1;partial=11;start_type=Edge;rbs_motif=None;rbs_spacer=None;gc_cont=0.714
contig01795_1        -            406 2968at72274          -            658         5    4.3   6.7   3   4    0.0055        12    3.1   0.4   499   561   226   291   219   299 0.84 # 2 # 1219 # 1 # ID=1795_1;partial=11;start_type=Edge;rbs_motif=None;rbs_spacer=None;gc_cont=0.714
contig01795_1        -            406 2968at72274          -            658         5    4.3   6.7   4   4     0.029        62    0.7   0.1   545   584   303   342   286   362 0.80 # 2 # 1219 # 1 # ID=1795_1;partial=11;start_type=Edge;rbs_motif=None;rbs_spacer=None;gc_cont=0.714
#
# Program:         hmmsearch
# Version:         3.1b2 (February 2015)
# Pipeline mode:   SEARCH
# Query file:      /home/johngn/Microbial-Genomics-Journey-Workshop-2023/Reads_session_3/busco_downloads/lineages/pseudomonadales_odb10/hmms/2968at72274.hmm
# Target file:     /home/johngn/Microbial-Genomics-Journey-Workshop-2023/Reads_session_3/busco_op4/prodigal_output/predicted_genes/predicted.faa
# Option settings: hmmsearch --domtblout /home/johngn/Microbial-Genomics-Journey-Workshop-2023/Reads_session_3/busco_op4/run_pseudomonadales_odb10/hmmer_output/2968at72274.out --cpu 1 /home/johngn/Microbial-Genomics-Journey-Workshop-2023/Reads_session_3/busco_downloads/lineages/pseudomonadales_odb10/hmms/2968at72274.hmm /home/johngn/Microbial-Genomics-Journey-Workshop-2023/Reads_session_3/busco_op4/prodigal_output/predicted_genes/predicted.faa 
# Current dir:     /home/johngn/Microbial-Genomics-Journey-Workshop-2023/Reads_session_3
# Date:            Wed Mar  8 17:01:20 2023
# [ok]
