#                                                                            --- full sequence --- -------------- this domain -------------   hmm coord   ali coord   env coord
# target name        accession   tlen query name           accession   qlen   E-value  score  bias   #  of  c-Evalue  i-Evalue  score  bias  from    to  from    to  from    to  acc description of target
#------------------- ---------- ----- -------------------- ---------- ----- --------- ------ ----- --- --- --------- --------- ------ ----- ----- ----- ----- ----- ----- ----- ---- ---------------------
contig02020_2        -            282 29821at72274         -            248    1e-146  485.6   1.8   1   1  3.6e-149  2.4e-146  484.3   1.8     1   248     3   278     3   278 0.94 # 232 # 1077 # 1 # ID=2020_2;partial=00;start_type=ATG;rbs_motif=GGAG/GAGG;rbs_spacer=5-10bp;gc_cont=0.624
contig00686_1        -            805 29821at72274         -            248   0.00048   18.2   0.0   1   2     0.084        55    1.6   0.0    26    47   136   157   123   160 0.80 # 1 # 2415 # 1 # ID=686_1;partial=10;start_type=Edge;rbs_motif=None;rbs_spacer=None;gc_cont=0.689
contig00686_1        -            805 29821at72274         -            248   0.00048   18.2   0.0   2   2   1.9e-05     0.012   13.6   0.0     7   154   517   664   511   674 0.76 # 1 # 2415 # 1 # ID=686_1;partial=10;start_type=Edge;rbs_motif=None;rbs_spacer=None;gc_cont=0.689
contig00037_6        -            465 29821at72274         -            248    0.0012   16.8   0.0   1   2   4.8e-05     0.031   12.2   0.0    15    45   192   222   185   232 0.85 # 6862 # 8256 # -1 # ID=37_6;partial=00;start_type=ATG;rbs_motif=None;rbs_spacer=None;gc_cont=0.513
contig00037_6        -            465 29821at72274         -            248    0.0012   16.8   0.0   2   2     0.059        38    2.1   0.0    98   171   256   328   245   343 0.59 # 6862 # 8256 # -1 # ID=37_6;partial=00;start_type=ATG;rbs_motif=None;rbs_spacer=None;gc_cont=0.513
contig01279_1        -            432 29821at72274         -            248    0.0036   15.3   0.3   1   3   0.00049      0.32    8.9   0.0    17   100    27   112    20   119 0.70 # 1 # 1296 # 1 # ID=1279_1;partial=10;start_type=Edge;rbs_motif=None;rbs_spacer=None;gc_cont=0.664
contig01279_1        -            432 29821at72274         -            248    0.0036   15.3   0.3   2   3      0.24   1.5e+02    0.1   0.0    95   112   230   245   182   250 0.80 # 1 # 1296 # 1 # ID=1279_1;partial=10;start_type=Edge;rbs_motif=None;rbs_spacer=None;gc_cont=0.664
contig01279_1        -            432 29821at72274         -            248    0.0036   15.3   0.3   3   3     0.063        41    2.0   0.0   113   142   349   378   338   388 0.90 # 1 # 1296 # 1 # ID=1279_1;partial=10;start_type=Edge;rbs_motif=None;rbs_spacer=None;gc_cont=0.664
contig01079_3        -            295 29821at72274         -            248     0.009   14.0   0.0   1   1   2.4e-05     0.015   13.2   0.0    88   155    44   110    25   118 0.88 # 989 # 1873 # -1 # ID=1079_3;partial=01;start_type=Edge;rbs_motif=None;rbs_spacer=None;gc_cont=0.673
contig00772_4        -             95 29821at72274         -            248    0.0096   13.9   0.0   1   1   2.1e-05     0.014   13.4   0.0    13    55    42    88    31    91 0.76 # 2048 # 2332 # 1 # ID=772_4;partial=01;start_type=ATG;rbs_motif=GGA/GAG/AGG;rbs_spacer=5-10bp;gc_cont=0.653
contig00954_1        -            486 29821at72274         -            248     0.011   13.8   0.0   1   1   3.1e-05      0.02   12.8   0.0    10    45   325   360   321   367 0.92 # 3 # 1460 # -1 # ID=954_1;partial=10;start_type=ATG;rbs_motif=GGAGG;rbs_spacer=3-4bp;gc_cont=0.707
contig00090_2        -            520 29821at72274         -            248     0.013   13.5   0.0   1   1   3.5e-05     0.023   12.7   0.0    12    41   217   246   208   252 0.83 # 406 # 1965 # 1 # ID=90_2;partial=00;start_type=ATG;rbs_motif=None;rbs_spacer=None;gc_cont=0.680
contig03231_1        -            180 29821at72274         -            248     0.022   12.8   0.0   1   1   6.4e-05     0.041   11.8   0.0    12    43    63    94    57    99 0.89 # 1 # 540 # 1 # ID=3231_1;partial=11;start_type=Edge;rbs_motif=None;rbs_spacer=None;gc_cont=0.687
contig00434_2        -            427 29821at72274         -            248     0.023   12.7   0.4   1   1   0.00015     0.095   10.7   0.4    25    55   115   147   106   199 0.75 # 1148 # 2428 # -1 # ID=434_2;partial=00;start_type=ATG;rbs_motif=GGA/GAG/AGG;rbs_spacer=5-10bp;gc_cont=0.591
contig00446_1        -            368 29821at72274         -            248     0.024   12.6   0.0   1   2   0.00067      0.43    8.5   0.0    16    43   172   199   156   210 0.83 # 2 # 1105 # -1 # ID=446_1;partial=10;start_type=ATG;rbs_motif=AGGAG;rbs_spacer=5-10bp;gc_cont=0.684
contig00446_1        -            368 29821at72274         -            248     0.024   12.6   0.0   2   2     0.076        49    1.8   0.0   103   150   254   301   243   320 0.88 # 2 # 1105 # -1 # ID=446_1;partial=10;start_type=ATG;rbs_motif=AGGAG;rbs_spacer=5-10bp;gc_cont=0.684
contig00439_2        -            443 29821at72274         -            248     0.045   11.7   0.0   1   1   0.00014     0.091   10.7   0.0    11    44   147   181   140   185 0.80 # 1213 # 2541 # 1 # ID=439_2;partial=00;start_type=ATG;rbs_motif=AGGAG;rbs_spacer=5-10bp;gc_cont=0.703
contig00910_1        -            260 29821at72274         -            248     0.053   11.5   0.0   1   2   0.00093       0.6    8.0   0.0    25    64    49    88    25   121 0.76 # 3 # 782 # -1 # ID=910_1;partial=10;start_type=GTG;rbs_motif=AGGAG/GGAGG;rbs_spacer=11-12bp;gc_cont=0.676
contig00910_1        -            260 29821at72274         -            248     0.053   11.5   0.0   2   2     0.093        60    1.5   0.0   147   180   139   172    84   177 0.75 # 3 # 782 # -1 # ID=910_1;partial=10;start_type=GTG;rbs_motif=AGGAG/GGAGG;rbs_spacer=11-12bp;gc_cont=0.676
#
# Program:         hmmsearch
# Version:         3.1b2 (February 2015)
# Pipeline mode:   SEARCH
# Query file:      /home/johngn/Microbial-Genomics-Journey-Workshop-2023/Reads_session_3/busco_downloads/lineages/pseudomonadales_odb10/hmms/29821at72274.hmm
# Target file:     /home/johngn/Microbial-Genomics-Journey-Workshop-2023/Reads_session_3/busco_op4/prodigal_output/predicted_genes/predicted.faa
# Option settings: hmmsearch --domtblout /home/johngn/Microbial-Genomics-Journey-Workshop-2023/Reads_session_3/busco_op4/run_pseudomonadales_odb10/hmmer_output/29821at72274.out --cpu 1 /home/johngn/Microbial-Genomics-Journey-Workshop-2023/Reads_session_3/busco_downloads/lineages/pseudomonadales_odb10/hmms/29821at72274.hmm /home/johngn/Microbial-Genomics-Journey-Workshop-2023/Reads_session_3/busco_op4/prodigal_output/predicted_genes/predicted.faa 
# Current dir:     /home/johngn/Microbial-Genomics-Journey-Workshop-2023/Reads_session_3
# Date:            Wed Mar  8 17:01:20 2023
# [ok]
