#                                                                            --- full sequence --- -------------- this domain -------------   hmm coord   ali coord   env coord
# target name        accession   tlen query name           accession   qlen   E-value  score  bias   #  of  c-Evalue  i-Evalue  score  bias  from    to  from    to  from    to  acc description of target
#------------------- ---------- ----- -------------------- ---------- ----- --------- ------ ----- --- --- --------- --------- ------ ----- ----- ----- ----- ----- ----- ----- ---- ---------------------
contig00051_7        -            342 30299at72274         -            259  1.4e-125  417.0   0.9   1   2   4.4e-10   9.3e-07   27.5   0.1     1    44     1    51     1    68 0.78 # 4936 # 5961 # 1 # ID=51_7;partial=00;start_type=GTG;rbs_motif=GGAG/GAGG;rbs_spacer=5-10bp;gc_cont=0.648
contig00051_7        -            342 30299at72274         -            259  1.4e-125  417.0   0.9   2   2  3.4e-120  7.2e-117  388.4   0.1    29   259    70   320    59   320 0.90 # 4936 # 5961 # 1 # ID=51_7;partial=00;start_type=GTG;rbs_motif=GGAG/GAGG;rbs_spacer=5-10bp;gc_cont=0.648
contig00330_1        -            245 30299at72274         -            259   3.4e-16   58.4   0.0   1   1   2.2e-19   4.6e-16   58.0   0.0    84   220    27   166     7   182 0.90 # 1 # 735 # 1 # ID=330_1;partial=10;start_type=Edge;rbs_motif=None;rbs_spacer=None;gc_cont=0.634
contig00009_2        -            429 30299at72274         -            259   1.5e-06   26.9   0.1   1   1   1.3e-09   2.7e-06   26.0   0.1    72   214   102   245    95   258 0.82 # 887 # 2173 # 1 # ID=9_2;partial=00;start_type=ATG;rbs_motif=GGAG/GAGG;rbs_spacer=5-10bp;gc_cont=0.618
contig00195_4        -            291 30299at72274         -            259     0.054   11.9   0.7   1   3     0.068   1.4e+02    0.7   0.0   188   227    70   109    62   118 0.89 # 2683 # 3555 # 1 # ID=195_4;partial=00;start_type=ATG;rbs_motif=GGAG/GAGG;rbs_spacer=5-10bp;gc_cont=0.645
contig00195_4        -            291 30299at72274         -            259     0.054   11.9   0.7   2   3      0.14   2.9e+02   -0.3   0.0   113   142   121   150   110   155 0.85 # 2683 # 3555 # 1 # ID=195_4;partial=00;start_type=ATG;rbs_motif=GGAG/GAGG;rbs_spacer=5-10bp;gc_cont=0.645
contig00195_4        -            291 30299at72274         -            259     0.054   11.9   0.7   3   3   0.00048         1    7.7   0.0   102   150   184   233   173   247 0.87 # 2683 # 3555 # 1 # ID=195_4;partial=00;start_type=ATG;rbs_motif=GGAG/GAGG;rbs_spacer=5-10bp;gc_cont=0.645
#
# Program:         hmmsearch
# Version:         3.1b2 (February 2015)
# Pipeline mode:   SEARCH
# Query file:      /home/johngn/Microbial-Genomics-Journey-Workshop-2023/Reads_session_3/busco_downloads/lineages/pseudomonadales_odb10/hmms/30299at72274.hmm
# Target file:     /home/johngn/Microbial-Genomics-Journey-Workshop-2023/Reads_session_3/busco_op4/prodigal_output/predicted_genes/predicted.faa
# Option settings: hmmsearch --domtblout /home/johngn/Microbial-Genomics-Journey-Workshop-2023/Reads_session_3/busco_op4/run_pseudomonadales_odb10/hmmer_output/30299at72274.out --cpu 1 /home/johngn/Microbial-Genomics-Journey-Workshop-2023/Reads_session_3/busco_downloads/lineages/pseudomonadales_odb10/hmms/30299at72274.hmm /home/johngn/Microbial-Genomics-Journey-Workshop-2023/Reads_session_3/busco_op4/prodigal_output/predicted_genes/predicted.faa 
# Current dir:     /home/johngn/Microbial-Genomics-Journey-Workshop-2023/Reads_session_3
# Date:            Wed Mar  8 17:01:21 2023
# [ok]
