#                                                                            --- full sequence --- -------------- this domain -------------   hmm coord   ali coord   env coord
# target name        accession   tlen query name           accession   qlen   E-value  score  bias   #  of  c-Evalue  i-Evalue  score  bias  from    to  from    to  from    to  acc description of target
#------------------- ---------- ----- -------------------- ---------- ----- --------- ------ ----- --- --- --------- --------- ------ ----- ----- ----- ----- ----- ----- ----- ---- ---------------------
contig00704_1        -            245 30458at72274         -            233   3.7e-50  169.5   0.0   1   1   5.2e-52   3.4e-49  166.4   0.0     1   172     1   245     1   245 0.86 # 1 # 735 # -1 # ID=704_1;partial=10;start_type=GTG;rbs_motif=AGGAG;rbs_spacer=5-10bp;gc_cont=0.697
contig00397_4        -             59 30458at72274         -            233   8.8e-15   53.7   0.1   1   1   1.5e-17   9.4e-15   53.6   0.1   183   233     2    55     1    55 0.87 # 3106 # 3282 # -1 # ID=397_4;partial=01;start_type=Edge;rbs_motif=None;rbs_spacer=None;gc_cont=0.701
contig01550_2        -            160 30458at72274         -            233   3.3e-08   32.2   0.1   1   1   7.5e-11   4.9e-08   31.7   0.1     7    59    12    61     8    67 0.86 # 722 # 1201 # -1 # ID=1550_2;partial=00;start_type=GTG;rbs_motif=GGAG/GAGG;rbs_spacer=5-10bp;gc_cont=0.654
contig02894_1        -            121 30458at72274         -            233   9.8e-08   30.7   0.0   1   1   1.7e-10   1.1e-07   30.5   0.0    16    65     1    51     1    76 0.88 # 1 # 363 # 1 # ID=2894_1;partial=10;start_type=Edge;rbs_motif=None;rbs_spacer=None;gc_cont=0.708
contig00551_3        -            153 30458at72274         -            233   4.4e-06   25.3   0.0   1   1   1.1e-08   7.3e-06   24.6   0.0     4    58     6    58     3    84 0.84 # 1965 # 2423 # 1 # ID=551_3;partial=00;start_type=ATG;rbs_motif=GGAG/GAGG;rbs_spacer=5-10bp;gc_cont=0.704
contig02043_2        -            279 30458at72274         -            233   8.8e-06   24.3   0.0   1   1   2.1e-08   1.4e-05   23.7   0.0    11    61   151   200   143   205 0.84 # 108 # 944 # -1 # ID=2043_2;partial=00;start_type=ATG;rbs_motif=GGxGG;rbs_spacer=5-10bp;gc_cont=0.676
contig00742_3        -            185 30458at72274         -            233   6.6e-05   21.4   0.0   1   1   1.3e-07   8.7e-05   21.0   0.0    14    61    48    95    37   116 0.88 # 1129 # 1683 # -1 # ID=742_3;partial=00;start_type=ATG;rbs_motif=AGxAG;rbs_spacer=5-10bp;gc_cont=0.645
contig00668_4        -            146 30458at72274         -            233   0.00062   18.2   0.0   1   1   1.3e-06   0.00084   17.8   0.0    29    60    35    66    13    78 0.86 # 1776 # 2213 # 1 # ID=668_4;partial=00;start_type=GTG;rbs_motif=GGAGG;rbs_spacer=5-10bp;gc_cont=0.644
contig00447_3        -            157 30458at72274         -            233    0.0016   16.9   0.0   1   1   3.3e-06    0.0022   16.5   0.0     5    63     6    64     4    90 0.83 # 1272 # 1742 # -1 # ID=447_3;partial=00;start_type=ATG;rbs_motif=AGGAG;rbs_spacer=5-10bp;gc_cont=0.713
contig00456_2        -            179 30458at72274         -            233    0.0042   15.5   0.0   1   1   9.5e-06    0.0062   15.0   0.0    34    64    80   110    58   118 0.88 # 126 # 662 # 1 # ID=456_2;partial=00;start_type=ATG;rbs_motif=GGA/GAG/AGG;rbs_spacer=5-10bp;gc_cont=0.704
contig00178_2        -            159 30458at72274         -            233    0.0069   14.8   0.0   1   1   1.5e-05    0.0094   14.4   0.0     7    62    11    67     7    72 0.75 # 319 # 795 # 1 # ID=178_2;partial=00;start_type=ATG;rbs_motif=GGAG/GAGG;rbs_spacer=5-10bp;gc_cont=0.694
contig01099_3        -            206 30458at72274         -            233     0.053   11.9   0.0   1   1   0.00012     0.078   11.4   0.0    30    60    87   117    69   121 0.87 # 822 # 1439 # -1 # ID=1099_3;partial=00;start_type=ATG;rbs_motif=GGA/GAG/AGG;rbs_spacer=5-10bp;gc_cont=0.675
contig01749_2        -            159 30458at72274         -            233     0.067   11.6   0.1   1   1   0.00017      0.11   10.9   0.1    31    58    75   102    47   110 0.77 # 785 # 1261 # 1 # ID=1749_2;partial=01;start_type=ATG;rbs_motif=AGGAG;rbs_spacer=5-10bp;gc_cont=0.665
#
# Program:         hmmsearch
# Version:         3.1b2 (February 2015)
# Pipeline mode:   SEARCH
# Query file:      /home/johngn/Microbial-Genomics-Journey-Workshop-2023/Reads_session_3/busco_downloads/lineages/pseudomonadales_odb10/hmms/30458at72274.hmm
# Target file:     /home/johngn/Microbial-Genomics-Journey-Workshop-2023/Reads_session_3/busco_op4/prodigal_output/predicted_genes/predicted.faa
# Option settings: hmmsearch --domtblout /home/johngn/Microbial-Genomics-Journey-Workshop-2023/Reads_session_3/busco_op4/run_pseudomonadales_odb10/hmmer_output/30458at72274.out --cpu 1 /home/johngn/Microbial-Genomics-Journey-Workshop-2023/Reads_session_3/busco_downloads/lineages/pseudomonadales_odb10/hmms/30458at72274.hmm /home/johngn/Microbial-Genomics-Journey-Workshop-2023/Reads_session_3/busco_op4/prodigal_output/predicted_genes/predicted.faa 
# Current dir:     /home/johngn/Microbial-Genomics-Journey-Workshop-2023/Reads_session_3
# Date:            Wed Mar  8 17:01:21 2023
# [ok]
