#                                                                            --- full sequence --- -------------- this domain -------------   hmm coord   ali coord   env coord
# target name        accession   tlen query name           accession   qlen   E-value  score  bias   #  of  c-Evalue  i-Evalue  score  bias  from    to  from    to  from    to  acc description of target
#------------------- ---------- ----- -------------------- ---------- ----- --------- ------ ----- --- --- --------- --------- ------ ----- ----- ----- ----- ----- ----- ----- ---- ---------------------
contig03005_1        -            205 30483at72274         -            371  1.7e-110  368.2   1.8   1   1  2.9e-113  1.9e-110  368.0   1.8    69   267     1   204     1   205 0.97 # 1 # 615 # 1 # ID=3005_1;partial=11;start_type=Edge;rbs_motif=None;rbs_spacer=None;gc_cont=0.636
contig00744_2        -            640 30483at72274         -            371   7.8e-97  323.2   0.0   1   1   1.6e-99   1.1e-96  322.8   0.0    20   364    14   373     3   378 0.92 # 385 # 2304 # 1 # ID=744_2;partial=00;start_type=ATG;rbs_motif=AGGA;rbs_spacer=5-10bp;gc_cont=0.683
contig00923_1        -            447 30483at72274         -            371   9.9e-88  293.3   0.1   1   1   1.9e-90   1.3e-87  292.9   0.1    15   369    13   377     6   379 0.93 # 128 # 1468 # 1 # ID=923_1;partial=00;start_type=ATG;rbs_motif=None;rbs_spacer=None;gc_cont=0.676
contig00369_2        -            557 30483at72274         -            371   3.2e-80  268.5   0.1   1   1   6.7e-83   4.4e-80  268.1   0.1    19   364    18   369     3   375 0.92 # 900 # 2570 # 1 # ID=369_2;partial=00;start_type=ATG;rbs_motif=GGAG/GAGG;rbs_spacer=5-10bp;gc_cont=0.700
contig01790_1        -            328 30483at72274         -            371   5.5e-75  251.3   0.0   1   1     1e-77   6.5e-75  251.1   0.0    19   324    13   328     4   328 0.93 # 3 # 986 # -1 # ID=1790_1;partial=10;start_type=ATG;rbs_motif=GGA/GAG/AGG;rbs_spacer=5-10bp;gc_cont=0.678
contig00621_4        -            219 30483at72274         -            371   8.6e-52  175.0   0.0   1   1   1.5e-54   9.7e-52  174.8   0.0    22   223    19   218     2   219 0.91 # 1963 # 2619 # 1 # ID=621_4;partial=01;start_type=GTG;rbs_motif=GGA/GAG/AGG;rbs_spacer=5-10bp;gc_cont=0.693
contig02942_1        -            214 30483at72274         -            371   6.9e-23   79.9   0.0   1   1   1.3e-25   8.4e-23   79.6   0.0   242   361    13   136     1   144 0.85 # 1 # 642 # 1 # ID=2942_1;partial=11;start_type=Edge;rbs_motif=None;rbs_spacer=None;gc_cont=0.709
contig00073_2        -            946 30483at72274         -            371   2.9e-08   31.8   0.1   1   1   9.2e-11     6e-08   30.7   0.1   243   349   531   644   505   663 0.78 # 238 # 3075 # -1 # ID=73_2;partial=00;start_type=ATG;rbs_motif=AGGA;rbs_spacer=5-10bp;gc_cont=0.556
contig00695_1        -            821 30483at72274         -            371   2.2e-06   25.6   0.1   1   2      0.26   1.7e+02   -0.4   0.0    39    69    43    73    28   102 0.73 # 1 # 2463 # 1 # ID=695_1;partial=11;start_type=Edge;rbs_motif=None;rbs_spacer=None;gc_cont=0.706
contig00695_1        -            821 30483at72274         -            371   2.2e-06   25.6   0.1   2   2   1.9e-08   1.2e-05   23.1   0.0   240   334   279   380   259   402 0.78 # 1 # 2463 # 1 # ID=695_1;partial=11;start_type=Edge;rbs_motif=None;rbs_spacer=None;gc_cont=0.706
contig00006_8        -            658 30483at72274         -            371     7e-05   20.6   0.0   1   2      0.34   2.2e+02   -0.7   0.0   149   161   348   360   333   363 0.87 # 7575 # 9548 # 1 # ID=6_8;partial=00;start_type=ATG;rbs_motif=GGA/GAG/AGG;rbs_spacer=5-10bp;gc_cont=0.643
contig00006_8        -            658 30483at72274         -            371     7e-05   20.6   0.0   2   2   5.6e-07   0.00036   18.3   0.0   234   333   497   602   484   627 0.80 # 7575 # 9548 # 1 # ID=6_8;partial=00;start_type=ATG;rbs_motif=GGA/GAG/AGG;rbs_spacer=5-10bp;gc_cont=0.643
contig00823_2        -            588 30483at72274         -            371    0.0023   15.6   0.0   1   1     5e-06    0.0032   15.2   0.0   276   336   139   199    87   227 0.89 # 478 # 2241 # -1 # ID=823_2;partial=01;start_type=Edge;rbs_motif=None;rbs_spacer=None;gc_cont=0.684
contig00241_1        -            959 30483at72274         -            371    0.0038   14.9   0.0   1   1   1.2e-05    0.0079   13.9   0.0   290   345   658   713   645   739 0.90 # 1 # 2877 # 1 # ID=241_1;partial=10;start_type=Edge;rbs_motif=None;rbs_spacer=None;gc_cont=0.565
contig00677_1        -            238 30483at72274         -            371      0.03   12.0   0.0   1   1     7e-05     0.045   11.4   0.0   272   314    69   111    58   141 0.74 # 1 # 714 # 1 # ID=677_1;partial=10;start_type=Edge;rbs_motif=None;rbs_spacer=None;gc_cont=0.671
#
# Program:         hmmsearch
# Version:         3.1b2 (February 2015)
# Pipeline mode:   SEARCH
# Query file:      /home/johngn/Microbial-Genomics-Journey-Workshop-2023/Reads_session_3/busco_downloads/lineages/pseudomonadales_odb10/hmms/30483at72274.hmm
# Target file:     /home/johngn/Microbial-Genomics-Journey-Workshop-2023/Reads_session_3/busco_op4/prodigal_output/predicted_genes/predicted.faa
# Option settings: hmmsearch --domtblout /home/johngn/Microbial-Genomics-Journey-Workshop-2023/Reads_session_3/busco_op4/run_pseudomonadales_odb10/hmmer_output/30483at72274.out --cpu 1 /home/johngn/Microbial-Genomics-Journey-Workshop-2023/Reads_session_3/busco_downloads/lineages/pseudomonadales_odb10/hmms/30483at72274.hmm /home/johngn/Microbial-Genomics-Journey-Workshop-2023/Reads_session_3/busco_op4/prodigal_output/predicted_genes/predicted.faa 
# Current dir:     /home/johngn/Microbial-Genomics-Journey-Workshop-2023/Reads_session_3
# Date:            Wed Mar  8 17:01:21 2023
# [ok]
