#                                                                            --- full sequence --- -------------- this domain -------------   hmm coord   ali coord   env coord
# target name        accession   tlen query name           accession   qlen   E-value  score  bias   #  of  c-Evalue  i-Evalue  score  bias  from    to  from    to  from    to  acc description of target
#------------------- ---------- ----- -------------------- ---------- ----- --------- ------ ----- --- --- --------- --------- ------ ----- ----- ----- ----- ----- ----- ----- ---- ---------------------
contig00905_1        -            262 30808at72274         -            227  5.2e-126  417.5   0.4   1   1  4.6e-129  7.8e-126  416.9   0.4     1   225     5   253     5   255 0.95 # 161 # 946 # 1 # ID=905_1;partial=00;start_type=ATG;rbs_motif=GGA/GAG/AGG;rbs_spacer=5-10bp;gc_cont=0.620
contig03276_1        -            143 30808at72274         -            227   3.2e-51  172.9   0.1   1   1   2.2e-54   3.6e-51  172.7   0.1   104   226     1   133     1   134 0.92 # 92 # 520 # -1 # ID=3276_1;partial=01;start_type=Edge;rbs_motif=None;rbs_spacer=None;gc_cont=0.690
contig02065_3        -             73 30808at72274         -            227   1.6e-15   56.1   0.0   1   1     1e-18   1.7e-15   56.0   0.0     1    68     2    73     2    73 0.87 # 842 # 1060 # 1 # ID=2065_3;partial=01;start_type=ATG;rbs_motif=GGAG/GAGG;rbs_spacer=5-10bp;gc_cont=0.648
contig00231_3        -            406 30808at72274         -            227   6.1e-08   31.3   0.2   1   2   1.3e-07   0.00022   19.7   0.0     2   102   171   268   170   272 0.84 # 2888 # 4105 # -1 # ID=231_3;partial=00;start_type=ATG;rbs_motif=AGGAG;rbs_spacer=5-10bp;gc_cont=0.676
contig00231_3        -            406 30808at72274         -            227   6.1e-08   31.3   0.2   2   2   0.00016      0.27    9.6   0.1   145   184   332   367   328   384 0.86 # 2888 # 4105 # -1 # ID=231_3;partial=00;start_type=ATG;rbs_motif=AGGAG;rbs_spacer=5-10bp;gc_cont=0.676
contig01303_2        -            381 30808at72274         -            227   2.4e-06   26.1   0.1   1   2   5.2e-05     0.087   11.2   0.0     2   103   112   211   111   235 0.76 # 478 # 1620 # -1 # ID=1303_2;partial=01;start_type=Edge;rbs_motif=None;rbs_spacer=None;gc_cont=0.669
contig01303_2        -            381 30808at72274         -            227   2.4e-06   26.1   0.1   2   2   1.6e-05     0.027   12.9   0.1   121   222   261   359   244   362 0.79 # 478 # 1620 # -1 # ID=1303_2;partial=01;start_type=Edge;rbs_motif=None;rbs_spacer=None;gc_cont=0.669
#
# Program:         hmmsearch
# Version:         3.1b2 (February 2015)
# Pipeline mode:   SEARCH
# Query file:      /home/johngn/Microbial-Genomics-Journey-Workshop-2023/Reads_session_3/busco_downloads/lineages/pseudomonadales_odb10/hmms/30808at72274.hmm
# Target file:     /home/johngn/Microbial-Genomics-Journey-Workshop-2023/Reads_session_3/busco_op4/prodigal_output/predicted_genes/predicted.faa
# Option settings: hmmsearch --domtblout /home/johngn/Microbial-Genomics-Journey-Workshop-2023/Reads_session_3/busco_op4/run_pseudomonadales_odb10/hmmer_output/30808at72274.out --cpu 1 /home/johngn/Microbial-Genomics-Journey-Workshop-2023/Reads_session_3/busco_downloads/lineages/pseudomonadales_odb10/hmms/30808at72274.hmm /home/johngn/Microbial-Genomics-Journey-Workshop-2023/Reads_session_3/busco_op4/prodigal_output/predicted_genes/predicted.faa 
# Current dir:     /home/johngn/Microbial-Genomics-Journey-Workshop-2023/Reads_session_3
# Date:            Wed Mar  8 17:01:21 2023
# [ok]
