#                                                                            --- full sequence --- -------------- this domain -------------   hmm coord   ali coord   env coord
# target name        accession   tlen query name           accession   qlen   E-value  score  bias   #  of  c-Evalue  i-Evalue  score  bias  from    to  from    to  from    to  acc description of target
#------------------- ---------- ----- -------------------- ---------- ----- --------- ------ ----- --- --- --------- --------- ------ ----- ----- ----- ----- ----- ----- ----- ---- ---------------------
contig00524_2        -            311 31611at72274         -            249  3.4e-109  362.8   0.7   1   1  4.8e-109  3.9e-107  356.0   0.7     1   248     2   294     2   295 0.91 # 1022 # 1954 # -1 # ID=524_2;partial=00;start_type=ATG;rbs_motif=GGA/GAG/AGG;rbs_spacer=5-10bp;gc_cont=0.667
contig01114_2        -            302 31611at72274         -            249   1.2e-27   95.7   0.1   1   1   3.6e-29   2.9e-27   94.4   0.1     2   219     3   249     2   273 0.79 # 328 # 1233 # 1 # ID=1114_2;partial=00;start_type=GTG;rbs_motif=GGAGG;rbs_spacer=5-10bp;gc_cont=0.691
contig02407_2        -            183 31611at72274         -            249   7.8e-26   89.7   0.0   1   1   1.1e-27   8.7e-26   89.6   0.0     2   137     3   142     2   164 0.89 # 331 # 879 # 1 # ID=2407_2;partial=01;start_type=ATG;rbs_motif=GGA/GAG/AGG;rbs_spacer=5-10bp;gc_cont=0.676
contig00692_2        -            307 31611at72274         -            249   1.7e-25   88.6   0.9   1   2     1e-23   8.2e-22   76.5   0.2     1   128     2   129     2   150 0.94 # 690 # 1610 # -1 # ID=692_2;partial=00;start_type=ATG;rbs_motif=GGA/GAG/AGG;rbs_spacer=11-12bp;gc_cont=0.689
contig00692_2        -            307 31611at72274         -            249   1.7e-25   88.6   0.9   2   2    0.0011     0.086   10.9   0.0   191   223   216   248   193   273 0.89 # 690 # 1610 # -1 # ID=692_2;partial=00;start_type=ATG;rbs_motif=GGA/GAG/AGG;rbs_spacer=11-12bp;gc_cont=0.689
contig00051_1        -            147 31611at72274         -            249   2.8e-21   74.8   0.3   1   1   3.8e-23   3.1e-21   74.6   0.3     2   139     4   145     3   147 0.86 # 3 # 443 # -1 # ID=51_1;partial=10;start_type=ATG;rbs_motif=GGAG/GAGG;rbs_spacer=5-10bp;gc_cont=0.687
contig02983_1        -            120 31611at72274         -            249   9.8e-21   73.0   0.0   1   1   1.3e-22   1.1e-20   72.9   0.0     1   113     5   118     5   120 0.96 # 267 # 626 # 1 # ID=2983_1;partial=01;start_type=GTG;rbs_motif=GGAG/GAGG;rbs_spacer=5-10bp;gc_cont=0.669
contig00092_3        -            303 31611at72274         -            249   1.2e-20   72.7   0.1   1   2   7.2e-22   5.8e-20   70.5   0.0     1   148     3   156     3   167 0.78 # 1241 # 2149 # 1 # ID=92_3;partial=00;start_type=ATG;rbs_motif=GGA/GAG/AGG;rbs_spacer=5-10bp;gc_cont=0.706
contig00092_3        -            303 31611at72274         -            249   1.2e-20   72.7   0.1   2   2       3.7     3e+02   -0.7   0.0   203   218   235   250   225   271 0.79 # 1241 # 2149 # 1 # ID=92_3;partial=00;start_type=ATG;rbs_motif=GGA/GAG/AGG;rbs_spacer=5-10bp;gc_cont=0.706
contig00336_4        -            306 31611at72274         -            249   1.3e-20   72.5   0.1   1   2   2.1e-20   1.7e-18   65.7   0.0     1   135     4   138     4   154 0.90 # 2471 # 3388 # 1 # ID=336_4;partial=00;start_type=ATG;rbs_motif=GGA/GAG/AGG;rbs_spacer=5-10bp;gc_cont=0.676
contig00336_4        -            306 31611at72274         -            249   1.3e-20   72.5   0.1   2   2     0.073       5.9    4.9   0.0   193   217   219   243   211   248 0.88 # 2471 # 3388 # 1 # ID=336_4;partial=00;start_type=ATG;rbs_motif=GGA/GAG/AGG;rbs_spacer=5-10bp;gc_cont=0.676
contig00143_1        -            291 31611at72274         -            249   2.9e-20   71.4   0.1   1   1   1.1e-21     9e-20   69.8   0.1     2   220     3   244     2   256 0.80 # 50 # 922 # 1 # ID=143_1;partial=00;start_type=ATG;rbs_motif=GGAGG;rbs_spacer=3-4bp;gc_cont=0.712
contig02702_1        -            208 31611at72274         -            249   3.1e-20   71.3   0.0   1   1   6.1e-22   4.9e-20   70.7   0.0     2   122     4   125     3   152 0.93 # 132 # 755 # 1 # ID=2702_1;partial=01;start_type=ATG;rbs_motif=GGAG/GAGG;rbs_spacer=5-10bp;gc_cont=0.704
contig00202_4        -            298 31611at72274         -            249   3.5e-20   71.2   0.2   1   2   5.6e-19   4.5e-17   61.0   0.0     2   143     3   149     2   167 0.88 # 2149 # 3042 # -1 # ID=202_4;partial=00;start_type=ATG;rbs_motif=GGAGG;rbs_spacer=5-10bp;gc_cont=0.680
contig00202_4        -            298 31611at72274         -            249   3.5e-20   71.2   0.2   2   2    0.0065      0.53    8.4   0.0   192   226   218   252   208   265 0.84 # 2149 # 3042 # -1 # ID=202_4;partial=00;start_type=ATG;rbs_motif=GGAGG;rbs_spacer=5-10bp;gc_cont=0.680
contig00135_4        -            316 31611at72274         -            249   4.4e-20   70.9   1.2   1   1   1.2e-21   9.8e-20   69.7   1.2     1   223     9   254     9   259 0.81 # 4215 # 5162 # 1 # ID=135_4;partial=01;start_type=ATG;rbs_motif=GGA/GAG/AGG;rbs_spacer=5-10bp;gc_cont=0.664
contig01297_1        -            146 31611at72274         -            249   2.6e-19   68.4   0.0   1   1   3.5e-21   2.9e-19   68.2   0.0     2   122     3   123     2   140 0.88 # 2 # 439 # -1 # ID=1297_1;partial=10;start_type=ATG;rbs_motif=None;rbs_spacer=None;gc_cont=0.671
contig00562_3        -            297 31611at72274         -            249   2.7e-19   68.3   0.1   1   1     6e-20   4.8e-18   64.2   0.1     2   234     5   261     4   275 0.80 # 1875 # 2765 # 1 # ID=562_3;partial=01;start_type=ATG;rbs_motif=GGAG/GAGG;rbs_spacer=5-10bp;gc_cont=0.687
contig01030_1        -             72 31611at72274         -            249   3.4e-19   67.9   0.5   1   1   4.5e-21   3.7e-19   67.8   0.5     2    70     3    71     2    72 0.97 # 3 # 218 # -1 # ID=1030_1;partial=10;start_type=ATG;rbs_motif=GGA/GAG/AGG;rbs_spacer=5-10bp;gc_cont=0.676
contig00167_6        -            176 31611at72274         -            249   5.3e-19   67.3   0.2   1   1   8.1e-21   6.5e-19   67.0   0.2     1   139     4   145     4   147 0.90 # 4268 # 4795 # 1 # ID=167_6;partial=01;start_type=ATG;rbs_motif=GGAG/GAGG;rbs_spacer=5-10bp;gc_cont=0.686
contig00254_5        -            298 31611at72274         -            249   7.7e-19   66.8   0.1   1   2   1.3e-17   1.1e-15   56.5   0.1     2   122     5   124     4   134 0.94 # 2782 # 3675 # 1 # ID=254_5;partial=00;start_type=ATG;rbs_motif=GGA/GAG/AGG;rbs_spacer=5-10bp;gc_cont=0.709
contig00254_5        -            298 31611at72274         -            249   7.7e-19   66.8   0.1   2   2     0.006      0.49    8.5   0.0   158   230   177   256   158   274 0.71 # 2782 # 3675 # 1 # ID=254_5;partial=00;start_type=ATG;rbs_motif=GGA/GAG/AGG;rbs_spacer=5-10bp;gc_cont=0.709
contig00040_7        -            301 31611at72274         -            249   3.7e-18   64.6   0.0   1   1   1.1e-19   8.8e-18   63.3   0.0     4   224    16   248    13   253 0.85 # 6726 # 7628 # 1 # ID=40_7;partial=00;start_type=ATG;rbs_motif=None;rbs_spacer=None;gc_cont=0.689
contig01227_1        -             75 31611at72274         -            249   3.9e-18   64.5   0.1   1   1   5.2e-20   4.2e-18   64.4   0.1     2    72     4    74     3    75 0.98 # 3 # 227 # -1 # ID=1227_1;partial=10;start_type=ATG;rbs_motif=GGAG/GAGG;rbs_spacer=5-10bp;gc_cont=0.720
contig01123_1        -            224 31611at72274         -            249   5.5e-18   64.0   0.1   1   1   8.9e-20   7.2e-18   63.6   0.1     2   138    34   174    33   183 0.88 # 3 # 674 # -1 # ID=1123_1;partial=10;start_type=ATG;rbs_motif=GGAG/GAGG;rbs_spacer=5-10bp;gc_cont=0.652
contig01519_1        -            145 31611at72274         -            249   5.7e-18   63.9   0.1   1   1   8.4e-20   6.8e-18   63.7   0.1     2   122    16   136    15   143 0.96 # 3 # 437 # -1 # ID=1519_1;partial=10;start_type=ATG;rbs_motif=GGA/GAG/AGG;rbs_spacer=5-10bp;gc_cont=0.680
contig00680_1        -            150 31611at72274         -            249   2.2e-17   62.0   0.1   1   1   3.2e-19   2.6e-17   61.8   0.1     2   138    10   147     9   149 0.83 # 3 # 452 # -1 # ID=680_1;partial=10;start_type=ATG;rbs_motif=AGGA;rbs_spacer=5-10bp;gc_cont=0.669
contig03078_1        -            140 31611at72274         -            249     5e-17   60.9   0.1   1   1   7.5e-19   6.1e-17   60.6   0.1     2   140     2   140     1   140 0.91 # 3 # 422 # -1 # ID=3078_1;partial=10;start_type=ATG;rbs_motif=GGAG/GAGG;rbs_spacer=5-10bp;gc_cont=0.731
contig00915_2        -            305 31611at72274         -            249   1.3e-16   59.5   0.0   1   1   4.1e-18   3.3e-16   58.2   0.0     2   139     9   151     8   158 0.92 # 850 # 1764 # 1 # ID=915_2;partial=00;start_type=ATG;rbs_motif=GGAG/GAGG;rbs_spacer=5-10bp;gc_cont=0.716
contig01091_1        -            130 31611at72274         -            249   1.6e-16   59.2   0.0   1   1   2.3e-18   1.9e-16   59.0   0.0     2   115     5   118     4   126 0.93 # 1 # 390 # -1 # ID=1091_1;partial=10;start_type=GTG;rbs_motif=AGGA/GGAG/GAGG;rbs_spacer=11-12bp;gc_cont=0.690
contig00090_5        -            302 31611at72274         -            249   7.6e-16   57.0   0.1   1   2   2.1e-16   1.7e-14   52.6   0.1     4   145     6   149     3   163 0.88 # 5121 # 6026 # 1 # ID=90_5;partial=01;start_type=ATG;rbs_motif=GGAG/GAGG;rbs_spacer=5-10bp;gc_cont=0.664
contig00090_5        -            302 31611at72274         -            249   7.6e-16   57.0   0.1   2   2       0.4        32    2.5   0.0   192   224   219   251   211   270 0.76 # 5121 # 6026 # 1 # ID=90_5;partial=01;start_type=ATG;rbs_motif=GGAG/GAGG;rbs_spacer=5-10bp;gc_cont=0.664
contig01520_2        -            310 31611at72274         -            249     1e-15   56.6   0.1   1   1   1.7e-17   1.4e-15   56.1   0.1     4   128    14   141    11   153 0.90 # 453 # 1382 # 1 # ID=1520_2;partial=00;start_type=ATG;rbs_motif=None;rbs_spacer=None;gc_cont=0.687
contig00658_1        -            294 31611at72274         -            249   2.2e-15   55.5   0.5   1   1   9.5e-17   7.7e-15   53.7   0.5     4   104     7   113     4   261 0.73 # 68 # 949 # 1 # ID=658_1;partial=00;start_type=ATG;rbs_motif=None;rbs_spacer=None;gc_cont=0.694
contig01752_1        -            289 31611at72274         -            249   2.8e-15   55.2   0.0   1   1   4.8e-17   3.9e-15   54.7   0.0    16   140    21   148     8   152 0.90 # 143 # 1009 # 1 # ID=1752_1;partial=00;start_type=ATG;rbs_motif=AGGA;rbs_spacer=5-10bp;gc_cont=0.732
contig00075_6        -            287 31611at72274         -            249     4e-15   54.6   0.3   1   1   6.8e-17   5.5e-15   54.2   0.3     2   226     3   249     2   270 0.80 # 4141 # 5001 # -1 # ID=75_6;partial=00;start_type=ATG;rbs_motif=GGA/GAG/AGG;rbs_spacer=5-10bp;gc_cont=0.690
contig00242_3        -            296 31611at72274         -            249   8.3e-15   53.6   0.3   1   2   8.1e-15   6.5e-13   47.4   0.2     4   139     7   144     5   154 0.86 # 1942 # 2829 # 1 # ID=242_3;partial=00;start_type=ATG;rbs_motif=GGAG/GAGG;rbs_spacer=5-10bp;gc_cont=0.677
contig00242_3        -            296 31611at72274         -            249   8.3e-15   53.6   0.3   2   2      0.12       9.3    4.3   0.0   193   221   217   245   210   261 0.85 # 1942 # 2829 # 1 # ID=242_3;partial=00;start_type=ATG;rbs_motif=GGAG/GAGG;rbs_spacer=5-10bp;gc_cont=0.677
contig02678_2        -            115 31611at72274         -            249   3.4e-14   51.6   0.1   1   1   4.6e-16   3.7e-14   51.5   0.1     3   109    10   115     8   115 0.93 # 420 # 764 # 1 # ID=2678_2;partial=01;start_type=ATG;rbs_motif=None;rbs_spacer=None;gc_cont=0.696
contig01475_1        -            130 31611at72274         -            249   8.2e-14   50.3   0.0   1   1   1.2e-15   9.6e-14   50.1   0.0     4   124     6   124     3   128 0.88 # 1 # 390 # -1 # ID=1475_1;partial=10;start_type=ATG;rbs_motif=GGAG/GAGG;rbs_spacer=5-10bp;gc_cont=0.690
contig00033_2        -            304 31611at72274         -            249   1.2e-13   49.8   0.0   1   1     2e-15   1.6e-13   49.3   0.0     2   121     5   124     4   153 0.93 # 1976 # 2887 # 1 # ID=33_2;partial=00;start_type=ATG;rbs_motif=None;rbs_spacer=None;gc_cont=0.693
contig01371_2        -            296 31611at72274         -            249   1.5e-13   49.5   0.0   1   2   1.1e-14   8.8e-13   47.0   0.0     4   143     1   142     1   169 0.80 # 671 # 1558 # -1 # ID=1371_2;partial=01;start_type=Edge;rbs_motif=None;rbs_spacer=None;gc_cont=0.687
contig01371_2        -            296 31611at72274         -            249   1.5e-13   49.5   0.0   2   2       2.2   1.8e+02    0.1   0.0   193   224   214   245   201   262 0.77 # 671 # 1558 # -1 # ID=1371_2;partial=01;start_type=Edge;rbs_motif=None;rbs_spacer=None;gc_cont=0.687
contig00510_4        -            192 31611at72274         -            249   1.6e-13   49.4   0.0   1   1   2.3e-15   1.9e-13   49.1   0.0     2   143     4   150     3   179 0.81 # 2340 # 2915 # 1 # ID=510_4;partial=01;start_type=ATG;rbs_motif=GGAG/GAGG;rbs_spacer=5-10bp;gc_cont=0.681
contig02050_2        -            295 31611at72274         -            249   4.5e-13   47.9   0.1   1   2     2e-14   1.6e-12   46.1   0.1     2    81     5    85     4   122 0.94 # 98 # 982 # -1 # ID=2050_2;partial=00;start_type=ATG;rbs_motif=GGAG/GAGG;rbs_spacer=5-10bp;gc_cont=0.706
contig02050_2        -            295 31611at72274         -            249   4.5e-13   47.9   0.1   2   2       4.9     4e+02   -1.1   0.0   198   224   220   246   211   256 0.84 # 98 # 982 # -1 # ID=2050_2;partial=00;start_type=ATG;rbs_motif=GGAG/GAGG;rbs_spacer=5-10bp;gc_cont=0.706
contig00202_2        -            309 31611at72274         -            249   4.9e-13   47.8   0.0   1   1   1.4e-14   1.2e-12   46.6   0.0     9   132    16   141    10   156 0.86 # 689 # 1615 # 1 # ID=202_2;partial=00;start_type=ATG;rbs_motif=GGA/GAG/AGG;rbs_spacer=5-10bp;gc_cont=0.688
contig01107_3        -            248 31611at72274         -            249     1e-12   46.7   0.0   1   2   3.8e-14   3.1e-12   45.2   0.0     5   122     7   124     3   203 0.88 # 1089 # 1832 # 1 # ID=1107_3;partial=01;start_type=ATG;rbs_motif=AGGA;rbs_spacer=5-10bp;gc_cont=0.722
contig01107_3        -            248 31611at72274         -            249     1e-12   46.7   0.0   2   2         4   3.2e+02   -0.8   0.0    46    70   204   228   194   232 0.87 # 1089 # 1832 # 1 # ID=1107_3;partial=01;start_type=ATG;rbs_motif=AGGA;rbs_spacer=5-10bp;gc_cont=0.722
contig00935_3        -            242 31611at72274         -            249   1.3e-12   46.4   0.0   1   1   6.1e-14     5e-12   44.5   0.0     1   120     7   123     7   242 0.69 # 1340 # 2065 # 1 # ID=935_3;partial=01;start_type=ATG;rbs_motif=AGGAG;rbs_spacer=5-10bp;gc_cont=0.700
contig00901_1        -             88 31611at72274         -            249   1.7e-12   46.0   0.1   1   1   2.4e-14     2e-12   45.8   0.1     5    72    12    80     9    87 0.92 # 3 # 266 # -1 # ID=901_1;partial=10;start_type=ATG;rbs_motif=GGAG/GAGG;rbs_spacer=5-10bp;gc_cont=0.667
contig00072_5        -            312 31611at72274         -            249   2.1e-12   45.7   0.1   1   2   1.6e-13   1.3e-11   43.1   0.1     2   133     5   139     4   168 0.90 # 3342 # 4277 # 1 # ID=72_5;partial=00;start_type=ATG;rbs_motif=GGAG/GAGG;rbs_spacer=5-10bp;gc_cont=0.685
contig00072_5        -            312 31611at72274         -            249   2.1e-12   45.7   0.1   2   2         2   1.6e+02    0.2   0.0   206   219   233   246   228   259 0.79 # 3342 # 4277 # 1 # ID=72_5;partial=00;start_type=ATG;rbs_motif=GGAG/GAGG;rbs_spacer=5-10bp;gc_cont=0.685
contig00998_2        -            302 31611at72274         -            249   4.6e-12   44.6   0.3   1   1   3.3e-13   2.7e-11   42.1   0.3     2   122     4   124     3   271 0.74 # 786 # 1691 # -1 # ID=998_2;partial=00;start_type=GTG;rbs_motif=None;rbs_spacer=None;gc_cont=0.687
contig00943_1        -            300 31611at72274         -            249   8.7e-12   43.7   0.1   1   1   2.5e-13     2e-11   42.5   0.1     8   219     5   242     1   271 0.74 # 1 # 900 # 1 # ID=943_1;partial=10;start_type=Edge;rbs_motif=None;rbs_spacer=None;gc_cont=0.660
contig00040_3        -            301 31611at72274         -            249   1.7e-11   42.8   0.0   1   1   2.7e-13   2.2e-11   42.4   0.0     2   101    10   109     9   165 0.83 # 2311 # 3213 # -1 # ID=40_3;partial=00;start_type=ATG;rbs_motif=GGA/GAG/AGG;rbs_spacer=5-10bp;gc_cont=0.668
contig00079_6        -            303 31611at72274         -            249   2.1e-11   42.5   0.1   1   2     1e-12   8.3e-11   40.5   0.0     2   121    13   132    12   154 0.86 # 5408 # 6316 # 1 # ID=79_6;partial=01;start_type=ATG;rbs_motif=AGGA;rbs_spacer=5-10bp;gc_cont=0.677
contig00079_6        -            303 31611at72274         -            249   2.1e-11   42.5   0.1   2   2       3.7     3e+02   -0.7   0.0   202   222   235   255   225   264 0.81 # 5408 # 6316 # 1 # ID=79_6;partial=01;start_type=ATG;rbs_motif=AGGA;rbs_spacer=5-10bp;gc_cont=0.677
contig00243_4        -            300 31611at72274         -            249   3.2e-11   41.8   0.1   1   1   5.7e-13   4.6e-11   41.3   0.1     6   139     9   142     4   144 0.81 # 2998 # 3897 # 1 # ID=243_4;partial=00;start_type=ATG;rbs_motif=GGAG/GAGG;rbs_spacer=5-10bp;gc_cont=0.691
contig00178_6        -            303 31611at72274         -            249     4e-11   41.5   0.1   1   1   1.3e-12   1.1e-10   40.1   0.2     3   137     4   143     2   147 0.86 # 3481 # 4389 # 1 # ID=178_6;partial=00;start_type=ATG;rbs_motif=GGA/GAG/AGG;rbs_spacer=5-10bp;gc_cont=0.715
contig03277_1        -            139 31611at72274         -            249   5.7e-11   41.0   0.0   1   1   8.2e-13   6.6e-11   40.8   0.0     8   119    11   122     6   133 0.89 # 103 # 519 # 1 # ID=3277_1;partial=01;start_type=ATG;rbs_motif=AGGAG;rbs_spacer=5-10bp;gc_cont=0.674
contig00957_1        -             99 31611at72274         -            249   7.5e-11   40.6   0.1   1   1   1.1e-12   8.7e-11   40.4   0.1     7    94     8    95     4    98 0.95 # 3 # 299 # -1 # ID=957_1;partial=10;start_type=ATG;rbs_motif=AGGA;rbs_spacer=5-10bp;gc_cont=0.727
contig02610_1        -            250 31611at72274         -            249   8.7e-11   40.4   0.2   1   1   1.3e-12   1.1e-10   40.1   0.2     2   138    15   156    14   188 0.89 # 3 # 752 # -1 # ID=2610_1;partial=10;start_type=ATG;rbs_motif=AGGAG/GGAGG;rbs_spacer=11-12bp;gc_cont=0.683
contig00760_2        -            304 31611at72274         -            249   1.1e-10   40.1   0.0   1   2   2.2e-11   1.8e-09   36.1   0.1    19   139    21   143     7   163 0.83 # 679 # 1590 # 1 # ID=760_2;partial=00;start_type=ATG;rbs_motif=GGA/GAG/AGG;rbs_spacer=5-10bp;gc_cont=0.701
contig00760_2        -            304 31611at72274         -            249   1.1e-10   40.1   0.0   2   2      0.66        53    1.8   0.0   201   229   230   258   223   270 0.87 # 679 # 1590 # 1 # ID=760_2;partial=00;start_type=ATG;rbs_motif=GGA/GAG/AGG;rbs_spacer=5-10bp;gc_cont=0.701
contig02621_1        -            261 31611at72274         -            249   1.3e-10   39.8   0.0   1   1   7.2e-12   5.8e-10   37.7   0.0    20   141     1   125     1   239 0.84 # 3 # 785 # 1 # ID=2621_1;partial=11;start_type=Edge;rbs_motif=None;rbs_spacer=None;gc_cont=0.725
contig01780_2        -            253 31611at72274         -            249   1.7e-10   39.4   0.0   1   1   3.3e-12   2.7e-10   38.8   0.0     8   123    11   126     4   184 0.92 # 474 # 1232 # 1 # ID=1780_2;partial=01;start_type=ATG;rbs_motif=None;rbs_spacer=None;gc_cont=0.659
contig00070_9        -            305 31611at72274         -            249     2e-10   39.2   0.0   1   1   3.4e-12   2.8e-10   38.8   0.0     4    75     8    79     5   109 0.89 # 5432 # 6346 # 1 # ID=70_9;partial=00;start_type=ATG;rbs_motif=None;rbs_spacer=None;gc_cont=0.672
contig01103_2        -            114 31611at72274         -            249     3e-10   38.6   0.7   1   1   4.3e-12   3.5e-10   38.4   0.7     1   104     3   106     3   112 0.94 # 1505 # 1846 # 1 # ID=1103_2;partial=01;start_type=ATG;rbs_motif=AGGAG;rbs_spacer=5-10bp;gc_cont=0.667
contig00725_3        -            297 31611at72274         -            249   3.2e-10   38.5   0.0   1   1     6e-12   4.9e-10   38.0   0.0     5   138    11   144     7   147 0.81 # 1399 # 2289 # -1 # ID=725_3;partial=00;start_type=TTG;rbs_motif=GGAG/GAGG;rbs_spacer=5-10bp;gc_cont=0.704
contig00532_1        -            288 31611at72274         -            249   3.3e-10   38.5   0.0   1   1   6.1e-12   4.9e-10   38.0   0.0     9   143    10   148     6   173 0.83 # 70 # 933 # 1 # ID=532_1;partial=00;start_type=ATG;rbs_motif=GGA/GAG/AGG;rbs_spacer=5-10bp;gc_cont=0.679
contig00173_3        -            303 31611at72274         -            249     4e-10   38.2   0.0   1   1     8e-12   6.5e-10   37.6   0.0     8   122    10   124     5   150 0.82 # 1720 # 2628 # 1 # ID=173_3;partial=00;start_type=ATG;rbs_motif=GGA/GAG/AGG;rbs_spacer=5-10bp;gc_cont=0.667
contig00002_25       -            302 31611at72274         -            249   4.8e-10   38.0   0.0   1   1   8.1e-12   6.5e-10   37.5   0.0    11   132    14   135     5   176 0.80 # 26267 # 27172 # 1 # ID=2_25;partial=00;start_type=ATG;rbs_motif=GGA/GAG/AGG;rbs_spacer=5-10bp;gc_cont=0.624
contig01959_2        -             81 31611at72274         -            249   4.9e-10   37.9   0.2   1   1   6.9e-12   5.6e-10   37.8   0.2     5    75     7    77     3    80 0.93 # 867 # 1109 # 1 # ID=1959_2;partial=01;start_type=ATG;rbs_motif=GGAG/GAGG;rbs_spacer=5-10bp;gc_cont=0.708
contig00857_1        -            303 31611at72274         -            249   5.1e-10   37.9   0.1   1   2   1.9e-11   1.6e-09   36.3   0.0    12   120    18   124    11   136 0.78 # 23 # 931 # -1 # ID=857_1;partial=00;start_type=ATG;rbs_motif=GGAG/GAGG;rbs_spacer=5-10bp;gc_cont=0.673
contig00857_1        -            303 31611at72274         -            249   5.1e-10   37.9   0.1   2   2       6.7   5.4e+02   -1.5   0.0   202   222   226   246   222   278 0.80 # 23 # 931 # -1 # ID=857_1;partial=00;start_type=ATG;rbs_motif=GGAG/GAGG;rbs_spacer=5-10bp;gc_cont=0.673
contig00057_1        -            305 31611at72274         -            249   8.2e-10   37.2   0.1   1   2   9.5e-11   7.7e-09   34.0   0.1     4   121     9   125     7   145 0.86 # 1 # 915 # 1 # ID=57_1;partial=10;start_type=Edge;rbs_motif=None;rbs_spacer=None;gc_cont=0.680
contig00057_1        -            305 31611at72274         -            249   8.2e-10   37.2   0.1   2   2       1.2        97    1.0   0.0   192   218   216   242   198   250 0.85 # 1 # 915 # 1 # ID=57_1;partial=10;start_type=Edge;rbs_motif=None;rbs_spacer=None;gc_cont=0.680
contig01213_3        -            217 31611at72274         -            249   1.1e-09   36.8   0.0   1   1   1.7e-11   1.4e-09   36.5   0.0     2   130     7   133     6   151 0.80 # 1056 # 1706 # 1 # ID=1213_3;partial=01;start_type=ATG;rbs_motif=GGAG/GAGG;rbs_spacer=5-10bp;gc_cont=0.677
contig00438_4        -            241 31611at72274         -            249   1.6e-09   36.2   0.1   1   1   2.6e-11   2.1e-09   35.9   0.1     4   139     9   144     6   146 0.88 # 2365 # 3087 # 1 # ID=438_4;partial=01;start_type=ATG;rbs_motif=None;rbs_spacer=None;gc_cont=0.705
contig02575_1        -            269 31611at72274         -            249   2.7e-09   35.5   0.0   1   2   1.3e-10     1e-08   33.6   0.0    26   123     6   106     2   125 0.88 # 1 # 807 # -1 # ID=2575_1;partial=11;start_type=Edge;rbs_motif=None;rbs_spacer=None;gc_cont=0.689
contig02575_1        -            269 31611at72274         -            249   2.7e-09   35.5   0.0   2   2       2.8   2.3e+02   -0.2   0.0    88   103   119   134   117   173 0.79 # 1 # 807 # -1 # ID=2575_1;partial=11;start_type=Edge;rbs_motif=None;rbs_spacer=None;gc_cont=0.689
contig03085_1        -             78 31611at72274         -            249   4.5e-09   34.8   0.0   1   1   6.2e-11     5e-09   34.7   0.0     8    77     9    78     3    78 0.94 # 1 # 234 # -1 # ID=3085_1;partial=10;start_type=ATG;rbs_motif=None;rbs_spacer=None;gc_cont=0.645
contig01607_2        -            136 31611at72274         -            249     5e-09   34.6   0.0   1   1   7.3e-11   5.9e-09   34.4   0.0    12   121    25   135    16   136 0.92 # 959 # 1366 # 1 # ID=1607_2;partial=01;start_type=ATG;rbs_motif=GGA/GAG/AGG;rbs_spacer=11-12bp;gc_cont=0.696
contig01717_2        -            297 31611at72274         -            249   7.4e-09   34.1   0.0   1   2   3.5e-10   2.8e-08   32.2   0.0    17   122    20   125     5   145 0.90 # 396 # 1286 # 1 # ID=1717_2;partial=01;start_type=ATG;rbs_motif=GGA/GAG/AGG;rbs_spacer=5-10bp;gc_cont=0.670
contig01717_2        -            297 31611at72274         -            249   7.4e-09   34.1   0.0   2   2       4.8   3.9e+02   -1.0   0.0   200   218   228   246   220   261 0.82 # 396 # 1286 # 1 # ID=1717_2;partial=01;start_type=ATG;rbs_motif=GGA/GAG/AGG;rbs_spacer=5-10bp;gc_cont=0.670
contig00092_5        -            312 31611at72274         -            249   1.3e-08   33.3   0.9   1   2   9.3e-08   7.5e-06   24.2   0.2     3    77     7    81     5   105 0.86 # 3572 # 4507 # 1 # ID=92_5;partial=00;start_type=ATG;rbs_motif=GGA/GAG/AGG;rbs_spacer=5-10bp;gc_cont=0.697
contig00092_5        -            312 31611at72274         -            249   1.3e-08   33.3   0.9   2   2     0.014       1.1    7.3   0.0   193   223   222   252   168   268 0.86 # 3572 # 4507 # 1 # ID=92_5;partial=00;start_type=ATG;rbs_motif=GGA/GAG/AGG;rbs_spacer=5-10bp;gc_cont=0.697
contig00199_5        -            297 31611at72274         -            249   1.9e-08   32.8   0.0   1   1   3.9e-10   3.2e-08   32.0   0.0    16    82    19    85     7   132 0.87 # 3251 # 4141 # 1 # ID=199_5;partial=00;start_type=ATG;rbs_motif=GGA/GAG/AGG;rbs_spacer=5-10bp;gc_cont=0.707
contig00264_2        -            304 31611at72274         -            249   2.8e-08   32.2   0.0   1   1   4.6e-10   3.7e-08   31.8   0.0     2   122     9   129     8   144 0.85 # 531 # 1442 # 1 # ID=264_2;partial=00;start_type=ATG;rbs_motif=AGGAG;rbs_spacer=5-10bp;gc_cont=0.679
contig01560_1        -            274 31611at72274         -            249     6e-08   31.1   0.3   1   1   1.4e-09   1.1e-07   30.2   0.3    31   122     2    93     1   243 0.75 # 1 # 822 # 1 # ID=1560_1;partial=10;start_type=Edge;rbs_motif=None;rbs_spacer=None;gc_cont=0.690
contig03260_1        -            176 31611at72274         -            249   6.1e-08   31.1   0.1   1   1   8.3e-10   6.7e-08   31.0   0.1     2   112    13   123    12   153 0.82 # 1 # 528 # -1 # ID=3260_1;partial=11;start_type=Edge;rbs_motif=None;rbs_spacer=None;gc_cont=0.686
contig01120_1        -            311 31611at72274         -            249   8.8e-08   30.6   0.0   1   1   1.8e-09   1.4e-07   29.9   0.0     1   108     3   111     3   127 0.87 # 53 # 985 # 1 # ID=1120_1;partial=00;start_type=ATG;rbs_motif=None;rbs_spacer=None;gc_cont=0.696
contig01929_1        -            193 31611at72274         -            249   1.1e-07   30.2   0.3   1   1   1.6e-09   1.3e-07   30.0   0.3     4   113     6   116     3   149 0.89 # 3 # 581 # -1 # ID=1929_1;partial=10;start_type=ATG;rbs_motif=AGGAG;rbs_spacer=5-10bp;gc_cont=0.691
contig00308_3        -            303 31611at72274         -            249   1.5e-07   29.8   0.2   1   1   2.8e-09   2.3e-07   29.2   0.2    10   131    15   139     7   149 0.87 # 2156 # 3064 # -1 # ID=308_3;partial=00;start_type=ATG;rbs_motif=None;rbs_spacer=None;gc_cont=0.693
contig01467_3        -             98 31611at72274         -            249   2.8e-07   28.9   0.1   1   1     4e-09   3.3e-07   28.7   0.1     8    73    19    84    13    95 0.88 # 1178 # 1471 # 1 # ID=1467_3;partial=01;start_type=ATG;rbs_motif=GGA/GAG/AGG;rbs_spacer=5-10bp;gc_cont=0.673
contig00376_3        -            296 31611at72274         -            249     3e-07   28.8   0.0   1   1   6.9e-09   5.6e-07   27.9   0.0     9   123    15   127     7   145 0.83 # 786 # 1673 # -1 # ID=376_3;partial=00;start_type=ATG;rbs_motif=None;rbs_spacer=None;gc_cont=0.722
contig01057_1        -            310 31611at72274         -            249   3.1e-07   28.8   0.1   1   1   5.9e-09   4.8e-07   28.2   0.1     6    57    16    67    11    73 0.91 # 2 # 931 # 1 # ID=1057_1;partial=10;start_type=Edge;rbs_motif=None;rbs_spacer=None;gc_cont=0.692
contig00838_2        -            304 31611at72274         -            249   3.9e-07   28.5   0.0   1   1   7.2e-09   5.8e-07   27.9   0.0    16   133    18   138     8   145 0.90 # 587 # 1498 # -1 # ID=838_2;partial=00;start_type=ATG;rbs_motif=GGAG/GAGG;rbs_spacer=5-10bp;gc_cont=0.698
contig02164_1        -            304 31611at72274         -            249     4e-07   28.4   0.1   1   1     7e-09   5.7e-07   27.9   0.1    11   108    10   107     1   143 0.79 # 1 # 912 # 1 # ID=2164_1;partial=10;start_type=Edge;rbs_motif=None;rbs_spacer=None;gc_cont=0.726
contig00043_5        -            309 31611at72274         -            249   4.9e-07   28.1   0.0   1   1   7.8e-09   6.3e-07   27.8   0.0     2    65    21    84    20   119 0.89 # 3702 # 4628 # -1 # ID=43_5;partial=00;start_type=ATG;rbs_motif=GGA/GAG/AGG;rbs_spacer=5-10bp;gc_cont=0.714
contig00958_1        -             78 31611at72274         -            249   5.2e-07   28.0   0.1   1   1   6.5e-09   5.3e-07   28.0   0.1     4    75     6    76     3    78 0.90 # 3 # 236 # -1 # ID=958_1;partial=10;start_type=ATG;rbs_motif=AGGA;rbs_spacer=5-10bp;gc_cont=0.662
contig00993_2        -            290 31611at72274         -            249     1e-06   27.1   0.0   1   1   1.8e-08   1.4e-06   26.6   0.0    10   123    19   133    10   152 0.91 # 1114 # 1983 # 1 # ID=993_2;partial=01;start_type=ATG;rbs_motif=GGAG/GAGG;rbs_spacer=5-10bp;gc_cont=0.690
contig02898_1        -            135 31611at72274         -            249   1.3e-06   26.8   0.0   1   1   1.8e-08   1.4e-06   26.6   0.0     9   116    19   126    10   132 0.82 # 3 # 407 # -1 # ID=2898_1;partial=10;start_type=ATG;rbs_motif=None;rbs_spacer=None;gc_cont=0.701
contig00421_2        -            299 31611at72274         -            249   1.5e-06   26.6   0.0   1   1   2.7e-08   2.2e-06   26.0   0.0     5   193     9   214     5   245 0.72 # 825 # 1721 # 1 # ID=421_2;partial=00;start_type=ATG;rbs_motif=None;rbs_spacer=None;gc_cont=0.683
contig00714_1        -            121 31611at72274         -            249   3.5e-06   25.3   0.0   1   1   4.5e-08   3.6e-06   25.3   0.0    11    76    18    83     9   115 0.82 # 3 # 365 # -1 # ID=714_1;partial=10;start_type=ATG;rbs_motif=AGxAGG/AGGxGG;rbs_spacer=3-4bp;gc_cont=0.661
contig03150_1        -            190 31611at72274         -            249   3.8e-06   25.2   0.0   1   1   5.7e-08   4.6e-06   24.9   0.0    35   124     4    93     1   110 0.91 # 1 # 570 # 1 # ID=3150_1;partial=11;start_type=Edge;rbs_motif=None;rbs_spacer=None;gc_cont=0.702
contig00778_1        -            260 31611at72274         -            249   5.9e-06   24.6   0.1   1   2   7.6e-07   6.2e-05   21.3   0.0    63   138     1    81     1    92 0.86 # 1 # 780 # 1 # ID=778_1;partial=10;start_type=Edge;rbs_motif=None;rbs_spacer=None;gc_cont=0.636
contig00778_1        -            260 31611at72274         -            249   5.9e-06   24.6   0.1   2   2       1.1        86    1.1   0.0   194   222   157   185   146   202 0.85 # 1 # 780 # 1 # ID=778_1;partial=10;start_type=Edge;rbs_motif=None;rbs_spacer=None;gc_cont=0.636
contig01039_3        -            314 31611at72274         -            249   8.5e-06   24.1   0.0   1   1   1.9e-07   1.5e-05   23.2   0.0    16    80    16    80     4   128 0.87 # 982 # 1923 # -1 # ID=1039_3;partial=01;start_type=Edge;rbs_motif=None;rbs_spacer=None;gc_cont=0.706
contig01570_1        -            293 31611at72274         -            249   9.6e-06   23.9   0.0   1   1   2.2e-07   1.8e-05   23.0   0.0    17   125     1   112     1   133 0.85 # 1 # 879 # 1 # ID=1570_1;partial=10;start_type=Edge;rbs_motif=None;rbs_spacer=None;gc_cont=0.673
contig01251_1        -            159 31611at72274         -            249   2.3e-05   22.6   0.1   1   1   3.6e-07   2.9e-05   22.3   0.1    12   123    38   150    28   157 0.88 # 1 # 477 # -1 # ID=1251_1;partial=10;start_type=ATG;rbs_motif=None;rbs_spacer=None;gc_cont=0.623
contig03185_1        -            186 31611at72274         -            249   2.5e-05   22.5   0.0   1   1   5.1e-07   4.2e-05   21.8   0.0     7   138     3   140     1   144 0.82 # 1 # 558 # 1 # ID=3185_1;partial=11;start_type=Edge;rbs_motif=None;rbs_spacer=None;gc_cont=0.715
contig00002_29       -            272 31611at72274         -            249   2.9e-05   22.3   0.0   1   1   7.3e-07   5.9e-05   21.3   0.0    44   218     3   194     1   202 0.76 # 31914 # 32729 # 1 # ID=2_29;partial=00;start_type=ATG;rbs_motif=GGAGG;rbs_spacer=5-10bp;gc_cont=0.527
contig00946_3        -            293 31611at72274         -            249   3.3e-05   22.1   0.0   1   1   5.3e-07   4.3e-05   21.8   0.0    11    75    10    74     1   119 0.78 # 1174 # 2052 # -1 # ID=946_3;partial=01;start_type=Edge;rbs_motif=None;rbs_spacer=None;gc_cont=0.689
contig00958_3        -            168 31611at72274         -            249   4.8e-05   21.6   0.1   1   1   1.3e-06   0.00011   20.5   0.1    10   139    18   152     9   163 0.69 # 1535 # 2038 # 1 # ID=958_3;partial=01;start_type=ATG;rbs_motif=GGAG/GAGG;rbs_spacer=5-10bp;gc_cont=0.692
contig00486_2        -            329 31611at72274         -            249   0.00031   18.9   0.3   1   2   1.1e-05   0.00091   17.4   0.2     4    83    35   114    32   122 0.89 # 201 # 1187 # -1 # ID=486_2;partial=00;start_type=ATG;rbs_motif=GGA/GAG/AGG;rbs_spacer=5-10bp;gc_cont=0.697
contig00486_2        -            329 31611at72274         -            249   0.00031   18.9   0.3   2   2       7.2   5.9e+02   -1.6   0.0   133   151   273   291   271   314 0.74 # 201 # 1187 # -1 # ID=486_2;partial=00;start_type=ATG;rbs_motif=GGA/GAG/AGG;rbs_spacer=5-10bp;gc_cont=0.697
contig00429_3        -            311 31611at72274         -            249   0.00038   18.7   0.0   1   1   6.2e-06    0.0005   18.3   0.0    13   141    17   150     2   160 0.81 # 1006 # 1938 # 1 # ID=429_3;partial=00;start_type=ATG;rbs_motif=None;rbs_spacer=None;gc_cont=0.657
contig00864_2        -            299 31611at72274         -            249   0.00061   18.0   0.1   1   2   2.6e-05    0.0021   16.2   0.1     4    68    16    80    14   140 0.81 # 942 # 1838 # -1 # ID=864_2;partial=00;start_type=ATG;rbs_motif=None;rbs_spacer=None;gc_cont=0.697
contig00864_2        -            299 31611at72274         -            249   0.00061   18.0   0.1   2   2       5.3   4.3e+02   -1.2   0.0   202   218   230   246   224   252 0.85 # 942 # 1838 # -1 # ID=864_2;partial=00;start_type=ATG;rbs_motif=None;rbs_spacer=None;gc_cont=0.697
contig02224_2        -            137 31611at72274         -            249    0.0019   16.4   0.0   1   1   2.9e-05    0.0024   16.1   0.0     8    69    10    70     4    81 0.80 # 563 # 973 # 1 # ID=2224_2;partial=01;start_type=TTG;rbs_motif=AGGA;rbs_spacer=5-10bp;gc_cont=0.710
contig00323_1        -            148 31611at72274         -            249    0.0096   14.1   0.0   1   1   0.00018     0.015   13.4   0.0   193   227    65    99    53   110 0.90 # 3 # 446 # 1 # ID=323_1;partial=10;start_type=Edge;rbs_motif=None;rbs_spacer=None;gc_cont=0.741
contig00722_3        -             59 31611at72274         -            249     0.025   12.7   0.1   1   1    0.0003     0.025   12.7   0.1    11    49    21    59    11    59 0.88 # 2231 # 2407 # 1 # ID=722_3;partial=01;start_type=ATG;rbs_motif=None;rbs_spacer=None;gc_cont=0.650
contig01915_1        -            298 31611at72274         -            249     0.038   12.1   0.1   1   1   0.00079     0.064   11.4   0.1     6    44    10    51     4   155 0.73 # 143 # 1036 # -1 # ID=1915_1;partial=00;start_type=ATG;rbs_motif=GGA/GAG/AGG;rbs_spacer=5-10bp;gc_cont=0.710
#
# Program:         hmmsearch
# Version:         3.1b2 (February 2015)
# Pipeline mode:   SEARCH
# Query file:      /home/johngn/Microbial-Genomics-Journey-Workshop-2023/Reads_session_3/busco_downloads/lineages/pseudomonadales_odb10/hmms/31611at72274.hmm
# Target file:     /home/johngn/Microbial-Genomics-Journey-Workshop-2023/Reads_session_3/busco_op4/prodigal_output/predicted_genes/predicted.faa
# Option settings: hmmsearch --domtblout /home/johngn/Microbial-Genomics-Journey-Workshop-2023/Reads_session_3/busco_op4/run_pseudomonadales_odb10/hmmer_output/31611at72274.out --cpu 1 /home/johngn/Microbial-Genomics-Journey-Workshop-2023/Reads_session_3/busco_downloads/lineages/pseudomonadales_odb10/hmms/31611at72274.hmm /home/johngn/Microbial-Genomics-Journey-Workshop-2023/Reads_session_3/busco_op4/prodigal_output/predicted_genes/predicted.faa 
# Current dir:     /home/johngn/Microbial-Genomics-Journey-Workshop-2023/Reads_session_3
# Date:            Wed Mar  8 17:01:22 2023
# [ok]
