#                                                                            --- full sequence --- -------------- this domain -------------   hmm coord   ali coord   env coord
# target name        accession   tlen query name           accession   qlen   E-value  score  bias   #  of  c-Evalue  i-Evalue  score  bias  from    to  from    to  from    to  acc description of target
#------------------- ---------- ----- -------------------- ---------- ----- --------- ------ ----- --- --- --------- --------- ------ ----- ----- ----- ----- ----- ----- ----- ---- ---------------------
contig01285_1        -            131 31831at72274         -            282   6.2e-45  152.3   0.0   1   1   1.1e-47   6.9e-45  152.2   0.0     2   119     7   131     6   131 0.93 # 2 # 394 # -1 # ID=1285_1;partial=10;start_type=ATG;rbs_motif=None;rbs_spacer=None;gc_cont=0.728
contig01247_1        -            186 31831at72274         -            282   1.3e-44  151.3   0.0   1   1   2.2e-47   1.5e-44  151.1   0.0   136   282     1   178     1   178 0.89 # 1 # 558 # 1 # ID=1247_1;partial=10;start_type=Edge;rbs_motif=None;rbs_spacer=None;gc_cont=0.699
contig01151_2        -            317 31831at72274         -            282   5.5e-06   24.5   0.2   1   1   2.9e-08   1.8e-05   22.8   0.2    48   165    24   147     7   267 0.77 # 449 # 1399 # -1 # ID=1151_2;partial=00;start_type=ATG;rbs_motif=AGGA;rbs_spacer=5-10bp;gc_cont=0.685
contig00559_2        -            280 31831at72274         -            282   0.00025   19.1   0.1   1   1     5e-07   0.00032   18.7   0.1    70   154    47   129     6   136 0.84 # 1149 # 1988 # -1 # ID=559_2;partial=00;start_type=ATG;rbs_motif=AGGAG;rbs_spacer=5-10bp;gc_cont=0.679
contig00679_1        -            574 31831at72274         -            282    0.0012   16.9   0.0   1   1   3.2e-06    0.0021   16.1   0.0    51   136   348   443   342   450 0.81 # 3 # 1724 # 1 # ID=679_1;partial=10;start_type=Edge;rbs_motif=None;rbs_spacer=None;gc_cont=0.725
contig00445_4        -            203 31831at72274         -            282    0.0021   16.1   0.0   1   1   4.6e-06     0.003   15.6   0.0    28   119    12   107     4   113 0.81 # 2469 # 3077 # 1 # ID=445_4;partial=01;start_type=ATG;rbs_motif=GGAGG;rbs_spacer=3-4bp;gc_cont=0.677
contig01483_2        -            263 31831at72274         -            282    0.0023   16.0   0.0   1   2      0.43   2.8e+02   -0.8   0.0   120   143    94   117    56   135 0.74 # 673 # 1461 # 1 # ID=1483_2;partial=01;start_type=ATG;rbs_motif=GGAG/GAGG;rbs_spacer=5-10bp;gc_cont=0.669
contig01483_2        -            263 31831at72274         -            282    0.0023   16.0   0.0   2   2   1.4e-05    0.0093   13.9   0.0   222   248   201   227   198   239 0.87 # 673 # 1461 # 1 # ID=1483_2;partial=01;start_type=ATG;rbs_motif=GGAG/GAGG;rbs_spacer=5-10bp;gc_cont=0.669
contig00877_3        -            186 31831at72274         -            282    0.0027   15.7   0.0   1   1   5.8e-06    0.0038   15.2   0.0    31   151    46   170    33   185 0.71 # 1598 # 2155 # 1 # ID=877_3;partial=01;start_type=ATG;rbs_motif=AGGA;rbs_spacer=5-10bp;gc_cont=0.706
contig00140_2        -            316 31831at72274         -            282    0.0048   14.9   0.2   1   3   2.5e-05     0.016   13.1   0.0    37   137    48   146    38   163 0.82 # 896 # 1843 # 1 # ID=140_2;partial=00;start_type=ATG;rbs_motif=GGA/GAG/AGG;rbs_spacer=5-10bp;gc_cont=0.675
contig00140_2        -            316 31831at72274         -            282    0.0048   14.9   0.2   2   3       3.4   2.2e+03   -3.7   0.0   134   146   210   222   210   228 0.72 # 896 # 1843 # 1 # ID=140_2;partial=00;start_type=ATG;rbs_motif=GGA/GAG/AGG;rbs_spacer=5-10bp;gc_cont=0.675
contig00140_2        -            316 31831at72274         -            282    0.0048   14.9   0.2   3   3      0.98   6.3e+02   -1.9   0.0   227   254   243   269   236   291 0.79 # 896 # 1843 # 1 # ID=140_2;partial=00;start_type=ATG;rbs_motif=GGA/GAG/AGG;rbs_spacer=5-10bp;gc_cont=0.675
contig00866_4        -            115 31831at72274         -            282     0.023   12.6   0.1   1   1   3.9e-05     0.026   12.5   0.1    39   113    10    86     3   101 0.80 # 1457 # 1801 # -1 # ID=866_4;partial=00;start_type=ATG;rbs_motif=GGAG/GAGG;rbs_spacer=5-10bp;gc_cont=0.635
contig02486_1        -            268 31831at72274         -            282     0.045   11.7   0.2   1   2     0.054        35    2.2   0.1    51    91    66   107    52   175 0.71 # 37 # 840 # 1 # ID=2486_1;partial=01;start_type=ATG;rbs_motif=AGGAG;rbs_spacer=5-10bp;gc_cont=0.698
contig02486_1        -            268 31831at72274         -            282     0.045   11.7   0.2   2   2    0.0015      0.99    7.3   0.0   230   252   209   231   199   239 0.86 # 37 # 840 # 1 # ID=2486_1;partial=01;start_type=ATG;rbs_motif=AGGAG;rbs_spacer=5-10bp;gc_cont=0.698
contig00501_3        -            323 31831at72274         -            282     0.046   11.7   0.1   1   1   0.00016       0.1   10.5   0.1    49   157    65   187    57   199 0.74 # 851 # 1819 # -1 # ID=501_3;partial=00;start_type=ATG;rbs_motif=GGAG/GAGG;rbs_spacer=5-10bp;gc_cont=0.707
contig02560_1        -            229 31831at72274         -            282     0.048   11.6   0.2   1   1   0.00018      0.12   10.3   0.2    48    78    24    54    20   188 0.90 # 48 # 734 # -1 # ID=2560_1;partial=00;start_type=ATG;rbs_motif=GGA/GAG/AGG;rbs_spacer=5-10bp;gc_cont=0.665
#
# Program:         hmmsearch
# Version:         3.1b2 (February 2015)
# Pipeline mode:   SEARCH
# Query file:      /home/johngn/Microbial-Genomics-Journey-Workshop-2023/Reads_session_3/busco_downloads/lineages/pseudomonadales_odb10/hmms/31831at72274.hmm
# Target file:     /home/johngn/Microbial-Genomics-Journey-Workshop-2023/Reads_session_3/busco_op4/prodigal_output/predicted_genes/predicted.faa
# Option settings: hmmsearch --domtblout /home/johngn/Microbial-Genomics-Journey-Workshop-2023/Reads_session_3/busco_op4/run_pseudomonadales_odb10/hmmer_output/31831at72274.out --cpu 1 /home/johngn/Microbial-Genomics-Journey-Workshop-2023/Reads_session_3/busco_downloads/lineages/pseudomonadales_odb10/hmms/31831at72274.hmm /home/johngn/Microbial-Genomics-Journey-Workshop-2023/Reads_session_3/busco_op4/prodigal_output/predicted_genes/predicted.faa 
# Current dir:     /home/johngn/Microbial-Genomics-Journey-Workshop-2023/Reads_session_3
# Date:            Wed Mar  8 17:01:22 2023
# [ok]
