#                                                                            --- full sequence --- -------------- this domain -------------   hmm coord   ali coord   env coord
# target name        accession   tlen query name           accession   qlen   E-value  score  bias   #  of  c-Evalue  i-Evalue  score  bias  from    to  from    to  from    to  acc description of target
#------------------- ---------- ----- -------------------- ---------- ----- --------- ------ ----- --- --- --------- --------- ------ ----- ----- ----- ----- ----- ----- ----- ---- ---------------------
contig02043_2        -            279 31899at72274         -            191   9.1e-75  249.4   0.0   1   1   9.3e-77   8.7e-74  246.2   0.0    20   188    53   263    37   266 0.84 # 108 # 944 # -1 # ID=2043_2;partial=00;start_type=ATG;rbs_motif=GGxGG;rbs_spacer=5-10bp;gc_cont=0.676
contig00742_3        -            185 31899at72274         -            191   1.1e-08   33.8   0.0   1   2      0.49   4.6e+02   -0.8   0.0    54    62     2    10     1    17 0.82 # 1129 # 1683 # -1 # ID=742_3;partial=00;start_type=ATG;rbs_motif=AGxAG;rbs_spacer=5-10bp;gc_cont=0.645
contig00742_3        -            185 31899at72274         -            191   1.1e-08   33.8   0.0   2   2   3.4e-11   3.2e-08   32.3   0.0    85   172    49   140    19   155 0.77 # 1129 # 1683 # -1 # ID=742_3;partial=00;start_type=ATG;rbs_motif=AGxAG;rbs_spacer=5-10bp;gc_cont=0.645
contig02970_1        -            106 31899at72274         -            191   1.2e-08   33.8   0.0   1   1   1.5e-11   1.4e-08   33.5   0.0   107   184     2    87     1    93 0.77 # 316 # 633 # -1 # ID=2970_1;partial=01;start_type=Edge;rbs_motif=None;rbs_spacer=None;gc_cont=0.594
contig02894_1        -            121 31899at72274         -            191   1.1e-05   24.0   0.0   1   1   1.6e-08   1.5e-05   23.6   0.0    96   177    16   101     2   108 0.76 # 1 # 363 # 1 # ID=2894_1;partial=10;start_type=Edge;rbs_motif=None;rbs_spacer=None;gc_cont=0.708
contig01550_2        -            160 31899at72274         -            191    0.0056   15.2   0.0   1   1   8.3e-06    0.0077   14.8   0.0    78   132    13    69     7    82 0.80 # 722 # 1201 # -1 # ID=1550_2;partial=00;start_type=GTG;rbs_motif=GGAG/GAGG;rbs_spacer=5-10bp;gc_cont=0.654
contig00447_3        -            157 31899at72274         -            191    0.0093   14.5   0.1   1   1   1.3e-05     0.012   14.1   0.1    93   126    29    62     4    85 0.79 # 1272 # 1742 # -1 # ID=447_3;partial=00;start_type=ATG;rbs_motif=AGGAG;rbs_spacer=5-10bp;gc_cont=0.713
contig00456_2        -            179 31899at72274         -            191      0.01   14.4   0.0   1   1   1.5e-05     0.014   13.9   0.0   100   169    81   151    56   165 0.85 # 126 # 662 # 1 # ID=456_2;partial=00;start_type=ATG;rbs_motif=GGA/GAG/AGG;rbs_spacer=5-10bp;gc_cont=0.704
contig00704_1        -            245 31899at72274         -            191     0.011   14.3   0.0   1   1   1.9e-05     0.018   13.6   0.0    98   129    35    66     3    93 0.80 # 1 # 735 # -1 # ID=704_1;partial=10;start_type=GTG;rbs_motif=AGGAG;rbs_spacer=5-10bp;gc_cont=0.697
contig01099_3        -            206 31899at72274         -            191     0.035   12.6   0.0   1   1   6.2e-05     0.058   11.9   0.0    95   127    87   119    67   131 0.87 # 822 # 1439 # -1 # ID=1099_3;partial=00;start_type=ATG;rbs_motif=GGA/GAG/AGG;rbs_spacer=5-10bp;gc_cont=0.675
#
# Program:         hmmsearch
# Version:         3.1b2 (February 2015)
# Pipeline mode:   SEARCH
# Query file:      /home/johngn/Microbial-Genomics-Journey-Workshop-2023/Reads_session_3/busco_downloads/lineages/pseudomonadales_odb10/hmms/31899at72274.hmm
# Target file:     /home/johngn/Microbial-Genomics-Journey-Workshop-2023/Reads_session_3/busco_op4/prodigal_output/predicted_genes/predicted.faa
# Option settings: hmmsearch --domtblout /home/johngn/Microbial-Genomics-Journey-Workshop-2023/Reads_session_3/busco_op4/run_pseudomonadales_odb10/hmmer_output/31899at72274.out --cpu 1 /home/johngn/Microbial-Genomics-Journey-Workshop-2023/Reads_session_3/busco_downloads/lineages/pseudomonadales_odb10/hmms/31899at72274.hmm /home/johngn/Microbial-Genomics-Journey-Workshop-2023/Reads_session_3/busco_op4/prodigal_output/predicted_genes/predicted.faa 
# Current dir:     /home/johngn/Microbial-Genomics-Journey-Workshop-2023/Reads_session_3
# Date:            Wed Mar  8 17:01:22 2023
# [ok]
