#                                                                            --- full sequence --- -------------- this domain -------------   hmm coord   ali coord   env coord
# target name        accession   tlen query name           accession   qlen   E-value  score  bias   #  of  c-Evalue  i-Evalue  score  bias  from    to  from    to  from    to  acc description of target
#------------------- ---------- ----- -------------------- ---------- ----- --------- ------ ----- --- --- --------- --------- ------ ----- ----- ----- ----- ----- ----- ----- ---- ---------------------
contig00524_3        -            259 32154at72274         -            214     2e-59  199.4   0.0   1   1   4.3e-62   3.6e-59  198.5   0.0     3   196     2   259     1   259 0.85 # 2092 # 2868 # 1 # ID=524_3;partial=01;start_type=ATG;rbs_motif=AGGAG;rbs_spacer=5-10bp;gc_cont=0.705
contig01077_2        -            310 32154at72274         -            214   2.4e-06   25.9   0.1   1   1   7.6e-09   6.4e-06   24.5   0.1    37    99    73   138     2   145 0.69 # 329 # 1258 # -1 # ID=1077_2;partial=00;start_type=ATG;rbs_motif=GGA/GAG/AGG;rbs_spacer=5-10bp;gc_cont=0.684
contig00872_2        -            258 32154at72274         -            214   0.00024   19.4   0.2   1   2   0.00041      0.34    9.1   0.1     4    27     1    24     1    49 0.79 # 1390 # 2163 # 1 # ID=872_2;partial=01;start_type=ATG;rbs_motif=GGA/GAG/AGG;rbs_spacer=11-12bp;gc_cont=0.664
contig00872_2        -            258 32154at72274         -            214   0.00024   19.4   0.2   2   2   0.00076      0.64    8.2   0.0     4    29   232   257   229   258 0.90 # 1390 # 2163 # 1 # ID=872_2;partial=01;start_type=ATG;rbs_motif=GGA/GAG/AGG;rbs_spacer=11-12bp;gc_cont=0.664
contig02201_1        -            274 32154at72274         -            214    0.0057   14.9   0.0   1   2       1.3   1.1e+03   -2.4   0.0    94   127    64    97    63   101 0.76 # 1 # 822 # -1 # ID=2201_1;partial=10;start_type=ATG;rbs_motif=None;rbs_spacer=None;gc_cont=0.680
contig02201_1        -            274 32154at72274         -            214    0.0057   14.9   0.0   2   2   1.8e-05     0.015   13.5   0.0     5    37   136   184   133   211 0.75 # 1 # 822 # -1 # ID=2201_1;partial=10;start_type=ATG;rbs_motif=None;rbs_spacer=None;gc_cont=0.680
contig00002_16       -            436 32154at72274         -            214    0.0092   14.2   0.1   1   2   0.00017      0.15   10.3   0.0     3    40     8    46     6    64 0.78 # 18307 # 19614 # -1 # ID=2_16;partial=00;start_type=ATG;rbs_motif=AGGAG;rbs_spacer=5-10bp;gc_cont=0.617
contig00002_16       -            436 32154at72274         -            214    0.0092   14.2   0.1   2   2      0.08        68    1.6   0.0     4    38   162   195   159   211 0.72 # 18307 # 19614 # -1 # ID=2_16;partial=00;start_type=ATG;rbs_motif=AGGAG;rbs_spacer=5-10bp;gc_cont=0.617
contig00008_18       -            327 32154at72274         -            214     0.014   13.7   0.2   1   1     4e-05     0.034   12.3   0.2    27    98    27   137     1   141 0.56 # 16975 # 17955 # -1 # ID=8_18;partial=00;start_type=ATG;rbs_motif=AGGA;rbs_spacer=5-10bp;gc_cont=0.423
contig01738_1        -            233 32154at72274         -            214     0.059   11.6   0.0   1   3     0.062        52    1.9   0.0    73    90    30    47     9    50 0.80 # 572 # 1270 # 1 # ID=1738_1;partial=01;start_type=ATG;rbs_motif=None;rbs_spacer=None;gc_cont=0.598
contig01738_1        -            233 32154at72274         -            214     0.059   11.6   0.0   2   3    0.0033       2.8    6.1   0.0   101   130    75   104    68   115 0.80 # 572 # 1270 # 1 # ID=1738_1;partial=01;start_type=ATG;rbs_motif=None;rbs_spacer=None;gc_cont=0.598
contig01738_1        -            233 32154at72274         -            214     0.059   11.6   0.0   3   3      0.54   4.6e+02   -1.1   0.0   148   184   142   178   128   181 0.76 # 572 # 1270 # 1 # ID=1738_1;partial=01;start_type=ATG;rbs_motif=None;rbs_spacer=None;gc_cont=0.598
contig02551_1        -             99 32154at72274         -            214     0.073   11.3   0.0   1   1    0.0001     0.085   11.1   0.0     4    35     7    38     4    67 0.85 # 1 # 297 # -1 # ID=2551_1;partial=10;start_type=ATG;rbs_motif=GGA/GAG/AGG;rbs_spacer=5-10bp;gc_cont=0.667
contig00375_5        -            330 32154at72274         -            214     0.076   11.2   0.0   1   2    0.0061       5.2    5.2   0.0    62    88    89   117     1   128 0.76 # 2096 # 3085 # -1 # ID=375_5;partial=00;start_type=ATG;rbs_motif=GGAG/GAGG;rbs_spacer=5-10bp;gc_cont=0.681
contig00375_5        -            330 32154at72274         -            214     0.076   11.2   0.0   2   2     0.016        14    3.8   0.0   154   183   220   249   204   252 0.86 # 2096 # 3085 # -1 # ID=375_5;partial=00;start_type=ATG;rbs_motif=GGAG/GAGG;rbs_spacer=5-10bp;gc_cont=0.681
contig00089_6        -            214 32154at72274         -            214     0.078   11.2   0.0   1   1   0.00012       0.1   10.8   0.0     6    62     3    60     1    71 0.74 # 4807 # 5448 # 1 # ID=89_6;partial=00;start_type=ATG;rbs_motif=GGA/GAG/AGG;rbs_spacer=5-10bp;gc_cont=0.712
#
# Program:         hmmsearch
# Version:         3.1b2 (February 2015)
# Pipeline mode:   SEARCH
# Query file:      /home/johngn/Microbial-Genomics-Journey-Workshop-2023/Reads_session_3/busco_downloads/lineages/pseudomonadales_odb10/hmms/32154at72274.hmm
# Target file:     /home/johngn/Microbial-Genomics-Journey-Workshop-2023/Reads_session_3/busco_op4/prodigal_output/predicted_genes/predicted.faa
# Option settings: hmmsearch --domtblout /home/johngn/Microbial-Genomics-Journey-Workshop-2023/Reads_session_3/busco_op4/run_pseudomonadales_odb10/hmmer_output/32154at72274.out --cpu 1 /home/johngn/Microbial-Genomics-Journey-Workshop-2023/Reads_session_3/busco_downloads/lineages/pseudomonadales_odb10/hmms/32154at72274.hmm /home/johngn/Microbial-Genomics-Journey-Workshop-2023/Reads_session_3/busco_op4/prodigal_output/predicted_genes/predicted.faa 
# Current dir:     /home/johngn/Microbial-Genomics-Journey-Workshop-2023/Reads_session_3
# Date:            Wed Mar  8 17:01:22 2023
# [ok]
