#                                                                            --- full sequence --- -------------- this domain -------------   hmm coord   ali coord   env coord
# target name        accession   tlen query name           accession   qlen   E-value  score  bias   #  of  c-Evalue  i-Evalue  score  bias  from    to  from    to  from    to  acc description of target
#------------------- ---------- ----- -------------------- ---------- ----- --------- ------ ----- --- --- --------- --------- ------ ----- ----- ----- ----- ----- ----- ----- ---- ---------------------
contig00234_4        -            817 3242at72274          -            746         0 1287.7   0.9   1   1         0         0 1282.6   0.9    14   698    35   817    27   817 0.91 # 1705 # 4155 # 1 # ID=234_4;partial=01;start_type=ATG;rbs_motif=None;rbs_spacer=None;gc_cont=0.659
contig00980_2        -            571 3242at72274          -            746   2.5e-28   97.2   6.5   1   5   2.8e-17   3.3e-14   50.5   0.1    21   150    40   186    29   196 0.73 # 285 # 1997 # 1 # ID=980_2;partial=01;start_type=ATG;rbs_motif=None;rbs_spacer=None;gc_cont=0.651
contig00980_2        -            571 3242at72274          -            746   2.5e-28   97.2   6.5   2   5     0.012        15    2.1   0.0   213   235   214   236   203   242 0.84 # 285 # 1997 # 1 # ID=980_2;partial=01;start_type=ATG;rbs_motif=None;rbs_spacer=None;gc_cont=0.651
contig00980_2        -            571 3242at72274          -            746   2.5e-28   97.2   6.5   3   5   1.8e-10   2.2e-07   28.0   0.0   269   343   237   311   226   322 0.86 # 285 # 1997 # 1 # ID=980_2;partial=01;start_type=ATG;rbs_motif=None;rbs_spacer=None;gc_cont=0.651
contig00980_2        -            571 3242at72274          -            746   2.5e-28   97.2   6.5   4   5   1.3e-05     0.016   11.9   0.1   368   402   417   451   395   460 0.90 # 285 # 1997 # 1 # ID=980_2;partial=01;start_type=ATG;rbs_motif=None;rbs_spacer=None;gc_cont=0.651
contig00980_2        -            571 3242at72274          -            746   2.5e-28   97.2   6.5   5   5    0.0038       4.5    3.8   0.0   555   578   544   567   539   570 0.88 # 285 # 1997 # 1 # ID=980_2;partial=01;start_type=ATG;rbs_motif=None;rbs_spacer=None;gc_cont=0.651
contig01096_1        -            266 3242at72274          -            746   5.7e-07   26.6   0.0   1   1   6.3e-10   7.6e-07   26.2   0.0    21   144    58   192    50   202 0.79 # 3 # 800 # -1 # ID=1096_1;partial=10;start_type=ATG;rbs_motif=GGA/GAG/AGG;rbs_spacer=5-10bp;gc_cont=0.635
contig01442_2        -            220 3242at72274          -            746   4.1e-06   23.8   0.0   1   1   5.3e-09   6.4e-06   23.2   0.0    16   147     9   139     5   155 0.75 # 830 # 1489 # 1 # ID=1442_2;partial=01;start_type=ATG;rbs_motif=None;rbs_spacer=None;gc_cont=0.639
contig02331_1        -            307 3242at72274          -            746   0.00026   17.8   0.0   1   1   3.3e-07    0.0004   17.2   0.0   561   590   118   147    80   178 0.84 # 1 # 921 # -1 # ID=2331_1;partial=11;start_type=Edge;rbs_motif=None;rbs_spacer=None;gc_cont=0.647
contig00085_1        -            368 3242at72274          -            746     0.012   12.3   0.2   1   2     0.004       4.8    3.7   0.4    11    50    22    59    18    66 0.85 # 3 # 1106 # -1 # ID=85_1;partial=10;start_type=GTG;rbs_motif=GGAG/GAGG;rbs_spacer=5-10bp;gc_cont=0.637
contig00085_1        -            368 3242at72274          -            746     0.012   12.3   0.2   2   2   0.00061      0.73    6.4   0.0   559   618   263   321   227   365 0.86 # 3 # 1106 # -1 # ID=85_1;partial=10;start_type=GTG;rbs_motif=GGAG/GAGG;rbs_spacer=5-10bp;gc_cont=0.637
contig01593_1        -            115 3242at72274          -            746     0.089    9.5   0.0   1   1   8.4e-05       0.1    9.3   0.0   237   296     5    61     1    69 0.85 # 2 # 346 # -1 # ID=1593_1;partial=10;start_type=ATG;rbs_motif=GGAG/GAGG;rbs_spacer=5-10bp;gc_cont=0.475
#
# Program:         hmmsearch
# Version:         3.1b2 (February 2015)
# Pipeline mode:   SEARCH
# Query file:      /home/johngn/Microbial-Genomics-Journey-Workshop-2023/Reads_session_3/busco_downloads/lineages/pseudomonadales_odb10/hmms/3242at72274.hmm
# Target file:     /home/johngn/Microbial-Genomics-Journey-Workshop-2023/Reads_session_3/busco_op4/prodigal_output/predicted_genes/predicted.faa
# Option settings: hmmsearch --domtblout /home/johngn/Microbial-Genomics-Journey-Workshop-2023/Reads_session_3/busco_op4/run_pseudomonadales_odb10/hmmer_output/3242at72274.out --cpu 1 /home/johngn/Microbial-Genomics-Journey-Workshop-2023/Reads_session_3/busco_downloads/lineages/pseudomonadales_odb10/hmms/3242at72274.hmm /home/johngn/Microbial-Genomics-Journey-Workshop-2023/Reads_session_3/busco_op4/prodigal_output/predicted_genes/predicted.faa 
# Current dir:     /home/johngn/Microbial-Genomics-Journey-Workshop-2023/Reads_session_3
# Date:            Wed Mar  8 17:01:23 2023
# [ok]
