#                                                                            --- full sequence --- -------------- this domain -------------   hmm coord   ali coord   env coord
# target name        accession   tlen query name           accession   qlen   E-value  score  bias   #  of  c-Evalue  i-Evalue  score  bias  from    to  from    to  from    to  acc description of target
#------------------- ---------- ----- -------------------- ---------- ----- --------- ------ ----- --- --- --------- --------- ------ ----- ----- ----- ----- ----- ----- ----- ---- ---------------------
contig00964_2        -            352 32510at72274         -            297  1.1e-138  460.4   0.0   1   1  2.5e-141  1.5e-138  459.9   0.0     1   297     3   347     3   347 0.92 # 942 # 1997 # 1 # ID=964_2;partial=00;start_type=ATG;rbs_motif=AGGAG;rbs_spacer=5-10bp;gc_cont=0.647
contig00794_2        -            370 32510at72274         -            297   1.6e-45  154.5   0.0   1   1     5e-47     3e-44  150.4   0.0     4   297     9   362     6   362 0.77 # 1162 # 2271 # 1 # ID=794_2;partial=00;start_type=ATG;rbs_motif=GGAG/GAGG;rbs_spacer=5-10bp;gc_cont=0.670
contig00671_1        -            284 32510at72274         -            297   6.3e-24   83.7   0.0   1   1     2e-26   1.2e-23   82.7   0.0   108   293    68   267    48   271 0.76 # 3 # 854 # 1 # ID=671_1;partial=10;start_type=Edge;rbs_motif=None;rbs_spacer=None;gc_cont=0.701
contig01283_1        -            320 32510at72274         -            297   1.7e-12   46.1   0.0   1   1   5.1e-15   3.1e-12   45.3   0.0   110   274   116   294   108   313 0.74 # 1 # 960 # -1 # ID=1283_1;partial=10;start_type=TTG;rbs_motif=GGAGG;rbs_spacer=3-4bp;gc_cont=0.741
contig00448_3        -            391 32510at72274         -            297   4.3e-07   28.4   0.0   1   1     1e-09   6.2e-07   27.9   0.0   110   226   164   284   152   304 0.81 # 835 # 2007 # -1 # ID=448_3;partial=00;start_type=ATG;rbs_motif=GGA/GAG/AGG;rbs_spacer=5-10bp;gc_cont=0.683
contig01144_1        -            275 32510at72274         -            297   8.5e-07   27.4   0.0   1   1   2.7e-09   1.6e-06   26.5   0.0   110   234    42   180    30   202 0.76 # 3 # 827 # 1 # ID=1144_1;partial=10;start_type=Edge;rbs_motif=None;rbs_spacer=None;gc_cont=0.676
contig02204_1        -            312 32510at72274         -            297   1.8e-06   26.3   0.0   1   1   4.3e-09   2.6e-06   25.8   0.0   121   219   104   206    89   248 0.76 # 1 # 936 # 1 # ID=2204_1;partial=10;start_type=Edge;rbs_motif=None;rbs_spacer=None;gc_cont=0.662
contig01626_2        -            339 32510at72274         -            297   2.1e-05   22.8   0.0   1   2     0.064        39    2.3   0.0    60   101    93   138    55   152 0.78 # 338 # 1354 # 1 # ID=1626_2;partial=01;start_type=ATG;rbs_motif=GGA/GAG/AGG;rbs_spacer=11-12bp;gc_cont=0.644
contig01626_2        -            339 32510at72274         -            297   2.1e-05   22.8   0.0   2   2   7.2e-07   0.00043   18.5   0.0   104   187   160   251   153   281 0.75 # 338 # 1354 # 1 # ID=1626_2;partial=01;start_type=ATG;rbs_motif=GGA/GAG/AGG;rbs_spacer=11-12bp;gc_cont=0.644
contig02210_1        -            257 32510at72274         -            297   3.2e-05   22.3   0.0   1   2      0.07        42    2.2   0.0    64    93   101   134    87   149 0.81 # 208 # 978 # 1 # ID=2210_1;partial=01;start_type=ATG;rbs_motif=GGAG/GAGG;rbs_spacer=5-10bp;gc_cont=0.638
contig02210_1        -            257 32510at72274         -            297   3.2e-05   22.3   0.0   2   2   1.1e-06   0.00064   18.0   0.0   114   188   174   257   156   257 0.74 # 208 # 978 # 1 # ID=2210_1;partial=01;start_type=ATG;rbs_motif=GGAG/GAGG;rbs_spacer=5-10bp;gc_cont=0.638
contig00453_1        -             74 32510at72274         -            297    0.0034   15.6   0.0   1   1   6.6e-06     0.004   15.4   0.0    16    44    36    64    31    71 0.88 # 3 # 224 # -1 # ID=453_1;partial=10;start_type=ATG;rbs_motif=GGAGG;rbs_spacer=5-10bp;gc_cont=0.698
contig03207_1        -            183 32510at72274         -            297      0.01   14.0   0.0   1   1   2.1e-05     0.013   13.7   0.0   115   186    69   150    57   174 0.75 # 1 # 549 # 1 # ID=3207_1;partial=11;start_type=Edge;rbs_motif=None;rbs_spacer=None;gc_cont=0.652
contig01370_1        -            224 32510at72274         -            297     0.013   13.7   0.0   1   2   7.3e-05     0.044   12.0   0.0   159   201    51    93     1   115 0.65 # 3 # 674 # 1 # ID=1370_1;partial=10;start_type=Edge;rbs_motif=None;rbs_spacer=None;gc_cont=0.705
contig01370_1        -            224 32510at72274         -            297     0.013   13.7   0.0   2   2      0.53   3.2e+02   -0.7   0.0   180   200   192   212   147   215 0.78 # 3 # 674 # 1 # ID=1370_1;partial=10;start_type=Edge;rbs_motif=None;rbs_spacer=None;gc_cont=0.705
contig01399_1        -            297 32510at72274         -            297     0.018   13.2   0.0   1   1   4.4e-05     0.027   12.7   0.0   157   204   205   253   141   284 0.69 # 2 # 892 # -1 # ID=1399_1;partial=10;start_type=ATG;rbs_motif=None;rbs_spacer=None;gc_cont=0.682
contig01479_1        -            310 32510at72274         -            297     0.024   12.8   0.0   1   1   5.4e-05     0.033   12.4   0.0   115   186   178   259   167   298 0.75 # 1 # 930 # -1 # ID=1479_1;partial=10;start_type=ATG;rbs_motif=GGA/GAG/AGG;rbs_spacer=5-10bp;gc_cont=0.656
#
# Program:         hmmsearch
# Version:         3.1b2 (February 2015)
# Pipeline mode:   SEARCH
# Query file:      /home/johngn/Microbial-Genomics-Journey-Workshop-2023/Reads_session_3/busco_downloads/lineages/pseudomonadales_odb10/hmms/32510at72274.hmm
# Target file:     /home/johngn/Microbial-Genomics-Journey-Workshop-2023/Reads_session_3/busco_op4/prodigal_output/predicted_genes/predicted.faa
# Option settings: hmmsearch --domtblout /home/johngn/Microbial-Genomics-Journey-Workshop-2023/Reads_session_3/busco_op4/run_pseudomonadales_odb10/hmmer_output/32510at72274.out --cpu 1 /home/johngn/Microbial-Genomics-Journey-Workshop-2023/Reads_session_3/busco_downloads/lineages/pseudomonadales_odb10/hmms/32510at72274.hmm /home/johngn/Microbial-Genomics-Journey-Workshop-2023/Reads_session_3/busco_op4/prodigal_output/predicted_genes/predicted.faa 
# Current dir:     /home/johngn/Microbial-Genomics-Journey-Workshop-2023/Reads_session_3
# Date:            Wed Mar  8 17:01:23 2023
# [ok]
