#                                                                            --- full sequence --- -------------- this domain -------------   hmm coord   ali coord   env coord
# target name        accession   tlen query name           accession   qlen   E-value  score  bias   #  of  c-Evalue  i-Evalue  score  bias  from    to  from    to  from    to  acc description of target
#------------------- ---------- ----- -------------------- ---------- ----- --------- ------ ----- --- --- --------- --------- ------ ----- ----- ----- ----- ----- ----- ----- ---- ---------------------
contig00871_2        -            276 32543at72274         -            238   7.7e-91  302.4   3.0   1   2   2.1e-49   4.5e-46  155.9   1.0     1   100    18   130    18   136 0.92 # 1338 # 2165 # 1 # ID=871_2;partial=01;start_type=ATG;rbs_motif=GGAGG;rbs_spacer=5-10bp;gc_cont=0.682
contig00871_2        -            276 32543at72274         -            238   7.7e-91  302.4   3.0   2   2   1.2e-44   2.5e-41  140.3   0.0    97   199   145   276   139   276 0.88 # 1338 # 2165 # 1 # ID=871_2;partial=01;start_type=ATG;rbs_motif=GGAGG;rbs_spacer=5-10bp;gc_cont=0.682
contig01745_2        -            347 32543at72274         -            238   7.3e-56  187.9   4.9   1   2   1.8e-11   3.8e-08   31.7   0.4     3    41     7    45     6    50 0.95 # 109 # 1149 # -1 # ID=1745_2;partial=00;start_type=ATG;rbs_motif=GGA/GAG/AGG;rbs_spacer=5-10bp;gc_cont=0.703
contig01745_2        -            347 32543at72274         -            238   7.3e-56  187.9   4.9   2   2     2e-47   4.2e-44  149.4   0.5    40   233    91   330    61   334 0.83 # 109 # 1149 # -1 # ID=1745_2;partial=00;start_type=ATG;rbs_motif=GGA/GAG/AGG;rbs_spacer=5-10bp;gc_cont=0.703
contig03293_2        -             29 32543at72274         -            238   9.4e-07   27.2   0.1   1   1   4.6e-10   9.7e-07   27.1   0.1   215   237     1    23     1    24 0.96 # 429 # 515 # -1 # ID=3293_2;partial=01;start_type=Edge;rbs_motif=None;rbs_spacer=None;gc_cont=0.678
contig02176_1        -            331 32543at72274         -            238   0.00073   17.7   0.0   1   2     0.016        34    2.4   0.0    97   126   114   144   108   158 0.81 # 3 # 995 # -1 # ID=2176_1;partial=11;start_type=Edge;rbs_motif=None;rbs_spacer=None;gc_cont=0.705
contig02176_1        -            331 32543at72274         -            238   0.00073   17.7   0.0   2   2     1e-05     0.022   12.9   0.0   172   206   222   256   192   266 0.86 # 3 # 995 # -1 # ID=2176_1;partial=11;start_type=Edge;rbs_motif=None;rbs_spacer=None;gc_cont=0.705
#
# Program:         hmmsearch
# Version:         3.1b2 (February 2015)
# Pipeline mode:   SEARCH
# Query file:      /home/johngn/Microbial-Genomics-Journey-Workshop-2023/Reads_session_3/busco_downloads/lineages/pseudomonadales_odb10/hmms/32543at72274.hmm
# Target file:     /home/johngn/Microbial-Genomics-Journey-Workshop-2023/Reads_session_3/busco_op4/prodigal_output/predicted_genes/predicted.faa
# Option settings: hmmsearch --domtblout /home/johngn/Microbial-Genomics-Journey-Workshop-2023/Reads_session_3/busco_op4/run_pseudomonadales_odb10/hmmer_output/32543at72274.out --cpu 1 /home/johngn/Microbial-Genomics-Journey-Workshop-2023/Reads_session_3/busco_downloads/lineages/pseudomonadales_odb10/hmms/32543at72274.hmm /home/johngn/Microbial-Genomics-Journey-Workshop-2023/Reads_session_3/busco_op4/prodigal_output/predicted_genes/predicted.faa 
# Current dir:     /home/johngn/Microbial-Genomics-Journey-Workshop-2023/Reads_session_3
# Date:            Wed Mar  8 17:01:23 2023
# [ok]
