#                                                                            --- full sequence --- -------------- this domain -------------   hmm coord   ali coord   env coord
# target name        accession   tlen query name           accession   qlen   E-value  score  bias   #  of  c-Evalue  i-Evalue  score  bias  from    to  from    to  from    to  acc description of target
#------------------- ---------- ----- -------------------- ---------- ----- --------- ------ ----- --- --- --------- --------- ------ ----- ----- ----- ----- ----- ----- ----- ---- ---------------------
contig00306_4        -            311 32688at72274         -            267  1.3e-151  502.5   2.9   1   2  2.1e-142  1.7e-140  466.0   0.1     1   235     3   240     3   249 0.98 # 2174 # 3106 # 1 # ID=306_4;partial=00;start_type=ATG;rbs_motif=GGA/GAG/AGG;rbs_spacer=5-10bp;gc_cont=0.624
contig00306_4        -            311 32688at72274         -            267  1.3e-151  502.5   2.9   2   2   3.8e-11   3.2e-09   35.6   0.6   233   267   271   305   248   305 0.80 # 2174 # 3106 # 1 # ID=306_4;partial=00;start_type=ATG;rbs_motif=GGA/GAG/AGG;rbs_spacer=5-10bp;gc_cont=0.624
contig00305_4        -            274 32688at72274         -            267   1.5e-39  135.0   0.0   1   1   2.3e-41   1.9e-39  134.7   0.0     3   211    26   239    24   249 0.94 # 2890 # 3711 # 1 # ID=305_4;partial=01;start_type=ATG;rbs_motif=GGAG/GAGG;rbs_spacer=5-10bp;gc_cont=0.697
contig00163_1        -            498 32688at72274         -            267   9.6e-39  132.3   0.0   1   2     2e-23   1.7e-21   75.8   0.0     3   212     6   235     4   247 0.78 # 2 # 1495 # -1 # ID=163_1;partial=10;start_type=ATG;rbs_motif=GGAG/GAGG;rbs_spacer=5-10bp;gc_cont=0.665
contig00163_1        -            498 32688at72274         -            267   9.6e-39  132.3   0.0   2   2     7e-17   5.8e-15   54.4   0.0    15   206   297   496   288   498 0.81 # 2 # 1495 # -1 # ID=163_1;partial=10;start_type=ATG;rbs_motif=GGAG/GAGG;rbs_spacer=5-10bp;gc_cont=0.665
contig00956_2        -            477 32688at72274         -            267   3.3e-36  124.0   0.1   1   3   1.6e-25   1.3e-23   82.7   0.0     3   211     9   221     7   231 0.88 # 610 # 2040 # 1 # ID=956_2;partial=01;start_type=ATG;rbs_motif=GGAG/GAGG;rbs_spacer=5-10bp;gc_cont=0.707
contig00956_2        -            477 32688at72274         -            267   3.3e-36  124.0   0.1   2   3       2.5   2.1e+02    0.1   0.0    19    56   272   309   268   318 0.81 # 610 # 2040 # 1 # ID=956_2;partial=01;start_type=ATG;rbs_motif=GGAG/GAGG;rbs_spacer=5-10bp;gc_cont=0.707
contig00956_2        -            477 32688at72274         -            267   3.3e-36  124.0   0.1   3   3   1.2e-11   9.9e-10   37.2   0.1   130   210   396   476   366   477 0.86 # 610 # 2040 # 1 # ID=956_2;partial=01;start_type=ATG;rbs_motif=GGAG/GAGG;rbs_spacer=5-10bp;gc_cont=0.707
contig02615_1        -            262 32688at72274         -            267   4.7e-36  123.5   0.0   1   1   7.1e-38   5.9e-36  123.2   0.0     4   211     5   210     2   216 0.89 # 3 # 788 # 1 # ID=2615_1;partial=11;start_type=Edge;rbs_motif=None;rbs_spacer=None;gc_cont=0.644
contig00945_1        -            308 32688at72274         -            267   1.5e-34  118.6   0.0   1   1   2.4e-36     2e-34  118.2   0.0     5   210     4   207     1   217 0.89 # 13 # 936 # -1 # ID=945_1;partial=00;start_type=ATG;rbs_motif=GGA/GAG/AGG;rbs_spacer=5-10bp;gc_cont=0.695
contig01932_1        -            258 32688at72274         -            267   1.3e-32  112.2   0.1   1   1   6.5e-34   5.4e-32  110.2   0.1     2   210     7   229     6   237 0.89 # 64 # 837 # 1 # ID=1932_1;partial=00;start_type=ATG;rbs_motif=GGAG/GAGG;rbs_spacer=5-10bp;gc_cont=0.634
contig00214_2        -            242 32688at72274         -            267   1.4e-32  112.1   0.1   1   1     2e-34   1.7e-32  111.9   0.1     3   211     4   214     2   235 0.92 # 246 # 971 # 1 # ID=214_2;partial=00;start_type=ATG;rbs_motif=GGA/GAG/AGG;rbs_spacer=5-10bp;gc_cont=0.631
contig00167_2        -            305 32688at72274         -            267   1.3e-31  108.9   0.0   1   1   2.2e-33   1.9e-31  108.5   0.0    15   211    15   205     3   221 0.91 # 850 # 1764 # 1 # ID=167_2;partial=00;start_type=ATG;rbs_motif=GGAG/GAGG;rbs_spacer=5-10bp;gc_cont=0.728
contig00233_3        -            330 32688at72274         -            267   1.5e-31  108.7   0.0   1   1   2.5e-33   2.1e-31  108.3   0.0     3   211     3   214     1   220 0.88 # 1279 # 2268 # -1 # ID=233_3;partial=00;start_type=ATG;rbs_motif=GGAG/GAGG;rbs_spacer=5-10bp;gc_cont=0.661
contig01192_3        -            245 32688at72274         -            267   1.8e-31  108.5   0.0   1   1   2.6e-33   2.2e-31  108.2   0.0     4   211     3   217     1   222 0.90 # 798 # 1532 # -1 # ID=1192_3;partial=00;start_type=GTG;rbs_motif=GGAGG;rbs_spacer=5-10bp;gc_cont=0.663
contig01363_2        -            336 32688at72274         -            267   1.9e-31  108.4   0.0   1   1   2.8e-33   2.4e-31  108.1   0.0     4   212     3   220     1   244 0.88 # 83 # 1090 # -1 # ID=1363_2;partial=00;start_type=GTG;rbs_motif=GGA/GAG/AGG;rbs_spacer=5-10bp;gc_cont=0.671
contig00463_2        -            370 32688at72274         -            267   3.5e-31  107.5   0.0   1   1   5.4e-33   4.5e-31  107.2   0.0     4   216    12   224     9   251 0.92 # 556 # 1665 # -1 # ID=463_2;partial=00;start_type=ATG;rbs_motif=GGA/GAG/AGG;rbs_spacer=5-10bp;gc_cont=0.654
contig00271_4        -            255 32688at72274         -            267   7.5e-31  106.5   0.1   1   1   2.5e-32   2.1e-30  105.0   0.1     3   210     4   225     2   239 0.87 # 1778 # 2542 # -1 # ID=271_4;partial=00;start_type=ATG;rbs_motif=GGA/GAG/AGG;rbs_spacer=5-10bp;gc_cont=0.654
contig00577_2        -            241 32688at72274         -            267   4.7e-30  103.9   0.0   1   1   6.5e-32   5.4e-30  103.6   0.0     4   210     3   212     1   219 0.94 # 255 # 977 # 1 # ID=577_2;partial=00;start_type=ATG;rbs_motif=GGAG/GAGG;rbs_spacer=5-10bp;gc_cont=0.665
contig00191_5        -            248 32688at72274         -            267   8.9e-30  102.9   0.0   1   1   1.2e-31     1e-29  102.8   0.0     4   211     3   213     1   240 0.91 # 2972 # 3715 # 1 # ID=191_5;partial=00;start_type=ATG;rbs_motif=AGGAG;rbs_spacer=5-10bp;gc_cont=0.683
contig00319_1        -            248 32688at72274         -            267   1.2e-29  102.6   0.0   1   1     6e-31     5e-29  100.5   0.0     2   210     3   226     2   232 0.86 # 1 # 744 # -1 # ID=319_1;partial=10;start_type=ATG;rbs_motif=GGAG/GAGG;rbs_spacer=5-10bp;gc_cont=0.668
contig00028_7        -            361 32688at72274         -            267   1.8e-29  101.9   0.0   1   1   2.9e-31   2.4e-29  101.5   0.0     3   211     7   214     5   224 0.86 # 7486 # 8568 # -1 # ID=28_7;partial=00;start_type=ATG;rbs_motif=None;rbs_spacer=None;gc_cont=0.676
contig00597_2        -            371 32688at72274         -            267     3e-29  101.2   0.0   1   1   4.6e-31   3.8e-29  100.9   0.0     3   215     4   215     2   231 0.93 # 579 # 1691 # 1 # ID=597_2;partial=00;start_type=ATG;rbs_motif=GGAGG;rbs_spacer=5-10bp;gc_cont=0.694
contig00130_4        -            332 32688at72274         -            267   4.9e-29  100.5   0.0   1   1   7.9e-31   6.6e-29  100.1   0.0     3   211     4   211     2   224 0.90 # 2759 # 3754 # -1 # ID=130_4;partial=00;start_type=ATG;rbs_motif=GGA/GAG/AGG;rbs_spacer=5-10bp;gc_cont=0.676
contig00183_3        -            285 32688at72274         -            267     2e-28   98.5   0.0   1   1   3.4e-30   2.8e-28   98.0   0.0     4   206    12   214    10   220 0.91 # 2276 # 3130 # 1 # ID=183_3;partial=00;start_type=ATG;rbs_motif=GGAGG;rbs_spacer=5-10bp;gc_cont=0.712
contig01307_2        -            228 32688at72274         -            267   2.5e-28   98.2   0.0   1   1     4e-30   3.3e-28   97.8   0.0     2   202     6   215     5   223 0.84 # 635 # 1318 # 1 # ID=1307_2;partial=00;start_type=ATG;rbs_motif=GGAGG;rbs_spacer=5-10bp;gc_cont=0.677
contig00646_4        -            228 32688at72274         -            267     4e-28   97.5   0.0   1   1   6.2e-30   5.2e-28   97.1   0.0     4   210     7   219     4   224 0.83 # 1339 # 2022 # 1 # ID=646_4;partial=00;start_type=ATG;rbs_motif=GGA/GAG/AGG;rbs_spacer=5-10bp;gc_cont=0.693
contig00072_2        -            522 32688at72274         -            267   8.6e-28   96.4   0.1   1   4   1.3e-05    0.0011   17.5   0.0    20    61    10    51     3    60 0.91 # 561 # 2126 # 1 # ID=72_2;partial=00;start_type=ATG;rbs_motif=None;rbs_spacer=None;gc_cont=0.645
contig00072_2        -            522 32688at72274         -            267   8.6e-28   96.4   0.1   2   4   5.4e-10   4.5e-08   31.8   0.0   110   211   122   221   111   225 0.86 # 561 # 2126 # 1 # ID=72_2;partial=00;start_type=ATG;rbs_motif=None;rbs_spacer=None;gc_cont=0.645
contig00072_2        -            522 32688at72274         -            267   8.6e-28   96.4   0.1   3   4   9.8e-07   8.2e-05   21.1   0.0     2    51   311   359   310   373 0.86 # 561 # 2126 # 1 # ID=72_2;partial=00;start_type=ATG;rbs_motif=None;rbs_spacer=None;gc_cont=0.645
contig00072_2        -            522 32688at72274         -            267   8.6e-28   96.4   0.1   4   4   1.3e-06   0.00011   20.7   0.0   129   203   423   494   410   507 0.76 # 561 # 2126 # 1 # ID=72_2;partial=00;start_type=ATG;rbs_motif=None;rbs_spacer=None;gc_cont=0.645
contig00766_1        -            268 32688at72274         -            267     1e-26   92.9   0.1   1   1   1.9e-27   1.6e-25   89.0   0.1    17   211    34   219    20   223 0.87 # 1 # 804 # -1 # ID=766_1;partial=10;start_type=ATG;rbs_motif=GGAGG;rbs_spacer=5-10bp;gc_cont=0.726
contig00718_2        -            283 32688at72274         -            267   1.3e-26   92.5   0.0   1   1   2.4e-28     2e-26   92.0   0.0    13   206    30   222    17   228 0.85 # 1024 # 1872 # 1 # ID=718_2;partial=00;start_type=ATG;rbs_motif=GGA/GAG/AGG;rbs_spacer=5-10bp;gc_cont=0.702
contig00769_1        -            219 32688at72274         -            267   3.8e-26   91.0   0.0   1   1   5.3e-28   4.4e-26   90.8   0.0     5   206    12   219     8   219 0.87 # 3 # 659 # -1 # ID=769_1;partial=10;start_type=GTG;rbs_motif=GGAG/GAGG;rbs_spacer=5-10bp;gc_cont=0.706
contig00177_4        -            380 32688at72274         -            267     5e-26   90.6   0.3   1   2   9.1e-11   7.6e-09   34.3   0.5   142   211     1    71     1    81 0.93 # 3583 # 4722 # -1 # ID=177_4;partial=01;start_type=Edge;rbs_motif=None;rbs_spacer=None;gc_cont=0.701
contig00177_4        -            380 32688at72274         -            267     5e-26   90.6   0.3   2   2   9.4e-17   7.9e-15   53.9   0.0    13   212   131   338   128   350 0.85 # 3583 # 4722 # -1 # ID=177_4;partial=01;start_type=Edge;rbs_motif=None;rbs_spacer=None;gc_cont=0.701
contig00498_3        -            234 32688at72274         -            267   9.9e-26   89.7   0.0   1   1   1.5e-27   1.3e-25   89.3   0.0    10   211     8   210     2   225 0.87 # 1927 # 2628 # 1 # ID=498_3;partial=00;start_type=ATG;rbs_motif=GGA/GAG/AGG;rbs_spacer=5-10bp;gc_cont=0.644
contig00515_2        -            279 32688at72274         -            267   1.5e-25   89.1   0.0   1   1   2.4e-27     2e-25   88.7   0.0     3   207     5   226     3   241 0.84 # 368 # 1204 # -1 # ID=515_2;partial=00;start_type=ATG;rbs_motif=GGAGG;rbs_spacer=5-10bp;gc_cont=0.687
contig02371_1        -            205 32688at72274         -            267   2.6e-25   88.3   0.0   1   1   3.3e-27   2.8e-25   88.2   0.0     5   197     6   200     2   205 0.80 # 3 # 617 # -1 # ID=2371_1;partial=10;start_type=ATG;rbs_motif=GGA/GAG/AGG;rbs_spacer=5-10bp;gc_cont=0.717
contig00498_2        -            256 32688at72274         -            267   3.5e-25   87.9   0.3   1   1   8.2e-27   6.8e-25   86.9   0.3     8   211    11   231     4   235 0.87 # 1157 # 1924 # 1 # ID=498_2;partial=00;start_type=ATG;rbs_motif=GGAG/GAGG;rbs_spacer=5-10bp;gc_cont=0.652
contig00404_3        -            387 32688at72274         -            267     1e-24   86.4   0.0   1   1   1.8e-26   1.5e-24   85.8   0.0     2   211     3   213     2   223 0.88 # 1639 # 2799 # 1 # ID=404_3;partial=00;start_type=ATG;rbs_motif=AGGA/GGAG/GAGG;rbs_spacer=11-12bp;gc_cont=0.671
contig00033_7        -            279 32688at72274         -            267   3.5e-24   84.6   0.0   1   1   5.8e-26   4.9e-24   84.1   0.0    14   208    19   214     6   245 0.90 # 7285 # 8121 # 1 # ID=33_7;partial=00;start_type=ATG;rbs_motif=GGAG/GAGG;rbs_spacer=5-10bp;gc_cont=0.723
contig00573_3        -            236 32688at72274         -            267   3.6e-24   84.6   0.0   1   1   6.1e-26   5.1e-24   84.1   0.0    12   210    15   213     4   230 0.85 # 2039 # 2746 # 1 # ID=573_3;partial=01;start_type=ATG;rbs_motif=AGGAG;rbs_spacer=5-10bp;gc_cont=0.658
contig03010_1        -            204 32688at72274         -            267     2e-23   82.1   0.0   1   1   2.7e-25   2.3e-23   81.9   0.0    19   200    14   201     6   204 0.91 # 1 # 612 # 1 # ID=3010_1;partial=11;start_type=Edge;rbs_motif=None;rbs_spacer=None;gc_cont=0.649
contig00573_2        -            291 32688at72274         -            267     2e-23   82.1   0.9   1   2   3.6e-11     3e-09   35.6   0.1     5    62     8    64     4    83 0.85 # 1170 # 2042 # 1 # ID=573_2;partial=00;start_type=ATG;rbs_motif=GGA/GAG/AGG;rbs_spacer=5-10bp;gc_cont=0.647
contig00573_2        -            291 32688at72274         -            267     2e-23   82.1   0.9   2   2   3.9e-14   3.2e-12   45.4   0.1   106   211   155   261   123   276 0.91 # 1170 # 2042 # 1 # ID=573_2;partial=00;start_type=ATG;rbs_motif=GGA/GAG/AGG;rbs_spacer=5-10bp;gc_cont=0.647
contig00588_3        -            162 32688at72274         -            267   3.2e-23   81.5   0.0   1   1   4.3e-25   3.6e-23   81.3   0.0    61   210     1   150     1   158 0.95 # 2226 # 2711 # -1 # ID=588_3;partial=01;start_type=Edge;rbs_motif=None;rbs_spacer=None;gc_cont=0.706
contig00034_6        -            641 32688at72274         -            267   2.7e-22   78.4   0.1   1   4     0.066       5.5    5.3   0.0    19    59    19    59     4    84 0.87 # 5187 # 7109 # -1 # ID=34_6;partial=00;start_type=ATG;rbs_motif=GGAGG;rbs_spacer=5-10bp;gc_cont=0.664
contig00034_6        -            641 32688at72274         -            267   2.7e-22   78.4   0.1   2   4   3.5e-10   2.9e-08   32.4   0.0   129   209   148   225   132   243 0.73 # 5187 # 7109 # -1 # ID=34_6;partial=00;start_type=ATG;rbs_motif=GGAGG;rbs_spacer=5-10bp;gc_cont=0.664
contig00034_6        -            641 32688at72274         -            267   2.7e-22   78.4   0.1   3   4   5.5e-05    0.0046   15.3   0.0     6    65   320   378   315   392 0.83 # 5187 # 7109 # -1 # ID=34_6;partial=00;start_type=ATG;rbs_motif=GGAGG;rbs_spacer=5-10bp;gc_cont=0.664
contig00034_6        -            641 32688at72274         -            267   2.7e-22   78.4   0.1   4   4   2.1e-06   0.00017   20.0   0.0   128   169   432   473   409   493 0.83 # 5187 # 7109 # -1 # ID=34_6;partial=00;start_type=ATG;rbs_motif=GGAGG;rbs_spacer=5-10bp;gc_cont=0.664
contig01293_2        -            270 32688at72274         -            267     4e-22   77.9   0.0   1   1     6e-24     5e-22   77.5   0.0    10   211    14   222     5   229 0.90 # 266 # 1075 # -1 # ID=1293_2;partial=00;start_type=ATG;rbs_motif=AGGAG;rbs_spacer=5-10bp;gc_cont=0.646
contig01200_1        -            266 32688at72274         -            267   5.6e-22   77.4   0.0   1   1   1.9e-23   1.6e-21   75.9   0.0    20   203    21   209    10   237 0.82 # 19 # 816 # -1 # ID=1200_1;partial=00;start_type=ATG;rbs_motif=AGGA;rbs_spacer=5-10bp;gc_cont=0.707
contig00731_2        -            325 32688at72274         -            267   2.1e-21   75.5   0.3   1   1   7.8e-23   6.5e-21   73.9   0.3     3   214     4   233     2   242 0.79 # 1017 # 1991 # 1 # ID=731_2;partial=00;start_type=ATG;rbs_motif=AGGAG;rbs_spacer=5-10bp;gc_cont=0.693
contig01739_1        -            263 32688at72274         -            267   1.7e-20   72.5   0.0   1   1   2.5e-22   2.1e-20   72.2   0.0   105   215     5   116     2   150 0.89 # 1 # 789 # 1 # ID=1739_1;partial=10;start_type=Edge;rbs_motif=None;rbs_spacer=None;gc_cont=0.678
contig02340_1        -            280 32688at72274         -            267   2.3e-20   72.1   0.0   1   1   3.4e-22   2.8e-20   71.8   0.0     3   213    32   247    30   270 0.80 # 82 # 921 # -1 # ID=2340_1;partial=01;start_type=Edge;rbs_motif=None;rbs_spacer=None;gc_cont=0.658
contig00826_3        -            233 32688at72274         -            267   9.4e-20   70.1   0.0   1   1   1.6e-21   1.3e-19   69.6   0.0     4   211     3   211     1   222 0.81 # 1174 # 1872 # 1 # ID=826_3;partial=00;start_type=ATG;rbs_motif=GGA/GAG/AGG;rbs_spacer=5-10bp;gc_cont=0.685
contig00242_1        -            335 32688at72274         -            267   5.4e-19   67.6   0.0   1   1   8.4e-21     7e-19   67.2   0.0    33   211     3   185     1   199 0.83 # 3 # 1007 # 1 # ID=242_1;partial=10;start_type=Edge;rbs_motif=None;rbs_spacer=None;gc_cont=0.693
contig00349_2        -            278 32688at72274         -            267     6e-19   67.4   0.0   1   1   9.2e-21   7.6e-19   67.1   0.0    15   211    42   249    30   258 0.80 # 946 # 1779 # 1 # ID=349_2;partial=00;start_type=ATG;rbs_motif=GGAG/GAGG;rbs_spacer=5-10bp;gc_cont=0.629
contig00525_3        -            270 32688at72274         -            267     7e-19   67.2   0.0   1   2   2.5e-08   2.1e-06   26.3   0.0    13    60    15    62     4    65 0.90 # 1296 # 2105 # -1 # ID=525_3;partial=00;start_type=ATG;rbs_motif=AGGA;rbs_spacer=5-10bp;gc_cont=0.694
contig00525_3        -            270 32688at72274         -            267     7e-19   67.2   0.0   2   2   3.6e-12     3e-10   38.9   0.0   112   195    99   183    90   202 0.86 # 1296 # 2105 # -1 # ID=525_3;partial=00;start_type=ATG;rbs_motif=AGGA;rbs_spacer=5-10bp;gc_cont=0.694
contig00826_2        -            286 32688at72274         -            267   3.8e-18   64.8   0.2   1   1   1.3e-19   1.1e-17   63.3   0.2     4   210    46   261    43   281 0.70 # 180 # 1037 # 1 # ID=826_2;partial=00;start_type=ATG;rbs_motif=AGGAG;rbs_spacer=5-10bp;gc_cont=0.675
contig01032_2        -            252 32688at72274         -            267   6.3e-18   64.1   0.0   1   1   1.5e-19   1.2e-17   63.1   0.0    15   208    27   217    22   221 0.83 # 644 # 1399 # -1 # ID=1032_2;partial=00;start_type=ATG;rbs_motif=AGGAG;rbs_spacer=5-10bp;gc_cont=0.730
contig00120_4        -            234 32688at72274         -            267   1.6e-17   62.8   0.0   1   1   5.5e-19   4.6e-17   61.3   0.0    20   193    30   200    22   205 0.93 # 1692 # 2393 # -1 # ID=120_4;partial=00;start_type=ATG;rbs_motif=None;rbs_spacer=None;gc_cont=0.712
contig00059_7        -            268 32688at72274         -            267   2.4e-17   62.2   0.0   1   1   5.3e-19   4.5e-17   61.3   0.0     3   195     3   208     1   223 0.80 # 5637 # 6440 # -1 # ID=59_7;partial=00;start_type=GTG;rbs_motif=None;rbs_spacer=None;gc_cont=0.731
contig00389_1        -            647 32688at72274         -            267   7.5e-17   60.6   0.1   1   1   1.4e-17   1.2e-15   56.7   0.1     4   179   415   596   412   625 0.78 # 1 # 1941 # 1 # ID=389_1;partial=10;start_type=Edge;rbs_motif=None;rbs_spacer=None;gc_cont=0.676
contig02153_1        -            336 32688at72274         -            267   1.1e-16   60.1   0.3   1   2   1.4e-08   1.2e-06   27.2   0.0   129   194    18    83     9    97 0.85 # 1 # 1008 # 1 # ID=2153_1;partial=11;start_type=Edge;rbs_motif=None;rbs_spacer=None;gc_cont=0.656
contig02153_1        -            336 32688at72274         -            267   1.1e-16   60.1   0.3   2   2   8.2e-09   6.8e-07   27.9   0.2     3   162   185   333   183   336 0.77 # 1 # 1008 # 1 # ID=2153_1;partial=11;start_type=Edge;rbs_motif=None;rbs_spacer=None;gc_cont=0.656
contig01160_1        -            588 32688at72274         -            267   4.5e-16   58.0   0.0   1   2   5.5e-09   4.6e-07   28.5   0.0    23    86   402   466   393   481 0.91 # 1 # 1764 # 1 # ID=1160_1;partial=11;start_type=Edge;rbs_motif=None;rbs_spacer=None;gc_cont=0.697
contig01160_1        -            588 32688at72274         -            267   4.5e-16   58.0   0.0   2   2   1.4e-08   1.2e-06   27.1   0.0   133   192   516   574   504   585 0.90 # 1 # 1764 # 1 # ID=1160_1;partial=11;start_type=Edge;rbs_motif=None;rbs_spacer=None;gc_cont=0.697
contig00878_2        -            240 32688at72274         -            267     1e-15   56.9   0.0   1   2   0.00095     0.079   11.3   0.0     3    52     3    54     1    79 0.74 # 1098 # 1817 # 1 # ID=878_2;partial=00;start_type=ATG;rbs_motif=None;rbs_spacer=None;gc_cont=0.750
contig00878_2        -            240 32688at72274         -            267     1e-15   56.9   0.0   2   2   1.2e-13   9.8e-12   43.8   0.0   112   193   125   207   112   221 0.92 # 1098 # 1817 # 1 # ID=878_2;partial=00;start_type=ATG;rbs_motif=None;rbs_spacer=None;gc_cont=0.750
contig02609_1        -            242 32688at72274         -            267   1.1e-15   56.8   0.0   1   1   4.6e-16   3.9e-14   51.7   0.0    19   203    48   229    42   240 0.83 # 68 # 793 # -1 # ID=2609_1;partial=01;start_type=Edge;rbs_motif=None;rbs_spacer=None;gc_cont=0.602
contig00897_2        -            265 32688at72274         -            267   8.6e-15   53.8   0.1   1   1   2.8e-16   2.3e-14   52.4   0.1     4   211     3   226     1   232 0.75 # 406 # 1200 # -1 # ID=897_2;partial=00;start_type=ATG;rbs_motif=GGAG/GAGG;rbs_spacer=5-10bp;gc_cont=0.692
contig01341_1        -            235 32688at72274         -            267   9.7e-15   53.6   0.3   1   1   1.6e-16   1.4e-14   53.2   0.3   134   210     2    79     1    89 0.90 # 2 # 706 # 1 # ID=1341_1;partial=10;start_type=Edge;rbs_motif=None;rbs_spacer=None;gc_cont=0.655
contig00296_2        -            597 32688at72274         -            267   1.1e-14   53.4   0.2   1   1   8.1e-16   6.8e-14   50.9   0.2     4   199   361   558   358   582 0.76 # 296 # 2086 # 1 # ID=296_2;partial=00;start_type=ATG;rbs_motif=GGA/GAG/AGG;rbs_spacer=11-12bp;gc_cont=0.678
contig02819_1        -            231 32688at72274         -            267   1.2e-14   53.3   0.0   1   1   3.6e-16     3e-14   52.0   0.0    17   192    50   229    45   231 0.78 # 3 # 695 # 1 # ID=2819_1;partial=11;start_type=Edge;rbs_motif=None;rbs_spacer=None;gc_cont=0.739
contig01963_2        -            140 32688at72274         -            267   2.3e-14   52.4   0.0   1   1     3e-16   2.5e-14   52.3   0.0     4   127     3   131     1   137 0.83 # 688 # 1107 # 1 # ID=1963_2;partial=01;start_type=ATG;rbs_motif=AGGAG;rbs_spacer=5-10bp;gc_cont=0.629
contig03154_1        -            146 32688at72274         -            267   5.6e-14   51.1   0.0   1   1   8.2e-16   6.9e-14   50.9   0.0   115   205     9   100     4   113 0.91 # 1 # 438 # 1 # ID=3154_1;partial=10;start_type=Edge;rbs_motif=None;rbs_spacer=None;gc_cont=0.699
contig03286_2        -            138 32688at72274         -            267   9.7e-14   50.4   0.0   1   1   1.3e-15   1.1e-13   50.2   0.0     3   120    11   137     9   138 0.86 # 102 # 515 # 1 # ID=3286_2;partial=01;start_type=ATG;rbs_motif=None;rbs_spacer=None;gc_cont=0.688
contig00359_3        -            149 32688at72274         -            267   5.5e-13   47.9   0.0   1   1   6.9e-15   5.8e-13   47.8   0.0    11   143    16   147     3   149 0.91 # 3016 # 3462 # 1 # ID=359_3;partial=01;start_type=ATG;rbs_motif=GGA/GAG/AGG;rbs_spacer=5-10bp;gc_cont=0.655
contig01349_2        -            241 32688at72274         -            267   1.2e-12   46.8   0.0   1   1   1.8e-14   1.5e-12   46.5   0.0   122   211     3    93     1   125 0.92 # 855 # 1577 # -1 # ID=1349_2;partial=01;start_type=Edge;rbs_motif=None;rbs_spacer=None;gc_cont=0.657
contig02377_2        -             84 32688at72274         -            267   1.1e-11   43.6   0.0   1   1   1.5e-13   1.2e-11   43.5   0.0     3    68     6    70     4    83 0.92 # 644 # 895 # 1 # ID=2377_2;partial=01;start_type=GTG;rbs_motif=None;rbs_spacer=None;gc_cont=0.679
contig02856_1        -            225 32688at72274         -            267   1.2e-11   43.5   0.0   1   1   3.4e-13   2.8e-11   42.3   0.0    17   166    62   216    46   220 0.72 # 3 # 677 # -1 # ID=2856_1;partial=11;start_type=Edge;rbs_motif=None;rbs_spacer=None;gc_cont=0.747
contig00058_8        -            115 32688at72274         -            267   3.6e-11   41.9   0.0   1   1   4.6e-13   3.8e-11   41.8   0.0     3   111     2   113     1   115 0.89 # 7127 # 7471 # 1 # ID=58_8;partial=01;start_type=ATG;rbs_motif=GGA/GAG/AGG;rbs_spacer=5-10bp;gc_cont=0.600
contig01105_3        -            163 32688at72274         -            267   8.7e-11   40.7   0.0   1   1   1.1e-12   9.5e-11   40.6   0.0    68   192     9   134     1   153 0.88 # 1350 # 1838 # -1 # ID=1105_3;partial=01;start_type=Edge;rbs_motif=None;rbs_spacer=None;gc_cont=0.701
contig02944_1        -            170 32688at72274         -            267   1.1e-10   40.3   0.0   1   1   1.4e-12   1.2e-10   40.2   0.0    79   194    21   145     1   163 0.78 # 2 # 511 # 1 # ID=2944_1;partial=10;start_type=Edge;rbs_motif=None;rbs_spacer=None;gc_cont=0.706
contig03261_1        -            175 32688at72274         -            267   2.2e-10   39.3   0.0   1   1   3.6e-12     3e-10   38.9   0.0     7    85    89   168    84   172 0.90 # 2 # 526 # 1 # ID=3261_1;partial=11;start_type=Edge;rbs_motif=None;rbs_spacer=None;gc_cont=0.674
contig02138_1        -            313 32688at72274         -            267   2.4e-10   39.2   1.7   1   2   0.00053     0.044   12.1   0.0     5    54     2    52     1    60 0.79 # 78 # 1016 # 1 # ID=2138_1;partial=01;start_type=ATG;rbs_motif=None;rbs_spacer=None;gc_cont=0.658
contig02138_1        -            313 32688at72274         -            267   2.4e-10   39.2   1.7   2   2   3.3e-08   2.8e-06   25.9   0.0   110   168   124   183   119   209 0.87 # 78 # 1016 # 1 # ID=2138_1;partial=01;start_type=ATG;rbs_motif=None;rbs_spacer=None;gc_cont=0.658
contig00048_6        -            103 32688at72274         -            267   2.9e-10   38.9   0.0   1   1   3.7e-12   3.1e-10   38.9   0.0   142   212     2    72     1    96 0.92 # 7518 # 7826 # -1 # ID=48_6;partial=01;start_type=Edge;rbs_motif=None;rbs_spacer=None;gc_cont=0.650
contig01978_2        -             77 32688at72274         -            267   3.2e-10   38.8   0.0   1   1   4.4e-12   3.7e-10   38.6   0.0     3    64    12    72    10    76 0.92 # 868 # 1098 # 1 # ID=1978_2;partial=01;start_type=ATG;rbs_motif=None;rbs_spacer=None;gc_cont=0.680
contig01633_3        -            144 32688at72274         -            267   7.2e-10   37.7   0.1   1   1   9.3e-12   7.7e-10   37.6   0.1   131   212    33   112     3   125 0.85 # 920 # 1351 # -1 # ID=1633_3;partial=01;start_type=Edge;rbs_motif=None;rbs_spacer=None;gc_cont=0.683
contig00226_4        -             89 32688at72274         -            267   2.9e-09   35.7   0.1   1   1   4.3e-11   3.6e-09   35.4   0.1     4    67    24    86    21    88 0.91 # 3920 # 4186 # 1 # ID=226_4;partial=01;start_type=ATG;rbs_motif=GGAG/GAGG;rbs_spacer=5-10bp;gc_cont=0.622
contig00381_1        -            145 32688at72274         -            267   1.6e-08   33.2   0.0   1   1     2e-10   1.7e-08   33.2   0.0   134   213    39   116    10   137 0.88 # 2 # 436 # 1 # ID=381_1;partial=10;start_type=Edge;rbs_motif=None;rbs_spacer=None;gc_cont=0.713
contig02259_2        -            292 32688at72274         -            267   1.7e-08   33.1   0.0   1   2   6.6e-06   0.00055   18.4   0.0    19    88   109   180   105   187 0.86 # 82 # 957 # -1 # ID=2259_2;partial=01;start_type=Edge;rbs_motif=None;rbs_spacer=None;gc_cont=0.715
contig02259_2        -            292 32688at72274         -            267   1.7e-08   33.1   0.0   2   2   0.00028     0.023   13.1   0.0   117   177   190   253   176   263 0.75 # 82 # 957 # -1 # ID=2259_2;partial=01;start_type=Edge;rbs_motif=None;rbs_spacer=None;gc_cont=0.715
contig01188_2        -            238 32688at72274         -            267   2.2e-08   32.8   0.0   1   1   3.7e-10   3.1e-08   32.3   0.0   129   210   117   198    89   203 0.89 # 1019 # 1732 # -1 # ID=1188_2;partial=01;start_type=Edge;rbs_motif=None;rbs_spacer=None;gc_cont=0.742
contig00385_1        -             99 32688at72274         -            267   8.9e-08   30.8   0.0   1   1   1.2e-09   9.6e-08   30.7   0.0     3    64     5    68     3    91 0.80 # 1 # 297 # -1 # ID=385_1;partial=10;start_type=ATG;rbs_motif=GGAGG;rbs_spacer=5-10bp;gc_cont=0.697
contig02722_2        -            141 32688at72274         -            267     1e-07   30.6   0.1   1   1   1.9e-09   1.6e-07   30.0   0.0   134   196    34    95    23   119 0.80 # 322 # 744 # -1 # ID=2722_2;partial=01;start_type=Edge;rbs_motif=None;rbs_spacer=None;gc_cont=0.709
contig00002_13       -            884 32688at72274         -            267   1.2e-07   30.4   0.5   1   4         3   2.5e+02   -0.2   0.0    17    44    27    54    16    65 0.86 # 12339 # 14990 # -1 # ID=2_13;partial=00;start_type=ATG;rbs_motif=AGGA;rbs_spacer=5-10bp;gc_cont=0.679
contig00002_13       -            884 32688at72274         -            267   1.2e-07   30.4   0.5   2   4     0.012      0.99    7.7   0.0   129   195   409   477   384   492 0.83 # 12339 # 14990 # -1 # ID=2_13;partial=00;start_type=ATG;rbs_motif=AGGA;rbs_spacer=5-10bp;gc_cont=0.679
contig00002_13       -            884 32688at72274         -            267   1.2e-07   30.4   0.5   3   4      0.72        60    1.9   0.0    18    47   547   576   541   585 0.89 # 12339 # 14990 # -1 # ID=2_13;partial=00;start_type=ATG;rbs_motif=AGGA;rbs_spacer=5-10bp;gc_cont=0.679
contig00002_13       -            884 32688at72274         -            267   1.2e-07   30.4   0.5   4   4   6.5e-05    0.0054   15.1   0.0   109   194   742   831   716   843 0.80 # 12339 # 14990 # -1 # ID=2_13;partial=00;start_type=ATG;rbs_motif=AGGA;rbs_spacer=5-10bp;gc_cont=0.679
contig02782_1        -            166 32688at72274         -            267   2.7e-07   29.2   0.0   1   1   4.4e-09   3.6e-07   28.8   0.0   141   215     2    77     1    85 0.86 # 2 # 499 # 1 # ID=2782_1;partial=10;start_type=Edge;rbs_motif=None;rbs_spacer=None;gc_cont=0.687
contig03205_1        -            183 32688at72274         -            267   2.7e-07   29.2   0.0   1   1   4.6e-09   3.9e-07   28.7   0.0   129   184    29    84     3   100 0.76 # 3 # 551 # -1 # ID=3205_1;partial=11;start_type=Edge;rbs_motif=None;rbs_spacer=None;gc_cont=0.679
contig01445_1        -             74 32688at72274         -            267   5.8e-07   28.1   0.0   1   1     7e-09   5.9e-07   28.1   0.0     4    59    15    73    12    74 0.80 # 1 # 222 # -1 # ID=1445_1;partial=10;start_type=ATG;rbs_motif=GGAG/GAGG;rbs_spacer=5-10bp;gc_cont=0.694
contig00731_3        -            136 32688at72274         -            267   8.3e-07   27.6   0.0   1   1   1.2e-08   9.6e-07   27.4   0.0    15    78    26    89     4   105 0.84 # 1991 # 2398 # 1 # ID=731_3;partial=01;start_type=ATG;rbs_motif=GGAG/GAGG;rbs_spacer=5-10bp;gc_cont=0.664
contig03279_1        -            173 32688at72274         -            267   2.1e-06   26.3   0.0   1   1   2.7e-08   2.2e-06   26.2   0.0   109   211    44   155     6   161 0.80 # 1 # 519 # -1 # ID=3279_1;partial=11;start_type=Edge;rbs_motif=None;rbs_spacer=None;gc_cont=0.730
contig00561_2        -            664 32688at72274         -            267   3.4e-06   25.6   0.4   1   3       0.5        42    2.4   0.0    17    44    12    39     3    45 0.90 # 783 # 2774 # 1 # ID=561_2;partial=01;start_type=GTG;rbs_motif=GGAG/GAGG;rbs_spacer=5-10bp;gc_cont=0.656
contig00561_2        -            664 32688at72274         -            267   3.4e-06   25.6   0.4   2   3    0.0044      0.37    9.1   0.0   117   202   468   555   450   571 0.79 # 783 # 2774 # 1 # ID=561_2;partial=01;start_type=GTG;rbs_motif=GGAG/GAGG;rbs_spacer=5-10bp;gc_cont=0.656
contig00561_2        -            664 32688at72274         -            267   3.4e-06   25.6   0.4   3   3    0.0018      0.15   10.4   0.1    13    47   617   651   608   662 0.83 # 783 # 2774 # 1 # ID=561_2;partial=01;start_type=GTG;rbs_motif=GGAG/GAGG;rbs_spacer=5-10bp;gc_cont=0.656
contig01158_1        -            144 32688at72274         -            267   3.5e-06   25.6   0.0   1   1   4.9e-08   4.1e-06   25.3   0.0   115   195     7    91     2   112 0.86 # 1 # 432 # 1 # ID=1158_1;partial=10;start_type=Edge;rbs_motif=None;rbs_spacer=None;gc_cont=0.674
contig02191_1        -             44 32688at72274         -            267   3.6e-06   25.5   0.0   1   1   4.3e-08   3.6e-06   25.5   0.0    12    45    10    43     1    44 0.85 # 1 # 132 # -1 # ID=2191_1;partial=10;start_type=ATG;rbs_motif=GGxGG;rbs_spacer=5-10bp;gc_cont=0.644
contig02733_2        -            121 32688at72274         -            267   4.1e-06   25.4   0.0   1   1   5.7e-08   4.8e-06   25.1   0.0   145   209     2    67     1    81 0.90 # 373 # 735 # -1 # ID=2733_2;partial=01;start_type=Edge;rbs_motif=None;rbs_spacer=None;gc_cont=0.683
contig03178_2        -            128 32688at72274         -            267   1.1e-05   24.0   0.0   1   1   1.4e-07   1.2e-05   23.9   0.0     6    84    12    91     8   125 0.81 # 177 # 560 # 1 # ID=3178_2;partial=01;start_type=ATG;rbs_motif=GGA/GAG/AGG;rbs_spacer=5-10bp;gc_cont=0.703
contig01850_2        -            143 32688at72274         -            267   1.2e-05   23.8   0.0   1   1   1.7e-07   1.4e-05   23.6   0.0     3    84     6    94     4   100 0.76 # 751 # 1179 # 1 # ID=1850_2;partial=01;start_type=ATG;rbs_motif=GGAG/GAGG;rbs_spacer=5-10bp;gc_cont=0.713
contig01473_1        -            338 32688at72274         -            267   1.5e-05   23.5   0.0   1   1     3e-07   2.5e-05   22.8   0.0   129   212    56   139    47   149 0.93 # 3 # 1016 # 1 # ID=1473_1;partial=10;start_type=Edge;rbs_motif=None;rbs_spacer=None;gc_cont=0.664
contig00004_1        -            239 32688at72274         -            267   1.8e-05   23.3   0.0   1   1   6.8e-07   5.6e-05   21.6   0.0    32   166    43   183    14   197 0.76 # 3 # 719 # -1 # ID=4_1;partial=10;start_type=ATG;rbs_motif=AGGA/GGAG/GAGG;rbs_spacer=11-12bp;gc_cont=0.699
contig03027_1        -             60 32688at72274         -            267   6.6e-05   21.4   0.0   1   1   8.5e-07   7.1e-05   21.3   0.0     3    49    11    60     9    60 0.86 # 430 # 609 # 1 # ID=3027_1;partial=01;start_type=ATG;rbs_motif=None;rbs_spacer=None;gc_cont=0.600
contig03269_1        -            174 32688at72274         -            267   0.00029   19.3   0.0   1   1   3.8e-06   0.00032   19.2   0.0   165   212     4    52     1    90 0.92 # 1 # 522 # 1 # ID=3269_1;partial=11;start_type=Edge;rbs_motif=None;rbs_spacer=None;gc_cont=0.682
contig00801_3        -            164 32688at72274         -            267   0.00037   18.9   0.0   1   1   5.7e-06   0.00047   18.6   0.0     3    61    20    77    18    92 0.91 # 1786 # 2277 # 1 # ID=801_3;partial=01;start_type=ATG;rbs_motif=GGAGG;rbs_spacer=5-10bp;gc_cont=0.720
contig02472_1        -            123 32688at72274         -            267   0.00057   18.3   0.0   1   1   8.1e-06   0.00068   18.1   0.0    15    59    18    62     5    96 0.86 # 2 # 370 # -1 # ID=2472_1;partial=10;start_type=TTG;rbs_motif=GGAG/GAGG;rbs_spacer=5-10bp;gc_cont=0.667
contig00568_4        -            129 32688at72274         -            267    0.0033   15.8   0.0   1   1     5e-05    0.0042   15.5   0.0    20    63    44    87    32   126 0.76 # 2373 # 2759 # 1 # ID=568_4;partial=01;start_type=ATG;rbs_motif=GGA/GAG/AGG;rbs_spacer=5-10bp;gc_cont=0.649
#
# Program:         hmmsearch
# Version:         3.1b2 (February 2015)
# Pipeline mode:   SEARCH
# Query file:      /home/johngn/Microbial-Genomics-Journey-Workshop-2023/Reads_session_3/busco_downloads/lineages/pseudomonadales_odb10/hmms/32688at72274.hmm
# Target file:     /home/johngn/Microbial-Genomics-Journey-Workshop-2023/Reads_session_3/busco_op4/prodigal_output/predicted_genes/predicted.faa
# Option settings: hmmsearch --domtblout /home/johngn/Microbial-Genomics-Journey-Workshop-2023/Reads_session_3/busco_op4/run_pseudomonadales_odb10/hmmer_output/32688at72274.out --cpu 1 /home/johngn/Microbial-Genomics-Journey-Workshop-2023/Reads_session_3/busco_downloads/lineages/pseudomonadales_odb10/hmms/32688at72274.hmm /home/johngn/Microbial-Genomics-Journey-Workshop-2023/Reads_session_3/busco_op4/prodigal_output/predicted_genes/predicted.faa 
# Current dir:     /home/johngn/Microbial-Genomics-Journey-Workshop-2023/Reads_session_3
# Date:            Wed Mar  8 17:01:23 2023
# [ok]
