#                                                                            --- full sequence --- -------------- this domain -------------   hmm coord   ali coord   env coord
# target name        accession   tlen query name           accession   qlen   E-value  score  bias   #  of  c-Evalue  i-Evalue  score  bias  from    to  from    to  from    to  acc description of target
#------------------- ---------- ----- -------------------- ---------- ----- --------- ------ ----- --- --- --------- --------- ------ ----- ----- ----- ----- ----- ----- ----- ---- ---------------------
contig00497_3        -            304 32696at72274         -            231   3.6e-90  300.4   1.1   1   1   1.8e-91   1.9e-88  294.7   1.1     1   231    13   293    13   293 0.85 # 1241 # 2152 # 1 # ID=497_3;partial=00;start_type=ATG;rbs_motif=GGxGG;rbs_spacer=5-10bp;gc_cont=0.705
contig00427_2        -            299 32696at72274         -            231   7.3e-51  171.7   1.1   1   1   3.8e-52     4e-49  166.1   1.1    37   228    69   297    18   298 0.81 # 523 # 1419 # 1 # ID=427_2;partial=00;start_type=ATG;rbs_motif=None;rbs_spacer=None;gc_cont=0.678
contig00662_1        -            370 32696at72274         -            231   4.4e-14   51.4   2.1   1   1   5.3e-16   5.6e-13   47.8   1.9    77   228   195   339   188   342 0.83 # 3 # 1112 # -1 # ID=662_1;partial=10;start_type=GTG;rbs_motif=None;rbs_spacer=None;gc_cont=0.641
contig00225_4        -            228 32696at72274         -            231   6.8e-11   41.0   0.1   1   1     2e-13   2.2e-10   39.3   0.1    90   220    86   211    73   214 0.76 # 1134 # 1817 # 1 # ID=225_4;partial=00;start_type=TTG;rbs_motif=None;rbs_spacer=None;gc_cont=0.607
contig00021_13       -            434 32696at72274         -            231   2.3e-10   39.2   3.9   1   2       1.1   1.1e+03   -2.3   0.0     4    32    17    45    14    62 0.78 # 11053 # 12354 # 1 # ID=21_13;partial=00;start_type=ATG;rbs_motif=GGA/GAG/AGG;rbs_spacer=5-10bp;gc_cont=0.555
contig00021_13       -            434 32696at72274         -            231   2.3e-10   39.2   3.9   2   2   1.2e-12   1.2e-09   36.8   2.6    44   223   110   305    56   308 0.65 # 11053 # 12354 # 1 # ID=21_13;partial=00;start_type=ATG;rbs_motif=GGA/GAG/AGG;rbs_spacer=5-10bp;gc_cont=0.555
contig00004_2        -            345 32696at72274         -            231   5.3e-05   21.7   0.1   1   1   1.1e-07   0.00011   20.6   0.1    91   219   194   328   186   331 0.70 # 913 # 1947 # 1 # ID=4_2;partial=00;start_type=ATG;rbs_motif=AGGAG;rbs_spacer=5-10bp;gc_cont=0.564
contig02096_2        -            136 32696at72274         -            231   0.00045   18.6   0.0   1   1   4.4e-07   0.00047   18.6   0.0    85   139    40    98    16   120 0.85 # 364 # 771 # 1 # ID=2096_2;partial=00;start_type=GTG;rbs_motif=None;rbs_spacer=None;gc_cont=0.598
contig01265_2        -            294 32696at72274         -            231   0.00091   17.6   0.0   1   1   2.2e-06    0.0023   16.3   0.0    91   195   194   293   158   294 0.74 # 776 # 1657 # 1 # ID=1265_2;partial=01;start_type=ATG;rbs_motif=AGGA/GGAG/GAGG;rbs_spacer=11-12bp;gc_cont=0.626
#
# Program:         hmmsearch
# Version:         3.1b2 (February 2015)
# Pipeline mode:   SEARCH
# Query file:      /home/johngn/Microbial-Genomics-Journey-Workshop-2023/Reads_session_3/busco_downloads/lineages/pseudomonadales_odb10/hmms/32696at72274.hmm
# Target file:     /home/johngn/Microbial-Genomics-Journey-Workshop-2023/Reads_session_3/busco_op4/prodigal_output/predicted_genes/predicted.faa
# Option settings: hmmsearch --domtblout /home/johngn/Microbial-Genomics-Journey-Workshop-2023/Reads_session_3/busco_op4/run_pseudomonadales_odb10/hmmer_output/32696at72274.out --cpu 1 /home/johngn/Microbial-Genomics-Journey-Workshop-2023/Reads_session_3/busco_downloads/lineages/pseudomonadales_odb10/hmms/32696at72274.hmm /home/johngn/Microbial-Genomics-Journey-Workshop-2023/Reads_session_3/busco_op4/prodigal_output/predicted_genes/predicted.faa 
# Current dir:     /home/johngn/Microbial-Genomics-Journey-Workshop-2023/Reads_session_3
# Date:            Wed Mar  8 17:01:23 2023
# [ok]
