#                                                                            --- full sequence --- -------------- this domain -------------   hmm coord   ali coord   env coord
# target name        accession   tlen query name           accession   qlen   E-value  score  bias   #  of  c-Evalue  i-Evalue  score  bias  from    to  from    to  from    to  acc description of target
#------------------- ---------- ----- -------------------- ---------- ----- --------- ------ ----- --- --- --------- --------- ------ ----- ----- ----- ----- ----- ----- ----- ---- ---------------------
contig02699_1        -            181 32857at72274         -            199   2.3e-62  208.7   0.2   1   1   2.6e-65   2.8e-62  208.5   0.2     1   130     4   150     4   171 0.93 # 1 # 543 # -1 # ID=2699_1;partial=10;start_type=ATG;rbs_motif=GGAG/GAGG;rbs_spacer=5-10bp;gc_cont=0.645
contig00167_5        -            259 32857at72274         -            199   2.6e-44  149.8   0.0   1   2   3.5e-39   3.7e-36  123.2   0.0    10   131    12   146     2   165 0.88 # 3218 # 3994 # -1 # ID=167_5;partial=00;start_type=ATG;rbs_motif=AGGAG;rbs_spacer=5-10bp;gc_cont=0.641
contig00167_5        -            259 32857at72274         -            199   2.6e-44  149.8   0.0   2   2   5.5e-09   5.8e-06   24.7   0.0   130   184   173   233   169   243 0.86 # 3218 # 3994 # -1 # ID=167_5;partial=00;start_type=ATG;rbs_motif=AGGAG;rbs_spacer=5-10bp;gc_cont=0.641
contig02457_1        -             41 32857at72274         -            199   2.1e-12   45.7   0.0   1   1   2.1e-15   2.3e-12   45.6   0.0   166   199     1    40     1    40 0.88 # 3 # 125 # 1 # ID=2457_1;partial=10;start_type=Edge;rbs_motif=None;rbs_spacer=None;gc_cont=0.675
contig00143_5        -            308 32857at72274         -            199   2.6e-08   32.3   0.0   1   1   3.6e-11   3.8e-08   31.8   0.0    25   130   135   247   112   256 0.85 # 4150 # 5073 # 1 # ID=143_5;partial=01;start_type=ATG;rbs_motif=GGA/GAG/AGG;rbs_spacer=5-10bp;gc_cont=0.710
contig00115_3        -            367 32857at72274         -            199    0.0014   16.8   0.0   1   1   2.1e-06    0.0022   16.2   0.0    24   131    45   162    24   189 0.74 # 1863 # 2963 # 1 # ID=115_3;partial=00;start_type=ATG;rbs_motif=GGAG/GAGG;rbs_spacer=5-10bp;gc_cont=0.655
contig02822_1        -            230 32857at72274         -            199     0.048   11.9   0.0   1   1   6.2e-05     0.066   11.4   0.0    26   114   122   215   119   228 0.83 # 3 # 692 # -1 # ID=2822_1;partial=11;start_type=Edge;rbs_motif=None;rbs_spacer=None;gc_cont=0.684
contig00893_2        -            408 32857at72274         -            199     0.085   11.1   0.0   1   2   0.00041      0.44    8.7   0.0    37   130   207   311   194   322 0.80 # 647 # 1870 # -1 # ID=893_2;partial=00;start_type=GTG;rbs_motif=AGGAG;rbs_spacer=5-10bp;gc_cont=0.642
contig00893_2        -            408 32857at72274         -            199     0.085   11.1   0.0   2   2      0.37   3.9e+02   -0.9   0.0   144   179   351   386   348   399 0.78 # 647 # 1870 # -1 # ID=893_2;partial=00;start_type=GTG;rbs_motif=AGGAG;rbs_spacer=5-10bp;gc_cont=0.642
contig00088_4        -            394 32857at72274         -            199      0.11   10.7   0.0   1   1   0.00015      0.16   10.2   0.0    38   113   203   280   183   297 0.69 # 2805 # 3986 # 1 # ID=88_4;partial=00;start_type=ATG;rbs_motif=AGGAG;rbs_spacer=5-10bp;gc_cont=0.672
#
# Program:         hmmsearch
# Version:         3.1b2 (February 2015)
# Pipeline mode:   SEARCH
# Query file:      /home/johngn/Microbial-Genomics-Journey-Workshop-2023/Reads_session_3/busco_downloads/lineages/pseudomonadales_odb10/hmms/32857at72274.hmm
# Target file:     /home/johngn/Microbial-Genomics-Journey-Workshop-2023/Reads_session_3/busco_op4/prodigal_output/predicted_genes/predicted.faa
# Option settings: hmmsearch --domtblout /home/johngn/Microbial-Genomics-Journey-Workshop-2023/Reads_session_3/busco_op4/run_pseudomonadales_odb10/hmmer_output/32857at72274.out --cpu 1 /home/johngn/Microbial-Genomics-Journey-Workshop-2023/Reads_session_3/busco_downloads/lineages/pseudomonadales_odb10/hmms/32857at72274.hmm /home/johngn/Microbial-Genomics-Journey-Workshop-2023/Reads_session_3/busco_op4/prodigal_output/predicted_genes/predicted.faa 
# Current dir:     /home/johngn/Microbial-Genomics-Journey-Workshop-2023/Reads_session_3
# Date:            Wed Mar  8 17:01:23 2023
# [ok]
