#                                                                            --- full sequence --- -------------- this domain -------------   hmm coord   ali coord   env coord
# target name        accession   tlen query name           accession   qlen   E-value  score  bias   #  of  c-Evalue  i-Evalue  score  bias  from    to  from    to  from    to  acc description of target
#------------------- ---------- ----- -------------------- ---------- ----- --------- ------ ----- --- --- --------- --------- ------ ----- ----- ----- ----- ----- ----- ----- ---- ---------------------
contig02216_2        -            123 32976at72274         -            200   4.1e-59  198.6   0.2   1   1   4.2e-62   4.4e-59  198.4   0.2     1   119     1   123     1   123 0.95 # 607 # 975 # 1 # ID=2216_2;partial=01;start_type=ATG;rbs_motif=None;rbs_spacer=None;gc_cont=0.702
contig01826_2        -            131 32976at72274         -            200   2.2e-25   88.4   0.3   1   1   3.2e-28   3.4e-25   87.8   0.3     3   110     5   122     3   128 0.84 # 801 # 1193 # 1 # ID=1826_2;partial=01;start_type=ATG;rbs_motif=GGA/GAG/AGG;rbs_spacer=5-10bp;gc_cont=0.649
contig01374_1        -            401 32976at72274         -            200   1.2e-23   82.8   0.0   1   1   2.5e-26   2.6e-23   81.7   0.0     1   138     1   150     1   193 0.85 # 9 # 1211 # -1 # ID=1374_1;partial=00;start_type=GTG;rbs_motif=GGAG/GAGG;rbs_spacer=5-10bp;gc_cont=0.661
contig02055_1        -             61 32976at72274         -            200   9.6e-11   40.7   0.0   1   1   9.6e-14     1e-10   40.6   0.0     4    52    11    59     8    61 0.95 # 2 # 184 # -1 # ID=2055_1;partial=10;start_type=ATG;rbs_motif=GGA/GAG/AGG;rbs_spacer=5-10bp;gc_cont=0.650
contig01102_3        -             76 32976at72274         -            200    0.0033   16.0   0.0   1   1   3.9e-06    0.0042   15.7   0.0     8    36     6    34     3    41 0.89 # 1618 # 1845 # 1 # ID=1102_3;partial=01;start_type=ATG;rbs_motif=AGGA;rbs_spacer=5-10bp;gc_cont=0.671
contig01882_1        -            125 32976at72274         -            200    0.0063   15.1   0.0   1   1   5.1e-05     0.054   12.1   0.0   149   192    37   104    20   112 0.65 # 3 # 377 # 1 # ID=1882_1;partial=10;start_type=Edge;rbs_motif=None;rbs_spacer=None;gc_cont=0.691
contig02023_1        -            258 32976at72274         -            200     0.011   14.4   0.0   1   1   1.9e-05      0.02   13.5   0.0    87   153    22    99     7   124 0.70 # 1 # 774 # 1 # ID=2023_1;partial=10;start_type=Edge;rbs_motif=None;rbs_spacer=None;gc_cont=0.667
contig00191_5        -            248 32976at72274         -            200       0.1   11.2   0.1   1   2   0.00072      0.76    8.3   0.0     8    38    30    60    25    74 0.84 # 2972 # 3715 # 1 # ID=191_5;partial=00;start_type=ATG;rbs_motif=AGGAG;rbs_spacer=5-10bp;gc_cont=0.683
contig00191_5        -            248 32976at72274         -            200       0.1   11.2   0.1   2   2      0.18   1.9e+02    0.5   0.0    74   105   143   174   137   218 0.77 # 2972 # 3715 # 1 # ID=191_5;partial=00;start_type=ATG;rbs_motif=AGGAG;rbs_spacer=5-10bp;gc_cont=0.683
#
# Program:         hmmsearch
# Version:         3.1b2 (February 2015)
# Pipeline mode:   SEARCH
# Query file:      /home/johngn/Microbial-Genomics-Journey-Workshop-2023/Reads_session_3/busco_downloads/lineages/pseudomonadales_odb10/hmms/32976at72274.hmm
# Target file:     /home/johngn/Microbial-Genomics-Journey-Workshop-2023/Reads_session_3/busco_op4/prodigal_output/predicted_genes/predicted.faa
# Option settings: hmmsearch --domtblout /home/johngn/Microbial-Genomics-Journey-Workshop-2023/Reads_session_3/busco_op4/run_pseudomonadales_odb10/hmmer_output/32976at72274.out --cpu 1 /home/johngn/Microbial-Genomics-Journey-Workshop-2023/Reads_session_3/busco_downloads/lineages/pseudomonadales_odb10/hmms/32976at72274.hmm /home/johngn/Microbial-Genomics-Journey-Workshop-2023/Reads_session_3/busco_op4/prodigal_output/predicted_genes/predicted.faa 
# Current dir:     /home/johngn/Microbial-Genomics-Journey-Workshop-2023/Reads_session_3
# Date:            Wed Mar  8 17:01:23 2023
# [ok]
