#                                                                            --- full sequence --- -------------- this domain -------------   hmm coord   ali coord   env coord
# target name        accession   tlen query name           accession   qlen   E-value  score  bias   #  of  c-Evalue  i-Evalue  score  bias  from    to  from    to  from    to  acc description of target
#------------------- ---------- ----- -------------------- ---------- ----- --------- ------ ----- --- --- --------- --------- ------ ----- ----- ----- ----- ----- ----- ----- ---- ---------------------
contig01391_3        -             95 33380at72274         -            205   6.9e-51  171.5   2.7   1   1   1.3e-53   1.1e-50  170.9   2.7     1    89     1    95     1    95 0.94 # 1260 # 1544 # 1 # ID=1391_3;partial=01;start_type=ATG;rbs_motif=GGAG/GAGG;rbs_spacer=5-10bp;gc_cont=0.646
contig02347_1        -            146 33380at72274         -            205   3.8e-40  136.5   0.3   1   1   5.5e-43   4.6e-40  136.2   0.3   108   205     1   110     1   110 0.91 # 3 # 440 # 1 # ID=2347_1;partial=10;start_type=Edge;rbs_motif=None;rbs_spacer=None;gc_cont=0.678
contig00424_4        -            240 33380at72274         -            205   1.1e-33  115.4   2.7   1   1     2e-35   1.7e-32  111.5   2.6     5   154    38   206    34   216 0.85 # 2108 # 2827 # -1 # ID=424_4;partial=00;start_type=ATG;rbs_motif=GGAG/GAGG;rbs_spacer=5-10bp;gc_cont=0.572
contig01278_3        -            139 33380at72274         -            205   2.1e-08   32.8   0.1   1   1     3e-11   2.5e-08   32.5   0.1    86   171    29   113    14   133 0.86 # 1230 # 1646 # -1 # ID=1278_3;partial=01;start_type=Edge;rbs_motif=None;rbs_spacer=None;gc_cont=0.645
contig02183_1        -            242 33380at72274         -            205   6.7e-07   27.9   0.3   1   2       0.2   1.7e+02    0.4   0.0    51    84    58    89    47    92 0.73 # 61 # 786 # -1 # ID=2183_1;partial=00;start_type=ATG;rbs_motif=GGA/GAG/AGG;rbs_spacer=5-10bp;gc_cont=0.685
contig02183_1        -            242 33380at72274         -            205   6.7e-07   27.9   0.3   2   2   1.2e-08     1e-05   24.0   0.0   115   164   127   176   117   185 0.91 # 61 # 786 # -1 # ID=2183_1;partial=00;start_type=ATG;rbs_motif=GGA/GAG/AGG;rbs_spacer=5-10bp;gc_cont=0.685
contig00529_1        -            220 33380at72274         -            205     7e-07   27.8   0.1   1   1   1.7e-09   1.4e-06   26.8   0.1   114   165   108   159    93   166 0.91 # 1 # 660 # 1 # ID=529_1;partial=10;start_type=Edge;rbs_motif=None;rbs_spacer=None;gc_cont=0.705
contig00008_14       -            219 33380at72274         -            205   4.6e-06   25.2   3.9   1   1   1.9e-08   1.6e-05   23.4   3.9    44   158   103   209    98   212 0.82 # 12911 # 13567 # -1 # ID=8_14;partial=00;start_type=ATG;rbs_motif=GGAG/GAGG;rbs_spacer=5-10bp;gc_cont=0.533
contig00411_3        -            213 33380at72274         -            205   3.7e-05   22.2   0.0   1   1   6.7e-08   5.7e-05   21.6   0.0   115   167   114   166   105   188 0.89 # 2120 # 2758 # -1 # ID=411_3;partial=00;start_type=ATG;rbs_motif=GGA/GAG/AGG;rbs_spacer=5-10bp;gc_cont=0.638
contig02273_1        -            160 33380at72274         -            205    0.0003   19.2   0.5   1   2      0.31   2.6e+02   -0.2   0.0   114   139    34    58    16    67 0.71 # 2 # 481 # 1 # ID=2273_1;partial=10;start_type=Edge;rbs_motif=None;rbs_spacer=None;gc_cont=0.662
contig02273_1        -            160 33380at72274         -            205    0.0003   19.2   0.5   2   2   1.4e-06    0.0012   17.3   0.1   108   159    93   144    69   158 0.80 # 2 # 481 # 1 # ID=2273_1;partial=10;start_type=Edge;rbs_motif=None;rbs_spacer=None;gc_cont=0.662
contig00302_3        -            354 33380at72274         -            205     0.033   12.6  17.7   1   2   0.00023      0.19   10.1  10.2    42   158   113   231    98   245 0.69 # 1204 # 2265 # 1 # ID=302_3;partial=00;start_type=ATG;rbs_motif=None;rbs_spacer=None;gc_cont=0.657
contig00302_3        -            354 33380at72274         -            205     0.033   12.6  17.7   2   2     0.004       3.4    6.0   1.0    52    99   248   292   232   304 0.77 # 1204 # 2265 # 1 # ID=302_3;partial=00;start_type=ATG;rbs_motif=None;rbs_spacer=None;gc_cont=0.657
#
# Program:         hmmsearch
# Version:         3.1b2 (February 2015)
# Pipeline mode:   SEARCH
# Query file:      /home/johngn/Microbial-Genomics-Journey-Workshop-2023/Reads_session_3/busco_downloads/lineages/pseudomonadales_odb10/hmms/33380at72274.hmm
# Target file:     /home/johngn/Microbial-Genomics-Journey-Workshop-2023/Reads_session_3/busco_op4/prodigal_output/predicted_genes/predicted.faa
# Option settings: hmmsearch --domtblout /home/johngn/Microbial-Genomics-Journey-Workshop-2023/Reads_session_3/busco_op4/run_pseudomonadales_odb10/hmmer_output/33380at72274.out --cpu 1 /home/johngn/Microbial-Genomics-Journey-Workshop-2023/Reads_session_3/busco_downloads/lineages/pseudomonadales_odb10/hmms/33380at72274.hmm /home/johngn/Microbial-Genomics-Journey-Workshop-2023/Reads_session_3/busco_op4/prodigal_output/predicted_genes/predicted.faa 
# Current dir:     /home/johngn/Microbial-Genomics-Journey-Workshop-2023/Reads_session_3
# Date:            Wed Mar  8 17:01:23 2023
# [ok]
