#                                                                            --- full sequence --- -------------- this domain -------------   hmm coord   ali coord   env coord
# target name        accession   tlen query name           accession   qlen   E-value  score  bias   #  of  c-Evalue  i-Evalue  score  bias  from    to  from    to  from    to  acc description of target
#------------------- ---------- ----- -------------------- ---------- ----- --------- ------ ----- --- --- --------- --------- ------ ----- ----- ----- ----- ----- ----- ----- ---- ---------------------
contig00084_2        -            824 3392at72274          -            637         0 1030.3   4.4   1   3  5.8e-153  8.1e-150  499.0   0.2     4   297    12   326     9   334 0.94 # 614 # 3085 # -1 # ID=84_2;partial=00;start_type=ATG;rbs_motif=None;rbs_spacer=None;gc_cont=0.642
contig00084_2        -            824 3392at72274          -            637         0 1030.3   4.4   2   3  1.2e-110  1.6e-107  359.3   0.0   288   529   339   606   330   617 0.92 # 614 # 3085 # -1 # ID=84_2;partial=00;start_type=ATG;rbs_motif=None;rbs_spacer=None;gc_cont=0.642
contig00084_2        -            824 3392at72274          -            637         0 1030.3   4.4   3   3   4.5e-54   6.3e-51  172.3   0.2   520   628   649   759   639   764 0.91 # 614 # 3085 # -1 # ID=84_2;partial=00;start_type=ATG;rbs_motif=None;rbs_spacer=None;gc_cont=0.642
contig02648_1        -            258 3392at72274          -            637   2.9e-41  140.4   0.0   1   2   2.8e-33   3.9e-30  103.6   0.0   108   286     1   199     1   201 0.81 # 3 # 776 # 1 # ID=2648_1;partial=11;start_type=Edge;rbs_motif=None;rbs_spacer=None;gc_cont=0.654
contig02648_1        -            258 3392at72274          -            637   2.9e-41  140.4   0.0   2   2   1.3e-12   1.9e-09   35.3   0.0   350   406   200   256   197   257 0.96 # 3 # 776 # 1 # ID=2648_1;partial=11;start_type=Edge;rbs_motif=None;rbs_spacer=None;gc_cont=0.654
contig00913_2        -            296 3392at72274          -            637   1.8e-06   25.5   0.0   1   1   1.6e-09   2.2e-06   25.2   0.0   467   586    89   218    70   243 0.85 # 1218 # 2105 # -1 # ID=913_2;partial=01;start_type=Edge;rbs_motif=None;rbs_spacer=None;gc_cont=0.684
contig02561_1        -            270 3392at72274          -            637     4e-06   24.3   0.0   1   1   9.6e-09   1.3e-05   22.6   0.0   378   465   180   268   129   270 0.88 # 2 # 811 # -1 # ID=2561_1;partial=11;start_type=Edge;rbs_motif=None;rbs_spacer=None;gc_cont=0.662
contig01403_2        -            437 3392at72274          -            637   9.3e-06   23.1   0.4   1   1   2.4e-08   3.3e-05   21.3   0.4   355   506   247   432   228   435 0.63 # 228 # 1538 # 1 # ID=1403_2;partial=01;start_type=ATG;rbs_motif=AGGA;rbs_spacer=5-10bp;gc_cont=0.648
contig00204_5        -            337 3392at72274          -            637    0.0033   14.7   0.0   1   1   3.2e-06    0.0045   14.3   0.0   349   421   236   318   198   325 0.76 # 3339 # 4349 # 1 # ID=204_5;partial=01;start_type=ATG;rbs_motif=None;rbs_spacer=None;gc_cont=0.657
#
# Program:         hmmsearch
# Version:         3.1b2 (February 2015)
# Pipeline mode:   SEARCH
# Query file:      /home/johngn/Microbial-Genomics-Journey-Workshop-2023/Reads_session_3/busco_downloads/lineages/pseudomonadales_odb10/hmms/3392at72274.hmm
# Target file:     /home/johngn/Microbial-Genomics-Journey-Workshop-2023/Reads_session_3/busco_op4/prodigal_output/predicted_genes/predicted.faa
# Option settings: hmmsearch --domtblout /home/johngn/Microbial-Genomics-Journey-Workshop-2023/Reads_session_3/busco_op4/run_pseudomonadales_odb10/hmmer_output/3392at72274.out --cpu 1 /home/johngn/Microbial-Genomics-Journey-Workshop-2023/Reads_session_3/busco_downloads/lineages/pseudomonadales_odb10/hmms/3392at72274.hmm /home/johngn/Microbial-Genomics-Journey-Workshop-2023/Reads_session_3/busco_op4/prodigal_output/predicted_genes/predicted.faa 
# Current dir:     /home/johngn/Microbial-Genomics-Journey-Workshop-2023/Reads_session_3
# Date:            Wed Mar  8 17:01:24 2023
# [ok]
