#                                                                            --- full sequence --- -------------- this domain -------------   hmm coord   ali coord   env coord
# target name        accession   tlen query name           accession   qlen   E-value  score  bias   #  of  c-Evalue  i-Evalue  score  bias  from    to  from    to  from    to  acc description of target
#------------------- ---------- ----- -------------------- ---------- ----- --------- ------ ----- --- --- --------- --------- ------ ----- ----- ----- ----- ----- ----- ----- ---- ---------------------
contig00443_3        -            462 3393at72274          -            698  2.1e-156  521.0  11.2   1   1  2.9e-156  1.9e-154  514.5  11.2     1   384     7   462     7   462 0.90 # 1696 # 3081 # 1 # ID=443_3;partial=01;start_type=GTG;rbs_motif=GGAG/GAGG;rbs_spacer=5-10bp;gc_cont=0.650
contig00996_1        -            482 3393at72274          -            698  2.5e-122  408.4  17.1   1   4   7.7e-32   4.9e-30  103.3   0.2   367   431     1    66     1    72 0.96 # 3 # 1448 # 1 # ID=996_1;partial=10;start_type=Edge;rbs_motif=None;rbs_spacer=None;gc_cont=0.686
contig00996_1        -            482 3393at72274          -            698  2.5e-122  408.4  17.1   2   4      0.22        14    2.6   0.0   430   459    90   119    80   130 0.86 # 3 # 1448 # 1 # ID=996_1;partial=10;start_type=Edge;rbs_motif=None;rbs_spacer=None;gc_cont=0.686
contig00996_1        -            482 3393at72274          -            698  2.5e-122  408.4  17.1   3   4    0.0047       0.3    8.1   0.2   468   498   167   204   158   210 0.89 # 3 # 1448 # 1 # ID=996_1;partial=10;start_type=Edge;rbs_motif=None;rbs_spacer=None;gc_cont=0.686
contig00996_1        -            482 3393at72274          -            698  2.5e-122  408.4  17.1   4   4   5.2e-90   3.3e-88  295.5   6.9   494   697   222   462   203   463 0.87 # 3 # 1448 # 1 # ID=996_1;partial=10;start_type=Edge;rbs_motif=None;rbs_spacer=None;gc_cont=0.686
contig00940_2        -            643 3393at72274          -            698  4.3e-118  394.3   3.2   1   2     1e-82   6.4e-81  271.5   2.0    73   430   141   492    10   506 0.86 # 132 # 2060 # 1 # ID=940_2;partial=01;start_type=ATG;rbs_motif=AGGAG;rbs_spacer=5-10bp;gc_cont=0.658
contig00940_2        -            643 3393at72274          -            698  4.3e-118  394.3   3.2   2   2   3.3e-35   2.1e-33  114.4   0.0   493   607   515   634   509   636 0.95 # 132 # 2060 # 1 # ID=940_2;partial=01;start_type=ATG;rbs_motif=AGGAG;rbs_spacer=5-10bp;gc_cont=0.658
contig00093_5        -            787 3393at72274          -            698  4.4e-117  391.0   0.6   1   2   1.3e-83   8.5e-82  274.4   0.2   168   433   262   528   239   540 0.94 # 2317 # 4677 # 1 # ID=93_5;partial=00;start_type=ATG;rbs_motif=GGA/GAG/AGG;rbs_spacer=5-10bp;gc_cont=0.671
contig00093_5        -            787 3393at72274          -            698  4.4e-117  391.0   0.6   2   2   2.9e-35   1.9e-33  114.6   0.0   479   606   647   781   617   786 0.85 # 2317 # 4677 # 1 # ID=93_5;partial=00;start_type=ATG;rbs_motif=GGA/GAG/AGG;rbs_spacer=5-10bp;gc_cont=0.671
contig00660_1        -            695 3393at72274          -            698   2.7e-89  299.1   0.1   1   2     2e-64   1.3e-62  211.0   0.0   197   431   186   427   177   435 0.91 # 2 # 2086 # 1 # ID=660_1;partial=10;start_type=Edge;rbs_motif=None;rbs_spacer=None;gc_cont=0.678
contig00660_1        -            695 3393at72274          -            698   2.7e-89  299.1   0.1   2   2   1.2e-26   7.6e-25   86.1   0.0   494   684   452   661   439   687 0.83 # 2 # 2086 # 1 # ID=660_1;partial=10;start_type=Edge;rbs_motif=None;rbs_spacer=None;gc_cont=0.678
contig00464_4        -            483 3393at72274          -            698   4.8e-73  245.5   7.1   1   3   2.9e-49   1.8e-47  160.9   2.0   253   431    22   206     4   217 0.90 # 1577 # 3025 # -1 # ID=464_4;partial=01;start_type=Edge;rbs_motif=None;rbs_spacer=None;gc_cont=0.650
contig00464_4        -            483 3393at72274          -            698   4.8e-73  245.5   7.1   2   3     5e-23   3.2e-21   74.2   0.0   493   597   228   340   215   348 0.89 # 1577 # 3025 # -1 # ID=464_4;partial=01;start_type=Edge;rbs_motif=None;rbs_spacer=None;gc_cont=0.650
contig00464_4        -            483 3393at72274          -            698   4.8e-73  245.5   7.1   3   3   0.00034     0.022   11.9   0.0   611   679   373   446   363   463 0.80 # 1577 # 3025 # -1 # ID=464_4;partial=01;start_type=Edge;rbs_motif=None;rbs_spacer=None;gc_cont=0.650
contig02474_1        -            282 3393at72274          -            698   4.4e-58  196.0   0.1   1   2   4.2e-46   2.7e-44  150.4   0.0   292   440     2   157     1   162 0.91 # 3 # 848 # -1 # ID=2474_1;partial=11;start_type=Edge;rbs_motif=None;rbs_spacer=None;gc_cont=0.700
contig02474_1        -            282 3393at72274          -            698   4.4e-58  196.0   0.1   2   2   7.3e-14   4.7e-12   43.9   0.0   495   596   168   282   165   282 0.91 # 3 # 848 # -1 # ID=2474_1;partial=11;start_type=Edge;rbs_motif=None;rbs_spacer=None;gc_cont=0.700
contig01415_1        -            355 3393at72274          -            698   5.6e-50  169.2   0.0   1   2     3e-26   1.9e-24   84.8   0.1   364   433     2    72     1   115 0.92 # 2 # 1066 # 1 # ID=1415_1;partial=10;start_type=Edge;rbs_motif=None;rbs_spacer=None;gc_cont=0.709
contig01415_1        -            355 3393at72274          -            698   5.6e-50  169.2   0.0   2   2   1.6e-25     1e-23   82.4   0.0   495   606   227   348   224   351 0.93 # 2 # 1066 # 1 # ID=1415_1;partial=10;start_type=Edge;rbs_motif=None;rbs_spacer=None;gc_cont=0.709
contig02924_1        -            217 3393at72274          -            698   3.5e-45  153.3   1.1   1   2   1.9e-40   1.2e-38  131.8   0.1   323   434    23   141     3   146 0.90 # 1 # 651 # 1 # ID=2924_1;partial=11;start_type=Edge;rbs_motif=None;rbs_spacer=None;gc_cont=0.711
contig02924_1        -            217 3393at72274          -            698   3.5e-45  153.3   1.1   2   2     7e-07   4.5e-05   20.8   0.1   494   550   156   215   149   217 0.93 # 1 # 651 # 1 # ID=2924_1;partial=11;start_type=Edge;rbs_motif=None;rbs_spacer=None;gc_cont=0.711
contig03030_1        -            202 3393at72274          -            698   6.1e-40  136.0   0.0   1   1   1.1e-41   7.2e-40  135.8   0.0   266   430     3   173     1   178 0.92 # 3 # 608 # -1 # ID=3030_1;partial=11;start_type=Edge;rbs_motif=None;rbs_spacer=None;gc_cont=0.634
contig00735_2        -            510 3393at72274          -            698   1.5e-37  128.1   0.5   1   1   3.3e-39   2.1e-37  127.6   0.5   198   310   394   506   380   509 0.96 # 860 # 2389 # 1 # ID=735_2;partial=01;start_type=ATG;rbs_motif=GGAG/GAGG;rbs_spacer=5-10bp;gc_cont=0.676
contig03208_1        -            182 3393at72274          -            698   7.6e-37  125.8   2.3   1   1   1.4e-38   9.2e-37  125.5   2.3   193   309    63   181    57   182 0.94 # 3 # 548 # -1 # ID=3208_1;partial=11;start_type=Edge;rbs_motif=None;rbs_spacer=None;gc_cont=0.641
contig00373_5        -            370 3393at72274          -            698   8.1e-37  125.7   0.0   1   2   3.8e-36   2.4e-34  117.5   0.0   212   434     2   224     1   236 0.94 # 2303 # 3412 # -1 # ID=373_5;partial=01;start_type=Edge;rbs_motif=None;rbs_spacer=None;gc_cont=0.682
contig00373_5        -            370 3393at72274          -            698   8.1e-37  125.7   0.0   2   2     0.014      0.88    6.6   0.1   494   603   246   361   227   367 0.80 # 2303 # 3412 # -1 # ID=373_5;partial=01;start_type=Edge;rbs_motif=None;rbs_spacer=None;gc_cont=0.682
contig02222_1        -            325 3393at72274          -            698   1.3e-36  125.0   0.0   1   2   4.1e-09   2.6e-07   28.2   0.1    76   170    14   113     4   116 0.86 # 2 # 976 # -1 # ID=2222_1;partial=11;start_type=Edge;rbs_motif=None;rbs_spacer=None;gc_cont=0.699
contig02222_1        -            325 3393at72274          -            698   1.3e-36  125.0   0.0   2   2   1.2e-29   7.9e-28   96.0   0.0   208   419   113   320   111   325 0.86 # 2 # 976 # -1 # ID=2222_1;partial=11;start_type=Edge;rbs_motif=None;rbs_spacer=None;gc_cont=0.699
contig00726_2        -            444 3393at72274          -            698   2.1e-35  121.0   0.0   1   1   4.4e-37   2.8e-35  120.6   0.0   209   428   207   429   193   440 0.89 # 184 # 1515 # 1 # ID=726_2;partial=00;start_type=ATG;rbs_motif=None;rbs_spacer=None;gc_cont=0.676
contig01074_1        -            489 3393at72274          -            698   1.7e-32  111.4   0.0   1   2   9.1e-34   5.8e-32  109.6   0.0   154   431   144   421   128   437 0.92 # 3 # 1469 # -1 # ID=1074_1;partial=10;start_type=ATG;rbs_motif=GGAG/GAGG;rbs_spacer=5-10bp;gc_cont=0.699
contig01074_1        -            489 3393at72274          -            698   1.7e-32  111.4   0.0   2   2         3   1.9e+02   -1.1   0.0   494   524   446   476   442   483 0.89 # 3 # 1469 # -1 # ID=1074_1;partial=10;start_type=ATG;rbs_motif=GGAG/GAGG;rbs_spacer=5-10bp;gc_cont=0.699
contig00474_2        -            541 3393at72274          -            698   1.4e-29  101.8   0.0   1   2   1.8e-29   1.2e-27   95.4   0.0   199   423   167   390   163   407 0.92 # 705 # 2327 # 1 # ID=474_2;partial=00;start_type=ATG;rbs_motif=GGAGG;rbs_spacer=5-10bp;gc_cont=0.688
contig00474_2        -            541 3393at72274          -            698   1.4e-29  101.8   0.0   2   2     0.072       4.6    4.2   0.0   495   601   421   526   405   538 0.77 # 705 # 2327 # 1 # ID=474_2;partial=00;start_type=ATG;rbs_motif=GGAGG;rbs_spacer=5-10bp;gc_cont=0.688
contig00134_5        -            478 3393at72274          -            698   4.2e-29  100.2   0.4   1   2     0.037       2.4    5.2   0.1    94   173   158   239   143   247 0.73 # 3265 # 4698 # 1 # ID=134_5;partial=00;start_type=ATG;rbs_motif=GGAG/GAGG;rbs_spacer=5-10bp;gc_cont=0.685
contig00134_5        -            478 3393at72274          -            698   4.2e-29  100.2   0.4   2   2   7.9e-29   5.1e-27   93.3   0.1   219   422   247   447   241   461 0.89 # 3265 # 4698 # 1 # ID=134_5;partial=00;start_type=ATG;rbs_motif=GGAG/GAGG;rbs_spacer=5-10bp;gc_cont=0.685
contig00284_2        -            827 3393at72274          -            698   1.3e-26   92.0   0.9   1   1   2.7e-28   1.7e-26   91.5   0.9   197   274   750   827   738   827 0.96 # 1354 # 3834 # 1 # ID=284_2;partial=01;start_type=GTG;rbs_motif=GGA/GAG/AGG;rbs_spacer=5-10bp;gc_cont=0.699
contig02241_1        -            321 3393at72274          -            698   4.8e-26   90.1   0.0   1   1   8.9e-28   5.7e-26   89.9   0.0   124   274   160   310   118   321 0.79 # 3 # 965 # -1 # ID=2241_1;partial=11;start_type=Edge;rbs_motif=None;rbs_spacer=None;gc_cont=0.683
contig00628_2        -            461 3393at72274          -            698   3.2e-24   84.1   0.0   1   2    0.0013     0.082   10.0   0.0   102   174   171   245   125   247 0.87 # 488 # 1870 # -1 # ID=628_2;partial=00;start_type=GTG;rbs_motif=GGAGG;rbs_spacer=5-10bp;gc_cont=0.705
contig00628_2        -            461 3393at72274          -            698   3.2e-24   84.1   0.0   2   2     1e-22   6.5e-21   73.1   0.0   212   419   245   447   241   454 0.89 # 488 # 1870 # -1 # ID=628_2;partial=00;start_type=GTG;rbs_motif=GGAGG;rbs_spacer=5-10bp;gc_cont=0.705
contig00107_4        -            472 3393at72274          -            698   1.8e-23   81.6   0.0   1   2       1.3        82    0.1   0.0   107   170   163   230   146   233 0.74 # 1850 # 3265 # -1 # ID=107_4;partial=00;start_type=ATG;rbs_motif=GGAG/GAGG;rbs_spacer=5-10bp;gc_cont=0.700
contig00107_4        -            472 3393at72274          -            698   1.8e-23   81.6   0.0   2   2   1.8e-24   1.1e-22   79.0   0.0   214   428   236   449   231   453 0.89 # 1850 # 3265 # -1 # ID=107_4;partial=00;start_type=ATG;rbs_motif=GGAG/GAGG;rbs_spacer=5-10bp;gc_cont=0.700
contig02572_1        -            269 3393at72274          -            698   1.9e-23   81.5   0.2   1   1   3.4e-25   2.2e-23   81.3   0.2   201   326   142   267    96   269 0.93 # 3 # 809 # -1 # ID=2572_1;partial=11;start_type=Edge;rbs_motif=None;rbs_spacer=None;gc_cont=0.672
contig02975_1        -            210 3393at72274          -            698   1.2e-22   78.8   0.0   1   1   2.2e-24   1.4e-22   78.6   0.0   207   402    13   209     4   210 0.87 # 3 # 632 # 1 # ID=2975_1;partial=11;start_type=Edge;rbs_motif=None;rbs_spacer=None;gc_cont=0.703
contig01238_1        -            442 3393at72274          -            698   3.4e-22   77.4   0.0   1   1   7.1e-24   4.5e-22   77.0   0.0   207   430   216   436   209   440 0.89 # 3 # 1328 # 1 # ID=1238_1;partial=10;start_type=Edge;rbs_motif=None;rbs_spacer=None;gc_cont=0.700
contig00274_1        -            729 3393at72274          -            698   1.1e-21   75.7   0.0   1   1   2.4e-23   1.5e-21   75.2   0.0   203   433   495   722   485   726 0.87 # 77 # 2263 # -1 # ID=274_1;partial=00;start_type=ATG;rbs_motif=GGA/GAG/AGG;rbs_spacer=5-10bp;gc_cont=0.668
contig00186_5        -            122 3393at72274          -            698   3.3e-21   74.1   0.4   1   1   5.7e-23   3.6e-21   74.0   0.4   493   602     2   116     1   120 0.92 # 4093 # 4458 # -1 # ID=186_5;partial=00;start_type=ATG;rbs_motif=None;rbs_spacer=None;gc_cont=0.615
contig01185_1        -            155 3393at72274          -            698     7e-21   73.0   0.1   1   1   1.2e-22   7.5e-21   72.9   0.1   279   428     5   152     1   154 0.92 # 1 # 465 # 1 # ID=1185_1;partial=10;start_type=Edge;rbs_motif=None;rbs_spacer=None;gc_cont=0.669
contig00961_1        -            125 3393at72274          -            698   1.5e-19   68.6   0.1   1   1   2.8e-21   1.8e-19   68.4   0.1   494   594    12   117     6   124 0.92 # 2 # 376 # -1 # ID=961_1;partial=10;start_type=ATG;rbs_motif=None;rbs_spacer=None;gc_cont=0.664
contig01991_1        -            355 3393at72274          -            698   4.8e-19   67.0   0.0   1   1     1e-20   6.4e-19   66.5   0.0   495   601    13   124     5   163 0.88 # 1 # 1065 # -1 # ID=1991_1;partial=10;start_type=ATG;rbs_motif=GGAGG;rbs_spacer=3-4bp;gc_cont=0.694
contig02595_1        -            266 3393at72274          -            698   5.3e-19   66.8   0.0   1   2      0.28        18    2.3   0.0   128   169     7    50     2    60 0.82 # 3 # 800 # -1 # ID=2595_1;partial=11;start_type=Edge;rbs_motif=None;rbs_spacer=None;gc_cont=0.660
contig02595_1        -            266 3393at72274          -            698   5.3e-19   66.8   0.0   2   2   1.4e-19   8.7e-18   62.8   0.0   217   421    60   262    53   266 0.88 # 3 # 800 # -1 # ID=2595_1;partial=11;start_type=Edge;rbs_motif=None;rbs_spacer=None;gc_cont=0.660
contig02569_1        -            269 3393at72274          -            698     9e-19   66.1   0.0   1   2     0.076       4.9    4.1   0.0   125   169     5    52     1    59 0.83 # 2 # 808 # -1 # ID=2569_1;partial=11;start_type=Edge;rbs_motif=None;rbs_spacer=None;gc_cont=0.701
contig02569_1        -            269 3393at72274          -            698     9e-19   66.1   0.0   2   2     7e-19   4.5e-17   60.4   0.0   214   412    59   255    54   264 0.90 # 2 # 808 # -1 # ID=2569_1;partial=11;start_type=Edge;rbs_motif=None;rbs_spacer=None;gc_cont=0.701
contig02763_1        -            222 3393at72274          -            698     1e-18   65.9   0.0   1   1   1.8e-20   1.1e-18   65.7   0.0   533   606     7    82     2   198 0.89 # 59 # 724 # -1 # ID=2763_1;partial=01;start_type=Edge;rbs_motif=None;rbs_spacer=None;gc_cont=0.703
contig02546_1        -            273 3393at72274          -            698   1.1e-18   65.8   2.1   1   1     2e-20   1.2e-18   65.6   2.1   169   341   102   272    90   273 0.90 # 2 # 820 # -1 # ID=2546_1;partial=11;start_type=Edge;rbs_motif=None;rbs_spacer=None;gc_cont=0.674
contig00240_1        -            177 3393at72274          -            698   4.2e-18   63.8   1.3   1   1   7.6e-20   4.8e-18   63.6   1.3   491   646     4   161     1   170 0.82 # 3 # 533 # -1 # ID=240_1;partial=10;start_type=ATG;rbs_motif=GGA/GAG/AGG;rbs_spacer=5-10bp;gc_cont=0.627
contig00187_3        -            248 3393at72274          -            698   3.6e-17   60.8   0.0   1   1   7.6e-19   4.9e-17   60.3   0.0   493   601    11   122     5   130 0.90 # 3012 # 3755 # 1 # ID=187_3;partial=00;start_type=ATG;rbs_motif=GGAG/GAGG;rbs_spacer=5-10bp;gc_cont=0.679
contig00358_4        -            125 3393at72274          -            698   1.8e-16   58.4   0.2   1   1   3.1e-18     2e-16   58.3   0.2   494   603     2   117     1   122 0.91 # 2226 # 2600 # 1 # ID=358_4;partial=00;start_type=ATG;rbs_motif=GGA/GAG/AGG;rbs_spacer=5-10bp;gc_cont=0.603
contig01011_2        -            247 3393at72274          -            698   1.3e-15   55.6   0.3   1   1   2.5e-17   1.6e-15   55.3   0.3   491   601     3   117     1   134 0.88 # 604 # 1344 # -1 # ID=1011_2;partial=00;start_type=ATG;rbs_motif=GGAG/GAGG;rbs_spacer=5-10bp;gc_cont=0.665
contig00199_2        -            434 3393at72274          -            698   1.7e-15   55.2   0.5   1   3      0.87        55    0.6   0.0   199   231   153   187   124   214 0.69 # 466 # 1767 # 1 # ID=199_2;partial=00;start_type=ATG;rbs_motif=GGAG/GAGG;rbs_spacer=5-10bp;gc_cont=0.687
contig00199_2        -            434 3393at72274          -            698   1.7e-15   55.2   0.5   2   3         1        64    0.4   0.1   214   231   170   187   145   254 0.62 # 466 # 1767 # 1 # ID=199_2;partial=00;start_type=ATG;rbs_motif=GGAG/GAGG;rbs_spacer=5-10bp;gc_cont=0.687
contig00199_2        -            434 3393at72274          -            698   1.7e-15   55.2   0.5   3   3   2.6e-16   1.6e-14   52.0   0.0   284   432   281   425   264   431 0.82 # 466 # 1767 # 1 # ID=199_2;partial=00;start_type=ATG;rbs_motif=GGAG/GAGG;rbs_spacer=5-10bp;gc_cont=0.687
contig00096_2        -            589 3393at72274          -            698   2.4e-15   54.7   0.0   1   1   5.8e-17   3.7e-15   54.1   0.0   185   429   333   578   321   586 0.84 # 593 # 2359 # -1 # ID=96_2;partial=00;start_type=ATG;rbs_motif=None;rbs_spacer=None;gc_cont=0.690
contig01211_1        -            488 3393at72274          -            698   4.8e-15   53.7   0.0   1   2     0.041       2.6    5.0   0.0   110   176   243   311   225   315 0.77 # 3 # 1466 # -1 # ID=1211_1;partial=10;start_type=ATG;rbs_motif=GGxGG;rbs_spacer=5-10bp;gc_cont=0.689
contig01211_1        -            488 3393at72274          -            698   4.8e-15   53.7   0.0   2   2   6.4e-15   4.1e-13   47.4   0.0   215   387   312   486   307   488 0.92 # 3 # 1466 # -1 # ID=1211_1;partial=10;start_type=ATG;rbs_motif=GGxGG;rbs_spacer=5-10bp;gc_cont=0.689
contig00056_7        -            459 3393at72274          -            698   8.3e-15   53.0   0.4   1   2      0.41        26    1.7   0.8   119   192   151   223   125   251 0.62 # 5703 # 7079 # -1 # ID=56_7;partial=00;start_type=ATG;rbs_motif=GGAGG;rbs_spacer=5-10bp;gc_cont=0.641
contig00056_7        -            459 3393at72274          -            698   8.3e-15   53.0   0.4   2   2   2.4e-15   1.5e-13   48.8   0.0   262   431   284   447   258   451 0.85 # 5703 # 7079 # -1 # ID=56_7;partial=00;start_type=ATG;rbs_motif=GGAGG;rbs_spacer=5-10bp;gc_cont=0.641
contig02308_2        -            222 3393at72274          -            698   9.6e-15   52.7   0.0   1   1     2e-16   1.3e-14   52.3   0.0   494   623     6   136     2   140 0.93 # 267 # 932 # 1 # ID=2308_2;partial=01;start_type=ATG;rbs_motif=AGGAG;rbs_spacer=5-10bp;gc_cont=0.671
contig01172_2        -            230 3393at72274          -            698   4.2e-14   50.6   0.0   1   1   8.8e-16   5.6e-14   50.2   0.0   494   598     4   112     3   139 0.92 # 1060 # 1749 # -1 # ID=1172_2;partial=01;start_type=Edge;rbs_motif=None;rbs_spacer=None;gc_cont=0.648
contig00628_3        -            224 3393at72274          -            698   4.5e-14   50.5   0.0   1   1   7.8e-16     5e-14   50.4   0.0   494   624     2   135     1   168 0.87 # 1863 # 2534 # -1 # ID=628_3;partial=00;start_type=ATG;rbs_motif=GGAG/GAGG;rbs_spacer=5-10bp;gc_cont=0.701
contig00349_4        -            260 3393at72274          -            698   4.8e-14   50.4   0.0   1   1   9.5e-16   6.1e-14   50.1   0.0   496   642     7   158     2   168 0.84 # 2722 # 3501 # 1 # ID=349_4;partial=01;start_type=ATG;rbs_motif=AGGAG;rbs_spacer=5-10bp;gc_cont=0.662
contig01961_2        -            202 3393at72274          -            698   6.5e-14   50.0   0.0   1   1   1.2e-15   7.7e-14   49.7   0.0   491   599     3   118     1   133 0.92 # 504 # 1109 # 1 # ID=1961_2;partial=01;start_type=ATG;rbs_motif=GGAGG;rbs_spacer=5-10bp;gc_cont=0.683
contig01879_2        -            231 3393at72274          -            698   1.4e-13   48.9   0.0   1   1   2.9e-15   1.8e-13   48.5   0.0   490   598     3   113     1   126 0.91 # 203 # 895 # 1 # ID=1879_2;partial=00;start_type=ATG;rbs_motif=None;rbs_spacer=None;gc_cont=0.687
contig01082_2        -            226 3393at72274          -            698   1.8e-13   48.6   0.0   1   2   5.2e-15   3.3e-13   47.6   0.0   494   598     2   109     1   120 0.91 # 170 # 847 # 1 # ID=1082_2;partial=00;start_type=ATG;rbs_motif=GGAGG;rbs_spacer=5-10bp;gc_cont=0.664
contig01082_2        -            226 3393at72274          -            698   1.8e-13   48.6   0.0   2   2       7.2   4.6e+02   -2.4   0.0   272   282   126   136   123   200 0.66 # 170 # 847 # 1 # ID=1082_2;partial=00;start_type=ATG;rbs_motif=GGAGG;rbs_spacer=5-10bp;gc_cont=0.664
contig02090_1        -            256 3393at72274          -            698   1.9e-13   48.4   0.1   1   1   3.6e-15   2.3e-13   48.2   0.1   494   622    28   158     4   180 0.90 # 3 # 770 # 1 # ID=2090_1;partial=10;start_type=Edge;rbs_motif=None;rbs_spacer=None;gc_cont=0.648
contig00955_2        -            243 3393at72274          -            698   3.4e-13   47.6   0.0   1   1   7.2e-15   4.6e-13   47.2   0.0   494   602     7   120     2   134 0.88 # 536 # 1264 # -1 # ID=955_2;partial=00;start_type=GTG;rbs_motif=AGGAG;rbs_spacer=5-10bp;gc_cont=0.694
contig01432_2        -            236 3393at72274          -            698   5.7e-13   46.9   0.0   1   1   1.1e-14   7.1e-13   46.6   0.0   491   598     5   114     3   125 0.90 # 774 # 1481 # 1 # ID=1432_2;partial=00;start_type=ATG;rbs_motif=None;rbs_spacer=None;gc_cont=0.636
contig00151_4        -            224 3393at72274          -            698   1.3e-12   45.7   0.0   1   1   2.4e-14   1.5e-12   45.4   0.0   495   606     3   117     1   141 0.87 # 1992 # 2663 # 1 # ID=151_4;partial=00;start_type=ATG;rbs_motif=GGAG/GAGG;rbs_spacer=5-10bp;gc_cont=0.695
contig00048_2        -            442 3393at72274          -            698   1.3e-12   45.7   0.0   1   1   3.2e-14   2.1e-12   45.0   0.0   494   630     6   147     3   166 0.89 # 1274 # 2599 # -1 # ID=48_2;partial=00;start_type=ATG;rbs_motif=GGA/GAG/AGG;rbs_spacer=5-10bp;gc_cont=0.683
contig00107_5        -            230 3393at72274          -            698   1.5e-12   45.5   0.0   1   1   2.7e-14   1.7e-12   45.3   0.0   494   607     2   117     1   148 0.88 # 3273 # 3962 # -1 # ID=107_5;partial=00;start_type=ATG;rbs_motif=AGGA/GGAG/GAGG;rbs_spacer=11-12bp;gc_cont=0.661
contig00443_2        -            240 3393at72274          -            698   1.5e-12   45.4   0.0   1   1   3.1e-14     2e-12   45.1   0.0   495   597    11   115     9   133 0.86 # 791 # 1510 # -1 # ID=443_2;partial=00;start_type=ATG;rbs_motif=None;rbs_spacer=None;gc_cont=0.662
contig00850_1        -            168 3393at72274          -            698   1.7e-12   45.3   0.0   1   1     3e-14   1.9e-12   45.1   0.0   279   433     3   161     1   165 0.85 # 1 # 504 # 1 # ID=850_1;partial=10;start_type=Edge;rbs_motif=None;rbs_spacer=None;gc_cont=0.694
contig01470_2        -            380 3393at72274          -            698     2e-12   45.1   0.0   1   1   4.4e-14   2.8e-12   44.6   0.0   494   603     5   117     2   129 0.92 # 331 # 1470 # 1 # ID=1470_2;partial=01;start_type=ATG;rbs_motif=GGA/GAG/AGG;rbs_spacer=5-10bp;gc_cont=0.674
contig00380_1        -            419 3393at72274          -            698     2e-12   45.1   0.0   1   1     5e-14   3.2e-12   44.4   0.0   215   349   259   391   235   398 0.90 # 2 # 1258 # -1 # ID=380_1;partial=10;start_type=ATG;rbs_motif=GGA/GAG/AGG;rbs_spacer=5-10bp;gc_cont=0.693
contig00380_2        -            230 3393at72274          -            698   2.2e-12   44.9   0.1   1   1   6.4e-14   4.1e-12   44.0   0.0   494   601     3   112     1   120 0.79 # 1258 # 1947 # -1 # ID=380_2;partial=00;start_type=ATG;rbs_motif=None;rbs_spacer=None;gc_cont=0.693
contig02072_2        -            156 3393at72274          -            698   2.8e-12   44.6   0.0   1   1   4.9e-14   3.1e-12   44.4   0.0   494   619     2   131     1   148 0.85 # 593 # 1060 # 1 # ID=2072_2;partial=01;start_type=ATG;rbs_motif=GGAG/GAGG;rbs_spacer=5-10bp;gc_cont=0.679
contig00388_2        -            450 3393at72274          -            698   3.3e-12   44.4   0.1   1   1   7.8e-14     5e-12   43.8   0.1   494   600    10   119     4   137 0.91 # 1277 # 2626 # -1 # ID=388_2;partial=00;start_type=ATG;rbs_motif=AGGA/GGAG/GAGG;rbs_spacer=11-12bp;gc_cont=0.668
contig00056_8        -            127 3393at72274          -            698   3.6e-12   44.2   0.0   1   1   6.3e-14     4e-12   44.1   0.0   494   598    16   124     7   127 0.89 # 7193 # 7573 # 1 # ID=56_8;partial=01;start_type=ATG;rbs_motif=GGA/GAG/AGG;rbs_spacer=5-10bp;gc_cont=0.643
contig00134_4        -            222 3393at72274          -            698   3.9e-12   44.1   0.0   1   1   8.7e-14   5.5e-12   43.6   0.0   519   603    27   114    10   124 0.87 # 2576 # 3241 # 1 # ID=134_4;partial=00;start_type=ATG;rbs_motif=GGAG/GAGG;rbs_spacer=5-10bp;gc_cont=0.701
contig00096_1        -            198 3393at72274          -            698   4.6e-12   43.9   0.1   1   1   8.1e-14   5.2e-12   43.7   0.1   493   630     3   145     1   164 0.84 # 3 # 596 # -1 # ID=96_1;partial=10;start_type=ATG;rbs_motif=GGA/GAG/AGG;rbs_spacer=5-10bp;gc_cont=0.677
contig01068_2        -            389 3393at72274          -            698   5.4e-12   43.6   0.0   1   2   0.00015    0.0095   13.1   0.0    65   169   134   245   101   250 0.71 # 721 # 1887 # 1 # ID=1068_2;partial=01;start_type=ATG;rbs_motif=GGA/GAG/AGG;rbs_spacer=5-10bp;gc_cont=0.692
contig01068_2        -            389 3393at72274          -            698   5.4e-12   43.6   0.0   2   2   3.1e-09     2e-07   28.6   0.0   211   352   249   388   245   389 0.81 # 721 # 1887 # 1 # ID=1068_2;partial=01;start_type=ATG;rbs_motif=GGA/GAG/AGG;rbs_spacer=5-10bp;gc_cont=0.692
contig02949_1        -            136 3393at72274          -            698   1.5e-11   42.2   0.0   1   1   2.6e-13   1.7e-11   42.0   0.0   494   605     2   117     1   128 0.83 # 3 # 410 # -1 # ID=2949_1;partial=10;start_type=ATG;rbs_motif=AGGA/GGAG/GAGG;rbs_spacer=11-12bp;gc_cont=0.654
contig00426_2        -            239 3393at72274          -            698   1.9e-11   41.9   0.0   1   1   3.4e-13   2.2e-11   41.7   0.0   495   598    13   118     8   174 0.85 # 1458 # 2174 # 1 # ID=426_2;partial=00;start_type=GTG;rbs_motif=GGA/GAG/AGG;rbs_spacer=11-12bp;gc_cont=0.692
contig00441_1        -            157 3393at72274          -            698     2e-11   41.8   0.0   1   1   3.3e-13   2.1e-11   41.7   0.0   323   424    43   142    31   156 0.84 # 1 # 471 # 1 # ID=441_1;partial=10;start_type=Edge;rbs_motif=None;rbs_spacer=None;gc_cont=0.711
contig00362_3        -            215 3393at72274          -            698     2e-11   41.7   0.2   1   1     4e-13   2.6e-11   41.4   0.2   494   619     3   134     1   138 0.87 # 2448 # 3092 # -1 # ID=362_3;partial=00;start_type=GTG;rbs_motif=GGAG/GAGG;rbs_spacer=5-10bp;gc_cont=0.633
contig01466_2        -            135 3393at72274          -            698   2.1e-11   41.7   0.1   1   1   3.3e-13   2.1e-11   41.7   0.1   514   598    24   109     1   129 0.80 # 1067 # 1471 # 1 # ID=1466_2;partial=01;start_type=ATG;rbs_motif=None;rbs_spacer=None;gc_cont=0.709
contig00151_5        -            446 3393at72274          -            698   2.3e-11   41.6   1.8   1   3   0.00056     0.036   11.2   1.7   108   173   164   227   125   243 0.72 # 2660 # 3997 # 1 # ID=151_5;partial=00;start_type=ATG;rbs_motif=GGxGG;rbs_spacer=5-10bp;gc_cont=0.687
contig00151_5        -            446 3393at72274          -            698   2.3e-11   41.6   1.8   2   3       1.3        81    0.1   0.0   215   254   233   275   223   282 0.71 # 2660 # 3997 # 1 # ID=151_5;partial=00;start_type=ATG;rbs_motif=GGxGG;rbs_spacer=5-10bp;gc_cont=0.687
contig00151_5        -            446 3393at72274          -            698   2.3e-11   41.6   1.8   3   3   9.5e-09   6.1e-07   27.0   0.0   329   432   338   438   327   443 0.82 # 2660 # 3997 # 1 # ID=151_5;partial=00;start_type=ATG;rbs_motif=GGxGG;rbs_spacer=5-10bp;gc_cont=0.687
contig01055_2        -            122 3393at72274          -            698   2.7e-11   41.3   0.0   1   1   4.8e-13     3e-11   41.2   0.0   494   603     4   118     1   120 0.93 # 513 # 878 # 1 # ID=1055_2;partial=00;start_type=ATG;rbs_motif=GGAG/GAGG;rbs_spacer=5-10bp;gc_cont=0.648
contig01632_2        -            226 3393at72274          -            698   3.8e-11   40.9   0.0   1   1   7.2e-13   4.6e-11   40.6   0.0   493   599     2   111     1   131 0.93 # 329 # 1006 # 1 # ID=1632_2;partial=00;start_type=ATG;rbs_motif=GGA/GAG/AGG;rbs_spacer=5-10bp;gc_cont=0.698
contig01163_2        -            206 3393at72274          -            698   4.3e-11   40.7   0.2   1   1   8.3e-13   5.3e-11   40.4   0.2   493   603     2   116     1   123 0.92 # 1145 # 1762 # 1 # ID=1163_2;partial=01;start_type=ATG;rbs_motif=GGA/GAG/AGG;rbs_spacer=11-12bp;gc_cont=0.605
contig00583_4        -             89 3393at72274          -            698   1.1e-10   39.3   0.1   1   1   1.9e-12   1.2e-10   39.2   0.1   494   567     9    87     4    89 0.91 # 2455 # 2721 # 1 # ID=583_4;partial=01;start_type=ATG;rbs_motif=GGA/GAG/AGG;rbs_spacer=5-10bp;gc_cont=0.547
contig00556_2        -            296 3393at72274          -            698   1.2e-10   39.2   0.0   1   2       1.5        94   -0.1   0.0   103   168    20    87    11    96 0.77 # 1895 # 2782 # -1 # ID=556_2;partial=01;start_type=Edge;rbs_motif=None;rbs_spacer=None;gc_cont=0.681
contig00556_2        -            296 3393at72274          -            698   1.2e-10   39.2   0.0   2   2   2.1e-10   1.3e-08   32.4   0.0   219   422   100   282    90   291 0.72 # 1895 # 2782 # -1 # ID=556_2;partial=01;start_type=Edge;rbs_motif=None;rbs_spacer=None;gc_cont=0.681
contig00644_2        -            607 3393at72274          -            698   1.5e-10   38.8   1.2   1   2   2.9e-05    0.0019   15.4   0.5   166   433   204   471   185   482 0.76 # 758 # 2578 # -1 # ID=644_2;partial=01;start_type=Edge;rbs_motif=None;rbs_spacer=None;gc_cont=0.701
contig00644_2        -            607 3393at72274          -            698   1.5e-10   38.8   1.2   2   2   3.7e-07   2.4e-05   21.7   0.0   494   602   491   599   481   605 0.86 # 758 # 2578 # -1 # ID=644_2;partial=01;start_type=Edge;rbs_motif=None;rbs_spacer=None;gc_cont=0.701
contig01068_1        -            225 3393at72274          -            698   1.8e-10   38.6   0.1   1   1   3.3e-12   2.1e-10   38.4   0.1   494   602     2   112     1   135 0.89 # 50 # 724 # 1 # ID=1068_1;partial=00;start_type=ATG;rbs_motif=GGA/GAG/AGG;rbs_spacer=5-10bp;gc_cont=0.650
contig01172_1        -            356 3393at72274          -            698   1.9e-10   38.5   0.0   1   2      0.11         7    3.6   0.0    69   168   102   206    80   213 0.68 # 3 # 1070 # -1 # ID=1172_1;partial=10;start_type=ATG;rbs_motif=GGAGG;rbs_spacer=5-10bp;gc_cont=0.667
contig01172_1        -            356 3393at72274          -            698   1.9e-10   38.5   0.0   2   2   1.1e-10   6.9e-09   33.4   0.0   213   350   213   348   205   353 0.90 # 3 # 1070 # -1 # ID=1172_1;partial=10;start_type=ATG;rbs_motif=GGAGG;rbs_spacer=5-10bp;gc_cont=0.667
contig00152_1        -            176 3393at72274          -            698   2.1e-10   38.4   0.7   1   1   5.4e-12   3.4e-10   37.7   0.5   490   556    57   127    36   144 0.88 # 3 # 530 # 1 # ID=152_1;partial=10;start_type=Edge;rbs_motif=None;rbs_spacer=None;gc_cont=0.682
contig01088_1        -            122 3393at72274          -            698   5.9e-10   36.9   0.0   1   1     1e-11   6.5e-10   36.8   0.0   322   417    12   107     3   119 0.83 # 2 # 367 # 1 # ID=1088_1;partial=10;start_type=Edge;rbs_motif=None;rbs_spacer=None;gc_cont=0.675
contig01604_2        -            436 3393at72274          -            698   7.3e-10   36.6   0.0   1   2     0.014      0.86    6.6   0.0   106   192   157   245   138   264 0.74 # 63 # 1370 # 1 # ID=1604_2;partial=01;start_type=ATG;rbs_motif=GGAG/GAGG;rbs_spacer=5-10bp;gc_cont=0.719
contig01604_2        -            436 3393at72274          -            698   7.3e-10   36.6   0.0   2   2   9.9e-10   6.3e-08   30.2   0.0   220   424   234   432   230   436 0.71 # 63 # 1370 # 1 # ID=1604_2;partial=01;start_type=ATG;rbs_motif=GGAG/GAGG;rbs_spacer=5-10bp;gc_cont=0.719
contig00048_3        -            634 3393at72274          -            698   1.2e-09   35.9   0.1   1   1   3.2e-11     2e-09   35.1   0.1   172   431   359   623   335   629 0.69 # 2596 # 4497 # -1 # ID=48_3;partial=00;start_type=ATG;rbs_motif=None;rbs_spacer=None;gc_cont=0.697
contig00175_5        -             96 3393at72274          -            698   1.3e-09   35.8   0.0   1   1   2.1e-11   1.3e-09   35.7   0.0   523   591     5    75     1    92 0.87 # 4444 # 4731 # -1 # ID=175_5;partial=01;start_type=Edge;rbs_motif=None;rbs_spacer=None;gc_cont=0.625
contig01372_1        -            403 3393at72274          -            698   1.4e-09   35.7   0.0   1   1   1.2e-10   7.6e-09   33.2   0.0   214   430   184   391   165   400 0.78 # 164 # 1372 # 1 # ID=1372_1;partial=00;start_type=ATG;rbs_motif=GGA/GAG/AGG;rbs_spacer=5-10bp;gc_cont=0.693
contig00540_1        -            109 3393at72274          -            698   4.9e-09   33.9   0.0   1   1   8.6e-11   5.5e-09   33.7   0.0   328   414     5    90     3   106 0.88 # 1 # 327 # 1 # ID=540_1;partial=10;start_type=Edge;rbs_motif=None;rbs_spacer=None;gc_cont=0.706
contig02528_2        -             99 3393at72274          -            698   1.3e-08   32.5   0.1   1   1   2.1e-10   1.4e-08   32.4   0.1   493   570     2    83     1    97 0.87 # 530 # 826 # 1 # ID=2528_2;partial=01;start_type=ATG;rbs_motif=GGA/GAG/AGG;rbs_spacer=5-10bp;gc_cont=0.646
contig00361_3        -            226 3393at72274          -            698   1.8e-08   32.0   0.0   1   1   3.6e-10   2.3e-08   31.7   0.0   494   618     2   132     1   138 0.83 # 2711 # 3388 # -1 # ID=361_3;partial=00;start_type=ATG;rbs_motif=AGGAG;rbs_spacer=5-10bp;gc_cont=0.693
contig02825_1        -            230 3393at72274          -            698   1.8e-08   32.0   5.5   1   1   3.5e-10   2.2e-08   31.7   5.5   169   340    58   229    23   230 0.84 # 1 # 690 # 1 # ID=2825_1;partial=11;start_type=Edge;rbs_motif=None;rbs_spacer=None;gc_cont=0.696
contig02206_2        -            263 3393at72274          -            698     3e-08   31.3   0.0   1   1   7.7e-10   4.9e-08   30.6   0.0   494   598    52   164    48   173 0.87 # 191 # 979 # 1 # ID=2206_2;partial=01;start_type=ATG;rbs_motif=None;rbs_spacer=None;gc_cont=0.677
contig01721_1        -            345 3393at72274          -            698   7.1e-08   30.0   0.0   1   2         5   3.2e+02   -1.9   0.0   159   160   148   149    54   207 0.60 # 2 # 1036 # 1 # ID=1721_1;partial=10;start_type=Edge;rbs_motif=None;rbs_spacer=None;gc_cont=0.426
contig01721_1        -            345 3393at72274          -            698   7.1e-08   30.0   0.0   2   2   2.3e-09   1.4e-07   29.0   0.0   331   434   220   335   175   344 0.80 # 2 # 1036 # 1 # ID=1721_1;partial=10;start_type=Edge;rbs_motif=None;rbs_spacer=None;gc_cont=0.426
contig01956_2        -            112 3393at72274          -            698   8.2e-08   29.8   1.1   1   1   1.5e-09   9.4e-08   29.6   1.1   495   588    14   112     9   112 0.83 # 779 # 1114 # 1 # ID=1956_2;partial=01;start_type=ATG;rbs_motif=AGGAG;rbs_spacer=5-10bp;gc_cont=0.685
contig00997_1        -            479 3393at72274          -            698   2.5e-07   28.2   0.0   1   1   5.3e-09   3.4e-07   27.8   0.0   493   607     2   115     1   131 0.88 # 305 # 1741 # -1 # ID=997_1;partial=00;start_type=ATG;rbs_motif=GGA/GAG/AGG;rbs_spacer=5-10bp;gc_cont=0.665
contig00080_1        -            208 3393at72274          -            698   2.5e-07   28.2   0.7   1   1   4.8e-09   3.1e-07   27.9   0.7   493   588     2   101     1   118 0.83 # 128 # 751 # -1 # ID=80_1;partial=00;start_type=ATG;rbs_motif=AGGA;rbs_spacer=5-10bp;gc_cont=0.588
contig02979_1        -            210 3393at72274          -            698   3.1e-07   27.9   0.1   1   1   6.1e-09   3.9e-07   27.6   0.1   493   597     5   114     1   134 0.79 # 3 # 632 # 1 # ID=2979_1;partial=11;start_type=Edge;rbs_motif=None;rbs_spacer=None;gc_cont=0.640
contig00373_3        -            222 3393at72274          -            698   3.4e-07   27.8   0.1   1   1   5.4e-09   3.5e-07   27.8   0.1   495   609     4   124     1   179 0.75 # 763 # 1428 # 1 # ID=373_3;partial=00;start_type=ATG;rbs_motif=GGAG/GAGG;rbs_spacer=5-10bp;gc_cont=0.641
contig00175_4        -            336 3393at72274          -            698   3.4e-07   27.8   0.3   1   1   7.2e-09   4.6e-07   27.4   0.3   519   569    29    81     7   102 0.85 # 3440 # 4447 # -1 # ID=175_4;partial=00;start_type=TTG;rbs_motif=GGAG/GAGG;rbs_spacer=5-10bp;gc_cont=0.664
contig03090_1        -             98 3393at72274          -            698   5.2e-07   27.2   0.4   1   1   9.8e-09   6.2e-07   26.9   0.4   493   571    11    92     7    94 0.78 # 3 # 296 # -1 # ID=3090_1;partial=10;start_type=ATG;rbs_motif=AGGAGG;rbs_spacer=5-10bp;gc_cont=0.684
contig01750_2        -            371 3393at72274          -            698     9e-07   26.4   0.0   1   1   1.6e-08     1e-06   26.2   0.0   185   352   209   368   120   371 0.74 # 147 # 1259 # 1 # ID=1750_2;partial=01;start_type=ATG;rbs_motif=GGAG/GAGG;rbs_spacer=5-10bp;gc_cont=0.674
contig00057_4        -            214 3393at72274          -            698   1.7e-06   25.5   0.1   1   1     3e-08   1.9e-06   25.3   0.1   494   591     4   109     1   147 0.81 # 4155 # 4796 # 1 # ID=57_4;partial=00;start_type=ATG;rbs_motif=None;rbs_spacer=None;gc_cont=0.650
contig01781_1        -            244 3393at72274          -            698   2.1e-06   25.2   0.1   1   1   3.8e-08   2.4e-06   25.0   0.1   494   591     4   107     1   136 0.71 # 1 # 732 # -1 # ID=1781_1;partial=10;start_type=ATG;rbs_motif=AGGAG;rbs_spacer=5-10bp;gc_cont=0.669
contig00191_1        -            168 3393at72274          -            698   3.1e-06   24.6   0.0   1   1   6.5e-08   4.2e-06   24.2   0.0   536   605     6    75     3    91 0.93 # 2 # 505 # 1 # ID=191_1;partial=10;start_type=Edge;rbs_motif=None;rbs_spacer=None;gc_cont=0.696
contig00388_1        -            426 3393at72274          -            698   5.1e-06   23.9   0.0   1   2    0.0045      0.29    8.2   0.0    95   172   169   247   149   301 0.72 # 3 # 1280 # -1 # ID=388_1;partial=10;start_type=ATG;rbs_motif=AGxAG;rbs_spacer=5-10bp;gc_cont=0.672
contig00388_1        -            426 3393at72274          -            698   5.1e-06   23.9   0.0   2   2   0.00014    0.0091   13.2   0.0   209   253   373   420   362   425 0.74 # 3 # 1280 # -1 # ID=388_1;partial=10;start_type=ATG;rbs_motif=AGxAG;rbs_spacer=5-10bp;gc_cont=0.672
contig01470_1        -            105 3393at72274          -            698   8.2e-06   23.2   0.0   1   1   1.3e-07   8.6e-06   23.2   0.0   334   427     1    96     1   102 0.72 # 2 # 316 # 1 # ID=1470_1;partial=10;start_type=Edge;rbs_motif=None;rbs_spacer=None;gc_cont=0.648
contig00450_1        -            411 3393at72274          -            698   1.3e-05   22.6   1.5   1   2      0.53        34    1.4   0.1   433   515   145   229   101   241 0.58 # 3 # 1235 # -1 # ID=450_1;partial=10;start_type=GTG;rbs_motif=GGA/GAG/AGG;rbs_spacer=5-10bp;gc_cont=0.656
contig00450_1        -            411 3393at72274          -            698   1.3e-05   22.6   1.5   2   2   9.7e-07   6.2e-05   20.3   0.2   203   272   297   371   287   391 0.82 # 3 # 1235 # -1 # ID=450_1;partial=10;start_type=GTG;rbs_motif=GGA/GAG/AGG;rbs_spacer=5-10bp;gc_cont=0.656
contig02308_1        -             88 3393at72274          -            698   2.2e-05   21.8   0.0   1   1   3.7e-07   2.3e-05   21.7   0.0   360   430    18    82     9    86 0.85 # 1 # 264 # 1 # ID=2308_1;partial=10;start_type=Edge;rbs_motif=None;rbs_spacer=None;gc_cont=0.625
contig02154_1        -            335 3393at72274          -            698   3.8e-05   21.0   0.0   1   2       1.8   1.1e+02   -0.4   0.0   119   175    93   149    88   157 0.81 # 3 # 1007 # -1 # ID=2154_1;partial=11;start_type=Edge;rbs_motif=None;rbs_spacer=None;gc_cont=0.697
contig02154_1        -            335 3393at72274          -            698   3.8e-05   21.0   0.0   2   2   1.8e-06   0.00012   19.4   0.0   104   193   158   250   133   258 0.81 # 3 # 1007 # -1 # ID=2154_1;partial=11;start_type=Edge;rbs_motif=None;rbs_spacer=None;gc_cont=0.697
contig01372_2        -             61 3393at72274          -            698     4e-05   20.9   0.2   1   1   6.5e-07   4.2e-05   20.9   0.2   494   548     4    61     1    61 0.79 # 1377 # 1559 # 1 # ID=1372_2;partial=01;start_type=ATG;rbs_motif=AGGAG;rbs_spacer=5-10bp;gc_cont=0.683
contig00199_3        -            304 3393at72274          -            698   5.3e-05   20.5   0.0   1   2     2e-06   0.00013   19.3   0.0   495   603     8   119     6   148 0.82 # 1769 # 2680 # 1 # ID=199_3;partial=00;start_type=ATG;rbs_motif=GGAG/GAGG;rbs_spacer=5-10bp;gc_cont=0.696
contig00199_3        -            304 3393at72274          -            698   5.3e-05   20.5   0.0   2   2       4.4   2.8e+02   -1.7   0.0   494   563   142   211   124   250 0.69 # 1769 # 2680 # 1 # ID=199_3;partial=00;start_type=ATG;rbs_motif=GGAG/GAGG;rbs_spacer=5-10bp;gc_cont=0.696
contig00875_1        -            164 3393at72274          -            698   6.5e-05   20.2   0.0   1   1   1.2e-06   7.3e-05   20.1   0.0   493   605    43   160    27   163 0.88 # 1 # 492 # 1 # ID=875_1;partial=10;start_type=Edge;rbs_motif=None;rbs_spacer=None;gc_cont=0.713
contig00443_1        -            264 3393at72274          -            698   9.7e-05   19.7   0.1   1   1   2.8e-05    0.0018   15.5   0.1   102   188   157   250   140   255 0.78 # 3 # 794 # -1 # ID=443_1;partial=10;start_type=ATG;rbs_motif=None;rbs_spacer=None;gc_cont=0.693
contig01465_3        -            103 3393at72274          -            698   0.00011   19.4   0.0   1   1   1.8e-06   0.00012   19.4   0.0   495   583     3   101     1   103 0.78 # 1163 # 1471 # 1 # ID=1465_3;partial=01;start_type=ATG;rbs_motif=AGGA;rbs_spacer=5-10bp;gc_cont=0.660
contig00175_3        -            348 3393at72274          -            698   0.00014   19.2   0.1   1   1   2.9e-06   0.00018   18.8   0.1   495   592    21   124    11   173 0.82 # 2289 # 3332 # -1 # ID=175_3;partial=00;start_type=ATG;rbs_motif=GGAG/GAGG;rbs_spacer=5-10bp;gc_cont=0.674
contig03180_1        -            186 3393at72274          -            698   0.00015   19.0   0.1   1   1   2.5e-06   0.00016   19.0   0.1    81   171    58   154    12   173 0.82 # 3 # 560 # -1 # ID=3180_1;partial=11;start_type=Edge;rbs_motif=None;rbs_spacer=None;gc_cont=0.638
contig00086_4        -            187 3393at72274          -            698   0.00019   18.7   0.1   1   1   3.7e-06   0.00024   18.4   0.1   494   601    14   124    10   146 0.87 # 2921 # 3481 # 1 # ID=86_4;partial=00;start_type=ATG;rbs_motif=GGAG/GAGG;rbs_spacer=5-10bp;gc_cont=0.674
contig00503_3        -            172 3393at72274          -            698    0.0002   18.7   0.1   1   1   3.6e-06   0.00023   18.4   0.1   564   671     1   120     1   129 0.71 # 2416 # 2931 # -1 # ID=503_3;partial=01;start_type=Edge;rbs_motif=None;rbs_spacer=None;gc_cont=0.740
contig03191_1        -            185 3393at72274          -            698    0.0002   18.6   0.2   1   2   0.00012    0.0074   13.5   0.0   108   169    69   135    51   143 0.76 # 2 # 556 # -1 # ID=3191_1;partial=11;start_type=Edge;rbs_motif=None;rbs_spacer=None;gc_cont=0.697
contig03191_1        -            185 3393at72274          -            698    0.0002   18.6   0.2   2   2      0.12       7.6    3.5   0.0   214   236   142   164   138   177 0.75 # 2 # 556 # -1 # ID=3191_1;partial=11;start_type=Edge;rbs_motif=None;rbs_spacer=None;gc_cont=0.697
contig02047_2        -            219 3393at72274          -            698   0.00027   18.2   0.0   1   1   5.3e-06   0.00034   17.9   0.0   494   608    10   131     5   178 0.78 # 409 # 1065 # 1 # ID=2047_2;partial=01;start_type=ATG;rbs_motif=GGAG/GAGG;rbs_spacer=5-10bp;gc_cont=0.639
contig02760_2        -            122 3393at72274          -            698   0.00031   18.0   1.7   1   1   6.1e-06   0.00039   17.7   1.7   610   696     4    95     1    98 0.86 # 286 # 651 # 1 # ID=2760_2;partial=00;start_type=ATG;rbs_motif=GGAG/GAGG;rbs_spacer=5-10bp;gc_cont=0.675
contig00342_3        -            218 3393at72274          -            698   0.00066   16.9   0.0   1   1   1.3e-05    0.0008   16.6   0.0   494   590     5   108     2   145 0.79 # 1698 # 2351 # -1 # ID=342_3;partial=00;start_type=ATG;rbs_motif=AGGA;rbs_spacer=5-10bp;gc_cont=0.667
contig00931_3        -             76 3393at72274          -            698   0.00071   16.8   0.0   1   1   1.2e-05   0.00073   16.8   0.0   362   420     2    60     1    69 0.89 # 1848 # 2075 # -1 # ID=931_3;partial=01;start_type=Edge;rbs_motif=None;rbs_spacer=None;gc_cont=0.693
contig01135_1        -             92 3393at72274          -            698   0.00097   16.4   0.0   1   1   1.8e-05    0.0011   16.1   0.0   359   428    22    88     7    90 0.85 # 1 # 276 # 1 # ID=1135_1;partial=10;start_type=Edge;rbs_motif=None;rbs_spacer=None;gc_cont=0.696
contig00997_2        -             69 3393at72274          -            698   0.00099   16.3   0.0   1   1   1.6e-05   0.00099   16.3   0.0   393   432    17    62     4    68 0.83 # 1768 # 1974 # -1 # ID=997_2;partial=01;start_type=Edge;rbs_motif=None;rbs_spacer=None;gc_cont=0.638
contig00426_3        -            330 3393at72274          -            698    0.0027   14.9   1.4   1   2    0.0015     0.098    9.7   0.1   112   170   167   231   151   237 0.75 # 2174 # 3163 # 1 # ID=426_3;partial=01;start_type=ATG;rbs_motif=GGA/GAG/AGG;rbs_spacer=5-10bp;gc_cont=0.699
contig00426_3        -            330 3393at72274          -            698    0.0027   14.9   1.4   2   2     0.067       4.3    4.3   0.1   216   230   239   253   233   302 0.75 # 2174 # 3163 # 1 # ID=426_3;partial=01;start_type=ATG;rbs_motif=GGA/GAG/AGG;rbs_spacer=5-10bp;gc_cont=0.699
contig01163_1        -            287 3393at72274          -            698    0.0027   14.9   0.1   1   1   6.3e-05     0.004   14.3   0.1   494   550     5    66     3    74 0.85 # 3 # 863 # -1 # ID=1163_1;partial=10;start_type=ATG;rbs_motif=GGA/GAG/AGG;rbs_spacer=5-10bp;gc_cont=0.628
contig00086_3        -            423 3393at72274          -            698    0.0034   14.6   0.1   1   2      0.88        56    0.6   0.4   115   169   210   263   156   288 0.66 # 1627 # 2895 # 1 # ID=86_3;partial=00;start_type=ATG;rbs_motif=GGA/GAG/AGG;rbs_spacer=5-10bp;gc_cont=0.661
contig00086_3        -            423 3393at72274          -            698    0.0034   14.6   0.1   2   2   0.00047      0.03   11.4   0.0   327   423   319   409   314   415 0.88 # 1627 # 2895 # 1 # ID=86_3;partial=00;start_type=ATG;rbs_motif=GGA/GAG/AGG;rbs_spacer=5-10bp;gc_cont=0.661
contig02477_1        -            282 3393at72274          -            698    0.0054   13.9   0.0   1   1   0.00011    0.0068   13.6   0.0   381   439    80   137    62   173 0.82 # 1 # 846 # 1 # ID=2477_1;partial=11;start_type=Edge;rbs_motif=None;rbs_spacer=None;gc_cont=0.689
contig03209_2        -             58 3393at72274          -            698    0.0065   13.6   0.0   1   1   0.00012    0.0074   13.4   0.0   564   601     6    43     2    47 0.93 # 377 # 550 # -1 # ID=3209_2;partial=01;start_type=Edge;rbs_motif=None;rbs_spacer=None;gc_cont=0.655
contig03090_2        -             99 3393at72274          -            698    0.0073   13.5   0.0   1   1   0.00013    0.0084   13.3   0.0   355   422    11    74     4    82 0.84 # 293 # 589 # -1 # ID=3090_2;partial=01;start_type=Edge;rbs_motif=None;rbs_spacer=None;gc_cont=0.684
contig00224_2        -            350 3393at72274          -            698     0.018   12.2   0.1   1   1   0.00039     0.025   11.7   0.1   526   591    41   107     3   114 0.57 # 1516 # 2565 # -1 # ID=224_2;partial=00;start_type=ATG;rbs_motif=GGAG/GAGG;rbs_spacer=5-10bp;gc_cont=0.717
contig00224_1        -            417 3393at72274          -            698     0.032   11.4   0.0   1   1   0.00075     0.048   10.8   0.0   106   187   321   405   292   415 0.75 # 3 # 1253 # -1 # ID=224_1;partial=10;start_type=ATG;rbs_motif=GGA/GAG/AGG;rbs_spacer=5-10bp;gc_cont=0.695
#
# Program:         hmmsearch
# Version:         3.1b2 (February 2015)
# Pipeline mode:   SEARCH
# Query file:      /home/johngn/Microbial-Genomics-Journey-Workshop-2023/Reads_session_3/busco_downloads/lineages/pseudomonadales_odb10/hmms/3393at72274.hmm
# Target file:     /home/johngn/Microbial-Genomics-Journey-Workshop-2023/Reads_session_3/busco_op4/prodigal_output/predicted_genes/predicted.faa
# Option settings: hmmsearch --domtblout /home/johngn/Microbial-Genomics-Journey-Workshop-2023/Reads_session_3/busco_op4/run_pseudomonadales_odb10/hmmer_output/3393at72274.out --cpu 1 /home/johngn/Microbial-Genomics-Journey-Workshop-2023/Reads_session_3/busco_downloads/lineages/pseudomonadales_odb10/hmms/3393at72274.hmm /home/johngn/Microbial-Genomics-Journey-Workshop-2023/Reads_session_3/busco_op4/prodigal_output/predicted_genes/predicted.faa 
# Current dir:     /home/johngn/Microbial-Genomics-Journey-Workshop-2023/Reads_session_3
# Date:            Wed Mar  8 17:01:24 2023
# [ok]
