#                                                                            --- full sequence --- -------------- this domain -------------   hmm coord   ali coord   env coord
# target name        accession   tlen query name           accession   qlen   E-value  score  bias   #  of  c-Evalue  i-Evalue  score  bias  from    to  from    to  from    to  acc description of target
#------------------- ---------- ----- -------------------- ---------- ----- --------- ------ ----- --- --- --------- --------- ------ ----- ----- ----- ----- ----- ----- ----- ---- ---------------------
contig02651_2        -            107 34578at72274         -            224   2.7e-58  196.3   1.1   1   1   3.2e-61     3e-58  196.1   1.1     1   103     1   107     1   107 0.97 # 455 # 775 # 1 # ID=2651_2;partial=01;start_type=ATG;rbs_motif=GGAG/GAGG;rbs_spacer=5-10bp;gc_cont=0.651
contig00008_4        -            261 34578at72274         -            224   6.1e-41  139.5   3.2   1   1   5.4e-43   5.1e-40  136.5   3.2     3   206     2   232     1   240 0.85 # 2907 # 3689 # -1 # ID=8_4;partial=00;start_type=ATG;rbs_motif=GGA/GAG/AGG;rbs_spacer=5-10bp;gc_cont=0.462
contig03007_2        -             35 34578at72274         -            224   3.9e-12   45.3   0.1   1   1   4.3e-15     4e-12   45.3   0.1   195   224     3    32     1    32 0.96 # 511 # 615 # -1 # ID=3007_2;partial=01;start_type=Edge;rbs_motif=None;rbs_spacer=None;gc_cont=0.667
contig02651_1        -            148 34578at72274         -            224   1.7e-11   43.2   0.9   1   1   1.3e-11   1.2e-08   33.9   0.9    97   208     3   132     1   138 0.68 # 1 # 444 # 1 # ID=2651_1;partial=10;start_type=Edge;rbs_motif=None;rbs_spacer=None;gc_cont=0.658
contig01966_1        -            329 34578at72274         -            224    0.0038   15.9   0.1   1   1   7.4e-06     0.007   15.0   0.1    59   116   198   255   162   260 0.91 # 119 # 1105 # 1 # ID=1966_1;partial=01;start_type=ATG;rbs_motif=GGAG/GAGG;rbs_spacer=5-10bp;gc_cont=0.729
contig00043_3        -            370 34578at72274         -            224     0.016   13.9   0.0   1   2     0.017        16    4.1   0.0   139   210    34   108    20   114 0.68 # 1866 # 2975 # -1 # ID=43_3;partial=00;start_type=ATG;rbs_motif=AGGA;rbs_spacer=5-10bp;gc_cont=0.711
contig00043_3        -            370 34578at72274         -            224     0.016   13.9   0.0   2   2    0.0022       2.1    6.9   0.0    64   112   286   334   278   340 0.86 # 1866 # 2975 # -1 # ID=43_3;partial=00;start_type=ATG;rbs_motif=AGGA;rbs_spacer=5-10bp;gc_cont=0.711
contig02310_3        -             83 34578at72274         -            224     0.017   13.8   0.0   1   1     2e-05     0.018   13.7   0.0     7    79     3    83     1    83 0.82 # 682 # 930 # 1 # ID=2310_3;partial=01;start_type=ATG;rbs_motif=GGA/GAG/AGG;rbs_spacer=5-10bp;gc_cont=0.671
contig01186_1        -            412 34578at72274         -            224     0.017   13.8   0.0   1   1   3.2e-05      0.03   13.0   0.0    64   109   286   331   273   340 0.85 # 68 # 1303 # 1 # ID=1186_1;partial=00;start_type=ATG;rbs_motif=GGAG/GAGG;rbs_spacer=5-10bp;gc_cont=0.708
contig01368_2        -            390 34578at72274         -            224     0.026   13.2   0.0   1   1   4.9e-05     0.046   12.4   0.0    57   117   271   332   259   359 0.81 # 397 # 1566 # 1 # ID=1368_2;partial=01;start_type=ATG;rbs_motif=GGAG/GAGG;rbs_spacer=5-10bp;gc_cont=0.674
#
# Program:         hmmsearch
# Version:         3.1b2 (February 2015)
# Pipeline mode:   SEARCH
# Query file:      /home/johngn/Microbial-Genomics-Journey-Workshop-2023/Reads_session_3/busco_downloads/lineages/pseudomonadales_odb10/hmms/34578at72274.hmm
# Target file:     /home/johngn/Microbial-Genomics-Journey-Workshop-2023/Reads_session_3/busco_op4/prodigal_output/predicted_genes/predicted.faa
# Option settings: hmmsearch --domtblout /home/johngn/Microbial-Genomics-Journey-Workshop-2023/Reads_session_3/busco_op4/run_pseudomonadales_odb10/hmmer_output/34578at72274.out --cpu 1 /home/johngn/Microbial-Genomics-Journey-Workshop-2023/Reads_session_3/busco_downloads/lineages/pseudomonadales_odb10/hmms/34578at72274.hmm /home/johngn/Microbial-Genomics-Journey-Workshop-2023/Reads_session_3/busco_op4/prodigal_output/predicted_genes/predicted.faa 
# Current dir:     /home/johngn/Microbial-Genomics-Journey-Workshop-2023/Reads_session_3
# Date:            Wed Mar  8 17:01:25 2023
# [ok]
