#                                                                            --- full sequence --- -------------- this domain -------------   hmm coord   ali coord   env coord
# target name        accession   tlen query name           accession   qlen   E-value  score  bias   #  of  c-Evalue  i-Evalue  score  bias  from    to  from    to  from    to  acc description of target
#------------------- ---------- ----- -------------------- ---------- ----- --------- ------ ----- --- --- --------- --------- ------ ----- ----- ----- ----- ----- ----- ----- ---- ---------------------
contig00034_1        -            659 3460at72274          -            612  2.6e-280  930.1  16.0   1   1  2.6e-280  8.8e-278  921.7  16.0     1   564     1   659     1   659 0.90 # 3 # 1979 # -1 # ID=34_1;partial=10;start_type=ATG;rbs_motif=GGAG/GAGG;rbs_spacer=5-10bp;gc_cont=0.630
contig01300_2        -            430 3460at72274          -            612     1e-43  148.6   0.4   1   1     5e-46   1.7e-43  147.9   0.4    36   359    49   430    15   430 0.75 # 331 # 1620 # 1 # ID=1300_2;partial=01;start_type=ATG;rbs_motif=GGAG/GAGG;rbs_spacer=5-10bp;gc_cont=0.667
contig00387_4        -            266 3460at72274          -            612   3.5e-39  133.7   0.0   1   1   1.3e-41   4.5e-39  133.3   0.0   261   482     6   249     3   259 0.84 # 2548 # 3345 # 1 # ID=387_4;partial=01;start_type=ATG;rbs_motif=GGA/GAG/AGG;rbs_spacer=5-10bp;gc_cont=0.689
contig02531_1        -            232 3460at72274          -            612   3.6e-39  133.6   0.0   1   1   1.3e-41   4.4e-39  133.3   0.0   260   462     8   230     3   232 0.86 # 130 # 825 # 1 # ID=2531_1;partial=01;start_type=ATG;rbs_motif=GGAG/GAGG;rbs_spacer=5-10bp;gc_cont=0.698
contig01653_1        -            420 3460at72274          -            612   1.5e-32  111.8   0.0   1   2   9.1e-34   3.1e-31  107.4   0.0   333   517     1   196     1   201 0.85 # 3 # 1262 # 1 # ID=1653_1;partial=10;start_type=Edge;rbs_motif=None;rbs_spacer=None;gc_cont=0.707
contig01653_1        -            420 3460at72274          -            612   1.5e-32  111.8   0.0   2   2     0.065        22    2.2   0.0   420   470   316   374   289   386 0.65 # 3 # 1262 # 1 # ID=1653_1;partial=10;start_type=Edge;rbs_motif=None;rbs_spacer=None;gc_cont=0.707
contig02468_1        -            224 3460at72274          -            612     4e-25   87.2   0.0   1   1   1.5e-27   5.1e-25   86.9   0.0   421   594     1   198     1   208 0.80 # 1 # 672 # 1 # ID=2468_1;partial=10;start_type=Edge;rbs_motif=None;rbs_spacer=None;gc_cont=0.652
contig00387_3        -            262 3460at72274          -            612   1.5e-16   58.9   0.1   1   1   6.8e-19   2.3e-16   58.3   0.1    37   157    52   189    31   203 0.77 # 1759 # 2544 # 1 # ID=387_3;partial=00;start_type=ATG;rbs_motif=GGAG/GAGG;rbs_spacer=5-10bp;gc_cont=0.686
contig00089_2        -            273 3460at72274          -            612   7.5e-16   56.6   0.1   1   1   2.9e-18   9.9e-16   56.2   0.1    55   157    90   200    54   215 0.79 # 1002 # 1820 # 1 # ID=89_2;partial=00;start_type=ATG;rbs_motif=GGAG/GAGG;rbs_spacer=5-10bp;gc_cont=0.696
contig00337_3        -            266 3460at72274          -            612   1.3e-15   55.8   0.4   1   1   6.5e-18   2.2e-15   55.1   0.2    38   161    57   200    44   207 0.75 # 2576 # 3373 # 1 # ID=337_3;partial=00;start_type=ATG;rbs_motif=GGAG/GAGG;rbs_spacer=5-10bp;gc_cont=0.702
contig02214_2        -            228 3460at72274          -            612   1.6e-15   55.5   0.2   1   1   8.6e-18   2.9e-15   54.7   0.2    60   143    24   112    19   184 0.83 # 293 # 976 # -1 # ID=2214_2;partial=01;start_type=Edge;rbs_motif=None;rbs_spacer=None;gc_cont=0.686
contig00503_1        -            187 3460at72274          -            612     1e-13   49.6   0.0   1   1   4.2e-16   1.4e-13   49.1   0.0    59   152    85   186    39   187 0.78 # 1 # 561 # -1 # ID=503_1;partial=10;start_type=ATG;rbs_motif=GGAG/GAGG;rbs_spacer=5-10bp;gc_cont=0.715
contig02084_2        -            218 3460at72274          -            612   2.6e-13   48.2   0.0   1   1   7.7e-16   2.6e-13   48.2   0.0    36   143     6   122     2   204 0.83 # 399 # 1052 # -1 # ID=2084_2;partial=01;start_type=Edge;rbs_motif=None;rbs_spacer=None;gc_cont=0.667
contig00836_2        -            257 3460at72274          -            612   9.3e-13   46.4   0.3   1   1   4.1e-15   1.4e-12   45.8   0.3    73   154    92   181    87   194 0.83 # 228 # 998 # -1 # ID=836_2;partial=00;start_type=ATG;rbs_motif=GGAG/GAGG;rbs_spacer=5-10bp;gc_cont=0.716
contig03182_1        -            186 3460at72274          -            612   1.8e-11   42.1   0.0   1   1   8.6e-14   2.9e-11   41.4   0.0   325   435     5   118     2   124 0.88 # 3 # 560 # -1 # ID=3182_1;partial=11;start_type=Edge;rbs_motif=None;rbs_spacer=None;gc_cont=0.699
contig00205_3        -            271 3460at72274          -            612   1.3e-09   36.0   0.1   1   1   5.9e-12     2e-09   35.4   0.1    63   138    96   172    76   213 0.79 # 2150 # 2962 # 1 # ID=205_3;partial=00;start_type=GTG;rbs_motif=GGAG/GAGG;rbs_spacer=5-10bp;gc_cont=0.646
contig03233_2        -            117 3460at72274          -            612   1.9e-09   35.4   0.0   1   1   6.9e-12   2.3e-09   35.2   0.0   526   589    16    79     8    90 0.93 # 191 # 541 # -1 # ID=3233_2;partial=01;start_type=Edge;rbs_motif=None;rbs_spacer=None;gc_cont=0.707
contig01756_2        -            265 3460at72274          -            612   5.9e-08   30.5   0.2   1   1   2.2e-10   7.4e-08   30.2   0.2    37   142    51   170    35   202 0.67 # 333 # 1127 # 1 # ID=1756_2;partial=00;start_type=ATG;rbs_motif=AGGAG;rbs_spacer=5-10bp;gc_cont=0.728
contig00369_1        -            185 3460at72274          -            612   1.2e-07   29.5   0.0   1   1   4.6e-10   1.6e-07   29.1   0.0    76   141   102   168    98   183 0.92 # 1 # 555 # -1 # ID=369_1;partial=10;start_type=ATG;rbs_motif=AGGA;rbs_spacer=5-10bp;gc_cont=0.686
contig00235_3        -            266 3460at72274          -            612     4e-06   24.5   0.1   1   1   1.6e-08   5.2e-06   24.1   0.1    76   141   104   170   100   212 0.83 # 1671 # 2468 # 1 # ID=235_3;partial=00;start_type=ATG;rbs_motif=AGGAG;rbs_spacer=5-10bp;gc_cont=0.707
contig00683_2        -            254 3460at72274          -            612   5.1e-05   20.8   0.2   1   1   1.9e-07   6.5e-05   20.5   0.2    37   156    46   184    31   201 0.72 # 397 # 1158 # -1 # ID=683_2;partial=00;start_type=ATG;rbs_motif=GGAGG;rbs_spacer=5-10bp;gc_cont=0.711
contig00416_3        -            266 3460at72274          -            612   5.1e-05   20.8   0.1   1   1   2.1e-07     7e-05   20.4   0.1    62   119    89   147    83   168 0.87 # 2194 # 2991 # 1 # ID=416_3;partial=00;start_type=ATG;rbs_motif=GGA/GAG/AGG;rbs_spacer=5-10bp;gc_cont=0.687
contig00089_3        -            368 3460at72274          -            612   0.00019   19.0   0.0   1   1   8.6e-07   0.00029   18.3   0.0    72   156   104   195    84   219 0.78 # 1879 # 2982 # 1 # ID=89_3;partial=00;start_type=ATG;rbs_motif=GGA/GAG/AGG;rbs_spacer=5-10bp;gc_cont=0.688
contig00170_1        -            230 3460at72274          -            612   0.00028   18.4   0.1   1   1   9.5e-07   0.00032   18.2   0.1    69   192    86   221    25   227 0.72 # 88 # 777 # -1 # ID=170_1;partial=00;start_type=ATG;rbs_motif=AGGA;rbs_spacer=5-10bp;gc_cont=0.646
contig00337_4        -             52 3460at72274          -            612     0.024   12.0   0.4   1   1   7.2e-05     0.024   12.0   0.4   263   291    10    38     5    50 0.87 # 3370 # 3525 # 1 # ID=337_4;partial=01;start_type=ATG;rbs_motif=AGGA/GGAG/GAGG;rbs_spacer=11-12bp;gc_cont=0.667
contig03289_1        -            140 3460at72274          -            612     0.097   10.0   0.0   1   1   0.00033      0.11    9.8   0.0   261   295    16    50    11    82 0.83 # 95 # 514 # 1 # ID=3289_1;partial=01;start_type=ATG;rbs_motif=GGA/GAG/AGG;rbs_spacer=5-10bp;gc_cont=0.690
#
# Program:         hmmsearch
# Version:         3.1b2 (February 2015)
# Pipeline mode:   SEARCH
# Query file:      /home/johngn/Microbial-Genomics-Journey-Workshop-2023/Reads_session_3/busco_downloads/lineages/pseudomonadales_odb10/hmms/3460at72274.hmm
# Target file:     /home/johngn/Microbial-Genomics-Journey-Workshop-2023/Reads_session_3/busco_op4/prodigal_output/predicted_genes/predicted.faa
# Option settings: hmmsearch --domtblout /home/johngn/Microbial-Genomics-Journey-Workshop-2023/Reads_session_3/busco_op4/run_pseudomonadales_odb10/hmmer_output/3460at72274.out --cpu 1 /home/johngn/Microbial-Genomics-Journey-Workshop-2023/Reads_session_3/busco_downloads/lineages/pseudomonadales_odb10/hmms/3460at72274.hmm /home/johngn/Microbial-Genomics-Journey-Workshop-2023/Reads_session_3/busco_op4/prodigal_output/predicted_genes/predicted.faa 
# Current dir:     /home/johngn/Microbial-Genomics-Journey-Workshop-2023/Reads_session_3
# Date:            Wed Mar  8 17:01:25 2023
# [ok]
