#                                                                            --- full sequence --- -------------- this domain -------------   hmm coord   ali coord   env coord
# target name        accession   tlen query name           accession   qlen   E-value  score  bias   #  of  c-Evalue  i-Evalue  score  bias  from    to  from    to  from    to  acc description of target
#------------------- ---------- ----- -------------------- ---------- ----- --------- ------ ----- --- --- --------- --------- ------ ----- ----- ----- ----- ----- ----- ----- ---- ---------------------
contig01758_2        -            248 34866at72274         -            238   1.3e-95  318.3   0.0   1   2     0.079        61    1.9   0.0    37    55     1    20     1    24 0.86 # 514 # 1257 # -1 # ID=1758_2;partial=01;start_type=Edge;rbs_motif=None;rbs_spacer=None;gc_cont=0.712
contig01758_2        -            248 34866at72274         -            238   1.3e-95  318.3   0.0   2   2   2.6e-97     2e-94  314.5   0.0    49   238    39   244    34   244 0.92 # 514 # 1257 # -1 # ID=1758_2;partial=01;start_type=Edge;rbs_motif=None;rbs_spacer=None;gc_cont=0.712
contig01594_2        -            221 34866at72274         -            238   9.2e-16   56.9   0.1   1   1   1.6e-18   1.2e-15   56.5   0.1   112   188    71   154    62   179 0.78 # 206 # 868 # -1 # ID=1594_2;partial=00;start_type=GTG;rbs_motif=None;rbs_spacer=None;gc_cont=0.722
contig00457_4        -            358 34866at72274         -            238   1.1e-05   24.0   0.0   1   1   2.5e-08   1.9e-05   23.2   0.0   119   172   175   229   158   244 0.81 # 1512 # 2585 # -1 # ID=457_4;partial=00;start_type=ATG;rbs_motif=GGAG/GAGG;rbs_spacer=5-10bp;gc_cont=0.643
contig00145_3        -            245 34866at72274         -            238   0.00024   19.5   0.0   1   1   4.7e-07   0.00036   19.0   0.0   117   168   188   240   168   244 0.84 # 4323 # 5057 # 1 # ID=145_3;partial=01;start_type=ATG;rbs_motif=GGAG/GAGG;rbs_spacer=5-10bp;gc_cont=0.717
contig00069_5        -            416 34866at72274         -            238    0.0038   15.6   0.0   1   1   1.1e-05    0.0082   14.5   0.0   122   163   180   223   176   249 0.80 # 4400 # 5647 # 1 # ID=69_5;partial=00;start_type=ATG;rbs_motif=GGAG/GAGG;rbs_spacer=5-10bp;gc_cont=0.696
contig00124_4        -            255 34866at72274         -            238    0.0043   15.5   0.0   1   1   8.1e-06    0.0062   14.9   0.0    89   168   117   195    99   203 0.82 # 4572 # 5336 # 1 # ID=124_4;partial=01;start_type=ATG;rbs_motif=None;rbs_spacer=None;gc_cont=0.689
contig01285_3        -            199 34866at72274         -            238    0.0057   15.0   0.0   1   1     1e-05    0.0078   14.6   0.0   112   162    51   100    39   116 0.89 # 1000 # 1596 # -1 # ID=1285_3;partial=00;start_type=ATG;rbs_motif=GGAG/GAGG;rbs_spacer=5-10bp;gc_cont=0.688
contig02009_1        -            361 34866at72274         -            238    0.0091   14.4   0.0   1   2   3.1e-05     0.024   13.0   0.0   123   163   228   269   213   275 0.81 # 1 # 1083 # 1 # ID=2009_1;partial=11;start_type=Edge;rbs_motif=None;rbs_spacer=None;gc_cont=0.710
contig02009_1        -            361 34866at72274         -            238    0.0091   14.4   0.0   2   2       3.1   2.4e+03   -3.4   0.0    59    79   316   336   307   339 0.78 # 1 # 1083 # 1 # ID=2009_1;partial=11;start_type=Edge;rbs_motif=None;rbs_spacer=None;gc_cont=0.710
contig00123_6        -            247 34866at72274         -            238     0.014   13.8   0.0   1   1   2.7e-05      0.02   13.2   0.0   117   150   118   151   102   181 0.90 # 4604 # 5344 # 1 # ID=123_6;partial=01;start_type=ATG;rbs_motif=None;rbs_spacer=None;gc_cont=0.680
contig00152_4        -            317 34866at72274         -            238     0.036   12.4   0.0   1   1   6.8e-05     0.052   11.9   0.0   122   168   138   185   106   210 0.77 # 1517 # 2467 # -1 # ID=152_4;partial=00;start_type=ATG;rbs_motif=GGAGG;rbs_spacer=5-10bp;gc_cont=0.703
contig00707_3        -            202 34866at72274         -            238     0.063   11.6   0.0   1   1   0.00011     0.084   11.2   0.0   122   173    24    76    17   114 0.81 # 1831 # 2436 # -1 # ID=707_3;partial=01;start_type=Edge;rbs_motif=None;rbs_spacer=None;gc_cont=0.667
#
# Program:         hmmsearch
# Version:         3.1b2 (February 2015)
# Pipeline mode:   SEARCH
# Query file:      /home/johngn/Microbial-Genomics-Journey-Workshop-2023/Reads_session_3/busco_downloads/lineages/pseudomonadales_odb10/hmms/34866at72274.hmm
# Target file:     /home/johngn/Microbial-Genomics-Journey-Workshop-2023/Reads_session_3/busco_op4/prodigal_output/predicted_genes/predicted.faa
# Option settings: hmmsearch --domtblout /home/johngn/Microbial-Genomics-Journey-Workshop-2023/Reads_session_3/busco_op4/run_pseudomonadales_odb10/hmmer_output/34866at72274.out --cpu 1 /home/johngn/Microbial-Genomics-Journey-Workshop-2023/Reads_session_3/busco_downloads/lineages/pseudomonadales_odb10/hmms/34866at72274.hmm /home/johngn/Microbial-Genomics-Journey-Workshop-2023/Reads_session_3/busco_op4/prodigal_output/predicted_genes/predicted.faa 
# Current dir:     /home/johngn/Microbial-Genomics-Journey-Workshop-2023/Reads_session_3
# Date:            Wed Mar  8 17:01:25 2023
# [ok]
