#                                                                            --- full sequence --- -------------- this domain -------------   hmm coord   ali coord   env coord
# target name        accession   tlen query name           accession   qlen   E-value  score  bias   #  of  c-Evalue  i-Evalue  score  bias  from    to  from    to  from    to  acc description of target
#------------------- ---------- ----- -------------------- ---------- ----- --------- ------ ----- --- --- --------- --------- ------ ----- ----- ----- ----- ----- ----- ----- ---- ---------------------
contig00302_5        -            259 34940at72274         -            226  4.3e-115  381.7   2.1   1   1  6.5e-118  7.9e-115  380.8   2.1     1   226     6   258     6   258 0.94 # 2748 # 3524 # 1 # ID=302_5;partial=00;start_type=ATG;rbs_motif=GGA/GAG/AGG;rbs_spacer=5-10bp;gc_cont=0.642
contig00302_3        -            354 34940at72274         -            226   1.5e-11   43.1  14.1   1   3    0.0073       8.8    4.5   0.1     1    23   105   127   100   129 0.92 # 1204 # 2265 # 1 # ID=302_3;partial=00;start_type=ATG;rbs_motif=None;rbs_spacer=None;gc_cont=0.657
contig00302_3        -            354 34940at72274         -            226   1.5e-11   43.1  14.1   2   3     1e-13   1.3e-10   40.0   7.7     3   140   125   272   123   272 0.85 # 1204 # 2265 # 1 # ID=302_3;partial=00;start_type=ATG;rbs_motif=None;rbs_spacer=None;gc_cont=0.657
contig00302_3        -            354 34940at72274         -            226   1.5e-11   43.1  14.1   3   3   5.8e-06     0.007   14.7   0.4   113   145   263   295   261   299 0.93 # 1204 # 2265 # 1 # ID=302_3;partial=00;start_type=ATG;rbs_motif=None;rbs_spacer=None;gc_cont=0.657
contig00008_14       -            219 34940at72274         -            226   2.5e-05   22.7   0.5   1   1   3.5e-08   4.2e-05   22.0   0.5    92   154   125   187   103   209 0.81 # 12911 # 13567 # -1 # ID=8_14;partial=00;start_type=ATG;rbs_motif=GGAG/GAGG;rbs_spacer=5-10bp;gc_cont=0.533
contig02209_2        -            187 34940at72274         -            226   0.00011   20.5   0.5   1   1   2.8e-07   0.00034   19.0   0.5    94   145   121   172   107   185 0.87 # 420 # 980 # 1 # ID=2209_2;partial=01;start_type=ATG;rbs_motif=GGAG/GAGG;rbs_spacer=5-10bp;gc_cont=0.660
contig01278_3        -            139 34940at72274         -            226    0.0073   14.6   0.4   1   1   8.5e-06      0.01   14.1   0.4    68   167    12   102     5   127 0.73 # 1230 # 1646 # -1 # ID=1278_3;partial=01;start_type=Edge;rbs_motif=None;rbs_spacer=None;gc_cont=0.645
contig00529_1        -            220 34940at72274         -            226     0.013   13.8   0.9   1   2      0.16     2e+02    0.1   0.0    11    60    25    70    19    80 0.55 # 1 # 660 # 1 # ID=529_1;partial=10;start_type=Edge;rbs_motif=None;rbs_spacer=None;gc_cont=0.705
contig00529_1        -            220 34940at72274         -            226     0.013   13.8   0.9   2   2    0.0002      0.24    9.7   0.7   105   168   105   155   100   160 0.71 # 1 # 660 # 1 # ID=529_1;partial=10;start_type=Edge;rbs_motif=None;rbs_spacer=None;gc_cont=0.705
contig00424_4        -            240 34940at72274         -            226      0.13   10.5   1.4   1   2     0.065        79    1.4   0.1   109   133   126   150    96   164 0.64 # 2108 # 2827 # -1 # ID=424_4;partial=00;start_type=ATG;rbs_motif=GGAG/GAGG;rbs_spacer=5-10bp;gc_cont=0.572
contig00424_4        -            240 34940at72274         -            226      0.13   10.5   1.4   2   2    0.0011       1.3    7.2   0.1    10    47   165   204   160   209 0.81 # 2108 # 2827 # -1 # ID=424_4;partial=00;start_type=ATG;rbs_motif=GGAG/GAGG;rbs_spacer=5-10bp;gc_cont=0.572
#
# Program:         hmmsearch
# Version:         3.1b2 (February 2015)
# Pipeline mode:   SEARCH
# Query file:      /home/johngn/Microbial-Genomics-Journey-Workshop-2023/Reads_session_3/busco_downloads/lineages/pseudomonadales_odb10/hmms/34940at72274.hmm
# Target file:     /home/johngn/Microbial-Genomics-Journey-Workshop-2023/Reads_session_3/busco_op4/prodigal_output/predicted_genes/predicted.faa
# Option settings: hmmsearch --domtblout /home/johngn/Microbial-Genomics-Journey-Workshop-2023/Reads_session_3/busco_op4/run_pseudomonadales_odb10/hmmer_output/34940at72274.out --cpu 1 /home/johngn/Microbial-Genomics-Journey-Workshop-2023/Reads_session_3/busco_downloads/lineages/pseudomonadales_odb10/hmms/34940at72274.hmm /home/johngn/Microbial-Genomics-Journey-Workshop-2023/Reads_session_3/busco_op4/prodigal_output/predicted_genes/predicted.faa 
# Current dir:     /home/johngn/Microbial-Genomics-Journey-Workshop-2023/Reads_session_3
# Date:            Wed Mar  8 17:01:25 2023
# [ok]
