#                                                                            --- full sequence --- -------------- this domain -------------   hmm coord   ali coord   env coord
# target name        accession   tlen query name           accession   qlen   E-value  score  bias   #  of  c-Evalue  i-Evalue  score  bias  from    to  from    to  from    to  acc description of target
#------------------- ---------- ----- -------------------- ---------- ----- --------- ------ ----- --- --- --------- --------- ------ ----- ----- ----- ----- ----- ----- ----- ---- ---------------------
contig00677_1        -            238 3513at72274          -            559  3.8e-110  367.6   0.2   1   1  6.5e-113  4.6e-110  367.4   0.2   354   558     1   216     1   217 0.97 # 1 # 714 # 1 # ID=677_1;partial=10;start_type=Edge;rbs_motif=None;rbs_spacer=None;gc_cont=0.671
contig00524_1        -            341 3513at72274          -            559   2.4e-97  325.4   3.1   1   3   2.1e-48   1.5e-45  154.4   0.0     1   137     8   172     8   187 0.86 # 3 # 1025 # -1 # ID=524_1;partial=10;start_type=ATG;rbs_motif=None;rbs_spacer=None;gc_cont=0.701
contig00524_1        -            341 3513at72274          -            559   2.4e-97  325.4   3.1   2   3   1.4e-13     1e-10   39.4   0.1   130   170   194   236   183   257 0.81 # 3 # 1025 # -1 # ID=524_1;partial=10;start_type=ATG;rbs_motif=None;rbs_spacer=None;gc_cont=0.701
contig00524_1        -            341 3513at72274          -            559   2.4e-97  325.4   3.1   3   3   2.1e-41   1.5e-38  131.3   0.3   171   248   261   341   243   341 0.92 # 3 # 1025 # -1 # ID=524_1;partial=10;start_type=ATG;rbs_motif=None;rbs_spacer=None;gc_cont=0.701
contig00472_1        -           1001 3513at72274          -            559   2.3e-88  295.7   0.6   1   1   4.6e-91   3.3e-88  295.2   0.6   177   534   621   989   595   998 0.88 # 2 # 3004 # 1 # ID=472_1;partial=11;start_type=Edge;rbs_motif=None;rbs_spacer=None;gc_cont=0.679
contig00002_26       -            659 3513at72274          -            559   5.2e-08   30.5   0.1   1   2       1.4   9.8e+02   -3.5   0.0   201   248    38    82    19    88 0.69 # 27323 # 29299 # -1 # ID=2_26;partial=00;start_type=ATG;rbs_motif=AGGAG;rbs_spacer=5-10bp;gc_cont=0.528
contig00002_26       -            659 3513at72274          -            559   5.2e-08   30.5   0.1   2   2   1.8e-10   1.2e-07   29.2   0.0   396   476   461   547   450   572 0.76 # 27323 # 29299 # -1 # ID=2_26;partial=00;start_type=ATG;rbs_motif=AGGAG;rbs_spacer=5-10bp;gc_cont=0.528
contig01790_1        -            328 3513at72274          -            559   7.1e-08   30.0   0.1   1   1   2.7e-10   1.9e-07   28.6   0.1   205   453    47   317    39   320 0.70 # 3 # 986 # -1 # ID=1790_1;partial=10;start_type=ATG;rbs_motif=GGA/GAG/AGG;rbs_spacer=5-10bp;gc_cont=0.678
contig00923_1        -            447 3513at72274          -            559   1.4e-07   29.0   0.1   1   2    0.0022       1.6    5.8   0.0   228   304    80   161    44   190 0.74 # 128 # 1468 # 1 # ID=923_1;partial=00;start_type=ATG;rbs_motif=None;rbs_spacer=None;gc_cont=0.676
contig00923_1        -            447 3513at72274          -            559   1.4e-07   29.0   0.1   2   2   4.8e-08   3.4e-05   21.2   0.1   401   479   269   346   250   357 0.87 # 128 # 1468 # 1 # ID=923_1;partial=00;start_type=ATG;rbs_motif=None;rbs_spacer=None;gc_cont=0.676
contig00369_2        -            557 3513at72274          -            559   4.3e-07   27.4   0.3   1   1   1.3e-09   8.8e-07   26.4   0.3   202   478    49   342    41   358 0.69 # 900 # 2570 # 1 # ID=369_2;partial=00;start_type=ATG;rbs_motif=GGAG/GAGG;rbs_spacer=5-10bp;gc_cont=0.700
contig02318_1        -            310 3513at72274          -            559     7e-05   20.1   0.1   1   1   1.5e-07    0.0001   19.6   0.1   403   486   113   198    93   210 0.81 # 1 # 930 # 1 # ID=2318_1;partial=11;start_type=Edge;rbs_motif=None;rbs_spacer=None;gc_cont=0.668
contig01800_1        -            403 3513at72274          -            559   9.8e-05   19.7   0.0   1   1   2.2e-07   0.00015   19.0   0.0   200   315    40   154    14   171 0.83 # 3 # 1211 # -1 # ID=1800_1;partial=11;start_type=Edge;rbs_motif=None;rbs_spacer=None;gc_cont=0.701
contig02942_1        -            214 3513at72274          -            559   0.00021   18.6   0.1   1   1   3.5e-07   0.00025   18.3   0.1   403   479    38   113     2   129 0.72 # 1 # 642 # 1 # ID=2942_1;partial=11;start_type=Edge;rbs_motif=None;rbs_spacer=None;gc_cont=0.709
contig00744_2        -            640 3513at72274          -            559   0.00025   18.3   0.0   1   1   3.7e-06    0.0026   15.0   0.0   227   453    82   322    77   356 0.61 # 385 # 2304 # 1 # ID=744_2;partial=00;start_type=ATG;rbs_motif=AGGA;rbs_spacer=5-10bp;gc_cont=0.683
contig00695_1        -            821 3513at72274          -            559   0.00052   17.3   0.3   1   2     0.056        39    1.2   0.0   199   222    48    71    39   118 0.79 # 1 # 2463 # 1 # ID=695_1;partial=11;start_type=Edge;rbs_motif=None;rbs_spacer=None;gc_cont=0.706
contig00695_1        -            821 3513at72274          -            559   0.00052   17.3   0.3   2   2     8e-06    0.0056   13.9   0.0   394   458   300   364   286   383 0.78 # 1 # 2463 # 1 # ID=695_1;partial=11;start_type=Edge;rbs_motif=None;rbs_spacer=None;gc_cont=0.706
#
# Program:         hmmsearch
# Version:         3.1b2 (February 2015)
# Pipeline mode:   SEARCH
# Query file:      /home/johngn/Microbial-Genomics-Journey-Workshop-2023/Reads_session_3/busco_downloads/lineages/pseudomonadales_odb10/hmms/3513at72274.hmm
# Target file:     /home/johngn/Microbial-Genomics-Journey-Workshop-2023/Reads_session_3/busco_op4/prodigal_output/predicted_genes/predicted.faa
# Option settings: hmmsearch --domtblout /home/johngn/Microbial-Genomics-Journey-Workshop-2023/Reads_session_3/busco_op4/run_pseudomonadales_odb10/hmmer_output/3513at72274.out --cpu 1 /home/johngn/Microbial-Genomics-Journey-Workshop-2023/Reads_session_3/busco_downloads/lineages/pseudomonadales_odb10/hmms/3513at72274.hmm /home/johngn/Microbial-Genomics-Journey-Workshop-2023/Reads_session_3/busco_op4/prodigal_output/predicted_genes/predicted.faa 
# Current dir:     /home/johngn/Microbial-Genomics-Journey-Workshop-2023/Reads_session_3
# Date:            Wed Mar  8 17:01:25 2023
# [ok]
