#                                                                            --- full sequence --- -------------- this domain -------------   hmm coord   ali coord   env coord
# target name        accession   tlen query name           accession   qlen   E-value  score  bias   #  of  c-Evalue  i-Evalue  score  bias  from    to  from    to  from    to  acc description of target
#------------------- ---------- ----- -------------------- ---------- ----- --------- ------ ----- --- --- --------- --------- ------ ----- ----- ----- ----- ----- ----- ----- ---- ---------------------
contig00233_5        -            273 35233at72274         -            244  4.1e-128  425.0  19.2   1   1  7.5e-131  4.9e-128  424.8  19.2     1   244     6   266     6   266 0.97 # 3152 # 3970 # -1 # ID=233_5;partial=00;start_type=ATG;rbs_motif=AGGA;rbs_spacer=5-10bp;gc_cont=0.661
contig00233_4        -            290 35233at72274         -            244   4.7e-37  126.8  14.4   1   1   9.7e-40   6.3e-37  126.4  14.4    17   239    32   271    21   274 0.89 # 2272 # 3141 # -1 # ID=233_4;partial=00;start_type=ATG;rbs_motif=AGGAG;rbs_spacer=5-10bp;gc_cont=0.652
contig01982_2        -            229 35233at72274         -            244     2e-29  101.8   9.0   1   1     4e-32   2.6e-29  101.4   9.0    45   240    10   217     5   219 0.91 # 373 # 1059 # 1 # ID=1982_2;partial=00;start_type=ATG;rbs_motif=GGA/GAG/AGG;rbs_spacer=5-10bp;gc_cont=0.680
contig00523_2        -            288 35233at72274         -            244   6.5e-14   51.0  13.0   1   1   1.9e-16   1.2e-13   50.1  13.0    35   198    45   214     4   255 0.80 # 2011 # 2874 # -1 # ID=523_2;partial=01;start_type=Edge;rbs_motif=None;rbs_spacer=None;gc_cont=0.649
contig00845_2        -            263 35233at72274         -            244   7.9e-12   44.2  17.1   1   1   1.6e-14     1e-11   43.8  17.1    34   237    51   251    16   257 0.80 # 191 # 979 # 1 # ID=845_2;partial=00;start_type=ATG;rbs_motif=GGAGG;rbs_spacer=5-10bp;gc_cont=0.644
contig01663_2        -            257 35233at72274         -            244   1.1e-09   37.2  19.9   1   1   2.4e-12   1.6e-09   36.7  20.0    38   238    50   243    10   249 0.82 # 347 # 1117 # 1 # ID=1663_2;partial=00;start_type=ATG;rbs_motif=GGAGG;rbs_spacer=5-10bp;gc_cont=0.654
contig02067_2        -            266 35233at72274         -            244   3.3e-09   35.6  12.2   1   1   1.3e-11   8.3e-09   34.3  12.2    14   194    15   213     9   252 0.79 # 262 # 1059 # 1 # ID=2067_2;partial=01;start_type=GTG;rbs_motif=GGAG/GAGG;rbs_spacer=5-10bp;gc_cont=0.690
contig00130_6        -            232 35233at72274         -            244   5.6e-09   34.8   4.2   1   1   1.2e-11   7.6e-09   34.4   4.2    99   209    72   185     3   223 0.66 # 4541 # 5236 # -1 # ID=130_6;partial=01;start_type=Edge;rbs_motif=None;rbs_spacer=None;gc_cont=0.658
contig00130_5        -            266 35233at72274         -            244   2.3e-08   32.8  15.6   1   1   9.3e-11     6e-08   31.5  15.6    35   207    54   225    10   260 0.69 # 3757 # 4554 # -1 # ID=130_5;partial=00;start_type=ATG;rbs_motif=AGGAG;rbs_spacer=5-10bp;gc_cont=0.650
contig02405_2        -            142 35233at72274         -            244   2.4e-07   29.5   3.4   1   1   4.7e-10     3e-07   29.2   3.4    15   106    27   124    20   139 0.80 # 456 # 881 # 1 # ID=2405_2;partial=01;start_type=TTG;rbs_motif=None;rbs_spacer=None;gc_cont=0.700
contig02481_1        -            162 35233at72274         -            244   0.00035   19.1   4.7   1   1   6.7e-07   0.00043   18.8   4.7   111   239    16   148     7   153 0.79 # 1 # 486 # 1 # ID=2481_1;partial=10;start_type=Edge;rbs_motif=None;rbs_spacer=None;gc_cont=0.638
contig00349_1        -            310 35233at72274         -            244   0.00037   19.1  11.9   1   2   5.6e-07   0.00037   19.1  11.9    51   194    64   226    42   238 0.68 # 1 # 930 # 1 # ID=349_1;partial=10;start_type=Edge;rbs_motif=None;rbs_spacer=None;gc_cont=0.657
contig00349_1        -            310 35233at72274         -            244   0.00037   19.1  11.9   2   2       3.1     2e+03   -3.0   0.1    14    26   279   291   264   301 0.52 # 1 # 930 # 1 # ID=349_1;partial=10;start_type=Edge;rbs_motif=None;rbs_spacer=None;gc_cont=0.657
contig01445_2        -            423 35233at72274         -            244    0.0011   17.5   2.2   1   3   1.8e-06    0.0011   17.5   2.2   123   189    29   102    12   119 0.79 # 219 # 1487 # -1 # ID=1445_2;partial=01;start_type=Edge;rbs_motif=None;rbs_spacer=None;gc_cont=0.712
contig01445_2        -            423 35233at72274         -            244    0.0011   17.5   2.2   2   3       2.5   1.6e+03   -2.7   0.1   226   242   123   139   100   140 0.76 # 219 # 1487 # -1 # ID=1445_2;partial=01;start_type=Edge;rbs_motif=None;rbs_spacer=None;gc_cont=0.712
contig01445_2        -            423 35233at72274         -            244    0.0011   17.5   2.2   3   3     0.019        12    4.3   0.1    90   116   340   366   278   394 0.86 # 219 # 1487 # -1 # ID=1445_2;partial=01;start_type=Edge;rbs_motif=None;rbs_spacer=None;gc_cont=0.712
#
# Program:         hmmsearch
# Version:         3.1b2 (February 2015)
# Pipeline mode:   SEARCH
# Query file:      /home/johngn/Microbial-Genomics-Journey-Workshop-2023/Reads_session_3/busco_downloads/lineages/pseudomonadales_odb10/hmms/35233at72274.hmm
# Target file:     /home/johngn/Microbial-Genomics-Journey-Workshop-2023/Reads_session_3/busco_op4/prodigal_output/predicted_genes/predicted.faa
# Option settings: hmmsearch --domtblout /home/johngn/Microbial-Genomics-Journey-Workshop-2023/Reads_session_3/busco_op4/run_pseudomonadales_odb10/hmmer_output/35233at72274.out --cpu 1 /home/johngn/Microbial-Genomics-Journey-Workshop-2023/Reads_session_3/busco_downloads/lineages/pseudomonadales_odb10/hmms/35233at72274.hmm /home/johngn/Microbial-Genomics-Journey-Workshop-2023/Reads_session_3/busco_op4/prodigal_output/predicted_genes/predicted.faa 
# Current dir:     /home/johngn/Microbial-Genomics-Journey-Workshop-2023/Reads_session_3
# Date:            Wed Mar  8 17:01:26 2023
# [ok]
