#                                                                            --- full sequence --- -------------- this domain -------------   hmm coord   ali coord   env coord
# target name        accession   tlen query name           accession   qlen   E-value  score  bias   #  of  c-Evalue  i-Evalue  score  bias  from    to  from    to  from    to  acc description of target
#------------------- ---------- ----- -------------------- ---------- ----- --------- ------ ----- --- --- --------- --------- ------ ----- ----- ----- ----- ----- ----- ----- ---- ---------------------
contig00222_1        -             94 35275at72274         -            209   4.8e-59  198.1   2.5   1   1   3.8e-62   5.3e-59  198.0   2.5   121   209     1    89     1    89 0.99 # 1 # 282 # 1 # ID=222_1;partial=10;start_type=Edge;rbs_motif=None;rbs_spacer=None;gc_cont=0.621
contig00390_5        -             84 35275at72274         -            209   1.9e-30  104.7   0.1   1   1   1.7e-33   2.4e-30  104.4   0.1     1    62     6    75     6    80 0.91 # 3067 # 3318 # 1 # ID=390_5;partial=01;start_type=ATG;rbs_motif=GGA/GAG/AGG;rbs_spacer=5-10bp;gc_cont=0.599
contig00452_4        -            409 35275at72274         -            209   0.00026   19.4   1.0   1   1   3.4e-07   0.00047   18.5   1.0   113   200    14    94     3   102 0.77 # 1155 # 2381 # -1 # ID=452_4;partial=00;start_type=ATG;rbs_motif=AGGAG;rbs_spacer=5-10bp;gc_cont=0.722
contig00116_1        -            430 35275at72274         -            209     0.011   14.0   1.1   1   2    0.0018       2.6    6.3   0.1   116   139    13    36     5    54 0.76 # 1 # 1290 # 1 # ID=116_1;partial=10;start_type=Edge;rbs_motif=None;rbs_spacer=None;gc_cont=0.684
contig00116_1        -            430 35275at72274         -            209     0.011   14.0   1.1   2   2    0.0023       3.3    5.9   0.1   172   208    90   126    85   127 0.81 # 1 # 1290 # 1 # ID=116_1;partial=10;start_type=Edge;rbs_motif=None;rbs_spacer=None;gc_cont=0.684
contig01176_3        -            366 35275at72274         -            209       0.3    9.3   9.4   1   3    0.0064         9    4.5   1.1   117   136   157   176   141   179 0.84 # 649 # 1746 # -1 # ID=1176_3;partial=01;start_type=Edge;rbs_motif=None;rbs_spacer=None;gc_cont=0.638
contig01176_3        -            366 35275at72274         -            209       0.3    9.3   9.4   2   3    0.0096        13    3.9   0.9   119   138   182   202   178   214 0.81 # 649 # 1746 # -1 # ID=1176_3;partial=01;start_type=Edge;rbs_motif=None;rbs_spacer=None;gc_cont=0.638
contig01176_3        -            366 35275at72274         -            209       0.3    9.3   9.4   3   3    0.0077        11    4.3   0.0    58    93   243   278   234   304 0.80 # 649 # 1746 # -1 # ID=1176_3;partial=01;start_type=Edge;rbs_motif=None;rbs_spacer=None;gc_cont=0.638
contig00924_1        -            385 35275at72274         -            209       7.7    4.7   8.9   1   3     0.012        17    3.6   0.6   117   136   177   196   160   200 0.75 # 2 # 1156 # 1 # ID=924_1;partial=10;start_type=Edge;rbs_motif=None;rbs_spacer=None;gc_cont=0.673
contig00924_1        -            385 35275at72274         -            209       7.7    4.7   8.9   2   3      0.08   1.1e+02    0.9   1.4   119   137   202   221   197   226 0.81 # 2 # 1156 # 1 # ID=924_1;partial=10;start_type=Edge;rbs_motif=None;rbs_spacer=None;gc_cont=0.673
contig00924_1        -            385 35275at72274         -            209       7.7    4.7   8.9   3   3     0.023        32    2.7   0.0    64   114   269   320   256   332 0.82 # 2 # 1156 # 1 # ID=924_1;partial=10;start_type=Edge;rbs_motif=None;rbs_spacer=None;gc_cont=0.673
#
# Program:         hmmsearch
# Version:         3.1b2 (February 2015)
# Pipeline mode:   SEARCH
# Query file:      /home/johngn/Microbial-Genomics-Journey-Workshop-2023/Reads_session_3/busco_downloads/lineages/pseudomonadales_odb10/hmms/35275at72274.hmm
# Target file:     /home/johngn/Microbial-Genomics-Journey-Workshop-2023/Reads_session_3/busco_op4/prodigal_output/predicted_genes/predicted.faa
# Option settings: hmmsearch --domtblout /home/johngn/Microbial-Genomics-Journey-Workshop-2023/Reads_session_3/busco_op4/run_pseudomonadales_odb10/hmmer_output/35275at72274.out --cpu 1 /home/johngn/Microbial-Genomics-Journey-Workshop-2023/Reads_session_3/busco_downloads/lineages/pseudomonadales_odb10/hmms/35275at72274.hmm /home/johngn/Microbial-Genomics-Journey-Workshop-2023/Reads_session_3/busco_op4/prodigal_output/predicted_genes/predicted.faa 
# Current dir:     /home/johngn/Microbial-Genomics-Journey-Workshop-2023/Reads_session_3
# Date:            Wed Mar  8 17:01:26 2023
# [ok]
