#                                                                            --- full sequence --- -------------- this domain -------------   hmm coord   ali coord   env coord
# target name        accession   tlen query name           accession   qlen   E-value  score  bias   #  of  c-Evalue  i-Evalue  score  bias  from    to  from    to  from    to  acc description of target
#------------------- ---------- ----- -------------------- ---------- ----- --------- ------ ----- --- --- --------- --------- ------ ----- ----- ----- ----- ----- ----- ----- ---- ---------------------
contig01544_1        -            201 36010at72274         -            227   1.3e-82  275.7   0.2   1   1   2.1e-85   1.6e-82  275.5   0.2    65   227    17   192     7   192 0.93 # 1 # 603 # 1 # ID=1544_1;partial=10;start_type=Edge;rbs_motif=None;rbs_spacer=None;gc_cont=0.652
contig00379_4        -            263 36010at72274         -            227   1.1e-37  128.8   0.0   1   2   1.4e-15   1.1e-12   47.0   0.0     2    54     1    52     1    73 0.85 # 1950 # 2738 # -1 # ID=379_4;partial=00;start_type=ATG;rbs_motif=GGA/GAG/AGG;rbs_spacer=5-10bp;gc_cont=0.663
contig00379_4        -            263 36010at72274         -            227   1.1e-37  128.8   0.0   2   2   1.2e-25   9.1e-23   80.0   0.0    87   226   114   256   103   257 0.90 # 1950 # 2738 # -1 # ID=379_4;partial=00;start_type=ATG;rbs_motif=GGA/GAG/AGG;rbs_spacer=5-10bp;gc_cont=0.663
contig01317_3        -             54 36010at72274         -            227   7.4e-29   99.9   0.7   1   1     1e-31     8e-29   99.8   0.7     1    55     1    54     1    54 0.98 # 1447 # 1608 # 1 # ID=1317_3;partial=01;start_type=ATG;rbs_motif=GGA/GAG/AGG;rbs_spacer=5-10bp;gc_cont=0.648
contig01114_3        -            166 36010at72274         -            227   1.7e-18   65.9   0.1   1   2   1.4e-11   1.1e-08   33.9   0.0     7    48     5    45     2    65 0.89 # 1324 # 1821 # 1 # ID=1114_3;partial=01;start_type=ATG;rbs_motif=GGAG/GAGG;rbs_spacer=5-10bp;gc_cont=0.620
contig01114_3        -            166 36010at72274         -            227   1.7e-18   65.9   0.1   2   2   1.6e-10   1.2e-07   30.4   0.0    87   135   115   163    86   166 0.81 # 1324 # 1821 # 1 # ID=1114_3;partial=01;start_type=ATG;rbs_motif=GGAG/GAGG;rbs_spacer=5-10bp;gc_cont=0.620
contig00007_24       -            270 36010at72274         -            227     2e-14   52.6   1.2   1   1   9.9e-16   7.6e-13   47.5   1.2     2   150     2   180     1   191 0.70 # 14312 # 15121 # -1 # ID=7_24;partial=00;start_type=ATG;rbs_motif=GGA/GAG/AGG;rbs_spacer=5-10bp;gc_cont=0.567
contig00054_3        -            289 36010at72274         -            227   1.8e-10   39.7   0.4   1   2   3.2e-08   2.5e-05   22.9   0.0     3    43     4    43     2    73 0.86 # 6342 # 7208 # 1 # ID=54_3;partial=00;start_type=ATG;rbs_motif=GGAG/GAGG;rbs_spacer=5-10bp;gc_cont=0.599
contig00054_3        -            289 36010at72274         -            227   1.8e-10   39.7   0.4   2   2   1.1e-05    0.0084   14.6   0.1    79   207   103   242    83   261 0.73 # 6342 # 7208 # 1 # ID=54_3;partial=00;start_type=ATG;rbs_motif=GGAG/GAGG;rbs_spacer=5-10bp;gc_cont=0.599
contig00025_3        -            292 36010at72274         -            227   2.5e-09   36.0   2.1   1   2     3e-10   2.3e-07   29.6   1.3     2    62     1    62     1   176 0.62 # 1098 # 1973 # 1 # ID=25_3;partial=00;start_type=ATG;rbs_motif=GGAG/GAGG;rbs_spacer=5-10bp;gc_cont=0.685
contig00025_3        -            292 36010at72274         -            227   2.5e-09   36.0   2.1   2   2      0.71   5.4e+02   -1.1   0.0   138   163   184   210   175   225 0.75 # 1098 # 1973 # 1 # ID=25_3;partial=00;start_type=ATG;rbs_motif=GGAG/GAGG;rbs_spacer=5-10bp;gc_cont=0.685
contig00358_2        -            278 36010at72274         -            227   1.4e-08   33.5   2.0   1   1   3.2e-11   2.5e-08   32.7   2.0     3    68     8    73     6   247 0.88 # 551 # 1384 # 1 # ID=358_2;partial=00;start_type=ATG;rbs_motif=GGA/GAG/AGG;rbs_spacer=5-10bp;gc_cont=0.647
contig01442_1        -            233 36010at72274         -            227     1e-07   30.7   0.4   1   2   5.1e-09   3.9e-06   25.5   0.2     2    44    99   140    98   146 0.90 # 1 # 699 # -1 # ID=1442_1;partial=10;start_type=ATG;rbs_motif=AGGA;rbs_spacer=5-10bp;gc_cont=0.684
contig01442_1        -            233 36010at72274         -            227     1e-07   30.7   0.4   2   2     0.037        29    3.1   0.0    86   107   199   220   192   229 0.81 # 1 # 699 # -1 # ID=1442_1;partial=10;start_type=ATG;rbs_motif=AGGA;rbs_spacer=5-10bp;gc_cont=0.684
contig00613_3        -            272 36010at72274         -            227     6e-06   24.9   1.7   1   1   1.1e-07   8.1e-05   21.2   1.7     1   218     1   241     1   249 0.54 # 1161 # 1976 # -1 # ID=613_3;partial=00;start_type=TTG;rbs_motif=None;rbs_spacer=None;gc_cont=0.626
contig02077_1        -            269 36010at72274         -            227    0.0013   17.3   0.1   1   1   4.4e-06    0.0034   15.9   0.1    12   109   109   197   101   254 0.84 # 247 # 1053 # 1 # ID=2077_1;partial=01;start_type=ATG;rbs_motif=AGGA;rbs_spacer=5-10bp;gc_cont=0.658
#
# Program:         hmmsearch
# Version:         3.1b2 (February 2015)
# Pipeline mode:   SEARCH
# Query file:      /home/johngn/Microbial-Genomics-Journey-Workshop-2023/Reads_session_3/busco_downloads/lineages/pseudomonadales_odb10/hmms/36010at72274.hmm
# Target file:     /home/johngn/Microbial-Genomics-Journey-Workshop-2023/Reads_session_3/busco_op4/prodigal_output/predicted_genes/predicted.faa
# Option settings: hmmsearch --domtblout /home/johngn/Microbial-Genomics-Journey-Workshop-2023/Reads_session_3/busco_op4/run_pseudomonadales_odb10/hmmer_output/36010at72274.out --cpu 1 /home/johngn/Microbial-Genomics-Journey-Workshop-2023/Reads_session_3/busco_downloads/lineages/pseudomonadales_odb10/hmms/36010at72274.hmm /home/johngn/Microbial-Genomics-Journey-Workshop-2023/Reads_session_3/busco_op4/prodigal_output/predicted_genes/predicted.faa 
# Current dir:     /home/johngn/Microbial-Genomics-Journey-Workshop-2023/Reads_session_3
# Date:            Wed Mar  8 17:01:26 2023
# [ok]
