#                                                                            --- full sequence --- -------------- this domain -------------   hmm coord   ali coord   env coord
# target name        accession   tlen query name           accession   qlen   E-value  score  bias   #  of  c-Evalue  i-Evalue  score  bias  from    to  from    to  from    to  acc description of target
#------------------- ---------- ----- -------------------- ---------- ----- --------- ------ ----- --- --- --------- --------- ------ ----- ----- ----- ----- ----- ----- ----- ---- ---------------------
contig00821_2        -            300 36169at72274         -            263  5.5e-149  493.4   0.2   1   1  7.3e-152  6.2e-149  493.3   0.2     1   263    12   296    12   296 0.96 # 174 # 1073 # -1 # ID=821_2;partial=00;start_type=ATG;rbs_motif=GGA/GAG/AGG;rbs_spacer=5-10bp;gc_cont=0.657
contig01064_1        -            265 36169at72274         -            263   3.8e-51  172.7   0.1   1   1   5.7e-54   4.8e-51  172.4   0.1     1   185    12   209    12   227 0.89 # 3 # 797 # -1 # ID=1064_1;partial=10;start_type=ATG;rbs_motif=AGGA;rbs_spacer=5-10bp;gc_cont=0.668
contig01087_1        -            131 36169at72274         -            263     8e-27   93.0   0.1   1   1   1.1e-29   9.4e-27   92.8   0.1     1    97    13   115    13   124 0.92 # 3 # 395 # -1 # ID=1087_1;partial=10;start_type=ATG;rbs_motif=AGGAG;rbs_spacer=5-10bp;gc_cont=0.687
contig00119_1        -            165 36169at72274         -            263   1.1e-25   89.3   0.0   1   1   1.5e-28   1.2e-25   89.1   0.0     1   141    10   164    10   165 0.84 # 3 # 497 # -1 # ID=119_1;partial=10;start_type=ATG;rbs_motif=GGA/GAG/AGG;rbs_spacer=5-10bp;gc_cont=0.570
contig00101_6        -            366 36169at72274         -            263   6.8e-22   76.9   0.0   1   2   1.1e-18   9.2e-16   56.7   0.0    12   177    39   212    30   222 0.82 # 2730 # 3827 # -1 # ID=101_6;partial=00;start_type=ATG;rbs_motif=AGGAG;rbs_spacer=5-10bp;gc_cont=0.677
contig00101_6        -            366 36169at72274         -            263   6.8e-22   76.9   0.0   2   2     7e-07   0.00059   18.0   0.1   180   260   233   325   229   327 0.69 # 2730 # 3827 # -1 # ID=101_6;partial=00;start_type=ATG;rbs_motif=AGGAG;rbs_spacer=5-10bp;gc_cont=0.677
contig02659_2        -            216 36169at72274         -            263   1.8e-13   49.2   0.0   1   1   2.5e-16   2.1e-13   49.0   0.0    13   183    47   216    32   216 0.86 # 125 # 772 # 1 # ID=2659_2;partial=01;start_type=ATG;rbs_motif=GGAGG;rbs_spacer=5-10bp;gc_cont=0.701
contig01125_1        -            154 36169at72274         -            263     1e-08   33.7   0.0   1   1   1.4e-11   1.2e-08   33.4   0.0    13   111    36   132    21   152 0.82 # 3 # 464 # -1 # ID=1125_1;partial=10;start_type=ATG;rbs_motif=None;rbs_spacer=None;gc_cont=0.677
contig00371_2        -            321 36169at72274         -            263     2e-08   32.7   0.0   1   1   4.3e-11   3.7e-08   31.8   0.0    14   115    38   141    28   147 0.83 # 272 # 1234 # 1 # ID=371_2;partial=00;start_type=ATG;rbs_motif=GGA/GAG/AGG;rbs_spacer=5-10bp;gc_cont=0.704
contig02511_1        -            244 36169at72274         -            263   0.00068   17.9   0.0   1   1   1.2e-06   0.00097   17.3   0.0   210   260    41    97    16    99 0.78 # 1 # 732 # 1 # ID=2511_1;partial=10;start_type=Edge;rbs_motif=None;rbs_spacer=None;gc_cont=0.671
contig00376_4        -            403 36169at72274         -            263    0.0052   14.9   0.1   1   2   2.4e-05      0.02   13.0   0.2    14   101    79   167    74   189 0.81 # 1777 # 2985 # 1 # ID=376_4;partial=00;start_type=ATG;rbs_motif=GGAG/GAGG;rbs_spacer=5-10bp;gc_cont=0.669
contig00376_4        -            403 36169at72274         -            263    0.0052   14.9   0.1   2   2      0.53   4.4e+02   -1.2   0.0   207   260   332   391   276   394 0.66 # 1777 # 2985 # 1 # ID=376_4;partial=00;start_type=ATG;rbs_motif=GGAG/GAGG;rbs_spacer=5-10bp;gc_cont=0.669
#
# Program:         hmmsearch
# Version:         3.1b2 (February 2015)
# Pipeline mode:   SEARCH
# Query file:      /home/johngn/Microbial-Genomics-Journey-Workshop-2023/Reads_session_3/busco_downloads/lineages/pseudomonadales_odb10/hmms/36169at72274.hmm
# Target file:     /home/johngn/Microbial-Genomics-Journey-Workshop-2023/Reads_session_3/busco_op4/prodigal_output/predicted_genes/predicted.faa
# Option settings: hmmsearch --domtblout /home/johngn/Microbial-Genomics-Journey-Workshop-2023/Reads_session_3/busco_op4/run_pseudomonadales_odb10/hmmer_output/36169at72274.out --cpu 1 /home/johngn/Microbial-Genomics-Journey-Workshop-2023/Reads_session_3/busco_downloads/lineages/pseudomonadales_odb10/hmms/36169at72274.hmm /home/johngn/Microbial-Genomics-Journey-Workshop-2023/Reads_session_3/busco_op4/prodigal_output/predicted_genes/predicted.faa 
# Current dir:     /home/johngn/Microbial-Genomics-Journey-Workshop-2023/Reads_session_3
# Date:            Wed Mar  8 17:01:26 2023
# [ok]
