#                                                                            --- full sequence --- -------------- this domain -------------   hmm coord   ali coord   env coord
# target name        accession   tlen query name           accession   qlen   E-value  score  bias   #  of  c-Evalue  i-Evalue  score  bias  from    to  from    to  from    to  acc description of target
#------------------- ---------- ----- -------------------- ---------- ----- --------- ------ ----- --- --- --------- --------- ------ ----- ----- ----- ----- ----- ----- ----- ---- ---------------------
contig00330_1        -            245 36231at72274         -            279  1.1e-116  387.8   0.0   1   1  9.1e-120  1.3e-116  387.7   0.0    54   278     3   233     1   234 0.98 # 1 # 735 # 1 # ID=330_1;partial=10;start_type=Edge;rbs_motif=None;rbs_spacer=None;gc_cont=0.634
contig00009_2        -            429 36231at72274         -            279   1.8e-19   69.0   0.0   1   1     2e-22   2.7e-19   68.4   0.0    58   241    96   279    68   309 0.78 # 887 # 2173 # 1 # ID=9_2;partial=00;start_type=ATG;rbs_motif=GGAG/GAGG;rbs_spacer=5-10bp;gc_cont=0.618
contig00051_7        -            342 36231at72274         -            279   6.4e-18   63.9   0.1   1   1   6.6e-21   9.3e-18   63.4   0.1    45   252    94   300    89   325 0.78 # 4936 # 5961 # 1 # ID=51_7;partial=00;start_type=GTG;rbs_motif=GGAG/GAGG;rbs_spacer=5-10bp;gc_cont=0.648
contig00218_4        -             67 36231at72274         -            279   1.7e-15   56.0   0.1   1   1   1.4e-18   1.9e-15   55.8   0.1     3    45    14    56    12    61 0.93 # 4034 # 4234 # 1 # ID=218_4;partial=01;start_type=ATG;rbs_motif=AGGAG;rbs_spacer=5-10bp;gc_cont=0.607
contig00434_3        -            192 36231at72274         -            279   0.00013   20.3   0.0   1   2   2.1e-06    0.0029   15.8   0.0    72   107    47    82    10   108 0.75 # 2533 # 3108 # -1 # ID=434_3;partial=01;start_type=Edge;rbs_motif=None;rbs_spacer=None;gc_cont=0.613
contig00434_3        -            192 36231at72274         -            279   0.00013   20.3   0.0   2   2     0.024        34    2.5   0.0   221   239   168   186   164   190 0.83 # 2533 # 3108 # -1 # ID=434_3;partial=01;start_type=Edge;rbs_motif=None;rbs_spacer=None;gc_cont=0.613
contig00001_25       -            694 36231at72274         -            279   0.00027   19.2   0.0   1   2   9.9e-06     0.014   13.6   0.0    79   140    72   128    56   132 0.85 # 16698 # 18779 # -1 # ID=1_25;partial=00;start_type=ATG;rbs_motif=GGAGG;rbs_spacer=5-10bp;gc_cont=0.649
contig00001_25       -            694 36231at72274         -            279   0.00027   19.2   0.0   2   2     0.014        20    3.2   0.0   186   266   150   228   142   237 0.79 # 16698 # 18779 # -1 # ID=1_25;partial=00;start_type=ATG;rbs_motif=GGAGG;rbs_spacer=5-10bp;gc_cont=0.649
#
# Program:         hmmsearch
# Version:         3.1b2 (February 2015)
# Pipeline mode:   SEARCH
# Query file:      /home/johngn/Microbial-Genomics-Journey-Workshop-2023/Reads_session_3/busco_downloads/lineages/pseudomonadales_odb10/hmms/36231at72274.hmm
# Target file:     /home/johngn/Microbial-Genomics-Journey-Workshop-2023/Reads_session_3/busco_op4/prodigal_output/predicted_genes/predicted.faa
# Option settings: hmmsearch --domtblout /home/johngn/Microbial-Genomics-Journey-Workshop-2023/Reads_session_3/busco_op4/run_pseudomonadales_odb10/hmmer_output/36231at72274.out --cpu 1 /home/johngn/Microbial-Genomics-Journey-Workshop-2023/Reads_session_3/busco_downloads/lineages/pseudomonadales_odb10/hmms/36231at72274.hmm /home/johngn/Microbial-Genomics-Journey-Workshop-2023/Reads_session_3/busco_op4/prodigal_output/predicted_genes/predicted.faa 
# Current dir:     /home/johngn/Microbial-Genomics-Journey-Workshop-2023/Reads_session_3
# Date:            Wed Mar  8 17:01:26 2023
# [ok]
