#                                                                            --- full sequence --- -------------- this domain -------------   hmm coord   ali coord   env coord
# target name        accession   tlen query name           accession   qlen   E-value  score  bias   #  of  c-Evalue  i-Evalue  score  bias  from    to  from    to  from    to  acc description of target
#------------------- ---------- ----- -------------------- ---------- ----- --------- ------ ----- --- --- --------- --------- ------ ----- ----- ----- ----- ----- ----- ----- ---- ---------------------
contig00390_4        -            591 3634at72274          -            512    5e-276  914.9  16.8   1   1  1.4e-277  7.7e-275  911.0  16.8     1   506     2   570     2   575 0.92 # 1283 # 3055 # 1 # ID=390_4;partial=00;start_type=ATG;rbs_motif=None;rbs_spacer=None;gc_cont=0.651
contig00774_2        -            575 3634at72274          -            512   6.1e-16   56.9   2.4   1   2   4.5e-14   2.6e-11   41.6   1.3     5   261     5   274     1   319 0.77 # 239 # 1963 # 1 # ID=774_2;partial=00;start_type=ATG;rbs_motif=GGAG/GAGG;rbs_spacer=5-10bp;gc_cont=0.668
contig00774_2        -            575 3634at72274          -            512   6.1e-16   56.9   2.4   2   2   1.3e-05    0.0073   13.7   0.0   350   501   366   537   346   546 0.62 # 239 # 1963 # 1 # ID=774_2;partial=00;start_type=ATG;rbs_motif=GGAG/GAGG;rbs_spacer=5-10bp;gc_cont=0.668
contig00618_5        -            186 3634at72274          -            512   1.7e-15   55.4   0.0   1   1   4.8e-18   2.7e-15   54.7   0.0   338   489     2   168     1   171 0.73 # 2074 # 2631 # -1 # ID=618_5;partial=01;start_type=Edge;rbs_motif=None;rbs_spacer=None;gc_cont=0.659
contig02551_1        -             99 3634at72274          -            512   1.2e-06   26.2   0.1   1   1   2.4e-09   1.3e-06   26.1   0.1     5    88     4    87     1    96 0.90 # 1 # 297 # -1 # ID=2551_1;partial=10;start_type=ATG;rbs_motif=GGA/GAG/AGG;rbs_spacer=5-10bp;gc_cont=0.667
contig02146_1        -            337 3634at72274          -            512   0.00041   17.9   3.1   1   2   7.7e-06    0.0043   14.5   0.7     8    55     1    50     1    59 0.83 # 2 # 1012 # 1 # ID=2146_1;partial=11;start_type=Edge;rbs_motif=None;rbs_spacer=None;gc_cont=0.632
contig02146_1        -            337 3634at72274          -            512   0.00041   17.9   3.1   2   2     0.012       6.7    4.0   0.1   124   190    86   151    51   164 0.69 # 2 # 1012 # 1 # ID=2146_1;partial=11;start_type=Edge;rbs_motif=None;rbs_spacer=None;gc_cont=0.632
contig01078_2        -            296 3634at72274          -            512    0.0022   15.4   0.0   1   1   6.4e-06    0.0036   14.8   0.0     7    54     2    54     1    77 0.74 # 309 # 1196 # 1 # ID=1078_2;partial=00;start_type=ATG;rbs_motif=GGAG/GAGG;rbs_spacer=5-10bp;gc_cont=0.703
contig00830_2        -            417 3634at72274          -            512    0.0052   14.2   0.1   1   1   1.6e-05    0.0089   13.5   0.1     7    39    32    66    27    84 0.83 # 296 # 1546 # 1 # ID=830_2;partial=00;start_type=ATG;rbs_motif=AGGAG;rbs_spacer=5-10bp;gc_cont=0.671
contig02282_3        -             52 3634at72274          -            512    0.0068   13.9   0.1   1   1   1.3e-05     0.007   13.8   0.1     6    37     3    34     1    40 0.92 # 789 # 944 # 1 # ID=2282_3;partial=01;start_type=ATG;rbs_motif=GGAG/GAGG;rbs_spacer=5-10bp;gc_cont=0.782
contig02079_1        -            351 3634at72274          -            512     0.028   11.8   0.8   1   1   7.1e-05      0.04   11.3   0.8     5    37    32    64    28   100 0.83 # 2 # 1054 # 1 # ID=2079_1;partial=11;start_type=Edge;rbs_motif=None;rbs_spacer=None;gc_cont=0.689
contig01809_2        -            166 3634at72274          -            512     0.029   11.8   0.4   1   1   7.7e-05     0.043   11.2   0.3     6    37    27    58    23    85 0.82 # 707 # 1204 # 1 # ID=1809_2;partial=01;start_type=ATG;rbs_motif=GGA/GAG/AGG;rbs_spacer=5-10bp;gc_cont=0.647
contig00032_5        -            418 3634at72274          -            512     0.031   11.7   0.2   1   1   8.3e-05     0.047   11.1   0.2     6    51     3    49     1    59 0.81 # 3282 # 4535 # -1 # ID=32_5;partial=00;start_type=ATG;rbs_motif=GGA/GAG/AGG;rbs_spacer=5-10bp;gc_cont=0.688
contig02392_1        -            250 3634at72274          -            512     0.051   10.9   0.1   1   2   0.00027      0.15    9.4   0.1     6    31     6    31     2    57 0.73 # 140 # 889 # 1 # ID=2392_1;partial=01;start_type=GTG;rbs_motif=AGGAG;rbs_spacer=5-10bp;gc_cont=0.641
contig02392_1        -            250 3634at72274          -            512     0.051   10.9   0.1   2   2      0.51   2.9e+02   -1.4   0.0   237   253   184   201   177   224 0.67 # 140 # 889 # 1 # ID=2392_1;partial=01;start_type=GTG;rbs_motif=AGGAG;rbs_spacer=5-10bp;gc_cont=0.641
contig01951_3        -            128 3634at72274          -            512     0.056   10.8   0.1   1   1   0.00012     0.069   10.5   0.1     6    37     4    35     1    46 0.91 # 731 # 1114 # 1 # ID=1951_3;partial=01;start_type=ATG;rbs_motif=AGGAG;rbs_spacer=5-10bp;gc_cont=0.635
contig00032_6        -            465 3634at72274          -            512     0.057   10.8   0.1   1   1   0.00019      0.11    9.9   0.1    10    32     5    27     1    35 0.86 # 4538 # 5932 # -1 # ID=32_6;partial=00;start_type=ATG;rbs_motif=AGGAG;rbs_spacer=5-10bp;gc_cont=0.696
contig01493_1        -            394 3634at72274          -            512     0.091   10.1   0.1   1   1   0.00025      0.14    9.5   0.1    10    55    12    58     5    71 0.78 # 272 # 1453 # 1 # ID=1493_1;partial=01;start_type=ATG;rbs_motif=None;rbs_spacer=None;gc_cont=0.697
#
# Program:         hmmsearch
# Version:         3.1b2 (February 2015)
# Pipeline mode:   SEARCH
# Query file:      /home/johngn/Microbial-Genomics-Journey-Workshop-2023/Reads_session_3/busco_downloads/lineages/pseudomonadales_odb10/hmms/3634at72274.hmm
# Target file:     /home/johngn/Microbial-Genomics-Journey-Workshop-2023/Reads_session_3/busco_op4/prodigal_output/predicted_genes/predicted.faa
# Option settings: hmmsearch --domtblout /home/johngn/Microbial-Genomics-Journey-Workshop-2023/Reads_session_3/busco_op4/run_pseudomonadales_odb10/hmmer_output/3634at72274.out --cpu 1 /home/johngn/Microbial-Genomics-Journey-Workshop-2023/Reads_session_3/busco_downloads/lineages/pseudomonadales_odb10/hmms/3634at72274.hmm /home/johngn/Microbial-Genomics-Journey-Workshop-2023/Reads_session_3/busco_op4/prodigal_output/predicted_genes/predicted.faa 
# Current dir:     /home/johngn/Microbial-Genomics-Journey-Workshop-2023/Reads_session_3
# Date:            Wed Mar  8 17:01:26 2023
# [ok]
