#                                                                            --- full sequence --- -------------- this domain -------------   hmm coord   ali coord   env coord
# target name        accession   tlen query name           accession   qlen   E-value  score  bias   #  of  c-Evalue  i-Evalue  score  bias  from    to  from    to  from    to  acc description of target
#------------------- ---------- ----- -------------------- ---------- ----- --------- ------ ----- --- --- --------- --------- ------ ----- ----- ----- ----- ----- ----- ----- ---- ---------------------
contig00829_1        -            345 36951at72274         -            301  2.4e-152  505.0   1.0   1   1  6.5e-155  3.7e-152  504.4   1.0     1   299     1   335     1   340 0.91 # 118 # 1152 # -1 # ID=829_1;partial=00;start_type=ATG;rbs_motif=GGA/GAG/AGG;rbs_spacer=5-10bp;gc_cont=0.635
contig02103_1        -            337 36951at72274         -            301   1.8e-72  242.8   0.2   1   1   4.6e-75   2.6e-72  242.2   0.2     4   292     7   330     1   336 0.85 # 29 # 1039 # 1 # ID=2103_1;partial=01;start_type=ATG;rbs_motif=GGA/GAG/AGG;rbs_spacer=5-10bp;gc_cont=0.658
contig02188_1        -            329 36951at72274         -            301   1.9e-38  131.1   0.6   1   2   1.6e-39     9e-37  125.6   0.1    88   238    76   223    15   234 0.79 # 1 # 987 # 1 # ID=2188_1;partial=11;start_type=Edge;rbs_motif=None;rbs_spacer=None;gc_cont=0.602
contig02188_1        -            329 36951at72274         -            301   1.9e-38  131.1   0.6   2   2     0.019        11    3.8   0.0   241   280   268   308   261   328 0.72 # 1 # 987 # 1 # ID=2188_1;partial=11;start_type=Edge;rbs_motif=None;rbs_spacer=None;gc_cont=0.602
contig02901_1        -            219 36951at72274         -            301   1.6e-37  128.0   1.0   1   1     4e-40   2.2e-37  127.5   1.0    90   237    25   168    15   172 0.86 # 1 # 657 # 1 # ID=2901_1;partial=11;start_type=Edge;rbs_motif=None;rbs_spacer=None;gc_cont=0.696
contig00436_2        -            595 36951at72274         -            301   4.1e-37  126.7   0.3   1   3       1.1     6e+02   -1.9   0.0     9    34   220   248   210   262 0.71 # 114 # 1898 # 1 # ID=436_2;partial=00;start_type=ATG;rbs_motif=GGAG/GAGG;rbs_spacer=5-10bp;gc_cont=0.679
contig00436_2        -            595 36951at72274         -            301   4.1e-37  126.7   0.3   2   3   7.3e-39   4.1e-36  123.4   0.2    92   210   338   458   304   480 0.91 # 114 # 1898 # 1 # ID=436_2;partial=00;start_type=ATG;rbs_motif=GGAG/GAGG;rbs_spacer=5-10bp;gc_cont=0.679
contig00436_2        -            595 36951at72274         -            301   4.1e-37  126.7   0.3   3   3      0.39   2.2e+02   -0.5   0.0   242   263   527   548   518   583 0.80 # 114 # 1898 # 1 # ID=436_2;partial=00;start_type=ATG;rbs_motif=GGAG/GAGG;rbs_spacer=5-10bp;gc_cont=0.679
contig00198_2        -            576 36951at72274         -            301   1.1e-35  121.9   2.1   1   2   2.5e-38   1.4e-35  121.7   0.7    89   210   315   438   233   464 0.78 # 424 # 2151 # -1 # ID=198_2;partial=00;start_type=ATG;rbs_motif=GGA/GAG/AGG;rbs_spacer=5-10bp;gc_cont=0.643
contig00198_2        -            576 36951at72274         -            301   1.1e-35  121.9   2.1   2   2       1.3   7.4e+02   -2.2   0.0   241   280   511   551   508   556 0.76 # 424 # 2151 # -1 # ID=198_2;partial=00;start_type=ATG;rbs_motif=GGA/GAG/AGG;rbs_spacer=5-10bp;gc_cont=0.643
contig00006_16       -            319 36951at72274         -            301   3.7e-22   77.6   0.2   1   1   8.8e-25   4.9e-22   77.2   0.2    48   269    60   301    41   313 0.78 # 17538 # 18494 # 1 # ID=6_16;partial=00;start_type=GTG;rbs_motif=GGA/GAG/AGG;rbs_spacer=5-10bp;gc_cont=0.608
contig00006_13       -            514 36951at72274         -            301     6e-20   70.3   0.0   1   2      0.57   3.2e+02   -1.0   0.0    10    38   104   137    92   148 0.71 # 14369 # 15910 # 1 # ID=6_13;partial=00;start_type=ATG;rbs_motif=None;rbs_spacer=None;gc_cont=0.632
contig00006_13       -            514 36951at72274         -            301     6e-20   70.3   0.0   2   2   5.4e-22     3e-19   68.0   0.0    96   209   231   357   219   361 0.78 # 14369 # 15910 # 1 # ID=6_13;partial=00;start_type=ATG;rbs_motif=None;rbs_spacer=None;gc_cont=0.632
contig00007_28       -            346 36951at72274         -            301     3e-13   48.3   0.0   1   1   1.2e-15   6.6e-13   47.2   0.0    44   233    87   303    55   326 0.70 # 19802 # 20839 # 1 # ID=7_28;partial=00;start_type=ATG;rbs_motif=AGGAG/GGAGG;rbs_spacer=11-12bp;gc_cont=0.560
contig00777_3        -            196 36951at72274         -            301   1.7e-10   39.2   1.5   1   1   4.5e-13   2.5e-10   38.7   1.5   108   250     2   153     1   162 0.73 # 1738 # 2325 # -1 # ID=777_3;partial=01;start_type=Edge;rbs_motif=None;rbs_spacer=None;gc_cont=0.679
contig01841_1        -            394 36951at72274         -            301    0.0062   14.4   0.0   1   1   1.8e-05      0.01   13.7   0.0    69   120   227   278   210   292 0.87 # 3 # 1184 # 1 # ID=1841_1;partial=11;start_type=Edge;rbs_motif=None;rbs_spacer=None;gc_cont=0.699
contig00007_29       -             47 36951at72274         -            301    0.0063   14.4   0.1   1   1   1.1e-05    0.0063   14.4   0.1   147   179     6    38     1    45 0.83 # 20908 # 21048 # 1 # ID=7_29;partial=00;start_type=ATG;rbs_motif=GGAG/GAGG;rbs_spacer=5-10bp;gc_cont=0.546
contig02652_1        -            258 36951at72274         -            301     0.007   14.3   0.1   1   1   2.1e-05     0.012   13.5   0.1    94   117    14    37     6    42 0.87 # 1 # 774 # 1 # ID=2652_1;partial=11;start_type=Edge;rbs_motif=None;rbs_spacer=None;gc_cont=0.668
contig01181_2        -            107 36951at72274         -            301     0.029   12.3   0.0   1   1     7e-05     0.039   11.8   0.0   241   282    41    83    28   100 0.88 # 1421 # 1741 # -1 # ID=1181_2;partial=01;start_type=Edge;rbs_motif=None;rbs_spacer=None;gc_cont=0.707
contig00002_1        -            684 36951at72274         -            301     0.061   11.2   0.0   1   1   0.00024      0.13   10.1   0.0   100   121   261   282   248   291 0.88 # 2 # 2053 # 1 # ID=2_1;partial=10;start_type=Edge;rbs_motif=None;rbs_spacer=None;gc_cont=0.656
#
# Program:         hmmsearch
# Version:         3.1b2 (February 2015)
# Pipeline mode:   SEARCH
# Query file:      /home/johngn/Microbial-Genomics-Journey-Workshop-2023/Reads_session_3/busco_downloads/lineages/pseudomonadales_odb10/hmms/36951at72274.hmm
# Target file:     /home/johngn/Microbial-Genomics-Journey-Workshop-2023/Reads_session_3/busco_op4/prodigal_output/predicted_genes/predicted.faa
# Option settings: hmmsearch --domtblout /home/johngn/Microbial-Genomics-Journey-Workshop-2023/Reads_session_3/busco_op4/run_pseudomonadales_odb10/hmmer_output/36951at72274.out --cpu 1 /home/johngn/Microbial-Genomics-Journey-Workshop-2023/Reads_session_3/busco_downloads/lineages/pseudomonadales_odb10/hmms/36951at72274.hmm /home/johngn/Microbial-Genomics-Journey-Workshop-2023/Reads_session_3/busco_op4/prodigal_output/predicted_genes/predicted.faa 
# Current dir:     /home/johngn/Microbial-Genomics-Journey-Workshop-2023/Reads_session_3
# Date:            Wed Mar  8 17:01:27 2023
# [ok]
