#                                                                            --- full sequence --- -------------- this domain -------------   hmm coord   ali coord   env coord
# target name        accession   tlen query name           accession   qlen   E-value  score  bias   #  of  c-Evalue  i-Evalue  score  bias  from    to  from    to  from    to  acc description of target
#------------------- ---------- ----- -------------------- ---------- ----- --------- ------ ----- --- --- --------- --------- ------ ----- ----- ----- ----- ----- ----- ----- ---- ---------------------
contig01481_1        -            468 3705at72274          -            561  3.9e-101  338.0   0.0   1   2   9.2e-23     7e-20   69.7   0.0     3    97    11   117     9   132 0.83 # 1 # 1404 # -1 # ID=1481_1;partial=10;start_type=ATG;rbs_motif=None;rbs_spacer=None;gc_cont=0.683
contig01481_1        -            468 3705at72274          -            561  3.9e-101  338.0   0.0   2   2   2.6e-82     2e-79  266.3   0.0   121   390   171   446   157   457 0.93 # 1 # 1404 # -1 # ID=1481_1;partial=10;start_type=ATG;rbs_motif=None;rbs_spacer=None;gc_cont=0.683
contig01298_1        -            236 3705at72274          -            561   1.7e-93  312.7   2.2   1   1   7.9e-96     6e-93  310.9   2.2     1   190     1   232     1   235 0.89 # 3 # 710 # -1 # ID=1298_1;partial=10;start_type=ATG;rbs_motif=None;rbs_spacer=None;gc_cont=0.627
contig02766_2        -            153 3705at72274          -            561   5.1e-64  215.4   1.0   1   1     1e-66   7.8e-64  214.8   1.0   433   551     4   125     1   152 0.94 # 265 # 723 # -1 # ID=2766_2;partial=01;start_type=Edge;rbs_motif=None;rbs_spacer=None;gc_cont=0.649
contig00334_1        -            252 3705at72274          -            561   6.1e-30  102.9   0.4   1   1     1e-32   7.8e-30  102.6   0.4   417   548    28   166    18   174 0.75 # 3 # 758 # 1 # ID=334_1;partial=10;start_type=Edge;rbs_motif=None;rbs_spacer=None;gc_cont=0.665
contig00265_1        -           1225 3705at72274          -            561   1.9e-15   55.1   0.0   1   4     0.038        29    1.6   0.0    47    70    38    61     1    68 0.63 # 1 # 3675 # 1 # ID=265_1;partial=10;start_type=Edge;rbs_motif=None;rbs_spacer=None;gc_cont=0.695
contig00265_1        -           1225 3705at72274          -            561   1.9e-15   55.1   0.0   2   4   1.3e-07   9.8e-05   19.7   0.0   139   247   346   468   335   481 0.76 # 1 # 3675 # 1 # ID=265_1;partial=10;start_type=Edge;rbs_motif=None;rbs_spacer=None;gc_cont=0.695
contig00265_1        -           1225 3705at72274          -            561   1.9e-15   55.1   0.0   3   4   6.9e-09   5.3e-06   23.9   0.0   295   483   569   768   564   773 0.71 # 1 # 3675 # 1 # ID=265_1;partial=10;start_type=Edge;rbs_motif=None;rbs_spacer=None;gc_cont=0.695
contig00265_1        -           1225 3705at72274          -            561   1.9e-15   55.1   0.0   4   4     0.013       9.6    3.2   0.0   499   524   815   840   804   849 0.85 # 1 # 3675 # 1 # ID=265_1;partial=10;start_type=Edge;rbs_motif=None;rbs_spacer=None;gc_cont=0.695
contig01798_1        -            389 3705at72274          -            561   1.4e-11   42.3   0.0   1   2   2.7e-11   2.1e-08   31.8   0.0   168   249   126   222   116   232 0.74 # 1 # 1167 # 1 # ID=1798_1;partial=10;start_type=Edge;rbs_motif=None;rbs_spacer=None;gc_cont=0.686
contig01798_1        -            389 3705at72274          -            561   1.4e-11   42.3   0.0   2   2   0.00038      0.29    8.2   0.0   452   519   290   370   248   386 0.67 # 1 # 1167 # 1 # ID=1798_1;partial=10;start_type=Edge;rbs_motif=None;rbs_spacer=None;gc_cont=0.686
contig03142_1        -            182 3705at72274          -            561   1.5e-08   32.3   0.0   1   2   6.2e-08   4.7e-05   20.7   0.0    16    70    26    82    12   101 0.83 # 2 # 547 # -1 # ID=3142_1;partial=10;start_type=ATG;rbs_motif=AGGA/GGAG/GAGG;rbs_spacer=11-12bp;gc_cont=0.553
contig03142_1        -            182 3705at72274          -            561   1.5e-08   32.3   0.0   2   2   0.00012     0.094    9.9   0.0   141   203   115   182   107   182 0.86 # 2 # 547 # -1 # ID=3142_1;partial=10;start_type=ATG;rbs_motif=AGGA/GGAG/GAGG;rbs_spacer=11-12bp;gc_cont=0.553
contig00144_2        -            406 3705at72274          -            561     1e-07   29.5   0.0   1   2    0.0023       1.8    5.6   0.0   166   246   145   224   134   248 0.77 # 342 # 1559 # -1 # ID=144_2;partial=00;start_type=GTG;rbs_motif=GGA/GAG/AGG;rbs_spacer=5-10bp;gc_cont=0.567
contig00144_2        -            406 3705at72274          -            561     1e-07   29.5   0.0   2   2   3.1e-08   2.4e-05   21.7   0.0   460   523   310   382   302   388 0.75 # 342 # 1559 # -1 # ID=144_2;partial=00;start_type=GTG;rbs_motif=GGA/GAG/AGG;rbs_spacer=5-10bp;gc_cont=0.567
contig00005_21       -            494 3705at72274          -            561   7.9e-07   26.6   0.1   1   3       1.2   9.2e+02   -3.3   0.0    13    32    12    31     5    35 0.78 # 16304 # 17785 # 1 # ID=5_21;partial=00;start_type=ATG;rbs_motif=GGAG/GAGG;rbs_spacer=5-10bp;gc_cont=0.599
contig00005_21       -            494 3705at72274          -            561   7.9e-07   26.6   0.1   2   3   6.6e-05      0.05   10.8   0.0   163   245   188   267   160   275 0.76 # 16304 # 17785 # 1 # ID=5_21;partial=00;start_type=ATG;rbs_motif=GGAG/GAGG;rbs_spacer=5-10bp;gc_cont=0.599
contig00005_21       -            494 3705at72274          -            561   7.9e-07   26.6   0.1   3   3   1.2e-05    0.0093   13.2   0.0   461   523   407   468   393   486 0.80 # 16304 # 17785 # 1 # ID=5_21;partial=00;start_type=ATG;rbs_motif=GGAG/GAGG;rbs_spacer=5-10bp;gc_cont=0.599
contig03062_1        -            198 3705at72274          -            561    0.0038   14.4   0.0   1   1   6.5e-06     0.005   14.1   0.0     5    68    77   141    73   147 0.74 # 2 # 595 # -1 # ID=3062_1;partial=11;start_type=Edge;rbs_motif=None;rbs_spacer=None;gc_cont=0.471
contig02113_2        -            309 3705at72274          -            561     0.023   11.9   0.0   1   1   4.3e-05     0.033   11.4   0.0   469   522    88   136    80   146 0.79 # 107 # 1033 # -1 # ID=2113_2;partial=01;start_type=Edge;rbs_motif=None;rbs_spacer=None;gc_cont=0.558
#
# Program:         hmmsearch
# Version:         3.1b2 (February 2015)
# Pipeline mode:   SEARCH
# Query file:      /home/johngn/Microbial-Genomics-Journey-Workshop-2023/Reads_session_3/busco_downloads/lineages/pseudomonadales_odb10/hmms/3705at72274.hmm
# Target file:     /home/johngn/Microbial-Genomics-Journey-Workshop-2023/Reads_session_3/busco_op4/prodigal_output/predicted_genes/predicted.faa
# Option settings: hmmsearch --domtblout /home/johngn/Microbial-Genomics-Journey-Workshop-2023/Reads_session_3/busco_op4/run_pseudomonadales_odb10/hmmer_output/3705at72274.out --cpu 1 /home/johngn/Microbial-Genomics-Journey-Workshop-2023/Reads_session_3/busco_downloads/lineages/pseudomonadales_odb10/hmms/3705at72274.hmm /home/johngn/Microbial-Genomics-Journey-Workshop-2023/Reads_session_3/busco_op4/prodigal_output/predicted_genes/predicted.faa 
# Current dir:     /home/johngn/Microbial-Genomics-Journey-Workshop-2023/Reads_session_3
# Date:            Wed Mar  8 17:01:27 2023
# [ok]
