#                                                                            --- full sequence --- -------------- this domain -------------   hmm coord   ali coord   env coord
# target name        accession   tlen query name           accession   qlen   E-value  score  bias   #  of  c-Evalue  i-Evalue  score  bias  from    to  from    to  from    to  acc description of target
#------------------- ---------- ----- -------------------- ---------- ----- --------- ------ ----- --- --- --------- --------- ------ ----- ----- ----- ----- ----- ----- ----- ---- ---------------------
contig01011_2        -            247 37262at72274         -            196   1.3e-44  150.9   2.1   1   2   1.9e-34   2.1e-32  111.1   0.2     1   127     7   138     7   146 0.89 # 604 # 1344 # -1 # ID=1011_2;partial=00;start_type=ATG;rbs_motif=GGAG/GAGG;rbs_spacer=5-10bp;gc_cont=0.665
contig01011_2        -            247 37262at72274         -            196   1.3e-44  150.9   2.1   2   2   1.4e-12   1.6e-10   39.7   0.1   127   195   159   236   144   237 0.86 # 604 # 1344 # -1 # ID=1011_2;partial=00;start_type=ATG;rbs_motif=GGAG/GAGG;rbs_spacer=5-10bp;gc_cont=0.665
contig00187_3        -            248 37262at72274         -            196   1.7e-42  144.0   0.2   1   2   9.5e-37     1e-34  118.6   0.0     1   114    13   130    13   143 0.90 # 3012 # 3755 # 1 # ID=187_3;partial=00;start_type=ATG;rbs_motif=GGAG/GAGG;rbs_spacer=5-10bp;gc_cont=0.679
contig00187_3        -            248 37262at72274         -            196   1.7e-42  144.0   0.2   2   2   1.1e-07   1.2e-05   23.7   0.0   127   194   162   238   150   240 0.88 # 3012 # 3755 # 1 # ID=187_3;partial=00;start_type=ATG;rbs_motif=GGAG/GAGG;rbs_spacer=5-10bp;gc_cont=0.679
contig00955_2        -            243 37262at72274         -            196   2.5e-42  143.4   0.1   1   1   3.9e-44   4.2e-42  142.7   0.1     1   194     8   232     8   234 0.83 # 536 # 1264 # -1 # ID=955_2;partial=00;start_type=GTG;rbs_motif=AGGAG;rbs_spacer=5-10bp;gc_cont=0.694
contig00380_2        -            230 37262at72274         -            196   5.6e-42  142.3   0.2   1   1   2.4e-43   2.7e-41  140.1   0.2     1   195     4   225     4   226 0.81 # 1258 # 1947 # -1 # ID=380_2;partial=00;start_type=ATG;rbs_motif=None;rbs_spacer=None;gc_cont=0.693
contig02090_1        -            256 37262at72274         -            196   5.2e-36  122.8   0.8   1   1   6.1e-38   6.6e-36  122.5   0.8     1   193    29   244    29   247 0.85 # 3 # 770 # 1 # ID=2090_1;partial=10;start_type=Edge;rbs_motif=None;rbs_spacer=None;gc_cont=0.648
contig01082_2        -            226 37262at72274         -            196   1.4e-35  121.4   0.0   1   1   1.5e-37   1.7e-35  121.2   0.0     1   195     3   221     3   222 0.87 # 170 # 847 # 1 # ID=1082_2;partial=00;start_type=ATG;rbs_motif=GGAGG;rbs_spacer=5-10bp;gc_cont=0.664
contig00134_4        -            222 37262at72274         -            196   9.9e-35  118.6   0.1   1   1     1e-36   1.1e-34  118.5   0.1     1   194     3   216     3   218 0.84 # 2576 # 3241 # 1 # ID=134_4;partial=00;start_type=ATG;rbs_motif=GGAG/GAGG;rbs_spacer=5-10bp;gc_cont=0.701
contig00151_4        -            224 37262at72274         -            196   1.2e-34  118.4   0.0   1   1   1.3e-36   1.5e-34  118.1   0.0     1   195     3   218     3   219 0.85 # 1992 # 2663 # 1 # ID=151_4;partial=00;start_type=ATG;rbs_motif=GGAG/GAGG;rbs_spacer=5-10bp;gc_cont=0.695
contig01432_2        -            236 37262at72274         -            196   1.1e-33  115.2   0.0   1   1   1.6e-35   1.7e-33  114.6   0.0     1   195     9   229     9   230 0.85 # 774 # 1481 # 1 # ID=1432_2;partial=00;start_type=ATG;rbs_motif=None;rbs_spacer=None;gc_cont=0.636
contig00107_5        -            230 37262at72274         -            196   2.8e-33  113.9   0.4   1   1   3.2e-35   3.5e-33  113.6   0.4     1   194     3   220     3   222 0.89 # 3273 # 3962 # -1 # ID=107_5;partial=00;start_type=ATG;rbs_motif=AGGA/GGAG/GAGG;rbs_spacer=11-12bp;gc_cont=0.661
contig01172_2        -            230 37262at72274         -            196   3.1e-33  113.8   0.1   1   1     4e-35   4.3e-33  113.3   0.1     1   195     5   223     5   224 0.83 # 1060 # 1749 # -1 # ID=1172_2;partial=01;start_type=Edge;rbs_motif=None;rbs_spacer=None;gc_cont=0.648
contig01068_1        -            225 37262at72274         -            196   6.9e-33  112.6   1.4   1   1   8.1e-35   8.8e-33  112.3   1.4     1   194     3   220     3   222 0.87 # 50 # 724 # 1 # ID=1068_1;partial=00;start_type=ATG;rbs_motif=GGA/GAG/AGG;rbs_spacer=5-10bp;gc_cont=0.650
contig01632_2        -            226 37262at72274         -            196   2.2e-32  111.0   0.0   1   1   2.6e-34   2.9e-32  110.6   0.0     2   183     5   203     4   225 0.83 # 329 # 1006 # 1 # ID=1632_2;partial=00;start_type=ATG;rbs_motif=GGA/GAG/AGG;rbs_spacer=5-10bp;gc_cont=0.698
contig01879_2        -            231 37262at72274         -            196   4.9e-32  109.8   0.0   1   1   5.8e-34   6.4e-32  109.5   0.0     1   183     8   207     8   228 0.85 # 203 # 895 # 1 # ID=1879_2;partial=00;start_type=ATG;rbs_motif=None;rbs_spacer=None;gc_cont=0.687
contig00443_2        -            240 37262at72274         -            196   1.6e-31  108.2   0.1   1   1   1.6e-31   1.7e-29  101.5   0.1     2   184    12   216    11   236 0.80 # 791 # 1510 # -1 # ID=443_2;partial=00;start_type=ATG;rbs_motif=None;rbs_spacer=None;gc_cont=0.662
contig00628_3        -            224 37262at72274         -            196   5.4e-30  103.2   0.0   1   1   1.1e-31   1.2e-29  102.1   0.0     1   193     3   217     3   220 0.83 # 1863 # 2534 # -1 # ID=628_3;partial=00;start_type=ATG;rbs_motif=GGAG/GAGG;rbs_spacer=5-10bp;gc_cont=0.701
contig01961_2        -            202 37262at72274         -            196   5.1e-29  100.0   0.2   1   1   8.4e-30   9.2e-28   95.9   0.2     1   160     7   194     7   199 0.79 # 504 # 1109 # 1 # ID=1961_2;partial=01;start_type=ATG;rbs_motif=GGAGG;rbs_spacer=5-10bp;gc_cont=0.683
contig00426_2        -            239 37262at72274         -            196   1.9e-28   98.2   0.0   1   1   3.2e-30   3.5e-28   97.3   0.0     2   193    14   231    13   234 0.84 # 1458 # 2174 # 1 # ID=426_2;partial=00;start_type=GTG;rbs_motif=GGA/GAG/AGG;rbs_spacer=11-12bp;gc_cont=0.692
contig02072_2        -            156 37262at72274         -            196   1.5e-23   82.1   0.0   1   1   1.7e-25   1.9e-23   81.9   0.0     1   123     3   129     3   149 0.84 # 593 # 1060 # 1 # ID=2072_2;partial=01;start_type=ATG;rbs_motif=GGAG/GAGG;rbs_spacer=5-10bp;gc_cont=0.679
contig00349_4        -            260 37262at72274         -            196   1.1e-21   76.0   0.0   1   1   1.4e-23   1.5e-21   75.6   0.0     2   113     7   126     6   142 0.84 # 2722 # 3501 # 1 # ID=349_4;partial=01;start_type=ATG;rbs_motif=AGGAG;rbs_spacer=5-10bp;gc_cont=0.662
contig00186_5        -            122 37262at72274         -            196     3e-20   71.4   0.1   1   1     3e-22   3.3e-20   71.2   0.1     1   110     4   119     4   121 0.91 # 4093 # 4458 # -1 # ID=186_5;partial=00;start_type=ATG;rbs_motif=None;rbs_spacer=None;gc_cont=0.615
contig01466_2        -            135 37262at72274         -            196   3.8e-20   71.1   0.1   1   1     4e-22   4.3e-20   70.9   0.1     1   114     3   120     3   133 0.89 # 1067 # 1471 # 1 # ID=1466_2;partial=01;start_type=ATG;rbs_motif=None;rbs_spacer=None;gc_cont=0.709
contig01991_1        -            355 37262at72274         -            196   1.7e-18   65.7   0.0   1   1   2.3e-20   2.5e-18   65.1   0.0    14   111    25   129    12   150 0.79 # 1 # 1065 # -1 # ID=1991_1;partial=10;start_type=ATG;rbs_motif=GGAGG;rbs_spacer=3-4bp;gc_cont=0.694
contig01055_2        -            122 37262at72274         -            196   4.7e-18   64.2   0.0   1   1   4.7e-20   5.2e-18   64.1   0.0     1   109     5   119     5   121 0.88 # 513 # 878 # 1 # ID=1055_2;partial=00;start_type=ATG;rbs_motif=GGAG/GAGG;rbs_spacer=5-10bp;gc_cont=0.648
contig00096_1        -            198 37262at72274         -            196   1.4e-17   62.6   0.1   1   1   1.8e-19   1.9e-17   62.2   0.1     2   121     6   129     5   145 0.85 # 3 # 596 # -1 # ID=96_1;partial=10;start_type=ATG;rbs_motif=GGA/GAG/AGG;rbs_spacer=5-10bp;gc_cont=0.677
contig00961_1        -            125 37262at72274         -            196   2.5e-17   61.9   0.0   1   1   2.5e-19   2.8e-17   61.7   0.0     1   105    13   123    13   125 0.89 # 2 # 376 # -1 # ID=961_1;partial=10;start_type=ATG;rbs_motif=None;rbs_spacer=None;gc_cont=0.664
contig00358_4        -            125 37262at72274         -            196   8.2e-17   60.2   0.1   1   1   8.6e-19   9.4e-17   60.0   0.1     1   112     3   121     3   123 0.87 # 2226 # 2600 # 1 # ID=358_4;partial=00;start_type=ATG;rbs_motif=GGA/GAG/AGG;rbs_spacer=5-10bp;gc_cont=0.603
contig02308_2        -            222 37262at72274         -            196   1.8e-16   59.1   0.0   1   1   2.1e-18   2.3e-16   58.7   0.0     2   128     8   137     7   151 0.87 # 267 # 932 # 1 # ID=2308_2;partial=01;start_type=ATG;rbs_motif=AGGAG;rbs_spacer=5-10bp;gc_cont=0.671
contig01470_2        -            380 37262at72274         -            196   3.4e-16   58.2   0.0   1   1   6.8e-18   7.4e-16   57.1   0.0     2   108     7   117     6   134 0.82 # 331 # 1470 # 1 # ID=1470_2;partial=01;start_type=ATG;rbs_motif=GGA/GAG/AGG;rbs_spacer=5-10bp;gc_cont=0.674
contig00240_1        -            177 37262at72274         -            196   4.8e-16   57.7   0.3   1   1   5.2e-18   5.7e-16   57.4   0.3     1   119     8   131     8   152 0.85 # 3 # 533 # -1 # ID=240_1;partial=10;start_type=ATG;rbs_motif=GGA/GAG/AGG;rbs_spacer=5-10bp;gc_cont=0.627
contig02206_2        -            263 37262at72274         -            196   5.8e-15   54.1   0.1   1   1     9e-17   9.9e-15   53.4   0.1     1   113    53   174    53   221 0.77 # 191 # 979 # 1 # ID=2206_2;partial=01;start_type=ATG;rbs_motif=None;rbs_spacer=None;gc_cont=0.677
contig00175_3        -            348 37262at72274         -            196   7.8e-14   50.5   0.0   1   1     1e-15   1.1e-13   49.9   0.0     1   110    21   137    21   167 0.87 # 2289 # 3332 # -1 # ID=175_3;partial=00;start_type=ATG;rbs_motif=GGAG/GAGG;rbs_spacer=5-10bp;gc_cont=0.674
contig00048_2        -            442 37262at72274         -            196   7.1e-13   47.3   0.0   1   1   1.1e-14   1.2e-12   46.6   0.0     1   110     7   120     7   140 0.84 # 1274 # 2599 # -1 # ID=48_2;partial=00;start_type=ATG;rbs_motif=GGA/GAG/AGG;rbs_spacer=5-10bp;gc_cont=0.683
contig02949_1        -            136 37262at72274         -            196   2.8e-12   45.4   0.0   1   1   3.1e-14   3.4e-12   45.1   0.0     1   124     3   131     3   134 0.83 # 3 # 410 # -1 # ID=2949_1;partial=10;start_type=ATG;rbs_motif=AGGA/GGAG/GAGG;rbs_spacer=11-12bp;gc_cont=0.654
contig00388_2        -            450 37262at72274         -            196   7.6e-12   44.0   0.1   1   1   1.2e-13   1.3e-11   43.2   0.1     1   102    11   116    11   147 0.84 # 1277 # 2626 # -1 # ID=388_2;partial=00;start_type=ATG;rbs_motif=AGGA/GGAG/GAGG;rbs_spacer=11-12bp;gc_cont=0.668
contig00940_2        -            643 37262at72274         -            196   9.9e-12   43.6   0.0   1   1   1.9e-13     2e-11   42.6   0.0     1   103   517   625   517   632 0.86 # 132 # 2060 # 1 # ID=940_2;partial=01;start_type=ATG;rbs_motif=AGGAG;rbs_spacer=5-10bp;gc_cont=0.658
contig00997_1        -            479 37262at72274         -            196   1.4e-11   43.1   0.1   1   1   2.3e-13   2.5e-11   42.3   0.1     1   111     4   114     4   125 0.89 # 305 # 1741 # -1 # ID=997_1;partial=00;start_type=ATG;rbs_motif=GGA/GAG/AGG;rbs_spacer=5-10bp;gc_cont=0.665
contig00361_3        -            226 37262at72274         -            196   1.7e-11   42.8   0.0   1   1   1.9e-13   2.1e-11   42.5   0.0     1   183     3   190     3   198 0.81 # 2711 # 3388 # -1 # ID=361_3;partial=00;start_type=ATG;rbs_motif=AGGAG;rbs_spacer=5-10bp;gc_cont=0.693
contig02047_2        -            219 37262at72274         -            196   5.1e-11   41.3   0.0   1   1   5.9e-13   6.5e-11   40.9   0.0     1   132    11   151    11   162 0.84 # 409 # 1065 # 1 # ID=2047_2;partial=01;start_type=ATG;rbs_motif=GGAG/GAGG;rbs_spacer=5-10bp;gc_cont=0.639
contig00093_5        -            787 37262at72274         -            196   1.2e-10   40.1   0.0   1   2       3.1   3.4e+02   -0.6   0.0   105   165    94   151    84   173 0.73 # 2317 # 4677 # 1 # ID=93_5;partial=00;start_type=ATG;rbs_motif=GGA/GAG/AGG;rbs_spacer=5-10bp;gc_cont=0.671
contig00093_5        -            787 37262at72274         -            196   1.2e-10   40.1   0.0   2   2   1.3e-11   1.4e-09   36.6   0.0     1   105   665   775   665   781 0.81 # 2317 # 4677 # 1 # ID=93_5;partial=00;start_type=ATG;rbs_motif=GGA/GAG/AGG;rbs_spacer=5-10bp;gc_cont=0.671
contig00362_3        -            215 37262at72274         -            196   1.9e-10   39.4   0.0   1   1   2.3e-12   2.5e-10   39.0   0.0     1   110     4   119     4   144 0.83 # 2448 # 3092 # -1 # ID=362_3;partial=00;start_type=GTG;rbs_motif=GGAG/GAGG;rbs_spacer=5-10bp;gc_cont=0.633
contig00726_1        -             37 37262at72274         -            196   5.4e-10   37.9   0.4   1   1   6.4e-12     7e-10   37.6   0.4   170   196     1    34     1    34 0.83 # 1 # 111 # 1 # ID=726_1;partial=10;start_type=Edge;rbs_motif=None;rbs_spacer=None;gc_cont=0.622
contig01163_2        -            206 37262at72274         -            196     7e-10   37.6   0.1   1   1   8.8e-12   9.6e-10   37.1   0.1     1   110     4   118     4   191 0.88 # 1145 # 1762 # 1 # ID=1163_2;partial=01;start_type=ATG;rbs_motif=GGA/GAG/AGG;rbs_spacer=11-12bp;gc_cont=0.605
contig03090_1        -             98 37262at72274         -            196     8e-10   37.4   0.1   1   1   8.9e-12   9.8e-10   37.1   0.1     1    77    13    93    13    95 0.87 # 3 # 296 # -1 # ID=3090_1;partial=10;start_type=ATG;rbs_motif=AGGAGG;rbs_spacer=5-10bp;gc_cont=0.684
contig00996_1        -            482 37262at72274         -            196     1e-09   37.0   0.0   1   1   1.5e-11   1.6e-09   36.4   0.0     2   103   224   334   223   354 0.78 # 3 # 1448 # 1 # ID=996_1;partial=10;start_type=Edge;rbs_motif=None;rbs_spacer=None;gc_cont=0.686
contig01415_1        -            355 37262at72274         -            196   1.9e-09   36.1   0.0   1   1   2.8e-11   3.1e-09   35.5   0.0     1   110   227   347   227   353 0.79 # 2 # 1066 # 1 # ID=1415_1;partial=10;start_type=Edge;rbs_motif=None;rbs_spacer=None;gc_cont=0.709
contig01465_3        -            103 37262at72274         -            196   2.1e-09   36.0   0.1   1   1   2.3e-11   2.6e-09   35.7   0.1    29    90    40   103     3   103 0.67 # 1163 # 1471 # 1 # ID=1465_3;partial=01;start_type=ATG;rbs_motif=AGGA;rbs_spacer=5-10bp;gc_cont=0.660
contig00224_2        -            350 37262at72274         -            196   3.8e-09   35.2   0.1   1   1   5.5e-11     6e-09   34.5   0.1     1    96     5   107     5   137 0.78 # 1516 # 2565 # -1 # ID=224_2;partial=00;start_type=ATG;rbs_motif=GGAG/GAGG;rbs_spacer=5-10bp;gc_cont=0.717
contig00175_5        -             96 37262at72274         -            196   5.8e-09   34.6   0.1   1   1   5.8e-11   6.4e-09   34.4   0.1    37    98    13    77     2    92 0.82 # 4444 # 4731 # -1 # ID=175_5;partial=01;start_type=Edge;rbs_motif=None;rbs_spacer=None;gc_cont=0.625
contig00464_4        -            483 37262at72274         -            196   8.5e-09   34.0   0.3   1   2       2.2   2.4e+02   -0.1   0.1    98   135    25    62    19    76 0.84 # 1577 # 3025 # -1 # ID=464_4;partial=01;start_type=Edge;rbs_motif=None;rbs_spacer=None;gc_cont=0.650
contig00464_4        -            483 37262at72274         -            196   8.5e-09   34.0   0.3   2   2   4.6e-10     5e-08   31.5   0.0     1   108   230   346   230   356 0.83 # 1577 # 3025 # -1 # ID=464_4;partial=01;start_type=Edge;rbs_motif=None;rbs_spacer=None;gc_cont=0.650
contig00583_4        -             89 37262at72274         -            196   1.1e-08   33.6   0.1   1   1   1.2e-10   1.3e-08   33.5   0.1     1    73    10    88    10    89 0.87 # 2455 # 2721 # 1 # ID=583_4;partial=01;start_type=ATG;rbs_motif=GGA/GAG/AGG;rbs_spacer=5-10bp;gc_cont=0.547
contig00080_1        -            208 37262at72274         -            196   1.2e-08   33.5   0.1   1   1   1.3e-10   1.4e-08   33.3   0.1     1   110     4   118     4   188 0.88 # 128 # 751 # -1 # ID=80_1;partial=00;start_type=ATG;rbs_motif=AGGA;rbs_spacer=5-10bp;gc_cont=0.588
contig00660_1        -            695 37262at72274         -            196   2.5e-08   32.5   0.0   1   1     5e-10   5.4e-08   31.4   0.0     1   104   453   565   453   585 0.83 # 2 # 2086 # 1 # ID=660_1;partial=10;start_type=Edge;rbs_motif=None;rbs_spacer=None;gc_cont=0.678
contig00644_2        -            607 37262at72274         -            196   2.9e-08   32.3   0.1   1   2         9   9.8e+02   -2.1   0.0    99   124   293   318   284   330 0.80 # 758 # 2578 # -1 # ID=644_2;partial=01;start_type=Edge;rbs_motif=None;rbs_spacer=None;gc_cont=0.701
contig00644_2        -            607 37262at72274         -            196   2.9e-08   32.3   0.1   2   2   7.4e-10   8.1e-08   30.8   0.0     1   111   492   603   492   606 0.85 # 758 # 2578 # -1 # ID=644_2;partial=01;start_type=Edge;rbs_motif=None;rbs_spacer=None;gc_cont=0.701
contig00086_4        -            187 37262at72274         -            196   7.3e-08   31.0   0.1   1   1   9.3e-10     1e-07   30.5   0.0     1   106    15   124    15   161 0.83 # 2921 # 3481 # 1 # ID=86_4;partial=00;start_type=ATG;rbs_motif=GGAG/GAGG;rbs_spacer=5-10bp;gc_cont=0.674
contig02979_1        -            210 37262at72274         -            196   9.2e-08   30.7   0.0   1   1   1.2e-09   1.3e-07   30.2   0.0     1   181     7   192     7   201 0.65 # 3 # 632 # 1 # ID=2979_1;partial=11;start_type=Edge;rbs_motif=None;rbs_spacer=None;gc_cont=0.640
contig01956_2        -            112 37262at72274         -            196   1.3e-07   30.2   0.4   1   1   1.4e-09   1.5e-07   30.0   0.4     2    93    15   112    14   112 0.85 # 779 # 1114 # 1 # ID=1956_2;partial=01;start_type=ATG;rbs_motif=AGGAG;rbs_spacer=5-10bp;gc_cont=0.685
contig02528_2        -             99 37262at72274         -            196     2e-07   29.6   0.0   1   1   2.1e-09   2.3e-07   29.4   0.0     1    88     4    96     4    98 0.80 # 530 # 826 # 1 # ID=2528_2;partial=01;start_type=ATG;rbs_motif=GGA/GAG/AGG;rbs_spacer=5-10bp;gc_cont=0.646
contig01781_1        -            244 37262at72274         -            196   2.7e-07   29.1   0.0   1   1   3.2e-09   3.5e-07   28.8   0.0     1    98     5   109     5   137 0.79 # 1 # 732 # -1 # ID=1781_1;partial=10;start_type=ATG;rbs_motif=AGGAG;rbs_spacer=5-10bp;gc_cont=0.669
contig00373_3        -            222 37262at72274         -            196   4.6e-07   28.4   0.1   1   1   7.6e-09   8.3e-07   27.5   0.1     1   110     4   120     4   211 0.79 # 763 # 1428 # 1 # ID=373_3;partial=00;start_type=ATG;rbs_motif=GGAG/GAGG;rbs_spacer=5-10bp;gc_cont=0.641
contig00191_1        -            168 37262at72274         -            196     5e-07   28.3   0.1   1   1   5.8e-09   6.4e-07   27.9   0.1    41   140     5   106     2   145 0.83 # 2 # 505 # 1 # ID=191_1;partial=10;start_type=Edge;rbs_motif=None;rbs_spacer=None;gc_cont=0.696
contig02763_1        -            222 37262at72274         -            196   1.3e-06   26.9   0.0   1   1   1.9e-08   2.1e-06   26.2   0.0    41   110     9    81     4    88 0.88 # 59 # 724 # -1 # ID=2763_1;partial=01;start_type=Edge;rbs_motif=None;rbs_spacer=None;gc_cont=0.703
contig00199_3        -            304 37262at72274         -            196   8.8e-06   24.2   0.0   1   1   1.2e-07   1.3e-05   23.6   0.0     1   105     8   116     8   126 0.81 # 1769 # 2680 # 1 # ID=199_3;partial=00;start_type=ATG;rbs_motif=GGAG/GAGG;rbs_spacer=5-10bp;gc_cont=0.696
contig00056_8        -            127 37262at72274         -            196   1.8e-05   23.2   0.0   1   1   1.8e-07     2e-05   23.0   0.0     1   103    17   124    17   127 0.84 # 7193 # 7573 # 1 # ID=56_8;partial=01;start_type=ATG;rbs_motif=GGA/GAG/AGG;rbs_spacer=5-10bp;gc_cont=0.643
contig00103_3        -            400 37262at72274         -            196   1.9e-05   23.1   0.0   1   1   2.8e-07   3.1e-05   22.4   0.0    29   111    43   128    28   138 0.87 # 2033 # 3232 # -1 # ID=103_3;partial=00;start_type=ATG;rbs_motif=GGAG/GAGG;rbs_spacer=5-10bp;gc_cont=0.709
contig00342_3        -            218 37262at72274         -            196   2.9e-05   22.5   0.0   1   1     5e-07   5.5e-05   21.6   0.0     1   112     6   125     6   204 0.69 # 1698 # 2351 # -1 # ID=342_3;partial=00;start_type=ATG;rbs_motif=AGGA;rbs_spacer=5-10bp;gc_cont=0.667
contig02474_1        -            282 37262at72274         -            196   3.4e-05   22.3   0.1   1   2       7.2   7.9e+02   -1.8   0.0   164   189    57    84    47    87 0.69 # 3 # 848 # -1 # ID=2474_1;partial=11;start_type=Edge;rbs_motif=None;rbs_spacer=None;gc_cont=0.700
contig02474_1        -            282 37262at72274         -            196   3.4e-05   22.3   0.1   2   2   7.9e-07   8.7e-05   20.9   0.0    31   100   206   281   168   282 0.56 # 3 # 848 # -1 # ID=2474_1;partial=11;start_type=Edge;rbs_motif=None;rbs_spacer=None;gc_cont=0.700
contig02924_1        -            217 37262at72274         -            196   3.9e-05   22.1   0.0   1   1   6.1e-07   6.7e-05   21.3   0.0     1    58   157   217   157   217 0.90 # 1 # 651 # 1 # ID=2924_1;partial=11;start_type=Edge;rbs_motif=None;rbs_spacer=None;gc_cont=0.711
contig02415_2        -            217 37262at72274         -            196   5.6e-05   21.6   0.0   1   2   4.6e-06    0.0005   18.5   0.0    70   113     1    44     1    61 0.87 # 227 # 877 # -1 # ID=2415_2;partial=01;start_type=Edge;rbs_motif=None;rbs_spacer=None;gc_cont=0.668
contig02415_2        -            217 37262at72274         -            196   5.6e-05   21.6   0.0   2   2       1.2   1.4e+02    0.7   0.0   108   133   136   161   131   172 0.84 # 227 # 877 # -1 # ID=2415_2;partial=01;start_type=Edge;rbs_motif=None;rbs_spacer=None;gc_cont=0.668
contig00165_1        -             99 37262at72274         -            196   0.00012   20.5   0.0   1   1   1.2e-06   0.00013   20.4   0.0   132   186    20    74     2    93 0.83 # 1 # 297 # 1 # ID=165_1;partial=10;start_type=Edge;rbs_motif=None;rbs_spacer=None;gc_cont=0.650
contig00175_4        -            336 37262at72274         -            196   0.00023   19.6   0.0   1   1   3.6e-06   0.00039   18.8   0.0    27    80    34    87     5   126 0.80 # 3440 # 4447 # -1 # ID=175_4;partial=00;start_type=TTG;rbs_motif=GGAG/GAGG;rbs_spacer=5-10bp;gc_cont=0.664
contig03231_1        -            180 37262at72274         -            196    0.0016   16.8   0.0   1   1     2e-05    0.0022   16.4   0.0    71   106     2    37     1    74 0.69 # 1 # 540 # 1 # ID=3231_1;partial=11;start_type=Edge;rbs_motif=None;rbs_spacer=None;gc_cont=0.687
contig00186_6        -             32 37262at72274         -            196     0.002   16.5   0.0   1   1   1.8e-05     0.002   16.5   0.0    90   110     1    21     1    30 0.87 # 4505 # 4600 # -1 # ID=186_6;partial=01;start_type=Edge;rbs_motif=None;rbs_spacer=None;gc_cont=0.604
contig01772_1        -            173 37262at72274         -            196     0.013   13.9   0.0   1   1   0.00015     0.016   13.5   0.0    34   104    52   123    24   134 0.78 # 3 # 521 # -1 # ID=1772_1;partial=10;start_type=ATG;rbs_motif=GGA/GAG/AGG;rbs_spacer=5-10bp;gc_cont=0.696
contig00474_1        -            186 37262at72274         -            196     0.015   13.6   0.0   1   1   0.00014     0.016   13.6   0.0    38   109    48   120     6   170 0.84 # 3 # 560 # -1 # ID=474_1;partial=10;start_type=ATG;rbs_motif=GGAG/GAGG;rbs_spacer=5-10bp;gc_cont=0.685
contig01372_2        -             61 37262at72274         -            196     0.021   13.2   0.0   1   1    0.0002     0.022   13.1   0.0     1    54     5    61     5    61 0.80 # 1377 # 1559 # 1 # ID=1372_2;partial=01;start_type=ATG;rbs_motif=AGGAG;rbs_spacer=5-10bp;gc_cont=0.683
contig03209_2        -             58 37262at72274         -            196     0.065   11.6   0.0   1   1   0.00068     0.075   11.4   0.0    69   104     6    41     2    46 0.90 # 377 # 550 # -1 # ID=3209_2;partial=01;start_type=Edge;rbs_motif=None;rbs_spacer=None;gc_cont=0.655
#
# Program:         hmmsearch
# Version:         3.1b2 (February 2015)
# Pipeline mode:   SEARCH
# Query file:      /home/johngn/Microbial-Genomics-Journey-Workshop-2023/Reads_session_3/busco_downloads/lineages/pseudomonadales_odb10/hmms/37262at72274.hmm
# Target file:     /home/johngn/Microbial-Genomics-Journey-Workshop-2023/Reads_session_3/busco_op4/prodigal_output/predicted_genes/predicted.faa
# Option settings: hmmsearch --domtblout /home/johngn/Microbial-Genomics-Journey-Workshop-2023/Reads_session_3/busco_op4/run_pseudomonadales_odb10/hmmer_output/37262at72274.out --cpu 1 /home/johngn/Microbial-Genomics-Journey-Workshop-2023/Reads_session_3/busco_downloads/lineages/pseudomonadales_odb10/hmms/37262at72274.hmm /home/johngn/Microbial-Genomics-Journey-Workshop-2023/Reads_session_3/busco_op4/prodigal_output/predicted_genes/predicted.faa 
# Current dir:     /home/johngn/Microbial-Genomics-Journey-Workshop-2023/Reads_session_3
# Date:            Wed Mar  8 17:01:27 2023
# [ok]
