#                                                                            --- full sequence --- -------------- this domain -------------   hmm coord   ali coord   env coord
# target name        accession   tlen query name           accession   qlen   E-value  score  bias   #  of  c-Evalue  i-Evalue  score  bias  from    to  from    to  from    to  acc description of target
#------------------- ---------- ----- -------------------- ---------- ----- --------- ------ ----- --- --- --------- --------- ------ ----- ----- ----- ----- ----- ----- ----- ---- ---------------------
contig01424_1        -            287 37956at72274         -            355  1.4e-102  342.1   7.0   1   1  1.5e-105  1.9e-102  341.7   7.0     4   254    11   282     6   287 0.94 # 3 # 863 # -1 # ID=1424_1;partial=10;start_type=ATG;rbs_motif=AGGAG;rbs_spacer=5-10bp;gc_cont=0.722
contig01258_1        -            214 37956at72274         -            355   2.1e-08   32.3   0.0   1   1   1.3e-10   1.5e-07   29.5   0.0     7   164    26   198    20   204 0.69 # 1 # 642 # -1 # ID=1258_1;partial=10;start_type=ATG;rbs_motif=GGA/GAG/AGG;rbs_spacer=11-12bp;gc_cont=0.620
contig00147_1        -            409 37956at72274         -            355     0.002   15.9   0.0   1   2     4e-06    0.0048   14.7   0.0    11    56    24    68    15    82 0.82 # 414 # 1640 # 1 # ID=147_1;partial=00;start_type=ATG;rbs_motif=GGAG/GAGG;rbs_spacer=5-10bp;gc_cont=0.666
contig00147_1        -            409 37956at72274         -            355     0.002   15.9   0.0   2   2      0.79   9.6e+02   -2.7   0.0   321   340   365   384   362   391 0.83 # 414 # 1640 # 1 # ID=147_1;partial=00;start_type=ATG;rbs_motif=GGAG/GAGG;rbs_spacer=5-10bp;gc_cont=0.666
contig00105_6        -            411 37956at72274         -            355    0.0035   15.1   0.0   1   1   4.7e-06    0.0057   14.4   0.0    11    47    37    72    27    82 0.82 # 3966 # 5198 # -1 # ID=105_6;partial=00;start_type=ATG;rbs_motif=AGGAG;rbs_spacer=5-10bp;gc_cont=0.663
contig01246_2        -            313 37956at72274         -            355      0.01   13.6   2.3   1   1   1.1e-05     0.014   13.2   1.8   182   231   196   245   189   262 0.87 # 116 # 1054 # 1 # ID=1246_2;partial=00;start_type=ATG;rbs_motif=GGAG/GAGG;rbs_spacer=5-10bp;gc_cont=0.659
contig00802_1        -            526 37956at72274         -            355     0.016   13.0   0.1   1   1   1.9e-05     0.023   12.4   0.1     7    58   221   267   215   291 0.76 # 142 # 1719 # -1 # ID=802_1;partial=00;start_type=ATG;rbs_motif=GGA/GAG/AGG;rbs_spacer=5-10bp;gc_cont=0.663
contig00317_2        -            406 37956at72274         -            355     0.021   12.6   0.0   1   2    0.0004      0.48    8.1   0.0    13    40     4    31     1    38 0.85 # 562 # 1779 # 1 # ID=317_2;partial=00;start_type=ATG;rbs_motif=GGAG/GAGG;rbs_spacer=5-10bp;gc_cont=0.637
contig00317_2        -            406 37956at72274         -            355     0.021   12.6   0.0   2   2     0.026        31    2.1   0.0   144   167   146   169   139   175 0.89 # 562 # 1779 # 1 # ID=317_2;partial=00;start_type=ATG;rbs_motif=GGAG/GAGG;rbs_spacer=5-10bp;gc_cont=0.637
#
# Program:         hmmsearch
# Version:         3.1b2 (February 2015)
# Pipeline mode:   SEARCH
# Query file:      /home/johngn/Microbial-Genomics-Journey-Workshop-2023/Reads_session_3/busco_downloads/lineages/pseudomonadales_odb10/hmms/37956at72274.hmm
# Target file:     /home/johngn/Microbial-Genomics-Journey-Workshop-2023/Reads_session_3/busco_op4/prodigal_output/predicted_genes/predicted.faa
# Option settings: hmmsearch --domtblout /home/johngn/Microbial-Genomics-Journey-Workshop-2023/Reads_session_3/busco_op4/run_pseudomonadales_odb10/hmmer_output/37956at72274.out --cpu 1 /home/johngn/Microbial-Genomics-Journey-Workshop-2023/Reads_session_3/busco_downloads/lineages/pseudomonadales_odb10/hmms/37956at72274.hmm /home/johngn/Microbial-Genomics-Journey-Workshop-2023/Reads_session_3/busco_op4/prodigal_output/predicted_genes/predicted.faa 
# Current dir:     /home/johngn/Microbial-Genomics-Journey-Workshop-2023/Reads_session_3
# Date:            Wed Mar  8 17:01:27 2023
# [ok]
