#                                                                            --- full sequence --- -------------- this domain -------------   hmm coord   ali coord   env coord
# target name        accession   tlen query name           accession   qlen   E-value  score  bias   #  of  c-Evalue  i-Evalue  score  bias  from    to  from    to  from    to  acc description of target
#------------------- ---------- ----- -------------------- ---------- ----- --------- ------ ----- --- --- --------- --------- ------ ----- ----- ----- ----- ----- ----- ----- ---- ---------------------
contig00214_2        -            242 38602at72274         -            226    2e-129  428.7   0.8   1   1  2.7e-131  2.3e-129  428.5   0.8     1   226     3   241     3   241 0.96 # 246 # 971 # 1 # ID=214_2;partial=00;start_type=ATG;rbs_motif=GGA/GAG/AGG;rbs_spacer=5-10bp;gc_cont=0.631
contig02615_1        -            262 38602at72274         -            226   4.6e-37  126.6   0.0   1   1   6.7e-39   5.7e-37  126.3   0.0     4   208     6   215     3   227 0.89 # 3 # 788 # 1 # ID=2615_1;partial=11;start_type=Edge;rbs_motif=None;rbs_spacer=None;gc_cont=0.644
contig00498_3        -            234 38602at72274         -            226   2.3e-36  124.4   0.1   1   1   2.9e-38   2.4e-36  124.3   0.1    13   221    15   232     1   233 0.90 # 1927 # 2628 # 1 # ID=498_3;partial=00;start_type=ATG;rbs_motif=GGA/GAG/AGG;rbs_spacer=5-10bp;gc_cont=0.644
contig00573_3        -            236 38602at72274         -            226     3e-36  124.0   0.0   1   1   4.2e-38   3.6e-36  123.7   0.0    13   221    19   236     9   236 0.94 # 2039 # 2746 # 1 # ID=573_3;partial=01;start_type=ATG;rbs_motif=AGGAG;rbs_spacer=5-10bp;gc_cont=0.658
contig00956_2        -            477 38602at72274         -            226   5.2e-34  116.6   0.8   1   2   1.3e-18   1.1e-16   59.9   0.0     2   206     9   224     8   245 0.85 # 610 # 2040 # 1 # ID=956_2;partial=01;start_type=ATG;rbs_motif=GGAG/GAGG;rbs_spacer=5-10bp;gc_cont=0.707
contig00956_2        -            477 38602at72274         -            226   5.2e-34  116.6   0.8   2   2   5.3e-17   4.5e-15   54.7   0.1    11   202   268   476   260   477 0.75 # 610 # 2040 # 1 # ID=956_2;partial=01;start_type=ATG;rbs_motif=GGAG/GAGG;rbs_spacer=5-10bp;gc_cont=0.707
contig00233_3        -            330 38602at72274         -            226   8.5e-33  112.7   0.0   1   1   1.3e-34   1.1e-32  112.3   0.0     3   204     4   215     2   236 0.89 # 1279 # 2268 # -1 # ID=233_3;partial=00;start_type=ATG;rbs_motif=GGAG/GAGG;rbs_spacer=5-10bp;gc_cont=0.661
contig00826_3        -            233 38602at72274         -            226   2.2e-32  111.3   0.0   1   1   2.9e-34   2.4e-32  111.2   0.0     3   208     3   216     1   227 0.90 # 1174 # 1872 # 1 # ID=826_3;partial=00;start_type=ATG;rbs_motif=GGA/GAG/AGG;rbs_spacer=5-10bp;gc_cont=0.685
contig00498_2        -            256 38602at72274         -            226   2.3e-32  111.3   0.1   1   1   1.1e-32   9.6e-31  105.9   0.1    14   222    20   254     6   255 0.83 # 1157 # 1924 # 1 # ID=498_2;partial=00;start_type=ATG;rbs_motif=GGAG/GAGG;rbs_spacer=5-10bp;gc_cont=0.652
contig00945_1        -            308 38602at72274         -            226     9e-32  109.3   0.0   1   1   1.4e-33   1.1e-31  109.0   0.0     3   208     3   213     1   224 0.91 # 13 # 936 # -1 # ID=945_1;partial=00;start_type=ATG;rbs_motif=GGA/GAG/AGG;rbs_spacer=5-10bp;gc_cont=0.695
contig01293_2        -            270 38602at72274         -            226   1.2e-31  109.0   0.0   1   1   1.8e-33   1.5e-31  108.6   0.0    10   208    19   227    10   235 0.89 # 266 # 1075 # -1 # ID=1293_2;partial=00;start_type=ATG;rbs_motif=AGGAG;rbs_spacer=5-10bp;gc_cont=0.646
contig00028_7        -            361 38602at72274         -            226   6.8e-30  103.2   0.0   1   1   1.1e-31   9.3e-30  102.7   0.0     2   204     7   215     6   218 0.89 # 7486 # 8568 # -1 # ID=28_7;partial=00;start_type=ATG;rbs_motif=None;rbs_spacer=None;gc_cont=0.676
contig00573_2        -            291 38602at72274         -            226   5.3e-29  100.2   1.6   1   2   7.3e-11   6.2e-09   34.6   0.1     4    61     8    67     5    74 0.84 # 1170 # 2042 # 1 # ID=573_2;partial=00;start_type=ATG;rbs_motif=GGA/GAG/AGG;rbs_spacer=5-10bp;gc_cont=0.647
contig00573_2        -            291 38602at72274         -            226   5.3e-29  100.2   1.6   2   2   1.1e-19   9.4e-18   63.5   0.2   111   223   168   285   103   287 0.80 # 1170 # 2042 # 1 # ID=573_2;partial=00;start_type=ATG;rbs_motif=GGA/GAG/AGG;rbs_spacer=5-10bp;gc_cont=0.647
contig00306_4        -            311 38602at72274         -            226   1.5e-28   98.8   0.0   1   1   2.8e-30   2.4e-28   98.1   0.0     2   209     5   219     4   229 0.89 # 2174 # 3106 # 1 # ID=306_4;partial=00;start_type=ATG;rbs_motif=GGA/GAG/AGG;rbs_spacer=5-10bp;gc_cont=0.624
contig00167_2        -            305 38602at72274         -            226     2e-28   98.4   0.0   1   1   3.7e-30   3.1e-28   97.7   0.0    18   212    22   214    13   225 0.93 # 850 # 1764 # 1 # ID=167_2;partial=00;start_type=ATG;rbs_motif=GGAG/GAGG;rbs_spacer=5-10bp;gc_cont=0.728
contig00130_4        -            332 38602at72274         -            226     3e-28   97.8   0.0   1   1   4.8e-30     4e-28   97.4   0.0     3   208     5   216     3   222 0.90 # 2759 # 3754 # -1 # ID=130_4;partial=00;start_type=ATG;rbs_motif=GGA/GAG/AGG;rbs_spacer=5-10bp;gc_cont=0.676
contig00577_2        -            241 38602at72274         -            226   5.8e-28   96.8   0.2   1   1   8.2e-30   6.9e-28   96.6   0.2     7   204     7   214     1   223 0.85 # 255 # 977 # 1 # ID=577_2;partial=00;start_type=ATG;rbs_motif=GGAG/GAGG;rbs_spacer=5-10bp;gc_cont=0.665
contig01192_3        -            245 38602at72274         -            226   7.2e-28   96.5   0.1   1   1   1.1e-29   9.5e-28   96.2   0.1    13   206    19   220     3   223 0.87 # 798 # 1532 # -1 # ID=1192_3;partial=00;start_type=GTG;rbs_motif=GGAGG;rbs_spacer=5-10bp;gc_cont=0.663
contig00463_2        -            370 38602at72274         -            226   1.8e-26   91.9   0.2   1   1   4.1e-28   3.5e-26   91.0   0.0    12   204    24   220    11   224 0.91 # 556 # 1665 # -1 # ID=463_2;partial=00;start_type=ATG;rbs_motif=GGA/GAG/AGG;rbs_spacer=5-10bp;gc_cont=0.654
contig00163_1        -            498 38602at72274         -            226     3e-26   91.3   1.4   1   2   7.5e-16   6.3e-14   50.9   0.1     5   207    14   238    10   245 0.78 # 2 # 1495 # -1 # ID=163_1;partial=10;start_type=ATG;rbs_motif=GGAG/GAGG;rbs_spacer=5-10bp;gc_cont=0.665
contig00163_1        -            498 38602at72274         -            226     3e-26   91.3   1.4   2   2   2.2e-11   1.9e-09   36.3   0.1    13   184   299   482   292   497 0.72 # 2 # 1495 # -1 # ID=163_1;partial=10;start_type=ATG;rbs_motif=GGAG/GAGG;rbs_spacer=5-10bp;gc_cont=0.665
contig00525_3        -            270 38602at72274         -            226   5.1e-26   90.5   0.0   1   1     1e-27   8.7e-26   89.7   0.0    12   195    18   191     7   203 0.90 # 1296 # 2105 # -1 # ID=525_3;partial=00;start_type=ATG;rbs_motif=AGGA;rbs_spacer=5-10bp;gc_cont=0.694
contig00242_1        -            335 38602at72274         -            226   1.6e-25   88.8   0.0   1   1   2.9e-27   2.5e-25   88.3   0.0    28   212     2   194     1   202 0.88 # 3 # 1007 # 1 # ID=242_1;partial=10;start_type=Edge;rbs_motif=None;rbs_spacer=None;gc_cont=0.693
contig01932_1        -            258 38602at72274         -            226   5.6e-25   87.1   0.0   1   1     8e-26   6.7e-24   83.6   0.0     2   204     8   231     7   241 0.83 # 64 # 837 # 1 # ID=1932_1;partial=00;start_type=ATG;rbs_motif=GGAG/GAGG;rbs_spacer=5-10bp;gc_cont=0.634
contig00191_5        -            248 38602at72274         -            226   1.9e-24   85.3   0.0   1   1   2.7e-26   2.3e-24   85.1   0.0    13   205    15   215     1   221 0.88 # 2972 # 3715 # 1 # ID=191_5;partial=00;start_type=ATG;rbs_motif=AGGAG;rbs_spacer=5-10bp;gc_cont=0.683
contig00404_3        -            387 38602at72274         -            226     3e-24   84.7   0.1   1   1   4.9e-26   4.1e-24   84.2   0.1     2   205     4   215     3   223 0.85 # 1639 # 2799 # 1 # ID=404_3;partial=00;start_type=ATG;rbs_motif=AGGA/GGAG/GAGG;rbs_spacer=11-12bp;gc_cont=0.671
contig00305_4        -            274 38602at72274         -            226   5.7e-24   83.8   0.4   1   1   8.2e-26   6.9e-24   83.5   0.4     5   208    29   244    25   250 0.87 # 2890 # 3711 # 1 # ID=305_4;partial=01;start_type=ATG;rbs_motif=GGAG/GAGG;rbs_spacer=5-10bp;gc_cont=0.697
contig00271_4        -            255 38602at72274         -            226   5.9e-24   83.7   0.1   1   1   8.4e-25   7.1e-23   80.2   0.1     2   205     4   228     3   242 0.84 # 1778 # 2542 # -1 # ID=271_4;partial=00;start_type=ATG;rbs_motif=GGA/GAG/AGG;rbs_spacer=5-10bp;gc_cont=0.654
contig01363_2        -            336 38602at72274         -            226   7.1e-24   83.5   0.1   1   1   1.1e-25   9.1e-24   83.1   0.1     7   211     7   227     1   233 0.83 # 83 # 1090 # -1 # ID=1363_2;partial=00;start_type=GTG;rbs_motif=GGA/GAG/AGG;rbs_spacer=5-10bp;gc_cont=0.671
contig00769_1        -            219 38602at72274         -            226   8.3e-24   83.3   0.0   1   1   1.1e-25   9.4e-24   83.1   0.0    12   196    22   217     9   219 0.83 # 3 # 659 # -1 # ID=769_1;partial=10;start_type=GTG;rbs_motif=GGAG/GAGG;rbs_spacer=5-10bp;gc_cont=0.706
contig00515_2        -            279 38602at72274         -            226   2.4e-23   81.8   0.2   1   1     7e-25   5.9e-23   80.5   0.2     7   209    10   236     4   251 0.77 # 368 # 1204 # -1 # ID=515_2;partial=00;start_type=ATG;rbs_motif=GGAGG;rbs_spacer=5-10bp;gc_cont=0.687
contig00826_2        -            286 38602at72274         -            226   3.8e-23   81.1   0.0   1   1   6.8e-25   5.7e-23   80.5   0.0    14   221    59   284    46   285 0.85 # 180 # 1037 # 1 # ID=826_2;partial=00;start_type=ATG;rbs_motif=AGGAG;rbs_spacer=5-10bp;gc_cont=0.675
contig02819_1        -            231 38602at72274         -            226   4.1e-23   81.0   0.0   1   1   6.7e-25   5.6e-23   80.5   0.0    15   184    52   229    46   231 0.85 # 3 # 695 # 1 # ID=2819_1;partial=11;start_type=Edge;rbs_motif=None;rbs_spacer=None;gc_cont=0.739
contig00766_1        -            268 38602at72274         -            226   8.5e-23   80.0   0.0   1   1   1.4e-24   1.2e-22   79.5   0.0    12   204    33   220    21   224 0.92 # 1 # 804 # -1 # ID=766_1;partial=10;start_type=ATG;rbs_motif=GGAGG;rbs_spacer=5-10bp;gc_cont=0.726
contig00034_6        -            641 38602at72274         -            226   1.5e-22   79.1   0.1   1   3     8e-05    0.0068   14.9   0.0    16    56    20    60     9    74 0.92 # 5187 # 7109 # -1 # ID=34_6;partial=00;start_type=ATG;rbs_motif=GGAGG;rbs_spacer=5-10bp;gc_cont=0.664
contig00034_6        -            641 38602at72274         -            226   1.5e-22   79.1   0.1   2   3   2.7e-07   2.3e-05   22.9   0.0   120   160   147   187    92   210 0.77 # 5187 # 7109 # -1 # ID=34_6;partial=00;start_type=ATG;rbs_motif=GGAGG;rbs_spacer=5-10bp;gc_cont=0.664
contig00034_6        -            641 38602at72274         -            226   1.5e-22   79.1   0.1   3   3   1.6e-11   1.4e-09   36.8   0.0    14   169   332   481   326   512 0.82 # 5187 # 7109 # -1 # ID=34_6;partial=00;start_type=ATG;rbs_motif=GGAGG;rbs_spacer=5-10bp;gc_cont=0.664
contig00033_7        -            279 38602at72274         -            226     8e-22   76.8   0.0   1   1   1.3e-23   1.1e-21   76.3   0.0    11   200    21   214    17   222 0.89 # 7285 # 8121 # 1 # ID=33_7;partial=00;start_type=ATG;rbs_motif=GGAG/GAGG;rbs_spacer=5-10bp;gc_cont=0.723
contig02153_1        -            336 38602at72274         -            226   2.5e-21   75.2   0.0   1   3     4e-08   3.3e-06   25.7   0.0   126   172    23    69    17    81 0.88 # 1 # 1008 # 1 # ID=2153_1;partial=11;start_type=Edge;rbs_motif=None;rbs_spacer=None;gc_cont=0.656
contig02153_1        -            336 38602at72274         -            226   2.5e-21   75.2   0.0   2   3   2.9e-11   2.4e-09   35.9   0.1     4    61   187   246   184   261 0.85 # 1 # 1008 # 1 # ID=2153_1;partial=11;start_type=Edge;rbs_motif=None;rbs_spacer=None;gc_cont=0.656
contig02153_1        -            336 38602at72274         -            226   2.5e-21   75.2   0.0   3   3    0.0024       0.2   10.0   0.0   125   154   304   333   286   336 0.88 # 1 # 1008 # 1 # ID=2153_1;partial=11;start_type=Edge;rbs_motif=None;rbs_spacer=None;gc_cont=0.656
contig01160_1        -            588 38602at72274         -            226   3.2e-21   74.8   0.0   1   1   7.8e-23   6.6e-21   73.8   0.0    14   197   397   586   387   588 0.75 # 1 # 1764 # 1 # ID=1160_1;partial=11;start_type=Edge;rbs_motif=None;rbs_spacer=None;gc_cont=0.697
contig00319_1        -            248 38602at72274         -            226   4.7e-21   74.3   0.0   1   1   5.6e-22   4.7e-20   71.0   0.0     2   206     4   230     3   237 0.83 # 1 # 744 # -1 # ID=319_1;partial=10;start_type=ATG;rbs_motif=GGAG/GAGG;rbs_spacer=5-10bp;gc_cont=0.668
contig00597_2        -            371 38602at72274         -            226   4.6e-20   71.0   0.1   1   1   7.5e-22   6.3e-20   70.6   0.1     2   204     4   212     3   218 0.85 # 579 # 1691 # 1 # ID=597_2;partial=00;start_type=ATG;rbs_motif=GGAGG;rbs_spacer=5-10bp;gc_cont=0.694
contig00349_2        -            278 38602at72274         -            226   5.2e-20   70.8   0.0   1   1   8.5e-22   7.2e-20   70.4   0.0    12   207    43   253    36   265 0.79 # 946 # 1779 # 1 # ID=349_2;partial=00;start_type=ATG;rbs_motif=GGAG/GAGG;rbs_spacer=5-10bp;gc_cont=0.629
contig00177_4        -            380 38602at72274         -            226   9.9e-20   69.9   0.9   1   2   6.8e-07   5.7e-05   21.6   0.0   134   208     1    76     1    82 0.94 # 3583 # 4722 # -1 # ID=177_4;partial=01;start_type=Edge;rbs_motif=None;rbs_spacer=None;gc_cont=0.701
contig00177_4        -            380 38602at72274         -            226   9.9e-20   69.9   0.9   2   2   1.1e-13   9.7e-12   43.8   0.1    14   209   136   343   130   350 0.81 # 3583 # 4722 # -1 # ID=177_4;partial=01;start_type=Edge;rbs_motif=None;rbs_spacer=None;gc_cont=0.701
contig03010_1        -            204 38602at72274         -            226   1.5e-19   69.3   0.1   1   1   1.9e-21   1.6e-19   69.2   0.1    14   192    13   201     1   204 0.83 # 1 # 612 # 1 # ID=3010_1;partial=11;start_type=Edge;rbs_motif=None;rbs_spacer=None;gc_cont=0.649
contig01200_1        -            266 38602at72274         -            226   1.9e-19   69.0   0.0   1   1   3.3e-21   2.8e-19   68.5   0.0     6   219    11   237     6   242 0.90 # 19 # 816 # -1 # ID=1200_1;partial=00;start_type=ATG;rbs_motif=AGGA;rbs_spacer=5-10bp;gc_cont=0.707
contig01307_2        -            228 38602at72274         -            226     3e-19   68.3   0.0   1   1   3.9e-21   3.3e-19   68.2   0.0     2   187     7   208     6   227 0.81 # 635 # 1318 # 1 # ID=1307_2;partial=00;start_type=ATG;rbs_motif=GGAGG;rbs_spacer=5-10bp;gc_cont=0.677
contig00183_3        -            285 38602at72274         -            226   4.4e-19   67.8   0.0   1   1   6.9e-21   5.8e-19   67.4   0.0    14   210    29   228    18   241 0.84 # 2276 # 3130 # 1 # ID=183_3;partial=00;start_type=ATG;rbs_motif=GGAGG;rbs_spacer=5-10bp;gc_cont=0.712
contig00718_2        -            283 38602at72274         -            226     5e-19   67.6   0.0   1   1   8.9e-21   7.5e-19   67.1   0.0    15   199    36   223    17   234 0.81 # 1024 # 1872 # 1 # ID=718_2;partial=00;start_type=ATG;rbs_motif=GGA/GAG/AGG;rbs_spacer=5-10bp;gc_cont=0.702
contig00646_4        -            228 38602at72274         -            226   9.1e-19   66.8   0.0   1   1   1.3e-20   1.1e-18   66.5   0.0    13   188    23   206     6   224 0.83 # 1339 # 2022 # 1 # ID=646_4;partial=00;start_type=ATG;rbs_motif=GGA/GAG/AGG;rbs_spacer=5-10bp;gc_cont=0.693
contig02856_1        -            225 38602at72274         -            226   1.9e-18   65.7   0.0   1   1   3.7e-20   3.1e-18   65.0   0.0    13   159    63   217    52   223 0.82 # 3 # 677 # -1 # ID=2856_1;partial=11;start_type=Edge;rbs_motif=None;rbs_spacer=None;gc_cont=0.747
contig00072_2        -            522 38602at72274         -            226   2.9e-18   65.1   0.0   1   3    0.0026      0.22    9.9   0.0    16    59    10    53     5    65 0.83 # 561 # 2126 # 1 # ID=72_2;partial=00;start_type=ATG;rbs_motif=None;rbs_spacer=None;gc_cont=0.645
contig00072_2        -            522 38602at72274         -            226   2.9e-18   65.1   0.0   2   3   0.00042     0.035   12.5   0.0   127   193   148   211   128   222 0.76 # 561 # 2126 # 1 # ID=72_2;partial=00;start_type=ATG;rbs_motif=None;rbs_spacer=None;gc_cont=0.645
contig00072_2        -            522 38602at72274         -            226   2.9e-18   65.1   0.0   3   3   7.5e-12   6.3e-10   37.8   0.0     4   163   314   465   311   474 0.85 # 561 # 2126 # 1 # ID=72_2;partial=00;start_type=ATG;rbs_motif=None;rbs_spacer=None;gc_cont=0.645
contig00897_2        -            265 38602at72274         -            226   8.7e-18   63.6   0.1   1   1   2.7e-19   2.3e-17   62.2   0.1    15   206    22   229    17   237 0.79 # 406 # 1200 # -1 # ID=897_2;partial=00;start_type=ATG;rbs_motif=GGAG/GAGG;rbs_spacer=5-10bp;gc_cont=0.692
contig00120_4        -            234 38602at72274         -            226   1.3e-17   63.0   0.0   1   1     2e-19   1.7e-17   62.6   0.0     9   187    23   203    16   207 0.90 # 1692 # 2393 # -1 # ID=120_4;partial=00;start_type=ATG;rbs_motif=None;rbs_spacer=None;gc_cont=0.712
contig02340_1        -            280 38602at72274         -            226   5.4e-17   61.0   0.1   1   1     9e-19   7.6e-17   60.5   0.1     5   211    35   253    31   263 0.79 # 82 # 921 # -1 # ID=2340_1;partial=01;start_type=Edge;rbs_motif=None;rbs_spacer=None;gc_cont=0.658
contig02371_1        -            205 38602at72274         -            226   2.2e-16   59.0   0.0   1   1   3.9e-18   3.3e-16   58.4   0.0    14   185    19   196     9   205 0.81 # 3 # 617 # -1 # ID=2371_1;partial=10;start_type=ATG;rbs_motif=GGA/GAG/AGG;rbs_spacer=5-10bp;gc_cont=0.717
contig01963_2        -            140 38602at72274         -            226   3.4e-16   58.3   0.0   1   1   4.7e-18     4e-16   58.1   0.0     5    95    13   104     9   131 0.83 # 688 # 1107 # 1 # ID=1963_2;partial=01;start_type=ATG;rbs_motif=AGGAG;rbs_spacer=5-10bp;gc_cont=0.629
contig00878_2        -            240 38602at72274         -            226   1.7e-14   52.8   0.0   1   1   2.2e-15   1.8e-13   49.4   0.0     8   187    14   209     7   216 0.78 # 1098 # 1817 # 1 # ID=878_2;partial=00;start_type=ATG;rbs_motif=None;rbs_spacer=None;gc_cont=0.750
contig01032_2        -            252 38602at72274         -            226   3.1e-13   48.7   0.0   1   1   7.2e-15   6.1e-13   47.7   0.0    14   187    30   204    23   218 0.83 # 644 # 1399 # -1 # ID=1032_2;partial=00;start_type=ATG;rbs_motif=AGGAG;rbs_spacer=5-10bp;gc_cont=0.730
contig01349_2        -            241 38602at72274         -            226   4.3e-13   48.2   0.0   1   1   8.5e-15   7.2e-13   47.5   0.0   119   208     8    98     3   107 0.89 # 855 # 1577 # -1 # ID=1349_2;partial=01;start_type=Edge;rbs_motif=None;rbs_spacer=None;gc_cont=0.657
contig00389_1        -            647 38602at72274         -            226   1.1e-12   46.9   0.0   1   1   2.9e-14   2.5e-12   45.7   0.0     8   179   424   604   415   632 0.79 # 1 # 1941 # 1 # ID=389_1;partial=10;start_type=Edge;rbs_motif=None;rbs_spacer=None;gc_cont=0.676
contig00731_2        -            325 38602at72274         -            226   1.2e-12   46.7   1.2   1   1   3.8e-14   3.2e-12   45.4   1.2    14   197    21   224     5   237 0.73 # 1017 # 1991 # 1 # ID=731_2;partial=00;start_type=ATG;rbs_motif=AGGAG;rbs_spacer=5-10bp;gc_cont=0.693
contig01739_1        -            263 38602at72274         -            226     3e-12   45.5   0.1   1   1   5.4e-14   4.6e-12   44.9   0.1   105   204    13   113     4   120 0.90 # 1 # 789 # 1 # ID=1739_1;partial=10;start_type=Edge;rbs_motif=None;rbs_spacer=None;gc_cont=0.678
contig00296_2        -            597 38602at72274         -            226   4.2e-12   45.0   0.6   1   2       1.2     1e+02    1.2   0.0   127   160   325   358   307   365 0.81 # 296 # 2086 # 1 # ID=296_2;partial=00;start_type=ATG;rbs_motif=GGA/GAG/AGG;rbs_spacer=11-12bp;gc_cont=0.678
contig00296_2        -            597 38602at72274         -            226   4.2e-12   45.0   0.6   2   2   6.9e-13   5.8e-11   41.3   0.3    12   186   372   553   360   589 0.74 # 296 # 2086 # 1 # ID=296_2;partial=00;start_type=ATG;rbs_motif=GGA/GAG/AGG;rbs_spacer=11-12bp;gc_cont=0.678
contig03279_1        -            173 38602at72274         -            226   3.4e-11   42.0   0.0   1   1   4.7e-13   3.9e-11   41.8   0.0   100   203    47   155    12   165 0.87 # 1 # 519 # -1 # ID=3279_1;partial=11;start_type=Edge;rbs_motif=None;rbs_spacer=None;gc_cont=0.730
contig02609_1        -            242 38602at72274         -            226   3.9e-11   41.8   0.0   1   1   6.9e-13   5.8e-11   41.2   0.0    18   206    51   236    48   239 0.87 # 68 # 793 # -1 # ID=2609_1;partial=01;start_type=Edge;rbs_motif=None;rbs_spacer=None;gc_cont=0.602
contig00059_7        -            268 38602at72274         -            226   4.5e-11   41.6   0.0   1   1   6.4e-12   5.4e-10   38.1   0.0    14   189    18   210    11   226 0.79 # 5637 # 6440 # -1 # ID=59_7;partial=00;start_type=GTG;rbs_motif=None;rbs_spacer=None;gc_cont=0.731
contig03154_1        -            146 38602at72274         -            226   7.3e-11   40.9   0.0   1   1     1e-12   8.8e-11   40.6   0.0   105   196     7    99     3   112 0.89 # 1 # 438 # 1 # ID=3154_1;partial=10;start_type=Edge;rbs_motif=None;rbs_spacer=None;gc_cont=0.699
contig03178_2        -            128 38602at72274         -            226   2.3e-10   39.3   0.0   1   1   3.1e-12   2.6e-10   39.1   0.0    13    92    22   106    11   125 0.86 # 177 # 560 # 1 # ID=3178_2;partial=01;start_type=ATG;rbs_motif=GGA/GAG/AGG;rbs_spacer=5-10bp;gc_cont=0.703
contig02377_2        -             84 38602at72274         -            226   2.6e-10   39.1   0.0   1   1   3.2e-12   2.7e-10   39.0   0.0     3    65     7    71     5    82 0.85 # 644 # 895 # 1 # ID=2377_2;partial=01;start_type=GTG;rbs_motif=None;rbs_spacer=None;gc_cont=0.679
contig00048_6        -            103 38602at72274         -            226   2.7e-10   39.1   0.0   1   1   3.7e-12   3.1e-10   38.9   0.0   134   207     2    75     1    85 0.95 # 7518 # 7826 # -1 # ID=48_6;partial=01;start_type=Edge;rbs_motif=None;rbs_spacer=None;gc_cont=0.650
contig00359_3        -            149 38602at72274         -            226   2.9e-10   39.0   0.0   1   1     4e-12   3.4e-10   38.7   0.0    15   135    24   147    19   149 0.91 # 3016 # 3462 # 1 # ID=359_3;partial=01;start_type=ATG;rbs_motif=GGA/GAG/AGG;rbs_spacer=5-10bp;gc_cont=0.655
contig03261_1        -            175 38602at72274         -            226     1e-09   37.2   0.1   1   1   1.6e-11   1.4e-09   36.8   0.1     6    84    89   172    84   175 0.85 # 2 # 526 # 1 # ID=3261_1;partial=11;start_type=Edge;rbs_motif=None;rbs_spacer=None;gc_cont=0.674
contig00588_3        -            162 38602at72274         -            226   1.5e-09   36.6   0.0   1   1   2.2e-11   1.8e-09   36.3   0.0    72   184    17   133     7   146 0.83 # 2226 # 2711 # -1 # ID=588_3;partial=01;start_type=Edge;rbs_motif=None;rbs_spacer=None;gc_cont=0.706
contig00058_8        -            115 38602at72274         -            226   3.4e-09   35.5   0.0   1   1   4.4e-11   3.7e-09   35.3   0.0     3    93     3    99     1   113 0.86 # 7127 # 7471 # 1 # ID=58_8;partial=01;start_type=ATG;rbs_motif=GGA/GAG/AGG;rbs_spacer=5-10bp;gc_cont=0.600
contig01341_1        -            235 38602at72274         -            226   3.7e-09   35.3   0.0   1   1   6.5e-11   5.5e-09   34.8   0.0   127   203     3    80     1    86 0.89 # 2 # 706 # 1 # ID=1341_1;partial=10;start_type=Edge;rbs_motif=None;rbs_spacer=None;gc_cont=0.655
contig00226_4        -             89 38602at72274         -            226   9.8e-09   34.0   0.0   1   1   1.4e-10   1.2e-08   33.7   0.0     3    64    24    87    22    88 0.88 # 3920 # 4186 # 1 # ID=226_4;partial=01;start_type=ATG;rbs_motif=GGAG/GAGG;rbs_spacer=5-10bp;gc_cont=0.622
contig02733_2        -            121 38602at72274         -            226     5e-08   31.6   0.0   1   1   8.5e-10   7.2e-08   31.1   0.0   137   199     2    64     1    74 0.86 # 373 # 735 # -1 # ID=2733_2;partial=01;start_type=Edge;rbs_motif=None;rbs_spacer=None;gc_cont=0.683
contig01158_1        -            144 38602at72274         -            226   5.9e-08   31.4   0.0   1   1   8.2e-10   6.9e-08   31.2   0.0   112   187    12    91     4   124 0.78 # 1 # 432 # 1 # ID=1158_1;partial=10;start_type=Edge;rbs_motif=None;rbs_spacer=None;gc_cont=0.674
contig02138_1        -            313 38602at72274         -            226   7.4e-08   31.1   0.0   1   1   1.2e-08   9.7e-07   27.4   0.0    16   158    18   181     6   193 0.72 # 78 # 1016 # 1 # ID=2138_1;partial=01;start_type=ATG;rbs_motif=None;rbs_spacer=None;gc_cont=0.658
contig00381_1        -            145 38602at72274         -            226   1.2e-07   30.3   0.0   1   1   1.8e-09   1.5e-07   30.1   0.0   123   209    36   120    20   131 0.88 # 2 # 436 # 1 # ID=381_1;partial=10;start_type=Edge;rbs_motif=None;rbs_spacer=None;gc_cont=0.713
contig02722_2        -            141 38602at72274         -            226   1.3e-07   30.3   0.0   1   1   1.8e-09   1.6e-07   30.0   0.0   125   191    33    98    26   123 0.81 # 322 # 744 # -1 # ID=2722_2;partial=01;start_type=Edge;rbs_motif=None;rbs_spacer=None;gc_cont=0.709
contig01105_3        -            163 38602at72274         -            226     3e-07   29.1   0.0   1   1   4.4e-09   3.7e-07   28.8   0.0    70   189    16   141    10   149 0.76 # 1350 # 1838 # -1 # ID=1105_3;partial=01;start_type=Edge;rbs_motif=None;rbs_spacer=None;gc_cont=0.701
contig01978_2        -             77 38602at72274         -            226   3.7e-07   28.8   0.0   1   1   4.4e-09   3.7e-07   28.8   0.0     2    60    12    72    11    77 0.82 # 868 # 1098 # 1 # ID=1978_2;partial=01;start_type=ATG;rbs_motif=None;rbs_spacer=None;gc_cont=0.680
contig00385_1        -             99 38602at72274         -            226   8.4e-07   27.6   0.0   1   1   1.1e-08   9.3e-07   27.5   0.0     8    91    11    99     4    99 0.77 # 1 # 297 # -1 # ID=385_1;partial=10;start_type=ATG;rbs_motif=GGAGG;rbs_spacer=5-10bp;gc_cont=0.697
contig01633_3        -            144 38602at72274         -            226   1.4e-06   26.9   0.1   1   1   2.1e-08   1.7e-06   26.6   0.1   122   209    32   117    24   130 0.83 # 920 # 1351 # -1 # ID=1633_3;partial=01;start_type=Edge;rbs_motif=None;rbs_spacer=None;gc_cont=0.683
contig02472_1        -            123 38602at72274         -            226   2.6e-06   26.0   0.0   1   1   1.5e-07   1.3e-05   23.8   0.0    11    90    18    88     7   111 0.73 # 2 # 370 # -1 # ID=2472_1;partial=10;start_type=TTG;rbs_motif=GGAG/GAGG;rbs_spacer=5-10bp;gc_cont=0.667
contig01188_2        -            238 38602at72274         -            226   1.1e-05   24.0   0.0   1   1   1.9e-07   1.6e-05   23.5   0.0    24   201     1   197     1   212 0.76 # 1019 # 1732 # -1 # ID=1188_2;partial=01;start_type=Edge;rbs_motif=None;rbs_spacer=None;gc_cont=0.742
contig00002_13       -            884 38602at72274         -            226   1.6e-05   23.4   0.0   1   2    0.0014      0.12   10.8   0.0   126   186   414   476   405   482 0.88 # 12339 # 14990 # -1 # ID=2_13;partial=00;start_type=ATG;rbs_motif=AGGA;rbs_spacer=5-10bp;gc_cont=0.679
contig00002_13       -            884 38602at72274         -            226   1.6e-05   23.4   0.0   2   2    0.0034      0.29    9.5   0.0   124   188   766   833   744   847 0.80 # 12339 # 14990 # -1 # ID=2_13;partial=00;start_type=ATG;rbs_motif=AGGA;rbs_spacer=5-10bp;gc_cont=0.679
contig02944_1        -            170 38602at72274         -            226   5.6e-05   21.7   0.0   1   1   8.7e-07   7.3e-05   21.3   0.0   105   184    62   143     6   149 0.72 # 2 # 511 # 1 # ID=2944_1;partial=10;start_type=Edge;rbs_motif=None;rbs_spacer=None;gc_cont=0.706
contig00568_4        -            129 38602at72274         -            226   8.5e-05   21.1   0.0   1   1   1.1e-06   8.9e-05   21.0   0.0    15    61    43    89    28   129 0.80 # 2373 # 2759 # 1 # ID=568_4;partial=01;start_type=ATG;rbs_motif=GGA/GAG/AGG;rbs_spacer=5-10bp;gc_cont=0.649
contig02191_1        -             44 38602at72274         -            226   9.3e-05   20.9   0.0   1   1   1.1e-06   9.3e-05   20.9   0.0    11    40    13    42     1    44 0.82 # 1 # 132 # -1 # ID=2191_1;partial=10;start_type=ATG;rbs_motif=GGxGG;rbs_spacer=5-10bp;gc_cont=0.644
contig03286_2        -            138 38602at72274         -            226   0.00018   20.0   0.0   1   1   2.4e-06    0.0002   19.9   0.0    13    65    29    81    16   117 0.85 # 102 # 515 # 1 # ID=3286_2;partial=01;start_type=ATG;rbs_motif=None;rbs_spacer=None;gc_cont=0.688
contig02259_2        -            292 38602at72274         -            226   0.00049   18.6   0.0   1   1   0.00044     0.037   12.4   0.0    19   158   113   242   102   264 0.63 # 82 # 957 # -1 # ID=2259_2;partial=01;start_type=Edge;rbs_motif=None;rbs_spacer=None;gc_cont=0.715
contig03205_1        -            183 38602at72274         -            226   0.00054   18.4   0.0   1   1   8.5e-06   0.00071   18.1   0.0   104   205    11   110     7   120 0.78 # 3 # 551 # -1 # ID=3205_1;partial=11;start_type=Edge;rbs_motif=None;rbs_spacer=None;gc_cont=0.679
contig01473_1        -            338 38602at72274         -            226   0.00094   17.7   0.0   1   1   2.1e-05    0.0018   16.7   0.0   127   208    62   143    33   152 0.89 # 3 # 1016 # 1 # ID=1473_1;partial=10;start_type=Edge;rbs_motif=None;rbs_spacer=None;gc_cont=0.664
contig00004_1        -            239 38602at72274         -            226   0.00096   17.6   0.0   1   2      0.62        53    2.1   0.0    28    57    43    72    33    83 0.86 # 3 # 719 # -1 # ID=4_1;partial=10;start_type=ATG;rbs_motif=AGGA/GGAG/GAGG;rbs_spacer=11-12bp;gc_cont=0.699
contig00004_1        -            239 38602at72274         -            226   0.00096   17.6   0.0   2   2    0.0002     0.017   13.6   0.0   104   158   128   183   110   212 0.84 # 3 # 719 # -1 # ID=4_1;partial=10;start_type=ATG;rbs_motif=AGGA/GGAG/GAGG;rbs_spacer=11-12bp;gc_cont=0.699
contig01445_1        -             74 38602at72274         -            226    0.0057   15.1   0.0   1   1   6.9e-05    0.0058   15.1   0.0    14    55    32    73    17    74 0.82 # 1 # 222 # -1 # ID=1445_1;partial=10;start_type=ATG;rbs_motif=GGAG/GAGG;rbs_spacer=5-10bp;gc_cont=0.694
contig00801_3        -            164 38602at72274         -            226    0.0085   14.5   0.0   1   1   0.00014     0.012   14.1   0.0    13    59    33    79    19    92 0.84 # 1786 # 2277 # 1 # ID=801_3;partial=01;start_type=ATG;rbs_motif=GGAGG;rbs_spacer=5-10bp;gc_cont=0.720
contig01850_2        -            143 38602at72274         -            226     0.016   13.6   0.0   1   1   0.00021     0.018   13.5   0.0     2    49     6    55     5    94 0.78 # 751 # 1179 # 1 # ID=1850_2;partial=01;start_type=ATG;rbs_motif=GGAG/GAGG;rbs_spacer=5-10bp;gc_cont=0.713
contig02782_1        -            166 38602at72274         -            226     0.021   13.3   0.0   1   1   0.00031     0.026   12.9   0.0   132   186     1    56     1    74 0.77 # 2 # 499 # 1 # ID=2782_1;partial=10;start_type=Edge;rbs_motif=None;rbs_spacer=None;gc_cont=0.687
contig00561_2        -            664 38602at72274         -            226     0.052   12.0   1.0   1   1    0.0015      0.13   10.7   0.1   124   208   484   575   457   583 0.74 # 783 # 2774 # 1 # ID=561_2;partial=01;start_type=GTG;rbs_motif=GGAG/GAGG;rbs_spacer=5-10bp;gc_cont=0.656
contig00039_3        -            804 38602at72274         -            226     0.054   11.9   0.1   1   2     0.017       1.5    7.2   0.0    20    45    22    47    10    62 0.87 # 2331 # 4742 # 1 # ID=39_3;partial=00;start_type=ATG;rbs_motif=GGA/GAG/AGG;rbs_spacer=5-10bp;gc_cont=0.468
contig00039_3        -            804 38602at72274         -            226     0.054   11.9   0.1   2   2      0.66        56    2.1   0.0   138   176   702   741   667   770 0.71 # 2331 # 4742 # 1 # ID=39_3;partial=00;start_type=ATG;rbs_motif=GGA/GAG/AGG;rbs_spacer=5-10bp;gc_cont=0.468
contig02578_1        -            268 38602at72274         -            226     0.076   11.4   0.0   1   1    0.0013      0.11   10.9   0.0    21    43   186   208   169   239 0.81 # 1 # 804 # 1 # ID=2578_1;partial=11;start_type=Edge;rbs_motif=None;rbs_spacer=None;gc_cont=0.711
#
# Program:         hmmsearch
# Version:         3.1b2 (February 2015)
# Pipeline mode:   SEARCH
# Query file:      /home/johngn/Microbial-Genomics-Journey-Workshop-2023/Reads_session_3/busco_downloads/lineages/pseudomonadales_odb10/hmms/38602at72274.hmm
# Target file:     /home/johngn/Microbial-Genomics-Journey-Workshop-2023/Reads_session_3/busco_op4/prodigal_output/predicted_genes/predicted.faa
# Option settings: hmmsearch --domtblout /home/johngn/Microbial-Genomics-Journey-Workshop-2023/Reads_session_3/busco_op4/run_pseudomonadales_odb10/hmmer_output/38602at72274.out --cpu 1 /home/johngn/Microbial-Genomics-Journey-Workshop-2023/Reads_session_3/busco_downloads/lineages/pseudomonadales_odb10/hmms/38602at72274.hmm /home/johngn/Microbial-Genomics-Journey-Workshop-2023/Reads_session_3/busco_op4/prodigal_output/predicted_genes/predicted.faa 
# Current dir:     /home/johngn/Microbial-Genomics-Journey-Workshop-2023/Reads_session_3
# Date:            Wed Mar  8 17:01:27 2023
# [ok]
