#                                                                            --- full sequence --- -------------- this domain -------------   hmm coord   ali coord   env coord
# target name        accession   tlen query name           accession   qlen   E-value  score  bias   #  of  c-Evalue  i-Evalue  score  bias  from    to  from    to  from    to  acc description of target
#------------------- ---------- ----- -------------------- ---------- ----- --------- ------ ----- --- --- --------- --------- ------ ----- ----- ----- ----- ----- ----- ----- ---- ---------------------
contig00454_2        -            248 38752at72274         -            212    2e-103  343.7  12.9   1   1  1.1e-103  1.9e-101  337.2  12.9     1   212     1   247     1   247 0.87 # 683 # 1426 # 1 # ID=454_2;partial=00;start_type=ATG;rbs_motif=AGGAG;rbs_spacer=5-10bp;gc_cont=0.648
contig00051_2        -            254 38752at72274         -            212   2.2e-42  144.3   2.4   1   2   0.00012     0.021   13.6   0.4     6    50     9    53     5    60 0.84 # 575 # 1336 # 1 # ID=51_2;partial=00;start_type=ATG;rbs_motif=GGAG/GAGG;rbs_spacer=5-10bp;gc_cont=0.694
contig00051_2        -            254 38752at72274         -            212   2.2e-42  144.3   2.4   2   2   6.2e-41   1.1e-38  132.2   0.2     6   208    34   248    30   251 0.81 # 575 # 1336 # 1 # ID=51_2;partial=00;start_type=ATG;rbs_motif=GGAG/GAGG;rbs_spacer=5-10bp;gc_cont=0.694
contig00357_3        -            452 38752at72274         -            212   8.3e-40  135.8   7.2   1   4      0.41        70    2.1   0.0   129   146   141   158   135   168 0.84 # 1500 # 2855 # -1 # ID=357_3;partial=00;start_type=ATG;rbs_motif=GGAG/GAGG;rbs_spacer=5-10bp;gc_cont=0.714
contig00357_3        -            452 38752at72274         -            212   8.3e-40  135.8   7.2   2   4       1.4   2.5e+02    0.3   0.0   186   205   179   198   159   202 0.81 # 1500 # 2855 # -1 # ID=357_3;partial=00;start_type=ATG;rbs_motif=GGAG/GAGG;rbs_spacer=5-10bp;gc_cont=0.714
contig00357_3        -            452 38752at72274         -            212   8.3e-40  135.8   7.2   3   4   2.9e-05     0.005   15.7   0.2     5    27   214   236   211   246 0.89 # 1500 # 2855 # -1 # ID=357_3;partial=00;start_type=ATG;rbs_motif=GGAG/GAGG;rbs_spacer=5-10bp;gc_cont=0.714
contig00357_3        -            452 38752at72274         -            212   8.3e-40  135.8   7.2   4   4   1.1e-36   1.8e-34  118.4   0.7    47   207   277   445   249   449 0.86 # 1500 # 2855 # -1 # ID=357_3;partial=00;start_type=ATG;rbs_motif=GGAG/GAGG;rbs_spacer=5-10bp;gc_cont=0.714
contig00277_3        -            254 38752at72274         -            212   8.5e-39  132.5   3.0   1   2   4.5e-07   7.7e-05   21.6   2.3     3    57     4    61     2    72 0.78 # 1699 # 2460 # 1 # ID=277_3;partial=00;start_type=GTG;rbs_motif=GGAG/GAGG;rbs_spacer=5-10bp;gc_cont=0.731
contig00277_3        -            254 38752at72274         -            212   8.5e-39  132.5   3.0   2   2     4e-34   6.8e-32  110.0   0.0    56   209    84   244    65   247 0.90 # 1699 # 2460 # 1 # ID=277_3;partial=00;start_type=GTG;rbs_motif=GGAG/GAGG;rbs_spacer=5-10bp;gc_cont=0.731
contig00180_4        -            239 38752at72274         -            212   2.7e-34  117.8   0.6   1   1   9.5e-36   1.6e-33  115.3   0.6     4   208     3   232     1   235 0.80 # 2169 # 2885 # -1 # ID=180_4;partial=00;start_type=ATG;rbs_motif=GGA/GAG/AGG;rbs_spacer=5-10bp;gc_cont=0.703
contig00941_2        -            306 38752at72274         -            212   1.1e-31  109.3   2.9   1   2   0.00022     0.038   12.8   0.4     4    27     7    30     4    55 0.83 # 1015 # 1932 # -1 # ID=941_2;partial=00;start_type=ATG;rbs_motif=GGAG/GAGG;rbs_spacer=5-10bp;gc_cont=0.663
contig00941_2        -            306 38752at72274         -            212   1.1e-31  109.3   2.9   2   2   3.9e-30   6.8e-28   96.9   0.1    43   204    86   249    66   255 0.85 # 1015 # 1932 # -1 # ID=941_2;partial=00;start_type=ATG;rbs_motif=GGAG/GAGG;rbs_spacer=5-10bp;gc_cont=0.663
contig00022_8        -            256 38752at72274         -            212   2.8e-29  101.5   4.5   1   2   0.00032     0.054   12.3   1.0     3    57    11    68     9    79 0.81 # 7005 # 7772 # -1 # ID=22_8;partial=00;start_type=ATG;rbs_motif=GGAGG;rbs_spacer=5-10bp;gc_cont=0.715
contig00022_8        -            256 38752at72274         -            212   2.8e-29  101.5   4.5   2   2   2.7e-28   4.6e-26   90.9   0.1    56   209    87   250    72   253 0.88 # 7005 # 7772 # -1 # ID=22_8;partial=00;start_type=ATG;rbs_motif=GGAGG;rbs_spacer=5-10bp;gc_cont=0.715
contig01447_1        -            257 38752at72274         -            212     5e-29  100.6   0.4   1   2   0.00042     0.073   11.9   0.2     1    27     1    27     1    49 0.89 # 37 # 807 # -1 # ID=1447_1;partial=00;start_type=ATG;rbs_motif=GGAG/GAGG;rbs_spacer=5-10bp;gc_cont=0.700
contig01447_1        -            257 38752at72274         -            212     5e-29  100.6   0.4   2   2   1.9e-26   3.3e-24   84.9   0.0    56   175    81   200    65   255 0.91 # 37 # 807 # -1 # ID=1447_1;partial=00;start_type=ATG;rbs_motif=GGAG/GAGG;rbs_spacer=5-10bp;gc_cont=0.700
contig02439_1        -            214 38752at72274         -            212   5.9e-28   97.1   6.8   1   2     0.018       3.1    6.5   0.1     1    27     1    27     1    53 0.78 # 222 # 863 # 1 # ID=2439_1;partial=01;start_type=ATG;rbs_motif=None;rbs_spacer=None;gc_cont=0.654
contig02439_1        -            214 38752at72274         -            212   5.9e-28   97.1   6.8   2   2   1.1e-28   1.9e-26   92.2   3.0    54   171    81   206    50   212 0.82 # 222 # 863 # 1 # ID=2439_1;partial=01;start_type=ATG;rbs_motif=None;rbs_spacer=None;gc_cont=0.654
contig01423_1        -            166 38752at72274         -            212   6.3e-28   97.0   0.0   1   1   4.4e-30   7.5e-28   96.8   0.0    58   209     2   161     1   164 0.86 # 1 # 498 # 1 # ID=1423_1;partial=10;start_type=Edge;rbs_motif=None;rbs_spacer=None;gc_cont=0.657
contig01201_2        -            246 38752at72274         -            212   2.3e-27   95.2   4.4   1   2   1.4e-06   0.00024   20.0   2.5     6    45     6    45     1    62 0.79 # 231 # 968 # -1 # ID=1201_2;partial=00;start_type=ATG;rbs_motif=AGGAG;rbs_spacer=5-10bp;gc_cont=0.702
contig01201_2        -            246 38752at72274         -            212   2.3e-27   95.2   4.4   2   2   1.3e-23   2.3e-21   75.6   0.1    54   209    82   244    47   245 0.78 # 231 # 968 # -1 # ID=1201_2;partial=00;start_type=ATG;rbs_motif=AGGAG;rbs_spacer=5-10bp;gc_cont=0.702
contig00051_3        -            256 38752at72274         -            212   1.3e-26   92.8   6.3   1   2   1.6e-07   2.8e-05   23.0   2.0     3    53     9    62     7    72 0.81 # 1497 # 2264 # -1 # ID=51_3;partial=00;start_type=ATG;rbs_motif=GGA/GAG/AGG;rbs_spacer=5-10bp;gc_cont=0.646
contig00051_3        -            256 38752at72274         -            212   1.3e-26   92.8   6.3   2   2   2.9e-22   4.9e-20   71.2   2.0    39   209    72   253    38   255 0.80 # 1497 # 2264 # -1 # ID=51_3;partial=00;start_type=ATG;rbs_motif=GGA/GAG/AGG;rbs_spacer=5-10bp;gc_cont=0.646
contig00309_1        -            167 38752at72274         -            212     3e-26   91.5   0.0   1   1   2.7e-28   4.7e-26   90.9   0.0    56   209     3   163     2   166 0.87 # 1 # 501 # 1 # ID=309_1;partial=10;start_type=Edge;rbs_motif=None;rbs_spacer=None;gc_cont=0.725
contig00781_2        -            256 38752at72274         -            212   1.7e-25   89.1   0.4   1   1   4.7e-26   8.1e-24   83.6   0.4     4   209     9   247     6   250 0.79 # 1213 # 1980 # -1 # ID=781_2;partial=00;start_type=GTG;rbs_motif=None;rbs_spacer=None;gc_cont=0.689
contig02127_2        -            156 38752at72274         -            212   2.5e-25   88.5   0.0   1   1   1.8e-27     3e-25   88.3   0.0    78   209    16   153    11   155 0.88 # 558 # 1025 # -1 # ID=2127_2;partial=01;start_type=Edge;rbs_motif=None;rbs_spacer=None;gc_cont=0.697
contig00836_3        -            304 38752at72274         -            212   6.3e-25   87.2   5.0   1   2      0.05       8.6    5.1   2.6     4    38     8    49     5    72 0.63 # 1115 # 2026 # -1 # ID=836_3;partial=00;start_type=ATG;rbs_motif=GGAG/GAGG;rbs_spacer=5-10bp;gc_cont=0.677
contig00836_3        -            304 38752at72274         -            212   6.3e-25   87.2   5.0   2   2   8.6e-26   1.5e-23   82.7   0.5    34   172    75   208    49   242 0.87 # 1115 # 2026 # -1 # ID=836_3;partial=00;start_type=ATG;rbs_motif=GGAG/GAGG;rbs_spacer=5-10bp;gc_cont=0.677
contig00541_2        -            254 38752at72274         -            212   9.1e-25   86.7  10.5   1   2    0.0014      0.24   10.2   4.5     3    44     5    50     3    66 0.73 # 941 # 1702 # -1 # ID=541_2;partial=00;start_type=ATG;rbs_motif=AGGAG;rbs_spacer=5-10bp;gc_cont=0.686
contig00541_2        -            254 38752at72274         -            212   9.1e-25   86.7  10.5   2   2   5.6e-25   9.7e-23   80.1   0.3    42   208    71   249    63   252 0.85 # 941 # 1702 # -1 # ID=541_2;partial=00;start_type=ATG;rbs_motif=AGGAG;rbs_spacer=5-10bp;gc_cont=0.686
contig01408_1        -            114 38752at72274         -            212   8.6e-24   83.5   0.1   1   1   5.4e-26   9.3e-24   83.4   0.1   106   209     2   111     1   113 0.91 # 3 # 344 # 1 # ID=1408_1;partial=10;start_type=Edge;rbs_motif=None;rbs_spacer=None;gc_cont=0.678
contig01654_2        -            167 38752at72274         -            212   5.8e-22   77.5   0.0   1   2   1.7e-22     3e-20   71.9   0.0    77   166    12   101     5   109 0.96 # 833 # 1333 # -1 # ID=1654_2;partial=01;start_type=Edge;rbs_motif=None;rbs_spacer=None;gc_cont=0.689
contig01654_2        -            167 38752at72274         -            212   5.8e-22   77.5   0.0   2   2      0.11        19    4.0   0.0   179   209   132   164   112   166 0.66 # 833 # 1333 # -1 # ID=1654_2;partial=01;start_type=Edge;rbs_motif=None;rbs_spacer=None;gc_cont=0.689
contig00058_3        -            265 38752at72274         -            212     1e-21   76.7   6.2   1   2   1.1e-17   1.8e-15   56.3   3.2     3   180     5   205     3   223 0.72 # 2808 # 3602 # -1 # ID=58_3;partial=00;start_type=ATG;rbs_motif=AGGAG;rbs_spacer=5-10bp;gc_cont=0.688
contig00058_3        -            265 38752at72274         -            212     1e-21   76.7   6.2   2   2   4.3e-05    0.0074   15.1   0.1   174   209   223   259   212   262 0.88 # 2808 # 3602 # -1 # ID=58_3;partial=00;start_type=ATG;rbs_motif=AGGAG;rbs_spacer=5-10bp;gc_cont=0.688
contig02600_1        -            254 38752at72274         -            212   3.7e-21   74.9   0.5   1   2    0.0024      0.42    9.4   0.1     4    26     6    28     3    47 0.85 # 6 # 767 # -1 # ID=2600_1;partial=00;start_type=ATG;rbs_motif=AGGAG;rbs_spacer=5-10bp;gc_cont=0.706
contig02600_1        -            254 38752at72274         -            212   3.7e-21   74.9   0.5   2   2   6.1e-18   1.1e-15   57.1   0.1    56   208    78   250    63   252 0.77 # 6 # 767 # -1 # ID=2600_1;partial=00;start_type=ATG;rbs_motif=AGGAG;rbs_spacer=5-10bp;gc_cont=0.706
contig00520_2        -            278 38752at72274         -            212   8.4e-21   73.7   0.5   1   2   1.1e-05    0.0019   17.0   0.3     5    48     4    50     1    76 0.79 # 1292 # 2125 # 1 # ID=520_2;partial=00;start_type=ATG;rbs_motif=GGAG/GAGG;rbs_spacer=5-10bp;gc_cont=0.693
contig00520_2        -            278 38752at72274         -            212   8.4e-21   73.7   0.5   2   2   2.1e-17   3.7e-15   55.3   0.0    56   164    79   187    60   194 0.94 # 1292 # 2125 # 1 # ID=520_2;partial=00;start_type=ATG;rbs_motif=GGAG/GAGG;rbs_spacer=5-10bp;gc_cont=0.693
contig01792_1        -            231 38752at72274         -            212   9.9e-20   70.2   0.0   1   2   1.9e-19   3.3e-17   62.0   0.0    56   167    55   165    31   173 0.93 # 1 # 693 # 1 # ID=1792_1;partial=10;start_type=Edge;rbs_motif=None;rbs_spacer=None;gc_cont=0.655
contig01792_1        -            231 38752at72274         -            212   9.9e-20   70.2   0.0   2   2      0.02       3.5    6.4   0.0   175   209   191   226   181   228 0.87 # 1 # 693 # 1 # ID=1792_1;partial=10;start_type=Edge;rbs_motif=None;rbs_spacer=None;gc_cont=0.655
contig02209_1        -            136 38752at72274         -            212   2.4e-19   69.0   0.3   1   1   1.8e-21   3.1e-19   68.6   0.3    93   211     7   134     2   135 0.83 # 2 # 409 # 1 # ID=2209_1;partial=10;start_type=Edge;rbs_motif=None;rbs_spacer=None;gc_cont=0.640
contig01856_2        -            193 38752at72274         -            212     3e-19   68.6   6.8   1   2   6.4e-05     0.011   14.5   0.8     5    50     2    51     1    68 0.69 # 595 # 1173 # 1 # ID=1856_2;partial=01;start_type=ATG;rbs_motif=GGAG/GAGG;rbs_spacer=5-10bp;gc_cont=0.693
contig01856_2        -            193 38752at72274         -            212     3e-19   68.6   6.8   2   2   4.6e-18   7.9e-16   57.5   1.1    55   163    80   193    55   193 0.85 # 595 # 1173 # 1 # ID=1856_2;partial=01;start_type=ATG;rbs_motif=GGAG/GAGG;rbs_spacer=5-10bp;gc_cont=0.693
contig00976_1        -            191 38752at72274         -            212     2e-18   65.9   1.5   1   2    0.0012      0.21   10.4   0.6     4    44     8    53     5    88 0.73 # 2 # 574 # -1 # ID=976_1;partial=10;start_type=ATG;rbs_motif=None;rbs_spacer=None;gc_cont=0.682
contig00976_1        -            191 38752at72274         -            212     2e-18   65.9   1.5   2   2   2.6e-17   4.4e-15   55.0   0.0    56   152    88   191    63   191 0.86 # 2 # 574 # -1 # ID=976_1;partial=10;start_type=ATG;rbs_motif=None;rbs_spacer=None;gc_cont=0.682
contig00270_2        -            267 38752at72274         -            212   1.5e-16   59.9   0.2   1   2    0.0014      0.24   10.2   0.3     7    27     4    24     2    58 0.80 # 1311 # 2111 # 1 # ID=270_2;partial=00;start_type=ATG;rbs_motif=GGAG/GAGG;rbs_spacer=5-10bp;gc_cont=0.674
contig00270_2        -            267 38752at72274         -            212   1.5e-16   59.9   0.2   2   2   3.6e-15   6.1e-13   48.0   0.0    53   180    78   202    31   225 0.85 # 1311 # 2111 # 1 # ID=270_2;partial=00;start_type=ATG;rbs_motif=GGAG/GAGG;rbs_spacer=5-10bp;gc_cont=0.674
contig01972_1        -            324 38752at72274         -            212   1.6e-16   59.7   1.0   1   2      0.07        12    4.6   0.3     2    25    53    76    52    82 0.85 # 1 # 972 # 1 # ID=1972_1;partial=10;start_type=Edge;rbs_motif=None;rbs_spacer=None;gc_cont=0.714
contig01972_1        -            324 38752at72274         -            212   1.6e-16   59.7   1.0   2   2   7.2e-17   1.2e-14   53.6   0.0    55   167   133   246    96   265 0.90 # 1 # 972 # 1 # ID=1972_1;partial=10;start_type=Edge;rbs_motif=None;rbs_spacer=None;gc_cont=0.714
contig01155_2        -            184 38752at72274         -            212   1.1e-14   53.7   0.1   1   1   8.1e-17   1.4e-14   53.4   0.1    77   211    33   180     8   181 0.80 # 1225 # 1776 # -1 # ID=1155_2;partial=01;start_type=Edge;rbs_motif=None;rbs_spacer=None;gc_cont=0.690
contig00458_1        -            163 38752at72274         -            212   7.3e-14   51.1   0.2   1   1   7.3e-16   1.3e-13   50.3   0.2   109   208    15   124     2   126 0.75 # 1 # 489 # 1 # ID=458_1;partial=10;start_type=Edge;rbs_motif=None;rbs_spacer=None;gc_cont=0.687
contig00082_7        -            171 38752at72274         -            212   9.6e-14   50.7   0.6   1   2      0.15        26    3.5   0.0     8    27     5    24     1    50 0.87 # 5685 # 6197 # 1 # ID=82_7;partial=01;start_type=ATG;rbs_motif=AGGA;rbs_spacer=5-10bp;gc_cont=0.657
contig00082_7        -            171 38752at72274         -            212   9.6e-14   50.7   0.6   2   2   1.6e-14   2.8e-12   45.9   0.1    56   145    80   168    69   170 0.93 # 5685 # 6197 # 1 # ID=82_7;partial=01;start_type=ATG;rbs_motif=AGGA;rbs_spacer=5-10bp;gc_cont=0.657
contig00109_7        -            279 38752at72274         -            212   1.7e-12   46.6   0.3   1   2   0.00093      0.16   10.7   0.1     4    28    12    36     9    59 0.87 # 4068 # 4904 # -1 # ID=109_7;partial=00;start_type=ATG;rbs_motif=GGAGG;rbs_spacer=5-10bp;gc_cont=0.697
contig00109_7        -            279 38752at72274         -            212   1.7e-12   46.6   0.3   2   2   6.2e-11   1.1e-08   34.2   0.0    56   167    92   202    60   236 0.89 # 4068 # 4904 # -1 # ID=109_7;partial=00;start_type=ATG;rbs_motif=GGAGG;rbs_spacer=5-10bp;gc_cont=0.697
contig00515_5        -            130 38752at72274         -            212   1.6e-11   43.4   1.2   1   2   8.1e-07   0.00014   20.7   0.6     2    28     6    32     5    67 0.70 # 2508 # 2897 # 1 # ID=515_5;partial=01;start_type=ATG;rbs_motif=GGAG/GAGG;rbs_spacer=5-10bp;gc_cont=0.677
contig00515_5        -            130 38752at72274         -            212   1.6e-11   43.4   1.2   2   2     4e-07   6.9e-05   21.7   0.0    34    95    67   125    60   129 0.90 # 2508 # 2897 # 1 # ID=515_5;partial=01;start_type=ATG;rbs_motif=GGAG/GAGG;rbs_spacer=5-10bp;gc_cont=0.677
contig01699_3        -            193 38752at72274         -            212   1.8e-11   43.3   0.0   1   1   1.2e-13   2.1e-11   43.0   0.0    78   189     3   116     1   147 0.88 # 725 # 1303 # -1 # ID=1699_3;partial=01;start_type=Edge;rbs_motif=None;rbs_spacer=None;gc_cont=0.661
contig01501_2        -            232 38752at72274         -            212   1.8e-10   40.0   1.2   1   2      0.26        45    2.7   1.2     2    28     5    31     4    67 0.68 # 748 # 1443 # 1 # ID=1501_2;partial=01;start_type=ATG;rbs_motif=AGGAG;rbs_spacer=5-10bp;gc_cont=0.658
contig01501_2        -            232 38752at72274         -            212   1.8e-10   40.0   1.2   2   2   2.7e-11   4.6e-09   35.4   0.0    57   163    91   195    56   207 0.80 # 748 # 1443 # 1 # ID=1501_2;partial=01;start_type=ATG;rbs_motif=AGGAG;rbs_spacer=5-10bp;gc_cont=0.658
contig00865_2        -            275 38752at72274         -            212   2.8e-10   39.3   0.5   1   2   3.2e-05    0.0055   15.5   0.1     1    28     1    28     1    60 0.71 # 870 # 1694 # 1 # ID=865_2;partial=00;start_type=ATG;rbs_motif=GGAG/GAGG;rbs_spacer=5-10bp;gc_cont=0.699
contig00865_2        -            275 38752at72274         -            212   2.8e-10   39.3   0.5   2   2   2.5e-07   4.2e-05   22.4   0.0    56   163    90   200    71   236 0.86 # 870 # 1694 # 1 # ID=865_2;partial=00;start_type=ATG;rbs_motif=GGAG/GAGG;rbs_spacer=5-10bp;gc_cont=0.699
contig01862_2        -            266 38752at72274         -            212   1.2e-09   37.3   0.3   1   1   1.1e-11   1.8e-09   36.7   0.3    89   209   125   254    69   257 0.83 # 269 # 1066 # -1 # ID=1862_2;partial=00;start_type=ATG;rbs_motif=AGGA;rbs_spacer=5-10bp;gc_cont=0.665
contig01384_2        -            194 38752at72274         -            212     9e-09   34.4   0.3   1   2     0.019       3.3    6.4   0.1     4    25     5    26     2    53 0.77 # 971 # 1552 # 1 # ID=1384_2;partial=01;start_type=ATG;rbs_motif=GGAG/GAGG;rbs_spacer=5-10bp;gc_cont=0.677
contig01384_2        -            194 38752at72274         -            212     9e-09   34.4   0.3   2   2   1.5e-08   2.6e-06   26.4   0.0    57   164    81   184    47   192 0.79 # 971 # 1552 # 1 # ID=1384_2;partial=01;start_type=ATG;rbs_motif=GGAG/GAGG;rbs_spacer=5-10bp;gc_cont=0.677
contig00963_2        -            243 38752at72274         -            212   1.7e-08   33.5   0.3   1   2    0.0047      0.81    8.4   0.2     3    47     2    46     1    56 0.87 # 556 # 1284 # 1 # ID=963_2;partial=00;start_type=ATG;rbs_motif=GGAG/GAGG;rbs_spacer=5-10bp;gc_cont=0.691
contig00963_2        -            243 38752at72274         -            212   1.7e-08   33.5   0.3   2   2   1.1e-07   1.8e-05   23.6   0.0    91   169   117   197    63   219 0.85 # 556 # 1284 # 1 # ID=963_2;partial=00;start_type=ATG;rbs_motif=GGAG/GAGG;rbs_spacer=5-10bp;gc_cont=0.691
contig01042_1        -            171 38752at72274         -            212   4.1e-07   29.0   0.3   1   2   0.00063      0.11   11.3   0.1     3    57    10    66     8    87 0.73 # 2 # 514 # -1 # ID=1042_1;partial=10;start_type=ATG;rbs_motif=AGGAG;rbs_spacer=5-10bp;gc_cont=0.698
contig01042_1        -            171 38752at72274         -            212   4.1e-07   29.0   0.3   2   2   1.6e-05    0.0028   16.5   0.0    57   135    91   169    71   171 0.91 # 2 # 514 # -1 # ID=1042_1;partial=10;start_type=ATG;rbs_motif=AGGAG;rbs_spacer=5-10bp;gc_cont=0.698
contig02200_2        -            148 38752at72274         -            212     1e-05   24.5   0.1   1   2     1e-05    0.0018   17.1   0.0     4    27    12    35    10    71 0.72 # 539 # 982 # 1 # ID=2200_2;partial=01;start_type=ATG;rbs_motif=AGGA;rbs_spacer=5-10bp;gc_cont=0.658
contig02200_2        -            148 38752at72274         -            212     1e-05   24.5   0.1   2   2     0.032       5.5    5.7   0.0    61   101    99   140    78   146 0.79 # 539 # 982 # 1 # ID=2200_2;partial=01;start_type=ATG;rbs_motif=AGGA;rbs_spacer=5-10bp;gc_cont=0.658
contig00954_2        -             85 38752at72274         -            212   1.6e-05   23.8   0.6   1   1   9.3e-08   1.6e-05   23.8   0.6     2    48    10    59     9    79 0.73 # 1792 # 2046 # 1 # ID=954_2;partial=01;start_type=ATG;rbs_motif=GGAG/GAGG;rbs_spacer=5-10bp;gc_cont=0.753
contig00291_2        -            230 38752at72274         -            212   0.00016   20.5   0.4   1   1   0.00012     0.021   13.6   0.4    27   167    53   191     1   217 0.76 # 2742 # 3431 # 1 # ID=291_2;partial=00;start_type=ATG;rbs_motif=GGAG/GAGG;rbs_spacer=5-10bp;gc_cont=0.684
contig01318_2        -             88 38752at72274         -            212   0.00029   19.7   1.0   1   1   2.2e-06   0.00039   19.3   0.9     2    46     3    47     2    66 0.85 # 1344 # 1607 # 1 # ID=1318_2;partial=01;start_type=ATG;rbs_motif=GGA/GAG/AGG;rbs_spacer=5-10bp;gc_cont=0.678
contig00008_10       -            253 38752at72274         -            212   0.00029   19.7   0.0   1   1   2.6e-06   0.00045   19.1   0.0   123   209   160   250    98   252 0.74 # 9391 # 10149 # -1 # ID=8_10;partial=00;start_type=ATG;rbs_motif=GGA/GAG/AGG;rbs_spacer=5-10bp;gc_cont=0.399
contig01723_2        -             54 38752at72274         -            212    0.0014   17.4   1.2   1   1   8.7e-06    0.0015   17.4   1.2     1    43     1    47     1    53 0.82 # 1117 # 1278 # 1 # ID=1723_2;partial=01;start_type=GTG;rbs_motif=AGGAG;rbs_spacer=5-10bp;gc_cont=0.710
contig02520_1        -             59 38752at72274         -            212    0.0032   16.3   0.2   1   1     2e-05    0.0034   16.2   0.2     6    28    11    33     7    50 0.79 # 2 # 178 # -1 # ID=2520_1;partial=10;start_type=ATG;rbs_motif=AGGA;rbs_spacer=5-10bp;gc_cont=0.689
contig03173_1        -            116 38752at72274         -            212     0.005   15.6   0.0   1   2   0.00016     0.027   13.3   0.0     4    27     3    26     1    50 0.79 # 216 # 563 # 1 # ID=3173_1;partial=01;start_type=ATG;rbs_motif=GGAGG;rbs_spacer=3-4bp;gc_cont=0.661
contig03173_1        -            116 38752at72274         -            212     0.005   15.6   0.0   2   2       1.1   1.9e+02    0.7   0.0    56    68    79    91    64   116 0.66 # 216 # 563 # 1 # ID=3173_1;partial=01;start_type=ATG;rbs_motif=GGAGG;rbs_spacer=3-4bp;gc_cont=0.661
contig01065_1        -             24 38752at72274         -            212     0.053   12.3   0.0   1   1   0.00031     0.053   12.3   0.0   195   210     6    21     3    23 0.86 # 1 # 72 # 1 # ID=1065_1;partial=10;start_type=Edge;rbs_motif=None;rbs_spacer=None;gc_cont=0.653
#
# Program:         hmmsearch
# Version:         3.1b2 (February 2015)
# Pipeline mode:   SEARCH
# Query file:      /home/johngn/Microbial-Genomics-Journey-Workshop-2023/Reads_session_3/busco_downloads/lineages/pseudomonadales_odb10/hmms/38752at72274.hmm
# Target file:     /home/johngn/Microbial-Genomics-Journey-Workshop-2023/Reads_session_3/busco_op4/prodigal_output/predicted_genes/predicted.faa
# Option settings: hmmsearch --domtblout /home/johngn/Microbial-Genomics-Journey-Workshop-2023/Reads_session_3/busco_op4/run_pseudomonadales_odb10/hmmer_output/38752at72274.out --cpu 1 /home/johngn/Microbial-Genomics-Journey-Workshop-2023/Reads_session_3/busco_downloads/lineages/pseudomonadales_odb10/hmms/38752at72274.hmm /home/johngn/Microbial-Genomics-Journey-Workshop-2023/Reads_session_3/busco_op4/prodigal_output/predicted_genes/predicted.faa 
# Current dir:     /home/johngn/Microbial-Genomics-Journey-Workshop-2023/Reads_session_3
# Date:            Wed Mar  8 17:01:28 2023
# [ok]
