#                                                                            --- full sequence --- -------------- this domain -------------   hmm coord   ali coord   env coord
# target name        accession   tlen query name           accession   qlen   E-value  score  bias   #  of  c-Evalue  i-Evalue  score  bias  from    to  from    to  from    to  acc description of target
#------------------- ---------- ----- -------------------- ---------- ----- --------- ------ ----- --- --- --------- --------- ------ ----- ----- ----- ----- ----- ----- ----- ---- ---------------------
contig01778_1        -            411 3912at72274          -            556  2.9e-209  694.9   3.9   1   1  8.4e-211  1.4e-207  689.3   3.9    79   436     1   411     1   411 0.93 # 2 # 1234 # -1 # ID=1778_1;partial=11;start_type=Edge;rbs_motif=None;rbs_spacer=None;gc_cont=0.676
contig03137_2        -            150 3912at72274          -            556   1.1e-42  145.0   0.0   1   1   7.8e-46   1.3e-42  144.7   0.0   452   556     1   135     1   135 0.85 # 126 # 575 # -1 # ID=3137_2;partial=01;start_type=Edge;rbs_motif=None;rbs_spacer=None;gc_cont=0.667
contig01173_1        -             81 3912at72274          -            556   1.1e-39  135.1   0.3   1   1   7.1e-43   1.2e-39  134.9   0.3     1    70     7    81     7    81 0.96 # 2 # 244 # -1 # ID=1173_1;partial=10;start_type=ATG;rbs_motif=AGGAG;rbs_spacer=5-10bp;gc_cont=0.663
contig00041_2        -            628 3912at72274          -            556   2.5e-08   31.6   0.1   1   3   6.7e-05      0.11    9.6   0.1   103   181   128   199    43   220 0.77 # 385 # 2268 # -1 # ID=41_2;partial=00;start_type=ATG;rbs_motif=None;rbs_spacer=None;gc_cont=0.674
contig00041_2        -            628 3912at72274          -            556   2.5e-08   31.6   0.1   2   3     0.058        98   -0.1   0.0   190   210   250   271   246   280 0.88 # 385 # 2268 # -1 # ID=41_2;partial=00;start_type=ATG;rbs_motif=None;rbs_spacer=None;gc_cont=0.674
contig00041_2        -            628 3912at72274          -            556   2.5e-08   31.6   0.1   3   3   2.2e-07   0.00037   17.8   0.0   340   455   368   482   327   491 0.80 # 385 # 2268 # -1 # ID=41_2;partial=00;start_type=ATG;rbs_motif=None;rbs_spacer=None;gc_cont=0.674
contig02450_1        -            286 3912at72274          -            556   6.5e-06   23.6   0.0   1   2   1.1e-06    0.0019   15.4   0.0   133   204    27   100    17   119 0.87 # 2 # 859 # 1 # ID=2450_1;partial=11;start_type=Edge;rbs_motif=None;rbs_spacer=None;gc_cont=0.643
contig02450_1        -            286 3912at72274          -            556   6.5e-06   23.6   0.0   2   2    0.0007       1.2    6.2   0.0   190   246   174   228   164   268 0.68 # 2 # 859 # 1 # ID=2450_1;partial=11;start_type=Edge;rbs_motif=None;rbs_spacer=None;gc_cont=0.643
#
# Program:         hmmsearch
# Version:         3.1b2 (February 2015)
# Pipeline mode:   SEARCH
# Query file:      /home/johngn/Microbial-Genomics-Journey-Workshop-2023/Reads_session_3/busco_downloads/lineages/pseudomonadales_odb10/hmms/3912at72274.hmm
# Target file:     /home/johngn/Microbial-Genomics-Journey-Workshop-2023/Reads_session_3/busco_op4/prodigal_output/predicted_genes/predicted.faa
# Option settings: hmmsearch --domtblout /home/johngn/Microbial-Genomics-Journey-Workshop-2023/Reads_session_3/busco_op4/run_pseudomonadales_odb10/hmmer_output/3912at72274.out --cpu 1 /home/johngn/Microbial-Genomics-Journey-Workshop-2023/Reads_session_3/busco_downloads/lineages/pseudomonadales_odb10/hmms/3912at72274.hmm /home/johngn/Microbial-Genomics-Journey-Workshop-2023/Reads_session_3/busco_op4/prodigal_output/predicted_genes/predicted.faa 
# Current dir:     /home/johngn/Microbial-Genomics-Journey-Workshop-2023/Reads_session_3
# Date:            Wed Mar  8 17:01:28 2023
# [ok]
