#                                                                            --- full sequence --- -------------- this domain -------------   hmm coord   ali coord   env coord
# target name        accession   tlen query name           accession   qlen   E-value  score  bias   #  of  c-Evalue  i-Evalue  score  bias  from    to  from    to  from    to  acc description of target
#------------------- ---------- ----- -------------------- ---------- ----- --------- ------ ----- --- --- --------- --------- ------ ----- ----- ----- ----- ----- ----- ----- ---- ---------------------
contig01800_1        -            403 3949at72274          -            614  8.8e-190  630.8   0.0   1   1  8.9e-193  1.1e-189  630.5   0.0   130   489    13   403    10   403 0.94 # 3 # 1211 # -1 # ID=1800_1;partial=11;start_type=Edge;rbs_motif=None;rbs_spacer=None;gc_cont=0.701
contig01874_3        -            177 3949at72274          -            614   3.9e-33  113.4   0.0   1   1   9.7e-35   1.2e-31  108.5   0.0     1   123     6   174     6   176 0.75 # 635 # 1165 # 1 # ID=1874_3;partial=01;start_type=GTG;rbs_motif=GGA/GAG/AGG;rbs_spacer=5-10bp;gc_cont=0.674
contig00472_1        -           1001 3949at72274          -            614   6.4e-16   56.6   0.0   1   1   8.8e-19   1.1e-15   55.8   0.0   138   297   623   793   614   817 0.81 # 2 # 3004 # 1 # ID=472_1;partial=11;start_type=Edge;rbs_motif=None;rbs_spacer=None;gc_cont=0.679
contig00002_26       -            659 3949at72274          -            614   1.5e-07   28.9   0.1   1   2   7.7e-05     0.093    9.8   0.0   153   201    37    82     8    91 0.84 # 27323 # 29299 # -1 # ID=2_26;partial=00;start_type=ATG;rbs_motif=AGGAG;rbs_spacer=5-10bp;gc_cont=0.528
contig00002_26       -            659 3949at72274          -            614   1.5e-07   28.9   0.1   2   2   5.9e-07   0.00071   16.8   0.0   422   502   482   554   425   585 0.79 # 27323 # 29299 # -1 # ID=2_26;partial=00;start_type=ATG;rbs_motif=AGGAG;rbs_spacer=5-10bp;gc_cont=0.528
contig02318_1        -            310 3949at72274          -            614     2e-05   21.9   0.4   1   2     0.093   1.1e+02   -0.4   0.0   322   344    74    96    35   106 0.78 # 1 # 930 # 1 # ID=2318_1;partial=11;start_type=Edge;rbs_motif=None;rbs_spacer=None;gc_cont=0.668
contig02318_1        -            310 3949at72274          -            614     2e-05   21.9   0.4   2   2   5.4e-08   6.5e-05   20.2   0.1   416   501   123   196    96   226 0.74 # 1 # 930 # 1 # ID=2318_1;partial=11;start_type=Edge;rbs_motif=None;rbs_spacer=None;gc_cont=0.668
contig00343_1        -             29 3949at72274          -            614   0.00021   18.5   0.0   1   1   1.7e-07   0.00021   18.5   0.0   592   614     6    28     2    28 0.91 # 1 # 87 # 1 # ID=343_1;partial=10;start_type=Edge;rbs_motif=None;rbs_spacer=None;gc_cont=0.655
contig01479_2        -            116 3949at72274          -            614    0.0027   14.8   0.0   1   1   2.3e-06    0.0028   14.8   0.0   151   202    33    81     2    97 0.73 # 1117 # 1464 # 1 # ID=1479_2;partial=01;start_type=ATG;rbs_motif=GGAG/GAGG;rbs_spacer=5-10bp;gc_cont=0.612
#
# Program:         hmmsearch
# Version:         3.1b2 (February 2015)
# Pipeline mode:   SEARCH
# Query file:      /home/johngn/Microbial-Genomics-Journey-Workshop-2023/Reads_session_3/busco_downloads/lineages/pseudomonadales_odb10/hmms/3949at72274.hmm
# Target file:     /home/johngn/Microbial-Genomics-Journey-Workshop-2023/Reads_session_3/busco_op4/prodigal_output/predicted_genes/predicted.faa
# Option settings: hmmsearch --domtblout /home/johngn/Microbial-Genomics-Journey-Workshop-2023/Reads_session_3/busco_op4/run_pseudomonadales_odb10/hmmer_output/3949at72274.out --cpu 1 /home/johngn/Microbial-Genomics-Journey-Workshop-2023/Reads_session_3/busco_downloads/lineages/pseudomonadales_odb10/hmms/3949at72274.hmm /home/johngn/Microbial-Genomics-Journey-Workshop-2023/Reads_session_3/busco_op4/prodigal_output/predicted_genes/predicted.faa 
# Current dir:     /home/johngn/Microbial-Genomics-Journey-Workshop-2023/Reads_session_3
# Date:            Wed Mar  8 17:01:28 2023
# [ok]
