#                                                                            --- full sequence --- -------------- this domain -------------   hmm coord   ali coord   env coord
# target name        accession   tlen query name           accession   qlen   E-value  score  bias   #  of  c-Evalue  i-Evalue  score  bias  from    to  from    to  from    to  acc description of target
#------------------- ---------- ----- -------------------- ---------- ----- --------- ------ ----- --- --- --------- --------- ------ ----- ----- ----- ----- ----- ----- ----- ---- ---------------------
contig00828_1        -            233 41068at72274         -            223   3.5e-47  159.5   0.0   1   2   7.4e-07    0.0012   17.0   0.0    54    81     1    33     1    36 0.81 # 1 # 699 # 1 # ID=828_1;partial=10;start_type=Edge;rbs_motif=None;rbs_spacer=None;gc_cont=0.668
contig00828_1        -            233 41068at72274         -            223   3.5e-47  159.5   0.0   2   2   1.3e-44   2.2e-41  140.5   0.0    79   206    58   202    54   231 0.85 # 1 # 699 # 1 # ID=828_1;partial=10;start_type=Edge;rbs_motif=None;rbs_spacer=None;gc_cont=0.668
contig00525_5        -             60 41068at72274         -            223   1.2e-10   39.9   0.1   1   1   8.4e-14   1.4e-10   39.7   0.1     2    38    23    60    22    60 0.94 # 2678 # 2857 # 1 # ID=525_5;partial=01;start_type=GTG;rbs_motif=GGA/GAG/AGG;rbs_spacer=5-10bp;gc_cont=0.722
contig01032_3        -            178 41068at72274         -            223   1.9e-07   29.5   0.0   1   1   1.3e-10   2.3e-07   29.2   0.0    95   180    20   113     2   149 0.71 # 1396 # 1929 # -1 # ID=1032_3;partial=01;start_type=Edge;rbs_motif=None;rbs_spacer=None;gc_cont=0.659
contig02396_1        -            125 41068at72274         -            223     0.006   14.8   0.0   1   1   4.7e-06    0.0079   14.4   0.0     7    72    45   111    40   115 0.87 # 3 # 377 # -1 # ID=2396_1;partial=10;start_type=ATG;rbs_motif=GGA/GAG/AGG;rbs_spacer=5-10bp;gc_cont=0.696
contig00745_4        -            306 41068at72274         -            223    0.0061   14.8   0.0   1   2   9.4e-06     0.016   13.4   0.0    83   136   142   198   126   216 0.86 # 1248 # 2165 # -1 # ID=745_4;partial=00;start_type=ATG;rbs_motif=AGGA;rbs_spacer=5-10bp;gc_cont=0.707
contig00745_4        -            306 41068at72274         -            223    0.0061   14.8   0.0   2   2       0.7   1.2e+03   -2.5   0.0   115   132   237   254   233   260 0.77 # 1248 # 2165 # -1 # ID=745_4;partial=00;start_type=ATG;rbs_motif=AGGA;rbs_spacer=5-10bp;gc_cont=0.707
#
# Program:         hmmsearch
# Version:         3.1b2 (February 2015)
# Pipeline mode:   SEARCH
# Query file:      /home/johngn/Microbial-Genomics-Journey-Workshop-2023/Reads_session_3/busco_downloads/lineages/pseudomonadales_odb10/hmms/41068at72274.hmm
# Target file:     /home/johngn/Microbial-Genomics-Journey-Workshop-2023/Reads_session_3/busco_op4/prodigal_output/predicted_genes/predicted.faa
# Option settings: hmmsearch --domtblout /home/johngn/Microbial-Genomics-Journey-Workshop-2023/Reads_session_3/busco_op4/run_pseudomonadales_odb10/hmmer_output/41068at72274.out --cpu 1 /home/johngn/Microbial-Genomics-Journey-Workshop-2023/Reads_session_3/busco_downloads/lineages/pseudomonadales_odb10/hmms/41068at72274.hmm /home/johngn/Microbial-Genomics-Journey-Workshop-2023/Reads_session_3/busco_op4/prodigal_output/predicted_genes/predicted.faa 
# Current dir:     /home/johngn/Microbial-Genomics-Journey-Workshop-2023/Reads_session_3
# Date:            Wed Mar  8 17:01:29 2023
# [ok]
