#                                                                            --- full sequence --- -------------- this domain -------------   hmm coord   ali coord   env coord
# target name        accession   tlen query name           accession   qlen   E-value  score  bias   #  of  c-Evalue  i-Evalue  score  bias  from    to  from    to  from    to  acc description of target
#------------------- ---------- ----- -------------------- ---------- ----- --------- ------ ----- --- --- --------- --------- ------ ----- ----- ----- ----- ----- ----- ----- ---- ---------------------
contig02718_1        -             98 41129at72274         -            201   3.8e-36  123.5   0.9   1   1   1.8e-38   4.2e-36  123.3   0.9   117   201     1    97     1    97 0.89 # 1 # 294 # 1 # ID=2718_1;partial=10;start_type=Edge;rbs_motif=None;rbs_spacer=None;gc_cont=0.646
contig02949_1        -            136 41129at72274         -            201     5e-34  116.6   0.1   1   1   5.6e-36   1.3e-33  115.2   0.1     1   104     1   128     1   132 0.84 # 3 # 410 # -1 # ID=2949_1;partial=10;start_type=ATG;rbs_motif=AGGA/GGAG/GAGG;rbs_spacer=11-12bp;gc_cont=0.654
contig00362_3        -            215 41129at72274         -            201   7.3e-09   34.4   0.1   1   1   5.6e-11   1.3e-08   33.6   0.1     2    97     3   120     2   139 0.75 # 2448 # 3092 # -1 # ID=362_3;partial=00;start_type=GTG;rbs_motif=GGAG/GAGG;rbs_spacer=5-10bp;gc_cont=0.633
contig00186_5        -            122 41129at72274         -            201   9.4e-09   34.1   0.0   1   1   1.1e-10   2.6e-08   32.6   0.0     2    92     3   115     2   120 0.63 # 4093 # 4458 # -1 # ID=186_5;partial=00;start_type=ATG;rbs_motif=None;rbs_spacer=None;gc_cont=0.615
contig01163_2        -            206 41129at72274         -            201   2.5e-06   26.1   0.2   1   1   1.7e-08   3.9e-06   25.5   0.2     2    54     3    65     2   119 0.74 # 1145 # 1762 # 1 # ID=1163_2;partial=01;start_type=ATG;rbs_motif=GGA/GAG/AGG;rbs_spacer=11-12bp;gc_cont=0.605
contig00175_4        -            336 41129at72274         -            201   2.6e-06   26.1   0.2   1   1   2.2e-08   5.1e-06   25.1   0.2     1    78     1    96     1   116 0.75 # 3440 # 4447 # -1 # ID=175_4;partial=00;start_type=TTG;rbs_motif=GGAG/GAGG;rbs_spacer=5-10bp;gc_cont=0.664
contig00240_1        -            177 41129at72274         -            201     3e-06   25.9   0.2   1   1   2.5e-08   5.8e-06   24.9   0.2     3    94     8   119     6   143 0.70 # 3 # 533 # -1 # ID=240_1;partial=10;start_type=ATG;rbs_motif=GGA/GAG/AGG;rbs_spacer=5-10bp;gc_cont=0.627
contig02979_1        -            210 41129at72274         -            201   4.3e-06   25.4   0.1   1   1   3.8e-08   8.9e-06   24.3   0.1     2    81     6   107     5   123 0.63 # 3 # 632 # 1 # ID=2979_1;partial=11;start_type=Edge;rbs_motif=None;rbs_spacer=None;gc_cont=0.640
contig00361_3        -            226 41129at72274         -            201   7.6e-06   24.6   0.0   1   1   5.4e-08   1.3e-05   23.8   0.0     1    95     1   117     1   134 0.71 # 2711 # 3388 # -1 # ID=361_3;partial=00;start_type=ATG;rbs_motif=AGGAG;rbs_spacer=5-10bp;gc_cont=0.693
contig00080_1        -            208 41129at72274         -            201   1.2e-05   24.0   0.1   1   1   7.4e-08   1.7e-05   23.4   0.1     2    59     3    70     2   116 0.78 # 128 # 751 # -1 # ID=80_1;partial=00;start_type=ATG;rbs_motif=AGGA;rbs_spacer=5-10bp;gc_cont=0.588
contig02308_2        -            222 41129at72274         -            201   1.8e-05   23.3   0.0   1   1   1.3e-07   3.1e-05   22.6   0.0     4   117     8   141     5   170 0.62 # 267 # 932 # 1 # ID=2308_2;partial=01;start_type=ATG;rbs_motif=AGGAG;rbs_spacer=5-10bp;gc_cont=0.671
contig01956_2        -            112 41129at72274         -            201   1.9e-05   23.2   0.2   1   1   1.1e-07   2.6e-05   22.8   0.2     2    53    13    75    12   104 0.76 # 779 # 1114 # 1 # ID=1956_2;partial=01;start_type=ATG;rbs_motif=AGGAG;rbs_spacer=5-10bp;gc_cont=0.685
contig02528_2        -             99 41129at72274         -            201   8.7e-05   21.1   0.1   1   1   5.6e-07   0.00013   20.5   0.1     2    53     3    64     2    71 0.73 # 530 # 826 # 1 # ID=2528_2;partial=01;start_type=ATG;rbs_motif=GGA/GAG/AGG;rbs_spacer=5-10bp;gc_cont=0.646
contig00961_1        -            125 41129at72274         -            201   0.00015   20.3   0.1   1   1   8.2e-07   0.00019   20.0   0.1     2    55    12    74    11   116 0.82 # 2 # 376 # -1 # ID=961_1;partial=10;start_type=ATG;rbs_motif=None;rbs_spacer=None;gc_cont=0.664
contig01781_1        -            244 41129at72274         -            201   0.00019   20.0   0.0   1   1   1.5e-06   0.00034   19.2   0.0     2    54     4    67     3   142 0.68 # 1 # 732 # -1 # ID=1781_1;partial=10;start_type=ATG;rbs_motif=AGGAG;rbs_spacer=5-10bp;gc_cont=0.669
contig00373_3        -            222 41129at72274         -            201   0.00041   18.9   0.1   1   1   6.8e-06    0.0016   17.0   0.1     2    92     3   119     2   149 0.61 # 763 # 1428 # 1 # ID=373_3;partial=00;start_type=ATG;rbs_motif=GGAG/GAGG;rbs_spacer=5-10bp;gc_cont=0.641
contig00107_5        -            230 41129at72274         -            201   0.00042   18.9   0.0   1   1   3.1e-06   0.00072   18.1   0.0     1    97     1   116     1   138 0.70 # 3273 # 3962 # -1 # ID=107_5;partial=00;start_type=ATG;rbs_motif=AGGA/GGAG/GAGG;rbs_spacer=11-12bp;gc_cont=0.661
contig00056_8        -            127 41129at72274         -            201   0.00074   18.1   0.0   1   1   3.3e-06   0.00078   18.0   0.0     2    52    16    75    15   119 0.83 # 7193 # 7573 # 1 # ID=56_8;partial=01;start_type=ATG;rbs_motif=GGA/GAG/AGG;rbs_spacer=5-10bp;gc_cont=0.643
contig01991_1        -            355 41129at72274         -            201    0.0008   18.0   0.0   1   1   7.6e-06    0.0018   16.8   0.0    26    54    45    73    12   138 0.68 # 1 # 1065 # -1 # ID=1991_1;partial=10;start_type=ATG;rbs_motif=GGAGG;rbs_spacer=3-4bp;gc_cont=0.694
contig00583_4        -             89 41129at72274         -            201   0.00083   17.9   0.1   1   1   4.8e-06    0.0011   17.5   0.1     2    53     9    69     8    76 0.70 # 2455 # 2721 # 1 # ID=583_4;partial=01;start_type=ATG;rbs_motif=GGA/GAG/AGG;rbs_spacer=5-10bp;gc_cont=0.547
contig01465_3        -            103 41129at72274         -            201   0.00083   17.9   0.1   1   1   0.00011     0.026   13.0   0.1     1    52     1    67     1   102 0.65 # 1163 # 1471 # 1 # ID=1465_3;partial=01;start_type=ATG;rbs_motif=AGGA;rbs_spacer=5-10bp;gc_cont=0.660
contig02090_1        -            256 41129at72274         -            201   0.00084   17.9   0.0   1   1   6.8e-06    0.0016   17.0   0.0     1    97    27   142    27   170 0.73 # 3 # 770 # 1 # ID=2090_1;partial=10;start_type=Edge;rbs_motif=None;rbs_spacer=None;gc_cont=0.648
contig01961_2        -            202 41129at72274         -            201   0.00092   17.8   0.0   1   1   1.3e-05    0.0031   16.0   0.0     2    97     6   125     5   139 0.66 # 504 # 1109 # 1 # ID=1961_2;partial=01;start_type=ATG;rbs_motif=GGAGG;rbs_spacer=5-10bp;gc_cont=0.683
contig00175_3        -            348 41129at72274         -            201    0.0015   17.1   0.1   1   1   1.2e-05    0.0028   16.2   0.1     3    96    21   134    19   152 0.67 # 2289 # 3332 # -1 # ID=175_3;partial=00;start_type=ATG;rbs_motif=GGAG/GAGG;rbs_spacer=5-10bp;gc_cont=0.674
contig01879_2        -            231 41129at72274         -            201    0.0022   16.6   0.0   1   1   1.6e-05    0.0038   15.8   0.0     2    95     7   119     6   128 0.68 # 203 # 895 # 1 # ID=1879_2;partial=00;start_type=ATG;rbs_motif=None;rbs_spacer=None;gc_cont=0.687
contig00224_2        -            350 41129at72274         -            201    0.0022   16.5   0.3   1   1   2.2e-05    0.0051   15.3   0.3     3    53     5    66     3   135 0.70 # 1516 # 2565 # -1 # ID=224_2;partial=00;start_type=ATG;rbs_motif=GGAG/GAGG;rbs_spacer=5-10bp;gc_cont=0.717
contig02474_1        -            282 41129at72274         -            201    0.0031   16.0   0.0   1   1   2.5e-05    0.0059   15.1   0.0     2    55   167   234   166   279 0.76 # 3 # 848 # -1 # ID=2474_1;partial=11;start_type=Edge;rbs_motif=None;rbs_spacer=None;gc_cont=0.700
contig03090_1        -             98 41129at72274         -            201    0.0035   15.9   0.1   1   1   1.9e-05    0.0045   15.5   0.1     2    53    12    72    11    95 0.72 # 3 # 296 # -1 # ID=3090_1;partial=10;start_type=ATG;rbs_motif=AGGAGG;rbs_spacer=5-10bp;gc_cont=0.684
contig00426_2        -            239 41129at72274         -            201    0.0047   15.5   0.0   1   2   4.5e-05     0.011   14.3   0.0     4    92    14   121    11   142 0.58 # 1458 # 2174 # 1 # ID=426_2;partial=00;start_type=GTG;rbs_motif=GGA/GAG/AGG;rbs_spacer=11-12bp;gc_cont=0.692
contig00426_2        -            239 41129at72274         -            201    0.0047   15.5   0.0   2   2       8.2   1.9e+03   -2.9   0.0    92   110   197   215   170   225 0.55 # 1458 # 2174 # 1 # ID=426_2;partial=00;start_type=GTG;rbs_motif=GGA/GAG/AGG;rbs_spacer=11-12bp;gc_cont=0.692
contig00096_1        -            198 41129at72274         -            201    0.0049   15.4   0.0   1   1   4.3e-05      0.01   14.4   0.0     2    92     4   114     3   143 0.58 # 3 # 596 # -1 # ID=96_1;partial=10;start_type=ATG;rbs_motif=GGA/GAG/AGG;rbs_spacer=5-10bp;gc_cont=0.677
contig01432_2        -            236 41129at72274         -            201    0.0064   15.0   0.0   1   1   4.3e-05      0.01   14.4   0.0    29    93    44   118     7   126 0.65 # 774 # 1481 # 1 # ID=1432_2;partial=00;start_type=ATG;rbs_motif=None;rbs_spacer=None;gc_cont=0.636
contig00997_1        -            479 41129at72274         -            201    0.0096   14.4   0.3   1   2   0.00012     0.029   12.9   0.0     2    98     3   115     2   131 0.68 # 305 # 1741 # -1 # ID=997_1;partial=00;start_type=ATG;rbs_motif=GGA/GAG/AGG;rbs_spacer=5-10bp;gc_cont=0.665
contig00997_1        -            479 41129at72274         -            201    0.0096   14.4   0.3   2   2       9.9   2.3e+03   -3.1   0.0    12    45   257   290   246   297 0.63 # 305 # 1741 # -1 # ID=997_1;partial=00;start_type=ATG;rbs_motif=GGA/GAG/AGG;rbs_spacer=5-10bp;gc_cont=0.665
contig01082_2        -            226 41129at72274         -            201     0.023   13.2   0.0   1   1    0.0002     0.047   12.2   0.0     1    92     1   112     1   130 0.61 # 170 # 847 # 1 # ID=1082_2;partial=00;start_type=ATG;rbs_motif=GGAGG;rbs_spacer=5-10bp;gc_cont=0.664
contig00048_2        -            442 41129at72274         -            201     0.034   12.6   0.2   1   2   0.00039     0.091   11.3   0.0     3    95     7   119     5   202 0.67 # 1274 # 2599 # -1 # ID=48_2;partial=00;start_type=ATG;rbs_motif=GGA/GAG/AGG;rbs_spacer=5-10bp;gc_cont=0.683
contig00048_2        -            442 41129at72274         -            201     0.034   12.6   0.2   2   2       6.4   1.5e+03   -2.5   0.0   133   161   233   261   223   269 0.74 # 1274 # 2599 # -1 # ID=48_2;partial=00;start_type=ATG;rbs_motif=GGA/GAG/AGG;rbs_spacer=5-10bp;gc_cont=0.683
contig02047_2        -            219 41129at72274         -            201     0.037   12.5   0.0   1   1    0.0013       0.3    9.6   0.0     2   108    10   140     9   159 0.65 # 409 # 1065 # 1 # ID=2047_2;partial=01;start_type=ATG;rbs_motif=GGAG/GAGG;rbs_spacer=5-10bp;gc_cont=0.639
contig00628_3        -            224 41129at72274         -            201     0.068   11.7   0.0   1   1    0.0006      0.14   10.6   0.0     1    54     1    63     1   121 0.59 # 1863 # 2534 # -1 # ID=628_3;partial=00;start_type=ATG;rbs_motif=GGAG/GAGG;rbs_spacer=5-10bp;gc_cont=0.701
#
# Program:         hmmsearch
# Version:         3.1b2 (February 2015)
# Pipeline mode:   SEARCH
# Query file:      /home/johngn/Microbial-Genomics-Journey-Workshop-2023/Reads_session_3/busco_downloads/lineages/pseudomonadales_odb10/hmms/41129at72274.hmm
# Target file:     /home/johngn/Microbial-Genomics-Journey-Workshop-2023/Reads_session_3/busco_op4/prodigal_output/predicted_genes/predicted.faa
# Option settings: hmmsearch --domtblout /home/johngn/Microbial-Genomics-Journey-Workshop-2023/Reads_session_3/busco_op4/run_pseudomonadales_odb10/hmmer_output/41129at72274.out --cpu 1 /home/johngn/Microbial-Genomics-Journey-Workshop-2023/Reads_session_3/busco_downloads/lineages/pseudomonadales_odb10/hmms/41129at72274.hmm /home/johngn/Microbial-Genomics-Journey-Workshop-2023/Reads_session_3/busco_op4/prodigal_output/predicted_genes/predicted.faa 
# Current dir:     /home/johngn/Microbial-Genomics-Journey-Workshop-2023/Reads_session_3
# Date:            Wed Mar  8 17:01:29 2023
# [ok]
