#                                                                            --- full sequence --- -------------- this domain -------------   hmm coord   ali coord   env coord
# target name        accession   tlen query name           accession   qlen   E-value  score  bias   #  of  c-Evalue  i-Evalue  score  bias  from    to  from    to  from    to  acc description of target
#------------------- ---------- ----- -------------------- ---------- ----- --------- ------ ----- --- --- --------- --------- ------ ----- ----- ----- ----- ----- ----- ----- ---- ---------------------
contig00187_3        -            248 41972at72274         -            219  1.5e-126  418.9   1.2   1   1  1.7e-128  1.7e-126  418.7   1.2     1   219    11   242    11   242 0.96 # 3012 # 3755 # 1 # ID=187_3;partial=00;start_type=ATG;rbs_motif=GGAG/GAGG;rbs_spacer=5-10bp;gc_cont=0.679
contig01011_2        -            247 41972at72274         -            219   1.5e-58  196.6   1.9   1   1   1.8e-60   1.9e-58  196.3   1.9     2   215     6   235     5   238 0.90 # 604 # 1344 # -1 # ID=1011_2;partial=00;start_type=ATG;rbs_motif=GGAG/GAGG;rbs_spacer=5-10bp;gc_cont=0.665
contig00955_2        -            243 41972at72274         -            219   2.7e-55  185.9   0.6   1   1   3.3e-57   3.4e-55  185.6   0.6     2   215     7   232     6   235 0.87 # 536 # 1264 # -1 # ID=955_2;partial=00;start_type=GTG;rbs_motif=AGGAG;rbs_spacer=5-10bp;gc_cont=0.694
contig01432_2        -            236 41972at72274         -            219   3.1e-53  179.2   0.1   1   1   3.3e-55   3.5e-53  179.0   0.1     2   217     8   230     7   232 0.87 # 774 # 1481 # 1 # ID=1432_2;partial=00;start_type=ATG;rbs_motif=None;rbs_spacer=None;gc_cont=0.636
contig01632_2        -            226 41972at72274         -            219   2.4e-48  163.2   0.1   1   1   2.6e-50   2.7e-48  163.1   0.1     3   215     4   223     2   225 0.93 # 329 # 1006 # 1 # ID=1632_2;partial=00;start_type=ATG;rbs_motif=GGA/GAG/AGG;rbs_spacer=5-10bp;gc_cont=0.698
contig02090_1        -            256 41972at72274         -            219   2.5e-39  133.7   2.3   1   1   3.2e-41   3.3e-39  133.3   2.3     2   214    28   244    27   247 0.90 # 3 # 770 # 1 # ID=2090_1;partial=10;start_type=Edge;rbs_motif=None;rbs_spacer=None;gc_cont=0.648
contig01961_2        -            202 41972at72274         -            219   3.1e-38  130.2   0.2   1   1   3.6e-40   3.8e-38  129.9   0.2     2   177     6   199     5   201 0.83 # 504 # 1109 # 1 # ID=1961_2;partial=01;start_type=ATG;rbs_motif=GGAGG;rbs_spacer=5-10bp;gc_cont=0.683
contig01172_2        -            230 41972at72274         -            219   1.4e-37  128.1   0.4   1   1   1.6e-39   1.6e-37  127.8   0.4     2   215     4   222     3   226 0.90 # 1060 # 1749 # -1 # ID=1172_2;partial=01;start_type=Edge;rbs_motif=None;rbs_spacer=None;gc_cont=0.648
contig00107_5        -            230 41972at72274         -            219   3.6e-37  126.7   1.6   1   1   4.1e-39   4.3e-37  126.4   1.6     2   215     2   220     1   223 0.91 # 3273 # 3962 # -1 # ID=107_5;partial=00;start_type=ATG;rbs_motif=AGGA/GGAG/GAGG;rbs_spacer=11-12bp;gc_cont=0.661
contig00426_2        -            239 41972at72274         -            219   3.9e-37  126.6   0.5   1   1   4.2e-39   4.4e-37  126.4   0.5     2   217    12   234    11   236 0.91 # 1458 # 2174 # 1 # ID=426_2;partial=00;start_type=GTG;rbs_motif=GGA/GAG/AGG;rbs_spacer=11-12bp;gc_cont=0.692
contig00443_2        -            240 41972at72274         -            219   1.2e-36  125.0   0.0   1   1   1.3e-38   1.3e-36  124.8   0.0     2   217    10   237     9   239 0.88 # 791 # 1510 # -1 # ID=443_2;partial=00;start_type=ATG;rbs_motif=None;rbs_spacer=None;gc_cont=0.662
contig00628_3        -            224 41972at72274         -            219   3.1e-36  123.6   0.8   1   1   3.3e-38   3.4e-36  123.5   0.8     2   215     2   218     1   222 0.91 # 1863 # 2534 # -1 # ID=628_3;partial=00;start_type=ATG;rbs_motif=GGAG/GAGG;rbs_spacer=5-10bp;gc_cont=0.701
contig00380_2        -            230 41972at72274         -            219     9e-36  122.1   0.0   1   1     1e-37   1.1e-35  121.9   0.0     2   218     3   227     2   228 0.87 # 1258 # 1947 # -1 # ID=380_2;partial=00;start_type=ATG;rbs_motif=None;rbs_spacer=None;gc_cont=0.693
contig01068_1        -            225 41972at72274         -            219   2.8e-35  120.5   3.0   1   1   3.1e-37   3.2e-35  120.3   3.0     2   215     2   220     1   223 0.87 # 50 # 724 # 1 # ID=1068_1;partial=00;start_type=ATG;rbs_motif=GGA/GAG/AGG;rbs_spacer=5-10bp;gc_cont=0.650
contig01879_2        -            231 41972at72274         -            219   2.6e-33  114.1   0.3   1   1     3e-35   3.1e-33  113.8   0.3     2   214     7   226     6   229 0.88 # 203 # 895 # 1 # ID=1879_2;partial=00;start_type=ATG;rbs_motif=None;rbs_spacer=None;gc_cont=0.687
contig01082_2        -            226 41972at72274         -            219   8.4e-33  112.4   0.2   1   1   9.5e-35     1e-32  112.2   0.2     2   216     2   221     1   223 0.87 # 170 # 847 # 1 # ID=1082_2;partial=00;start_type=ATG;rbs_motif=GGAGG;rbs_spacer=5-10bp;gc_cont=0.664
contig00134_4        -            222 41972at72274         -            219     2e-30  104.7   1.1   1   1   2.3e-32   2.4e-30  104.4   1.1     2   213     2   214     1   218 0.91 # 2576 # 3241 # 1 # ID=134_4;partial=00;start_type=ATG;rbs_motif=GGAG/GAGG;rbs_spacer=5-10bp;gc_cont=0.701
contig00151_4        -            224 41972at72274         -            219   2.6e-29  101.0   0.0   1   1   2.9e-31     3e-29  100.8   0.0     2   203     2   210     1   220 0.86 # 1992 # 2663 # 1 # ID=151_4;partial=00;start_type=ATG;rbs_motif=GGAG/GAGG;rbs_spacer=5-10bp;gc_cont=0.695
contig02072_2        -            156 41972at72274         -            219   4.4e-27   93.7   1.4   1   1   4.6e-29   4.9e-27   93.6   1.4     2   149     2   156     1   156 0.89 # 593 # 1060 # 1 # ID=2072_2;partial=01;start_type=ATG;rbs_motif=GGAG/GAGG;rbs_spacer=5-10bp;gc_cont=0.679
contig01466_2        -            135 41972at72274         -            219   3.8e-23   80.9   1.0   1   1     4e-25   4.3e-23   80.7   1.0     3   126     3   129     1   133 0.86 # 1067 # 1471 # 1 # ID=1466_2;partial=01;start_type=ATG;rbs_motif=None;rbs_spacer=None;gc_cont=0.709
contig01991_1        -            355 41972at72274         -            219   1.6e-18   65.8   0.9   1   1   2.1e-20   2.2e-18   65.3   0.9     3   138    13   158    10   181 0.76 # 1 # 1065 # -1 # ID=1991_1;partial=10;start_type=ATG;rbs_motif=GGAGG;rbs_spacer=3-4bp;gc_cont=0.694
contig00388_2        -            450 41972at72274         -            219   3.1e-17   61.5   0.2   1   1     5e-19   5.3e-17   60.8   0.2     2   116    10   129     9   166 0.91 # 1277 # 2626 # -1 # ID=388_2;partial=00;start_type=ATG;rbs_motif=AGGA/GGAG/GAGG;rbs_spacer=11-12bp;gc_cont=0.668
contig00961_1        -            125 41972at72274         -            219   3.8e-17   61.2   0.1   1   1   4.1e-19   4.3e-17   61.0   0.1     3   108    13   124    11   125 0.92 # 2 # 376 # -1 # ID=961_1;partial=10;start_type=ATG;rbs_motif=None;rbs_spacer=None;gc_cont=0.664
contig00186_5        -            122 41972at72274         -            219   5.2e-17   60.8   0.0   1   1   5.4e-19   5.7e-17   60.6   0.0     2   112     3   119     2   121 0.91 # 4093 # 4458 # -1 # ID=186_5;partial=00;start_type=ATG;rbs_motif=None;rbs_spacer=None;gc_cont=0.615
contig01055_2        -            122 41972at72274         -            219     6e-17   60.6   0.0   1   1   6.4e-19   6.7e-17   60.4   0.0     3   112     5   120     3   121 0.88 # 513 # 878 # 1 # ID=1055_2;partial=00;start_type=ATG;rbs_motif=GGAG/GAGG;rbs_spacer=5-10bp;gc_cont=0.648
contig00240_1        -            177 41972at72274         -            219   7.2e-17   60.3   0.9   1   1   8.1e-19   8.5e-17   60.1   0.9     3   135     8   145     6   158 0.82 # 3 # 533 # -1 # ID=240_1;partial=10;start_type=ATG;rbs_motif=GGA/GAG/AGG;rbs_spacer=5-10bp;gc_cont=0.627
contig00349_4        -            260 41972at72274         -            219     1e-16   59.8   0.0   1   1   1.3e-18   1.4e-16   59.4   0.0     4   115     7   126     4   167 0.84 # 2722 # 3501 # 1 # ID=349_4;partial=01;start_type=ATG;rbs_motif=AGGAG;rbs_spacer=5-10bp;gc_cont=0.662
contig00940_2        -            643 41972at72274         -            219   3.6e-16   58.0   0.1   1   1   5.9e-18   6.2e-16   57.3   0.1     2   105   516   625   515   641 0.89 # 132 # 2060 # 1 # ID=940_2;partial=01;start_type=ATG;rbs_motif=AGGAG;rbs_spacer=5-10bp;gc_cont=0.658
contig01470_2        -            380 41972at72274         -            219   8.9e-16   56.8   0.1   1   1   1.2e-17   1.3e-15   56.2   0.1     1   124     4   131     4   175 0.86 # 331 # 1470 # 1 # ID=1470_2;partial=01;start_type=ATG;rbs_motif=GGA/GAG/AGG;rbs_spacer=5-10bp;gc_cont=0.674
contig00096_1        -            198 41972at72274         -            219   1.6e-15   55.9   0.3   1   1   2.1e-17   2.2e-15   55.5   0.3     2   114     4   120     3   133 0.88 # 3 # 596 # -1 # ID=96_1;partial=10;start_type=ATG;rbs_motif=GGA/GAG/AGG;rbs_spacer=5-10bp;gc_cont=0.677
contig00997_1        -            479 41972at72274         -            219     1e-14   53.3   0.0   1   1   1.7e-16   1.8e-14   52.5   0.0     2   115     3   116     2   130 0.88 # 305 # 1741 # -1 # ID=997_1;partial=00;start_type=ATG;rbs_motif=GGA/GAG/AGG;rbs_spacer=5-10bp;gc_cont=0.665
contig02308_2        -            222 41972at72274         -            219   8.5e-14   50.3   0.0   1   1   1.2e-15   1.3e-13   49.7   0.0     2   110     6   118     5   186 0.84 # 267 # 932 # 1 # ID=2308_2;partial=01;start_type=ATG;rbs_motif=AGGAG;rbs_spacer=5-10bp;gc_cont=0.671
contig00358_4        -            125 41972at72274         -            219     1e-12   46.8   0.1   1   1     1e-14   1.1e-12   46.7   0.1     2   114     2   121     1   124 0.89 # 2226 # 2600 # 1 # ID=358_4;partial=00;start_type=ATG;rbs_motif=GGA/GAG/AGG;rbs_spacer=5-10bp;gc_cont=0.603
contig00996_1        -            482 41972at72274         -            219   1.1e-12   46.7   0.1   1   1     2e-14   2.1e-12   45.7   0.1     2   105   222   334   221   340 0.85 # 3 # 1448 # 1 # ID=996_1;partial=10;start_type=Edge;rbs_motif=None;rbs_spacer=None;gc_cont=0.686
contig00048_2        -            442 41972at72274         -            219   3.4e-12   45.0   0.1   1   1   4.9e-14   5.2e-12   44.4   0.1     3   113     7   121     5   184 0.81 # 1274 # 2599 # -1 # ID=48_2;partial=00;start_type=ATG;rbs_motif=GGA/GAG/AGG;rbs_spacer=5-10bp;gc_cont=0.683
contig01211_2        -             54 41972at72274         -            219   5.5e-12   44.4   0.0   1   1   5.4e-14   5.7e-12   44.3   0.0   169   219     3    53     1    53 0.95 # 1550 # 1711 # -1 # ID=1211_2;partial=01;start_type=Edge;rbs_motif=None;rbs_spacer=None;gc_cont=0.654
contig00361_3        -            226 41972at72274         -            219   1.2e-11   43.2   0.3   1   1   1.5e-13   1.6e-11   42.8   0.3     2   152     2   156     1   171 0.73 # 2711 # 3388 # -1 # ID=361_3;partial=00;start_type=ATG;rbs_motif=AGGAG;rbs_spacer=5-10bp;gc_cont=0.693
contig00086_4        -            187 41972at72274         -            219   1.6e-11   42.8   0.1   1   1   1.8e-13   1.9e-11   42.6   0.1     3   123    15   142    13   179 0.83 # 2921 # 3481 # 1 # ID=86_4;partial=00;start_type=ATG;rbs_motif=GGAG/GAGG;rbs_spacer=5-10bp;gc_cont=0.674
contig01415_1        -            355 41972at72274         -            219   1.8e-11   42.7   0.0   1   1   2.7e-13   2.9e-11   42.0   0.0     3   112   227   347   225   353 0.84 # 2 # 1066 # 1 # ID=1415_1;partial=10;start_type=Edge;rbs_motif=None;rbs_spacer=None;gc_cont=0.709
contig00080_1        -            208 41972at72274         -            219   5.1e-11   41.2   0.2   1   1   6.2e-13   6.5e-11   40.9   0.2     2   112     3   118     2   161 0.87 # 128 # 751 # -1 # ID=80_1;partial=00;start_type=ATG;rbs_motif=AGGA;rbs_spacer=5-10bp;gc_cont=0.588
contig00093_5        -            787 41972at72274         -            219   8.3e-11   40.5   0.0   1   2       1.3   1.4e+02    0.6   0.0    68   136   599   667   579   679 0.79 # 2317 # 4677 # 1 # ID=93_5;partial=00;start_type=ATG;rbs_motif=GGA/GAG/AGG;rbs_spacer=5-10bp;gc_cont=0.671
contig00093_5        -            787 41972at72274         -            219   8.3e-11   40.5   0.0   2   2   2.8e-12   2.9e-10   38.7   0.0     2   113   664   777   663   786 0.85 # 2317 # 4677 # 1 # ID=93_5;partial=00;start_type=ATG;rbs_motif=GGA/GAG/AGG;rbs_spacer=5-10bp;gc_cont=0.671
contig00175_3        -            348 41972at72274         -            219   9.8e-11   40.3   0.1   1   1   1.5e-12   1.6e-10   39.6   0.1     3   115    21   140    19   176 0.87 # 2289 # 3332 # -1 # ID=175_3;partial=00;start_type=ATG;rbs_motif=GGAG/GAGG;rbs_spacer=5-10bp;gc_cont=0.674
contig02047_2        -            219 41972at72274         -            219   1.1e-10   40.1   0.0   1   1   1.4e-12   1.5e-10   39.7   0.0     3   108    11   124     9   147 0.83 # 409 # 1065 # 1 # ID=2047_2;partial=01;start_type=ATG;rbs_motif=GGAG/GAGG;rbs_spacer=5-10bp;gc_cont=0.639
contig03090_1        -             98 41972at72274         -            219   1.2e-09   36.8   0.1   1   1   1.3e-11   1.4e-09   36.5   0.1     2    79    12    93    11    96 0.92 # 3 # 296 # -1 # ID=3090_1;partial=10;start_type=ATG;rbs_motif=AGGAGG;rbs_spacer=5-10bp;gc_cont=0.684
contig00056_8        -            127 41972at72274         -            219   2.1e-09   35.9   0.1   1   1   2.2e-11   2.3e-09   35.8   0.1     3   106    17   125    15   127 0.83 # 7193 # 7573 # 1 # ID=56_8;partial=01;start_type=ATG;rbs_motif=GGA/GAG/AGG;rbs_spacer=5-10bp;gc_cont=0.643
contig02763_1        -            222 41972at72274         -            219   2.7e-09   35.6   0.2   1   1   4.8e-11   5.1e-09   34.7   0.1    44   127     8    97     2   112 0.86 # 59 # 724 # -1 # ID=2763_1;partial=01;start_type=Edge;rbs_motif=None;rbs_spacer=None;gc_cont=0.703
contig02206_2        -            263 41972at72274         -            219     3e-09   35.4   0.1   1   1     4e-11   4.2e-09   34.9   0.1     3   112    53   171    51   188 0.83 # 191 # 979 # 1 # ID=2206_2;partial=01;start_type=ATG;rbs_motif=None;rbs_spacer=None;gc_cont=0.677
contig00175_5        -             96 41972at72274         -            219   3.1e-09   35.4   0.1   1   1   3.4e-11   3.5e-09   35.2   0.1    38   107    10    85     2    94 0.79 # 4444 # 4731 # -1 # ID=175_5;partial=01;start_type=Edge;rbs_motif=None;rbs_spacer=None;gc_cont=0.625
contig01163_2        -            206 41972at72274         -            219   4.7e-09   34.8   0.0   1   1   4.9e-11   5.2e-09   34.6   0.0     2   112     3   118     2   169 0.90 # 1145 # 1762 # 1 # ID=1163_2;partial=01;start_type=ATG;rbs_motif=GGA/GAG/AGG;rbs_spacer=11-12bp;gc_cont=0.605
contig01465_3        -            103 41972at72274         -            219   5.3e-09   34.6   0.0   1   1   5.3e-11   5.5e-09   34.5   0.0    22    92    28   103     1   103 0.71 # 1163 # 1471 # 1 # ID=1465_3;partial=01;start_type=ATG;rbs_motif=AGGA;rbs_spacer=5-10bp;gc_cont=0.660
contig00342_3        -            218 41972at72274         -            219   5.9e-09   34.5   0.0   1   1   6.4e-11   6.7e-09   34.3   0.0     2   154     5   163     4   197 0.85 # 1698 # 2351 # -1 # ID=342_3;partial=00;start_type=ATG;rbs_motif=AGGA;rbs_spacer=5-10bp;gc_cont=0.667
contig00224_2        -            350 41972at72274         -            219   1.1e-08   33.6   0.1   1   1   1.7e-10   1.8e-08   32.9   0.1     3   111     5   129     3   167 0.72 # 1516 # 2565 # -1 # ID=224_2;partial=00;start_type=ATG;rbs_motif=GGAG/GAGG;rbs_spacer=5-10bp;gc_cont=0.717
contig00199_3        -            304 41972at72274         -            219   1.7e-08   32.9   0.1   1   2   1.8e-08   1.8e-06   26.3   0.1     2   123     7   136     6   143 0.71 # 1769 # 2680 # 1 # ID=199_3;partial=00;start_type=ATG;rbs_motif=GGAG/GAGG;rbs_spacer=5-10bp;gc_cont=0.696
contig00199_3        -            304 41972at72274         -            219   1.7e-08   32.9   0.1   2   2      0.05       5.3    5.2   0.0     3    73   143   214   141   258 0.75 # 1769 # 2680 # 1 # ID=199_3;partial=00;start_type=ATG;rbs_motif=GGAG/GAGG;rbs_spacer=5-10bp;gc_cont=0.696
contig02949_1        -            136 41972at72274         -            219   2.1e-08   32.6   0.1   1   1   2.3e-10   2.4e-08   32.4   0.1     2   111     2   116     1   126 0.78 # 3 # 410 # -1 # ID=2949_1;partial=10;start_type=ATG;rbs_motif=AGGA/GGAG/GAGG;rbs_spacer=11-12bp;gc_cont=0.654
contig00362_3        -            215 41972at72274         -            219   2.6e-08   32.4   0.1   1   1   2.5e-10   2.6e-08   32.3   0.1     2   120     3   127     2   199 0.88 # 2448 # 3092 # -1 # ID=362_3;partial=00;start_type=GTG;rbs_motif=GGAG/GAGG;rbs_spacer=5-10bp;gc_cont=0.633
contig01781_1        -            244 41972at72274         -            219   5.6e-08   31.3   0.1   1   1   6.9e-10   7.3e-08   30.9   0.1     2   101     4   110     3   136 0.78 # 1 # 732 # -1 # ID=1781_1;partial=10;start_type=ATG;rbs_motif=AGGAG;rbs_spacer=5-10bp;gc_cont=0.669
contig02979_1        -            210 41972at72274         -            219   2.8e-07   29.0   0.1   1   1   4.7e-09   4.9e-07   28.2   0.1     2   159     6   167     5   178 0.74 # 3 # 632 # 1 # ID=2979_1;partial=11;start_type=Edge;rbs_motif=None;rbs_spacer=None;gc_cont=0.640
contig00103_3        -            400 41972at72274         -            219   4.8e-07   28.2   0.5   1   1   7.6e-09     8e-07   27.5   0.1     4   113    11   128     9   147 0.75 # 2033 # 3232 # -1 # ID=103_3;partial=00;start_type=ATG;rbs_motif=GGAG/GAGG;rbs_spacer=5-10bp;gc_cont=0.709
contig00373_3        -            222 41972at72274         -            219   8.8e-07   27.3   0.0   1   2   2.5e-08   2.7e-06   25.8   0.0     2   116     3   124     2   147 0.79 # 763 # 1428 # 1 # ID=373_3;partial=00;start_type=ATG;rbs_motif=GGAG/GAGG;rbs_spacer=5-10bp;gc_cont=0.641
contig00373_3        -            222 41972at72274         -            219   8.8e-07   27.3   0.0   2   2       3.9   4.1e+02   -1.0   0.0   110   136   162   188   145   200 0.70 # 763 # 1428 # 1 # ID=373_3;partial=00;start_type=ATG;rbs_motif=GGAG/GAGG;rbs_spacer=5-10bp;gc_cont=0.641
contig02528_2        -             99 41972at72274         -            219   1.5e-06   26.5   0.1   1   1   1.6e-08   1.7e-06   26.4   0.1     2    81     3    87     2    98 0.78 # 530 # 826 # 1 # ID=2528_2;partial=01;start_type=ATG;rbs_motif=GGA/GAG/AGG;rbs_spacer=5-10bp;gc_cont=0.646
contig00660_1        -            695 41972at72274         -            219   2.8e-06   25.7   0.1   1   1   5.3e-08   5.6e-06   24.7   0.1     2   104   452   563   451   576 0.82 # 2 # 2086 # 1 # ID=660_1;partial=10;start_type=Edge;rbs_motif=None;rbs_spacer=None;gc_cont=0.678
contig00191_1        -            168 41972at72274         -            219   5.8e-06   24.7   0.3   1   2   1.8e-07   1.9e-05   23.0   0.1    46   116     6    79     3   103 0.87 # 2 # 505 # 1 # ID=191_1;partial=10;start_type=Edge;rbs_motif=None;rbs_spacer=None;gc_cont=0.696
contig00191_1        -            168 41972at72274         -            219   5.8e-06   24.7   0.3   2   2       2.4   2.6e+02   -0.3   0.0   161   188    99   126    86   146 0.63 # 2 # 505 # 1 # ID=191_1;partial=10;start_type=Edge;rbs_motif=None;rbs_spacer=None;gc_cont=0.696
contig01372_2        -             61 41972at72274         -            219   8.3e-06   24.2   0.0   1   1   8.5e-08     9e-06   24.0   0.0     2    58     4    61     3    61 0.89 # 1377 # 1559 # 1 # ID=1372_2;partial=01;start_type=ATG;rbs_motif=AGGAG;rbs_spacer=5-10bp;gc_cont=0.683
contig01956_2        -            112 41972at72274         -            219   1.7e-05   23.1   1.2   1   1   1.8e-07   1.9e-05   23.0   1.2     2    95    13   112    12   112 0.80 # 779 # 1114 # 1 # ID=1956_2;partial=01;start_type=ATG;rbs_motif=AGGAG;rbs_spacer=5-10bp;gc_cont=0.685
contig02474_1        -            282 41972at72274         -            219   2.3e-05   22.7   0.0   1   1   4.2e-07   4.5e-05   21.8   0.0     2   102   167   281   166   282 0.72 # 3 # 848 # -1 # ID=2474_1;partial=11;start_type=Edge;rbs_motif=None;rbs_spacer=None;gc_cont=0.700
contig00583_4        -             89 41972at72274         -            219   4.2e-05   21.9   0.1   1   1   4.4e-07   4.6e-05   21.7   0.1     2    75     9    88     8    89 0.80 # 2455 # 2721 # 1 # ID=583_4;partial=01;start_type=ATG;rbs_motif=GGA/GAG/AGG;rbs_spacer=5-10bp;gc_cont=0.547
contig00644_2        -            607 41972at72274         -            219    0.0001   20.6   0.1   1   1     2e-06   0.00021   19.6   0.1     2   112   491   602   490   605 0.78 # 758 # 2578 # -1 # ID=644_2;partial=01;start_type=Edge;rbs_motif=None;rbs_spacer=None;gc_cont=0.701
contig00474_2        -            541 41972at72274         -            219   0.00013   20.2   0.0   1   1   2.1e-06   0.00022   19.5   0.0     3   118   421   536   419   540 0.76 # 705 # 2327 # 1 # ID=474_2;partial=00;start_type=ATG;rbs_motif=GGAGG;rbs_spacer=5-10bp;gc_cont=0.688
contig03231_1        -            180 41972at72274         -            219   0.00027   19.2   0.0   1   1   3.1e-06   0.00033   18.9   0.0    73   135     2    63     1    97 0.79 # 1 # 540 # 1 # ID=3231_1;partial=11;start_type=Edge;rbs_motif=None;rbs_spacer=None;gc_cont=0.687
contig01772_1        -            173 41972at72274         -            219   0.00034   18.9   0.0   1   1   4.2e-06   0.00044   18.5   0.0     3   104    11   121     9   141 0.69 # 3 # 521 # -1 # ID=1772_1;partial=10;start_type=ATG;rbs_motif=GGA/GAG/AGG;rbs_spacer=5-10bp;gc_cont=0.696
contig00464_4        -            483 41972at72274         -            219   0.00039   18.7   0.1   1   1   6.9e-06   0.00073   17.8   0.1     2   156   229   392   228   426 0.76 # 1577 # 3025 # -1 # ID=464_4;partial=01;start_type=Edge;rbs_motif=None;rbs_spacer=None;gc_cont=0.650
contig02415_2        -            217 41972at72274         -            219   0.00053   18.3   0.0   1   2   1.2e-05    0.0012   17.1   0.0    72   113     1    42     1    75 0.79 # 227 # 877 # -1 # ID=2415_2;partial=01;start_type=Edge;rbs_motif=None;rbs_spacer=None;gc_cont=0.668
contig02415_2        -            217 41972at72274         -            219   0.00053   18.3   0.0   2   2       9.2   9.6e+02   -2.2   0.0   122   152   106   137    98   146 0.76 # 227 # 877 # -1 # ID=2415_2;partial=01;start_type=Edge;rbs_motif=None;rbs_spacer=None;gc_cont=0.668
contig02924_1        -            217 41972at72274         -            219   0.00093   17.5   0.2   1   1   1.5e-05    0.0016   16.7   0.2     3    62   157   217   155   217 0.89 # 1 # 651 # 1 # ID=2924_1;partial=11;start_type=Edge;rbs_motif=None;rbs_spacer=None;gc_cont=0.711
contig00474_1        -            186 41972at72274         -            219    0.0032   15.7   0.2   1   1   5.5e-05    0.0058   14.8   0.1    41   111    47   120     3   133 0.65 # 3 # 560 # -1 # ID=474_1;partial=10;start_type=ATG;rbs_motif=GGAG/GAGG;rbs_spacer=5-10bp;gc_cont=0.685
contig00152_1        -            176 41972at72274         -            219    0.0043   15.3   0.0   1   1     5e-05    0.0053   15.0   0.0     2   106    61   166    60   174 0.82 # 3 # 530 # 1 # ID=152_1;partial=10;start_type=Edge;rbs_motif=None;rbs_spacer=None;gc_cont=0.682
contig00175_4        -            336 41972at72274         -            219     0.012   13.8   0.0   1   1   0.00019      0.02   13.1   0.0    42    95    45   102     2   121 0.71 # 3440 # 4447 # -1 # ID=175_4;partial=00;start_type=TTG;rbs_motif=GGAG/GAGG;rbs_spacer=5-10bp;gc_cont=0.664
contig00165_1        -             99 41972at72274         -            219     0.013   13.7   0.0   1   1   0.00015     0.016   13.4   0.0   134   214    10    90     2    93 0.90 # 1 # 297 # 1 # ID=165_1;partial=10;start_type=Edge;rbs_motif=None;rbs_spacer=None;gc_cont=0.650
contig00186_6        -             32 41972at72274         -            219     0.016   13.4   0.0   1   1   0.00015     0.016   13.4   0.0    92   112     1    21     1    30 0.87 # 4505 # 4600 # -1 # ID=186_6;partial=01;start_type=Edge;rbs_motif=None;rbs_spacer=None;gc_cont=0.604
contig00726_1        -             37 41972at72274         -            219     0.029   12.6   0.1   1   1   0.00028     0.029   12.6   0.1   182   216     1    33     1    36 0.87 # 1 # 111 # 1 # ID=726_1;partial=10;start_type=Edge;rbs_motif=None;rbs_spacer=None;gc_cont=0.622
contig00961_4        -             46 41972at72274         -            219     0.036   12.3   0.0   1   1   0.00034     0.036   12.3   0.0    88   109    16    36     5    44 0.82 # 1899 # 2036 # -1 # ID=961_4;partial=01;start_type=Edge;rbs_motif=None;rbs_spacer=None;gc_cont=0.623
#
# Program:         hmmsearch
# Version:         3.1b2 (February 2015)
# Pipeline mode:   SEARCH
# Query file:      /home/johngn/Microbial-Genomics-Journey-Workshop-2023/Reads_session_3/busco_downloads/lineages/pseudomonadales_odb10/hmms/41972at72274.hmm
# Target file:     /home/johngn/Microbial-Genomics-Journey-Workshop-2023/Reads_session_3/busco_op4/prodigal_output/predicted_genes/predicted.faa
# Option settings: hmmsearch --domtblout /home/johngn/Microbial-Genomics-Journey-Workshop-2023/Reads_session_3/busco_op4/run_pseudomonadales_odb10/hmmer_output/41972at72274.out --cpu 1 /home/johngn/Microbial-Genomics-Journey-Workshop-2023/Reads_session_3/busco_downloads/lineages/pseudomonadales_odb10/hmms/41972at72274.hmm /home/johngn/Microbial-Genomics-Journey-Workshop-2023/Reads_session_3/busco_op4/prodigal_output/predicted_genes/predicted.faa 
# Current dir:     /home/johngn/Microbial-Genomics-Journey-Workshop-2023/Reads_session_3
# Date:            Wed Mar  8 17:01:30 2023
# [ok]
