#                                                                            --- full sequence --- -------------- this domain -------------   hmm coord   ali coord   env coord
# target name        accession   tlen query name           accession   qlen   E-value  score  bias   #  of  c-Evalue  i-Evalue  score  bias  from    to  from    to  from    to  acc description of target
#------------------- ---------- ----- -------------------- ---------- ----- --------- ------ ----- --- --- --------- --------- ------ ----- ----- ----- ----- ----- ----- ----- ---- ---------------------
contig02200_2        -            148 42437at72274         -            205   2.5e-50  169.8   0.8   1   1   3.1e-51   5.1e-49  165.5   0.8     1   121     3   148     3   148 0.86 # 539 # 982 # 1 # ID=2200_2;partial=01;start_type=ATG;rbs_motif=AGGA;rbs_spacer=5-10bp;gc_cont=0.658
contig00277_3        -            254 42437at72274         -            205   2.2e-23   81.8   2.4   1   1   3.9e-25   6.4e-23   80.2   2.4     9   201     4   237     1   241 0.68 # 1699 # 2460 # 1 # ID=277_3;partial=00;start_type=GTG;rbs_motif=GGAG/GAGG;rbs_spacer=5-10bp;gc_cont=0.731
contig00051_3        -            256 42437at72274         -            205     1e-16   60.0   2.1   1   1   3.1e-18   5.1e-16   57.7   2.1     9   202     9   247     3   250 0.69 # 1497 # 2264 # -1 # ID=51_3;partial=00;start_type=ATG;rbs_motif=GGA/GAG/AGG;rbs_spacer=5-10bp;gc_cont=0.646
contig00836_3        -            304 42437at72274         -            205   3.9e-16   58.1   2.0   1   1   1.9e-17   3.1e-15   55.2   2.0     9   189     7   225     2   236 0.63 # 1115 # 2026 # -1 # ID=836_3;partial=00;start_type=ATG;rbs_motif=GGAG/GAGG;rbs_spacer=5-10bp;gc_cont=0.677
contig00541_2        -            254 42437at72274         -            205   1.6e-15   56.1   4.6   1   1   3.2e-17   5.3e-15   54.4   4.6     7   179     3   206     1   246 0.78 # 941 # 1702 # -1 # ID=541_2;partial=00;start_type=ATG;rbs_motif=AGGAG;rbs_spacer=5-10bp;gc_cont=0.686
contig00357_3        -            452 42437at72274         -            205   1.9e-15   55.9   1.6   1   1   2.7e-17   4.5e-15   54.6   1.6     9   168   212   396   206   403 0.75 # 1500 # 2855 # -1 # ID=357_3;partial=00;start_type=ATG;rbs_motif=GGAG/GAGG;rbs_spacer=5-10bp;gc_cont=0.714
contig00781_2        -            256 42437at72274         -            205   9.9e-14   50.2   0.4   1   1   1.2e-15   2.1e-13   49.2   0.4    10   172     9   201     3   243 0.72 # 1213 # 1980 # -1 # ID=781_2;partial=00;start_type=GTG;rbs_motif=None;rbs_spacer=None;gc_cont=0.689
contig01856_2        -            193 42437at72274         -            205   3.7e-13   48.4   3.2   1   1   4.8e-15     8e-13   47.3   3.2    12   160     3   188     1   193 0.73 # 595 # 1173 # 1 # ID=1856_2;partial=01;start_type=ATG;rbs_motif=GGAG/GAGG;rbs_spacer=5-10bp;gc_cont=0.693
contig01042_1        -            171 42437at72274         -            205   3.7e-13   48.4   0.7   1   1   1.1e-14   1.8e-12   46.1   0.7     9   149    10   171     3   171 0.72 # 2 # 514 # -1 # ID=1042_1;partial=10;start_type=ATG;rbs_motif=AGGAG;rbs_spacer=5-10bp;gc_cont=0.698
contig00941_2        -            306 42437at72274         -            205   4.3e-13   48.1   3.6   1   2   5.8e-07   9.6e-05   20.9   0.8     9    40     6    37     2    46 0.91 # 1015 # 1932 # -1 # ID=941_2;partial=00;start_type=ATG;rbs_motif=GGAG/GAGG;rbs_spacer=5-10bp;gc_cont=0.663
contig00941_2        -            306 42437at72274         -            205   4.3e-13   48.1   3.6   2   2   4.5e-09   7.5e-07   27.8   0.1    71   204    90   250    83   251 0.69 # 1015 # 1932 # -1 # ID=941_2;partial=00;start_type=ATG;rbs_motif=GGAG/GAGG;rbs_spacer=5-10bp;gc_cont=0.663
contig01201_2        -            246 42437at72274         -            205   5.2e-13   47.9   2.2   1   1   2.6e-14   4.2e-12   44.9   2.2    14   202     8   238     3   241 0.68 # 231 # 968 # -1 # ID=1201_2;partial=00;start_type=ATG;rbs_motif=AGGAG;rbs_spacer=5-10bp;gc_cont=0.702
contig00109_7        -            279 42437at72274         -            205   1.7e-12   46.2   0.6   1   1     5e-14   8.3e-12   44.0   0.6     8   174    10   207     5   222 0.70 # 4068 # 4904 # -1 # ID=109_7;partial=00;start_type=ATG;rbs_motif=GGAGG;rbs_spacer=5-10bp;gc_cont=0.697
contig00865_2        -            275 42437at72274         -            205   3.1e-12   45.3   0.3   1   1   5.4e-14   8.9e-12   43.9   0.2     9   147     3   171     1   179 0.74 # 870 # 1694 # 1 # ID=865_2;partial=00;start_type=ATG;rbs_motif=GGAG/GAGG;rbs_spacer=5-10bp;gc_cont=0.699
contig00454_2        -            248 42437at72274         -            205   8.4e-12   43.9   3.6   1   1   9.6e-14   1.6e-11   43.0   3.6     9   167     3   192     1   204 0.74 # 683 # 1426 # 1 # ID=454_2;partial=00;start_type=ATG;rbs_motif=AGGAG;rbs_spacer=5-10bp;gc_cont=0.648
contig01792_1        -            231 42437at72274         -            205   9.3e-12   43.8   0.0   1   1     3e-13     5e-11   41.4   0.0    65   166    44   162    36   223 0.81 # 1 # 693 # 1 # ID=1792_1;partial=10;start_type=Edge;rbs_motif=None;rbs_spacer=None;gc_cont=0.655
contig00180_4        -            239 42437at72274         -            205   9.5e-12   43.8   0.9   1   1   1.4e-13   2.3e-11   42.5   0.9    10   168     3   179     1   230 0.79 # 2169 # 2885 # -1 # ID=180_4;partial=00;start_type=ATG;rbs_motif=GGA/GAG/AGG;rbs_spacer=5-10bp;gc_cont=0.703
contig01447_1        -            257 42437at72274         -            205   1.2e-11   43.5   1.1   1   2   1.2e-12     2e-10   39.4   1.6     9   151     3   164     1   192 0.76 # 37 # 807 # -1 # ID=1447_1;partial=00;start_type=ATG;rbs_motif=GGAG/GAGG;rbs_spacer=5-10bp;gc_cont=0.700
contig01447_1        -            257 42437at72274         -            205   1.2e-11   43.5   1.1   2   2      0.59        97    1.3   0.0   156   203   201   248   189   250 0.85 # 37 # 807 # -1 # ID=1447_1;partial=00;start_type=ATG;rbs_motif=GGAG/GAGG;rbs_spacer=5-10bp;gc_cont=0.700
contig02439_1        -            214 42437at72274         -            205   8.1e-10   37.5   7.2   1   1   4.2e-11   6.9e-09   34.4   7.2     9   173     3   206     1   212 0.69 # 222 # 863 # 1 # ID=2439_1;partial=01;start_type=ATG;rbs_motif=None;rbs_spacer=None;gc_cont=0.654
contig00022_8        -            256 42437at72274         -            205   1.5e-09   36.6   1.2   1   1   1.5e-11   2.6e-09   35.8   1.2     8   168    10   198     5   216 0.72 # 7005 # 7772 # -1 # ID=22_8;partial=00;start_type=ATG;rbs_motif=GGAGG;rbs_spacer=5-10bp;gc_cont=0.715
contig00515_5        -            130 42437at72274         -            205   2.5e-09   35.8   0.3   1   1   2.8e-11   4.6e-09   35.0   0.3     9   113     7   130     3   130 0.70 # 2508 # 2897 # 1 # ID=515_5;partial=01;start_type=ATG;rbs_motif=GGAG/GAGG;rbs_spacer=5-10bp;gc_cont=0.677
contig01423_1        -            166 42437at72274         -            205   6.6e-09   34.5   0.2   1   1   2.6e-10   4.3e-08   31.8   0.2    92   204    24   157     1   158 0.76 # 1 # 498 # 1 # ID=1423_1;partial=10;start_type=Edge;rbs_motif=None;rbs_spacer=None;gc_cont=0.657
contig02799_2        -            115 42437at72274         -            205   8.8e-09   34.1   1.0   1   1   6.8e-11   1.1e-08   33.7   1.0     5    45     8    48     4   101 0.84 # 361 # 705 # 1 # ID=2799_2;partial=01;start_type=ATG;rbs_motif=AGGA/GGAG/GAGG;rbs_spacer=11-12bp;gc_cont=0.678
contig00082_7        -            171 42437at72274         -            205   1.1e-08   33.8   0.8   1   1   4.1e-10   6.7e-08   31.2   0.8    14   150     5   161     1   165 0.72 # 5685 # 6197 # 1 # ID=82_7;partial=01;start_type=ATG;rbs_motif=AGGA;rbs_spacer=5-10bp;gc_cont=0.657
contig00058_3        -            265 42437at72274         -            205   6.6e-08   31.2   4.6   1   1   2.7e-09   4.5e-07   28.5   4.1     9   176     5   201     2   215 0.73 # 2808 # 3602 # -1 # ID=58_3;partial=00;start_type=ATG;rbs_motif=AGGAG;rbs_spacer=5-10bp;gc_cont=0.688
contig02600_1        -            254 42437at72274         -            205   7.9e-08   31.0   0.3   1   1   1.5e-09   2.4e-07   29.4   0.3     7   165     3   184     1   211 0.62 # 6 # 767 # -1 # ID=2600_1;partial=00;start_type=ATG;rbs_motif=AGGAG;rbs_spacer=5-10bp;gc_cont=0.706
contig02520_1        -             59 42437at72274         -            205   2.5e-07   29.3   0.1   1   1   1.5e-09   2.5e-07   29.3   0.1     5    43     4    42     1    53 0.92 # 2 # 178 # -1 # ID=2520_1;partial=10;start_type=ATG;rbs_motif=AGGA;rbs_spacer=5-10bp;gc_cont=0.689
contig00954_2        -             85 42437at72274         -            205   3.3e-07   28.9   0.4   1   1   2.1e-09   3.5e-07   28.8   0.4     8    41    10    43     3    70 0.82 # 1792 # 2046 # 1 # ID=954_2;partial=01;start_type=ATG;rbs_motif=GGAG/GAGG;rbs_spacer=5-10bp;gc_cont=0.753
contig00520_2        -            278 42437at72274         -            205   3.9e-07   28.7   0.9   1   1   4.9e-09   8.1e-07   27.7   0.2    12   151     5   162     3   192 0.70 # 1292 # 2125 # 1 # ID=520_2;partial=00;start_type=ATG;rbs_motif=GGAG/GAGG;rbs_spacer=5-10bp;gc_cont=0.693
contig00213_1        -             84 42437at72274         -            205     5e-07   28.3   0.1   1   1   3.3e-09   5.4e-07   28.2   0.1     8    45    11    48     5    68 0.89 # 1 # 252 # -1 # ID=213_1;partial=10;start_type=ATG;rbs_motif=GGAG/GAGG;rbs_spacer=5-10bp;gc_cont=0.726
contig00963_2        -            243 42437at72274         -            205   1.2e-06   27.1   1.3   1   1   2.3e-08   3.8e-06   25.5   1.3    10   157     3   171     1   179 0.71 # 556 # 1284 # 1 # ID=963_2;partial=00;start_type=ATG;rbs_motif=GGAG/GAGG;rbs_spacer=5-10bp;gc_cont=0.691
contig00309_1        -            167 42437at72274         -            205   1.3e-06   27.0   0.1   1   1   1.2e-08     2e-06   26.4   0.1    75   165     2   107     1   125 0.80 # 1 # 501 # 1 # ID=309_1;partial=10;start_type=Edge;rbs_motif=None;rbs_spacer=None;gc_cont=0.725
contig01384_2        -            194 42437at72274         -            205   1.5e-06   26.8   0.8   1   1   3.8e-08   6.2e-06   24.8   0.8    10   166     5   184     2   188 0.69 # 971 # 1552 # 1 # ID=1384_2;partial=01;start_type=ATG;rbs_motif=GGAG/GAGG;rbs_spacer=5-10bp;gc_cont=0.677
contig01972_1        -            324 42437at72274         -            205   2.7e-06   26.0   0.9   1   1   1.4e-07   2.3e-05   22.9   0.9     5   151    50   218    46   225 0.62 # 1 # 972 # 1 # ID=1972_1;partial=10;start_type=Edge;rbs_motif=None;rbs_spacer=None;gc_cont=0.714
contig00976_1        -            191 42437at72274         -            205   4.6e-06   25.2   0.5   1   1   1.4e-07   2.3e-05   22.9   0.5    10   146     8   173     3   179 0.69 # 2 # 574 # -1 # ID=976_1;partial=10;start_type=ATG;rbs_motif=None;rbs_spacer=None;gc_cont=0.682
contig01654_2        -            167 42437at72274         -            205   5.8e-06   24.9   0.0   1   2   1.4e-07   2.3e-05   22.9   0.0    91   153    13    76     8   101 0.83 # 833 # 1333 # -1 # ID=1654_2;partial=01;start_type=Edge;rbs_motif=None;rbs_spacer=None;gc_cont=0.689
contig01654_2        -            167 42437at72274         -            205   5.8e-06   24.9   0.0   2   2       2.2   3.6e+02   -0.6   0.0    25    50   115   140   107   160 0.59 # 833 # 1333 # -1 # ID=1654_2;partial=01;start_type=Edge;rbs_motif=None;rbs_spacer=None;gc_cont=0.689
contig00291_2        -            230 42437at72274         -            205   8.3e-06   24.4   1.0   1   1   8.5e-08   1.4e-05   23.6   1.0    13   149     3   161     1   196 0.70 # 2742 # 3431 # 1 # ID=291_2;partial=00;start_type=ATG;rbs_motif=GGAG/GAGG;rbs_spacer=5-10bp;gc_cont=0.684
contig00270_2        -            267 42437at72274         -            205   3.7e-05   22.2   0.3   1   1   8.3e-07   0.00014   20.4   0.3    12   165     3   188     1   196 0.58 # 1311 # 2111 # 1 # ID=270_2;partial=00;start_type=ATG;rbs_motif=GGAG/GAGG;rbs_spacer=5-10bp;gc_cont=0.674
contig01699_3        -            193 42437at72274         -            205   6.5e-05   21.4   0.1   1   1   9.3e-07   0.00015   20.2   0.1    92   174     4    99     1   108 0.79 # 725 # 1303 # -1 # ID=1699_3;partial=01;start_type=Edge;rbs_motif=None;rbs_spacer=None;gc_cont=0.661
contig00308_5        -             33 42437at72274         -            205   7.3e-05   21.3   0.2   1   1   4.7e-07   7.7e-05   21.2   0.2     9    37     1    29     1    32 0.91 # 3586 # 3684 # 1 # ID=308_5;partial=01;start_type=ATG;rbs_motif=GGAG/GAGG;rbs_spacer=5-10bp;gc_cont=0.707
contig02127_2        -            156 42437at72274         -            205   7.6e-05   21.2   0.1   1   1   1.2e-06    0.0002   19.9   0.1    90   202    15   147    11   150 0.75 # 558 # 1025 # -1 # ID=2127_2;partial=01;start_type=Edge;rbs_motif=None;rbs_spacer=None;gc_cont=0.697
contig01723_2        -             54 42437at72274         -            205   8.2e-05   21.1   0.8   1   1   5.4e-07     9e-05   21.0   0.8     9    42     3    36     2    52 0.89 # 1117 # 1278 # 1 # ID=1723_2;partial=01;start_type=GTG;rbs_motif=AGGAG;rbs_spacer=5-10bp;gc_cont=0.710
contig00051_2        -            254 42437at72274         -            205   0.00011   20.7   1.0   1   1   1.3e-06   0.00022   19.7   1.0    12   148     9   166     7   245 0.77 # 575 # 1336 # 1 # ID=51_2;partial=00;start_type=ATG;rbs_motif=GGAG/GAGG;rbs_spacer=5-10bp;gc_cont=0.694
contig02209_1        -            136 42437at72274         -            205   0.00015   20.3   0.3   1   1   3.5e-06   0.00057   18.4   0.3   101   201     2   125     1   129 0.67 # 2 # 409 # 1 # ID=2209_1;partial=10;start_type=Edge;rbs_motif=None;rbs_spacer=None;gc_cont=0.640
contig03173_1        -            116 42437at72274         -            205   0.00019   19.9   0.0   1   1   1.6e-06   0.00026   19.5   0.0    11    85     4    88     1    98 0.67 # 216 # 563 # 1 # ID=3173_1;partial=01;start_type=ATG;rbs_motif=GGAGG;rbs_spacer=3-4bp;gc_cont=0.661
contig01318_2        -             88 42437at72274         -            205   0.00073   18.0   0.2   1   1   4.4e-06   0.00073   18.0   0.2     9    41     4    36     1    74 0.87 # 1344 # 1607 # 1 # ID=1318_2;partial=01;start_type=ATG;rbs_motif=GGA/GAG/AGG;rbs_spacer=5-10bp;gc_cont=0.678
contig01436_1        -            143 42437at72274         -            205     0.003   16.0   0.1   1   1   2.5e-05    0.0042   15.5   0.1     9    66    27    84    20   122 0.72 # 2 # 430 # -1 # ID=1436_1;partial=10;start_type=ATG;rbs_motif=AGGAG;rbs_spacer=5-10bp;gc_cont=0.655
contig00375_5        -            330 42437at72274         -            205     0.025   13.0   0.0   1   1    0.0002     0.034   12.6   0.0    14   103     3    92     1   143 0.82 # 2096 # 3085 # -1 # ID=375_5;partial=00;start_type=ATG;rbs_motif=GGAG/GAGG;rbs_spacer=5-10bp;gc_cont=0.681
contig02275_2        -             62 42437at72274         -            205     0.032   12.7   0.0   1   1    0.0002     0.033   12.6   0.0    14    55     6    49     1    55 0.85 # 761 # 946 # 1 # ID=2275_2;partial=01;start_type=ATG;rbs_motif=GGA/GAG/AGG;rbs_spacer=5-10bp;gc_cont=0.731
contig00051_8        -            331 42437at72274         -            205     0.038   12.4   0.2   1   1    0.0004     0.066   11.6   0.2    13    57   153   198   147   204 0.83 # 6020 # 7012 # 1 # ID=51_8;partial=00;start_type=ATG;rbs_motif=AGGAG;rbs_spacer=5-10bp;gc_cont=0.684
contig01501_2        -            232 42437at72274         -            205     0.043   12.2   4.2   1   2   0.00022     0.036   12.5   2.5     7    41     4    38     1    76 0.85 # 748 # 1443 # 1 # ID=1501_2;partial=01;start_type=ATG;rbs_motif=AGGAG;rbs_spacer=5-10bp;gc_cont=0.658
contig01501_2        -            232 42437at72274         -            205     0.043   12.2   4.2   2   2       6.8   1.1e+03   -2.2   0.0   133   148   153   168   109   187 0.55 # 748 # 1443 # 1 # ID=1501_2;partial=01;start_type=ATG;rbs_motif=AGGAG;rbs_spacer=5-10bp;gc_cont=0.658
contig00008_10       -            253 42437at72274         -            205     0.066   11.6   0.0   1   2         2   3.4e+02   -0.5   0.0     9    26     2    19     1    61 0.80 # 9391 # 10149 # -1 # ID=8_10;partial=00;start_type=ATG;rbs_motif=GGA/GAG/AGG;rbs_spacer=5-10bp;gc_cont=0.399
contig00008_10       -            253 42437at72274         -            205     0.066   11.6   0.0   2   2     0.002      0.34    9.3   0.0   148   202   183   244   164   247 0.73 # 9391 # 10149 # -1 # ID=8_10;partial=00;start_type=ATG;rbs_motif=GGA/GAG/AGG;rbs_spacer=5-10bp;gc_cont=0.399
#
# Program:         hmmsearch
# Version:         3.1b2 (February 2015)
# Pipeline mode:   SEARCH
# Query file:      /home/johngn/Microbial-Genomics-Journey-Workshop-2023/Reads_session_3/busco_downloads/lineages/pseudomonadales_odb10/hmms/42437at72274.hmm
# Target file:     /home/johngn/Microbial-Genomics-Journey-Workshop-2023/Reads_session_3/busco_op4/prodigal_output/predicted_genes/predicted.faa
# Option settings: hmmsearch --domtblout /home/johngn/Microbial-Genomics-Journey-Workshop-2023/Reads_session_3/busco_op4/run_pseudomonadales_odb10/hmmer_output/42437at72274.out --cpu 1 /home/johngn/Microbial-Genomics-Journey-Workshop-2023/Reads_session_3/busco_downloads/lineages/pseudomonadales_odb10/hmms/42437at72274.hmm /home/johngn/Microbial-Genomics-Journey-Workshop-2023/Reads_session_3/busco_op4/prodigal_output/predicted_genes/predicted.faa 
# Current dir:     /home/johngn/Microbial-Genomics-Journey-Workshop-2023/Reads_session_3
# Date:            Wed Mar  8 17:01:30 2023
# [ok]
