#                                                                            --- full sequence --- -------------- this domain -------------   hmm coord   ali coord   env coord
# target name        accession   tlen query name           accession   qlen   E-value  score  bias   #  of  c-Evalue  i-Evalue  score  bias  from    to  from    to  from    to  acc description of target
#------------------- ---------- ----- -------------------- ---------- ----- --------- ------ ----- --- --- --------- --------- ------ ----- ----- ----- ----- ----- ----- ----- ---- ---------------------
contig01432_2        -            236 42468at72274         -            206     1e-72  242.7   0.1   1   1     1e-74   1.2e-72  242.4   0.1     1   203     8   228     8   230 0.92 # 774 # 1481 # 1 # ID=1432_2;partial=00;start_type=ATG;rbs_motif=None;rbs_spacer=None;gc_cont=0.636
contig01011_2        -            247 42468at72274         -            206   1.4e-53  180.2   6.6   1   1   2.9e-55   3.5e-53  178.9   6.6     1   203     6   235     6   238 0.87 # 604 # 1344 # -1 # ID=1011_2;partial=00;start_type=ATG;rbs_motif=GGAG/GAGG;rbs_spacer=5-10bp;gc_cont=0.665
contig00187_3        -            248 42468at72274         -            206   4.8e-51  171.9   1.8   1   1     7e-53   8.3e-51  171.1   1.8     1   205    12   240    12   241 0.87 # 3012 # 3755 # 1 # ID=187_3;partial=00;start_type=ATG;rbs_motif=GGAG/GAGG;rbs_spacer=5-10bp;gc_cont=0.679
contig00955_2        -            243 42468at72274         -            206   2.2e-46  156.7   0.5   1   1   2.5e-48   2.9e-46  156.3   0.5     2   204     8   233     7   235 0.87 # 536 # 1264 # -1 # ID=955_2;partial=00;start_type=GTG;rbs_motif=AGGAG;rbs_spacer=5-10bp;gc_cont=0.694
contig02090_1        -            256 42468at72274         -            206   9.5e-41  138.3   2.4   1   1     1e-42   1.2e-40  137.9   2.4     1   202    28   244    28   247 0.88 # 3 # 770 # 1 # ID=2090_1;partial=10;start_type=Edge;rbs_motif=None;rbs_spacer=None;gc_cont=0.648
contig00107_5        -            230 42468at72274         -            206   4.7e-39  132.8   1.8   1   1   4.5e-41   5.4e-39  132.6   1.8     1   203     2   220     2   223 0.88 # 3273 # 3962 # -1 # ID=107_5;partial=00;start_type=ATG;rbs_motif=AGGA/GGAG/GAGG;rbs_spacer=11-12bp;gc_cont=0.661
contig01632_2        -            226 42468at72274         -            206   3.5e-38  129.9   0.1   1   1   3.3e-40   3.9e-38  129.7   0.1     2   203     4   223     3   225 0.88 # 329 # 1006 # 1 # ID=1632_2;partial=00;start_type=ATG;rbs_motif=GGA/GAG/AGG;rbs_spacer=5-10bp;gc_cont=0.698
contig01068_1        -            225 42468at72274         -            206   8.8e-37  125.3   4.3   1   1   8.5e-39     1e-36  125.1   4.3     1   203     2   220     2   223 0.85 # 50 # 724 # 1 # ID=1068_1;partial=00;start_type=ATG;rbs_motif=GGA/GAG/AGG;rbs_spacer=5-10bp;gc_cont=0.650
contig00134_4        -            222 42468at72274         -            206   1.5e-33  114.8   1.5   1   1   1.4e-35   1.7e-33  114.6   1.5     1   201     2   214     2   218 0.90 # 2576 # 3241 # 1 # ID=134_4;partial=00;start_type=ATG;rbs_motif=GGAG/GAGG;rbs_spacer=5-10bp;gc_cont=0.701
contig00380_2        -            230 42468at72274         -            206   3.3e-33  113.6   0.0   1   1   3.4e-35   4.1e-33  113.4   0.0     1   203     3   224     3   227 0.85 # 1258 # 1947 # -1 # ID=380_2;partial=00;start_type=ATG;rbs_motif=None;rbs_spacer=None;gc_cont=0.693
contig00628_3        -            224 42468at72274         -            206   8.9e-32  109.0   0.4   1   1   8.4e-34     1e-31  108.8   0.4     1   203     2   218     2   221 0.89 # 1863 # 2534 # -1 # ID=628_3;partial=00;start_type=ATG;rbs_motif=GGAG/GAGG;rbs_spacer=5-10bp;gc_cont=0.701
contig00151_4        -            224 42468at72274         -            206   1.3e-31  108.4   0.0   1   1   1.3e-33   1.6e-31  108.2   0.0     1   201     2   215     2   220 0.87 # 1992 # 2663 # 1 # ID=151_4;partial=00;start_type=ATG;rbs_motif=GGAG/GAGG;rbs_spacer=5-10bp;gc_cont=0.695
contig00426_2        -            239 42468at72274         -            206   7.5e-31  106.0   0.7   1   1   1.1e-32   1.3e-30  105.1   0.7     1   205    12   234    12   235 0.84 # 1458 # 2174 # 1 # ID=426_2;partial=00;start_type=GTG;rbs_motif=GGA/GAG/AGG;rbs_spacer=11-12bp;gc_cont=0.692
contig01082_2        -            226 42468at72274         -            206   1.5e-30  105.0   0.1   1   1   1.4e-32   1.7e-30  104.8   0.1     1   204     2   221     2   223 0.87 # 170 # 847 # 1 # ID=1082_2;partial=00;start_type=ATG;rbs_motif=GGAGG;rbs_spacer=5-10bp;gc_cont=0.664
contig01879_2        -            231 42468at72274         -            206   3.7e-30  103.7   0.2   1   1   3.7e-32   4.4e-30  103.4   0.2     2   201     8   225     7   229 0.87 # 203 # 895 # 1 # ID=1879_2;partial=00;start_type=ATG;rbs_motif=None;rbs_spacer=None;gc_cont=0.687
contig01211_2        -             54 42468at72274         -            206   6.9e-30  102.8   0.4   1   1   6.2e-32   7.4e-30  102.7   0.4   155   206     1    52     1    52 0.98 # 1550 # 1711 # -1 # ID=1211_2;partial=01;start_type=Edge;rbs_motif=None;rbs_spacer=None;gc_cont=0.654
contig02072_2        -            156 42468at72274         -            206   7.6e-28   96.1   1.2   1   1   7.3e-30   8.7e-28   96.0   1.2     1   137     2   156     2   156 0.79 # 593 # 1060 # 1 # ID=2072_2;partial=01;start_type=ATG;rbs_motif=GGAG/GAGG;rbs_spacer=5-10bp;gc_cont=0.679
contig01172_2        -            230 42468at72274         -            206   2.2e-27   94.6   1.3   1   1   2.1e-29   2.5e-27   94.4   1.3     1   204     4   223     4   225 0.85 # 1060 # 1749 # -1 # ID=1172_2;partial=01;start_type=Edge;rbs_motif=None;rbs_spacer=None;gc_cont=0.648
contig01961_2        -            202 42468at72274         -            206   2.9e-27   94.3   2.4   1   1     6e-29   7.1e-27   93.0   2.4     1   163     6   197     6   200 0.78 # 504 # 1109 # 1 # ID=1961_2;partial=01;start_type=ATG;rbs_motif=GGAGG;rbs_spacer=5-10bp;gc_cont=0.683
contig00443_2        -            240 42468at72274         -            206   1.7e-26   91.7   0.0   1   1   1.8e-27   2.2e-25   88.1   0.0     1   203    10   235    10   238 0.84 # 791 # 1510 # -1 # ID=443_2;partial=00;start_type=ATG;rbs_motif=None;rbs_spacer=None;gc_cont=0.662
contig01991_1        -            355 42468at72274         -            206   4.1e-20   70.9   0.9   1   1   5.3e-22   6.3e-20   70.3   0.9     2   110    13   132    12   185 0.78 # 1 # 1065 # -1 # ID=1991_1;partial=10;start_type=ATG;rbs_motif=GGAGG;rbs_spacer=3-4bp;gc_cont=0.694
contig01466_2        -            135 42468at72274         -            206     4e-18   64.4   1.9   1   1   3.6e-20   4.2e-18   64.3   1.9     1   112     2   122     2   135 0.83 # 1067 # 1471 # 1 # ID=1466_2;partial=01;start_type=ATG;rbs_motif=None;rbs_spacer=None;gc_cont=0.709
contig00186_5        -            122 42468at72274         -            206   3.1e-15   55.0   0.1   1   1   2.9e-17   3.5e-15   54.8   0.1     1   106     3   119     3   121 0.82 # 4093 # 4458 # -1 # ID=186_5;partial=00;start_type=ATG;rbs_motif=None;rbs_spacer=None;gc_cont=0.615
contig00240_1        -            177 42468at72274         -            206   4.1e-13   48.0   1.3   1   1   4.1e-15   4.8e-13   47.8   1.3     2   114     8   130     7   157 0.77 # 3 # 533 # -1 # ID=240_1;partial=10;start_type=ATG;rbs_motif=GGA/GAG/AGG;rbs_spacer=5-10bp;gc_cont=0.627
contig00961_1        -            125 42468at72274         -            206   1.7e-12   46.0   0.1   1   1   1.6e-14   1.9e-12   45.8   0.1     2   102    13   124    12   125 0.85 # 2 # 376 # -1 # ID=961_1;partial=10;start_type=ATG;rbs_motif=None;rbs_spacer=None;gc_cont=0.664
contig00361_3        -            226 42468at72274         -            206   8.1e-11   40.5   0.4   1   1   9.3e-13   1.1e-10   40.1   0.4     2   144     3   160     2   172 0.69 # 2711 # 3388 # -1 # ID=361_3;partial=00;start_type=ATG;rbs_motif=AGGAG;rbs_spacer=5-10bp;gc_cont=0.693
contig01055_2        -            122 42468at72274         -            206     1e-09   36.9   0.0   1   1   9.5e-12   1.1e-09   36.8   0.0     2   103     5   117     4   121 0.84 # 513 # 878 # 1 # ID=1055_2;partial=00;start_type=ATG;rbs_motif=GGAG/GAGG;rbs_spacer=5-10bp;gc_cont=0.648
contig00349_4        -            260 42468at72274         -            206   2.6e-09   35.6   0.0   1   1   2.8e-11   3.3e-09   35.3   0.0     3   111     7   128     5   161 0.75 # 2722 # 3501 # 1 # ID=349_4;partial=01;start_type=ATG;rbs_motif=AGGAG;rbs_spacer=5-10bp;gc_cont=0.662
contig00358_4        -            125 42468at72274         -            206   4.3e-09   34.9   0.1   1   1   4.1e-11   4.8e-09   34.7   0.1     1   109     2   122     2   124 0.85 # 2226 # 2600 # 1 # ID=358_4;partial=00;start_type=ATG;rbs_motif=GGA/GAG/AGG;rbs_spacer=5-10bp;gc_cont=0.603
contig00997_1        -            479 42468at72274         -            206   6.2e-09   34.4   0.1   1   1   8.4e-11     1e-08   33.7   0.1     1   112     3   120     3   126 0.79 # 305 # 1741 # -1 # ID=997_1;partial=00;start_type=ATG;rbs_motif=GGA/GAG/AGG;rbs_spacer=5-10bp;gc_cont=0.665
contig00096_1        -            198 42468at72274         -            206     9e-09   33.8   0.5   1   1   9.4e-11   1.1e-08   33.5   0.5     1   116     4   128     4   147 0.78 # 3 # 596 # -1 # ID=96_1;partial=10;start_type=ATG;rbs_motif=GGA/GAG/AGG;rbs_spacer=5-10bp;gc_cont=0.677
contig02308_2        -            222 42468at72274         -            206   9.7e-09   33.7   0.0   1   1     1e-10   1.2e-08   33.4   0.0     2    94     7   108     6   138 0.80 # 267 # 932 # 1 # ID=2308_2;partial=01;start_type=ATG;rbs_motif=AGGAG;rbs_spacer=5-10bp;gc_cont=0.671
contig01163_2        -            206 42468at72274         -            206   9.7e-09   33.7   0.1   1   1   9.3e-11   1.1e-08   33.5   0.1     2   105     4   117     3   179 0.75 # 1145 # 1762 # 1 # ID=1163_2;partial=01;start_type=ATG;rbs_motif=GGA/GAG/AGG;rbs_spacer=11-12bp;gc_cont=0.605
contig00940_2        -            643 42468at72274         -            206   9.4e-08   30.5   0.3   1   1   1.5e-09   1.8e-07   29.6   0.1     2    96   517   622   516   633 0.84 # 132 # 2060 # 1 # ID=940_2;partial=01;start_type=ATG;rbs_motif=AGGAG;rbs_spacer=5-10bp;gc_cont=0.658
contig00048_2        -            442 42468at72274         -            206   1.6e-07   29.7   0.3   1   1     2e-09   2.4e-07   29.2   0.3     2   106     7   120     6   167 0.82 # 1274 # 2599 # -1 # ID=48_2;partial=00;start_type=ATG;rbs_motif=GGA/GAG/AGG;rbs_spacer=5-10bp;gc_cont=0.683
contig00086_4        -            187 42468at72274         -            206   2.7e-07   29.0   0.2   1   1   2.7e-09   3.2e-07   28.8   0.2     2   102    15   124    14   156 0.78 # 2921 # 3481 # 1 # ID=86_4;partial=00;start_type=ATG;rbs_motif=GGAG/GAGG;rbs_spacer=5-10bp;gc_cont=0.674
contig02949_1        -            136 42468at72274         -            206   3.7e-07   28.6   0.1   1   1   3.5e-09   4.2e-07   28.4   0.1     2   103     3   114     2   128 0.66 # 3 # 410 # -1 # ID=2949_1;partial=10;start_type=ATG;rbs_motif=AGGA/GGAG/GAGG;rbs_spacer=11-12bp;gc_cont=0.654
contig00191_1        -            168 42468at72274         -            206     5e-07   28.1   0.4   1   1   5.2e-09   6.1e-07   27.8   0.4    42   144     6   110     2   134 0.82 # 2 # 505 # 1 # ID=191_1;partial=10;start_type=Edge;rbs_motif=None;rbs_spacer=None;gc_cont=0.696
contig02047_2        -            219 42468at72274         -            206     8e-07   27.5   0.0   1   1   8.6e-09     1e-06   27.1   0.0     2   114    11   136    10   163 0.79 # 409 # 1065 # 1 # ID=2047_2;partial=01;start_type=ATG;rbs_motif=GGAG/GAGG;rbs_spacer=5-10bp;gc_cont=0.639
contig00165_1        -             99 42468at72274         -            206   1.2e-06   27.0   0.0   1   1   1.1e-08   1.3e-06   26.8   0.0   124   201    12    89     1    93 0.89 # 1 # 297 # 1 # ID=165_1;partial=10;start_type=Edge;rbs_motif=None;rbs_spacer=None;gc_cont=0.650
contig00080_1        -            208 42468at72274         -            206   1.4e-06   26.7   0.5   1   1   1.9e-08   2.3e-06   26.0   0.5     1    94     3   106     3   119 0.72 # 128 # 751 # -1 # ID=80_1;partial=00;start_type=ATG;rbs_motif=AGGA;rbs_spacer=5-10bp;gc_cont=0.588
contig02979_1        -            210 42468at72274         -            206   2.4e-06   25.9   0.3   1   1   2.6e-08   3.1e-06   25.5   0.3     2   104     7   120     6   137 0.75 # 3 # 632 # 1 # ID=2979_1;partial=11;start_type=Edge;rbs_motif=None;rbs_spacer=None;gc_cont=0.640
contig00388_2        -            450 42468at72274         -            206   2.8e-06   25.7   0.5   1   1   4.4e-08   5.3e-06   24.8   0.5     1   107    10   126    10   145 0.76 # 1277 # 2626 # -1 # ID=388_2;partial=00;start_type=ATG;rbs_motif=AGGA/GGAG/GAGG;rbs_spacer=11-12bp;gc_cont=0.668
contig00093_5        -            787 42468at72274         -            206   3.1e-06   25.6   0.2   1   1   5.8e-08   6.9e-06   24.4   0.0     1    97   664   771   664   779 0.83 # 2317 # 4677 # 1 # ID=93_5;partial=00;start_type=ATG;rbs_motif=GGA/GAG/AGG;rbs_spacer=5-10bp;gc_cont=0.671
contig00224_2        -            350 42468at72274         -            206   3.2e-06   25.5   0.1   1   1   4.5e-08   5.4e-06   24.8   0.1     2    92     5   107     4   134 0.73 # 1516 # 2565 # -1 # ID=224_2;partial=00;start_type=ATG;rbs_motif=GGAG/GAGG;rbs_spacer=5-10bp;gc_cont=0.717
contig00175_3        -            348 42468at72274         -            206   4.6e-06   25.0   0.2   1   1   5.8e-08   6.9e-06   24.4   0.2     2   107    21   138    20   174 0.82 # 2289 # 3332 # -1 # ID=175_3;partial=00;start_type=ATG;rbs_motif=GGAG/GAGG;rbs_spacer=5-10bp;gc_cont=0.674
contig00175_5        -             96 42468at72274         -            206   7.8e-06   24.2   0.2   1   1   7.5e-08   8.9e-06   24.1   0.2    30   100     6    84     2    94 0.79 # 4444 # 4731 # -1 # ID=175_5;partial=01;start_type=Edge;rbs_motif=None;rbs_spacer=None;gc_cont=0.625
contig02763_1        -            222 42468at72274         -            206   1.2e-05   23.6   0.1   1   1   1.6e-07   1.9e-05   23.0   0.1    41   101     9    77     4    89 0.83 # 59 # 724 # -1 # ID=2763_1;partial=01;start_type=Edge;rbs_motif=None;rbs_spacer=None;gc_cont=0.703
contig00996_1        -            482 42468at72274         -            206   1.5e-05   23.3   0.1   1   1   2.2e-07   2.6e-05   22.6   0.1     2    98   223   333   222   342 0.76 # 3 # 1448 # 1 # ID=996_1;partial=10;start_type=Edge;rbs_motif=None;rbs_spacer=None;gc_cont=0.686
contig01470_2        -            380 42468at72274         -            206   2.9e-05   22.4   0.2   1   1   4.1e-07   4.8e-05   21.7   0.2     3   104     7   117     5   134 0.72 # 331 # 1470 # 1 # ID=1470_2;partial=01;start_type=ATG;rbs_motif=GGA/GAG/AGG;rbs_spacer=5-10bp;gc_cont=0.674
contig00583_4        -             89 42468at72274         -            206   3.2e-05   22.2   0.0   1   1     3e-07   3.5e-05   22.1   0.0     2    63    10    75     9    88 0.73 # 2455 # 2721 # 1 # ID=583_4;partial=01;start_type=ATG;rbs_motif=GGA/GAG/AGG;rbs_spacer=5-10bp;gc_cont=0.547
contig01465_3        -            103 42468at72274         -            206   3.3e-05   22.2   0.0   1   1   2.9e-07   3.4e-05   22.2   0.0    33    86    44   103     9   103 0.88 # 1163 # 1471 # 1 # ID=1465_3;partial=01;start_type=ATG;rbs_motif=AGGA;rbs_spacer=5-10bp;gc_cont=0.660
contig01781_1        -            244 42468at72274         -            206   3.7e-05   22.0   0.1   1   1   3.9e-07   4.7e-05   21.7   0.1     1    92     4   107     4   142 0.76 # 1 # 732 # -1 # ID=1781_1;partial=10;start_type=ATG;rbs_motif=AGGAG;rbs_spacer=5-10bp;gc_cont=0.669
contig01956_2        -            112 42468at72274         -            206   4.4e-05   21.8   1.4   1   1     4e-07   4.7e-05   21.7   1.4     3    88    15   111    13   112 0.68 # 779 # 1114 # 1 # ID=1956_2;partial=01;start_type=ATG;rbs_motif=AGGAG;rbs_spacer=5-10bp;gc_cont=0.685
contig02206_2        -            263 42468at72274         -            206   4.5e-05   21.7   0.2   1   1   4.8e-07   5.7e-05   21.4   0.2     2   114    53   181    52   224 0.67 # 191 # 979 # 1 # ID=2206_2;partial=01;start_type=ATG;rbs_motif=None;rbs_spacer=None;gc_cont=0.677
contig02415_2        -            217 42468at72274         -            206   4.8e-05   21.7   0.4   1   2   1.4e-06   0.00016   19.9   0.1    69   109     4    44     1    65 0.79 # 227 # 877 # -1 # ID=2415_2;partial=01;start_type=Edge;rbs_motif=None;rbs_spacer=None;gc_cont=0.668
contig02415_2        -            217 42468at72274         -            206   4.8e-05   21.7   0.4   2   2       2.9   3.4e+02   -0.7   0.0   102   123    72    93    61    97 0.77 # 227 # 877 # -1 # ID=2415_2;partial=01;start_type=Edge;rbs_motif=None;rbs_spacer=None;gc_cont=0.668
contig01415_1        -            355 42468at72274         -            206   5.3e-05   21.5   0.1   1   1   7.3e-07   8.7e-05   20.8   0.1     2   108   227   349   226   354 0.74 # 2 # 1066 # 1 # ID=1415_1;partial=10;start_type=Edge;rbs_motif=None;rbs_spacer=None;gc_cont=0.709
contig03090_1        -             98 42468at72274         -            206   0.00014   20.1   0.3   1   1   1.3e-06   0.00015   20.0   0.3     1    63    12    78    12    94 0.79 # 3 # 296 # -1 # ID=3090_1;partial=10;start_type=ATG;rbs_motif=AGGAGG;rbs_spacer=5-10bp;gc_cont=0.684
contig00474_1        -            186 42468at72274         -            206   0.00027   19.2   0.1   1   1   2.6e-06    0.0003   19.0   0.1    38   145    48   159     5   176 0.79 # 3 # 560 # -1 # ID=474_1;partial=10;start_type=ATG;rbs_motif=GGAG/GAGG;rbs_spacer=5-10bp;gc_cont=0.685
contig02528_2        -             99 42468at72274         -            206   0.00028   19.2   0.1   1   1   2.5e-06   0.00029   19.1   0.1     1    64     3    71     3    97 0.67 # 530 # 826 # 1 # ID=2528_2;partial=01;start_type=ATG;rbs_motif=GGA/GAG/AGG;rbs_spacer=5-10bp;gc_cont=0.646
contig00474_2        -            541 42468at72274         -            206   0.00042   18.6   0.2   1   1   5.9e-06    0.0007   17.9   0.2     1   108   420   532   420   536 0.80 # 705 # 2327 # 1 # ID=474_2;partial=00;start_type=ATG;rbs_motif=GGAGG;rbs_spacer=5-10bp;gc_cont=0.688
contig00362_3        -            215 42468at72274         -            206   0.00088   17.5   0.6   1   1     1e-05    0.0012   17.1   0.6     2    94     4   107     3   125 0.71 # 2448 # 3092 # -1 # ID=362_3;partial=00;start_type=GTG;rbs_motif=GGAG/GAGG;rbs_spacer=5-10bp;gc_cont=0.633
contig01372_2        -             61 42468at72274         -            206    0.0014   16.9   0.1   1   1   1.3e-05    0.0016   16.7   0.1     1    54     4    61     4    61 0.71 # 1377 # 1559 # 1 # ID=1372_2;partial=01;start_type=ATG;rbs_motif=AGGAG;rbs_spacer=5-10bp;gc_cont=0.683
contig00342_3        -            218 42468at72274         -            206    0.0022   16.3   0.0   1   1   2.3e-05    0.0027   16.0   0.0    38   138    50   159     6   171 0.74 # 1698 # 2351 # -1 # ID=342_3;partial=00;start_type=ATG;rbs_motif=AGGA;rbs_spacer=5-10bp;gc_cont=0.667
contig00057_4        -            214 42468at72274         -            206    0.0034   15.6   0.3   1   1   3.6e-05    0.0042   15.3   0.3     4    64     6    76     4   166 0.75 # 4155 # 4796 # 1 # ID=57_4;partial=00;start_type=ATG;rbs_motif=None;rbs_spacer=None;gc_cont=0.650
contig00175_4        -            336 42468at72274         -            206    0.0043   15.3   0.1   1   1   6.3e-05    0.0075   14.5   0.1    25    92    29   105     5   122 0.72 # 3440 # 4447 # -1 # ID=175_4;partial=00;start_type=TTG;rbs_motif=GGAG/GAGG;rbs_spacer=5-10bp;gc_cont=0.664
contig00373_3        -            222 42468at72274         -            206    0.0045   15.2   0.1   1   1   6.3e-05    0.0075   14.5   0.1     2    93     4   107     3   123 0.67 # 763 # 1428 # 1 # ID=373_3;partial=00;start_type=ATG;rbs_motif=GGAG/GAGG;rbs_spacer=5-10bp;gc_cont=0.641
contig00726_1        -             37 42468at72274         -            206    0.0063   14.7   0.0   1   1   5.5e-05    0.0065   14.7   0.0   170   204     1    33     1    35 0.90 # 1 # 111 # 1 # ID=726_1;partial=10;start_type=Edge;rbs_motif=None;rbs_spacer=None;gc_cont=0.622
contig00103_3        -            400 42468at72274         -            206    0.0071   14.6   0.5   1   1    0.0001     0.012   13.8   0.1    39   113    53   134    33   185 0.84 # 2033 # 3232 # -1 # ID=103_3;partial=00;start_type=ATG;rbs_motif=GGAG/GAGG;rbs_spacer=5-10bp;gc_cont=0.709
contig02924_1        -            217 42468at72274         -            206     0.009   14.2   0.1   1   1   0.00014     0.016   13.4   0.1     2    58   157   217   156   217 0.80 # 1 # 651 # 1 # ID=2924_1;partial=11;start_type=Edge;rbs_motif=None;rbs_spacer=None;gc_cont=0.711
contig01772_1        -            173 42468at72274         -            206     0.027   12.7   0.0   1   1   0.00027     0.033   12.4   0.0    35    93    53   116    12   129 0.78 # 3 # 521 # -1 # ID=1772_1;partial=10;start_type=ATG;rbs_motif=GGA/GAG/AGG;rbs_spacer=5-10bp;gc_cont=0.696
#
# Program:         hmmsearch
# Version:         3.1b2 (February 2015)
# Pipeline mode:   SEARCH
# Query file:      /home/johngn/Microbial-Genomics-Journey-Workshop-2023/Reads_session_3/busco_downloads/lineages/pseudomonadales_odb10/hmms/42468at72274.hmm
# Target file:     /home/johngn/Microbial-Genomics-Journey-Workshop-2023/Reads_session_3/busco_op4/prodigal_output/predicted_genes/predicted.faa
# Option settings: hmmsearch --domtblout /home/johngn/Microbial-Genomics-Journey-Workshop-2023/Reads_session_3/busco_op4/run_pseudomonadales_odb10/hmmer_output/42468at72274.out --cpu 1 /home/johngn/Microbial-Genomics-Journey-Workshop-2023/Reads_session_3/busco_downloads/lineages/pseudomonadales_odb10/hmms/42468at72274.hmm /home/johngn/Microbial-Genomics-Journey-Workshop-2023/Reads_session_3/busco_op4/prodigal_output/predicted_genes/predicted.faa 
# Current dir:     /home/johngn/Microbial-Genomics-Journey-Workshop-2023/Reads_session_3
# Date:            Wed Mar  8 17:01:30 2023
# [ok]
