#                                                                            --- full sequence --- -------------- this domain -------------   hmm coord   ali coord   env coord
# target name        accession   tlen query name           accession   qlen   E-value  score  bias   #  of  c-Evalue  i-Evalue  score  bias  from    to  from    to  from    to  acc description of target
#------------------- ---------- ----- -------------------- ---------- ----- --------- ------ ----- --- --- --------- --------- ------ ----- ----- ----- ----- ----- ----- ----- ---- ---------------------
contig02582_2        -            179 42886at72274         -            200   2.2e-68  228.7   0.0   1   1   3.2e-71   2.5e-68  228.5   0.0     1   162     1   179     1   179 0.91 # 267 # 803 # 1 # ID=2582_2;partial=01;start_type=ATG;rbs_motif=GGAGG;rbs_spacer=5-10bp;gc_cont=0.683
contig02200_1        -            158 42886at72274         -            200   6.8e-61  204.3   0.0   1   1   9.8e-64   7.5e-61  204.1   0.0    58   199     3   153     1   154 0.95 # 1 # 474 # 1 # ID=2200_1;partial=10;start_type=Edge;rbs_motif=None;rbs_spacer=None;gc_cont=0.688
contig01075_2        -            273 42886at72274         -            200     2e-28   98.3   0.0   1   1   3.7e-31   2.9e-28   97.8   0.0     4   192    14   225    11   233 0.82 # 757 # 1575 # 1 # ID=1075_2;partial=00;start_type=ATG;rbs_motif=GGA/GAG/AGG;rbs_spacer=5-10bp;gc_cont=0.664
contig00218_3        -            231 42886at72274         -            200   2.9e-16   58.5   0.0   1   1   6.3e-19   4.8e-16   57.8   0.0     6   196     7   215     3   219 0.80 # 3349 # 4041 # 1 # ID=218_3;partial=00;start_type=ATG;rbs_motif=GGAG/GAGG;rbs_spacer=5-10bp;gc_cont=0.657
contig00516_3        -            199 42886at72274         -            200   1.2e-12   46.7   0.0   1   1   4.7e-15   3.6e-12   45.2   0.0     4   183     7   186     4   197 0.80 # 1683 # 2279 # -1 # ID=516_3;partial=00;start_type=GTG;rbs_motif=GGAG/GAGG;rbs_spacer=5-10bp;gc_cont=0.715
contig00497_4        -            233 42886at72274         -            200   2.6e-11   42.4   0.0   1   2     0.026        20    3.6   0.0     3    19     4    20     2    33 0.85 # 2149 # 2847 # 1 # ID=497_4;partial=00;start_type=ATG;rbs_motif=GGAGG;rbs_spacer=5-10bp;gc_cont=0.698
contig00497_4        -            233 42886at72274         -            200   2.6e-11   42.4   0.0   2   2   1.7e-12   1.3e-09   36.9   0.0    61   167    97   199    50   211 0.82 # 2149 # 2847 # 1 # ID=497_4;partial=00;start_type=ATG;rbs_motif=GGAGG;rbs_spacer=5-10bp;gc_cont=0.698
contig00081_4        -            222 42886at72274         -            200   9.1e-10   37.4   0.0   1   2    0.0013      0.99    7.9   0.0     5    24    10    29     6    40 0.79 # 2644 # 3309 # -1 # ID=81_4;partial=00;start_type=ATG;rbs_motif=GGAG/GAGG;rbs_spacer=5-10bp;gc_cont=0.674
contig00081_4        -            222 42886at72274         -            200   9.1e-10   37.4   0.0   2   2     1e-09   7.9e-07   27.8   0.0    58   197    76   219    62   221 0.81 # 2644 # 3309 # -1 # ID=81_4;partial=00;start_type=ATG;rbs_motif=GGAG/GAGG;rbs_spacer=5-10bp;gc_cont=0.674
contig00869_2        -            223 42886at72274         -            200   1.3e-06   27.0   0.0   1   1     2e-09   1.5e-06   26.8   0.0    73   170    75   174    10   195 0.86 # 292 # 960 # -1 # ID=869_2;partial=00;start_type=ATG;rbs_motif=None;rbs_spacer=None;gc_cont=0.725
contig00874_2        -            232 42886at72274         -            200   8.7e-06   24.4   0.0   1   1   2.6e-08     2e-05   23.2   0.0    78   197    93   218     3   221 0.81 # 683 # 1378 # 1 # ID=874_2;partial=00;start_type=ATG;rbs_motif=GGAG/GAGG;rbs_spacer=5-10bp;gc_cont=0.713
contig01400_2        -            179 42886at72274         -            200    0.0036   15.8   0.0   1   1     7e-06    0.0054   15.3   0.0   122   172    98   149    74   153 0.83 # 203 # 739 # -1 # ID=1400_2;partial=00;start_type=ATG;rbs_motif=None;rbs_spacer=None;gc_cont=0.633
contig01749_1        -            219 42886at72274         -            200     0.034   12.7   0.0   1   2   0.00023      0.18   10.3   0.0     3    21     9    27     7    84 0.78 # 3 # 659 # -1 # ID=1749_1;partial=10;start_type=ATG;rbs_motif=GGA/GAG/AGG;rbs_spacer=5-10bp;gc_cont=0.674
contig01749_1        -            219 42886at72274         -            200     0.034   12.7   0.0   2   2      0.26     2e+02    0.3   0.0    94   166   115   188    97   195 0.68 # 3 # 659 # -1 # ID=1749_1;partial=10;start_type=ATG;rbs_motif=GGA/GAG/AGG;rbs_spacer=5-10bp;gc_cont=0.674
#
# Program:         hmmsearch
# Version:         3.1b2 (February 2015)
# Pipeline mode:   SEARCH
# Query file:      /home/johngn/Microbial-Genomics-Journey-Workshop-2023/Reads_session_3/busco_downloads/lineages/pseudomonadales_odb10/hmms/42886at72274.hmm
# Target file:     /home/johngn/Microbial-Genomics-Journey-Workshop-2023/Reads_session_3/busco_op4/prodigal_output/predicted_genes/predicted.faa
# Option settings: hmmsearch --domtblout /home/johngn/Microbial-Genomics-Journey-Workshop-2023/Reads_session_3/busco_op4/run_pseudomonadales_odb10/hmmer_output/42886at72274.out --cpu 1 /home/johngn/Microbial-Genomics-Journey-Workshop-2023/Reads_session_3/busco_downloads/lineages/pseudomonadales_odb10/hmms/42886at72274.hmm /home/johngn/Microbial-Genomics-Journey-Workshop-2023/Reads_session_3/busco_op4/prodigal_output/predicted_genes/predicted.faa 
# Current dir:     /home/johngn/Microbial-Genomics-Journey-Workshop-2023/Reads_session_3
# Date:            Wed Mar  8 17:01:30 2023
# [ok]
