#                                                                            --- full sequence --- -------------- this domain -------------   hmm coord   ali coord   env coord
# target name        accession   tlen query name           accession   qlen   E-value  score  bias   #  of  c-Evalue  i-Evalue  score  bias  from    to  from    to  from    to  acc description of target
#------------------- ---------- ----- -------------------- ---------- ----- --------- ------ ----- --- --- --------- --------- ------ ----- ----- ----- ----- ----- ----- ----- ---- ---------------------
contig00805_3        -            259 43003at72274         -            194   2.5e-75  251.1   0.7   1   1   3.8e-76   6.4e-73  243.3   0.7     1   194     6   258     6   258 0.81 # 1141 # 1917 # 1 # ID=805_3;partial=00;start_type=ATG;rbs_motif=None;rbs_spacer=None;gc_cont=0.658
contig00283_3        -            289 43003at72274         -            194   3.1e-09   35.5   4.2   1   2    0.0033       5.5    5.3   0.8    33    55    59    81    10   105 0.70 # 1021 # 1887 # 1 # ID=283_3;partial=00;start_type=ATG;rbs_motif=AGGA;rbs_spacer=5-10bp;gc_cont=0.684
contig00283_3        -            289 43003at72274         -            194   3.1e-09   35.5   4.2   2   2   2.7e-10   4.5e-07   28.4   0.1    66   129   136   209   128   213 0.83 # 1021 # 1887 # 1 # ID=283_3;partial=00;start_type=ATG;rbs_motif=AGGA;rbs_spacer=5-10bp;gc_cont=0.684
contig00216_2        -            214 43003at72274         -            194   4.4e-07   28.4   0.1   1   2   6.2e-05       0.1   10.9   0.0    13    51    24    68    19    81 0.77 # 189 # 830 # 1 # ID=216_2;partial=00;start_type=ATG;rbs_motif=GGAG/GAGG;rbs_spacer=5-10bp;gc_cont=0.673
contig00216_2        -            214 43003at72274         -            194   4.4e-07   28.4   0.1   2   2   3.3e-06    0.0055   15.1   0.0    71   117   130   185   116   196 0.78 # 189 # 830 # 1 # ID=216_2;partial=00;start_type=ATG;rbs_motif=GGAG/GAGG;rbs_spacer=5-10bp;gc_cont=0.673
contig01569_1        -            302 43003at72274         -            194   1.1e-05   23.9   0.0   1   2    0.0015       2.5    6.4   0.0    32    60    56    84    34    98 0.76 # 47 # 952 # -1 # ID=1569_1;partial=00;start_type=ATG;rbs_motif=AGGAGG;rbs_spacer=5-10bp;gc_cont=0.680
contig01569_1        -            302 43003at72274         -            194   1.1e-05   23.9   0.0   2   2   2.7e-06    0.0046   15.4   0.0    69   121   152   215   146   222 0.84 # 47 # 952 # -1 # ID=1569_1;partial=00;start_type=ATG;rbs_motif=AGGAGG;rbs_spacer=5-10bp;gc_cont=0.680
contig00331_3        -            253 43003at72274         -            194   0.00015   20.2   0.2   1   1   1.6e-07   0.00027   19.4   0.2    37    60    48    71    40    82 0.88 # 2092 # 2850 # 1 # ID=331_3;partial=00;start_type=ATG;rbs_motif=AGGAG;rbs_spacer=5-10bp;gc_cont=0.651
#
# Program:         hmmsearch
# Version:         3.1b2 (February 2015)
# Pipeline mode:   SEARCH
# Query file:      /home/johngn/Microbial-Genomics-Journey-Workshop-2023/Reads_session_3/busco_downloads/lineages/pseudomonadales_odb10/hmms/43003at72274.hmm
# Target file:     /home/johngn/Microbial-Genomics-Journey-Workshop-2023/Reads_session_3/busco_op4/prodigal_output/predicted_genes/predicted.faa
# Option settings: hmmsearch --domtblout /home/johngn/Microbial-Genomics-Journey-Workshop-2023/Reads_session_3/busco_op4/run_pseudomonadales_odb10/hmmer_output/43003at72274.out --cpu 1 /home/johngn/Microbial-Genomics-Journey-Workshop-2023/Reads_session_3/busco_downloads/lineages/pseudomonadales_odb10/hmms/43003at72274.hmm /home/johngn/Microbial-Genomics-Journey-Workshop-2023/Reads_session_3/busco_op4/prodigal_output/predicted_genes/predicted.faa 
# Current dir:     /home/johngn/Microbial-Genomics-Journey-Workshop-2023/Reads_session_3
# Date:            Wed Mar  8 17:01:30 2023
# [ok]
