#                                                                            --- full sequence --- -------------- this domain -------------   hmm coord   ali coord   env coord
# target name        accession   tlen query name           accession   qlen   E-value  score  bias   #  of  c-Evalue  i-Evalue  score  bias  from    to  from    to  from    to  acc description of target
#------------------- ---------- ----- -------------------- ---------- ----- --------- ------ ----- --- --- --------- --------- ------ ----- ----- ----- ----- ----- ----- ----- ---- ---------------------
contig00008_5        -            205 43102at72274         -            162   3.3e-36  123.5   1.5   1   2   3.8e-29   3.6e-26   90.9   0.0     2   132     2   155     1   164 0.84 # 3691 # 4305 # -1 # ID=8_5;partial=00;start_type=ATG;rbs_motif=GGA/GAG/AGG;rbs_spacer=5-10bp;gc_cont=0.454
contig00008_5        -            205 43102at72274         -            162   3.3e-36  123.5   1.5   2   2   4.7e-11   4.4e-08   32.1   0.3   123   160   166   203   155   204 0.88 # 3691 # 4305 # -1 # ID=8_5;partial=00;start_type=ATG;rbs_motif=GGA/GAG/AGG;rbs_spacer=5-10bp;gc_cont=0.454
contig02310_1        -            123 43102at72274         -            162   7.5e-31  106.1   3.5   1   1   5.1e-31   4.7e-28   97.0   3.5    82   162     1   119     1   119 0.86 # 1 # 369 # 1 # ID=2310_1;partial=10;start_type=Edge;rbs_motif=None;rbs_spacer=None;gc_cont=0.656
contig01420_4        -             75 43102at72274         -            162   6.8e-28   96.5   0.2   1   1   8.1e-31   7.6e-28   96.4   0.2     1    66     3    75     3    75 0.92 # 1295 # 1519 # 1 # ID=1420_4;partial=01;start_type=ATG;rbs_motif=GGA/GAG/AGG;rbs_spacer=5-10bp;gc_cont=0.707
contig00802_1        -            526 43102at72274         -            162   0.00014   20.7   0.0   1   2    0.0015       1.4    7.7   0.0    65    82    79    96     9   110 0.78 # 142 # 1719 # -1 # ID=802_1;partial=00;start_type=ATG;rbs_motif=GGA/GAG/AGG;rbs_spacer=5-10bp;gc_cont=0.663
contig00802_1        -            526 43102at72274         -            162   0.00014   20.7   0.0   2   2    0.0002      0.19   10.6   0.0   137   159   175   198   167   200 0.86 # 142 # 1719 # -1 # ID=802_1;partial=00;start_type=ATG;rbs_motif=GGA/GAG/AGG;rbs_spacer=5-10bp;gc_cont=0.663
contig02742_1        -            244 43102at72274         -            162   0.00096   18.0   0.0   1   1   1.6e-06    0.0015   17.3   0.0    18    79   141   203   127   216 0.75 # 1 # 732 # 1 # ID=2742_1;partial=11;start_type=Edge;rbs_motif=None;rbs_spacer=None;gc_cont=0.658
contig00206_2        -            201 43102at72274         -            162    0.0035   16.2   0.0   1   2    0.0014       1.3    7.8   0.0    43    79    55    90    36   101 0.73 # 1599 # 2201 # 1 # ID=206_2;partial=00;start_type=ATG;rbs_motif=GGAG/GAGG;rbs_spacer=5-10bp;gc_cont=0.677
contig00206_2        -            201 43102at72274         -            162    0.0035   16.2   0.0   2   2     0.004       3.7    6.3   0.0   138   161   164   188   157   189 0.84 # 1599 # 2201 # 1 # ID=206_2;partial=00;start_type=ATG;rbs_motif=GGAG/GAGG;rbs_spacer=5-10bp;gc_cont=0.677
contig03159_1        -             62 43102at72274         -            162     0.039   12.8   0.0   1   1   4.6e-05     0.044   12.6   0.0   134   160    24    51    17    53 0.83 # 3 # 188 # 1 # ID=3159_1;partial=10;start_type=Edge;rbs_motif=None;rbs_spacer=None;gc_cont=0.645
contig02172_1        -            332 43102at72274         -            162     0.068   12.0   0.0   1   1   0.00015      0.14   10.9   0.0    33    81   274   328   266   331 0.82 # 3 # 998 # -1 # ID=2172_1;partial=11;start_type=Edge;rbs_motif=None;rbs_spacer=None;gc_cont=0.715
contig01521_3        -            182 43102at72274         -            162      0.12   11.2   0.0   1   1   0.00015      0.14   11.0   0.0    55   104    49   101    21   125 0.79 # 886 # 1431 # -1 # ID=1521_3;partial=01;start_type=Edge;rbs_motif=None;rbs_spacer=None;gc_cont=0.709
#
# Program:         hmmsearch
# Version:         3.1b2 (February 2015)
# Pipeline mode:   SEARCH
# Query file:      /home/johngn/Microbial-Genomics-Journey-Workshop-2023/Reads_session_3/busco_downloads/lineages/pseudomonadales_odb10/hmms/43102at72274.hmm
# Target file:     /home/johngn/Microbial-Genomics-Journey-Workshop-2023/Reads_session_3/busco_op4/prodigal_output/predicted_genes/predicted.faa
# Option settings: hmmsearch --domtblout /home/johngn/Microbial-Genomics-Journey-Workshop-2023/Reads_session_3/busco_op4/run_pseudomonadales_odb10/hmmer_output/43102at72274.out --cpu 1 /home/johngn/Microbial-Genomics-Journey-Workshop-2023/Reads_session_3/busco_downloads/lineages/pseudomonadales_odb10/hmms/43102at72274.hmm /home/johngn/Microbial-Genomics-Journey-Workshop-2023/Reads_session_3/busco_op4/prodigal_output/predicted_genes/predicted.faa 
# Current dir:     /home/johngn/Microbial-Genomics-Journey-Workshop-2023/Reads_session_3
# Date:            Wed Mar  8 17:01:30 2023
# [ok]
