#                                                                            --- full sequence --- -------------- this domain -------------   hmm coord   ali coord   env coord
# target name        accession   tlen query name           accession   qlen   E-value  score  bias   #  of  c-Evalue  i-Evalue  score  bias  from    to  from    to  from    to  acc description of target
#------------------- ---------- ----- -------------------- ---------- ----- --------- ------ ----- --- --- --------- --------- ------ ----- ----- ----- ----- ----- ----- ----- ---- ---------------------
contig01836_2        -            183 43254at72274         -            194   1.8e-43  146.9   0.2   1   2   4.4e-13   1.2e-09   36.5   0.0     1    33     2    34     2    40 0.90 # 640 # 1188 # 1 # ID=1836_2;partial=01;start_type=ATG;rbs_motif=AGGA;rbs_spacer=5-10bp;gc_cont=0.707
contig01836_2        -            183 43254at72274         -            194   1.8e-43  146.9   0.2   2   2     4e-35   1.1e-31  108.5   0.2    33   124    53   161    46   166 0.87 # 640 # 1188 # 1 # ID=1836_2;partial=01;start_type=ATG;rbs_motif=AGGA;rbs_spacer=5-10bp;gc_cont=0.707
contig00104_5        -            285 43254at72274         -            194   2.1e-28   97.7   0.8   1   3   0.00018      0.49    8.5   0.0     5    28    11    34     8    48 0.88 # 4117 # 4971 # 1 # ID=104_5;partial=00;start_type=ATG;rbs_motif=GGAG/GAGG;rbs_spacer=5-10bp;gc_cont=0.725
contig00104_5        -            285 43254at72274         -            194   2.1e-28   97.7   0.8   2   3   9.5e-21   2.7e-17   61.6   0.5    30   124    61   170    54   173 0.82 # 4117 # 4971 # 1 # ID=104_5;partial=00;start_type=ATG;rbs_motif=GGAG/GAGG;rbs_spacer=5-10bp;gc_cont=0.725
contig00104_5        -            285 43254at72274         -            194   2.1e-28   97.7   0.8   3   3   6.5e-09   1.8e-05   22.9   0.0   119   187   188   274   182   280 0.76 # 4117 # 4971 # 1 # ID=104_5;partial=00;start_type=ATG;rbs_motif=GGAG/GAGG;rbs_spacer=5-10bp;gc_cont=0.725
contig01596_1        -            362 43254at72274         -            194     0.007   14.5   0.1   1   2   9.8e-06     0.027   12.6   0.1    84   124   178   222   141   226 0.81 # 3 # 1088 # -1 # ID=1596_1;partial=10;start_type=ATG;rbs_motif=None;rbs_spacer=None;gc_cont=0.678
contig01596_1        -            362 43254at72274         -            194     0.007   14.5   0.1   2   2      0.16   4.4e+02   -1.2   0.0   120   136   236   252   231   272 0.80 # 3 # 1088 # -1 # ID=1596_1;partial=10;start_type=ATG;rbs_motif=None;rbs_spacer=None;gc_cont=0.678
#
# Program:         hmmsearch
# Version:         3.1b2 (February 2015)
# Pipeline mode:   SEARCH
# Query file:      /home/johngn/Microbial-Genomics-Journey-Workshop-2023/Reads_session_3/busco_downloads/lineages/pseudomonadales_odb10/hmms/43254at72274.hmm
# Target file:     /home/johngn/Microbial-Genomics-Journey-Workshop-2023/Reads_session_3/busco_op4/prodigal_output/predicted_genes/predicted.faa
# Option settings: hmmsearch --domtblout /home/johngn/Microbial-Genomics-Journey-Workshop-2023/Reads_session_3/busco_op4/run_pseudomonadales_odb10/hmmer_output/43254at72274.out --cpu 1 /home/johngn/Microbial-Genomics-Journey-Workshop-2023/Reads_session_3/busco_downloads/lineages/pseudomonadales_odb10/hmms/43254at72274.hmm /home/johngn/Microbial-Genomics-Journey-Workshop-2023/Reads_session_3/busco_op4/prodigal_output/predicted_genes/predicted.faa 
# Current dir:     /home/johngn/Microbial-Genomics-Journey-Workshop-2023/Reads_session_3
# Date:            Wed Mar  8 17:01:30 2023
# [ok]
