#                                                                            --- full sequence --- -------------- this domain -------------   hmm coord   ali coord   env coord
# target name        accession   tlen query name           accession   qlen   E-value  score  bias   #  of  c-Evalue  i-Evalue  score  bias  from    to  from    to  from    to  acc description of target
#------------------- ---------- ----- -------------------- ---------- ----- --------- ------ ----- --- --- --------- --------- ------ ----- ----- ----- ----- ----- ----- ----- ---- ---------------------
contig00233_4        -            290 43359at72274         -            240  3.3e-133  441.5  14.1   1   1  7.7e-136  4.1e-133  441.2  14.1     3   240    31   276    26   276 0.97 # 2272 # 3141 # -1 # ID=233_4;partial=00;start_type=ATG;rbs_motif=AGGAG;rbs_spacer=5-10bp;gc_cont=0.652
contig00233_5        -            273 43359at72274         -            240   9.9e-39  132.2  14.4   1   1   2.3e-41   1.2e-38  131.9  14.4     2   237    20   263    19   266 0.90 # 3152 # 3970 # -1 # ID=233_5;partial=00;start_type=ATG;rbs_motif=AGGA;rbs_spacer=5-10bp;gc_cont=0.661
contig01982_2        -            229 43359at72274         -            240   1.5e-19   69.4   7.0   1   1   3.4e-22   1.8e-19   69.1   7.0    29   234     6   215     2   219 0.92 # 373 # 1059 # 1 # ID=1982_2;partial=00;start_type=ATG;rbs_motif=GGA/GAG/AGG;rbs_spacer=5-10bp;gc_cont=0.680
contig02067_2        -            266 43359at72274         -            240   7.2e-15   54.0   8.8   1   1   1.8e-17   9.2e-15   53.7   8.8     4   229    15   247    12   257 0.75 # 262 # 1059 # 1 # ID=2067_2;partial=01;start_type=GTG;rbs_motif=GGAG/GAGG;rbs_spacer=5-10bp;gc_cont=0.690
contig00130_6        -            232 43359at72274         -            240   8.7e-11   40.7   5.0   1   1     2e-13     1e-10   40.4   5.0    47   239    24   222     7   223 0.78 # 4541 # 5236 # -1 # ID=130_6;partial=01;start_type=Edge;rbs_motif=None;rbs_spacer=None;gc_cont=0.658
contig00523_2        -            288 43359at72274         -            240   3.2e-10   38.8   6.6   1   2         8   4.2e+03   -4.1   0.7     6    21    13    28     7    36 0.53 # 2011 # 2874 # -1 # ID=523_2;partial=01;start_type=Edge;rbs_motif=None;rbs_spacer=None;gc_cont=0.649
contig00523_2        -            288 43359at72274         -            240   3.2e-10   38.8   6.6   2   2     6e-13   3.2e-10   38.8   6.6    50   209    72   224    40   255 0.78 # 2011 # 2874 # -1 # ID=523_2;partial=01;start_type=Edge;rbs_motif=None;rbs_spacer=None;gc_cont=0.649
contig00845_2        -            263 43359at72274         -            240   4.2e-09   35.2   9.9   1   1   5.8e-11     3e-08   32.4   9.9    28   232    58   250    19   257 0.81 # 191 # 979 # 1 # ID=845_2;partial=00;start_type=ATG;rbs_motif=GGAGG;rbs_spacer=5-10bp;gc_cont=0.644
contig01341_2        -            294 43359at72274         -            240   8.1e-09   34.2  10.5   1   1   3.6e-11   1.9e-08   33.0  10.5    40   235    89   286    67   293 0.79 # 703 # 1584 # 1 # ID=1341_2;partial=01;start_type=ATG;rbs_motif=None;rbs_spacer=None;gc_cont=0.616
contig00724_2        -            311 43359at72274         -            240   2.1e-07   29.6   9.7   1   1   7.2e-10   3.8e-07   28.8   9.8    39   174    89   232    74   302 0.79 # 274 # 1206 # -1 # ID=724_2;partial=00;start_type=ATG;rbs_motif=GGAG/GAGG;rbs_spacer=5-10bp;gc_cont=0.668
contig03125_1        -            151 43359at72274         -            240   4.8e-07   28.4   1.5   1   1   1.1e-09   5.8e-07   28.2   1.5   113   229    18   134     6   145 0.81 # 128 # 580 # -1 # ID=3125_1;partial=01;start_type=Edge;rbs_motif=None;rbs_spacer=None;gc_cont=0.660
contig02481_1        -            162 43359at72274         -            240   2.4e-06   26.1   2.2   1   1   6.5e-09   3.4e-06   25.6   2.2   104   193    17   106     8   153 0.75 # 1 # 486 # 1 # ID=2481_1;partial=10;start_type=Edge;rbs_motif=None;rbs_spacer=None;gc_cont=0.638
contig01663_2        -            257 43359at72274         -            240   4.9e-06   25.1  17.7   1   1   9.6e-08   5.1e-05   21.8  17.7    29   236    53   245    11   249 0.83 # 347 # 1117 # 1 # ID=1663_2;partial=00;start_type=ATG;rbs_motif=GGAGG;rbs_spacer=5-10bp;gc_cont=0.654
contig00130_5        -            266 43359at72274         -            240   1.1e-05   24.0  14.6   1   1   1.6e-07   8.4e-05   21.1  14.6    44   230    75   253    15   259 0.72 # 3757 # 4554 # -1 # ID=130_5;partial=00;start_type=ATG;rbs_motif=AGGAG;rbs_spacer=5-10bp;gc_cont=0.650
contig00349_1        -            310 43359at72274         -            240   0.00018   20.0   7.5   1   1   6.3e-07   0.00033   19.1   7.5    35   191    64   225    49   233 0.66 # 1 # 930 # 1 # ID=349_1;partial=10;start_type=Edge;rbs_motif=None;rbs_spacer=None;gc_cont=0.657
contig02405_2        -            142 43359at72274         -            240   0.00023   19.7   0.8   1   1   5.3e-07   0.00028   19.4   0.8     3    94    28   124    26   139 0.86 # 456 # 881 # 1 # ID=2405_2;partial=01;start_type=TTG;rbs_motif=None;rbs_spacer=None;gc_cont=0.700
contig01663_1        -            118 43359at72274         -            240    0.0021   16.5   0.1   1   1   4.5e-06    0.0024   16.3   0.1   147   195    15    63     5   105 0.87 # 1 # 354 # 1 # ID=1663_1;partial=10;start_type=Edge;rbs_motif=None;rbs_spacer=None;gc_cont=0.703
#
# Program:         hmmsearch
# Version:         3.1b2 (February 2015)
# Pipeline mode:   SEARCH
# Query file:      /home/johngn/Microbial-Genomics-Journey-Workshop-2023/Reads_session_3/busco_downloads/lineages/pseudomonadales_odb10/hmms/43359at72274.hmm
# Target file:     /home/johngn/Microbial-Genomics-Journey-Workshop-2023/Reads_session_3/busco_op4/prodigal_output/predicted_genes/predicted.faa
# Option settings: hmmsearch --domtblout /home/johngn/Microbial-Genomics-Journey-Workshop-2023/Reads_session_3/busco_op4/run_pseudomonadales_odb10/hmmer_output/43359at72274.out --cpu 1 /home/johngn/Microbial-Genomics-Journey-Workshop-2023/Reads_session_3/busco_downloads/lineages/pseudomonadales_odb10/hmms/43359at72274.hmm /home/johngn/Microbial-Genomics-Journey-Workshop-2023/Reads_session_3/busco_op4/prodigal_output/predicted_genes/predicted.faa 
# Current dir:     /home/johngn/Microbial-Genomics-Journey-Workshop-2023/Reads_session_3
# Date:            Wed Mar  8 17:01:30 2023
# [ok]
