#                                                                            --- full sequence --- -------------- this domain -------------   hmm coord   ali coord   env coord
# target name        accession   tlen query name           accession   qlen   E-value  score  bias   #  of  c-Evalue  i-Evalue  score  bias  from    to  from    to  from    to  acc description of target
#------------------- ---------- ----- -------------------- ---------- ----- --------- ------ ----- --- --- --------- --------- ------ ----- ----- ----- ----- ----- ----- ----- ---- ---------------------
contig01996_1        -            206 43900at72274         -            173   1.8e-76  254.7   0.0   1   1   3.7e-79   2.2e-76  254.5   0.0     2   173     6   198     5   198 0.91 # 59 # 676 # -1 # ID=1996_1;partial=00;start_type=ATG;rbs_motif=AGGAG;rbs_spacer=5-10bp;gc_cont=0.626
contig00093_2        -            221 43900at72274         -            173   4.2e-15   55.0   0.0   1   1   9.1e-17   5.5e-14   51.3   0.0    11   170    16   204    10   207 0.80 # 193 # 855 # 1 # ID=93_2;partial=00;start_type=ATG;rbs_motif=GGAG/GAGG;rbs_spacer=5-10bp;gc_cont=0.668
contig01277_1        -            215 43900at72274         -            173   2.5e-09   36.2   0.0   1   1   5.4e-11   3.3e-08   32.5   0.0     7   170    10   202     4   204 0.75 # 71 # 715 # -1 # ID=1277_1;partial=00;start_type=ATG;rbs_motif=AGGA;rbs_spacer=5-10bp;gc_cont=0.696
contig01968_2        -            237 43900at72274         -            173   5.6e-08   31.8   0.1   1   2   2.8e-10   1.7e-07   30.2   0.0    29    78    43    96    10   107 0.80 # 393 # 1103 # 1 # ID=1968_2;partial=01;start_type=GTG;rbs_motif=AGGAG;rbs_spacer=5-10bp;gc_cont=0.667
contig01968_2        -            237 43900at72274         -            173   5.6e-08   31.8   0.1   2   2       1.7     1e+03   -1.6   0.0   122   166   157   201   154   206 0.60 # 393 # 1103 # 1 # ID=1968_2;partial=01;start_type=GTG;rbs_motif=AGGAG;rbs_spacer=5-10bp;gc_cont=0.667
contig00704_2        -            212 43900at72274         -            173   5.6e-08   31.8   0.0   1   1   6.2e-10   3.8e-07   29.1   0.0    30   169    46   198    42   201 0.79 # 789 # 1424 # -1 # ID=704_2;partial=00;start_type=ATG;rbs_motif=AGGAG;rbs_spacer=5-10bp;gc_cont=0.670
contig02953_2        -            137 43900at72274         -            173   4.9e-07   28.7   0.1   1   1   9.7e-10   5.9e-07   28.4   0.1    29    79    43    97    37   132 0.79 # 227 # 637 # 1 # ID=2953_2;partial=01;start_type=ATG;rbs_motif=AGGA/GGAG/GAGG;rbs_spacer=11-12bp;gc_cont=0.684
contig00306_3        -            207 43900at72274         -            173   3.7e-06   25.8   0.0   1   2   3.7e-08   2.2e-05   23.3   0.0    31    77    45    95    39   103 0.91 # 1478 # 2098 # 1 # ID=306_3;partial=00;start_type=ATG;rbs_motif=GGA/GAG/AGG;rbs_spacer=5-10bp;gc_cont=0.684
contig00306_3        -            207 43900at72274         -            173   3.7e-06   25.8   0.0   2   2      0.44   2.6e+02    0.3   0.0   118   171   149   200   129   202 0.84 # 1478 # 2098 # 1 # ID=306_3;partial=00;start_type=ATG;rbs_motif=GGA/GAG/AGG;rbs_spacer=5-10bp;gc_cont=0.684
contig00438_3        -            210 43900at72274         -            173   6.9e-05   21.7   0.0   1   2     3e-07   0.00018   20.3   0.0    30    74    45    93     7   101 0.86 # 1534 # 2163 # -1 # ID=438_3;partial=00;start_type=ATG;rbs_motif=AGGA;rbs_spacer=5-10bp;gc_cont=0.665
contig00438_3        -            210 43900at72274         -            173   6.9e-05   21.7   0.0   2   2       1.7     1e+03   -1.6   0.0   114   169   144   197   126   200 0.60 # 1534 # 2163 # -1 # ID=438_3;partial=00;start_type=ATG;rbs_motif=AGGA;rbs_spacer=5-10bp;gc_cont=0.665
contig00446_3        -            152 43900at72274         -            173     8e-05   21.5   0.0   1   1     3e-07   0.00018   20.3   0.0    50   149     5   120     2   140 0.75 # 2611 # 3066 # -1 # ID=446_3;partial=01;start_type=Edge;rbs_motif=None;rbs_spacer=None;gc_cont=0.730
contig02031_1        -            163 43900at72274         -            173    0.0039   16.0   0.0   1   1     1e-05    0.0063   15.3   0.0    33    77     2    52     1    57 0.86 # 1 # 489 # 1 # ID=2031_1;partial=10;start_type=Edge;rbs_motif=None;rbs_spacer=None;gc_cont=0.679
contig00062_4        -            199 43900at72274         -            173    0.0067   15.2   0.0   1   2   3.4e-05     0.021   13.6   0.0    29    67    42    80    31    99 0.84 # 2176 # 2772 # 1 # ID=62_4;partial=00;start_type=ATG;rbs_motif=GGA/GAG/AGG;rbs_spacer=5-10bp;gc_cont=0.682
contig00062_4        -            199 43900at72274         -            173    0.0067   15.2   0.0   2   2       1.3   7.6e+02   -1.2   0.0   123   144   149   170   118   188 0.72 # 2176 # 2772 # 1 # ID=62_4;partial=00;start_type=ATG;rbs_motif=GGA/GAG/AGG;rbs_spacer=5-10bp;gc_cont=0.682
contig01223_1        -            201 43900at72274         -            173     0.011   14.5   0.0   1   1   9.1e-05     0.055   12.2   0.0    30    80    44    96    33   184 0.66 # 1057 # 1659 # -1 # ID=1223_1;partial=00;start_type=ATG;rbs_motif=AGGAG;rbs_spacer=5-10bp;gc_cont=0.622
contig00133_4        -            221 43900at72274         -            173     0.038   12.8   0.0   1   1   0.00011     0.065   12.0   0.0    29    74    42    92     7   101 0.71 # 2337 # 2999 # -1 # ID=133_4;partial=00;start_type=ATG;rbs_motif=GGAG/GAGG;rbs_spacer=5-10bp;gc_cont=0.656
contig01299_1        -            214 43900at72274         -            173     0.083   11.7   0.0   1   2   0.00049       0.3    9.9   0.0    26    77    39   100     6   106 0.66 # 35 # 676 # 1 # ID=1299_1;partial=00;start_type=ATG;rbs_motif=GGAG/GAGG;rbs_spacer=5-10bp;gc_cont=0.636
contig01299_1        -            214 43900at72274         -            173     0.083   11.7   0.0   2   2       2.2   1.3e+03   -2.0   0.0   117   137   150   170   140   200 0.73 # 35 # 676 # 1 # ID=1299_1;partial=00;start_type=ATG;rbs_motif=GGAG/GAGG;rbs_spacer=5-10bp;gc_cont=0.636
#
# Program:         hmmsearch
# Version:         3.1b2 (February 2015)
# Pipeline mode:   SEARCH
# Query file:      /home/johngn/Microbial-Genomics-Journey-Workshop-2023/Reads_session_3/busco_downloads/lineages/pseudomonadales_odb10/hmms/43900at72274.hmm
# Target file:     /home/johngn/Microbial-Genomics-Journey-Workshop-2023/Reads_session_3/busco_op4/prodigal_output/predicted_genes/predicted.faa
# Option settings: hmmsearch --domtblout /home/johngn/Microbial-Genomics-Journey-Workshop-2023/Reads_session_3/busco_op4/run_pseudomonadales_odb10/hmmer_output/43900at72274.out --cpu 1 /home/johngn/Microbial-Genomics-Journey-Workshop-2023/Reads_session_3/busco_downloads/lineages/pseudomonadales_odb10/hmms/43900at72274.hmm /home/johngn/Microbial-Genomics-Journey-Workshop-2023/Reads_session_3/busco_op4/prodigal_output/predicted_genes/predicted.faa 
# Current dir:     /home/johngn/Microbial-Genomics-Journey-Workshop-2023/Reads_session_3
# Date:            Wed Mar  8 17:01:31 2023
# [ok]
