#                                                                            --- full sequence --- -------------- this domain -------------   hmm coord   ali coord   env coord
# target name        accession   tlen query name           accession   qlen   E-value  score  bias   #  of  c-Evalue  i-Evalue  score  bias  from    to  from    to  from    to  acc description of target
#------------------- ---------- ----- -------------------- ---------- ----- --------- ------ ----- --- --- --------- --------- ------ ----- ----- ----- ----- ----- ----- ----- ---- ---------------------
contig00002_26       -            659 4452at72274          -            602  2.3e-246  817.8   1.8   1   1  4.6e-249  2.6e-246  817.6   1.8     1   599     6   627     6   630 0.93 # 27323 # 29299 # -1 # ID=2_26;partial=00;start_type=ATG;rbs_motif=AGGAG;rbs_spacer=5-10bp;gc_cont=0.528
contig02318_1        -            310 4452at72274          -            602  1.6e-137  458.4   7.8   1   2  3.1e-135  1.8e-132  441.7   2.0   342   568     1   236     1   244 0.96 # 1 # 930 # 1 # ID=2318_1;partial=11;start_type=Edge;rbs_motif=None;rbs_spacer=None;gc_cont=0.668
contig02318_1        -            310 4452at72274          -            602  1.6e-137  458.4   7.8   2   2   9.8e-08   5.5e-05   20.6   0.4   563   598   267   310   236   310 0.70 # 1 # 930 # 1 # ID=2318_1;partial=11;start_type=Edge;rbs_motif=None;rbs_spacer=None;gc_cont=0.668
contig03065_1        -            198 4452at72274          -            602  1.8e-107  359.1   0.3   1   1  3.6e-110    2e-107  358.9   0.3   141   331     1   198     1   198 0.97 # 3 # 596 # -1 # ID=3065_1;partial=11;start_type=Edge;rbs_motif=None;rbs_spacer=None;gc_cont=0.641
contig01479_2        -            116 4452at72274          -            602   2.4e-64  216.7   0.2   1   1   4.7e-67   2.7e-64  216.5   0.2     1   110     4   116     4   116 0.98 # 1117 # 1464 # 1 # ID=1479_2;partial=01;start_type=ATG;rbs_motif=GGAG/GAGG;rbs_spacer=5-10bp;gc_cont=0.612
contig00472_1        -           1001 4452at72274          -            602   4.4e-19   67.2   0.2   1   3   2.3e-17   1.3e-14   52.4   0.0   110   262   104   252    31   303 0.78 # 2 # 3004 # 1 # ID=472_1;partial=11;start_type=Edge;rbs_motif=None;rbs_spacer=None;gc_cont=0.679
contig00472_1        -           1001 4452at72274          -            602   4.4e-19   67.2   0.2   2   3     0.007       3.9    4.6   0.0     7    79   618   697   612   709 0.79 # 2 # 3004 # 1 # ID=472_1;partial=11;start_type=Edge;rbs_motif=None;rbs_spacer=None;gc_cont=0.679
contig00472_1        -           1001 4452at72274          -            602   4.4e-19   67.2   0.2   3   3    0.0064       3.6    4.7   0.0   436   506   845   914   831   952 0.76 # 2 # 3004 # 1 # ID=472_1;partial=11;start_type=Edge;rbs_motif=None;rbs_spacer=None;gc_cont=0.679
contig01800_1        -            403 4452at72274          -            602   2.9e-06   24.9   0.0   1   2    0.0012      0.69    7.1   0.0    28    76    39    90    21   121 0.78 # 3 # 1211 # -1 # ID=1800_1;partial=11;start_type=Edge;rbs_motif=None;rbs_spacer=None;gc_cont=0.701
contig01800_1        -            403 4452at72274          -            602   2.9e-06   24.9   0.0   2   2   2.9e-06    0.0016   15.8   0.0   455   514   329   397   313   403 0.70 # 3 # 1211 # -1 # ID=1800_1;partial=11;start_type=Edge;rbs_motif=None;rbs_spacer=None;gc_cont=0.701
contig00923_1        -            447 4452at72274          -            602    0.0002   18.8   0.2   1   2       2.1   1.2e+03   -3.6   0.0     9    41    28    58    26   100 0.60 # 128 # 1468 # 1 # ID=923_1;partial=00;start_type=ATG;rbs_motif=None;rbs_spacer=None;gc_cont=0.676
contig00923_1        -            447 4452at72274          -            602    0.0002   18.8   0.2   2   2   6.3e-07   0.00035   18.0   0.2   421   552   246   379   193   406 0.80 # 128 # 1468 # 1 # ID=923_1;partial=00;start_type=ATG;rbs_motif=None;rbs_spacer=None;gc_cont=0.676
contig00744_2        -            640 4452at72274          -            602   0.00021   18.7   0.0   1   2      0.29   1.6e+02   -0.8   0.0    52    74    81   103    76   157 0.85 # 385 # 2304 # 1 # ID=744_2;partial=00;start_type=ATG;rbs_motif=AGGA;rbs_spacer=5-10bp;gc_cont=0.683
contig00744_2        -            640 4452at72274          -            602   0.00021   18.7   0.0   2   2   1.6e-06   0.00091   16.6   0.0   424   548   250   371   237   403 0.80 # 385 # 2304 # 1 # ID=744_2;partial=00;start_type=ATG;rbs_motif=AGGA;rbs_spacer=5-10bp;gc_cont=0.683
contig00369_2        -            557 4452at72274          -            602   0.00039   17.8   0.8   1   2       1.9   1.1e+03   -3.4   0.0     9    66    29    90    26    97 0.57 # 900 # 2570 # 1 # ID=369_2;partial=00;start_type=ATG;rbs_motif=GGAG/GAGG;rbs_spacer=5-10bp;gc_cont=0.700
contig00369_2        -            557 4452at72274          -            602   0.00039   17.8   0.8   2   2     1e-06   0.00059   17.2   0.5   426   542   248   361   167   389 0.79 # 900 # 2570 # 1 # ID=369_2;partial=00;start_type=ATG;rbs_motif=GGAG/GAGG;rbs_spacer=5-10bp;gc_cont=0.700
contig00695_1        -            821 4452at72274          -            602    0.0049   14.2   0.0   1   1   1.5e-05    0.0086   13.4   0.0   424   522   285   381   264   390 0.84 # 1 # 2463 # 1 # ID=695_1;partial=11;start_type=Edge;rbs_motif=None;rbs_spacer=None;gc_cont=0.706
contig02942_1        -            214 4452at72274          -            602     0.012   12.9   0.0   1   1   2.7e-05     0.015   12.6   0.0   430   520    22   108     4   139 0.74 # 1 # 642 # 1 # ID=2942_1;partial=11;start_type=Edge;rbs_motif=None;rbs_spacer=None;gc_cont=0.709
contig00005_11       -            750 4452at72274          -            602     0.014   12.7   0.1   1   1     4e-05     0.023   12.0   0.1   432   499   598   667   571   679 0.81 # 5894 # 8143 # 1 # ID=5_11;partial=00;start_type=ATG;rbs_motif=AGGAG;rbs_spacer=5-10bp;gc_cont=0.634
contig01790_1        -            328 4452at72274          -            602     0.016   12.5   0.0   1   2       2.5   1.4e+03   -3.8   0.0   425   477    76   129    72   131 0.50 # 3 # 986 # -1 # ID=1790_1;partial=10;start_type=ATG;rbs_motif=GGA/GAG/AGG;rbs_spacer=5-10bp;gc_cont=0.678
contig01790_1        -            328 4452at72274          -            602     0.016   12.5   0.0   2   2   5.7e-05     0.032   11.5   0.0   425   498   246   320   231   323 0.92 # 3 # 986 # -1 # ID=1790_1;partial=10;start_type=ATG;rbs_motif=GGA/GAG/AGG;rbs_spacer=5-10bp;gc_cont=0.678
contig00010_2        -            420 4452at72274          -            602     0.027   11.7   0.0   1   1   7.2e-05      0.04   11.2   0.0   428   496   264   334   213   348 0.76 # 2171 # 3430 # 1 # ID=10_2;partial=00;start_type=TTG;rbs_motif=None;rbs_spacer=None;gc_cont=0.640
contig00933_1        -            335 4452at72274          -            602     0.069   10.4   0.0   1   1   0.00017     0.094   10.0   0.0   111   148   276   312   262   324 0.85 # 70 # 1074 # 1 # ID=933_1;partial=00;start_type=ATG;rbs_motif=GGAG/GAGG;rbs_spacer=5-10bp;gc_cont=0.708
#
# Program:         hmmsearch
# Version:         3.1b2 (February 2015)
# Pipeline mode:   SEARCH
# Query file:      /home/johngn/Microbial-Genomics-Journey-Workshop-2023/Reads_session_3/busco_downloads/lineages/pseudomonadales_odb10/hmms/4452at72274.hmm
# Target file:     /home/johngn/Microbial-Genomics-Journey-Workshop-2023/Reads_session_3/busco_op4/prodigal_output/predicted_genes/predicted.faa
# Option settings: hmmsearch --domtblout /home/johngn/Microbial-Genomics-Journey-Workshop-2023/Reads_session_3/busco_op4/run_pseudomonadales_odb10/hmmer_output/4452at72274.out --cpu 1 /home/johngn/Microbial-Genomics-Journey-Workshop-2023/Reads_session_3/busco_downloads/lineages/pseudomonadales_odb10/hmms/4452at72274.hmm /home/johngn/Microbial-Genomics-Journey-Workshop-2023/Reads_session_3/busco_op4/prodigal_output/predicted_genes/predicted.faa 
# Current dir:     /home/johngn/Microbial-Genomics-Journey-Workshop-2023/Reads_session_3
# Date:            Wed Mar  8 17:01:31 2023
# [ok]
