#                                                                            --- full sequence --- -------------- this domain -------------   hmm coord   ali coord   env coord
# target name        accession   tlen query name           accession   qlen   E-value  score  bias   #  of  c-Evalue  i-Evalue  score  bias  from    to  from    to  from    to  acc description of target
#------------------- ---------- ----- -------------------- ---------- ----- --------- ------ ----- --- --- --------- --------- ------ ----- ----- ----- ----- ----- ----- ----- ---- ---------------------
contig01982_2        -            229 44589at72274         -            183   5.1e-73  243.6  12.5   1   1   1.9e-75   6.8e-73  243.2  12.5     1   183    10   216    10   216 0.92 # 373 # 1059 # 1 # ID=1982_2;partial=00;start_type=ATG;rbs_motif=GGA/GAG/AGG;rbs_spacer=5-10bp;gc_cont=0.680
contig00233_5        -            273 44589at72274         -            183   5.9e-29  100.0  13.7   1   2       8.7   3.1e+03   -3.4   0.1    81    88    20    27    12    51 0.51 # 3152 # 3970 # -1 # ID=233_5;partial=00;start_type=ATG;rbs_motif=AGGA;rbs_spacer=5-10bp;gc_cont=0.661
contig00233_5        -            273 44589at72274         -            183   5.9e-29  100.0  13.7   2   2   1.7e-31   5.9e-29  100.0  13.7     1   182    56   260    56   261 0.86 # 3152 # 3970 # -1 # ID=233_5;partial=00;start_type=ATG;rbs_motif=AGGA;rbs_spacer=5-10bp;gc_cont=0.661
contig00233_4        -            290 44589at72274         -            183     2e-27   95.0  12.2   1   1     1e-29   3.5e-27   94.2  12.2     2   179    67   267    66   271 0.80 # 2272 # 3141 # -1 # ID=233_4;partial=00;start_type=ATG;rbs_motif=AGGAG;rbs_spacer=5-10bp;gc_cont=0.652
contig00845_2        -            263 44589at72274         -            183   1.1e-20   73.0  15.2   1   2       1.8   6.5e+02   -1.2   0.1   160   182    10    32     6    33 0.86 # 191 # 979 # 1 # ID=845_2;partial=00;start_type=ATG;rbs_motif=GGAGG;rbs_spacer=5-10bp;gc_cont=0.644
contig00845_2        -            263 44589at72274         -            183   1.1e-20   73.0  15.2   2   2   3.2e-23   1.1e-20   73.0  15.2     2   177    64   247    63   254 0.81 # 191 # 979 # 1 # ID=845_2;partial=00;start_type=ATG;rbs_motif=GGAGG;rbs_spacer=5-10bp;gc_cont=0.644
contig01341_2        -            294 44589at72274         -            183   4.7e-19   67.8  11.0   1   1   4.7e-21   1.7e-18   66.0  11.0     5   179    86   281    82   288 0.70 # 703 # 1584 # 1 # ID=1341_2;partial=01;start_type=ATG;rbs_motif=None;rbs_spacer=None;gc_cont=0.616
contig01663_2        -            257 44589at72274         -            183   4.5e-16   58.0  21.2   1   1   1.3e-18   4.5e-16   58.0  21.2     2   174    58   238    57   246 0.73 # 347 # 1117 # 1 # ID=1663_2;partial=00;start_type=ATG;rbs_motif=GGAGG;rbs_spacer=5-10bp;gc_cont=0.654
contig00523_2        -            288 44589at72274         -            183   4.4e-14   51.5  10.5   1   2       2.7   9.4e+02   -1.7   0.4    70    91     4    25     2    33 0.77 # 2011 # 2874 # -1 # ID=523_2;partial=01;start_type=Edge;rbs_motif=None;rbs_spacer=None;gc_cont=0.649
contig00523_2        -            288 44589at72274         -            183   4.4e-14   51.5  10.5   2   2   1.3e-16   4.4e-14   51.5  10.5     4   165    58   229    55   252 0.71 # 2011 # 2874 # -1 # ID=523_2;partial=01;start_type=Edge;rbs_motif=None;rbs_spacer=None;gc_cont=0.649
contig03125_1        -            151 44589at72274         -            183   2.9e-11   42.3   4.0   1   2   1.2e-13   4.1e-11   41.9   3.4    72   146    20   101    12   136 0.82 # 128 # 580 # -1 # ID=3125_1;partial=01;start_type=Edge;rbs_motif=None;rbs_spacer=None;gc_cont=0.660
contig03125_1        -            151 44589at72274         -            183   2.9e-11   42.3   4.0   2   2       2.4   8.4e+02   -1.5   0.0    11    35   124   148   112   149 0.76 # 128 # 580 # -1 # ID=3125_1;partial=01;start_type=Edge;rbs_motif=None;rbs_spacer=None;gc_cont=0.660
contig00130_5        -            266 44589at72274         -            183   5.3e-11   41.5  14.8   1   2       3.4   1.2e+03   -2.0   0.3    14    23    21    30     9    51 0.50 # 3757 # 4554 # -1 # ID=130_5;partial=00;start_type=ATG;rbs_motif=AGGAG;rbs_spacer=5-10bp;gc_cont=0.650
contig00130_5        -            266 44589at72274         -            183   5.3e-11   41.5  14.8   2   2   1.5e-13   5.3e-11   41.5  14.8    13   162    80   234    64   255 0.70 # 3757 # 4554 # -1 # ID=130_5;partial=00;start_type=ATG;rbs_motif=AGGAG;rbs_spacer=5-10bp;gc_cont=0.650
contig02481_1        -            162 44589at72274         -            183   1.4e-10   40.1   4.3   1   1   5.1e-13   1.8e-10   39.8   4.3    60   162    15   123     7   147 0.76 # 1 # 486 # 1 # ID=2481_1;partial=10;start_type=Edge;rbs_motif=None;rbs_spacer=None;gc_cont=0.638
contig00130_6        -            232 44589at72274         -            183   1.9e-08   33.1   4.9   1   1   4.2e-10   1.5e-07   30.3   4.6     3   162    12   189    10   216 0.71 # 4541 # 5236 # -1 # ID=130_6;partial=01;start_type=Edge;rbs_motif=None;rbs_spacer=None;gc_cont=0.658
contig01663_1        -            118 44589at72274         -            183   5.3e-08   31.7   0.8   1   2     2e-10   6.8e-08   31.4   0.1    97   146    14    63     9    75 0.94 # 1 # 354 # 1 # ID=1663_1;partial=10;start_type=Edge;rbs_motif=None;rbs_spacer=None;gc_cont=0.703
contig01663_1        -            118 44589at72274         -            183   5.3e-08   31.7   0.8   2   2         4   1.4e+03   -2.3   0.1    14    27    94   107    85   112 0.47 # 1 # 354 # 1 # ID=1663_1;partial=10;start_type=Edge;rbs_motif=None;rbs_spacer=None;gc_cont=0.703
contig02067_2        -            266 44589at72274         -            183   5.6e-08   31.6  12.7   1   1   7.8e-10   2.8e-07   29.4  12.7    19   180    72   251    53   253 0.69 # 262 # 1059 # 1 # ID=2067_2;partial=01;start_type=GTG;rbs_motif=GGAG/GAGG;rbs_spacer=5-10bp;gc_cont=0.690
contig00313_2        -            762 44589at72274         -            183   1.1e-06   27.4   0.4   1   2      0.47   1.6e+02    0.8   4.9     9    59   472   521   458   552 0.63 # 630 # 2915 # 1 # ID=313_2;partial=00;start_type=ATG;rbs_motif=GGA/GAG/AGG;rbs_spacer=5-10bp;gc_cont=0.659
contig00313_2        -            762 44589at72274         -            183   1.1e-06   27.4   0.4   2   2   3.1e-09   1.1e-06   27.4   0.4   102   168   648   710   639   717 0.89 # 630 # 2915 # 1 # ID=313_2;partial=00;start_type=ATG;rbs_motif=GGA/GAG/AGG;rbs_spacer=5-10bp;gc_cont=0.659
contig00349_1        -            310 44589at72274         -            183   5.1e-06   25.3   2.8   1   2       1.2   4.4e+02   -0.6   0.3     7    29    64    86    58   122 0.66 # 1 # 930 # 1 # ID=349_1;partial=10;start_type=Edge;rbs_motif=None;rbs_spacer=None;gc_cont=0.657
contig00349_1        -            310 44589at72274         -            183   5.1e-06   25.3   2.8   2   2   1.5e-08   5.1e-06   25.3   2.8    81   147   158   229   144   238 0.76 # 1 # 930 # 1 # ID=349_1;partial=10;start_type=Edge;rbs_motif=None;rbs_spacer=None;gc_cont=0.657
contig00834_1        -            284 44589at72274         -            183   1.2e-05   24.0  14.7   1   2       3.1   1.1e+03   -1.9   0.8    17    42    54    79    45    85 0.76 # 38 # 889 # -1 # ID=834_1;partial=00;start_type=ATG;rbs_motif=GGA/GAG/AGG;rbs_spacer=5-10bp;gc_cont=0.665
contig00834_1        -            284 44589at72274         -            183   1.2e-05   24.0  14.7   2   2   3.5e-08   1.2e-05   24.0  14.7     1   162    89   250    89   270 0.77 # 38 # 889 # -1 # ID=834_1;partial=00;start_type=ATG;rbs_motif=GGA/GAG/AGG;rbs_spacer=5-10bp;gc_cont=0.665
contig03098_1        -            194 44589at72274         -            183   0.00046   18.9   5.5   1   2       8.7   3.1e+03   -3.4   0.3    85    91    28    34    17    44 0.46 # 3 # 584 # -1 # ID=3098_1;partial=11;start_type=Edge;rbs_motif=None;rbs_spacer=None;gc_cont=0.655
contig03098_1        -            194 44589at72274         -            183   0.00046   18.9   5.5   2   2   1.3e-06   0.00046   18.9   5.5     4    96    84   193    81   194 0.82 # 3 # 584 # -1 # ID=3098_1;partial=11;start_type=Edge;rbs_motif=None;rbs_spacer=None;gc_cont=0.655
contig00404_2        -            282 44589at72274         -            183   0.00085   18.0  14.0   1   1   4.1e-06    0.0014   17.3  14.0     4   177    74   256    71   264 0.70 # 761 # 1606 # 1 # ID=404_2;partial=00;start_type=ATG;rbs_motif=GGAG/GAGG;rbs_spacer=5-10bp;gc_cont=0.641
contig01739_2        -            159 44589at72274         -            183    0.0014   17.3   4.4   1   1   7.6e-06    0.0027   16.4   4.4     3    64    75   142    73   147 0.79 # 794 # 1270 # 1 # ID=1739_2;partial=01;start_type=ATG;rbs_motif=GGA/GAG/AGG;rbs_spacer=5-10bp;gc_cont=0.652
contig02433_1        -            164 44589at72274         -            183    0.0018   16.9   1.7   1   1   7.6e-06    0.0027   16.4   1.7    96   182    63   151    56   152 0.91 # 3 # 494 # 1 # ID=2433_1;partial=10;start_type=Edge;rbs_motif=None;rbs_spacer=None;gc_cont=0.673
contig00597_1        -            179 44589at72274         -            183    0.0023   16.6   0.6   1   1   9.5e-06    0.0033   16.1   0.6    71   136    41   112    19   159 0.81 # 3 # 539 # 1 # ID=597_1;partial=10;start_type=Edge;rbs_motif=None;rbs_spacer=None;gc_cont=0.650
contig02405_2        -            142 44589at72274         -            183    0.0085   14.8   1.8   1   1   3.7e-05     0.013   14.1   1.8     6    71    68   139    63   142 0.80 # 456 # 881 # 1 # ID=2405_2;partial=01;start_type=TTG;rbs_motif=None;rbs_spacer=None;gc_cont=0.700
contig00568_3        -            280 44589at72274         -            183     0.014   14.1  10.5   1   1   7.1e-05     0.025   13.2  10.5     7   146    95   234    89   264 0.86 # 1530 # 2369 # 1 # ID=568_3;partial=00;start_type=ATG;rbs_motif=GGA/GAG/AGG;rbs_spacer=5-10bp;gc_cont=0.649
contig00191_4        -            235 44589at72274         -            183     0.024   13.3  14.1   1   1   0.00012     0.041   12.5  14.1     4   161    27   200    24   219 0.66 # 2271 # 2975 # 1 # ID=191_4;partial=00;start_type=ATG;rbs_motif=GGAG/GAGG;rbs_spacer=5-10bp;gc_cont=0.658
#
# Program:         hmmsearch
# Version:         3.1b2 (February 2015)
# Pipeline mode:   SEARCH
# Query file:      /home/johngn/Microbial-Genomics-Journey-Workshop-2023/Reads_session_3/busco_downloads/lineages/pseudomonadales_odb10/hmms/44589at72274.hmm
# Target file:     /home/johngn/Microbial-Genomics-Journey-Workshop-2023/Reads_session_3/busco_op4/prodigal_output/predicted_genes/predicted.faa
# Option settings: hmmsearch --domtblout /home/johngn/Microbial-Genomics-Journey-Workshop-2023/Reads_session_3/busco_op4/run_pseudomonadales_odb10/hmmer_output/44589at72274.out --cpu 1 /home/johngn/Microbial-Genomics-Journey-Workshop-2023/Reads_session_3/busco_downloads/lineages/pseudomonadales_odb10/hmms/44589at72274.hmm /home/johngn/Microbial-Genomics-Journey-Workshop-2023/Reads_session_3/busco_op4/prodigal_output/predicted_genes/predicted.faa 
# Current dir:     /home/johngn/Microbial-Genomics-Journey-Workshop-2023/Reads_session_3
# Date:            Wed Mar  8 17:01:31 2023
# [ok]
