#                                                                            --- full sequence --- -------------- this domain -------------   hmm coord   ali coord   env coord
# target name        accession   tlen query name           accession   qlen   E-value  score  bias   #  of  c-Evalue  i-Evalue  score  bias  from    to  from    to  from    to  acc description of target
#------------------- ---------- ----- -------------------- ---------- ----- --------- ------ ----- --- --- --------- --------- ------ ----- ----- ----- ----- ----- ----- ----- ---- ---------------------
contig00928_2        -            210 45682at72274         -            158   1.7e-56  189.0   0.0   1   1   8.1e-58   4.9e-55  184.3   0.0     2   158     9   203     8   203 0.85 # 756 # 1385 # -1 # ID=928_2;partial=00;start_type=TTG;rbs_motif=GGAG/GAGG;rbs_spacer=5-10bp;gc_cont=0.676
contig00211_1        -            259 45682at72274         -            158   4.1e-06   25.3   0.0   1   1   1.2e-08   7.5e-06   24.5   0.0    43   129    53   142    43   154 0.83 # 38 # 814 # -1 # ID=211_1;partial=00;start_type=ATG;rbs_motif=GGxGG;rbs_spacer=3-4bp;gc_cont=0.690
contig00559_2        -            280 45682at72274         -            158    0.0002   19.9   0.0   1   1   5.8e-07   0.00035   19.0   0.0    40   101    49   113    41   131 0.80 # 1149 # 1988 # -1 # ID=559_2;partial=00;start_type=ATG;rbs_motif=AGGAG;rbs_spacer=5-10bp;gc_cont=0.679
contig01151_2        -            317 45682at72274         -            158   0.00027   19.4   0.0   1   1   8.2e-07    0.0005   18.6   0.0    37   103    46   120    32   135 0.76 # 449 # 1399 # -1 # ID=1151_2;partial=00;start_type=ATG;rbs_motif=AGGA;rbs_spacer=5-10bp;gc_cont=0.685
contig00877_3        -            186 45682at72274         -            158   0.00037   19.0   0.0   1   1   1.1e-06   0.00065   18.2   0.0    44   103    94   154    89   162 0.81 # 1598 # 2155 # 1 # ID=877_3;partial=01;start_type=ATG;rbs_motif=AGGA;rbs_spacer=5-10bp;gc_cont=0.706
contig00572_1        -            567 45682at72274         -            158   0.00072   18.0   0.0   1   1   2.1e-06    0.0013   17.2   0.0    70   111   337   379   320   389 0.80 # 1 # 1701 # 1 # ID=572_1;partial=10;start_type=Edge;rbs_motif=None;rbs_spacer=None;gc_cont=0.710
contig00235_4        -            295 45682at72274         -            158    0.0008   17.9   0.0   1   1     2e-06    0.0012   17.3   0.0    37   101    58   126    38   137 0.76 # 2525 # 3409 # 1 # ID=235_4;partial=00;start_type=ATG;rbs_motif=GGA/GAG/AGG;rbs_spacer=5-10bp;gc_cont=0.711
contig00281_2        -            428 45682at72274         -            158    0.0038   15.7   0.0   1   2   1.5e-05    0.0093   14.4   0.0    64   108   276   320   271   337 0.89 # 868 # 2151 # 1 # ID=281_2;partial=00;start_type=ATG;rbs_motif=None;rbs_spacer=None;gc_cont=0.671
contig00281_2        -            428 45682at72274         -            158    0.0038   15.7   0.0   2   2       4.3   2.6e+03   -3.3   0.0   128   156   385   413   368   415 0.71 # 868 # 2151 # 1 # ID=281_2;partial=00;start_type=ATG;rbs_motif=None;rbs_spacer=None;gc_cont=0.671
contig00707_1        -            316 45682at72274         -            158    0.0064   15.0   0.0   1   1   2.1e-05     0.012   14.0   0.0    31   116    66   156    59   168 0.79 # 2 # 949 # 1 # ID=707_1;partial=10;start_type=Edge;rbs_motif=None;rbs_spacer=None;gc_cont=0.716
contig00051_9        -            242 45682at72274         -            158    0.0072   14.8   0.0   1   1   1.8e-05     0.011   14.2   0.0    42   115     3    84     1    89 0.75 # 6999 # 7724 # -1 # ID=51_9;partial=01;start_type=Edge;rbs_motif=None;rbs_spacer=None;gc_cont=0.669
contig02208_1        -            326 45682at72274         -            158     0.016   13.6   0.0   1   1   6.5e-05     0.039   12.4   0.0    68   110   100   143    94   152 0.86 # 3 # 980 # -1 # ID=2208_1;partial=11;start_type=Edge;rbs_motif=None;rbs_spacer=None;gc_cont=0.644
contig01256_2        -            205 45682at72274         -            158     0.025   13.0   0.0   1   1   5.8e-05     0.035   12.5   0.0    73   111    41    79    12    94 0.68 # 359 # 973 # 1 # ID=1256_2;partial=00;start_type=ATG;rbs_motif=GGAG/GAGG;rbs_spacer=5-10bp;gc_cont=0.689
contig01285_1        -            131 45682at72274         -            158     0.025   13.0   0.0   1   1     5e-05      0.03   12.7   0.0    27    85    70   130    58   131 0.80 # 2 # 394 # -1 # ID=1285_1;partial=10;start_type=ATG;rbs_motif=None;rbs_spacer=None;gc_cont=0.728
contig00049_2        -            212 45682at72274         -            158     0.057   11.9   0.0   1   1   0.00014     0.081   11.4   0.0    84   109    50    75    22    92 0.74 # 894 # 1529 # -1 # ID=49_2;partial=00;start_type=ATG;rbs_motif=GGA/GAG/AGG;rbs_spacer=11-12bp;gc_cont=0.719
#
# Program:         hmmsearch
# Version:         3.1b2 (February 2015)
# Pipeline mode:   SEARCH
# Query file:      /home/johngn/Microbial-Genomics-Journey-Workshop-2023/Reads_session_3/busco_downloads/lineages/pseudomonadales_odb10/hmms/45682at72274.hmm
# Target file:     /home/johngn/Microbial-Genomics-Journey-Workshop-2023/Reads_session_3/busco_op4/prodigal_output/predicted_genes/predicted.faa
# Option settings: hmmsearch --domtblout /home/johngn/Microbial-Genomics-Journey-Workshop-2023/Reads_session_3/busco_op4/run_pseudomonadales_odb10/hmmer_output/45682at72274.out --cpu 1 /home/johngn/Microbial-Genomics-Journey-Workshop-2023/Reads_session_3/busco_downloads/lineages/pseudomonadales_odb10/hmms/45682at72274.hmm /home/johngn/Microbial-Genomics-Journey-Workshop-2023/Reads_session_3/busco_op4/prodigal_output/predicted_genes/predicted.faa 
# Current dir:     /home/johngn/Microbial-Genomics-Journey-Workshop-2023/Reads_session_3
# Date:            Wed Mar  8 17:01:32 2023
# [ok]
