#                                                                            --- full sequence --- -------------- this domain -------------   hmm coord   ali coord   env coord
# target name        accession   tlen query name           accession   qlen   E-value  score  bias   #  of  c-Evalue  i-Evalue  score  bias  from    to  from    to  from    to  acc description of target
#------------------- ---------- ----- -------------------- ---------- ----- --------- ------ ----- --- --- --------- --------- ------ ----- ----- ----- ----- ----- ----- ----- ---- ---------------------
contig00362_3        -            215 45745at72274         -            188   4.3e-94  312.4   1.2   1   1   8.3e-96   8.4e-94  311.4   1.2     1   188     1   210     1   210 0.94 # 2448 # 3092 # -1 # ID=362_3;partial=00;start_type=GTG;rbs_motif=GGAG/GAGG;rbs_spacer=5-10bp;gc_cont=0.633
contig02979_1        -            210 45745at72274         -            188     8e-37  125.6   0.1   1   1     1e-38     1e-36  125.2   0.1     1   185     4   209     4   210 0.85 # 3 # 632 # 1 # ID=2979_1;partial=11;start_type=Edge;rbs_motif=None;rbs_spacer=None;gc_cont=0.640
contig01163_2        -            206 45745at72274         -            188     2e-35  121.0   0.1   1   1     1e-36     1e-34  118.7   0.1     1   184     1   204     1   206 0.83 # 1145 # 1762 # 1 # ID=1163_2;partial=01;start_type=ATG;rbs_motif=GGA/GAG/AGG;rbs_spacer=11-12bp;gc_cont=0.605
contig00080_1        -            208 45745at72274         -            188   5.2e-35  119.7   0.6   1   1   8.4e-37   8.5e-35  119.0   0.6     1   188     1   207     1   207 0.85 # 128 # 751 # -1 # ID=80_1;partial=00;start_type=ATG;rbs_motif=AGGA;rbs_spacer=5-10bp;gc_cont=0.588
contig00361_3        -            226 45745at72274         -            188   1.6e-29  101.8   0.0   1   1   2.2e-31   2.2e-29  101.3   0.0     3   187     2   207     1   208 0.86 # 2711 # 3388 # -1 # ID=361_3;partial=00;start_type=ATG;rbs_motif=AGGAG;rbs_spacer=5-10bp;gc_cont=0.693
contig01956_2        -            112 45745at72274         -            188   2.6e-22   78.3   0.5   1   1   2.9e-24   2.9e-22   78.1   0.5     2    96    12   112    11   112 0.89 # 779 # 1114 # 1 # ID=1956_2;partial=01;start_type=ATG;rbs_motif=AGGAG;rbs_spacer=5-10bp;gc_cont=0.685
contig02949_1        -            136 45745at72274         -            188     1e-19   69.8   0.0   1   1   1.2e-21   1.2e-19   69.6   0.0     3   115     2   119     1   132 0.85 # 3 # 410 # -1 # ID=2949_1;partial=10;start_type=ATG;rbs_motif=AGGA/GGAG/GAGG;rbs_spacer=11-12bp;gc_cont=0.654
contig02528_2        -             99 45745at72274         -            188   1.6e-19   69.2   0.1   1   1   1.7e-21   1.7e-19   69.1   0.1     1    94     1    99     1    99 0.91 # 530 # 826 # 1 # ID=2528_2;partial=01;start_type=ATG;rbs_motif=GGA/GAG/AGG;rbs_spacer=5-10bp;gc_cont=0.646
contig00057_4        -            214 45745at72274         -            188   1.5e-18   66.0   0.1   1   1   2.8e-20   2.9e-18   65.1   0.1     3   178     4   203     2   212 0.81 # 4155 # 4796 # 1 # ID=57_4;partial=00;start_type=ATG;rbs_motif=None;rbs_spacer=None;gc_cont=0.650
contig00186_5        -            122 45745at72274         -            188   1.5e-18   66.0   0.3   1   1   1.7e-20   1.8e-18   65.8   0.3     1   112     1   118     1   120 0.86 # 4093 # 4458 # -1 # ID=186_5;partial=00;start_type=ATG;rbs_motif=None;rbs_spacer=None;gc_cont=0.615
contig00191_1        -            168 45745at72274         -            188   3.7e-18   64.7   0.0   1   1   4.5e-20   4.6e-18   64.4   0.0    47   188     6   158     3   158 0.84 # 2 # 505 # 1 # ID=191_1;partial=10;start_type=Edge;rbs_motif=None;rbs_spacer=None;gc_cont=0.696
contig00373_3        -            222 45745at72274         -            188   7.9e-18   63.7   0.8   1   1   1.1e-18   1.1e-16   59.9   0.8     1   119     1   129     1   211 0.79 # 763 # 1428 # 1 # ID=373_3;partial=00;start_type=ATG;rbs_motif=GGAG/GAGG;rbs_spacer=5-10bp;gc_cont=0.641
contig00240_1        -            177 45745at72274         -            188   4.8e-16   57.8   0.2   1   1   5.8e-18   5.9e-16   57.6   0.2     3   145     7   154     5   168 0.82 # 3 # 533 # -1 # ID=240_1;partial=10;start_type=ATG;rbs_motif=GGA/GAG/AGG;rbs_spacer=5-10bp;gc_cont=0.627
contig00342_3        -            218 45745at72274         -            188   1.2e-15   56.5   0.0   1   1   2.7e-17   2.8e-15   55.4   0.0     3   181     5   206     3   213 0.84 # 1698 # 2351 # -1 # ID=342_3;partial=00;start_type=ATG;rbs_motif=AGGA;rbs_spacer=5-10bp;gc_cont=0.667
contig01781_1        -            244 45745at72274         -            188   4.4e-15   54.7   0.0   1   1   6.3e-17   6.4e-15   54.2   0.0     2    98     3   106     2   124 0.82 # 1 # 732 # -1 # ID=1781_1;partial=10;start_type=ATG;rbs_motif=AGGAG;rbs_spacer=5-10bp;gc_cont=0.669
contig00996_1        -            482 45745at72274         -            188   2.2e-12   45.9   0.0   1   1   3.7e-14   3.8e-12   45.1   0.0     3   111   222   339   221   364 0.82 # 3 # 1448 # 1 # ID=996_1;partial=10;start_type=Edge;rbs_motif=None;rbs_spacer=None;gc_cont=0.686
contig00358_4        -            125 45745at72274         -            188   7.8e-12   44.1   0.1   1   1   8.7e-14   8.8e-12   43.9   0.1     3   112     2   118     1   123 0.83 # 2226 # 2600 # 1 # ID=358_4;partial=00;start_type=ATG;rbs_motif=GGA/GAG/AGG;rbs_spacer=5-10bp;gc_cont=0.603
contig00175_4        -            336 45745at72274         -            188   9.9e-12   43.8   0.3   1   1   1.8e-13   1.8e-11   42.9   0.3     3    90     2    93     1   102 0.80 # 3440 # 4447 # -1 # ID=175_4;partial=00;start_type=TTG;rbs_motif=GGAG/GAGG;rbs_spacer=5-10bp;gc_cont=0.664
contig00474_1        -            186 45745at72274         -            188   1.5e-11   43.2   0.0   1   1   1.9e-13   1.9e-11   42.8   0.0     3   113     4   121     2   184 0.68 # 3 # 560 # -1 # ID=474_1;partial=10;start_type=ATG;rbs_motif=GGAG/GAGG;rbs_spacer=5-10bp;gc_cont=0.685
contig00175_3        -            348 45745at72274         -            188     3e-11   42.2   0.1   1   1   4.3e-13   4.4e-11   41.7   0.1     2   131    19   153    18   174 0.81 # 2289 # 3332 # -1 # ID=175_3;partial=00;start_type=ATG;rbs_motif=GGAG/GAGG;rbs_spacer=5-10bp;gc_cont=0.674
contig02760_1        -             92 45745at72274         -            188   7.5e-11   40.9   0.1   1   1   8.3e-13   8.4e-11   40.7   0.1   124   188    24    91    11    91 0.86 # 3 # 278 # 1 # ID=2760_1;partial=10;start_type=Edge;rbs_motif=None;rbs_spacer=None;gc_cont=0.616
contig00224_2        -            350 45745at72274         -            188   3.2e-10   38.9   0.1   1   1   5.2e-12   5.3e-10   38.1   0.1     2    99     3   107     2   132 0.79 # 1516 # 2565 # -1 # ID=224_2;partial=00;start_type=ATG;rbs_motif=GGAG/GAGG;rbs_spacer=5-10bp;gc_cont=0.717
contig00086_4        -            187 45745at72274         -            188   3.5e-10   38.7   0.0   1   1   4.7e-12   4.8e-10   38.3   0.0     4   109    15   124    13   130 0.83 # 2921 # 3481 # 1 # ID=86_4;partial=00;start_type=ATG;rbs_motif=GGAG/GAGG;rbs_spacer=5-10bp;gc_cont=0.674
contig02308_2        -            222 45745at72274         -            188   4.1e-10   38.5   0.0   1   1   6.7e-12   6.8e-10   37.8   0.0     4   116     7   123     5   141 0.84 # 267 # 932 # 1 # ID=2308_2;partial=01;start_type=ATG;rbs_motif=AGGAG;rbs_spacer=5-10bp;gc_cont=0.671
contig00961_1        -            125 45745at72274         -            188   1.1e-09   37.1   0.0   1   1   1.3e-11   1.3e-09   36.8   0.0     4    98    13   113    10   121 0.72 # 2 # 376 # -1 # ID=961_1;partial=10;start_type=ATG;rbs_motif=None;rbs_spacer=None;gc_cont=0.664
contig01082_2        -            226 45745at72274         -            188   2.9e-09   35.8   0.0   1   1   5.8e-11   5.9e-09   34.7   0.0     3   106     2   109     1   128 0.87 # 170 # 847 # 1 # ID=1082_2;partial=00;start_type=ATG;rbs_motif=GGAGG;rbs_spacer=5-10bp;gc_cont=0.664
contig01772_1        -            173 45745at72274         -            188   3.2e-09   35.6   0.0   1   1   4.4e-11   4.5e-09   35.1   0.0     3   113    10   129     9   139 0.85 # 3 # 521 # -1 # ID=1772_1;partial=10;start_type=ATG;rbs_motif=GGA/GAG/AGG;rbs_spacer=5-10bp;gc_cont=0.696
contig00940_2        -            643 45745at72274         -            188   3.7e-09   35.4   0.0   1   1   7.7e-11   7.8e-09   34.3   0.0     4   108   517   627   515   635 0.85 # 132 # 2060 # 1 # ID=940_2;partial=01;start_type=ATG;rbs_motif=AGGAG;rbs_spacer=5-10bp;gc_cont=0.658
contig00048_2        -            442 45745at72274         -            188     5e-09   35.0   0.0   1   1   9.8e-11     1e-08   34.0   0.0     3   115     6   123     4   148 0.78 # 1274 # 2599 # -1 # ID=48_2;partial=00;start_type=ATG;rbs_motif=GGA/GAG/AGG;rbs_spacer=5-10bp;gc_cont=0.683
contig00067_7        -            213 45745at72274         -            188   5.2e-09   34.9   0.0   1   1   6.5e-11   6.6e-09   34.6   0.0    25   183    34   204     9   208 0.78 # 6035 # 6673 # -1 # ID=67_7;partial=00;start_type=ATG;rbs_motif=GGA/GAG/AGG;rbs_spacer=5-10bp;gc_cont=0.665
contig01632_2        -            226 45745at72274         -            188   5.6e-09   34.8   0.0   1   1   6.6e-11   6.7e-09   34.5   0.0     5   115     6   119     1   154 0.85 # 329 # 1006 # 1 # ID=1632_2;partial=00;start_type=ATG;rbs_motif=GGA/GAG/AGG;rbs_spacer=5-10bp;gc_cont=0.698
contig01961_2        -            202 45745at72274         -            188   5.9e-09   34.7   0.0   1   1   7.4e-11   7.5e-09   34.4   0.0     3   114     6   125     3   141 0.76 # 504 # 1109 # 1 # ID=1961_2;partial=01;start_type=ATG;rbs_motif=GGAGG;rbs_spacer=5-10bp;gc_cont=0.683
contig00093_5        -            787 45745at72274         -            188   5.9e-09   34.7   0.0   1   1   1.4e-10   1.4e-08   33.5   0.0     3   105   664   772   662   778 0.80 # 2317 # 4677 # 1 # ID=93_5;partial=00;start_type=ATG;rbs_motif=GGA/GAG/AGG;rbs_spacer=5-10bp;gc_cont=0.671
contig01991_1        -            355 45745at72274         -            188     7e-09   34.5   0.0   1   1   1.1e-10   1.1e-08   33.9   0.0     4    69    13    79    11   129 0.78 # 1 # 1065 # -1 # ID=1991_1;partial=10;start_type=ATG;rbs_motif=GGAGG;rbs_spacer=3-4bp;gc_cont=0.694
contig00187_3        -            248 45745at72274         -            188     9e-09   34.1   0.0   1   1   1.6e-10   1.6e-08   33.3   0.0     3   115    12   128    11   132 0.84 # 3012 # 3755 # 1 # ID=187_3;partial=00;start_type=ATG;rbs_motif=GGAG/GAGG;rbs_spacer=5-10bp;gc_cont=0.679
contig00349_4        -            260 45745at72274         -            188     1e-08   34.0   0.0   1   1   1.5e-10   1.5e-08   33.4   0.0     3   114     5   124     3   137 0.77 # 2722 # 3501 # 1 # ID=349_4;partial=01;start_type=ATG;rbs_motif=AGGAG;rbs_spacer=5-10bp;gc_cont=0.662
contig01432_2        -            236 45745at72274         -            188   1.2e-08   33.7   0.0   1   1   1.6e-10   1.6e-08   33.3   0.0     3   106     8   114     6   131 0.79 # 774 # 1481 # 1 # ID=1432_2;partial=00;start_type=ATG;rbs_motif=None;rbs_spacer=None;gc_cont=0.636
contig01172_2        -            230 45745at72274         -            188   1.6e-08   33.3   0.0   1   1   2.5e-10   2.5e-08   32.7   0.0     2   113     3   119     2   131 0.85 # 1060 # 1749 # -1 # ID=1172_2;partial=01;start_type=Edge;rbs_motif=None;rbs_spacer=None;gc_cont=0.648
contig00056_8        -            127 45745at72274         -            188   2.6e-08   32.6   0.0   1   1   2.8e-10   2.9e-08   32.5   0.0     3    86    16   101    14   127 0.77 # 7193 # 7573 # 1 # ID=56_8;partial=01;start_type=ATG;rbs_motif=GGA/GAG/AGG;rbs_spacer=5-10bp;gc_cont=0.643
contig03090_1        -             98 45745at72274         -            188   2.9e-08   32.5   0.2   1   1   3.4e-10   3.4e-08   32.2   0.2     3    80    12    90    10    95 0.79 # 3 # 296 # -1 # ID=3090_1;partial=10;start_type=ATG;rbs_motif=AGGAGG;rbs_spacer=5-10bp;gc_cont=0.684
contig01466_2        -            135 45745at72274         -            188   2.9e-08   32.5   0.2   1   1   3.2e-10   3.2e-08   32.3   0.2     3   107     2   110     1   126 0.82 # 1067 # 1471 # 1 # ID=1466_2;partial=01;start_type=ATG;rbs_motif=None;rbs_spacer=None;gc_cont=0.709
contig02206_2        -            263 45745at72274         -            188   3.1e-08   32.4   0.0   1   1   4.1e-10   4.1e-08   32.0   0.0     3   111    52   169    50   196 0.81 # 191 # 979 # 1 # ID=2206_2;partial=01;start_type=ATG;rbs_motif=None;rbs_spacer=None;gc_cont=0.677
contig01055_2        -            122 45745at72274         -            188   3.8e-08   32.1   0.0   1   1   4.7e-10   4.7e-08   31.8   0.0     4   112     5   119     3   120 0.81 # 513 # 878 # 1 # ID=1055_2;partial=00;start_type=ATG;rbs_motif=GGAG/GAGG;rbs_spacer=5-10bp;gc_cont=0.648
contig01879_2        -            231 45745at72274         -            188   5.7e-08   31.5   0.0   1   1   7.7e-10   7.9e-08   31.1   0.0     4   111     8   118     5   129 0.79 # 203 # 895 # 1 # ID=1879_2;partial=00;start_type=ATG;rbs_motif=None;rbs_spacer=None;gc_cont=0.687
contig00583_4        -             89 45745at72274         -            188   9.7e-08   30.8   0.1   1   1   9.7e-10   9.9e-08   30.7   0.1     2    70     8    76     7    89 0.83 # 2455 # 2721 # 1 # ID=583_4;partial=01;start_type=ATG;rbs_motif=GGA/GAG/AGG;rbs_spacer=5-10bp;gc_cont=0.547
contig00997_1        -            479 45745at72274         -            188   1.1e-07   30.5   0.1   1   2   5.1e-09   5.2e-07   28.4   0.1     1   112     1   112     1   125 0.86 # 305 # 1741 # -1 # ID=997_1;partial=00;start_type=ATG;rbs_motif=GGA/GAG/AGG;rbs_spacer=5-10bp;gc_cont=0.665
contig00997_1        -            479 45745at72274         -            188   1.1e-07   30.5   0.1   2   2       5.3   5.3e+02   -1.0   0.0    93   152   147   213   142   217 0.53 # 305 # 1741 # -1 # ID=997_1;partial=00;start_type=ATG;rbs_motif=GGA/GAG/AGG;rbs_spacer=5-10bp;gc_cont=0.665
contig00152_1        -            176 45745at72274         -            188   1.6e-07   30.1   0.1   1   1     2e-09     2e-07   29.7   0.1     3    75    61   135    59   150 0.87 # 3 # 530 # 1 # ID=152_1;partial=10;start_type=Edge;rbs_motif=None;rbs_spacer=None;gc_cont=0.682
contig02090_1        -            256 45745at72274         -            188     3e-07   29.2   0.0   1   1   8.1e-09   8.2e-07   27.7   0.0    26   124    52   152    26   176 0.80 # 3 # 770 # 1 # ID=2090_1;partial=10;start_type=Edge;rbs_motif=None;rbs_spacer=None;gc_cont=0.648
contig00464_4        -            483 45745at72274         -            188   3.5e-07   28.9   0.0   1   1   6.9e-09     7e-07   28.0   0.0     2   103   228   338   227   348 0.84 # 1577 # 3025 # -1 # ID=464_4;partial=01;start_type=Edge;rbs_motif=None;rbs_spacer=None;gc_cont=0.650
contig01068_1        -            225 45745at72274         -            188   3.9e-07   28.8   0.1   1   1   7.3e-09   7.4e-07   27.9   0.0    24   115    24   117     1   131 0.77 # 50 # 724 # 1 # ID=1068_1;partial=00;start_type=ATG;rbs_motif=GGA/GAG/AGG;rbs_spacer=5-10bp;gc_cont=0.650
contig00320_2        -            269 45745at72274         -            188   7.6e-07   27.9   0.0   1   1   1.2e-08   1.2e-06   27.1   0.0   129   184   201   259   182   261 0.82 # 1151 # 1957 # 1 # ID=320_2;partial=00;start_type=ATG;rbs_motif=GGAG/GAGG;rbs_spacer=5-10bp;gc_cont=0.654
contig00096_1        -            198 45745at72274         -            188   7.8e-07   27.8   0.0   1   1   9.8e-09   9.9e-07   27.5   0.0     3   112     4   117     2   142 0.85 # 3 # 596 # -1 # ID=96_1;partial=10;start_type=ATG;rbs_motif=GGA/GAG/AGG;rbs_spacer=5-10bp;gc_cont=0.677
contig00107_5        -            230 45745at72274         -            188   1.1e-06   27.3   0.0   1   2   2.8e-08   2.9e-06   26.0   0.0     3   118     2   123     1   143 0.76 # 3273 # 3962 # -1 # ID=107_5;partial=00;start_type=ATG;rbs_motif=AGGA/GGAG/GAGG;rbs_spacer=11-12bp;gc_cont=0.661
contig00107_5        -            230 45745at72274         -            188   1.1e-06   27.3   0.0   2   2         6     6e+02   -1.2   0.0    94   121   166   193   136   209 0.56 # 3273 # 3962 # -1 # ID=107_5;partial=00;start_type=ATG;rbs_motif=AGGA/GGAG/GAGG;rbs_spacer=11-12bp;gc_cont=0.661
contig00644_2        -            607 45745at72274         -            188   1.1e-06   27.3   0.0   1   1   2.1e-08   2.1e-06   26.4   0.0     3    80   491   570   490   587 0.92 # 758 # 2578 # -1 # ID=644_2;partial=01;start_type=Edge;rbs_motif=None;rbs_spacer=None;gc_cont=0.701
contig00380_2        -            230 45745at72274         -            188   1.8e-06   26.6   0.0   1   1   2.2e-08   2.3e-06   26.3   0.0    33   115    34   118     1   141 0.71 # 1258 # 1947 # -1 # ID=380_2;partial=00;start_type=ATG;rbs_motif=None;rbs_spacer=None;gc_cont=0.693
contig00303_4        -            262 45745at72274         -            188   2.7e-06   26.1   0.0   1   1   3.9e-08     4e-06   25.5   0.0   117   181   191   255   186   260 0.85 # 1070 # 1855 # -1 # ID=303_4;partial=00;start_type=ATG;rbs_motif=GGA/GAG/AGG;rbs_spacer=5-10bp;gc_cont=0.668
contig00443_2        -            240 45745at72274         -            188     4e-06   25.5   0.0   1   1   4.8e-08   4.8e-06   25.2   0.0    29   110    37   120    10   149 0.80 # 791 # 1510 # -1 # ID=443_2;partial=00;start_type=ATG;rbs_motif=None;rbs_spacer=None;gc_cont=0.662
contig00388_2        -            450 45745at72274         -            188   4.6e-06   25.3   0.0   1   1   9.3e-08   9.4e-06   24.3   0.0     3   112    10   124     9   139 0.84 # 1277 # 2626 # -1 # ID=388_2;partial=00;start_type=ATG;rbs_motif=AGGA/GGAG/GAGG;rbs_spacer=11-12bp;gc_cont=0.668
contig02763_1        -            222 45745at72274         -            188   5.8e-06   25.0   0.0   1   1     1e-07   1.1e-05   24.1   0.0    46   106     9    74     3    86 0.77 # 59 # 724 # -1 # ID=2763_1;partial=01;start_type=Edge;rbs_motif=None;rbs_spacer=None;gc_cont=0.703
contig01011_2        -            247 45745at72274         -            188   9.3e-06   24.3   0.3   1   1   1.3e-07   1.4e-05   23.8   0.3     3   114     6   122     4   126 0.77 # 604 # 1344 # -1 # ID=1011_2;partial=00;start_type=ATG;rbs_motif=GGAG/GAGG;rbs_spacer=5-10bp;gc_cont=0.665
contig01138_2        -            269 45745at72274         -            188   1.9e-05   23.3   0.0   1   1   2.7e-07   2.8e-05   22.7   0.0   131   181   202   255   186   259 0.77 # 338 # 1144 # 1 # ID=1138_2;partial=00;start_type=GTG;rbs_motif=AGGAG;rbs_spacer=5-10bp;gc_cont=0.581
contig00639_2        -            326 45745at72274         -            188   4.5e-05   22.1   0.0   1   1   6.5e-07   6.6e-05   21.5   0.0   105   182   241   319   233   323 0.84 # 1244 # 2221 # 1 # ID=639_2;partial=00;start_type=ATG;rbs_motif=GGxGG;rbs_spacer=5-10bp;gc_cont=0.673
contig00134_4        -            222 45745at72274         -            188   9.2e-05   21.1   0.0   1   1   1.1e-06   0.00011   20.8   0.0     5   124     4   127     1   146 0.73 # 2576 # 3241 # 1 # ID=134_4;partial=00;start_type=ATG;rbs_motif=GGAG/GAGG;rbs_spacer=5-10bp;gc_cont=0.701
contig00199_3        -            304 45745at72274         -            188   0.00013   20.6   0.0   1   1   2.2e-06   0.00022   19.8   0.0     2   114     6   122     5   145 0.79 # 1769 # 2680 # 1 # ID=199_3;partial=00;start_type=ATG;rbs_motif=GGAG/GAGG;rbs_spacer=5-10bp;gc_cont=0.696
contig02924_1        -            217 45745at72274         -            188   0.00014   20.5   0.1   1   1   2.1e-06   0.00022   19.8   0.1     2    61   155   215   154   217 0.90 # 1 # 651 # 1 # ID=2924_1;partial=11;start_type=Edge;rbs_motif=None;rbs_spacer=None;gc_cont=0.711
contig00175_5        -             96 45745at72274         -            188   0.00014   20.5   0.0   1   1   1.5e-06   0.00016   20.3   0.0    33   105     4    81     1    92 0.73 # 4444 # 4731 # -1 # ID=175_5;partial=01;start_type=Edge;rbs_motif=None;rbs_spacer=None;gc_cont=0.625
contig01470_2        -            380 45745at72274         -            188   0.00017   20.2   0.0   1   1   2.6e-06   0.00026   19.6   0.0     3   103     5   109     3   123 0.74 # 331 # 1470 # 1 # ID=1470_2;partial=01;start_type=ATG;rbs_motif=GGA/GAG/AGG;rbs_spacer=5-10bp;gc_cont=0.674
contig02072_2        -            156 45745at72274         -            188   0.00017   20.2   0.0   1   1     2e-06    0.0002   20.0   0.0     3   125     2   131     1   145 0.78 # 593 # 1060 # 1 # ID=2072_2;partial=01;start_type=ATG;rbs_motif=GGAG/GAGG;rbs_spacer=5-10bp;gc_cont=0.679
contig01415_1        -            355 45745at72274         -            188   0.00021   19.9   0.0   1   1   2.8e-06   0.00029   19.4   0.0    46   109   272   343   227   350 0.77 # 2 # 1066 # 1 # ID=1415_1;partial=10;start_type=Edge;rbs_motif=None;rbs_spacer=None;gc_cont=0.709
contig02474_1        -            282 45745at72274         -            188   0.00027   19.5   0.1   1   1   5.4e-06   0.00055   18.5   0.0    28    72   196   242   166   261 0.62 # 3 # 848 # -1 # ID=2474_1;partial=11;start_type=Edge;rbs_motif=None;rbs_spacer=None;gc_cont=0.700
contig00628_3        -            224 45745at72274         -            188   0.00029   19.4   0.0   1   1   4.2e-06   0.00042   18.9   0.0     3   111     2   114     1   126 0.80 # 1863 # 2534 # -1 # ID=628_3;partial=00;start_type=ATG;rbs_motif=GGAG/GAGG;rbs_spacer=5-10bp;gc_cont=0.701
contig00151_4        -            224 45745at72274         -            188    0.0003   19.4   0.0   1   1   3.7e-06   0.00038   19.1   0.0     3   112     2   115     1   148 0.75 # 1992 # 2663 # 1 # ID=151_4;partial=00;start_type=ATG;rbs_motif=GGAG/GAGG;rbs_spacer=5-10bp;gc_cont=0.695
contig00291_3        -            113 45745at72274         -            188   0.00062   18.3   0.1   1   1   6.8e-06   0.00069   18.2   0.1    91   182     2   104     1   108 0.74 # 3446 # 3784 # -1 # ID=291_3;partial=01;start_type=Edge;rbs_motif=None;rbs_spacer=None;gc_cont=0.599
contig00708_1        -            767 45745at72274         -            188    0.0013   17.4   0.0   1   1   3.4e-05    0.0035   15.9   0.0   130   174   704   751   695   764 0.85 # 1 # 2301 # 1 # ID=708_1;partial=10;start_type=Edge;rbs_motif=None;rbs_spacer=None;gc_cont=0.719
contig01372_2        -             61 45745at72274         -            188    0.0015   17.1   0.1   1   1   1.7e-05    0.0017   16.9   0.1     3    59     4    61     2    61 0.83 # 1377 # 1559 # 1 # ID=1372_2;partial=01;start_type=ATG;rbs_motif=AGGAG;rbs_spacer=5-10bp;gc_cont=0.683
contig00660_1        -            695 45745at72274         -            188    0.0017   16.9   0.0   1   1   2.9e-05    0.0029   16.2   0.0     3    69   452   519   450   556 0.86 # 2 # 2086 # 1 # ID=660_1;partial=10;start_type=Edge;rbs_motif=None;rbs_spacer=None;gc_cont=0.678
contig00160_2        -            907 45745at72274         -            188    0.0025   16.4   0.0   1   1     4e-05    0.0041   15.7   0.0   129   179   843   896   836   905 0.84 # 1538 # 4258 # -1 # ID=160_2;partial=00;start_type=ATG;rbs_motif=None;rbs_spacer=None;gc_cont=0.705
contig00426_2        -            239 45745at72274         -            188    0.0059   15.2   0.0   1   1   8.2e-05    0.0084   14.7   0.0    30   104    40   116    12   126 0.72 # 1458 # 2174 # 1 # ID=426_2;partial=00;start_type=GTG;rbs_motif=GGA/GAG/AGG;rbs_spacer=11-12bp;gc_cont=0.692
contig00611_2        -            273 45745at72274         -            188     0.033   12.7   0.0   1   1   0.00051     0.052   12.1   0.0   129   183   204   261   193   263 0.78 # 1188 # 2006 # -1 # ID=611_2;partial=00;start_type=ATG;rbs_motif=GGA/GAG/AGG;rbs_spacer=11-12bp;gc_cont=0.686
contig00824_2        -            395 45745at72274         -            188     0.044   12.3   0.0   1   2    0.0019      0.19   10.2   0.0    66   116    70   123    31   134 0.83 # 415 # 1599 # 1 # ID=824_2;partial=00;start_type=ATG;rbs_motif=AGGAG;rbs_spacer=5-10bp;gc_cont=0.698
contig00824_2        -            395 45745at72274         -            188     0.044   12.3   0.0   2   2       6.8   6.9e+02   -1.4   0.0    40    56   159   176   135   186 0.72 # 415 # 1599 # 1 # ID=824_2;partial=00;start_type=ATG;rbs_motif=AGGAG;rbs_spacer=5-10bp;gc_cont=0.698
contig00103_3        -            400 45745at72274         -            188     0.065   11.8   0.0   1   1    0.0011      0.11   11.0   0.0    32   109    41   123    20   129 0.76 # 2033 # 3232 # -1 # ID=103_3;partial=00;start_type=ATG;rbs_motif=GGAG/GAGG;rbs_spacer=5-10bp;gc_cont=0.709
contig00406_1        -            115 45745at72274         -            188     0.076   11.5   0.0   1   1   0.00079      0.08   11.5   0.0   129   175    42    91     2   103 0.83 # 2 # 346 # 1 # ID=406_1;partial=10;start_type=Edge;rbs_motif=None;rbs_spacer=None;gc_cont=0.672
contig00875_1        -            164 45745at72274         -            188      0.11   11.0   0.0   1   1    0.0015      0.15   10.5   0.0     3    98    44   145    43   157 0.71 # 1 # 492 # 1 # ID=875_1;partial=10;start_type=Edge;rbs_motif=None;rbs_spacer=None;gc_cont=0.713
#
# Program:         hmmsearch
# Version:         3.1b2 (February 2015)
# Pipeline mode:   SEARCH
# Query file:      /home/johngn/Microbial-Genomics-Journey-Workshop-2023/Reads_session_3/busco_downloads/lineages/pseudomonadales_odb10/hmms/45745at72274.hmm
# Target file:     /home/johngn/Microbial-Genomics-Journey-Workshop-2023/Reads_session_3/busco_op4/prodigal_output/predicted_genes/predicted.faa
# Option settings: hmmsearch --domtblout /home/johngn/Microbial-Genomics-Journey-Workshop-2023/Reads_session_3/busco_op4/run_pseudomonadales_odb10/hmmer_output/45745at72274.out --cpu 1 /home/johngn/Microbial-Genomics-Journey-Workshop-2023/Reads_session_3/busco_downloads/lineages/pseudomonadales_odb10/hmms/45745at72274.hmm /home/johngn/Microbial-Genomics-Journey-Workshop-2023/Reads_session_3/busco_op4/prodigal_output/predicted_genes/predicted.faa 
# Current dir:     /home/johngn/Microbial-Genomics-Journey-Workshop-2023/Reads_session_3
# Date:            Wed Mar  8 17:01:32 2023
# [ok]
