#                                                                            --- full sequence --- -------------- this domain -------------   hmm coord   ali coord   env coord
# target name        accession   tlen query name           accession   qlen   E-value  score  bias   #  of  c-Evalue  i-Evalue  score  bias  from    to  from    to  from    to  acc description of target
#------------------- ---------- ----- -------------------- ---------- ----- --------- ------ ----- --- --- --------- --------- ------ ----- ----- ----- ----- ----- ----- ----- ---- ---------------------
contig00265_1        -           1225 457at72274           -            837  9.6e-260  863.3   7.4   1   5   1.3e-55   1.3e-52  178.2   0.0    11   144     1   156     1   224 0.84 # 1 # 3675 # 1 # ID=265_1;partial=10;start_type=Edge;rbs_motif=None;rbs_spacer=None;gc_cont=0.695
contig00265_1        -           1225 457at72274           -            837  9.6e-260  863.3   7.4   2   5   1.2e-58   1.1e-55  188.2   0.0   190   330   319   470   284   488 0.84 # 1 # 3675 # 1 # ID=265_1;partial=10;start_type=Edge;rbs_motif=None;rbs_spacer=None;gc_cont=0.695
contig00265_1        -           1225 457at72274           -            837  9.6e-260  863.3   7.4   3   5   4.6e-86   4.3e-83  278.9   0.1   344   641   531   866   492   873 0.84 # 1 # 3675 # 1 # ID=265_1;partial=10;start_type=Edge;rbs_motif=None;rbs_spacer=None;gc_cont=0.695
contig00265_1        -           1225 457at72274           -            837  9.6e-260  863.3   7.4   4   5   3.5e-08   3.3e-05   21.3   0.1   632   675   907  1002   894  1012 0.86 # 1 # 3675 # 1 # ID=265_1;partial=10;start_type=Edge;rbs_motif=None;rbs_spacer=None;gc_cont=0.695
contig00265_1        -           1225 457at72274           -            837  9.6e-260  863.3   7.4   5   5   1.8e-59   1.7e-56  191.0   0.2   686   837  1040  1216  1030  1216 0.82 # 1 # 3675 # 1 # ID=265_1;partial=10;start_type=Edge;rbs_motif=None;rbs_spacer=None;gc_cont=0.695
contig01481_1        -            468 457at72274           -            837   8.7e-38  129.1   1.4   1   3   1.2e-11   1.1e-08   32.8   0.1     8    61    25    78    19    82 0.91 # 1 # 1404 # -1 # ID=1481_1;partial=10;start_type=ATG;rbs_motif=None;rbs_spacer=None;gc_cont=0.683
contig01481_1        -            468 457at72274           -            837   8.7e-38  129.1   1.4   2   3   1.9e-05     0.018   12.2   0.0    97   141    88   134    85   146 0.87 # 1 # 1404 # -1 # ID=1481_1;partial=10;start_type=ATG;rbs_motif=None;rbs_spacer=None;gc_cont=0.683
contig01481_1        -            468 457at72274           -            837   8.7e-38  129.1   1.4   3   3   1.8e-26   1.7e-23   81.8   0.1   212   460   184   431   159   452 0.77 # 1 # 1404 # -1 # ID=1481_1;partial=10;start_type=ATG;rbs_motif=None;rbs_spacer=None;gc_cont=0.683
contig01798_1        -            389 457at72274           -            837   9.6e-21   72.7   0.0   1   2   1.1e-15     1e-12   46.1   0.0   203   400    84   299    72   301 0.71 # 1 # 1167 # 1 # ID=1798_1;partial=10;start_type=Edge;rbs_motif=None;rbs_spacer=None;gc_cont=0.686
contig01798_1        -            389 457at72274           -            837   9.6e-21   72.7   0.0   2   2   7.8e-10   7.3e-07   26.8   0.0   540   622   292   379   283   387 0.71 # 1 # 1167 # 1 # ID=1798_1;partial=10;start_type=Edge;rbs_motif=None;rbs_spacer=None;gc_cont=0.686
contig00334_1        -            252 457at72274           -            837   7.8e-17   59.8   1.0   1   1     1e-19   9.6e-17   59.5   1.0   494   623    21   144     3   157 0.74 # 3 # 758 # 1 # ID=334_1;partial=10;start_type=Edge;rbs_motif=None;rbs_spacer=None;gc_cont=0.665
contig02766_2        -            153 457at72274           -            837   2.7e-16   58.0   0.0   1   1   3.2e-19     3e-16   57.8   0.0   539   623    24   100     5   124 0.81 # 265 # 723 # -1 # ID=2766_2;partial=01;start_type=Edge;rbs_motif=None;rbs_spacer=None;gc_cont=0.649
contig00005_21       -            494 457at72274           -            837   5.6e-14   50.3   0.1   1   4     0.024        23    2.0   0.1    10    26    18    34    13    44 0.88 # 16304 # 17785 # 1 # ID=5_21;partial=00;start_type=ATG;rbs_motif=GGAG/GAGG;rbs_spacer=5-10bp;gc_cont=0.599
contig00005_21       -            494 457at72274           -            837   5.6e-14   50.3   0.1   2   4   6.2e-10   5.8e-07   27.1   0.0   243   292   188   234   184   280 0.80 # 16304 # 17785 # 1 # ID=5_21;partial=00;start_type=ATG;rbs_motif=GGAG/GAGG;rbs_spacer=5-10bp;gc_cont=0.599
contig00005_21       -            494 457at72274           -            837   5.6e-14   50.3   0.1   3   4      0.23   2.2e+02   -1.3   0.0    98   145   326   378   324   400 0.72 # 16304 # 17785 # 1 # ID=5_21;partial=00;start_type=ATG;rbs_motif=GGAG/GAGG;rbs_spacer=5-10bp;gc_cont=0.599
contig00005_21       -            494 457at72274           -            837   5.6e-14   50.3   0.1   4   4     1e-06   0.00098   16.4   0.0   547   612   407   463   340   477 0.71 # 16304 # 17785 # 1 # ID=5_21;partial=00;start_type=ATG;rbs_motif=GGAG/GAGG;rbs_spacer=5-10bp;gc_cont=0.599
contig01298_1        -            236 457at72274           -            837   8.6e-11   39.8   2.6   1   2   8.1e-11   7.6e-08   30.0   0.1    10    61    19    70    13    75 0.92 # 3 # 710 # -1 # ID=1298_1;partial=10;start_type=ATG;rbs_motif=None;rbs_spacer=None;gc_cont=0.627
contig01298_1        -            236 457at72274           -            837   8.6e-11   39.8   2.6   2   2   8.2e-05     0.077   10.2   0.4   199   267   163   229   111   236 0.72 # 3 # 710 # -1 # ID=1298_1;partial=10;start_type=ATG;rbs_motif=None;rbs_spacer=None;gc_cont=0.627
contig00144_2        -            406 457at72274           -            837   9.3e-10   36.3   0.0   1   2   0.00095      0.89    6.6   0.0   244   320   143   217   131   244 0.78 # 342 # 1559 # -1 # ID=144_2;partial=00;start_type=GTG;rbs_motif=GGA/GAG/AGG;rbs_spacer=5-10bp;gc_cont=0.567
contig00144_2        -            406 457at72274           -            837   9.3e-10   36.3   0.0   2   2   4.4e-10   4.1e-07   27.6   0.0   548   622   312   387   306   393 0.83 # 342 # 1559 # -1 # ID=144_2;partial=00;start_type=GTG;rbs_motif=GGA/GAG/AGG;rbs_spacer=5-10bp;gc_cont=0.567
contig03142_1        -            182 457at72274           -            837   2.2e-05   21.8   0.3   1   1   4.3e-08     4e-05   21.0   0.0    10    67    29    86    22   103 0.89 # 2 # 547 # -1 # ID=3142_1;partial=10;start_type=ATG;rbs_motif=AGGA/GGAG/GAGG;rbs_spacer=11-12bp;gc_cont=0.553
#
# Program:         hmmsearch
# Version:         3.1b2 (February 2015)
# Pipeline mode:   SEARCH
# Query file:      /home/johngn/Microbial-Genomics-Journey-Workshop-2023/Reads_session_3/busco_downloads/lineages/pseudomonadales_odb10/hmms/457at72274.hmm
# Target file:     /home/johngn/Microbial-Genomics-Journey-Workshop-2023/Reads_session_3/busco_op4/prodigal_output/predicted_genes/predicted.faa
# Option settings: hmmsearch --domtblout /home/johngn/Microbial-Genomics-Journey-Workshop-2023/Reads_session_3/busco_op4/run_pseudomonadales_odb10/hmmer_output/457at72274.out --cpu 1 /home/johngn/Microbial-Genomics-Journey-Workshop-2023/Reads_session_3/busco_downloads/lineages/pseudomonadales_odb10/hmms/457at72274.hmm /home/johngn/Microbial-Genomics-Journey-Workshop-2023/Reads_session_3/busco_op4/prodigal_output/predicted_genes/predicted.faa 
# Current dir:     /home/johngn/Microbial-Genomics-Journey-Workshop-2023/Reads_session_3
# Date:            Wed Mar  8 17:01:32 2023
# [ok]
