#                                                                            --- full sequence --- -------------- this domain -------------   hmm coord   ali coord   env coord
# target name        accession   tlen query name           accession   qlen   E-value  score  bias   #  of  c-Evalue  i-Evalue  score  bias  from    to  from    to  from    to  acc description of target
#------------------- ---------- ----- -------------------- ---------- ----- --------- ------ ----- --- --- --------- --------- ------ ----- ----- ----- ----- ----- ----- ----- ---- ---------------------
contig02582_1        -             87 45939at72274         -            226   2.7e-44  150.1   0.0   1   1   9.3e-47   2.9e-44  149.9   0.0   144   225     1    85     1    86 0.96 # 1 # 261 # 1 # ID=2582_1;partial=10;start_type=Edge;rbs_motif=None;rbs_spacer=None;gc_cont=0.628
contig01305_1        -             34 45939at72274         -            226   4.5e-14   51.2   0.4   1   1   1.5e-16   4.8e-14   51.1   0.4     1    32     2    34     2    34 0.96 # 3 # 104 # -1 # ID=1305_1;partial=10;start_type=ATG;rbs_motif=GGA/GAG/AGG;rbs_spacer=5-10bp;gc_cont=0.627
contig00738_3        -            250 45939at72274         -            226   1.1e-11   43.3   0.0   1   1   5.5e-14   1.7e-11   42.7   0.0    47   155    44   152     5   160 0.93 # 1073 # 1822 # 1 # ID=738_3;partial=00;start_type=ATG;rbs_motif=None;rbs_spacer=None;gc_cont=0.700
contig02039_1        -            289 45939at72274         -            226   1.5e-09   36.4   0.0   1   1   7.5e-12   2.3e-09   35.7   0.0    44   148    53   160    35   165 0.83 # 204 # 1070 # -1 # ID=2039_1;partial=01;start_type=Edge;rbs_motif=None;rbs_spacer=None;gc_cont=0.657
contig01758_2        -            248 45939at72274         -            226   1.7e-09   36.2   0.0   1   1   1.1e-11   3.5e-09   35.2   0.0    28    92    94   159    88   216 0.81 # 514 # 1257 # -1 # ID=1758_2;partial=01;start_type=Edge;rbs_motif=None;rbs_spacer=None;gc_cont=0.712
contig00647_3        -            267 45939at72274         -            226   1.1e-08   33.5   0.0   1   1   5.1e-11   1.6e-08   33.0   0.0    40   144    53   159    47   164 0.89 # 695 # 1495 # -1 # ID=647_3;partial=00;start_type=ATG;rbs_motif=GGAG/GAGG;rbs_spacer=5-10bp;gc_cont=0.660
contig01985_1        -            226 45939at72274         -            226   1.8e-08   32.8   0.0   1   1     8e-11   2.5e-08   32.4   0.0    46   148    44   146    35   159 0.91 # 2 # 679 # -1 # ID=1985_1;partial=10;start_type=ATG;rbs_motif=GGAG/GAGG;rbs_spacer=5-10bp;gc_cont=0.711
contig00457_4        -            358 45939at72274         -            226   1.9e-08   32.8   0.0   1   1   1.1e-10   3.5e-08   31.9   0.0    35   149   167   282   145   288 0.85 # 1512 # 2585 # -1 # ID=457_4;partial=00;start_type=ATG;rbs_motif=GGAG/GAGG;rbs_spacer=5-10bp;gc_cont=0.643
contig01173_2        -            334 45939at72274         -            226   1.9e-07   29.5   0.0   1   1   9.1e-10   2.8e-07   28.9   0.0    45   155   166   274   147   282 0.86 # 491 # 1492 # 1 # ID=1173_2;partial=00;start_type=ATG;rbs_motif=None;rbs_spacer=None;gc_cont=0.688
contig00123_6        -            247 45939at72274         -            226   2.6e-07   29.1   0.0   1   1   1.3e-09     4e-07   28.4   0.0    42   149   119   227   102   237 0.82 # 4604 # 5344 # 1 # ID=123_6;partial=01;start_type=ATG;rbs_motif=None;rbs_spacer=None;gc_cont=0.680
contig00705_2        -            257 45939at72274         -            226   1.3e-06   26.8   0.0   1   2       9.5     3e+03   -3.9   0.0    95   115    18    38    13    46 0.69 # 141 # 911 # -1 # ID=705_2;partial=00;start_type=ATG;rbs_motif=GGA/GAG/AGG;rbs_spacer=5-10bp;gc_cont=0.645
contig00705_2        -            257 45939at72274         -            226   1.3e-06   26.8   0.0   2   2   7.6e-09   2.4e-06   25.9   0.0    44   148    68   176    56   201 0.85 # 141 # 911 # -1 # ID=705_2;partial=00;start_type=ATG;rbs_motif=GGA/GAG/AGG;rbs_spacer=5-10bp;gc_cont=0.645
contig02601_2        -            136 45939at72274         -            226   2.2e-06   26.0   0.1   1   1   1.1e-08   3.4e-06   25.4   0.1    46   129    53   136    48   136 0.78 # 387 # 794 # 1 # ID=2601_2;partial=01;start_type=ATG;rbs_motif=None;rbs_spacer=None;gc_cont=0.711
contig01594_2        -            221 45939at72274         -            226   3.7e-05   22.0   0.0   1   1   1.6e-07   5.1e-05   21.5   0.0    43    96    80   134    69   154 0.86 # 206 # 868 # -1 # ID=1594_2;partial=00;start_type=GTG;rbs_motif=None;rbs_spacer=None;gc_cont=0.722
contig01995_1        -            257 45939at72274         -            226     4e-05   21.9   0.0   1   1   1.9e-07   5.8e-05   21.4   0.0    42   149    47   154    37   158 0.93 # 1 # 771 # 1 # ID=1995_1;partial=10;start_type=Edge;rbs_motif=None;rbs_spacer=None;gc_cont=0.703
contig01111_2        -            284 45939at72274         -            226   4.2e-05   21.8   0.0   1   1   1.9e-07   5.9e-05   21.3   0.0    43   144    49   154    42   160 0.81 # 485 # 1336 # -1 # ID=1111_2;partial=00;start_type=ATG;rbs_motif=AGGAG;rbs_spacer=5-10bp;gc_cont=0.692
contig00049_7        -            249 45939at72274         -            226   0.00027   19.2   0.0   1   2   2.5e-05    0.0078   14.4   0.0    41   142    31   125    24   132 0.81 # 6794 # 7540 # -1 # ID=49_7;partial=00;start_type=ATG;rbs_motif=GGAG/GAGG;rbs_spacer=5-10bp;gc_cont=0.655
contig00049_7        -            249 45939at72274         -            226   0.00027   19.2   0.0   2   2     0.093        29    2.7   0.0   125   182   165   224   159   243 0.82 # 6794 # 7540 # -1 # ID=49_7;partial=00;start_type=ATG;rbs_motif=GGAG/GAGG;rbs_spacer=5-10bp;gc_cont=0.655
contig00152_4        -            317 45939at72274         -            226   0.00028   19.1   0.0   1   1   1.5e-06   0.00045   18.4   0.0    46   114   138   206   126   210 0.84 # 1517 # 2467 # -1 # ID=152_4;partial=00;start_type=ATG;rbs_motif=GGAGG;rbs_spacer=5-10bp;gc_cont=0.703
contig02593_2        -            101 45939at72274         -            226   0.00046   18.4   0.0   1   1   1.6e-06   0.00051   18.3   0.0    36   131     6    97     2   101 0.82 # 496 # 798 # 1 # ID=2593_2;partial=01;start_type=ATG;rbs_motif=GGAG/GAGG;rbs_spacer=5-10bp;gc_cont=0.637
contig00094_4        -            254 45939at72274         -            226   0.00052   18.3   0.0   1   1   2.4e-06   0.00076   17.7   0.0    45   145    68   176    62   182 0.78 # 2828 # 3589 # -1 # ID=94_4;partial=00;start_type=ATG;rbs_motif=GGA/GAG/AGG;rbs_spacer=5-10bp;gc_cont=0.639
contig00198_4        -            251 45939at72274         -            226   0.00074   17.7   0.1   1   1   3.5e-06    0.0011   17.2   0.1    48   115    41   102    26   113 0.78 # 3536 # 4288 # -1 # ID=198_4;partial=00;start_type=ATG;rbs_motif=GGAG/GAGG;rbs_spacer=5-10bp;gc_cont=0.701
contig01024_2        -            276 45939at72274         -            226    0.0014   16.8   0.0   1   1   6.6e-06    0.0021   16.3   0.0    35   101    33   103     9   112 0.72 # 612 # 1439 # -1 # ID=1024_2;partial=00;start_type=ATG;rbs_motif=AGGAG;rbs_spacer=5-10bp;gc_cont=0.649
contig01097_2        -            381 45939at72274         -            226     0.012   13.7   0.0   1   2   9.9e-05     0.031   12.4   0.0    44    95   234   286   222   307 0.81 # 708 # 1850 # -1 # ID=1097_2;partial=01;start_type=Edge;rbs_motif=None;rbs_spacer=None;gc_cont=0.668
contig01097_2        -            381 45939at72274         -            226     0.012   13.7   0.0   2   2       2.9     9e+02   -2.2   0.0    41    66   325   353   289   367 0.66 # 708 # 1850 # -1 # ID=1097_2;partial=01;start_type=Edge;rbs_motif=None;rbs_spacer=None;gc_cont=0.668
contig02202_2        -            135 45939at72274         -            226     0.013   13.7   0.0   1   1   6.1e-05     0.019   13.1   0.0    44    84    57    99    53   107 0.83 # 578 # 982 # 1 # ID=2202_2;partial=01;start_type=ATG;rbs_motif=GGAG/GAGG;rbs_spacer=5-10bp;gc_cont=0.711
contig00429_1        -            115 45939at72274         -            226     0.018   13.2   0.0   1   1   6.2e-05     0.019   13.1   0.0    16    79     8    72     2    96 0.84 # 3 # 347 # -1 # ID=429_1;partial=10;start_type=ATG;rbs_motif=GGAGG;rbs_spacer=5-10bp;gc_cont=0.652
contig00841_2        -            269 45939at72274         -            226     0.024   12.8   0.0   1   1   0.00012     0.037   12.2   0.0   107   155   174   222   164   257 0.80 # 864 # 1670 # -1 # ID=841_2;partial=00;start_type=ATG;rbs_motif=GGA/GAG/AGG;rbs_spacer=5-10bp;gc_cont=0.511
contig01972_1        -            324 45939at72274         -            226     0.027   12.7   0.1   1   1   0.00013      0.04   12.1   0.1    39    84    50    99    45   133 0.74 # 1 # 972 # 1 # ID=1972_1;partial=10;start_type=Edge;rbs_motif=None;rbs_spacer=None;gc_cont=0.714
contig02295_1        -            302 45939at72274         -            226     0.033   12.3   0.0   1   1   0.00017     0.054   11.7   0.0    28   106   190   270   179   276 0.85 # 33 # 938 # 1 # ID=2295_1;partial=01;start_type=ATG;rbs_motif=None;rbs_spacer=None;gc_cont=0.675
#
# Program:         hmmsearch
# Version:         3.1b2 (February 2015)
# Pipeline mode:   SEARCH
# Query file:      /home/johngn/Microbial-Genomics-Journey-Workshop-2023/Reads_session_3/busco_downloads/lineages/pseudomonadales_odb10/hmms/45939at72274.hmm
# Target file:     /home/johngn/Microbial-Genomics-Journey-Workshop-2023/Reads_session_3/busco_op4/prodigal_output/predicted_genes/predicted.faa
# Option settings: hmmsearch --domtblout /home/johngn/Microbial-Genomics-Journey-Workshop-2023/Reads_session_3/busco_op4/run_pseudomonadales_odb10/hmmer_output/45939at72274.out --cpu 1 /home/johngn/Microbial-Genomics-Journey-Workshop-2023/Reads_session_3/busco_downloads/lineages/pseudomonadales_odb10/hmms/45939at72274.hmm /home/johngn/Microbial-Genomics-Journey-Workshop-2023/Reads_session_3/busco_op4/prodigal_output/predicted_genes/predicted.faa 
# Current dir:     /home/johngn/Microbial-Genomics-Journey-Workshop-2023/Reads_session_3
# Date:            Wed Mar  8 17:01:32 2023
# [ok]
