#                                                                            --- full sequence --- -------------- this domain -------------   hmm coord   ali coord   env coord
# target name        accession   tlen query name           accession   qlen   E-value  score  bias   #  of  c-Evalue  i-Evalue  score  bias  from    to  from    to  from    to  acc description of target
#------------------- ---------- ----- -------------------- ---------- ----- --------- ------ ----- --- --- --------- --------- ------ ----- ----- ----- ----- ----- ----- ----- ---- ---------------------
contig02146_1        -            337 4619at72274          -            532  2.7e-207  688.6   0.2   1   1  2.8e-210    3e-207  688.5   0.2     2   324     1   337     1   337 0.98 # 2 # 1012 # 1 # ID=2146_1;partial=11;start_type=Edge;rbs_motif=None;rbs_spacer=None;gc_cont=0.632
contig01317_1        -            261 4619at72274          -            532   6.8e-88  294.6   2.4   1   2   1.7e-56   1.8e-53  181.0   0.5   351   445     1   100     1   119 0.92 # 2 # 784 # 1 # ID=1317_1;partial=10;start_type=Edge;rbs_motif=None;rbs_spacer=None;gc_cont=0.648
contig01317_1        -            261 4619at72274          -            532   6.8e-88  294.6   2.4   2   2   4.3e-36   4.5e-33  113.7   0.1   452   532   164   249   139   249 0.92 # 2 # 784 # 1 # ID=1317_1;partial=10;start_type=Edge;rbs_motif=None;rbs_spacer=None;gc_cont=0.648
contig02265_1        -            318 4619at72274          -            532   0.00082   17.1   0.1   1   1   1.1e-06    0.0011   16.6   0.1     3    32    40    69    38    81 0.86 # 2 # 955 # -1 # ID=2265_1;partial=11;start_type=Edge;rbs_motif=None;rbs_spacer=None;gc_cont=0.709
contig02282_3        -             52 4619at72274          -            532    0.0041   14.8   0.0   1   1   4.1e-06    0.0043   14.7   0.0     2    39     5    42     4    47 0.90 # 789 # 944 # 1 # ID=2282_3;partial=01;start_type=ATG;rbs_motif=GGAG/GAGG;rbs_spacer=5-10bp;gc_cont=0.782
contig01823_2        -            273 4619at72274          -            532    0.0042   14.8   0.3   1   1   5.6e-06    0.0059   14.3   0.3     2    29   212   239   211   258 0.88 # 378 # 1196 # 1 # ID=1823_2;partial=01;start_type=ATG;rbs_motif=AGGAG;rbs_spacer=5-10bp;gc_cont=0.662
contig00390_4        -            591 4619at72274          -            532      0.03   12.0   0.8   1   1   4.1e-05     0.044   11.4   0.8     2    39     9    46     8    61 0.80 # 1283 # 3055 # 1 # ID=390_4;partial=00;start_type=ATG;rbs_motif=None;rbs_spacer=None;gc_cont=0.651
contig00371_4        -            317 4619at72274          -            532      0.06   11.0   1.3   1   2    0.0011       1.1    6.7   0.1     3    32     9    38     7    52 0.86 # 1918 # 2868 # -1 # ID=371_4;partial=00;start_type=ATG;rbs_motif=AGGAG;rbs_spacer=5-10bp;gc_cont=0.671
contig00371_4        -            317 4619at72274          -            532      0.06   11.0   1.3   2   2     0.012        13    3.3   0.1     3    36   149   181   147   220 0.84 # 1918 # 2868 # -1 # ID=371_4;partial=00;start_type=ATG;rbs_motif=AGGAG;rbs_spacer=5-10bp;gc_cont=0.671
contig01620_1        -             74 4619at72274          -            532     0.089   10.4   0.0   1   1   8.5e-05      0.09   10.4   0.0     2    33    22    53    21    71 0.86 # 2 # 223 # -1 # ID=1620_1;partial=10;start_type=ATG;rbs_motif=AGGA;rbs_spacer=5-10bp;gc_cont=0.725
#
# Program:         hmmsearch
# Version:         3.1b2 (February 2015)
# Pipeline mode:   SEARCH
# Query file:      /home/johngn/Microbial-Genomics-Journey-Workshop-2023/Reads_session_3/busco_downloads/lineages/pseudomonadales_odb10/hmms/4619at72274.hmm
# Target file:     /home/johngn/Microbial-Genomics-Journey-Workshop-2023/Reads_session_3/busco_op4/prodigal_output/predicted_genes/predicted.faa
# Option settings: hmmsearch --domtblout /home/johngn/Microbial-Genomics-Journey-Workshop-2023/Reads_session_3/busco_op4/run_pseudomonadales_odb10/hmmer_output/4619at72274.out --cpu 1 /home/johngn/Microbial-Genomics-Journey-Workshop-2023/Reads_session_3/busco_downloads/lineages/pseudomonadales_odb10/hmms/4619at72274.hmm /home/johngn/Microbial-Genomics-Journey-Workshop-2023/Reads_session_3/busco_op4/prodigal_output/predicted_genes/predicted.faa 
# Current dir:     /home/johngn/Microbial-Genomics-Journey-Workshop-2023/Reads_session_3
# Date:            Wed Mar  8 17:01:32 2023
# [ok]
