#                                                                            --- full sequence --- -------------- this domain -------------   hmm coord   ali coord   env coord
# target name        accession   tlen query name           accession   qlen   E-value  score  bias   #  of  c-Evalue  i-Evalue  score  bias  from    to  from    to  from    to  acc description of target
#------------------- ---------- ----- -------------------- ---------- ----- --------- ------ ----- --- --- --------- --------- ------ ----- ----- ----- ----- ----- ----- ----- ---- ---------------------
contig00218_3        -            231 46364at72274         -            151   8.8e-60  199.8   0.0   1   1   2.5e-62   2.6e-59  198.2   0.0     2   151     6   192     5   192 0.84 # 3349 # 4041 # 1 # ID=218_3;partial=00;start_type=ATG;rbs_motif=GGAG/GAGG;rbs_spacer=5-10bp;gc_cont=0.657
contig01075_2        -            273 46364at72274         -            151   1.5e-11   43.1   0.1   1   2   7.9e-05     0.083   11.5   0.1     2    22    15    35    14    57 0.84 # 757 # 1575 # 1 # ID=1075_2;partial=00;start_type=ATG;rbs_motif=GGA/GAG/AGG;rbs_spacer=5-10bp;gc_cont=0.664
contig01075_2        -            273 46364at72274         -            151   1.5e-11   43.1   0.1   2   2   2.2e-10   2.4e-07   29.6   0.0    35   149    77   204    64   206 0.72 # 757 # 1575 # 1 # ID=1075_2;partial=00;start_type=ATG;rbs_motif=GGA/GAG/AGG;rbs_spacer=5-10bp;gc_cont=0.664
contig00081_4        -            222 46364at72274         -            151   2.7e-07   29.3   0.0   1   2    0.0015       1.6    7.4   0.0     3    26    11    34     9    64 0.92 # 2644 # 3309 # -1 # ID=81_4;partial=00;start_type=ATG;rbs_motif=GGAG/GAGG;rbs_spacer=5-10bp;gc_cont=0.674
contig00081_4        -            222 46364at72274         -            151   2.7e-07   29.3   0.0   2   2   1.9e-07    0.0002   20.1   0.0    64   149    99   193    71   195 0.65 # 2644 # 3309 # -1 # ID=81_4;partial=00;start_type=ATG;rbs_motif=GGAG/GAGG;rbs_spacer=5-10bp;gc_cont=0.674
contig00497_4        -            233 46364at72274         -            151   3.1e-05   22.7   0.0   1   2      0.52   5.5e+02   -0.9   0.1     2    14     6    18     5    28 0.83 # 2149 # 2847 # 1 # ID=497_4;partial=00;start_type=ATG;rbs_motif=GGAGG;rbs_spacer=5-10bp;gc_cont=0.698
contig00497_4        -            233 46364at72274         -            151   3.1e-05   22.7   0.0   2   2   1.1e-07   0.00011   20.9   0.0    86   143   137   199    90   203 0.78 # 2149 # 2847 # 1 # ID=497_4;partial=00;start_type=ATG;rbs_motif=GGAGG;rbs_spacer=5-10bp;gc_cont=0.698
contig00516_3        -            199 46364at72274         -            151   0.00017   20.3   0.0   1   1   1.6e-06    0.0017   17.0   0.0    99   146   121   171     7   174 0.57 # 1683 # 2279 # -1 # ID=516_3;partial=00;start_type=GTG;rbs_motif=GGAG/GAGG;rbs_spacer=5-10bp;gc_cont=0.715
contig01400_2        -            179 46364at72274         -            151   0.00032   19.4   0.1   1   3       2.1   2.2e+03   -2.8   0.1     2    12     5    15     4    27 0.72 # 203 # 739 # -1 # ID=1400_2;partial=00;start_type=ATG;rbs_motif=None;rbs_spacer=None;gc_cont=0.633
contig01400_2        -            179 46364at72274         -            151   0.00032   19.4   0.1   2   3      0.39   4.1e+02   -0.4   0.0    66    81    40    55    31    71 0.78 # 203 # 739 # -1 # ID=1400_2;partial=00;start_type=ATG;rbs_motif=None;rbs_spacer=None;gc_cont=0.633
contig01400_2        -            179 46364at72274         -            151   0.00032   19.4   0.1   3   3     2e-06    0.0021   16.7   0.0   104   148   102   149    97   152 0.87 # 203 # 739 # -1 # ID=1400_2;partial=00;start_type=ATG;rbs_motif=None;rbs_spacer=None;gc_cont=0.633
contig02582_2        -            179 46364at72274         -            151    0.0067   15.1   0.0   1   1   0.00028       0.3    9.8   0.0     3    38     6    49     4   179 0.43 # 267 # 803 # 1 # ID=2582_2;partial=01;start_type=ATG;rbs_motif=GGAGG;rbs_spacer=5-10bp;gc_cont=0.683
contig02200_1        -            158 46364at72274         -            151    0.0067   15.1   0.0   1   1   7.4e-06    0.0078   14.9   0.0    98   149    69   124     8   126 0.72 # 1 # 474 # 1 # ID=2200_1;partial=10;start_type=Edge;rbs_motif=None;rbs_spacer=None;gc_cont=0.688
#
# Program:         hmmsearch
# Version:         3.1b2 (February 2015)
# Pipeline mode:   SEARCH
# Query file:      /home/johngn/Microbial-Genomics-Journey-Workshop-2023/Reads_session_3/busco_downloads/lineages/pseudomonadales_odb10/hmms/46364at72274.hmm
# Target file:     /home/johngn/Microbial-Genomics-Journey-Workshop-2023/Reads_session_3/busco_op4/prodigal_output/predicted_genes/predicted.faa
# Option settings: hmmsearch --domtblout /home/johngn/Microbial-Genomics-Journey-Workshop-2023/Reads_session_3/busco_op4/run_pseudomonadales_odb10/hmmer_output/46364at72274.out --cpu 1 /home/johngn/Microbial-Genomics-Journey-Workshop-2023/Reads_session_3/busco_downloads/lineages/pseudomonadales_odb10/hmms/46364at72274.hmm /home/johngn/Microbial-Genomics-Journey-Workshop-2023/Reads_session_3/busco_op4/prodigal_output/predicted_genes/predicted.faa 
# Current dir:     /home/johngn/Microbial-Genomics-Journey-Workshop-2023/Reads_session_3
# Date:            Wed Mar  8 17:01:32 2023
# [ok]
