#                                                                            --- full sequence --- -------------- this domain -------------   hmm coord   ali coord   env coord
# target name        accession   tlen query name           accession   qlen   E-value  score  bias   #  of  c-Evalue  i-Evalue  score  bias  from    to  from    to  from    to  acc description of target
#------------------- ---------- ----- -------------------- ---------- ----- --------- ------ ----- --- --- --------- --------- ------ ----- ----- ----- ----- ----- ----- ----- ---- ---------------------
contig00620_2        -            214 46542at72274         -            198   3.2e-74  248.0   0.0   1   1   1.2e-76   1.1e-73  246.2   0.0     1   197     4   212     4   213 0.92 # 1661 # 2302 # 1 # ID=620_2;partial=00;start_type=ATG;rbs_motif=GGAG/GAGG;rbs_spacer=5-10bp;gc_cont=0.687
contig00220_3        -            319 46542at72274         -            198     4e-07   29.0   0.1   1   3   0.00024      0.23   10.2   0.0     3    25     2    24     1    42 0.79 # 1643 # 2599 # -1 # ID=220_3;partial=00;start_type=ATG;rbs_motif=GGA/GAG/AGG;rbs_spacer=5-10bp;gc_cont=0.508
contig00220_3        -            319 46542at72274         -            198     4e-07   29.0   0.1   2   3   4.1e-06    0.0039   16.0   0.0    69   109    86   126    84   133 0.91 # 1643 # 2599 # -1 # ID=220_3;partial=00;start_type=ATG;rbs_motif=GGA/GAG/AGG;rbs_spacer=5-10bp;gc_cont=0.508
contig00220_3        -            319 46542at72274         -            198     4e-07   29.0   0.1   3   3       2.9   2.8e+03   -3.1   0.0   123   139   159   175   146   192 0.75 # 1643 # 2599 # -1 # ID=220_3;partial=00;start_type=ATG;rbs_motif=GGA/GAG/AGG;rbs_spacer=5-10bp;gc_cont=0.508
contig00008_2        -            374 46542at72274         -            198   1.1e-05   24.3   0.0   1   1   1.6e-08   1.5e-05   23.8   0.0     4   149     2   148     1   169 0.75 # 714 # 1835 # -1 # ID=8_2;partial=00;start_type=ATG;rbs_motif=AGGAG;rbs_spacer=5-10bp;gc_cont=0.473
contig00291_1        -            884 46542at72274         -            198   0.00012   20.9   0.1   1   2       3.6   3.4e+03   -3.4   0.0   157   192   450   485   442   488 0.75 # 1 # 2652 # 1 # ID=291_1;partial=10;start_type=Edge;rbs_motif=None;rbs_spacer=None;gc_cont=0.689
contig00291_1        -            884 46542at72274         -            198   0.00012   20.9   0.1   2   2   3.3e-07   0.00031   19.6   0.0     2    48   510   554   509   562 0.82 # 1 # 2652 # 1 # ID=291_1;partial=10;start_type=Edge;rbs_motif=None;rbs_spacer=None;gc_cont=0.689
contig00347_2        -            386 46542at72274         -            198   0.00041   19.2   0.0   1   2   0.00092      0.86    8.3   0.1     2    42    16    56    15    64 0.88 # 689 # 1846 # -1 # ID=347_2;partial=00;start_type=ATG;rbs_motif=GGAG/GAGG;rbs_spacer=5-10bp;gc_cont=0.669
contig00347_2        -            386 46542at72274         -            198   0.00041   19.2   0.0   2   2   0.00086      0.81    8.4   0.0   103   154   172   225   168   269 0.79 # 689 # 1846 # -1 # ID=347_2;partial=00;start_type=ATG;rbs_motif=GGAG/GAGG;rbs_spacer=5-10bp;gc_cont=0.669
contig02275_2        -             62 46542at72274         -            198    0.0028   16.4   0.0   1   1   3.4e-06    0.0032   16.3   0.0     4    52     5    51     2    55 0.92 # 761 # 946 # 1 # ID=2275_2;partial=01;start_type=ATG;rbs_motif=GGA/GAG/AGG;rbs_spacer=5-10bp;gc_cont=0.731
contig00089_6        -            214 46542at72274         -            198    0.0072   15.1   0.1   1   2   2.5e-05     0.023   13.4   0.1     4    40     2    36     1    48 0.88 # 4807 # 5448 # 1 # ID=89_6;partial=00;start_type=ATG;rbs_motif=GGA/GAG/AGG;rbs_spacer=5-10bp;gc_cont=0.712
contig00089_6        -            214 46542at72274         -            198    0.0072   15.1   0.1   2   2         1   9.4e+02   -1.6   0.0   164   184   185   205   173   210 0.77 # 4807 # 5448 # 1 # ID=89_6;partial=00;start_type=ATG;rbs_motif=GGA/GAG/AGG;rbs_spacer=5-10bp;gc_cont=0.712
contig00008_10       -            253 46542at72274         -            198     0.041   12.6   0.2   1   1   6.7e-05     0.063   12.0   0.2     3    28     5    30     3    36 0.89 # 9391 # 10149 # -1 # ID=8_10;partial=00;start_type=ATG;rbs_motif=GGA/GAG/AGG;rbs_spacer=5-10bp;gc_cont=0.399
contig00169_2        -            331 46542at72274         -            198     0.083   11.6   0.0   1   1   0.00015      0.14   10.9   0.0     4    31     2    29     1    49 0.82 # 104 # 1096 # -1 # ID=169_2;partial=00;start_type=ATG;rbs_motif=GGAG/GAGG;rbs_spacer=5-10bp;gc_cont=0.680
#
# Program:         hmmsearch
# Version:         3.1b2 (February 2015)
# Pipeline mode:   SEARCH
# Query file:      /home/johngn/Microbial-Genomics-Journey-Workshop-2023/Reads_session_3/busco_downloads/lineages/pseudomonadales_odb10/hmms/46542at72274.hmm
# Target file:     /home/johngn/Microbial-Genomics-Journey-Workshop-2023/Reads_session_3/busco_op4/prodigal_output/predicted_genes/predicted.faa
# Option settings: hmmsearch --domtblout /home/johngn/Microbial-Genomics-Journey-Workshop-2023/Reads_session_3/busco_op4/run_pseudomonadales_odb10/hmmer_output/46542at72274.out --cpu 1 /home/johngn/Microbial-Genomics-Journey-Workshop-2023/Reads_session_3/busco_downloads/lineages/pseudomonadales_odb10/hmms/46542at72274.hmm /home/johngn/Microbial-Genomics-Journey-Workshop-2023/Reads_session_3/busco_op4/prodigal_output/predicted_genes/predicted.faa 
# Current dir:     /home/johngn/Microbial-Genomics-Journey-Workshop-2023/Reads_session_3
# Date:            Wed Mar  8 17:01:32 2023
# [ok]
