#                                                                            --- full sequence --- -------------- this domain -------------   hmm coord   ali coord   env coord
# target name        accession   tlen query name           accession   qlen   E-value  score  bias   #  of  c-Evalue  i-Evalue  score  bias  from    to  from    to  from    to  acc description of target
#------------------- ---------- ----- -------------------- ---------- ----- --------- ------ ----- --- --- --------- --------- ------ ----- ----- ----- ----- ----- ----- ----- ---- ---------------------
contig00024_4        -            183 46636at72274         -            152   5.7e-93  307.4   0.3   1   1   9.8e-96   6.9e-93  307.1   0.3     1   152    17   182    17   182 0.94 # 5259 # 5807 # 1 # ID=24_4;partial=00;start_type=GTG;rbs_motif=AGGAG;rbs_spacer=5-10bp;gc_cont=0.632
contig01471_2        -            357 46636at72274         -            152   0.00088   17.9   7.8   1   2    0.0012      0.81    8.3   0.2    65    93   266   294   257   310 0.85 # 399 # 1469 # -1 # ID=1471_2;partial=01;start_type=Edge;rbs_motif=None;rbs_spacer=None;gc_cont=0.667
contig01471_2        -            357 46636at72274         -            152   0.00088   17.9   7.8   2   2   6.2e-05     0.043   12.4   2.5    34    55   311   333   297   346 0.79 # 399 # 1469 # -1 # ID=1471_2;partial=01;start_type=Edge;rbs_motif=None;rbs_spacer=None;gc_cont=0.667
contig00774_3        -             82 46636at72274         -            152    0.0019   16.8   4.9   1   1   5.5e-06    0.0039   15.8   4.9    33    94    19    75     2    81 0.71 # 2049 # 2294 # 1 # ID=774_3;partial=00;start_type=ATG;rbs_motif=GGAG/GAGG;rbs_spacer=5-10bp;gc_cont=0.642
contig00782_1        -            758 46636at72274         -            152    0.0041   15.7   4.1   1   2   0.00017      0.12   10.9   4.3    74   128   357   411   353   428 0.74 # 49 # 2322 # -1 # ID=782_1;partial=01;start_type=Edge;rbs_motif=None;rbs_spacer=None;gc_cont=0.686
contig00782_1        -            758 46636at72274         -            152    0.0041   15.7   4.1   2   2     0.028        20    3.7   0.5    32    51   408   427   397   445 0.81 # 49 # 2322 # -1 # ID=782_1;partial=01;start_type=Edge;rbs_motif=None;rbs_spacer=None;gc_cont=0.686
contig01702_2        -             84 46636at72274         -            152    0.0051   15.4   6.5   1   2    0.0011      0.74    8.4   2.3    75    94     8    27     3    41 0.73 # 427 # 678 # 1 # ID=1702_2;partial=00;start_type=ATG;rbs_motif=GGAG/GAGG;rbs_spacer=5-10bp;gc_cont=0.563
contig01702_2        -             84 46636at72274         -            152    0.0051   15.4   6.5   2   2   0.00036      0.26    9.9   0.5    29    65    33    72    26    81 0.69 # 427 # 678 # 1 # ID=1702_2;partial=00;start_type=ATG;rbs_motif=GGAG/GAGG;rbs_spacer=5-10bp;gc_cont=0.563
contig00581_4        -            189 46636at72274         -            152    0.0082   14.7   9.7   1   2    0.0039       2.7    6.5   1.9    35    52   111   128   104   136 0.67 # 1317 # 1883 # 1 # ID=581_4;partial=00;start_type=ATG;rbs_motif=None;rbs_spacer=None;gc_cont=0.702
contig00581_4        -            189 46636at72274         -            152    0.0082   14.7   9.7   2   2   5.5e-05     0.039   12.5   1.1    35    64   141   170   134   176 0.84 # 1317 # 1883 # 1 # ID=581_4;partial=00;start_type=ATG;rbs_motif=None;rbs_spacer=None;gc_cont=0.702
contig01186_2        -            113 46636at72274         -            152    0.0093   14.6   8.1   1   1   7.4e-05     0.052   12.1   8.1    37   102     9    66     5    79 0.74 # 1318 # 1656 # -1 # ID=1186_2;partial=00;start_type=ATG;rbs_motif=GGAGG;rbs_spacer=5-10bp;gc_cont=0.649
contig01008_2        -             70 46636at72274         -            152     0.021   13.4   9.4   1   1   0.00023      0.16   10.5   9.4    36    94     8    58     4    69 0.74 # 1753 # 1962 # 1 # ID=1008_2;partial=01;start_type=ATG;rbs_motif=AGGAG/GGAGG;rbs_spacer=11-12bp;gc_cont=0.567
contig00452_4        -            409 46636at72274         -            152      0.19   10.3   7.2   1   2    0.0062       4.3    5.9   1.5    74    88    23    37    15    42 0.86 # 1155 # 2381 # -1 # ID=452_4;partial=00;start_type=ATG;rbs_motif=AGGAG;rbs_spacer=5-10bp;gc_cont=0.722
contig00452_4        -            409 46636at72274         -            152      0.19   10.3   7.2   2   2    0.0027       1.9    7.1   0.4    67    88    66    87    46   102 0.81 # 1155 # 2381 # -1 # ID=452_4;partial=00;start_type=ATG;rbs_motif=AGGAG;rbs_spacer=5-10bp;gc_cont=0.722
contig00116_1        -            430 46636at72274         -            152      0.45    9.1   4.2   1   3     0.001      0.71    8.4   0.1    72    91    17    36     7    52 0.82 # 1 # 1290 # 1 # ID=116_1;partial=10;start_type=Edge;rbs_motif=None;rbs_spacer=None;gc_cont=0.684
contig00116_1        -            430 46636at72274         -            152      0.45    9.1   4.2   2   3      0.13        89    1.6   0.2    75   101    98   124    90   135 0.68 # 1 # 1290 # 1 # ID=116_1;partial=10;start_type=Edge;rbs_motif=None;rbs_spacer=None;gc_cont=0.684
contig00116_1        -            430 46636at72274         -            152      0.45    9.1   4.2   3   3       5.7     4e+03   -3.7   0.1    38    50   371   383   363   388 0.70 # 1 # 1290 # 1 # ID=116_1;partial=10;start_type=Edge;rbs_motif=None;rbs_spacer=None;gc_cont=0.684
contig00739_2        -            310 46636at72274         -            152       4.7    5.8  11.2   1   3      0.02        14    4.2   0.3    71    87    29    45    18    50 0.77 # 885 # 1814 # 1 # ID=739_2;partial=00;start_type=ATG;rbs_motif=GGAG/GAGG;rbs_spacer=5-10bp;gc_cont=0.657
contig00739_2        -            310 46636at72274         -            152       4.7    5.8  11.2   2   3     0.039        27    3.3   3.1    69    89   122   142    92   162 0.75 # 885 # 1814 # 1 # ID=739_2;partial=00;start_type=ATG;rbs_motif=GGAG/GAGG;rbs_spacer=5-10bp;gc_cont=0.657
contig00739_2        -            310 46636at72274         -            152       4.7    5.8  11.2   3   3    0.0061       4.3    5.9   2.7    34   100   126   189   120   198 0.68 # 885 # 1814 # 1 # ID=739_2;partial=00;start_type=ATG;rbs_motif=GGAG/GAGG;rbs_spacer=5-10bp;gc_cont=0.657
contig01567_1        -            164 46636at72274         -            152       5.2    5.6  20.5   1   3      0.61   4.3e+02   -0.6   7.7    36    55    30    49    22    81 0.62 # 37 # 528 # -1 # ID=1567_1;partial=00;start_type=ATG;rbs_motif=GGAG/GAGG;rbs_spacer=5-10bp;gc_cont=0.742
contig01567_1        -            164 46636at72274         -            152       5.2    5.6  20.5   2   3      0.92   6.5e+02   -1.2   5.7    76    95   100   119    60   123 0.76 # 37 # 528 # -1 # ID=1567_1;partial=00;start_type=ATG;rbs_motif=GGAG/GAGG;rbs_spacer=5-10bp;gc_cont=0.742
contig01567_1        -            164 46636at72274         -            152       5.2    5.6  20.5   3   3   0.00042       0.3    9.7   0.5    72    94   130   152   123   157 0.87 # 37 # 528 # -1 # ID=1567_1;partial=00;start_type=ATG;rbs_motif=GGAG/GAGG;rbs_spacer=5-10bp;gc_cont=0.742
#
# Program:         hmmsearch
# Version:         3.1b2 (February 2015)
# Pipeline mode:   SEARCH
# Query file:      /home/johngn/Microbial-Genomics-Journey-Workshop-2023/Reads_session_3/busco_downloads/lineages/pseudomonadales_odb10/hmms/46636at72274.hmm
# Target file:     /home/johngn/Microbial-Genomics-Journey-Workshop-2023/Reads_session_3/busco_op4/prodigal_output/predicted_genes/predicted.faa
# Option settings: hmmsearch --domtblout /home/johngn/Microbial-Genomics-Journey-Workshop-2023/Reads_session_3/busco_op4/run_pseudomonadales_odb10/hmmer_output/46636at72274.out --cpu 1 /home/johngn/Microbial-Genomics-Journey-Workshop-2023/Reads_session_3/busco_downloads/lineages/pseudomonadales_odb10/hmms/46636at72274.hmm /home/johngn/Microbial-Genomics-Journey-Workshop-2023/Reads_session_3/busco_op4/prodigal_output/predicted_genes/predicted.faa 
# Current dir:     /home/johngn/Microbial-Genomics-Journey-Workshop-2023/Reads_session_3
# Date:            Wed Mar  8 17:01:33 2023
# [ok]
