#                                                                            --- full sequence --- -------------- this domain -------------   hmm coord   ali coord   env coord
# target name        accession   tlen query name           accession   qlen   E-value  score  bias   #  of  c-Evalue  i-Evalue  score  bias  from    to  from    to  from    to  acc description of target
#------------------- ---------- ----- -------------------- ---------- ----- --------- ------ ----- --- --- --------- --------- ------ ----- ----- ----- ----- ----- ----- ----- ---- ---------------------
contig00525_3        -            270 46726at72274         -            190   2.2e-79  264.7   4.7   1   1   6.6e-81   5.5e-79  263.4   4.7     6   188    18   236    14   241 0.87 # 1296 # 2105 # -1 # ID=525_3;partial=00;start_type=ATG;rbs_motif=AGGA;rbs_spacer=5-10bp;gc_cont=0.694
contig00034_6        -            641 46726at72274         -            190   5.5e-42  142.7   0.2   1   4   5.9e-07   4.9e-05   22.2   0.0     9    86    19   105    15   119 0.78 # 5187 # 7109 # -1 # ID=34_6;partial=00;start_type=ATG;rbs_motif=GGAGG;rbs_spacer=5-10bp;gc_cont=0.664
contig00034_6        -            641 46726at72274         -            190   5.5e-42  142.7   0.2   2   4   1.9e-15   1.6e-13   49.9   0.0    63   156   131   225   115   234 0.89 # 5187 # 7109 # -1 # ID=34_6;partial=00;start_type=ATG;rbs_motif=GGAGG;rbs_spacer=5-10bp;gc_cont=0.664
contig00034_6        -            641 46726at72274         -            190   5.5e-42  142.7   0.2   3   4   9.6e-07     8e-05   21.5   0.0    18    56   345   387   330   399 0.82 # 5187 # 7109 # -1 # ID=34_6;partial=00;start_type=ATG;rbs_motif=GGAGG;rbs_spacer=5-10bp;gc_cont=0.664
contig00034_6        -            641 46726at72274         -            190   5.5e-42  142.7   0.2   4   4   1.7e-13   1.4e-11   43.5   0.0    78   143   432   497   416   508 0.87 # 5187 # 7109 # -1 # ID=34_6;partial=00;start_type=ATG;rbs_motif=GGAGG;rbs_spacer=5-10bp;gc_cont=0.664
contig00072_2        -            522 46726at72274         -            190   1.3e-38  131.7   0.1   1   4   0.00032     0.027   13.3   0.0    20    50    23    53     6    66 0.87 # 561 # 2126 # 1 # ID=72_2;partial=00;start_type=ATG;rbs_motif=None;rbs_spacer=None;gc_cont=0.645
contig00072_2        -            522 46726at72274         -            190   1.3e-38  131.7   0.1   2   4   2.2e-12   1.8e-10   39.9   0.0    81   147   144   210   136   218 0.91 # 561 # 2126 # 1 # ID=72_2;partial=00;start_type=ATG;rbs_motif=None;rbs_spacer=None;gc_cont=0.645
contig00072_2        -            522 46726at72274         -            190   1.3e-38  131.7   0.1   3   4   4.1e-07   3.5e-05   22.7   0.0    11    50   329   371   322   388 0.76 # 561 # 2126 # 1 # ID=72_2;partial=00;start_type=ATG;rbs_motif=None;rbs_spacer=None;gc_cont=0.645
contig00072_2        -            522 46726at72274         -            190   1.3e-38  131.7   0.1   4   4   1.4e-15   1.2e-13   50.3   0.0    75   154   419   498   405   506 0.90 # 561 # 2126 # 1 # ID=72_2;partial=00;start_type=ATG;rbs_motif=None;rbs_spacer=None;gc_cont=0.645
contig00163_1        -            498 46726at72274         -            190   1.6e-32  111.9   5.4   1   4     0.042       3.5    6.4   0.0     4    41    20    60    17    86 0.84 # 2 # 1495 # -1 # ID=163_1;partial=10;start_type=ATG;rbs_motif=GGAG/GAGG;rbs_spacer=5-10bp;gc_cont=0.665
contig00163_1        -            498 46726at72274         -            190   1.6e-32  111.9   5.4   2   4   4.8e-16     4e-14   51.8   0.5    83   155   155   231   131   249 0.84 # 2 # 1495 # -1 # ID=163_1;partial=10;start_type=ATG;rbs_motif=GGAG/GAGG;rbs_spacer=5-10bp;gc_cont=0.665
contig00163_1        -            498 46726at72274         -            190   1.6e-32  111.9   5.4   3   4     0.017       1.4    7.7   0.0    17    45   312   340   294   367 0.76 # 2 # 1495 # -1 # ID=163_1;partial=10;start_type=ATG;rbs_motif=GGAG/GAGG;rbs_spacer=5-10bp;gc_cont=0.665
contig00163_1        -            498 46726at72274         -            190   1.6e-32  111.9   5.4   4   4   4.4e-14   3.7e-12   45.5   0.2    83   152   422   495   402   498 0.84 # 2 # 1495 # -1 # ID=163_1;partial=10;start_type=ATG;rbs_motif=GGAG/GAGG;rbs_spacer=5-10bp;gc_cont=0.665
contig01032_2        -            252 46726at72274         -            190     9e-29   99.6   0.0   1   2   1.5e-10   1.3e-08   33.9   0.0     7    72    29   107    26   112 0.82 # 644 # 1399 # -1 # ID=1032_2;partial=00;start_type=ATG;rbs_motif=AGGAG;rbs_spacer=5-10bp;gc_cont=0.730
contig01032_2        -            252 46726at72274         -            190     9e-29   99.6   0.0   2   2     1e-19   8.3e-18   63.9   0.0    69   177   125   239   108   249 0.78 # 644 # 1399 # -1 # ID=1032_2;partial=00;start_type=ATG;rbs_motif=AGGAG;rbs_spacer=5-10bp;gc_cont=0.730
contig00177_4        -            380 46726at72274         -            190   1.7e-28   98.8   4.9   1   3   3.9e-13   3.2e-11   42.4   1.1    92   154     1    67     1    87 0.86 # 3583 # 4722 # -1 # ID=177_4;partial=01;start_type=Edge;rbs_motif=None;rbs_spacer=None;gc_cont=0.701
contig00177_4        -            380 46726at72274         -            190   1.7e-28   98.8   4.9   2   3      0.04       3.3    6.5   0.0    18    49   149   179   134   208 0.70 # 3583 # 4722 # -1 # ID=177_4;partial=01;start_type=Edge;rbs_motif=None;rbs_spacer=None;gc_cont=0.701
contig00177_4        -            380 46726at72274         -            190   1.7e-28   98.8   4.9   3   3   1.7e-15   1.4e-13   50.1   0.1    69   162   244   342   235   362 0.75 # 3583 # 4722 # -1 # ID=177_4;partial=01;start_type=Edge;rbs_motif=None;rbs_spacer=None;gc_cont=0.701
contig00956_2        -            477 46726at72274         -            190   1.4e-27   95.7   3.8   1   4   5.3e-07   4.4e-05   22.4   0.0     6    49    20    66    16    91 0.90 # 610 # 2040 # 1 # ID=956_2;partial=01;start_type=ATG;rbs_motif=GGAG/GAGG;rbs_spacer=5-10bp;gc_cont=0.707
contig00956_2        -            477 46726at72274         -            190   1.4e-27   95.7   3.8   2   4   2.5e-07   2.1e-05   23.4   0.4    80   160   140   225   118   240 0.79 # 610 # 2040 # 1 # ID=956_2;partial=01;start_type=ATG;rbs_motif=GGAG/GAGG;rbs_spacer=5-10bp;gc_cont=0.707
contig00956_2        -            477 46726at72274         -            190   1.4e-27   95.7   3.8   3   4     0.027       2.2    7.0   0.0    12    60   275   324   267   342 0.79 # 610 # 2040 # 1 # ID=956_2;partial=01;start_type=ATG;rbs_motif=GGAG/GAGG;rbs_spacer=5-10bp;gc_cont=0.707
contig00956_2        -            477 46726at72274         -            190   1.4e-27   95.7   3.8   4   4   1.1e-12   9.1e-11   40.9   0.1    79   151   395   470   379   475 0.87 # 610 # 2040 # 1 # ID=956_2;partial=01;start_type=ATG;rbs_motif=GGAG/GAGG;rbs_spacer=5-10bp;gc_cont=0.707
contig00233_3        -            330 46726at72274         -            190   2.2e-26   91.8   0.0   1   2   6.1e-09   5.1e-07   28.7   0.0     8    50    17    62    11    76 0.86 # 1279 # 2268 # -1 # ID=233_3;partial=00;start_type=ATG;rbs_motif=GGAG/GAGG;rbs_spacer=5-10bp;gc_cont=0.661
contig00233_3        -            330 46726at72274         -            190   2.2e-26   91.8   0.0   2   2   7.4e-19   6.2e-17   61.0   0.0    62   176   115   233   102   244 0.83 # 1279 # 2268 # -1 # ID=233_3;partial=00;start_type=ATG;rbs_motif=GGAG/GAGG;rbs_spacer=5-10bp;gc_cont=0.661
contig02153_1        -            336 46726at72274         -            190   3.1e-25   88.1   0.5   1   3   3.7e-14   3.1e-12   45.7   0.0    79   144    18    83     3    98 0.90 # 1 # 1008 # 1 # ID=2153_1;partial=11;start_type=Edge;rbs_motif=None;rbs_spacer=None;gc_cont=0.656
contig02153_1        -            336 46726at72274         -            190   3.1e-25   88.1   0.5   2   3   2.2e-07   1.8e-05   23.6   0.1     8    49   199   243   195   255 0.84 # 1 # 1008 # 1 # ID=2153_1;partial=11;start_type=Edge;rbs_motif=None;rbs_spacer=None;gc_cont=0.656
contig02153_1        -            336 46726at72274         -            190   3.1e-25   88.1   0.5   3   3   6.7e-05    0.0056   15.5   0.0    79   112   300   333   293   336 0.90 # 1 # 1008 # 1 # ID=2153_1;partial=11;start_type=Edge;rbs_motif=None;rbs_spacer=None;gc_cont=0.656
contig00573_2        -            291 46726at72274         -            190   9.1e-25   86.6   0.3   1   2   5.3e-08   4.4e-06   25.6   0.0     8    50    20    65    17    91 0.80 # 1170 # 2042 # 1 # ID=573_2;partial=00;start_type=ATG;rbs_motif=GGA/GAG/AGG;rbs_spacer=5-10bp;gc_cont=0.647
contig00573_2        -            291 46726at72274         -            190   9.1e-25   86.6   0.3   2   2   3.1e-18   2.6e-16   59.0   0.1    74   174   173   278   163   287 0.86 # 1170 # 2042 # 1 # ID=573_2;partial=00;start_type=ATG;rbs_motif=GGA/GAG/AGG;rbs_spacer=5-10bp;gc_cont=0.647
contig00498_2        -            256 46726at72274         -            190   1.8e-24   85.6   0.1   1   2   5.9e-08   4.9e-06   25.5   0.1    11    49    23    64    19    94 0.86 # 1157 # 1924 # 1 # ID=498_2;partial=00;start_type=ATG;rbs_motif=GGAG/GAGG;rbs_spacer=5-10bp;gc_cont=0.652
contig00498_2        -            256 46726at72274         -            190   1.8e-24   85.6   0.1   2   2   5.3e-18   4.4e-16   58.2   0.0    77   175   146   249   129   253 0.82 # 1157 # 1924 # 1 # ID=498_2;partial=00;start_type=ATG;rbs_motif=GGAG/GAGG;rbs_spacer=5-10bp;gc_cont=0.652
contig00597_2        -            371 46726at72274         -            190   4.9e-23   80.9   0.2   1   2   3.9e-07   3.3e-05   22.8   0.0     6    49    16    62    13    69 0.90 # 579 # 1691 # 1 # ID=597_2;partial=00;start_type=ATG;rbs_motif=GGAGG;rbs_spacer=5-10bp;gc_cont=0.694
contig00597_2        -            371 46726at72274         -            190   4.9e-23   80.9   0.2   2   2   3.2e-17   2.7e-15   55.7   0.0    70   178   119   232   110   239 0.87 # 579 # 1691 # 1 # ID=597_2;partial=00;start_type=ATG;rbs_motif=GGAGG;rbs_spacer=5-10bp;gc_cont=0.694
contig02371_1        -            205 46726at72274         -            190   1.4e-22   79.4   0.0   1   2   8.6e-07   7.2e-05   21.7   0.0     7    49    18    63    13    69 0.86 # 3 # 617 # -1 # ID=2371_1;partial=10;start_type=ATG;rbs_motif=GGA/GAG/AGG;rbs_spacer=5-10bp;gc_cont=0.717
contig02371_1        -            205 46726at72274         -            190   1.4e-22   79.4   0.0   2   2   3.4e-17   2.8e-15   55.6   0.1    70   144   123   200   117   204 0.87 # 3 # 617 # -1 # ID=2371_1;partial=10;start_type=ATG;rbs_motif=GGA/GAG/AGG;rbs_spacer=5-10bp;gc_cont=0.717
contig00130_4        -            332 46726at72274         -            190   4.8e-22   77.7   0.1   1   2   4.5e-08   3.8e-06   25.8   0.0     8    50    18    63    13   126 0.70 # 2759 # 3754 # -1 # ID=130_4;partial=00;start_type=ATG;rbs_motif=GGA/GAG/AGG;rbs_spacer=5-10bp;gc_cont=0.676
contig00130_4        -            332 46726at72274         -            190   4.8e-22   77.7   0.1   2   2   1.5e-15   1.2e-13   50.3   0.1    80   174   129   228    92   239 0.80 # 2759 # 3754 # -1 # ID=130_4;partial=00;start_type=ATG;rbs_motif=GGA/GAG/AGG;rbs_spacer=5-10bp;gc_cont=0.676
contig00766_1        -            268 46726at72274         -            190   8.2e-22   76.9   0.1   1   2   1.1e-06     9e-05   21.4   0.0     6    47    33    77    30    94 0.91 # 1 # 804 # -1 # ID=766_1;partial=10;start_type=ATG;rbs_motif=GGAGG;rbs_spacer=5-10bp;gc_cont=0.726
contig00766_1        -            268 46726at72274         -            190   8.2e-22   76.9   0.1   2   2   1.6e-16   1.3e-14   53.4   0.0    71   154   125   215   119   221 0.83 # 1 # 804 # -1 # ID=766_1;partial=10;start_type=ATG;rbs_motif=GGAGG;rbs_spacer=5-10bp;gc_cont=0.726
contig00214_2        -            242 46726at72274         -            190   1.8e-21   75.8   0.1   1   2   6.4e-10   5.4e-08   31.9   0.1     6    50    16    63    11   117 0.86 # 246 # 971 # 1 # ID=214_2;partial=00;start_type=ATG;rbs_motif=GGA/GAG/AGG;rbs_spacer=5-10bp;gc_cont=0.631
contig00214_2        -            242 46726at72274         -            190   1.8e-21   75.8   0.1   2   2   6.2e-12   5.2e-10   38.5   0.0    78   171   131   228   113   239 0.75 # 246 # 971 # 1 # ID=214_2;partial=00;start_type=ATG;rbs_motif=GGA/GAG/AGG;rbs_spacer=5-10bp;gc_cont=0.631
contig00167_2        -            305 46726at72274         -            190   7.4e-21   73.8   1.8   1   1   1.5e-20   1.3e-18   66.5   1.8    17   149    30   196    16   203 0.73 # 850 # 1764 # 1 # ID=167_2;partial=00;start_type=ATG;rbs_motif=GGAG/GAGG;rbs_spacer=5-10bp;gc_cont=0.728
contig00296_2        -            597 46726at72274         -            190   1.9e-20   72.5   0.1   1   2   5.8e-08   4.9e-06   25.5   0.0     7    55   373   422   370   463 0.79 # 296 # 2086 # 1 # ID=296_2;partial=00;start_type=ATG;rbs_motif=GGA/GAG/AGG;rbs_spacer=11-12bp;gc_cont=0.678
contig00296_2        -            597 46726at72274         -            190   1.9e-20   72.5   0.1   2   2   1.1e-13   9.2e-12   44.2   0.0    83   180   493   593   479   596 0.85 # 296 # 2086 # 1 # ID=296_2;partial=00;start_type=ATG;rbs_motif=GGA/GAG/AGG;rbs_spacer=11-12bp;gc_cont=0.678
contig02615_1        -            262 46726at72274         -            190   7.7e-20   70.5   0.2   1   2   7.5e-09   6.2e-07   28.4   0.0     7    49    17    62    13   115 0.88 # 3 # 788 # 1 # ID=2615_1;partial=11;start_type=Edge;rbs_motif=None;rbs_spacer=None;gc_cont=0.644
contig02615_1        -            262 46726at72274         -            190   7.7e-20   70.5   0.2   2   2   1.5e-12   1.2e-10   40.5   0.1    80   173   130   226   113   232 0.78 # 3 # 788 # 1 # ID=2615_1;partial=11;start_type=Edge;rbs_motif=None;rbs_spacer=None;gc_cont=0.644
contig00305_4        -            274 46726at72274         -            190   9.6e-20   70.2   0.6   1   2   1.1e-05   0.00095   18.0   0.0     8    49    41    85    38   118 0.82 # 2890 # 3711 # 1 # ID=305_4;partial=01;start_type=ATG;rbs_motif=GGAG/GAGG;rbs_spacer=5-10bp;gc_cont=0.697
contig00305_4        -            274 46726at72274         -            190   9.6e-20   70.2   0.6   2   2   1.5e-15   1.2e-13   50.3   0.5    55   163   121   245   100   257 0.71 # 2890 # 3711 # 1 # ID=305_4;partial=01;start_type=ATG;rbs_motif=GGAG/GAGG;rbs_spacer=5-10bp;gc_cont=0.697
contig00404_3        -            387 46726at72274         -            190   1.5e-19   69.6   0.4   1   2     3e-05    0.0025   16.7   0.1     7    47    19    62    15    70 0.84 # 1639 # 2799 # 1 # ID=404_3;partial=00;start_type=ATG;rbs_motif=AGGA/GGAG/GAGG;rbs_spacer=11-12bp;gc_cont=0.671
contig00404_3        -            387 46726at72274         -            190   1.5e-19   69.6   0.4   2   2   1.1e-15   9.3e-14   50.7   0.0    49   173   102   229    92   237 0.82 # 1639 # 2799 # 1 # ID=404_3;partial=00;start_type=ATG;rbs_motif=AGGA/GGAG/GAGG;rbs_spacer=11-12bp;gc_cont=0.671
contig01307_2        -            228 46726at72274         -            190   2.3e-19   68.9   1.3   1   2   1.6e-05    0.0013   17.5   0.0     7    49    24    69    20    74 0.88 # 635 # 1318 # 1 # ID=1307_2;partial=00;start_type=ATG;rbs_motif=GGAGG;rbs_spacer=5-10bp;gc_cont=0.677
contig01307_2        -            228 46726at72274         -            190   2.3e-19   68.9   1.3   2   2   1.4e-15   1.1e-13   50.4   0.2    79   144   141   210   121   221 0.79 # 635 # 1318 # 1 # ID=1307_2;partial=00;start_type=ATG;rbs_motif=GGAGG;rbs_spacer=5-10bp;gc_cont=0.677
contig00271_4        -            255 46726at72274         -            190   2.7e-19   68.7   2.3   1   3   2.7e-05    0.0023   16.8   0.1     7    49    17    62    12    73 0.84 # 1778 # 2542 # -1 # ID=271_4;partial=00;start_type=ATG;rbs_motif=GGA/GAG/AGG;rbs_spacer=5-10bp;gc_cont=0.654
contig00271_4        -            255 46726at72274         -            190   2.7e-19   68.7   2.3   2   3     0.061       5.1    5.9   0.0   126   185    88   145    74   149 0.83 # 1778 # 2542 # -1 # ID=271_4;partial=00;start_type=ATG;rbs_motif=GGA/GAG/AGG;rbs_spacer=5-10bp;gc_cont=0.654
contig00271_4        -            255 46726at72274         -            190   2.7e-19   68.7   2.3   3   3   5.8e-14   4.8e-12   45.1   0.1    84   173   149   242   145   249 0.84 # 1778 # 2542 # -1 # ID=271_4;partial=00;start_type=ATG;rbs_motif=GGA/GAG/AGG;rbs_spacer=5-10bp;gc_cont=0.654
contig00769_1        -            219 46726at72274         -            190   1.1e-18   66.7   0.0   1   2   1.5e-06   0.00012   20.9   0.0     6    49    22    68    19    85 0.88 # 3 # 659 # -1 # ID=769_1;partial=10;start_type=GTG;rbs_motif=GGAG/GAGG;rbs_spacer=5-10bp;gc_cont=0.706
contig00769_1        -            219 46726at72274         -            190   1.1e-18   66.7   0.0   2   2   1.3e-13   1.1e-11   44.0   0.0    83   151   145   217   123   219 0.86 # 3 # 659 # -1 # ID=769_1;partial=10;start_type=GTG;rbs_motif=GGAG/GAGG;rbs_spacer=5-10bp;gc_cont=0.706
contig00033_7        -            279 46726at72274         -            190   1.2e-18   66.6   1.0   1   2   2.4e-07     2e-05   23.5   0.0     6    49    22    68    19    70 0.86 # 7285 # 8121 # 1 # ID=33_7;partial=00;start_type=ATG;rbs_motif=GGAG/GAGG;rbs_spacer=5-10bp;gc_cont=0.723
contig00033_7        -            279 46726at72274         -            190   1.2e-18   66.6   1.0   2   2   5.6e-13   4.7e-11   41.8   0.2    69   154   121   213   110   216 0.79 # 7285 # 8121 # 1 # ID=33_7;partial=00;start_type=ATG;rbs_motif=GGAG/GAGG;rbs_spacer=5-10bp;gc_cont=0.723
contig00389_1        -            647 46726at72274         -            190   1.2e-18   66.5   0.3   1   2   2.2e-07   1.8e-05   23.6   0.0     8    49   430   474   424   483 0.86 # 1 # 1941 # 1 # ID=389_1;partial=10;start_type=Edge;rbs_motif=None;rbs_spacer=None;gc_cont=0.676
contig00389_1        -            647 46726at72274         -            190   1.2e-18   66.5   0.3   2   2   1.3e-12   1.1e-10   40.6   0.1    84   155   551   621   533   638 0.90 # 1 # 1941 # 1 # ID=389_1;partial=10;start_type=Edge;rbs_motif=None;rbs_spacer=None;gc_cont=0.676
contig00463_2        -            370 46726at72274         -            190   2.1e-18   65.8   0.3   1   2     3e-05    0.0025   16.7   0.0     8    49    26    70    21    83 0.85 # 556 # 1665 # -1 # ID=463_2;partial=00;start_type=ATG;rbs_motif=GGA/GAG/AGG;rbs_spacer=5-10bp;gc_cont=0.654
contig00463_2        -            370 46726at72274         -            190   2.1e-18   65.8   0.3   2   2   1.4e-14   1.2e-12   47.1   0.1    80   154   137   215    99   241 0.81 # 556 # 1665 # -1 # ID=463_2;partial=00;start_type=ATG;rbs_motif=GGA/GAG/AGG;rbs_spacer=5-10bp;gc_cont=0.654
contig01200_1        -            266 46726at72274         -            190   2.2e-18   65.8   0.0   1   2   0.00012    0.0097   14.7   0.0    19    49    33    63    13    87 0.83 # 19 # 816 # -1 # ID=1200_1;partial=00;start_type=ATG;rbs_motif=AGGA;rbs_spacer=5-10bp;gc_cont=0.707
contig01200_1        -            266 46726at72274         -            190   2.2e-18   65.8   0.0   2   2   3.5e-15   2.9e-13   49.0   0.0    75   179   131   239   119   242 0.88 # 19 # 816 # -1 # ID=1200_1;partial=00;start_type=ATG;rbs_motif=AGGA;rbs_spacer=5-10bp;gc_cont=0.707
contig02819_1        -            231 46726at72274         -            190   6.3e-18   64.3   0.7   1   2   3.8e-07   3.1e-05   22.8   0.1    17    52    63    98    50   142 0.88 # 3 # 695 # 1 # ID=2819_1;partial=11;start_type=Edge;rbs_motif=None;rbs_spacer=None;gc_cont=0.739
contig02819_1        -            231 46726at72274         -            190   6.3e-18   64.3   0.7   2   2     4e-12   3.4e-10   39.1   0.1    84   139   171   229   153   231 0.87 # 3 # 695 # 1 # ID=2819_1;partial=11;start_type=Edge;rbs_motif=None;rbs_spacer=None;gc_cont=0.739
contig00319_1        -            248 46726at72274         -            190   9.5e-18   63.7   0.3   1   2   0.00013     0.011   14.5   0.0     8    48    18    61    13    66 0.83 # 1 # 744 # -1 # ID=319_1;partial=10;start_type=ATG;rbs_motif=GGAG/GAGG;rbs_spacer=5-10bp;gc_cont=0.668
contig00319_1        -            248 46726at72274         -            190   9.5e-18   63.7   0.3   2   2   1.2e-14   9.9e-13   47.3   0.2    79   171   145   241    88   246 0.83 # 1 # 744 # -1 # ID=319_1;partial=10;start_type=ATG;rbs_motif=GGAG/GAGG;rbs_spacer=5-10bp;gc_cont=0.668
contig00718_2        -            283 46726at72274         -            190   1.1e-17   63.5   0.0   1   2   2.3e-07   1.9e-05   23.5   0.0    18    50    48    80    29    88 0.81 # 1024 # 1872 # 1 # ID=718_2;partial=00;start_type=ATG;rbs_motif=GGA/GAG/AGG;rbs_spacer=5-10bp;gc_cont=0.702
contig00718_2        -            283 46726at72274         -            190   1.1e-17   63.5   0.0   2   2   8.5e-12   7.1e-10   38.0   0.0    79   157   144   226   107   238 0.86 # 1024 # 1872 # 1 # ID=718_2;partial=00;start_type=ATG;rbs_motif=GGA/GAG/AGG;rbs_spacer=5-10bp;gc_cont=0.702
contig00573_3        -            236 46726at72274         -            190   1.1e-17   63.5   0.1   1   2   1.6e-07   1.3e-05   24.1   0.0     8    57    20    72    17    79 0.85 # 2039 # 2746 # 1 # ID=573_3;partial=01;start_type=ATG;rbs_motif=AGGAG;rbs_spacer=5-10bp;gc_cont=0.658
contig00573_3        -            236 46726at72274         -            190   1.1e-17   63.5   0.1   2   2   1.3e-11   1.1e-09   37.4   0.0    79   172   132   229   111   234 0.78 # 2039 # 2746 # 1 # ID=573_3;partial=01;start_type=ATG;rbs_motif=AGGAG;rbs_spacer=5-10bp;gc_cont=0.658
contig00306_4        -            311 46726at72274         -            190   1.3e-17   63.3   0.0   1   2   2.9e-06   0.00024   20.0   0.0     9    48    21    63    16    89 0.88 # 2174 # 3106 # 1 # ID=306_4;partial=00;start_type=ATG;rbs_motif=GGA/GAG/AGG;rbs_spacer=5-10bp;gc_cont=0.624
contig00306_4        -            311 46726at72274         -            190   1.3e-17   63.3   0.0   2   2   8.3e-13   6.9e-11   41.3   0.0    72   142   121   197   102   219 0.76 # 2174 # 3106 # 1 # ID=306_4;partial=00;start_type=ATG;rbs_motif=GGA/GAG/AGG;rbs_spacer=5-10bp;gc_cont=0.624
contig01293_2        -            270 46726at72274         -            190   1.6e-17   62.9   0.1   1   2   5.2e-07   4.4e-05   22.4   0.0     6    56    21    74    17    82 0.87 # 266 # 1075 # -1 # ID=1293_2;partial=00;start_type=ATG;rbs_motif=AGGAG;rbs_spacer=5-10bp;gc_cont=0.646
contig01293_2        -            270 46726at72274         -            190   1.6e-17   62.9   0.1   2   2   5.6e-12   4.7e-10   38.6   0.0    65   168   122   233   102   243 0.74 # 266 # 1075 # -1 # ID=1293_2;partial=00;start_type=ATG;rbs_motif=AGGAG;rbs_spacer=5-10bp;gc_cont=0.646
contig00183_3        -            285 46726at72274         -            190   2.2e-17   62.5   0.1   1   2     1e-05   0.00087   18.1   0.0    17    49    41    73    27    88 0.90 # 2276 # 3130 # 1 # ID=183_3;partial=00;start_type=ATG;rbs_motif=GGAGG;rbs_spacer=5-10bp;gc_cont=0.712
contig00183_3        -            285 46726at72274         -            190   2.2e-17   62.5   0.1   2   2   4.1e-13   3.4e-11   42.3   0.1    84   154   141   215   122   218 0.87 # 2276 # 3130 # 1 # ID=183_3;partial=00;start_type=ATG;rbs_motif=GGAGG;rbs_spacer=5-10bp;gc_cont=0.712
contig00826_2        -            286 46726at72274         -            190   2.4e-17   62.4   0.7   1   2     9e-07   7.5e-05   21.6   0.0    18    46    72   100    58   109 0.86 # 180 # 1037 # 1 # ID=826_2;partial=00;start_type=ATG;rbs_motif=AGGAG;rbs_spacer=5-10bp;gc_cont=0.675
contig00826_2        -            286 46726at72274         -            190   2.4e-17   62.4   0.7   2   2   3.6e-12     3e-10   39.2   0.1    77   177   179   282   156   284 0.80 # 180 # 1037 # 1 # ID=826_2;partial=00;start_type=ATG;rbs_motif=AGGAG;rbs_spacer=5-10bp;gc_cont=0.675
contig00120_4        -            234 46726at72274         -            190   2.5e-17   62.3   0.0   1   2   7.3e-09   6.1e-07   28.4   0.0    12    50    32    73    23    84 0.84 # 1692 # 2393 # -1 # ID=120_4;partial=00;start_type=ATG;rbs_motif=None;rbs_spacer=None;gc_cont=0.712
contig00120_4        -            234 46726at72274         -            190   2.5e-17   62.3   0.0   2   2   6.5e-10   5.4e-08   31.9   0.0    70   142   124   203   114   212 0.74 # 1692 # 2393 # -1 # ID=120_4;partial=00;start_type=ATG;rbs_motif=None;rbs_spacer=None;gc_cont=0.712
contig01932_1        -            258 46726at72274         -            190     3e-17   62.0   0.2   1   2   0.00026     0.022   13.6   0.0     8    48    22    65    19    71 0.84 # 64 # 837 # 1 # ID=1932_1;partial=00;start_type=ATG;rbs_motif=GGAG/GAGG;rbs_spacer=5-10bp;gc_cont=0.634
contig01932_1        -            258 46726at72274         -            190     3e-17   62.0   0.2   2   2   2.1e-14   1.7e-12   46.5   0.0    70   173   136   246   120   257 0.81 # 64 # 837 # 1 # ID=1932_1;partial=00;start_type=ATG;rbs_motif=GGAG/GAGG;rbs_spacer=5-10bp;gc_cont=0.634
contig00242_1        -            335 46726at72274         -            190   3.5e-17   61.8   0.1   1   2    0.0016      0.13   11.0   0.0    20    49     3    32     1    40 0.92 # 3 # 1007 # 1 # ID=242_1;partial=10;start_type=Edge;rbs_motif=None;rbs_spacer=None;gc_cont=0.693
contig00242_1        -            335 46726at72274         -            190   3.5e-17   61.8   0.1   2   2   5.2e-15   4.4e-13   48.5   0.1    77   155   100   182    50   197 0.85 # 3 # 1007 # 1 # ID=242_1;partial=10;start_type=Edge;rbs_motif=None;rbs_spacer=None;gc_cont=0.693
contig00945_1        -            308 46726at72274         -            190   9.7e-17   60.4   0.1   1   3   8.5e-07   7.1e-05   21.7   0.0     9    47    17    58    12    71 0.82 # 13 # 936 # -1 # ID=945_1;partial=00;start_type=ATG;rbs_motif=GGA/GAG/AGG;rbs_spacer=5-10bp;gc_cont=0.695
contig00945_1        -            308 46726at72274         -            190   9.7e-17   60.4   0.1   2   3       4.6   3.8e+02   -0.3   0.0    21    43   101   123    93   128 0.82 # 13 # 936 # -1 # ID=945_1;partial=00;start_type=ATG;rbs_motif=GGA/GAG/AGG;rbs_spacer=5-10bp;gc_cont=0.695
contig00945_1        -            308 46726at72274         -            190   9.7e-17   60.4   0.1   3   3   3.7e-11   3.1e-09   35.9   0.1    76   151   124   201   111   235 0.72 # 13 # 936 # -1 # ID=945_1;partial=00;start_type=ATG;rbs_motif=GGA/GAG/AGG;rbs_spacer=5-10bp;gc_cont=0.695
contig00515_2        -            279 46726at72274         -            190   1.1e-16   60.2   0.0   1   3   1.3e-05    0.0011   17.8   0.0    12    44    23    58    15    73 0.79 # 368 # 1204 # -1 # ID=515_2;partial=00;start_type=ATG;rbs_motif=GGAGG;rbs_spacer=5-10bp;gc_cont=0.687
contig00515_2        -            279 46726at72274         -            190   1.1e-16   60.2   0.0   2   3       6.2   5.2e+02   -0.7   0.0    44    65    81   102    71   114 0.70 # 368 # 1204 # -1 # ID=515_2;partial=00;start_type=ATG;rbs_motif=GGAGG;rbs_spacer=5-10bp;gc_cont=0.687
contig00515_2        -            279 46726at72274         -            190   1.1e-16   60.2   0.0   3   3   4.4e-12   3.7e-10   38.9   0.0    72   169   137   242   121   254 0.77 # 368 # 1204 # -1 # ID=515_2;partial=00;start_type=ATG;rbs_motif=GGAGG;rbs_spacer=5-10bp;gc_cont=0.687
contig00498_3        -            234 46726at72274         -            190   1.9e-16   59.4   0.4   1   2     1e-07   8.5e-06   24.7   0.1     9    49    17    60    12    78 0.86 # 1927 # 2628 # 1 # ID=498_3;partial=00;start_type=ATG;rbs_motif=GGA/GAG/AGG;rbs_spacer=5-10bp;gc_cont=0.644
contig00498_3        -            234 46726at72274         -            190   1.9e-16   59.4   0.4   2   2   2.5e-10   2.1e-08   33.2   0.0    77   154   126   206    97   228 0.78 # 1927 # 2628 # 1 # ID=498_3;partial=00;start_type=ATG;rbs_motif=GGA/GAG/AGG;rbs_spacer=5-10bp;gc_cont=0.644
contig00004_1        -            239 46726at72274         -            190   2.4e-16   59.1   0.0   1   2   3.5e-06   0.00029   19.7   0.0    17    58    41    84    31    94 0.87 # 3 # 719 # -1 # ID=4_1;partial=10;start_type=ATG;rbs_motif=AGGA/GGAG/GAGG;rbs_spacer=11-12bp;gc_cont=0.699
contig00004_1        -            239 46726at72274         -            190   2.4e-16   59.1   0.0   2   2   1.3e-11   1.1e-09   37.4   0.0    79   154   146   220   127   223 0.89 # 3 # 719 # -1 # ID=4_1;partial=10;start_type=ATG;rbs_motif=AGGA/GGAG/GAGG;rbs_spacer=11-12bp;gc_cont=0.699
contig02259_2        -            292 46726at72274         -            190   3.2e-16   58.7   0.6   1   1   7.7e-17   6.4e-15   54.4   0.6    17   141   120   267   102   276 0.76 # 82 # 957 # -1 # ID=2259_2;partial=01;start_type=Edge;rbs_motif=None;rbs_spacer=None;gc_cont=0.715
contig00646_4        -            228 46726at72274         -            190   3.7e-16   58.5   0.2   1   2     7e-05    0.0058   15.5   0.0     8    49    24    68    18    75 0.85 # 1339 # 2022 # 1 # ID=646_4;partial=00;start_type=ATG;rbs_motif=GGA/GAG/AGG;rbs_spacer=5-10bp;gc_cont=0.693
contig00646_4        -            228 46726at72274         -            190   3.7e-16   58.5   0.2   2   2   7.8e-13   6.5e-11   41.4   0.0    82   145   141   208    84   218 0.83 # 1339 # 2022 # 1 # ID=646_4;partial=00;start_type=ATG;rbs_motif=GGA/GAG/AGG;rbs_spacer=5-10bp;gc_cont=0.693
contig01192_3        -            245 46726at72274         -            190   6.1e-16   57.8   0.4   1   2   6.8e-06   0.00057   18.8   0.0     9    49    21    64    14    70 0.81 # 798 # 1532 # -1 # ID=1192_3;partial=00;start_type=GTG;rbs_motif=GGAGG;rbs_spacer=5-10bp;gc_cont=0.663
contig01192_3        -            245 46726at72274         -            190   6.1e-16   57.8   0.4   2   2   1.9e-11   1.6e-09   36.9   0.1    81   154   137   213   118   226 0.81 # 798 # 1532 # -1 # ID=1192_3;partial=00;start_type=GTG;rbs_motif=GGAGG;rbs_spacer=5-10bp;gc_cont=0.663
contig00731_2        -            325 46726at72274         -            190   7.7e-16   57.4   1.1   1   2     0.013       1.1    8.0   0.0     8    42    21    58    16    68 0.83 # 1017 # 1991 # 1 # ID=731_2;partial=00;start_type=ATG;rbs_motif=AGGAG;rbs_spacer=5-10bp;gc_cont=0.693
contig00731_2        -            325 46726at72274         -            190   7.7e-16   57.4   1.1   2   2   6.3e-15   5.2e-13   48.2   0.2    78   153   146   225   115   242 0.83 # 1017 # 1991 # 1 # ID=731_2;partial=00;start_type=ATG;rbs_motif=AGGAG;rbs_spacer=5-10bp;gc_cont=0.693
contig00028_7        -            361 46726at72274         -            190   8.1e-16   57.4   0.1   1   2   0.00015     0.012   14.4   0.0     6    49    19    65    16    77 0.86 # 7486 # 8568 # -1 # ID=28_7;partial=00;start_type=ATG;rbs_motif=None;rbs_spacer=None;gc_cont=0.676
contig00028_7        -            361 46726at72274         -            190   8.1e-16   57.4   0.1   2   2   1.1e-12   9.5e-11   40.8   0.0    64   145   117   201    99   228 0.77 # 7486 # 8568 # -1 # ID=28_7;partial=00;start_type=ATG;rbs_motif=None;rbs_spacer=None;gc_cont=0.676
contig00191_5        -            248 46726at72274         -            190   9.9e-16   57.1   0.1   1   2   0.00026     0.022   13.6   0.0    17    45    28    56    13    62 0.76 # 2972 # 3715 # 1 # ID=191_5;partial=00;start_type=ATG;rbs_motif=AGGAG;rbs_spacer=5-10bp;gc_cont=0.683
contig00191_5        -            248 46726at72274         -            190   9.9e-16   57.1   0.1   2   2   6.5e-13   5.5e-11   41.6   0.0    67   155   116   210    75   231 0.81 # 2972 # 3715 # 1 # ID=191_5;partial=00;start_type=ATG;rbs_motif=AGGAG;rbs_spacer=5-10bp;gc_cont=0.683
contig01363_2        -            336 46726at72274         -            190   1.3e-15   56.7   0.5   1   2   0.00011    0.0092   14.8   0.0    17    48    32    63    20    70 0.87 # 83 # 1090 # -1 # ID=1363_2;partial=00;start_type=GTG;rbs_motif=GGA/GAG/AGG;rbs_spacer=5-10bp;gc_cont=0.671
contig01363_2        -            336 46726at72274         -            190   1.3e-15   56.7   0.5   2   2   1.8e-12   1.5e-10   40.2   0.1    70   167   124   229    94   250 0.77 # 83 # 1090 # -1 # ID=1363_2;partial=00;start_type=GTG;rbs_motif=GGA/GAG/AGG;rbs_spacer=5-10bp;gc_cont=0.671
contig00577_2        -            241 46726at72274         -            190   1.6e-15   56.4   0.2   1   2   2.3e-05    0.0019   17.0   0.1     7    49    15    60    12    68 0.88 # 255 # 977 # 1 # ID=577_2;partial=00;start_type=ATG;rbs_motif=GGAG/GAGG;rbs_spacer=5-10bp;gc_cont=0.665
contig00577_2        -            241 46726at72274         -            190   1.6e-15   56.4   0.2   2   2   1.2e-11   9.8e-10   37.5   0.0    74   172   123   228    97   236 0.80 # 255 # 977 # 1 # ID=577_2;partial=00;start_type=ATG;rbs_motif=GGAG/GAGG;rbs_spacer=5-10bp;gc_cont=0.665
contig02856_1        -            225 46726at72274         -            190   2.3e-15   55.9   0.1   1   2   6.4e-07   5.4e-05   22.1   0.0     7    53    63   112    60   177 0.82 # 3 # 677 # -1 # ID=2856_1;partial=11;start_type=Edge;rbs_motif=None;rbs_spacer=None;gc_cont=0.747
contig02856_1        -            225 46726at72274         -            190   2.3e-15   55.9   0.1   2   2   5.3e-10   4.4e-08   32.2   0.0    85   123   185   223   176   225 0.95 # 3 # 677 # -1 # ID=2856_1;partial=11;start_type=Edge;rbs_motif=None;rbs_spacer=None;gc_cont=0.747
contig01341_1        -            235 46726at72274         -            190     3e-15   55.5   0.4   1   1   4.8e-17     4e-15   55.1   0.4    84   172     2    95     1   106 0.82 # 2 # 706 # 1 # ID=1341_1;partial=10;start_type=Edge;rbs_motif=None;rbs_spacer=None;gc_cont=0.655
contig00002_13       -            884 46726at72274         -            190   3.8e-15   55.2   2.5   1   2     1e-07   8.6e-06   24.7   0.1    79   147   409   482   392   488 0.83 # 12339 # 14990 # -1 # ID=2_13;partial=00;start_type=ATG;rbs_motif=AGGA;rbs_spacer=5-10bp;gc_cont=0.679
contig00002_13       -            884 46726at72274         -            190   3.8e-15   55.2   2.5   2   2   4.8e-09     4e-07   29.0   0.0    79   147   763   837   745   867 0.77 # 12339 # 14990 # -1 # ID=2_13;partial=00;start_type=ATG;rbs_motif=AGGA;rbs_spacer=5-10bp;gc_cont=0.679
contig00826_3        -            233 46726at72274         -            190   5.8e-15   54.6   0.3   1   2   1.3e-06   0.00011   21.1   0.1    17    48    28    59    14   112 0.89 # 1174 # 1872 # 1 # ID=826_3;partial=00;start_type=ATG;rbs_motif=GGA/GAG/AGG;rbs_spacer=5-10bp;gc_cont=0.685
contig00826_3        -            233 46726at72274         -            190   5.8e-15   54.6   0.3   2   2   1.4e-09   1.1e-07   30.8   0.0    78   154   127   207   111   225 0.75 # 1174 # 1872 # 1 # ID=826_3;partial=00;start_type=ATG;rbs_motif=GGA/GAG/AGG;rbs_spacer=5-10bp;gc_cont=0.685
contig00059_7        -            268 46726at72274         -            190     1e-14   53.8   0.0   1   2   4.8e-07     4e-05   22.5   0.0     7    49    17    62    12    75 0.86 # 5637 # 6440 # -1 # ID=59_7;partial=00;start_type=GTG;rbs_motif=None;rbs_spacer=None;gc_cont=0.731
contig00059_7        -            268 46726at72274         -            190     1e-14   53.8   0.0   2   2   3.9e-09   3.3e-07   29.3   0.0    80   154   142   220   118   244 0.76 # 5637 # 6440 # -1 # ID=59_7;partial=00;start_type=GTG;rbs_motif=None;rbs_spacer=None;gc_cont=0.731
contig02138_1        -            313 46726at72274         -            190   2.2e-14   52.7   0.0   1   2   0.00024      0.02   13.7   0.0     8    56    16    71    11    94 0.75 # 78 # 1016 # 1 # ID=2138_1;partial=01;start_type=ATG;rbs_motif=None;rbs_spacer=None;gc_cont=0.658
contig02138_1        -            313 46726at72274         -            190   2.2e-14   52.7   0.0   2   2   1.7e-11   1.5e-09   37.0   0.0    77   155   142   220   124   235 0.90 # 78 # 1016 # 1 # ID=2138_1;partial=01;start_type=ATG;rbs_motif=None;rbs_spacer=None;gc_cont=0.658
contig01160_1        -            588 46726at72274         -            190   3.1e-14   52.2   1.1   1   2   1.3e-06   0.00011   21.1   0.1    17    49   409   441   397   478 0.89 # 1 # 1764 # 1 # ID=1160_1;partial=11;start_type=Edge;rbs_motif=None;rbs_spacer=None;gc_cont=0.697
contig01160_1        -            588 46726at72274         -            190   3.1e-14   52.2   1.1   2   2   4.3e-09   3.6e-07   29.2   0.1    83   140   516   574   507   588 0.76 # 1 # 1764 # 1 # ID=1160_1;partial=11;start_type=Edge;rbs_motif=None;rbs_spacer=None;gc_cont=0.697
contig01349_2        -            241 46726at72274         -            190   5.3e-14   51.5   0.1   1   1   1.5e-15   1.3e-13   50.2   0.0    79   177    10   115     3   123 0.82 # 855 # 1577 # -1 # ID=1349_2;partial=01;start_type=Edge;rbs_motif=None;rbs_spacer=None;gc_cont=0.657
contig02340_1        -            280 46726at72274         -            190   5.6e-14   51.4   0.1   1   2   0.00019     0.016   14.0   0.0     6    54    46    97    44   164 0.76 # 82 # 921 # -1 # ID=2340_1;partial=01;start_type=Edge;rbs_motif=None;rbs_spacer=None;gc_cont=0.658
contig02340_1        -            280 46726at72274         -            190   5.6e-14   51.4   0.1   2   2   4.8e-11     4e-09   35.6   0.1    85   174   171   263   161   273 0.76 # 82 # 921 # -1 # ID=2340_1;partial=01;start_type=Edge;rbs_motif=None;rbs_spacer=None;gc_cont=0.658
contig01739_1        -            263 46726at72274         -            190     9e-14   50.7   0.0   1   1   1.5e-15   1.2e-13   50.3   0.0    69   156    16   110     9   151 0.84 # 1 # 789 # 1 # ID=1739_1;partial=10;start_type=Edge;rbs_motif=None;rbs_spacer=None;gc_cont=0.678
contig03205_1        -            183 46726at72274         -            190   9.8e-14   50.6   0.0   1   1   1.5e-15   1.2e-13   50.2   0.0    78   152    28   102    13   115 0.92 # 3 # 551 # -1 # ID=3205_1;partial=11;start_type=Edge;rbs_motif=None;rbs_spacer=None;gc_cont=0.679
contig03010_1        -            204 46726at72274         -            190   1.3e-13   50.2   0.3   1   2   0.00017     0.014   14.2   0.1    17    48    25    56    11    65 0.87 # 1 # 612 # 1 # ID=3010_1;partial=11;start_type=Edge;rbs_motif=None;rbs_spacer=None;gc_cont=0.649
contig03010_1        -            204 46726at72274         -            190   1.3e-13   50.2   0.3   2   2   1.3e-10   1.1e-08   34.2   0.0    79   144   129   198   114   204 0.85 # 1 # 612 # 1 # ID=3010_1;partial=11;start_type=Edge;rbs_motif=None;rbs_spacer=None;gc_cont=0.649
contig02609_1        -            242 46726at72274         -            190   1.3e-13   50.2   0.0   1   2   9.8e-09   8.2e-07   28.0   0.0    17    49    59    91    48   109 0.89 # 68 # 793 # -1 # ID=2609_1;partial=01;start_type=Edge;rbs_motif=None;rbs_spacer=None;gc_cont=0.602
contig02609_1        -            242 46726at72274         -            190   1.3e-13   50.2   0.0   2   2   2.5e-06    0.0002   20.2   0.0    71   144   141   220   124   234 0.79 # 68 # 793 # -1 # ID=2609_1;partial=01;start_type=Edge;rbs_motif=None;rbs_spacer=None;gc_cont=0.602
contig00349_2        -            278 46726at72274         -            190   1.8e-13   49.7   0.0   1   2    0.0034      0.28   10.0   0.0    17    36    57    76    41    93 0.74 # 946 # 1779 # 1 # ID=349_2;partial=00;start_type=ATG;rbs_motif=GGAG/GAGG;rbs_spacer=5-10bp;gc_cont=0.629
contig00349_2        -            278 46726at72274         -            190   1.8e-13   49.7   0.0   2   2     1e-11   8.5e-10   37.7   0.0    80   147   169   238   134   247 0.80 # 946 # 1779 # 1 # ID=349_2;partial=00;start_type=ATG;rbs_motif=GGAG/GAGG;rbs_spacer=5-10bp;gc_cont=0.629
contig03154_1        -            146 46726at72274         -            190   2.3e-12   46.1   0.1   1   1   3.2e-14   2.7e-12   45.9   0.1    83   153    27   101     3   109 0.82 # 1 # 438 # 1 # ID=3154_1;partial=10;start_type=Edge;rbs_motif=None;rbs_spacer=None;gc_cont=0.699
contig02722_2        -            141 46726at72274         -            190   9.1e-12   44.2   0.0   1   1   1.4e-13   1.1e-11   43.9   0.0    84   162    34   114    25   136 0.77 # 322 # 744 # -1 # ID=2722_2;partial=01;start_type=Edge;rbs_motif=None;rbs_spacer=None;gc_cont=0.709
contig00878_2        -            240 46726at72274         -            190   1.5e-11   43.5   0.0   1   2    0.0026      0.22   10.3   0.0    19    56    34    72    25    84 0.76 # 1098 # 1817 # 1 # ID=878_2;partial=00;start_type=ATG;rbs_motif=None;rbs_spacer=None;gc_cont=0.750
contig00878_2        -            240 46726at72274         -            190   1.5e-11   43.5   0.0   2   2   1.1e-09   9.3e-08   31.1   0.0    77   148   140   215   122   223 0.75 # 1098 # 1817 # 1 # ID=878_2;partial=00;start_type=ATG;rbs_motif=None;rbs_spacer=None;gc_cont=0.750
contig00897_2        -            265 46726at72274         -            190     4e-11   42.1   1.1   1   2   7.9e-06   0.00066   18.5   0.0    17    48    33    64    19    75 0.86 # 406 # 1200 # -1 # ID=897_2;partial=00;start_type=ATG;rbs_motif=GGAG/GAGG;rbs_spacer=5-10bp;gc_cont=0.692
contig00897_2        -            265 46726at72274         -            190     4e-11   42.1   1.1   2   2   7.4e-07   6.2e-05   21.9   0.3    81   156   145   224   130   249 0.86 # 406 # 1200 # -1 # ID=897_2;partial=00;start_type=ATG;rbs_motif=GGAG/GAGG;rbs_spacer=5-10bp;gc_cont=0.692
contig01633_3        -            144 46726at72274         -            190   5.9e-11   41.5   0.0   1   1   8.8e-13   7.3e-11   41.2   0.0    83   170    35   124    27   137 0.80 # 920 # 1351 # -1 # ID=1633_3;partial=01;start_type=Edge;rbs_motif=None;rbs_spacer=None;gc_cont=0.683
contig00588_3        -            162 46726at72274         -            190   1.7e-10   40.0   0.1   1   1   2.5e-12     2e-10   39.8   0.1    71   145    58   139    31   149 0.78 # 2226 # 2711 # -1 # ID=588_3;partial=01;start_type=Edge;rbs_motif=None;rbs_spacer=None;gc_cont=0.706
contig03279_1        -            173 46726at72274         -            190   1.9e-10   39.8   0.0   1   1     3e-12   2.5e-10   39.5   0.0    77   167    66   165    49   170 0.76 # 1 # 519 # -1 # ID=3279_1;partial=11;start_type=Edge;rbs_motif=None;rbs_spacer=None;gc_cont=0.730
contig02944_1        -            170 46726at72274         -            190   2.6e-10   39.4   0.0   1   1   4.8e-12     4e-10   38.8   0.0    76   143    76   147    60   158 0.84 # 2 # 511 # 1 # ID=2944_1;partial=10;start_type=Edge;rbs_motif=None;rbs_spacer=None;gc_cont=0.706
contig02782_1        -            166 46726at72274         -            190   3.1e-10   39.2   0.3   1   1   4.8e-12     4e-10   38.8   0.3    90   153     1    68     1    80 0.88 # 2 # 499 # 1 # ID=2782_1;partial=10;start_type=Edge;rbs_motif=None;rbs_spacer=None;gc_cont=0.687
contig01188_2        -            238 46726at72274         -            190   3.9e-10   38.8   0.0   1   1   8.6e-12   7.2e-10   38.0   0.0    78   156   116   197    79   216 0.74 # 1019 # 1732 # -1 # ID=1188_2;partial=01;start_type=Edge;rbs_motif=None;rbs_spacer=None;gc_cont=0.742
contig01158_1        -            144 46726at72274         -            190   8.1e-10   37.8   0.0   1   1   1.2e-11     1e-09   37.5   0.0    67   171    11   126     3   133 0.70 # 1 # 432 # 1 # ID=1158_1;partial=10;start_type=Edge;rbs_motif=None;rbs_spacer=None;gc_cont=0.674
contig00359_3        -            149 46726at72274         -            190   4.5e-09   35.4   0.0   1   2   1.3e-08   1.1e-06   27.6   0.0     8    50    23    68    19    78 0.86 # 3016 # 3462 # 1 # ID=359_3;partial=01;start_type=ATG;rbs_motif=GGA/GAG/AGG;rbs_spacer=5-10bp;gc_cont=0.655
contig00359_3        -            149 46726at72274         -            190   4.5e-09   35.4   0.0   2   2     0.059       4.9    5.9   0.0    63    95   118   149   106   149 0.78 # 3016 # 3462 # 1 # ID=359_3;partial=01;start_type=ATG;rbs_motif=GGA/GAG/AGG;rbs_spacer=5-10bp;gc_cont=0.655
contig00381_1        -            145 46726at72274         -            190   4.8e-09   35.3   0.0   1   1   7.5e-11   6.2e-09   34.9   0.0    85   176    40   134    34   140 0.80 # 2 # 436 # 1 # ID=381_1;partial=10;start_type=Edge;rbs_motif=None;rbs_spacer=None;gc_cont=0.713
contig01473_1        -            338 46726at72274         -            190   1.1e-07   30.9   0.2   1   2   1.1e-08   8.8e-07   27.9   0.0    77   168    54   149    31   158 0.84 # 3 # 1016 # 1 # ID=1473_1;partial=10;start_type=Edge;rbs_motif=None;rbs_spacer=None;gc_cont=0.664
contig01473_1        -            338 46726at72274         -            190   1.1e-07   30.9   0.2   2   2       2.6   2.2e+02    0.5   0.3    73   129   165   221   153   234 0.79 # 3 # 1016 # 1 # ID=1473_1;partial=10;start_type=Edge;rbs_motif=None;rbs_spacer=None;gc_cont=0.664
contig01978_2        -             77 46726at72274         -            190   2.1e-07   29.9   0.0   1   1   2.9e-09   2.4e-07   29.8   0.0    17    49    38    70    25    75 0.84 # 868 # 1098 # 1 # ID=1978_2;partial=01;start_type=ATG;rbs_motif=None;rbs_spacer=None;gc_cont=0.680
contig02377_2        -             84 46726at72274         -            190   3.9e-07   29.1   0.0   1   1   5.6e-09   4.7e-07   28.8   0.0     9    50    21    65    17    72 0.87 # 644 # 895 # 1 # ID=2377_2;partial=01;start_type=GTG;rbs_motif=None;rbs_spacer=None;gc_cont=0.679
contig02472_1        -            123 46726at72274         -            190   4.3e-07   28.9   0.0   1   1   6.4e-09   5.4e-07   28.6   0.0     6    84    19   106    15   111 0.80 # 2 # 370 # -1 # ID=2472_1;partial=10;start_type=TTG;rbs_motif=GGAG/GAGG;rbs_spacer=5-10bp;gc_cont=0.667
contig01105_3        -            163 46726at72274         -            190   7.7e-07   28.1   0.1   1   1   1.5e-08   1.2e-06   27.5   0.0    83   129    75   121    49   147 0.77 # 1350 # 1838 # -1 # ID=1105_3;partial=01;start_type=Edge;rbs_motif=None;rbs_spacer=None;gc_cont=0.701
contig00048_6        -            103 46726at72274         -            190   1.3e-06   27.4   0.1   1   1   1.7e-08   1.4e-06   27.3   0.1    91   156     1    69     1    89 0.85 # 7518 # 7826 # -1 # ID=48_6;partial=01;start_type=Edge;rbs_motif=None;rbs_spacer=None;gc_cont=0.650
contig00561_2        -            664 46726at72274         -            190   1.7e-06   27.0   0.6   1   2   1.9e-06   0.00016   20.5   0.0    75   171   477   584   456   590 0.68 # 783 # 2774 # 1 # ID=561_2;partial=01;start_type=GTG;rbs_motif=GGAG/GAGG;rbs_spacer=5-10bp;gc_cont=0.656
contig00561_2        -            664 46726at72274         -            190   1.7e-06   27.0   0.6   2   2      0.38        32    3.2   0.1     9    37   623   654   618   661 0.71 # 783 # 2774 # 1 # ID=561_2;partial=01;start_type=GTG;rbs_motif=GGAG/GAGG;rbs_spacer=5-10bp;gc_cont=0.656
contig00385_1        -             99 46726at72274         -            190   1.4e-05   24.0   0.0   1   1   2.1e-07   1.7e-05   23.7   0.0     7    49    18    63    14    72 0.87 # 1 # 297 # -1 # ID=385_1;partial=10;start_type=ATG;rbs_motif=GGAGG;rbs_spacer=5-10bp;gc_cont=0.697
contig03261_1        -            175 46726at72274         -            190   1.6e-05   23.8   0.1   1   1   3.3e-07   2.7e-05   23.0   0.1     8    48   100   143    96   170 0.86 # 2 # 526 # 1 # ID=3261_1;partial=11;start_type=Edge;rbs_motif=None;rbs_spacer=None;gc_cont=0.674
contig03178_2        -            128 46726at72274         -            190   4.5e-05   22.4   0.1   1   1     2e-06   0.00017   20.5   0.1     9    50    24    68    19   109 0.87 # 177 # 560 # 1 # ID=3178_2;partial=01;start_type=ATG;rbs_motif=GGA/GAG/AGG;rbs_spacer=5-10bp;gc_cont=0.703
contig00913_1        -            388 46726at72274         -            190   5.3e-05   22.1   0.1   1   2     0.022       1.8    7.3   0.0     9    48    13    53     7    65 0.82 # 50 # 1213 # 1 # ID=913_1;partial=00;start_type=ATG;rbs_motif=GGA/GAG/AGG;rbs_spacer=5-10bp;gc_cont=0.721
contig00913_1        -            388 46726at72274         -            190   5.3e-05   22.1   0.1   2   2   0.00051     0.042   12.6   0.0    81   146   281   350   265   359 0.81 # 50 # 1213 # 1 # ID=913_1;partial=00;start_type=ATG;rbs_motif=GGA/GAG/AGG;rbs_spacer=5-10bp;gc_cont=0.721
contig00226_4        -             89 46726at72274         -            190   0.00015   20.6   0.0   1   1   2.3e-06   0.00019   20.3   0.0    10    49    39    81    29    85 0.84 # 3920 # 4186 # 1 # ID=226_4;partial=01;start_type=ATG;rbs_motif=GGAG/GAGG;rbs_spacer=5-10bp;gc_cont=0.622
contig02733_2        -            121 46726at72274         -            190   0.00017   20.4   0.0   1   1   2.7e-06   0.00023   20.0   0.0    95   151     2    63     1    68 0.78 # 373 # 735 # -1 # ID=2733_2;partial=01;start_type=Edge;rbs_motif=None;rbs_spacer=None;gc_cont=0.683
contig00058_8        -            115 46726at72274         -            190   0.00021   20.1   0.1   1   1   3.9e-06   0.00032   19.5   0.1    17    50    28    61    14   109 0.82 # 7127 # 7471 # 1 # ID=58_8;partial=01;start_type=ATG;rbs_motif=GGA/GAG/AGG;rbs_spacer=5-10bp;gc_cont=0.600
contig01963_2        -            140 46726at72274         -            190   0.00054   18.8   0.1   1   1   1.3e-05    0.0011   17.8   0.1     9    48    22    64    17    98 0.86 # 688 # 1107 # 1 # ID=1963_2;partial=01;start_type=ATG;rbs_motif=AGGAG;rbs_spacer=5-10bp;gc_cont=0.629
contig01445_1        -             74 46726at72274         -            190   0.00074   18.4   0.0   1   1     1e-05   0.00083   18.2   0.0    10    47    34    74    28    74 0.79 # 1 # 222 # -1 # ID=1445_1;partial=10;start_type=ATG;rbs_motif=GGAG/GAGG;rbs_spacer=5-10bp;gc_cont=0.694
contig03286_2        -            138 46726at72274         -            190   0.00086   18.2   0.0   1   1   1.5e-05    0.0013   17.6   0.0     7    47    29    72    26    79 0.87 # 102 # 515 # 1 # ID=3286_2;partial=01;start_type=ATG;rbs_motif=None;rbs_spacer=None;gc_cont=0.688
contig02191_1        -             44 46726at72274         -            190    0.0016   17.3   0.0   1   1   2.1e-05    0.0018   17.1   0.0     6    33    14    44    10    44 0.85 # 1 # 132 # -1 # ID=2191_1;partial=10;start_type=ATG;rbs_motif=GGxGG;rbs_spacer=5-10bp;gc_cont=0.644
contig00731_3        -            136 46726at72274         -            190    0.0052   15.6   0.0   1   1   7.9e-05    0.0066   15.3   0.0     9    49    30    73    24    99 0.85 # 1991 # 2398 # 1 # ID=731_3;partial=01;start_type=ATG;rbs_motif=GGAG/GAGG;rbs_spacer=5-10bp;gc_cont=0.664
contig00568_4        -            129 46726at72274         -            190    0.0072   15.2   0.1   1   1   0.00014     0.011   14.5   0.1    17    48    54    85    39    95 0.88 # 2373 # 2759 # 1 # ID=568_4;partial=01;start_type=ATG;rbs_motif=GGA/GAG/AGG;rbs_spacer=5-10bp;gc_cont=0.649
contig01568_1        -             93 46726at72274         -            190     0.016   14.0   0.0   1   1    0.0002     0.016   14.0   0.0   105   164     3    64     1    87 0.72 # 3 # 281 # 1 # ID=1568_1;partial=10;start_type=Edge;rbs_motif=None;rbs_spacer=None;gc_cont=0.703
contig00801_3        -            164 46726at72274         -            190     0.032   13.0   0.0   1   1   0.00056     0.047   12.5   0.0    17    49    46    78    32    81 0.85 # 1786 # 2277 # 1 # ID=801_3;partial=01;start_type=ATG;rbs_motif=GGAGG;rbs_spacer=5-10bp;gc_cont=0.720
contig01879_2        -            231 46726at72274         -            190     0.065   12.0   0.1   1   1    0.0021      0.17   10.7   0.0    95   138    42    83    16    94 0.85 # 203 # 895 # 1 # ID=1879_2;partial=00;start_type=ATG;rbs_motif=None;rbs_spacer=None;gc_cont=0.687
#
# Program:         hmmsearch
# Version:         3.1b2 (February 2015)
# Pipeline mode:   SEARCH
# Query file:      /home/johngn/Microbial-Genomics-Journey-Workshop-2023/Reads_session_3/busco_downloads/lineages/pseudomonadales_odb10/hmms/46726at72274.hmm
# Target file:     /home/johngn/Microbial-Genomics-Journey-Workshop-2023/Reads_session_3/busco_op4/prodigal_output/predicted_genes/predicted.faa
# Option settings: hmmsearch --domtblout /home/johngn/Microbial-Genomics-Journey-Workshop-2023/Reads_session_3/busco_op4/run_pseudomonadales_odb10/hmmer_output/46726at72274.out --cpu 1 /home/johngn/Microbial-Genomics-Journey-Workshop-2023/Reads_session_3/busco_downloads/lineages/pseudomonadales_odb10/hmms/46726at72274.hmm /home/johngn/Microbial-Genomics-Journey-Workshop-2023/Reads_session_3/busco_op4/prodigal_output/predicted_genes/predicted.faa 
# Current dir:     /home/johngn/Microbial-Genomics-Journey-Workshop-2023/Reads_session_3
# Date:            Wed Mar  8 17:01:33 2023
# [ok]
