#                                                                            --- full sequence --- -------------- this domain -------------   hmm coord   ali coord   env coord
# target name        accession   tlen query name           accession   qlen   E-value  score  bias   #  of  c-Evalue  i-Evalue  score  bias  from    to  from    to  from    to  acc description of target
#------------------- ---------- ----- -------------------- ---------- ----- --------- ------ ----- --- --- --------- --------- ------ ----- ----- ----- ----- ----- ----- ----- ---- ---------------------
contig03222_1        -            148 47736at72274         -            238   1.7e-50  170.4   0.0   1   1   1.9e-53   2.3e-50  170.0   0.0     1   126     1   148     1   148 0.96 # 100 # 543 # 1 # ID=3222_1;partial=01;start_type=ATG;rbs_motif=None;rbs_spacer=None;gc_cont=0.622
contig00939_1        -             65 47736at72274         -            238   0.00024   19.3   0.1   1   1   2.2e-07   0.00026   19.2   0.1     3    47    11    55     9    62 0.89 # 3 # 197 # -1 # ID=939_1;partial=10;start_type=ATG;rbs_motif=GGA/GAG/AGG;rbs_spacer=5-10bp;gc_cont=0.595
contig01959_2        -             81 47736at72274         -            238    0.0056   14.8   0.0   1   1   4.9e-06    0.0059   14.8   0.0    20    56    23    60    10    75 0.87 # 867 # 1109 # 1 # ID=1959_2;partial=01;start_type=ATG;rbs_motif=GGAG/GAGG;rbs_spacer=5-10bp;gc_cont=0.708
contig00857_1        -            303 47736at72274         -            238     0.017   13.3   0.0   1   1   2.4e-05     0.028   12.5   0.0     8    56    15    64     8    87 0.88 # 23 # 931 # -1 # ID=857_1;partial=00;start_type=ATG;rbs_motif=GGAG/GAGG;rbs_spacer=5-10bp;gc_cont=0.673
contig03078_1        -            140 47736at72274         -            238     0.021   13.0   0.0   1   1   2.3e-05     0.028   12.6   0.0    14    61    15    63     3    75 0.78 # 3 # 422 # -1 # ID=3078_1;partial=10;start_type=ATG;rbs_motif=GGAG/GAGG;rbs_spacer=5-10bp;gc_cont=0.731
contig01057_1        -            310 47736at72274         -            238     0.029   12.5   0.0   1   1   3.9e-05     0.047   11.8   0.0    12    58    23    70    14    79 0.89 # 2 # 931 # 1 # ID=1057_1;partial=10;start_type=Edge;rbs_motif=None;rbs_spacer=None;gc_cont=0.692
contig01682_1        -            322 47736at72274         -            238     0.053   11.7   0.0   1   1   5.6e-05     0.068   11.3   0.0     2    59     7    66     6   131 0.87 # 2 # 967 # 1 # ID=1682_1;partial=10;start_type=Edge;rbs_motif=None;rbs_spacer=None;gc_cont=0.707
#
# Program:         hmmsearch
# Version:         3.1b2 (February 2015)
# Pipeline mode:   SEARCH
# Query file:      /home/johngn/Microbial-Genomics-Journey-Workshop-2023/Reads_session_3/busco_downloads/lineages/pseudomonadales_odb10/hmms/47736at72274.hmm
# Target file:     /home/johngn/Microbial-Genomics-Journey-Workshop-2023/Reads_session_3/busco_op4/prodigal_output/predicted_genes/predicted.faa
# Option settings: hmmsearch --domtblout /home/johngn/Microbial-Genomics-Journey-Workshop-2023/Reads_session_3/busco_op4/run_pseudomonadales_odb10/hmmer_output/47736at72274.out --cpu 1 /home/johngn/Microbial-Genomics-Journey-Workshop-2023/Reads_session_3/busco_downloads/lineages/pseudomonadales_odb10/hmms/47736at72274.hmm /home/johngn/Microbial-Genomics-Journey-Workshop-2023/Reads_session_3/busco_op4/prodigal_output/predicted_genes/predicted.faa 
# Current dir:     /home/johngn/Microbial-Genomics-Journey-Workshop-2023/Reads_session_3
# Date:            Wed Mar  8 17:01:33 2023
# [ok]
