#                                                                            --- full sequence --- -------------- this domain -------------   hmm coord   ali coord   env coord
# target name        accession   tlen query name           accession   qlen   E-value  score  bias   #  of  c-Evalue  i-Evalue  score  bias  from    to  from    to  from    to  acc description of target
#------------------- ---------- ----- -------------------- ---------- ----- --------- ------ ----- --- --- --------- --------- ------ ----- ----- ----- ----- ----- ----- ----- ---- ---------------------
contig02485_2        -            225 47841at72274         -            175   8.6e-69  229.8   0.0   1   1   8.5e-71   1.4e-67  225.8   0.0     1   175     1   218     1   218 0.89 # 84 # 758 # 1 # ID=2485_2;partial=00;start_type=ATG;rbs_motif=GGAG/GAGG;rbs_spacer=5-10bp;gc_cont=0.686
contig00008_13       -            349 47841at72274         -            175     8e-17   60.6   0.0   1   2   6.3e-19   1.1e-15   56.9   0.0     5   105   124   237   121   243 0.83 # 11845 # 12891 # -1 # ID=8_13;partial=00;start_type=ATG;rbs_motif=AGGA;rbs_spacer=5-10bp;gc_cont=0.463
contig00008_13       -            349 47841at72274         -            175     8e-17   60.6   0.0   2   2     0.091   1.5e+02    1.0   0.0   126   170   283   338   273   343 0.60 # 11845 # 12891 # -1 # ID=8_13;partial=00;start_type=ATG;rbs_motif=AGGA;rbs_spacer=5-10bp;gc_cont=0.463
contig00333_3        -            280 47841at72274         -            175   1.9e-09   36.5   0.0   1   2     3e-11   5.1e-08   31.9   0.0     2    71     4    73     3    79 0.94 # 1939 # 2778 # -1 # ID=333_3;partial=00;start_type=ATG;rbs_motif=AGGA;rbs_spacer=5-10bp;gc_cont=0.615
contig00333_3        -            280 47841at72274         -            175   1.9e-09   36.5   0.0   2   2     0.028        48    2.7   0.0    73   104   109   141    74   153 0.68 # 1939 # 2778 # -1 # ID=333_3;partial=00;start_type=ATG;rbs_motif=AGGA;rbs_spacer=5-10bp;gc_cont=0.615
contig00094_2        -            221 47841at72274         -            175   1.5e-06   27.1   0.1   1   2   1.6e-08   2.8e-05   23.0   0.1     2    47     6    48     5   116 0.90 # 1583 # 2245 # -1 # ID=94_2;partial=00;start_type=GTG;rbs_motif=AGGAG;rbs_spacer=5-10bp;gc_cont=0.641
contig00094_2        -            221 47841at72274         -            175   1.5e-06   27.1   0.1   2   2     0.051        85    1.8   0.0   125   140   159   174   136   205 0.85 # 1583 # 2245 # -1 # ID=94_2;partial=00;start_type=GTG;rbs_motif=AGGAG;rbs_spacer=5-10bp;gc_cont=0.641
contig02448_1        -            286 47841at72274         -            175   5.6e-06   25.2   0.1   1   1     6e-09     1e-05   24.4   0.1     3    96     4   102     2   120 0.71 # 3 # 860 # 1 # ID=2448_1;partial=11;start_type=Edge;rbs_motif=None;rbs_spacer=None;gc_cont=0.678
#
# Program:         hmmsearch
# Version:         3.1b2 (February 2015)
# Pipeline mode:   SEARCH
# Query file:      /home/johngn/Microbial-Genomics-Journey-Workshop-2023/Reads_session_3/busco_downloads/lineages/pseudomonadales_odb10/hmms/47841at72274.hmm
# Target file:     /home/johngn/Microbial-Genomics-Journey-Workshop-2023/Reads_session_3/busco_op4/prodigal_output/predicted_genes/predicted.faa
# Option settings: hmmsearch --domtblout /home/johngn/Microbial-Genomics-Journey-Workshop-2023/Reads_session_3/busco_op4/run_pseudomonadales_odb10/hmmer_output/47841at72274.out --cpu 1 /home/johngn/Microbial-Genomics-Journey-Workshop-2023/Reads_session_3/busco_downloads/lineages/pseudomonadales_odb10/hmms/47841at72274.hmm /home/johngn/Microbial-Genomics-Journey-Workshop-2023/Reads_session_3/busco_op4/prodigal_output/predicted_genes/predicted.faa 
# Current dir:     /home/johngn/Microbial-Genomics-Journey-Workshop-2023/Reads_session_3
# Date:            Wed Mar  8 17:01:33 2023
# [ok]
