#                                                                            --- full sequence --- -------------- this domain -------------   hmm coord   ali coord   env coord
# target name        accession   tlen query name           accession   qlen   E-value  score  bias   #  of  c-Evalue  i-Evalue  score  bias  from    to  from    to  from    to  acc description of target
#------------------- ---------- ----- -------------------- ---------- ----- --------- ------ ----- --- --- --------- --------- ------ ----- ----- ----- ----- ----- ----- ----- ---- ---------------------
contig00669_1        -            390 4793at72274          -            550  1.5e-218  725.3   8.4   1   1    1e-221  1.7e-218  725.1   8.4     1   363     1   390     1   390 0.96 # 2 # 1171 # -1 # ID=669_1;partial=10;start_type=ATG;rbs_motif=GGAG/GAGG;rbs_spacer=5-10bp;gc_cont=0.631
contig00068_5        -            620 4793at72274          -            550  1.7e-121  404.9   0.2   1   1  1.4e-124  2.4e-121  404.5   0.2     5   503    22   531    19   552 0.90 # 2158 # 4017 # 1 # ID=68_5;partial=00;start_type=ATG;rbs_motif=None;rbs_spacer=None;gc_cont=0.676
contig02400_2        -            232 4793at72274          -            550   1.3e-73  246.9  19.6   1   2   4.2e-76   7.1e-73  244.5   8.1   380   530     1   169     1   173 0.92 # 190 # 885 # -1 # ID=2400_2;partial=01;start_type=Edge;rbs_motif=None;rbs_spacer=None;gc_cont=0.645
contig02400_2        -            232 4793at72274          -            550   1.3e-73  246.9  19.6   2   2   0.00089       1.5    5.7   3.7   533   550   212   229   170   229 0.69 # 190 # 885 # -1 # ID=2400_2;partial=01;start_type=Edge;rbs_motif=None;rbs_spacer=None;gc_cont=0.645
contig02108_1        -            304 4793at72274          -            550   1.6e-06   25.5   0.1   1   2   2.6e-09   4.3e-06   24.0   0.1   128   219     8   112     2   133 0.71 # 125 # 1036 # -1 # ID=2108_1;partial=01;start_type=Edge;rbs_motif=None;rbs_spacer=None;gc_cont=0.672
contig02108_1        -            304 4793at72274          -            550   1.6e-06   25.5   0.1   2   2      0.14   2.4e+02   -1.6   0.0   278   326   219   271   192   296 0.82 # 125 # 1036 # -1 # ID=2108_1;partial=01;start_type=Edge;rbs_motif=None;rbs_spacer=None;gc_cont=0.672
contig00121_5        -            346 4793at72274          -            550   1.6e-05   22.1   0.1   1   2     0.014        24    1.8   0.0     6    60    14    67    10    78 0.72 # 2509 # 3546 # -1 # ID=121_5;partial=00;start_type=ATG;rbs_motif=GGA/GAG/AGG;rbs_spacer=11-12bp;gc_cont=0.662
contig00121_5        -            346 4793at72274          -            550   1.6e-05   22.1   0.1   2   2   1.5e-07   0.00025   18.2   0.0   112   197    94   183    75   218 0.78 # 2509 # 3546 # -1 # ID=121_5;partial=00;start_type=ATG;rbs_motif=GGA/GAG/AGG;rbs_spacer=11-12bp;gc_cont=0.662
#
# Program:         hmmsearch
# Version:         3.1b2 (February 2015)
# Pipeline mode:   SEARCH
# Query file:      /home/johngn/Microbial-Genomics-Journey-Workshop-2023/Reads_session_3/busco_downloads/lineages/pseudomonadales_odb10/hmms/4793at72274.hmm
# Target file:     /home/johngn/Microbial-Genomics-Journey-Workshop-2023/Reads_session_3/busco_op4/prodigal_output/predicted_genes/predicted.faa
# Option settings: hmmsearch --domtblout /home/johngn/Microbial-Genomics-Journey-Workshop-2023/Reads_session_3/busco_op4/run_pseudomonadales_odb10/hmmer_output/4793at72274.out --cpu 1 /home/johngn/Microbial-Genomics-Journey-Workshop-2023/Reads_session_3/busco_downloads/lineages/pseudomonadales_odb10/hmms/4793at72274.hmm /home/johngn/Microbial-Genomics-Journey-Workshop-2023/Reads_session_3/busco_op4/prodigal_output/predicted_genes/predicted.faa 
# Current dir:     /home/johngn/Microbial-Genomics-Journey-Workshop-2023/Reads_session_3
# Date:            Wed Mar  8 17:01:33 2023
# [ok]
