#                                                                            --- full sequence --- -------------- this domain -------------   hmm coord   ali coord   env coord
# target name        accession   tlen query name           accession   qlen   E-value  score  bias   #  of  c-Evalue  i-Evalue  score  bias  from    to  from    to  from    to  acc description of target
#------------------- ---------- ----- -------------------- ---------- ----- --------- ------ ----- --- --- --------- --------- ------ ----- ----- ----- ----- ----- ----- ----- ---- ---------------------
contig00968_2        -            562 4804at72274          -            495  2.7e-229  760.8  24.1   1   3   1.3e-43   9.2e-41  138.9   0.1    42   127    21   110    12   138 0.90 # 330 # 2015 # -1 # ID=968_2;partial=01;start_type=Edge;rbs_motif=None;rbs_spacer=None;gc_cont=0.651
contig00968_2        -            562 4804at72274          -            495  2.7e-229  760.8  24.1   2   3   2.5e-72   1.7e-69  233.6   0.4   139   279   157   312   147   322 0.92 # 330 # 2015 # -1 # ID=968_2;partial=01;start_type=Edge;rbs_motif=None;rbs_spacer=None;gc_cont=0.651
contig00968_2        -            562 4804at72274          -            495  2.7e-229  760.8  24.1   3   3  3.3e-121  2.3e-118  394.9  13.5   266   495   324   561   313   561 0.94 # 330 # 2015 # -1 # ID=968_2;partial=01;start_type=Edge;rbs_motif=None;rbs_spacer=None;gc_cont=0.651
contig00312_1        -             42 4804at72274          -            495   2.4e-16   58.3   0.5   1   1   3.6e-19   2.6e-16   58.3   0.5     1    38     4    42     4    42 0.96 # 3 # 128 # -1 # ID=312_1;partial=10;start_type=ATG;rbs_motif=GGxGG;rbs_spacer=3-4bp;gc_cont=0.595
contig01321_3        -            186 4804at72274          -            495   1.2e-08   32.9   8.4   1   1   1.9e-11   1.3e-08   32.8   8.4   330   480     2   161     1   172 0.74 # 1050 # 1607 # -1 # ID=1321_3;partial=01;start_type=Edge;rbs_motif=None;rbs_spacer=None;gc_cont=0.627
contig02063_1        -            354 4804at72274          -            495   3.7e-06   24.7   9.9   1   1   7.3e-09   5.1e-06   24.3   9.9   328   479   158   315   148   322 0.79 # 1 # 1062 # -1 # ID=2063_1;partial=11;start_type=Edge;rbs_motif=None;rbs_spacer=None;gc_cont=0.680
contig01541_1        -            472 4804at72274          -            495   3.1e-05   21.7   9.6   1   2      0.24   1.7e+02   -0.5   0.0   142   184    25    68    11    83 0.78 # 3 # 1418 # -1 # ID=1541_1;partial=11;start_type=Edge;rbs_motif=None;rbs_spacer=None;gc_cont=0.660
contig01541_1        -            472 4804at72274          -            495   3.1e-05   21.7   9.6   2   2   4.5e-08   3.1e-05   21.7   9.6   346   485   117   262    99   271 0.72 # 3 # 1418 # -1 # ID=1541_1;partial=11;start_type=Edge;rbs_motif=None;rbs_spacer=None;gc_cont=0.660
contig03003_1        -            205 4804at72274          -            495   0.00064   17.4  16.2   1   1   1.1e-06    0.0008   17.0  16.2   325   477    40   198    30   203 0.80 # 3 # 617 # -1 # ID=3003_1;partial=11;start_type=Edge;rbs_motif=None;rbs_spacer=None;gc_cont=0.654
contig00341_2        -            945 4804at72274          -            495   0.00086   16.9  12.9   1   1   2.4e-06    0.0017   16.0  12.9   344   478   339   482   322   491 0.79 # 681 # 3515 # 1 # ID=341_2;partial=01;start_type=ATG;rbs_motif=GGA/GAG/AGG;rbs_spacer=5-10bp;gc_cont=0.642
contig00609_1        -            602 4804at72274          -            495     0.003   15.2  17.5   1   1   6.6e-06    0.0046   14.5  17.5   340   481   345   495   335   500 0.75 # 3 # 1808 # -1 # ID=609_1;partial=10;start_type=ATG;rbs_motif=GGAG/GAGG;rbs_spacer=5-10bp;gc_cont=0.656
contig02549_1        -            272 4804at72274          -            495     0.041   11.4  14.8   1   1   9.1e-05     0.064   10.8  14.8   345   482    47   191    27   197 0.82 # 3 # 818 # -1 # ID=2549_1;partial=11;start_type=Edge;rbs_motif=None;rbs_spacer=None;gc_cont=0.641
contig01658_1        -            443 4804at72274          -            495      0.39    8.2   8.9   1   1   0.00078      0.55    7.7   8.9   345   485   292   434   282   439 0.81 # 2 # 1330 # -1 # ID=1658_1;partial=11;start_type=Edge;rbs_motif=None;rbs_spacer=None;gc_cont=0.650
contig02851_1        -            226 4804at72274          -            495         1    6.8  11.0   1   1    0.0019       1.3    6.4  11.0   342   476    47   188    35   193 0.73 # 3 # 680 # 1 # ID=2851_1;partial=11;start_type=Edge;rbs_motif=None;rbs_spacer=None;gc_cont=0.676
contig00146_2        -           1046 4804at72274          -            495       2.5    5.5  32.3   1   2   7.5e-06    0.0053   14.3  14.6   348   481   352   492   335   500 0.79 # 210 # 3347 # -1 # ID=146_2;partial=00;start_type=ATG;rbs_motif=GGAG/GAGG;rbs_spacer=5-10bp;gc_cont=0.684
contig00146_2        -           1046 4804at72274          -            495       2.5    5.5  32.3   2   2       1.9   1.3e+03   -3.4   9.7   346   485   878  1019   863  1025 0.71 # 210 # 3347 # -1 # ID=146_2;partial=00;start_type=ATG;rbs_motif=GGAG/GAGG;rbs_spacer=5-10bp;gc_cont=0.684
#
# Program:         hmmsearch
# Version:         3.1b2 (February 2015)
# Pipeline mode:   SEARCH
# Query file:      /home/johngn/Microbial-Genomics-Journey-Workshop-2023/Reads_session_3/busco_downloads/lineages/pseudomonadales_odb10/hmms/4804at72274.hmm
# Target file:     /home/johngn/Microbial-Genomics-Journey-Workshop-2023/Reads_session_3/busco_op4/prodigal_output/predicted_genes/predicted.faa
# Option settings: hmmsearch --domtblout /home/johngn/Microbial-Genomics-Journey-Workshop-2023/Reads_session_3/busco_op4/run_pseudomonadales_odb10/hmmer_output/4804at72274.out --cpu 1 /home/johngn/Microbial-Genomics-Journey-Workshop-2023/Reads_session_3/busco_downloads/lineages/pseudomonadales_odb10/hmms/4804at72274.hmm /home/johngn/Microbial-Genomics-Journey-Workshop-2023/Reads_session_3/busco_op4/prodigal_output/predicted_genes/predicted.faa 
# Current dir:     /home/johngn/Microbial-Genomics-Journey-Workshop-2023/Reads_session_3
# Date:            Wed Mar  8 17:01:34 2023
# [ok]
