#                                                                            --- full sequence --- -------------- this domain -------------   hmm coord   ali coord   env coord
# target name        accession   tlen query name           accession   qlen   E-value  score  bias   #  of  c-Evalue  i-Evalue  score  bias  from    to  from    to  from    to  acc description of target
#------------------- ---------- ----- -------------------- ---------- ----- --------- ------ ----- --- --- --------- --------- ------ ----- ----- ----- ----- ----- ----- ----- ---- ---------------------
contig00418_4        -            241 48247at72274         -            175   8.4e-52  174.4   0.0   1   1     1e-54   2.2e-51  173.0   0.0     1   174     4   232     4   233 0.84 # 1467 # 2189 # 1 # ID=418_4;partial=00;start_type=GTG;rbs_motif=AGGAG;rbs_spacer=5-10bp;gc_cont=0.676
contig00650_3        -            376 48247at72274         -            175   1.8e-11   43.0   0.0   1   2   6.3e-14   1.3e-10   40.2   0.0     1    57    45   106    45   131 0.78 # 1047 # 2174 # 1 # ID=650_3;partial=00;start_type=ATG;rbs_motif=AGGA;rbs_spacer=5-10bp;gc_cont=0.693
contig00650_3        -            376 48247at72274         -            175   1.8e-11   43.0   0.0   2   2      0.15   3.1e+02   -0.1   0.0   138   169   314   348   300   353 0.74 # 1047 # 2174 # 1 # ID=650_3;partial=00;start_type=ATG;rbs_motif=AGGA;rbs_spacer=5-10bp;gc_cont=0.693
contig00050_7        -            384 48247at72274         -            175   7.2e-10   37.8   0.0   1   3     1e-11   2.2e-08   33.0   0.0     1    86    57   149    57   157 0.77 # 5684 # 6835 # -1 # ID=50_7;partial=00;start_type=ATG;rbs_motif=GGAG/GAGG;rbs_spacer=5-10bp;gc_cont=0.689
contig00050_7        -            384 48247at72274         -            175   7.2e-10   37.8   0.0   2   3      0.51   1.1e+03   -1.9   0.0    97   114   228   245   196   256 0.77 # 5684 # 6835 # -1 # ID=50_7;partial=00;start_type=ATG;rbs_motif=GGAG/GAGG;rbs_spacer=5-10bp;gc_cont=0.689
contig00050_7        -            384 48247at72274         -            175   7.2e-10   37.8   0.0   3   3     0.052   1.1e+02    1.4   0.0   155   174   356   375   354   376 0.90 # 5684 # 6835 # -1 # ID=50_7;partial=00;start_type=ATG;rbs_motif=GGAG/GAGG;rbs_spacer=5-10bp;gc_cont=0.689
contig00638_1        -            122 48247at72274         -            175   1.4e-05   23.8   0.0   1   1   8.4e-09   1.8e-05   23.5   0.0     1    68    33   105    33   111 0.90 # 2 # 367 # -1 # ID=638_1;partial=10;start_type=ATG;rbs_motif=GGAG/GAGG;rbs_spacer=5-10bp;gc_cont=0.691
#
# Program:         hmmsearch
# Version:         3.1b2 (February 2015)
# Pipeline mode:   SEARCH
# Query file:      /home/johngn/Microbial-Genomics-Journey-Workshop-2023/Reads_session_3/busco_downloads/lineages/pseudomonadales_odb10/hmms/48247at72274.hmm
# Target file:     /home/johngn/Microbial-Genomics-Journey-Workshop-2023/Reads_session_3/busco_op4/prodigal_output/predicted_genes/predicted.faa
# Option settings: hmmsearch --domtblout /home/johngn/Microbial-Genomics-Journey-Workshop-2023/Reads_session_3/busco_op4/run_pseudomonadales_odb10/hmmer_output/48247at72274.out --cpu 1 /home/johngn/Microbial-Genomics-Journey-Workshop-2023/Reads_session_3/busco_downloads/lineages/pseudomonadales_odb10/hmms/48247at72274.hmm /home/johngn/Microbial-Genomics-Journey-Workshop-2023/Reads_session_3/busco_op4/prodigal_output/predicted_genes/predicted.faa 
# Current dir:     /home/johngn/Microbial-Genomics-Journey-Workshop-2023/Reads_session_3
# Date:            Wed Mar  8 17:01:34 2023
# [ok]
