#                                                                            --- full sequence --- -------------- this domain -------------   hmm coord   ali coord   env coord
# target name        accession   tlen query name           accession   qlen   E-value  score  bias   #  of  c-Evalue  i-Evalue  score  bias  from    to  from    to  from    to  acc description of target
#------------------- ---------- ----- -------------------- ---------- ----- --------- ------ ----- --- --- --------- --------- ------ ----- ----- ----- ----- ----- ----- ----- ---- ---------------------
contig00494_1        -            166 49700at72274         -            225   8.1e-53  178.1   9.7   1   1   6.3e-56   8.9e-53  177.9   9.7    75   223     2   164     1   165 0.93 # 1 # 498 # 1 # ID=494_1;partial=10;start_type=Edge;rbs_motif=None;rbs_spacer=None;gc_cont=0.614
contig00068_10       -             72 49700at72274         -            225   1.9e-14   52.6   0.1   1   1   3.9e-17   5.5e-14   51.0   0.1     2    61     4    72     3    72 0.80 # 6445 # 6660 # 1 # ID=68_10;partial=01;start_type=ATG;rbs_motif=AGGAG;rbs_spacer=5-10bp;gc_cont=0.648
contig00142_7        -            182 49700at72274         -            225   0.00021   19.7   2.4   1   1   1.9e-07   0.00027   19.4   2.4    40   180    10   161     3   179 0.77 # 4546 # 5091 # -1 # ID=142_7;partial=01;start_type=Edge;rbs_motif=None;rbs_spacer=None;gc_cont=0.678
contig02541_2        -             76 49700at72274         -            225    0.0034   15.7   0.3   1   1   2.7e-06    0.0038   15.6   0.3    69   118    19    68     5    73 0.84 # 595 # 822 # -1 # ID=2541_2;partial=01;start_type=Edge;rbs_motif=None;rbs_spacer=None;gc_cont=0.711
contig01446_3        -            198 49700at72274         -            225    0.0043   15.4   5.6   1   2   0.00014       0.2    9.9   1.7    85   119    55    89    15    92 0.81 # 891 # 1484 # 1 # ID=1446_3;partial=01;start_type=ATG;rbs_motif=AGGA;rbs_spacer=5-10bp;gc_cont=0.657
contig01446_3        -            198 49700at72274         -            225    0.0043   15.4   5.6   2   2   0.00073         1    7.6   0.1    27   100    94   174    90   198 0.67 # 891 # 1484 # 1 # ID=1446_3;partial=01;start_type=ATG;rbs_motif=AGGA;rbs_spacer=5-10bp;gc_cont=0.657
contig00195_1        -            270 49700at72274         -            225     0.049   12.0   0.2   1   1   5.6e-05     0.078   11.3   0.2    22    63   219   262   216   268 0.83 # 1 # 810 # 1 # ID=195_1;partial=10;start_type=Edge;rbs_motif=None;rbs_spacer=None;gc_cont=0.663
#
# Program:         hmmsearch
# Version:         3.1b2 (February 2015)
# Pipeline mode:   SEARCH
# Query file:      /home/johngn/Microbial-Genomics-Journey-Workshop-2023/Reads_session_3/busco_downloads/lineages/pseudomonadales_odb10/hmms/49700at72274.hmm
# Target file:     /home/johngn/Microbial-Genomics-Journey-Workshop-2023/Reads_session_3/busco_op4/prodigal_output/predicted_genes/predicted.faa
# Option settings: hmmsearch --domtblout /home/johngn/Microbial-Genomics-Journey-Workshop-2023/Reads_session_3/busco_op4/run_pseudomonadales_odb10/hmmer_output/49700at72274.out --cpu 1 /home/johngn/Microbial-Genomics-Journey-Workshop-2023/Reads_session_3/busco_downloads/lineages/pseudomonadales_odb10/hmms/49700at72274.hmm /home/johngn/Microbial-Genomics-Journey-Workshop-2023/Reads_session_3/busco_op4/prodigal_output/predicted_genes/predicted.faa 
# Current dir:     /home/johngn/Microbial-Genomics-Journey-Workshop-2023/Reads_session_3
# Date:            Wed Mar  8 17:01:34 2023
# [ok]
