#                                                                            --- full sequence --- -------------- this domain -------------   hmm coord   ali coord   env coord
# target name        accession   tlen query name           accession   qlen   E-value  score  bias   #  of  c-Evalue  i-Evalue  score  bias  from    to  from    to  from    to  acc description of target
#------------------- ---------- ----- -------------------- ---------- ----- --------- ------ ----- --- --- --------- --------- ------ ----- ----- ----- ----- ----- ----- ----- ---- ---------------------
contig01504_1        -            480 5009at72274          -            631  2.5e-241  801.6  12.0   1   2   3.5e-33   4.2e-30  103.8   0.5   149   212     1    64     1    68 0.98 # 1 # 1440 # 1 # ID=1504_1;partial=11;start_type=Edge;rbs_motif=None;rbs_spacer=None;gc_cont=0.642
contig01504_1        -            480 5009at72274          -            631  2.5e-241  801.6  12.0   2   2  2.6e-214  3.2e-211  702.1   5.4   196   574    75   480    70   480 0.92 # 1 # 1440 # 1 # ID=1504_1;partial=11;start_type=Edge;rbs_motif=None;rbs_spacer=None;gc_cont=0.642
contig01180_3        -            152 5009at72274          -            631   9.5e-78  261.2   0.3   1   1     9e-81   1.1e-77  261.0   0.3     2   141     5   152     4   152 0.94 # 1286 # 1741 # 1 # ID=1180_3;partial=01;start_type=GTG;rbs_motif=GGA/GAG/AGG;rbs_spacer=5-10bp;gc_cont=0.645
contig00008_21       -            274 5009at72274          -            631   4.7e-25   87.1  10.1   1   3   1.4e-09   1.7e-06   25.8   0.1   565   626     2    65     1    70 0.85 # 20295 # 21116 # -1 # ID=8_21;partial=01;start_type=Edge;rbs_motif=None;rbs_spacer=None;gc_cont=0.580
contig00008_21       -            274 5009at72274          -            631   4.7e-25   87.1  10.1   2   3   4.6e-12   5.5e-09   34.0   0.1   551   626    75   152    66   157 0.89 # 20295 # 21116 # -1 # ID=8_21;partial=01;start_type=Edge;rbs_motif=None;rbs_spacer=None;gc_cont=0.580
contig00008_21       -            274 5009at72274          -            631   4.7e-25   87.1  10.1   3   3   2.5e-11     3e-08   31.5   2.8   551   625   162   237   155   245 0.89 # 20295 # 21116 # -1 # ID=8_21;partial=01;start_type=Edge;rbs_motif=None;rbs_spacer=None;gc_cont=0.580
contig03186_2        -             47 5009at72274          -            631   2.3e-17   61.7   1.6   1   1   1.9e-20   2.3e-17   61.7   1.6   587   629     1    44     1    46 0.91 # 416 # 556 # -1 # ID=3186_2;partial=01;start_type=Edge;rbs_motif=None;rbs_spacer=None;gc_cont=0.617
contig00187_2        -            780 5009at72274          -            631   7.9e-13   46.7   0.4   1   1     1e-15   1.3e-12   46.0   0.4   550   623   651   725   638   733 0.91 # 484 # 2823 # -1 # ID=187_2;partial=00;start_type=ATG;rbs_motif=AGxAGG/AGGxGG;rbs_spacer=3-4bp;gc_cont=0.673
contig00699_3        -            266 5009at72274          -            631   6.7e-10   37.0   0.3   1   2     0.094   1.1e+02   -0.1   0.2   511   613    64   161    54   181 0.57 # 1654 # 2451 # 1 # ID=699_3;partial=01;start_type=ATG;rbs_motif=GGA/GAG/AGG;rbs_spacer=5-10bp;gc_cont=0.602
contig00699_3        -            266 5009at72274          -            631   6.7e-10   37.0   0.3   2   2   5.6e-13   6.7e-10   37.0   0.3   545   624   183   262   160   265 0.88 # 1654 # 2451 # 1 # ID=699_3;partial=01;start_type=ATG;rbs_motif=GGA/GAG/AGG;rbs_spacer=5-10bp;gc_cont=0.602
contig01102_1        -            171 5009at72274          -            631   2.6e-06   25.1   0.1   1   1   2.6e-09   3.1e-06   24.9   0.1   259   396     3   146     1   169 0.78 # 3 # 515 # -1 # ID=1102_1;partial=10;start_type=ATG;rbs_motif=AGGA;rbs_spacer=5-10bp;gc_cont=0.684
#
# Program:         hmmsearch
# Version:         3.1b2 (February 2015)
# Pipeline mode:   SEARCH
# Query file:      /home/johngn/Microbial-Genomics-Journey-Workshop-2023/Reads_session_3/busco_downloads/lineages/pseudomonadales_odb10/hmms/5009at72274.hmm
# Target file:     /home/johngn/Microbial-Genomics-Journey-Workshop-2023/Reads_session_3/busco_op4/prodigal_output/predicted_genes/predicted.faa
# Option settings: hmmsearch --domtblout /home/johngn/Microbial-Genomics-Journey-Workshop-2023/Reads_session_3/busco_op4/run_pseudomonadales_odb10/hmmer_output/5009at72274.out --cpu 1 /home/johngn/Microbial-Genomics-Journey-Workshop-2023/Reads_session_3/busco_downloads/lineages/pseudomonadales_odb10/hmms/5009at72274.hmm /home/johngn/Microbial-Genomics-Journey-Workshop-2023/Reads_session_3/busco_op4/prodigal_output/predicted_genes/predicted.faa 
# Current dir:     /home/johngn/Microbial-Genomics-Journey-Workshop-2023/Reads_session_3
# Date:            Wed Mar  8 17:01:34 2023
# [ok]
