#                                                                            --- full sequence --- -------------- this domain -------------   hmm coord   ali coord   env coord
# target name        accession   tlen query name           accession   qlen   E-value  score  bias   #  of  c-Evalue  i-Evalue  score  bias  from    to  from    to  from    to  acc description of target
#------------------- ---------- ----- -------------------- ---------- ----- --------- ------ ----- --- --- --------- --------- ------ ----- ----- ----- ----- ----- ----- ----- ---- ---------------------
contig01285_3        -            199 52250at72274         -            145   1.5e-52  176.0   0.1   1   2   1.4e-44     2e-41  139.9   0.0     1   108    16   141    16   146 0.85 # 1000 # 1596 # -1 # ID=1285_3;partial=00;start_type=ATG;rbs_motif=GGAG/GAGG;rbs_spacer=5-10bp;gc_cont=0.688
contig01285_3        -            199 52250at72274         -            145   1.5e-52  176.0   0.1   2   2   1.1e-11   1.5e-08   33.3   0.0   109   145   159   196   154   196 0.94 # 1000 # 1596 # -1 # ID=1285_3;partial=00;start_type=ATG;rbs_motif=GGAG/GAGG;rbs_spacer=5-10bp;gc_cont=0.688
contig00114_4        -            370 52250at72274         -            145    0.0022   16.5   0.0   1   1   3.1e-06    0.0044   15.5   0.0    16   105    11   111     4   117 0.70 # 2040 # 3149 # -1 # ID=114_4;partial=00;start_type=ATG;rbs_motif=AGGAG;rbs_spacer=5-10bp;gc_cont=0.662
contig01097_2        -            381 52250at72274         -            145    0.0056   15.2   0.1   1   1   1.3e-05     0.018   13.6   0.1    34    78   227   271   215   322 0.81 # 708 # 1850 # -1 # ID=1097_2;partial=01;start_type=Edge;rbs_motif=None;rbs_spacer=None;gc_cont=0.668
contig00707_3        -            202 52250at72274         -            145    0.0099   14.4   0.1   1   1   6.1e-05     0.085   11.4   0.1    36    59    18    40     5   118 0.65 # 1831 # 2436 # -1 # ID=707_3;partial=01;start_type=Edge;rbs_motif=None;rbs_spacer=None;gc_cont=0.667
contig01758_2        -            248 52250at72274         -            145     0.032   12.7   0.0   1   1   3.8e-05     0.053   12.0   0.0    35    66   102   135    94   155 0.78 # 514 # 1257 # -1 # ID=1758_2;partial=01;start_type=Edge;rbs_motif=None;rbs_spacer=None;gc_cont=0.712
contig01594_2        -            221 52250at72274         -            145     0.049   12.1   0.1   1   2   7.9e-05      0.11   11.0   0.1    38    67    78   107    68   159 0.74 # 206 # 868 # -1 # ID=1594_2;partial=00;start_type=GTG;rbs_motif=None;rbs_spacer=None;gc_cont=0.722
contig01594_2        -            221 52250at72274         -            145     0.049   12.1   0.1   2   2         1   1.4e+03   -2.3   0.0    60    78   166   184   160   193 0.77 # 206 # 868 # -1 # ID=1594_2;partial=00;start_type=GTG;rbs_motif=None;rbs_spacer=None;gc_cont=0.722
#
# Program:         hmmsearch
# Version:         3.1b2 (February 2015)
# Pipeline mode:   SEARCH
# Query file:      /home/johngn/Microbial-Genomics-Journey-Workshop-2023/Reads_session_3/busco_downloads/lineages/pseudomonadales_odb10/hmms/52250at72274.hmm
# Target file:     /home/johngn/Microbial-Genomics-Journey-Workshop-2023/Reads_session_3/busco_op4/prodigal_output/predicted_genes/predicted.faa
# Option settings: hmmsearch --domtblout /home/johngn/Microbial-Genomics-Journey-Workshop-2023/Reads_session_3/busco_op4/run_pseudomonadales_odb10/hmmer_output/52250at72274.out --cpu 1 /home/johngn/Microbial-Genomics-Journey-Workshop-2023/Reads_session_3/busco_downloads/lineages/pseudomonadales_odb10/hmms/52250at72274.hmm /home/johngn/Microbial-Genomics-Journey-Workshop-2023/Reads_session_3/busco_op4/prodigal_output/predicted_genes/predicted.faa 
# Current dir:     /home/johngn/Microbial-Genomics-Journey-Workshop-2023/Reads_session_3
# Date:            Wed Mar  8 17:01:35 2023
# [ok]
