#                                                                            --- full sequence --- -------------- this domain -------------   hmm coord   ali coord   env coord
# target name        accession   tlen query name           accession   qlen   E-value  score  bias   #  of  c-Evalue  i-Evalue  score  bias  from    to  from    to  from    to  acc description of target
#------------------- ---------- ----- -------------------- ---------- ----- --------- ------ ----- --- --- --------- --------- ------ ----- ----- ----- ----- ----- ----- ----- ---- ---------------------
contig00216_3        -            238 52383at72274         -            151   2.5e-46  156.6  12.1   1   2     0.053        37    3.5   0.2     2    37    18    58    17    61 0.43 # 936 # 1649 # 1 # ID=216_3;partial=00;start_type=ATG;rbs_motif=AGGAG;rbs_spacer=5-10bp;gc_cont=0.678
contig00216_3        -            238 52383at72274         -            151   2.5e-46  156.6  12.1   2   2   1.1e-48   7.6e-46  155.1  10.5    10   151    49   221    36   221 0.82 # 936 # 1649 # 1 # ID=216_3;partial=00;start_type=ATG;rbs_motif=AGGAG;rbs_spacer=5-10bp;gc_cont=0.678
contig00595_1        -            255 52383at72274         -            151   4.8e-20   71.3   4.8   1   1     2e-22   1.4e-19   69.8   4.8    18   151    91   246    81   246 0.88 # 1 # 765 # -1 # ID=595_1;partial=10;start_type=ATG;rbs_motif=AGGA;rbs_spacer=5-10bp;gc_cont=0.664
contig01557_3        -            266 52383at72274         -            151   8.8e-18   64.0   1.8   1   2       1.1   7.7e+02   -0.7   0.0    85   110     8    33     4    42 0.70 # 607 # 1404 # 1 # ID=1557_3;partial=01;start_type=ATG;rbs_motif=GGAG/GAGG;rbs_spacer=5-10bp;gc_cont=0.680
contig01557_3        -            266 52383at72274         -            151   8.8e-18   64.0   1.8   2   2   5.9e-20   4.1e-17   61.8   0.8    41   149   126   256   108   258 0.82 # 607 # 1404 # 1 # ID=1557_3;partial=01;start_type=ATG;rbs_motif=GGAG/GAGG;rbs_spacer=5-10bp;gc_cont=0.680
contig00819_2        -            211 52383at72274         -            151   1.2e-16   60.3   3.9   1   1   1.5e-18   1.1e-15   57.2   3.9     6   151    31   207    16   207 0.74 # 445 # 1077 # -1 # ID=819_2;partial=00;start_type=ATG;rbs_motif=AGGAG;rbs_spacer=5-10bp;gc_cont=0.657
contig00740_4        -            148 52383at72274         -            151   1.1e-12   47.5   1.1   1   1   4.3e-15     3e-12   46.0   0.7    53   150    25   143    12   144 0.78 # 1940 # 2383 # -1 # ID=740_4;partial=01;start_type=Edge;rbs_motif=None;rbs_spacer=None;gc_cont=0.664
contig00122_5        -            294 52383at72274         -            151   1.7e-12   46.9   0.2   1   2       6.9   4.9e+03   -3.3   1.1    23    35    90   102    84   114 0.46 # 3976 # 4857 # -1 # ID=122_5;partial=00;start_type=ATG;rbs_motif=GGA/GAG/AGG;rbs_spacer=5-10bp;gc_cont=0.660
contig00122_5        -            294 52383at72274         -            151   1.7e-12   46.9   0.2   2   2   2.4e-15   1.7e-12   46.9   0.2    18   149   123   278   119   280 0.77 # 3976 # 4857 # -1 # ID=122_5;partial=00;start_type=ATG;rbs_motif=GGA/GAG/AGG;rbs_spacer=5-10bp;gc_cont=0.660
contig00400_2        -            169 52383at72274         -            151     2e-10   40.1   0.7   1   2       1.6   1.1e+03   -1.3   0.1     4    19    20    35    17    60 0.49 # 317 # 823 # 1 # ID=400_2;partial=00;start_type=ATG;rbs_motif=AGGAG;rbs_spacer=5-10bp;gc_cont=0.625
contig00400_2        -            169 52383at72274         -            151     2e-10   40.1   0.7   2   2     1e-12   7.1e-10   38.3   0.1    70   149    66   166    46   167 0.76 # 317 # 823 # 1 # ID=400_2;partial=00;start_type=ATG;rbs_motif=AGGAG;rbs_spacer=5-10bp;gc_cont=0.625
contig00317_1        -            148 52383at72274         -            151     3e-10   39.5   0.6   1   1   5.8e-13   4.1e-10   39.1   0.6    93   151    36   105    25   105 0.78 # 1 # 444 # 1 # ID=317_1;partial=10;start_type=Edge;rbs_motif=None;rbs_spacer=None;gc_cont=0.694
contig03086_1        -            146 52383at72274         -            151   1.3e-08   34.3   0.8   1   1   5.8e-11   4.1e-08   32.6   0.8    53   151    15   139    10   139 0.76 # 1 # 438 # 1 # ID=3086_1;partial=10;start_type=Edge;rbs_motif=None;rbs_spacer=None;gc_cont=0.724
contig00379_5        -            183 52383at72274         -            151     8e-08   31.7   0.0   1   1   2.2e-10   1.5e-07   30.8   0.0    92   149    52   124     6   126 0.79 # 2833 # 3381 # -1 # ID=379_5;partial=01;start_type=Edge;rbs_motif=None;rbs_spacer=None;gc_cont=0.668
contig00883_4        -            212 52383at72274         -            151     9e-07   28.3   0.1   1   1   2.4e-09   1.7e-06   27.4   0.1    93   150   143   209   133   210 0.81 # 1510 # 2145 # -1 # ID=883_4;partial=01;start_type=Edge;rbs_motif=None;rbs_spacer=None;gc_cont=0.687
contig00959_1        -            301 52383at72274         -            151   8.3e-05   21.9   0.9   1   2       6.7   4.7e+03   -3.3   0.0    22    40   127   145   116   150 0.65 # 2 # 904 # -1 # ID=959_1;partial=10;start_type=ATG;rbs_motif=GGA/GAG/AGG;rbs_spacer=5-10bp;gc_cont=0.599
contig00959_1        -            301 52383at72274         -            151   8.3e-05   21.9   0.9   2   2   4.4e-07   0.00031   20.0   0.4    69   115   240   300   220   301 0.78 # 2 # 904 # -1 # ID=959_1;partial=10;start_type=ATG;rbs_motif=GGA/GAG/AGG;rbs_spacer=5-10bp;gc_cont=0.599
#
# Program:         hmmsearch
# Version:         3.1b2 (February 2015)
# Pipeline mode:   SEARCH
# Query file:      /home/johngn/Microbial-Genomics-Journey-Workshop-2023/Reads_session_3/busco_downloads/lineages/pseudomonadales_odb10/hmms/52383at72274.hmm
# Target file:     /home/johngn/Microbial-Genomics-Journey-Workshop-2023/Reads_session_3/busco_op4/prodigal_output/predicted_genes/predicted.faa
# Option settings: hmmsearch --domtblout /home/johngn/Microbial-Genomics-Journey-Workshop-2023/Reads_session_3/busco_op4/run_pseudomonadales_odb10/hmmer_output/52383at72274.out --cpu 1 /home/johngn/Microbial-Genomics-Journey-Workshop-2023/Reads_session_3/busco_downloads/lineages/pseudomonadales_odb10/hmms/52383at72274.hmm /home/johngn/Microbial-Genomics-Journey-Workshop-2023/Reads_session_3/busco_op4/prodigal_output/predicted_genes/predicted.faa 
# Current dir:     /home/johngn/Microbial-Genomics-Journey-Workshop-2023/Reads_session_3
# Date:            Wed Mar  8 17:01:35 2023
# [ok]
