#                                                                            --- full sequence --- -------------- this domain -------------   hmm coord   ali coord   env coord
# target name        accession   tlen query name           accession   qlen   E-value  score  bias   #  of  c-Evalue  i-Evalue  score  bias  from    to  from    to  from    to  acc description of target
#------------------- ---------- ----- -------------------- ---------- ----- --------- ------ ----- --- --- --------- --------- ------ ----- ----- ----- ----- ----- ----- ----- ---- ---------------------
contig00084_4        -            199 53193at72274         -            143   3.6e-52  175.3   1.5   1   1   3.7e-55   6.2e-52  174.5   1.5     1   141     1   152     1   154 0.92 # 4334 # 4930 # 1 # ID=84_4;partial=00;start_type=ATG;rbs_motif=AGGAG;rbs_spacer=5-10bp;gc_cont=0.620
contig00379_1        -            136 53193at72274         -            143   0.00064   18.8   1.5   1   1   4.7e-07   0.00079   18.6   1.5    23   122     8   111     3   129 0.81 # 5 # 412 # -1 # ID=379_1;partial=00;start_type=ATG;rbs_motif=GGAG/GAGG;rbs_spacer=5-10bp;gc_cont=0.723
contig00084_5        -            208 53193at72274         -            143     0.027   13.6   0.1   1   1   2.7e-05     0.045   12.9   0.1    21   105    33   107    27   133 0.54 # 4927 # 5550 # 1 # ID=84_5;partial=00;start_type=ATG;rbs_motif=AGGAG;rbs_spacer=5-10bp;gc_cont=0.614
contig01451_1        -            493 53193at72274         -            143     0.033   13.3   0.1   1   2      0.17   2.9e+02    0.5   0.0    15    60    88   133    84   148 0.68 # 2 # 1480 # -1 # ID=1451_1;partial=11;start_type=Edge;rbs_motif=None;rbs_spacer=None;gc_cont=0.684
contig01451_1        -            493 53193at72274         -            143     0.033   13.3   0.1   2   2   0.00022      0.37    9.9   0.0    25    88   331   396   316   400 0.79 # 2 # 1480 # -1 # ID=1451_1;partial=11;start_type=Edge;rbs_motif=None;rbs_spacer=None;gc_cont=0.684
contig01118_2        -            532 53193at72274         -            143     0.092   11.9   4.9   1   3    0.0016       2.7    7.1   0.0   104   140   125   161    84   164 0.85 # 218 # 1813 # 1 # ID=1118_2;partial=01;start_type=ATG;rbs_motif=AGGAG;rbs_spacer=5-10bp;gc_cont=0.653
contig01118_2        -            532 53193at72274         -            143     0.092   11.9   4.9   2   3      0.13   2.2e+02    0.9   0.3    36    93   207   263   197   290 0.71 # 218 # 1813 # 1 # ID=1118_2;partial=01;start_type=ATG;rbs_motif=AGGAG;rbs_spacer=5-10bp;gc_cont=0.653
contig01118_2        -            532 53193at72274         -            143     0.092   11.9   4.9   3   3     0.022        37    3.4   0.6    53    84   376   407   345   425 0.62 # 218 # 1813 # 1 # ID=1118_2;partial=01;start_type=ATG;rbs_motif=AGGAG;rbs_spacer=5-10bp;gc_cont=0.653
#
# Program:         hmmsearch
# Version:         3.1b2 (February 2015)
# Pipeline mode:   SEARCH
# Query file:      /home/johngn/Microbial-Genomics-Journey-Workshop-2023/Reads_session_3/busco_downloads/lineages/pseudomonadales_odb10/hmms/53193at72274.hmm
# Target file:     /home/johngn/Microbial-Genomics-Journey-Workshop-2023/Reads_session_3/busco_op4/prodigal_output/predicted_genes/predicted.faa
# Option settings: hmmsearch --domtblout /home/johngn/Microbial-Genomics-Journey-Workshop-2023/Reads_session_3/busco_op4/run_pseudomonadales_odb10/hmmer_output/53193at72274.out --cpu 1 /home/johngn/Microbial-Genomics-Journey-Workshop-2023/Reads_session_3/busco_downloads/lineages/pseudomonadales_odb10/hmms/53193at72274.hmm /home/johngn/Microbial-Genomics-Journey-Workshop-2023/Reads_session_3/busco_op4/prodigal_output/predicted_genes/predicted.faa 
# Current dir:     /home/johngn/Microbial-Genomics-Journey-Workshop-2023/Reads_session_3
# Date:            Wed Mar  8 17:01:36 2023
# [ok]
