#                                                                            --- full sequence --- -------------- this domain -------------   hmm coord   ali coord   env coord
# target name        accession   tlen query name           accession   qlen   E-value  score  bias   #  of  c-Evalue  i-Evalue  score  bias  from    to  from    to  from    to  acc description of target
#------------------- ---------- ----- -------------------- ---------- ----- --------- ------ ----- --- --- --------- --------- ------ ----- ----- ----- ----- ----- ----- ----- ---- ---------------------
contig01435_1        -            499 543at72274           -           1001  1.1e-160  535.3   8.9   1   2   1.1e-13   3.1e-11   40.5   0.0   446   506     1    59     1    85 0.91 # 1 # 1497 # 1 # ID=1435_1;partial=11;start_type=Edge;rbs_motif=None;rbs_spacer=None;gc_cont=0.679
contig01435_1        -            499 543at72274           -           1001  1.1e-160  535.3   8.9   2   2  6.3e-150  1.8e-147  491.5   6.6   509   838   120   496   108   498 0.89 # 1 # 1497 # 1 # ID=1435_1;partial=11;start_type=Edge;rbs_motif=None;rbs_spacer=None;gc_cont=0.679
contig00921_1        -            374 543at72274           -           1001    5e-149  496.6   0.1   1   1  2.2e-151  6.1e-149  496.3   0.1    18   334    55   374    50   374 0.96 # 2 # 1123 # -1 # ID=921_1;partial=10;start_type=ATG;rbs_motif=AGGAG;rbs_spacer=5-10bp;gc_cont=0.671
contig00558_2        -            488 543at72274           -           1001   1.3e-46  157.6   0.2   1   1   3.4e-48   9.7e-46  154.7   0.2   514   868    49   451    27   464 0.77 # 976 # 2439 # 1 # ID=558_2;partial=00;start_type=ATG;rbs_motif=AGGAG;rbs_spacer=5-10bp;gc_cont=0.695
contig00973_2        -            494 543at72274           -           1001   1.1e-42  144.6   2.4   1   2    0.0006      0.17    8.3   0.1   498   579    48   135    38   141 0.80 # 532 # 2013 # -1 # ID=973_2;partial=01;start_type=Edge;rbs_motif=None;rbs_spacer=None;gc_cont=0.691
contig00973_2        -            494 543at72274           -           1001   1.1e-42  144.6   2.4   2   2   1.3e-42   3.7e-40  136.2   0.2   562   873   143   476   134   483 0.84 # 532 # 2013 # -1 # ID=973_2;partial=01;start_type=Edge;rbs_motif=None;rbs_spacer=None;gc_cont=0.691
contig00030_9        -            497 543at72274           -           1001   4.5e-40  136.0   0.0   1   1   1.7e-41   4.7e-39  132.6   0.0   517   870    74   474    47   478 0.78 # 7689 # 9179 # 1 # ID=30_9;partial=00;start_type=ATG;rbs_motif=GGAG/GAGG;rbs_spacer=5-10bp;gc_cont=0.700
contig00508_2        -            491 543at72274           -           1001   8.2e-37  125.2   0.2   1   1   3.6e-38     1e-35  121.5   0.2   517   873    58   466    38   483 0.80 # 360 # 1832 # 1 # ID=508_2;partial=00;start_type=ATG;rbs_motif=GGAG/GAGG;rbs_spacer=5-10bp;gc_cont=0.661
contig00574_1        -            490 543at72274           -           1001   1.7e-35  120.9   0.9   1   2      0.47   1.3e+02   -1.3   0.1   515   553    60   102    47   110 0.76 # 54 # 1523 # -1 # ID=574_1;partial=00;start_type=ATG;rbs_motif=AGGAG;rbs_spacer=5-10bp;gc_cont=0.701
contig00574_1        -            490 543at72274           -           1001   1.7e-35  120.9   0.9   2   2   1.1e-37   3.2e-35  119.9   0.1   574   870   143   462   138   477 0.84 # 54 # 1523 # -1 # ID=574_1;partial=00;start_type=ATG;rbs_motif=AGGAG;rbs_spacer=5-10bp;gc_cont=0.701
contig00575_3        -            414 543at72274           -           1001   1.3e-33  114.5   0.1   1   1   1.5e-35   4.1e-33  112.9   0.1   572   836    52   337    38   356 0.82 # 1502 # 2743 # -1 # ID=575_3;partial=01;start_type=Edge;rbs_motif=None;rbs_spacer=None;gc_cont=0.671
contig00536_3        -            411 543at72274           -           1001   2.7e-32  110.2   0.1   1   1   3.5e-33     1e-30  105.0   0.1   513   824    52   409    39   411 0.78 # 1592 # 2824 # 1 # ID=536_3;partial=01;start_type=ATG;rbs_motif=GGAGG;rbs_spacer=5-10bp;gc_cont=0.691
contig00189_1        -            433 543at72274           -           1001   1.9e-31  107.4   0.0   1   2   1.2e-25   3.5e-23   80.0   0.0   574   780    79   289    72   295 0.91 # 1 # 1299 # 1 # ID=189_1;partial=10;start_type=Edge;rbs_motif=None;rbs_spacer=None;gc_cont=0.679
contig00189_1        -            433 543at72274           -           1001   1.9e-31  107.4   0.0   2   2     4e-09   1.1e-06   25.4   0.0   775   877   304   407   296   424 0.75 # 1 # 1299 # 1 # ID=189_1;partial=10;start_type=Edge;rbs_motif=None;rbs_spacer=None;gc_cont=0.679
contig00147_4        -            483 543at72274           -           1001   1.1e-28   98.3   1.1   1   1   2.1e-29   5.8e-27   92.6   1.1   521   847    66   438    44   462 0.76 # 2738 # 4186 # -1 # ID=147_4;partial=00;start_type=ATG;rbs_motif=AGGAG;rbs_spacer=5-10bp;gc_cont=0.707
contig02000_1        -            305 543at72274           -           1001   1.1e-28   98.2   0.3   1   1   3.6e-30     1e-27   95.1   0.3   513   735    50   300    39   304 0.84 # 2 # 916 # -1 # ID=2000_1;partial=10;start_type=ATG;rbs_motif=GGA/GAG/AGG;rbs_spacer=11-12bp;gc_cont=0.669
contig01353_2        -            281 543at72274           -           1001   4.1e-28   96.4   1.4   1   1   1.4e-29     4e-27   93.1   1.4   515   691    71   276    48   280 0.75 # 733 # 1575 # 1 # ID=1353_2;partial=01;start_type=ATG;rbs_motif=GGAG/GAGG;rbs_spacer=5-10bp;gc_cont=0.662
contig00712_3        -            278 543at72274           -           1001   4.5e-24   83.0   0.1   1   1   4.5e-26   1.3e-23   81.5   0.1   651   883     1   260     1   274 0.80 # 1594 # 2427 # -1 # ID=712_3;partial=01;start_type=Edge;rbs_motif=None;rbs_spacer=None;gc_cont=0.682
contig00289_3        -            542 543at72274           -           1001   9.6e-20   68.7   0.0   1   2       1.1   3.1e+02   -2.5   0.0   519   566    94   146    89   154 0.73 # 2060 # 3685 # -1 # ID=289_3;partial=00;start_type=ATG;rbs_motif=GGAG/GAGG;rbs_spacer=5-10bp;gc_cont=0.673
contig00289_3        -            542 543at72274           -           1001   9.6e-20   68.7   0.0   2   2   1.6e-21   4.4e-19   66.5   0.0   574   831   175   450   169   494 0.78 # 2060 # 3685 # -1 # ID=289_3;partial=00;start_type=ATG;rbs_motif=GGAG/GAGG;rbs_spacer=5-10bp;gc_cont=0.673
contig02800_1        -            221 543at72274           -           1001     3e-18   63.7   4.7   1   1     1e-19   2.9e-17   60.4   4.7   492   641    46   220    14   221 0.75 # 42 # 704 # 1 # ID=2800_1;partial=01;start_type=GTG;rbs_motif=AGGAG;rbs_spacer=5-10bp;gc_cont=0.722
contig00754_1        -             57 543at72274           -           1001   3.5e-17   60.2   6.9   1   2   3.4e-17   9.5e-15   52.1   2.7   852   883     1    32     1    33 0.97 # 1 # 171 # 1 # ID=754_1;partial=10;start_type=Edge;rbs_motif=None;rbs_spacer=None;gc_cont=0.731
contig00754_1        -             57 543at72274           -           1001   3.5e-17   60.2   6.9   2   2   4.7e-06    0.0013   15.2   0.1   977  1000    28    51    27    52 0.92 # 1 # 171 # 1 # ID=754_1;partial=10;start_type=Edge;rbs_motif=None;rbs_spacer=None;gc_cont=0.731
contig00526_1        -            183 543at72274           -           1001   2.9e-14   50.5   1.5   1   1   1.7e-15   4.7e-13   46.5   1.5   501   619    37   182    16   183 0.72 # 1 # 549 # -1 # ID=526_1;partial=10;start_type=ATG;rbs_motif=AGGAG;rbs_spacer=5-10bp;gc_cont=0.665
contig00103_5        -            200 543at72274           -           1001   1.8e-13   47.9   0.1   1   1   1.1e-15   3.1e-13   47.1   0.1   713   870     2   178     1   193 0.76 # 5083 # 5682 # -1 # ID=103_5;partial=01;start_type=Edge;rbs_motif=None;rbs_spacer=None;gc_cont=0.660
contig00022_1        -            213 543at72274           -           1001     3e-11   40.6   0.0   1   1   1.4e-13   4.1e-11   40.1   0.0   708   869    10   191     2   197 0.77 # 1 # 639 # 1 # ID=22_1;partial=10;start_type=Edge;rbs_motif=None;rbs_spacer=None;gc_cont=0.660
contig01912_1        -            379 543at72274           -           1001   9.6e-11   38.9   1.6   1   1   4.5e-13   1.3e-10   38.5   1.6   572   717   132   289   129   315 0.82 # 1 # 1137 # -1 # ID=1912_1;partial=11;start_type=Edge;rbs_motif=None;rbs_spacer=None;gc_cont=0.728
contig02897_1        -            168 543at72274           -           1001   6.2e-10   36.2   0.0   1   1   4.7e-12   1.3e-09   35.1   0.0   769   869    43   146     5   154 0.78 # 1 # 504 # 1 # ID=2897_1;partial=10;start_type=Edge;rbs_motif=None;rbs_spacer=None;gc_cont=0.655
contig02597_1        -            182 543at72274           -           1001   1.4e-09   35.1   0.0   1   1   5.6e-12   1.6e-09   34.8   0.0   548   619    89   162    57   181 0.79 # 3 # 548 # -1 # ID=2597_1;partial=10;start_type=ATG;rbs_motif=AGGAG;rbs_spacer=5-10bp;gc_cont=0.685
contig00852_1        -            280 543at72274           -           1001   3.9e-08   30.2   0.0   1   1   1.7e-10   4.9e-08   29.9   0.0   657   874     2   237     1   251 0.78 # 1 # 840 # 1 # ID=852_1;partial=10;start_type=Edge;rbs_motif=None;rbs_spacer=None;gc_cont=0.663
contig00861_1        -            140 543at72274           -           1001   2.1e-05   21.2   0.2   1   1   9.2e-08   2.6e-05   20.9   0.2   517   579    62   129    44   132 0.89 # 1763 # 2182 # 1 # ID=861_1;partial=01;start_type=ATG;rbs_motif=AGGAG;rbs_spacer=5-10bp;gc_cont=0.662
contig00117_1        -            185 543at72274           -           1001   9.7e-05   19.0   0.1   1   1   5.9e-07   0.00017   18.2   0.1   787   847    61   124     2   178 0.75 # 2 # 556 # 1 # ID=117_1;partial=10;start_type=Edge;rbs_motif=None;rbs_spacer=None;gc_cont=0.683
contig02019_1        -            323 543at72274           -           1001    0.0018   14.8   0.2   1   2   2.4e-05    0.0068   12.9   0.1   629   742     3   123     1   210 0.66 # 111 # 1079 # -1 # ID=2019_1;partial=01;start_type=Edge;rbs_motif=None;rbs_spacer=None;gc_cont=0.699
contig02019_1        -            323 543at72274           -           1001    0.0018   14.8   0.2   2   2      0.25        71   -0.4   0.0   594   634   211   250   206   260 0.87 # 111 # 1079 # -1 # ID=2019_1;partial=01;start_type=Edge;rbs_motif=None;rbs_spacer=None;gc_cont=0.699
contig00249_4        -            188 543at72274           -           1001    0.0064   13.0   0.1   1   1   3.6e-05      0.01   12.3   0.1   571   610   144   185   138   187 0.89 # 3504 # 4067 # 1 # ID=249_4;partial=01;start_type=ATG;rbs_motif=GGAG/GAGG;rbs_spacer=5-10bp;gc_cont=0.725
contig02411_1        -            106 543at72274           -           1001     0.019   11.4   0.0   1   1   6.8e-05     0.019   11.4   0.0   795   869     1    76     1    91 0.69 # 3 # 320 # 1 # ID=2411_1;partial=10;start_type=Edge;rbs_motif=None;rbs_spacer=None;gc_cont=0.651
contig02046_1        -            121 543at72274           -           1001     0.031   10.7   0.3   1   2     0.035       9.7    2.4   0.0   629   665     6    42     1    59 0.88 # 3 # 365 # -1 # ID=2046_1;partial=10;start_type=ATG;rbs_motif=AGGAG;rbs_spacer=5-10bp;gc_cont=0.683
contig02046_1        -            121 543at72274           -           1001     0.031   10.7   0.3   2   2    0.0017      0.46    6.8   0.2   512   555    65   113    52   117 0.71 # 3 # 365 # -1 # ID=2046_1;partial=10;start_type=ATG;rbs_motif=AGGAG;rbs_spacer=5-10bp;gc_cont=0.683
#
# Program:         hmmsearch
# Version:         3.1b2 (February 2015)
# Pipeline mode:   SEARCH
# Query file:      /home/johngn/Microbial-Genomics-Journey-Workshop-2023/Reads_session_3/busco_downloads/lineages/pseudomonadales_odb10/hmms/543at72274.hmm
# Target file:     /home/johngn/Microbial-Genomics-Journey-Workshop-2023/Reads_session_3/busco_op4/prodigal_output/predicted_genes/predicted.faa
# Option settings: hmmsearch --domtblout /home/johngn/Microbial-Genomics-Journey-Workshop-2023/Reads_session_3/busco_op4/run_pseudomonadales_odb10/hmmer_output/543at72274.out --cpu 1 /home/johngn/Microbial-Genomics-Journey-Workshop-2023/Reads_session_3/busco_downloads/lineages/pseudomonadales_odb10/hmms/543at72274.hmm /home/johngn/Microbial-Genomics-Journey-Workshop-2023/Reads_session_3/busco_op4/prodigal_output/predicted_genes/predicted.faa 
# Current dir:     /home/johngn/Microbial-Genomics-Journey-Workshop-2023/Reads_session_3
# Date:            Wed Mar  8 17:01:36 2023
# [ok]
