#                                                                            --- full sequence --- -------------- this domain -------------   hmm coord   ali coord   env coord
# target name        accession   tlen query name           accession   qlen   E-value  score  bias   #  of  c-Evalue  i-Evalue  score  bias  from    to  from    to  from    to  acc description of target
#------------------- ---------- ----- -------------------- ---------- ----- --------- ------ ----- --- --- --------- --------- ------ ----- ----- ----- ----- ----- ----- ----- ---- ---------------------
contig01320_1        -             75 54430at72274         -            117   7.3e-24   82.8   0.1   1   1   1.7e-26   9.3e-24   82.5   0.1    58   117     2    71     1    71 0.88 # 3 # 227 # 1 # ID=1320_1;partial=10;start_type=Edge;rbs_motif=None;rbs_spacer=None;gc_cont=0.680
contig01112_2        -            366 54430at72274         -            117     1e-13   50.1   0.0   1   1   3.3e-16   1.9e-13   49.3   0.0    43   108    66   137    35   146 0.80 # 207 # 1304 # -1 # ID=1112_2;partial=00;start_type=ATG;rbs_motif=GGAG/GAGG;rbs_spacer=5-10bp;gc_cont=0.697
contig00689_3        -            160 54430at72274         -            117   5.7e-10   38.0   0.0   1   1   1.6e-12     9e-10   37.4   0.0    31   104    48   130    39   134 0.86 # 1999 # 2478 # -1 # ID=689_3;partial=01;start_type=Edge;rbs_motif=None;rbs_spacer=None;gc_cont=0.688
contig00602_4        -             63 54430at72274         -            117   2.8e-08   32.6   0.1   1   1   1.6e-10     9e-08   30.9   0.1     1    43    10    63    10    63 0.84 # 2490 # 2678 # 1 # ID=602_4;partial=01;start_type=ATG;rbs_motif=GGA/GAG/AGG;rbs_spacer=5-10bp;gc_cont=0.587
contig02365_2        -            144 54430at72274         -            117   1.5e-07   30.2   0.0   1   2       1.1   6.2e+02   -0.8   0.0    80    94     7    21     2    45 0.85 # 249 # 680 # -1 # ID=2365_2;partial=00;start_type=ATG;rbs_motif=AGGA;rbs_spacer=5-10bp;gc_cont=0.671
contig02365_2        -            144 54430at72274         -            117   1.5e-07   30.2   0.0   2   2   7.7e-10   4.3e-07   28.7   0.0    43   101    67   126    34   129 0.90 # 249 # 680 # -1 # ID=2365_2;partial=00;start_type=ATG;rbs_motif=AGGA;rbs_spacer=5-10bp;gc_cont=0.671
contig00565_2        -            586 54430at72274         -            117   5.4e-06   25.2   0.0   1   1     3e-08   1.7e-05   23.6   0.0    47   100   193   252   168   259 0.82 # 833 # 2590 # 1 # ID=565_2;partial=00;start_type=ATG;rbs_motif=AGGAG;rbs_spacer=5-10bp;gc_cont=0.703
contig00520_5        -             51 54430at72274         -            117   8.6e-06   24.5   0.1   1   1   1.6e-08   8.8e-06   24.5   0.1    82   108     2    28     1    41 0.81 # 2732 # 2884 # -1 # ID=520_5;partial=01;start_type=Edge;rbs_motif=None;rbs_spacer=None;gc_cont=0.660
contig00204_4        -            172 54430at72274         -            117   5.8e-05   21.9   0.0   1   1   1.6e-07     9e-05   21.3   0.0    32    74    65   107    55   143 0.78 # 2702 # 3217 # 1 # ID=204_4;partial=00;start_type=ATG;rbs_motif=GGAG/GAGG;rbs_spacer=5-10bp;gc_cont=0.717
contig01729_1        -             98 54430at72274         -            117   0.00044   19.0   0.0   1   1   1.1e-06    0.0006   18.6   0.0    51   100    13    68     7    77 0.79 # 1 # 294 # 1 # ID=1729_1;partial=10;start_type=Edge;rbs_motif=None;rbs_spacer=None;gc_cont=0.694
contig00113_4        -            178 54430at72274         -            117   0.00066   18.5   0.0   1   2       1.5   8.4e+02   -1.2   0.0    62    80    10    28     4    34 0.83 # 4870 # 5403 # -1 # ID=113_4;partial=00;start_type=ATG;rbs_motif=GGAG/GAGG;rbs_spacer=5-10bp;gc_cont=0.706
contig00113_4        -            178 54430at72274         -            117   0.00066   18.5   0.0   2   2   4.2e-06    0.0024   16.7   0.0    45   106    90   156    75   161 0.80 # 4870 # 5403 # -1 # ID=113_4;partial=00;start_type=ATG;rbs_motif=GGAG/GAGG;rbs_spacer=5-10bp;gc_cont=0.706
contig00125_2        -            211 54430at72274         -            117   0.00077   18.3   0.0   1   1   2.7e-06    0.0015   17.3   0.0    48   101   131   189   116   201 0.83 # 875 # 1507 # 1 # ID=125_2;partial=00;start_type=ATG;rbs_motif=AGGA;rbs_spacer=5-10bp;gc_cont=0.689
contig03297_1        -             90 54430at72274         -            117    0.0027   16.5   0.0   1   1     6e-06    0.0034   16.2   0.0    52    95    18    67    12    84 0.84 # 241 # 510 # -1 # ID=3297_1;partial=01;start_type=Edge;rbs_motif=None;rbs_spacer=None;gc_cont=0.681
contig01355_1        -             79 54430at72274         -            117    0.0033   16.2   0.0   1   1   9.4e-06    0.0053   15.6   0.0    49    94    14    65     4    76 0.76 # 1 # 237 # 1 # ID=1355_1;partial=10;start_type=Edge;rbs_motif=None;rbs_spacer=None;gc_cont=0.658
contig01323_2        -            169 54430at72274         -            117    0.0042   15.9   0.0   1   2       1.7   9.5e+02   -1.4   0.0     5    24    12    31     9    69 0.63 # 126 # 632 # -1 # ID=1323_2;partial=00;start_type=ATG;rbs_motif=AGGAG;rbs_spacer=5-10bp;gc_cont=0.671
contig01323_2        -            169 54430at72274         -            117    0.0042   15.9   0.0   2   2     2e-05     0.011   14.5   0.0    51    77    83   109    50   111 0.88 # 126 # 632 # -1 # ID=1323_2;partial=00;start_type=ATG;rbs_motif=AGGAG;rbs_spacer=5-10bp;gc_cont=0.671
contig00101_5        -            174 54430at72274         -            117     0.014   14.2   0.0   1   1   3.9e-05     0.022   13.6   0.0    48   101    85   144    63   151 0.82 # 2198 # 2719 # -1 # ID=101_5;partial=00;start_type=ATG;rbs_motif=AGGAG;rbs_spacer=5-10bp;gc_cont=0.669
#
# Program:         hmmsearch
# Version:         3.1b2 (February 2015)
# Pipeline mode:   SEARCH
# Query file:      /home/johngn/Microbial-Genomics-Journey-Workshop-2023/Reads_session_3/busco_downloads/lineages/pseudomonadales_odb10/hmms/54430at72274.hmm
# Target file:     /home/johngn/Microbial-Genomics-Journey-Workshop-2023/Reads_session_3/busco_op4/prodigal_output/predicted_genes/predicted.faa
# Option settings: hmmsearch --domtblout /home/johngn/Microbial-Genomics-Journey-Workshop-2023/Reads_session_3/busco_op4/run_pseudomonadales_odb10/hmmer_output/54430at72274.out --cpu 1 /home/johngn/Microbial-Genomics-Journey-Workshop-2023/Reads_session_3/busco_downloads/lineages/pseudomonadales_odb10/hmms/54430at72274.hmm /home/johngn/Microbial-Genomics-Journey-Workshop-2023/Reads_session_3/busco_op4/prodigal_output/predicted_genes/predicted.faa 
# Current dir:     /home/johngn/Microbial-Genomics-Journey-Workshop-2023/Reads_session_3
# Date:            Wed Mar  8 17:01:36 2023
# [ok]
