#                                                                            --- full sequence --- -------------- this domain -------------   hmm coord   ali coord   env coord
# target name        accession   tlen query name           accession   qlen   E-value  score  bias   #  of  c-Evalue  i-Evalue  score  bias  from    to  from    to  from    to  acc description of target
#------------------- ---------- ----- -------------------- ---------- ----- --------- ------ ----- --- --- --------- --------- ------ ----- ----- ----- ----- ----- ----- ----- ---- ---------------------
contig01075_2        -            273 55277at72274         -            186   1.6e-77  258.4   0.0   1   1   5.9e-80   4.5e-77  256.9   0.0     3   186    12   226    10   226 0.87 # 757 # 1575 # 1 # ID=1075_2;partial=00;start_type=ATG;rbs_motif=GGA/GAG/AGG;rbs_spacer=5-10bp;gc_cont=0.664
contig02582_2        -            179 55277at72274         -            186   4.6e-25   87.4   0.0   1   1   9.6e-28   7.4e-25   86.7   0.0     5   157     4   179     1   179 0.82 # 267 # 803 # 1 # ID=2582_2;partial=01;start_type=ATG;rbs_motif=GGAGG;rbs_spacer=5-10bp;gc_cont=0.683
contig00218_3        -            231 55277at72274         -            186   4.5e-19   67.8   0.0   1   1     3e-21   2.3e-18   65.5   0.0     5   168     5   190     1   200 0.76 # 3349 # 4041 # 1 # ID=218_3;partial=00;start_type=ATG;rbs_motif=GGAG/GAGG;rbs_spacer=5-10bp;gc_cont=0.657
contig02200_1        -            158 55277at72274         -            186   1.7e-18   66.0   0.0   1   1   2.5e-21   1.9e-18   65.8   0.0    68   173    15   129     4   147 0.80 # 1 # 474 # 1 # ID=2200_1;partial=10;start_type=Edge;rbs_motif=None;rbs_spacer=None;gc_cont=0.688
contig00081_4        -            222 55277at72274         -            186   7.2e-16   57.4   0.0   1   1   3.3e-18   2.5e-15   55.6   0.0     7   170    11   195     5   203 0.72 # 2644 # 3309 # -1 # ID=81_4;partial=00;start_type=ATG;rbs_motif=GGAG/GAGG;rbs_spacer=5-10bp;gc_cont=0.674
contig00497_4        -            233 55277at72274         -            186   3.1e-10   39.0   0.0   1   2    0.0021       1.6    7.3   0.0     5    26     5    26     2    43 0.80 # 2149 # 2847 # 1 # ID=497_4;partial=00;start_type=ATG;rbs_motif=GGAGG;rbs_spacer=5-10bp;gc_cont=0.698
contig00497_4        -            233 55277at72274         -            186   3.1e-10   39.0   0.0   2   2   3.2e-10   2.5e-07   29.6   0.0    64   162    95   199    86   204 0.80 # 2149 # 2847 # 1 # ID=497_4;partial=00;start_type=ATG;rbs_motif=GGAGG;rbs_spacer=5-10bp;gc_cont=0.698
contig00516_3        -            199 55277at72274         -            186   6.5e-06   24.9   0.0   1   1   3.2e-07   0.00025   19.8   0.0     8   166    10   172     4   192 0.64 # 1683 # 2279 # -1 # ID=516_3;partial=00;start_type=GTG;rbs_motif=GGAG/GAGG;rbs_spacer=5-10bp;gc_cont=0.715
contig00869_2        -            223 55277at72274         -            186   1.6e-05   23.6   0.0   1   2       2.9   2.2e+03   -2.9   0.0    11    28     1    18     1    27 0.80 # 292 # 960 # -1 # ID=869_2;partial=00;start_type=ATG;rbs_motif=None;rbs_spacer=None;gc_cont=0.725
contig00869_2        -            223 55277at72274         -            186   1.6e-05   23.6   0.0   2   2     4e-08   3.1e-05   22.7   0.0    76   164    76   173    53   178 0.79 # 292 # 960 # -1 # ID=869_2;partial=00;start_type=ATG;rbs_motif=None;rbs_spacer=None;gc_cont=0.725
contig01400_2        -            179 55277at72274         -            186    0.0066   15.1   0.1   1   2       2.3   1.8e+03   -2.6   0.2     3    21     2    20     1    29 0.66 # 203 # 739 # -1 # ID=1400_2;partial=00;start_type=ATG;rbs_motif=None;rbs_spacer=None;gc_cont=0.633
contig01400_2        -            179 55277at72274         -            186    0.0066   15.1   0.1   2   2   1.9e-05     0.014   14.0   0.0   122   168    99   150    94   173 0.69 # 203 # 739 # -1 # ID=1400_2;partial=00;start_type=ATG;rbs_motif=None;rbs_spacer=None;gc_cont=0.633
contig01749_1        -            219 55277at72274         -            186      0.02   13.5   0.0   1   2    0.0097       7.4    5.2   0.1     6    21    11    26     7    38 0.86 # 3 # 659 # -1 # ID=1749_1;partial=10;start_type=ATG;rbs_motif=GGA/GAG/AGG;rbs_spacer=5-10bp;gc_cont=0.674
contig01749_1        -            219 55277at72274         -            186      0.02   13.5   0.0   2   2    0.0043       3.3    6.3   0.0    80   161    98   188    81   203 0.76 # 3 # 659 # -1 # ID=1749_1;partial=10;start_type=ATG;rbs_motif=GGA/GAG/AGG;rbs_spacer=5-10bp;gc_cont=0.674
contig00874_2        -            232 55277at72274         -            186     0.037   12.7   0.0   1   2      0.15   1.1e+02    1.3   0.0     7    21     8    22     5    46 0.76 # 683 # 1378 # 1 # ID=874_2;partial=00;start_type=ATG;rbs_motif=GGAG/GAGG;rbs_spacer=5-10bp;gc_cont=0.713
contig00874_2        -            232 55277at72274         -            186     0.037   12.7   0.0   2   2   0.00052       0.4    9.3   0.0   119   164   134   184    84   201 0.83 # 683 # 1378 # 1 # ID=874_2;partial=00;start_type=ATG;rbs_motif=GGAG/GAGG;rbs_spacer=5-10bp;gc_cont=0.713
#
# Program:         hmmsearch
# Version:         3.1b2 (February 2015)
# Pipeline mode:   SEARCH
# Query file:      /home/johngn/Microbial-Genomics-Journey-Workshop-2023/Reads_session_3/busco_downloads/lineages/pseudomonadales_odb10/hmms/55277at72274.hmm
# Target file:     /home/johngn/Microbial-Genomics-Journey-Workshop-2023/Reads_session_3/busco_op4/prodigal_output/predicted_genes/predicted.faa
# Option settings: hmmsearch --domtblout /home/johngn/Microbial-Genomics-Journey-Workshop-2023/Reads_session_3/busco_op4/run_pseudomonadales_odb10/hmmer_output/55277at72274.out --cpu 1 /home/johngn/Microbial-Genomics-Journey-Workshop-2023/Reads_session_3/busco_downloads/lineages/pseudomonadales_odb10/hmms/55277at72274.hmm /home/johngn/Microbial-Genomics-Journey-Workshop-2023/Reads_session_3/busco_op4/prodigal_output/predicted_genes/predicted.faa 
# Current dir:     /home/johngn/Microbial-Genomics-Journey-Workshop-2023/Reads_session_3
# Date:            Wed Mar  8 17:01:37 2023
# [ok]
