#                                                                            --- full sequence --- -------------- this domain -------------   hmm coord   ali coord   env coord
# target name        accession   tlen query name           accession   qlen   E-value  score  bias   #  of  c-Evalue  i-Evalue  score  bias  from    to  from    to  from    to  acc description of target
#------------------- ---------- ----- -------------------- ---------- ----- --------- ------ ----- --- --- --------- --------- ------ ----- ----- ----- ----- ----- ----- ----- ---- ---------------------
contig00776_5        -            100 56209at72274         -            137   7.2e-45  151.0   0.0   1   1   9.4e-48   7.9e-45  150.9   0.0    39   137     1    99     1    99 0.99 # 2027 # 2326 # -1 # ID=776_5;partial=01;start_type=Edge;rbs_motif=None;rbs_spacer=None;gc_cont=0.657
contig01623_2        -            340 56209at72274         -            137   1.8e-25   88.2   0.0   1   3   3.2e-10   2.7e-07   29.4   0.0    45   132    15   103     9   107 0.91 # 336 # 1355 # 1 # ID=1623_2;partial=01;start_type=ATG;rbs_motif=GGA/GAG/AGG;rbs_spacer=5-10bp;gc_cont=0.695
contig01623_2        -            340 56209at72274         -            137   1.8e-25   88.2   0.0   2   3   1.2e-09     1e-06   27.5   0.0    29   129   121   224   119   230 0.82 # 336 # 1355 # 1 # ID=1623_2;partial=01;start_type=ATG;rbs_motif=GGA/GAG/AGG;rbs_spacer=5-10bp;gc_cont=0.695
contig01623_2        -            340 56209at72274         -            137   1.8e-25   88.2   0.0   3   3   9.8e-10   8.3e-07   27.8   0.0    51   108   280   337   259   340 0.93 # 336 # 1355 # 1 # ID=1623_2;partial=01;start_type=ATG;rbs_motif=GGA/GAG/AGG;rbs_spacer=5-10bp;gc_cont=0.695
contig00119_2        -            473 56209at72274         -            137   3.1e-10   38.9   0.0   1   1   6.9e-13   5.8e-10   38.0   0.0    43   130   375   463   362   471 0.88 # 516 # 1934 # -1 # ID=119_2;partial=00;start_type=GTG;rbs_motif=AGGAG;rbs_spacer=5-10bp;gc_cont=0.584
contig01948_2        -            169 56209at72274         -            137   1.2e-07   30.5   0.0   1   1   1.8e-10   1.5e-07   30.2   0.0    38   134    18   113    11   115 0.90 # 611 # 1117 # -1 # ID=1948_2;partial=01;start_type=Edge;rbs_motif=None;rbs_spacer=None;gc_cont=0.696
contig02417_1        -             85 56209at72274         -            137   1.1e-05   24.2   2.3   1   1   1.9e-08   1.6e-05   23.6   2.3     2    26    61    85    60    85 0.95 # 3 # 257 # -1 # ID=2417_1;partial=10;start_type=GTG;rbs_motif=None;rbs_spacer=None;gc_cont=0.643
contig03192_1        -             55 56209at72274         -            137   0.00013   20.6   0.0   1   1   1.8e-07   0.00015   20.4   0.0    92   130     3    42     1    44 0.94 # 1 # 165 # 1 # ID=3192_1;partial=10;start_type=Edge;rbs_motif=None;rbs_spacer=None;gc_cont=0.648
contig00386_2        -            313 56209at72274         -            137   0.00045   18.9   0.0   1   1     8e-07   0.00067   18.4   0.0    31   128   106   208    95   213 0.89 # 73 # 1011 # -1 # ID=386_2;partial=00;start_type=ATG;rbs_motif=GGAGG;rbs_spacer=5-10bp;gc_cont=0.636
contig02071_2        -            169 56209at72274         -            137   0.00093   17.9   0.0   1   2    0.0018       1.5    7.5   0.0    49    74    22    47    10    53 0.80 # 552 # 1058 # 1 # ID=2071_2;partial=01;start_type=ATG;rbs_motif=GGxGG;rbs_spacer=5-10bp;gc_cont=0.720
contig02071_2        -            169 56209at72274         -            137   0.00093   17.9   0.0   2   2   0.00088      0.75    8.5   0.0    78   132    68   124    63   127 0.81 # 552 # 1058 # 1 # ID=2071_2;partial=01;start_type=ATG;rbs_motif=GGxGG;rbs_spacer=5-10bp;gc_cont=0.720
contig00559_1        -            285 56209at72274         -            137    0.0029   16.3   0.0   1   3       2.5   2.1e+03   -2.7   0.0    38    60     7    29     3    52 0.62 # 273 # 1127 # 1 # ID=559_1;partial=00;start_type=ATG;rbs_motif=AGGAG;rbs_spacer=5-10bp;gc_cont=0.695
contig00559_1        -            285 56209at72274         -            137    0.0029   16.3   0.0   2   3   0.00042      0.36    9.5   0.0   100   135    99   136    72   138 0.73 # 273 # 1127 # 1 # ID=559_1;partial=00;start_type=ATG;rbs_motif=AGGAG;rbs_spacer=5-10bp;gc_cont=0.695
contig00559_1        -            285 56209at72274         -            137    0.0029   16.3   0.0   3   3     0.023        19    3.9   0.0    69   128   211   272   200   276 0.80 # 273 # 1127 # 1 # ID=559_1;partial=00;start_type=ATG;rbs_motif=AGGAG;rbs_spacer=5-10bp;gc_cont=0.695
contig02124_2        -             50 56209at72274         -            137     0.059   12.0   0.0   1   1   7.1e-05      0.06   12.0   0.0    98   130     7    40     1    46 0.82 # 877 # 1026 # -1 # ID=2124_2;partial=01;start_type=Edge;rbs_motif=None;rbs_spacer=None;gc_cont=0.687
#
# Program:         hmmsearch
# Version:         3.1b2 (February 2015)
# Pipeline mode:   SEARCH
# Query file:      /home/johngn/Microbial-Genomics-Journey-Workshop-2023/Reads_session_3/busco_downloads/lineages/pseudomonadales_odb10/hmms/56209at72274.hmm
# Target file:     /home/johngn/Microbial-Genomics-Journey-Workshop-2023/Reads_session_3/busco_op4/prodigal_output/predicted_genes/predicted.faa
# Option settings: hmmsearch --domtblout /home/johngn/Microbial-Genomics-Journey-Workshop-2023/Reads_session_3/busco_op4/run_pseudomonadales_odb10/hmmer_output/56209at72274.out --cpu 1 /home/johngn/Microbial-Genomics-Journey-Workshop-2023/Reads_session_3/busco_downloads/lineages/pseudomonadales_odb10/hmms/56209at72274.hmm /home/johngn/Microbial-Genomics-Journey-Workshop-2023/Reads_session_3/busco_op4/prodigal_output/predicted_genes/predicted.faa 
# Current dir:     /home/johngn/Microbial-Genomics-Journey-Workshop-2023/Reads_session_3
# Date:            Wed Mar  8 17:01:37 2023
# [ok]
