#                                                                            --- full sequence --- -------------- this domain -------------   hmm coord   ali coord   env coord
# target name        accession   tlen query name           accession   qlen   E-value  score  bias   #  of  c-Evalue  i-Evalue  score  bias  from    to  from    to  from    to  acc description of target
#------------------- ---------- ----- -------------------- ---------- ----- --------- ------ ----- --- --- --------- --------- ------ ----- ----- ----- ----- ----- ----- ----- ---- ---------------------
contig00592_3        -             95 59210at72274         -            151   1.5e-34  117.9   0.3   1   1   1.2e-37   1.7e-34  117.7   0.3    71   151     1    86     1    86 0.97 # 2410 # 2694 # -1 # ID=592_3;partial=01;start_type=Edge;rbs_motif=None;rbs_spacer=None;gc_cont=0.684
contig00922_2        -             63 59210at72274         -            151   3.1e-30  103.9   0.0   1   1   2.4e-33   3.3e-30  103.7   0.0     1    60     1    63     1    63 0.96 # 1902 # 2090 # 1 # ID=922_2;partial=01;start_type=GTG;rbs_motif=None;rbs_spacer=None;gc_cont=0.630
contig00123_1        -            564 59210at72274         -            151     0.032   12.9   0.0   1   1   5.3e-05     0.074   11.7   0.0     4    25   143   164   141   168 0.92 # 1 # 1692 # 1 # ID=123_1;partial=10;start_type=Edge;rbs_motif=None;rbs_spacer=None;gc_cont=0.650
contig03261_1        -            175 59210at72274         -            151     0.042   12.5   0.4   1   2      0.23   3.3e+02   -0.1   0.1    67    91    25    49    16    62 0.76 # 2 # 526 # 1 # ID=3261_1;partial=11;start_type=Edge;rbs_motif=None;rbs_spacer=None;gc_cont=0.674
contig03261_1        -            175 59210at72274         -            151     0.042   12.5   0.4   2   2   0.00012      0.17   10.6   0.0     3    24   113   134   111   154 0.82 # 2 # 526 # 1 # ID=3261_1;partial=11;start_type=Edge;rbs_motif=None;rbs_spacer=None;gc_cont=0.674
contig02259_2        -            292 59210at72274         -            151     0.044   12.5   0.0   1   1   7.3e-05       0.1   11.3   0.0     3    23   121   141   119   145 0.90 # 82 # 957 # -1 # ID=2259_2;partial=01;start_type=Edge;rbs_motif=None;rbs_spacer=None;gc_cont=0.715
contig00072_2        -            522 59210at72274         -            151     0.057   12.1   0.0   1   3      0.11   1.6e+02    1.0   0.0     6    25    24    43    20    52 0.88 # 561 # 2126 # 1 # ID=72_2;partial=00;start_type=ATG;rbs_motif=None;rbs_spacer=None;gc_cont=0.645
contig00072_2        -            522 59210at72274         -            151     0.057   12.1   0.0   2   3      0.37   5.2e+02   -0.8   0.0    17    34   154   171   141   201 0.66 # 561 # 2126 # 1 # ID=72_2;partial=00;start_type=ATG;rbs_motif=None;rbs_spacer=None;gc_cont=0.645
contig00072_2        -            522 59210at72274         -            151     0.057   12.1   0.0   3   3    0.0017       2.4    6.8   0.0     4    30   340   366   338   390 0.81 # 561 # 2126 # 1 # ID=72_2;partial=00;start_type=ATG;rbs_motif=None;rbs_spacer=None;gc_cont=0.645
#
# Program:         hmmsearch
# Version:         3.1b2 (February 2015)
# Pipeline mode:   SEARCH
# Query file:      /home/johngn/Microbial-Genomics-Journey-Workshop-2023/Reads_session_3/busco_downloads/lineages/pseudomonadales_odb10/hmms/59210at72274.hmm
# Target file:     /home/johngn/Microbial-Genomics-Journey-Workshop-2023/Reads_session_3/busco_op4/prodigal_output/predicted_genes/predicted.faa
# Option settings: hmmsearch --domtblout /home/johngn/Microbial-Genomics-Journey-Workshop-2023/Reads_session_3/busco_op4/run_pseudomonadales_odb10/hmmer_output/59210at72274.out --cpu 1 /home/johngn/Microbial-Genomics-Journey-Workshop-2023/Reads_session_3/busco_downloads/lineages/pseudomonadales_odb10/hmms/59210at72274.hmm /home/johngn/Microbial-Genomics-Journey-Workshop-2023/Reads_session_3/busco_op4/prodigal_output/predicted_genes/predicted.faa 
# Current dir:     /home/johngn/Microbial-Genomics-Journey-Workshop-2023/Reads_session_3
# Date:            Wed Mar  8 17:01:39 2023
# [ok]
