#                                                                            --- full sequence --- -------------- this domain -------------   hmm coord   ali coord   env coord
# target name        accession   tlen query name           accession   qlen   E-value  score  bias   #  of  c-Evalue  i-Evalue  score  bias  from    to  from    to  from    to  acc description of target
#------------------- ---------- ----- -------------------- ---------- ----- --------- ------ ----- --- --- --------- --------- ------ ----- ----- ----- ----- ----- ----- ----- ---- ---------------------
contig00583_4        -             89 59632at72274         -            104   2.2e-35  119.9   0.5   1   1     2e-37   2.6e-35  119.7   0.5     1    72     8    89     8    89 0.91 # 2455 # 2721 # 1 # ID=583_4;partial=01;start_type=ATG;rbs_motif=GGA/GAG/AGG;rbs_spacer=5-10bp;gc_cont=0.547
contig01172_2        -            230 59632at72274         -            104   1.8e-17   62.3   0.0   1   1     4e-19   5.2e-17   60.9   0.0     1   101     3   112     3   115 0.82 # 1060 # 1749 # -1 # ID=1172_2;partial=01;start_type=Edge;rbs_motif=None;rbs_spacer=None;gc_cont=0.648
contig00186_5        -            122 59632at72274         -            104   2.5e-17   61.9   0.0   1   1   2.3e-19   2.9e-17   61.7   0.0     2   104     3   115     2   115 0.84 # 4093 # 4458 # -1 # ID=186_5;partial=00;start_type=ATG;rbs_motif=None;rbs_spacer=None;gc_cont=0.615
contig02090_1        -            256 59632at72274         -            104   2.8e-14   52.1   0.0   1   1   4.2e-16   5.4e-14   51.2   0.0    21   102    50   135    27   137 0.74 # 3 # 770 # 1 # ID=2090_1;partial=10;start_type=Edge;rbs_motif=None;rbs_spacer=None;gc_cont=0.648
contig01011_2        -            247 59632at72274         -            104   2.2e-13   49.2   0.1   1   1   3.2e-15   4.2e-13   48.3   0.1     3   103     7   116     5   117 0.83 # 604 # 1344 # -1 # ID=1011_2;partial=00;start_type=ATG;rbs_motif=GGAG/GAGG;rbs_spacer=5-10bp;gc_cont=0.665
contig00107_5        -            230 59632at72274         -            104   2.5e-13   49.0   0.0   1   1   3.1e-15     4e-13   48.4   0.0     8   101     9   108     1   111 0.78 # 3273 # 3962 # -1 # ID=107_5;partial=00;start_type=ATG;rbs_motif=AGGA/GGAG/GAGG;rbs_spacer=11-12bp;gc_cont=0.661
contig00955_2        -            243 59632at72274         -            104   5.4e-12   44.8   0.0   1   1   6.9e-14   8.9e-12   44.1   0.0     3   103     8   118     6   119 0.87 # 536 # 1264 # -1 # ID=955_2;partial=00;start_type=GTG;rbs_motif=AGGAG;rbs_spacer=5-10bp;gc_cont=0.694
contig00187_3        -            248 59632at72274         -            104   1.6e-11   43.3   0.0   1   1   2.5e-13   3.3e-11   42.2   0.0     2   103    12   121    11   122 0.81 # 3012 # 3755 # 1 # ID=187_3;partial=00;start_type=ATG;rbs_motif=GGAG/GAGG;rbs_spacer=5-10bp;gc_cont=0.679
contig02072_2        -            156 59632at72274         -            104   2.9e-11   42.4   0.0   1   1   2.7e-13   3.6e-11   42.1   0.0    21   102    24   110     1   112 0.79 # 593 # 1060 # 1 # ID=2072_2;partial=01;start_type=ATG;rbs_motif=GGAG/GAGG;rbs_spacer=5-10bp;gc_cont=0.679
contig01432_2        -            236 59632at72274         -            104   6.2e-11   41.3   0.0   1   1   9.5e-13   1.2e-10   40.4   0.0     2   100     8   113     7   117 0.84 # 774 # 1481 # 1 # ID=1432_2;partial=00;start_type=ATG;rbs_motif=None;rbs_spacer=None;gc_cont=0.636
contig00093_5        -            787 59632at72274         -            104   9.8e-11   40.7   0.0   1   1   2.1e-12   2.7e-10   39.3   0.0     2   101   664   773   663   776 0.80 # 2317 # 4677 # 1 # ID=93_5;partial=00;start_type=ATG;rbs_motif=GGA/GAG/AGG;rbs_spacer=5-10bp;gc_cont=0.671
contig01055_2        -            122 59632at72274         -            104   1.3e-10   40.4   0.0   1   1   1.2e-12   1.5e-10   40.1   0.0     3   102     5   114     3   116 0.86 # 513 # 878 # 1 # ID=1055_2;partial=00;start_type=ATG;rbs_motif=GGAG/GAGG;rbs_spacer=5-10bp;gc_cont=0.648
contig01068_1        -            225 59632at72274         -            104   5.9e-10   38.2   0.0   1   1   8.3e-12   1.1e-09   37.4   0.0     3   102     3   109     1   111 0.77 # 50 # 724 # 1 # ID=1068_1;partial=00;start_type=ATG;rbs_motif=GGA/GAG/AGG;rbs_spacer=5-10bp;gc_cont=0.650
contig00961_1        -            125 59632at72274         -            104   8.2e-10   37.8   0.0   1   1     7e-12   9.1e-10   37.6   0.0    19    97    32   117    11   124 0.81 # 2 # 376 # -1 # ID=961_1;partial=10;start_type=ATG;rbs_motif=None;rbs_spacer=None;gc_cont=0.664
contig00380_2        -            230 59632at72274         -            104   8.8e-10   37.7   0.0   1   1   1.4e-11   1.8e-09   36.6   0.0    33   100    39   108     3   112 0.78 # 1258 # 1947 # -1 # ID=380_2;partial=00;start_type=ATG;rbs_motif=None;rbs_spacer=None;gc_cont=0.693
contig00628_3        -            224 59632at72274         -            104   2.3e-09   36.3   0.0   1   1   3.1e-11     4e-09   35.5   0.0    15   100    16   108     1   112 0.74 # 1863 # 2534 # -1 # ID=628_3;partial=00;start_type=ATG;rbs_motif=GGAG/GAGG;rbs_spacer=5-10bp;gc_cont=0.701
contig00240_1        -            177 59632at72274         -            104   3.1e-09   35.9   0.0   1   1   3.5e-11   4.6e-09   35.4   0.0     3    97     8   110     6   116 0.85 # 3 # 533 # -1 # ID=240_1;partial=10;start_type=ATG;rbs_motif=GGA/GAG/AGG;rbs_spacer=5-10bp;gc_cont=0.627
contig00134_4        -            222 59632at72274         -            104   3.1e-09   35.9   0.0   1   1   3.6e-11   4.6e-09   35.3   0.0    19   101    22   109     7   112 0.86 # 2576 # 3241 # 1 # ID=134_4;partial=00;start_type=ATG;rbs_motif=GGAG/GAGG;rbs_spacer=5-10bp;gc_cont=0.701
contig00443_2        -            240 59632at72274         -            104   5.4e-09   35.1   0.0   1   1   6.4e-11   8.2e-09   34.5   0.0    21   100    32   115    12   121 0.88 # 791 # 1510 # -1 # ID=443_2;partial=00;start_type=ATG;rbs_motif=None;rbs_spacer=None;gc_cont=0.662
contig01163_2        -            206 59632at72274         -            104   7.5e-09   34.7   0.2   1   1   8.7e-11   1.1e-08   34.1   0.2     3   103     4   113     2   114 0.86 # 1145 # 1762 # 1 # ID=1163_2;partial=01;start_type=ATG;rbs_motif=GGA/GAG/AGG;rbs_spacer=11-12bp;gc_cont=0.605
contig00175_5        -             96 59632at72274         -            104   9.6e-09   34.3   0.0   1   1   8.7e-11   1.1e-08   34.1   0.0    28   104     5    86     1    86 0.82 # 4444 # 4731 # -1 # ID=175_5;partial=01;start_type=Edge;rbs_motif=None;rbs_spacer=None;gc_cont=0.625
contig01466_2        -            135 59632at72274         -            104   1.7e-08   33.5   0.0   1   1   1.5e-10     2e-08   33.3   0.0    25   100    30   108     3   112 0.86 # 1067 # 1471 # 1 # ID=1466_2;partial=01;start_type=ATG;rbs_motif=None;rbs_spacer=None;gc_cont=0.709
contig02949_1        -            136 59632at72274         -            104   1.9e-08   33.4   0.0   1   1   1.9e-10   2.4e-08   33.0   0.0     2   103     2   112     1   113 0.71 # 3 # 410 # -1 # ID=2949_1;partial=10;start_type=ATG;rbs_motif=AGGA/GGAG/GAGG;rbs_spacer=11-12bp;gc_cont=0.654
contig00426_2        -            239 59632at72274         -            104   3.5e-08   32.5   0.0   1   1   4.4e-10   5.7e-08   31.8   0.0    21   100    34   117    12   120 0.77 # 1458 # 2174 # 1 # ID=426_2;partial=00;start_type=GTG;rbs_motif=GGA/GAG/AGG;rbs_spacer=11-12bp;gc_cont=0.692
contig01632_2        -            226 59632at72274         -            104   5.1e-08   32.0   0.0   1   1   6.6e-10   8.6e-08   31.3   0.0     4   100     5   109     3   113 0.82 # 329 # 1006 # 1 # ID=1632_2;partial=00;start_type=ATG;rbs_motif=GGA/GAG/AGG;rbs_spacer=5-10bp;gc_cont=0.698
contig01961_2        -            202 59632at72274         -            104   6.4e-08   31.7   0.0   1   1   1.2e-09   1.6e-07   30.4   0.0     2   102     6   118     5   120 0.79 # 504 # 1109 # 1 # ID=1961_2;partial=01;start_type=ATG;rbs_motif=GGAGG;rbs_spacer=5-10bp;gc_cont=0.683
contig01082_2        -            226 59632at72274         -            104   6.8e-08   31.6   0.0   1   1   8.5e-10   1.1e-07   30.9   0.0     1   100     1   108     1   114 0.85 # 170 # 847 # 1 # ID=1082_2;partial=00;start_type=ATG;rbs_motif=GGAGG;rbs_spacer=5-10bp;gc_cont=0.664
contig00096_1        -            198 59632at72274         -            104   9.5e-08   31.1   0.0   1   1   1.1e-09   1.5e-07   30.5   0.0     2   103     4   113     3   114 0.82 # 3 # 596 # -1 # ID=96_1;partial=10;start_type=ATG;rbs_motif=GGA/GAG/AGG;rbs_spacer=5-10bp;gc_cont=0.677
contig01879_2        -            231 59632at72274         -            104   9.8e-08   31.1   0.0   1   1   1.3e-09   1.6e-07   30.4   0.0     3   102     8   114     6   116 0.87 # 203 # 895 # 1 # ID=1879_2;partial=00;start_type=ATG;rbs_motif=None;rbs_spacer=None;gc_cont=0.687
contig00940_2        -            643 59632at72274         -            104   3.4e-07   29.4   0.0   1   1   5.4e-09     7e-07   28.3   0.0    14   101   531   625   516   628 0.78 # 132 # 2060 # 1 # ID=940_2;partial=01;start_type=ATG;rbs_motif=AGGAG;rbs_spacer=5-10bp;gc_cont=0.658
contig00080_1        -            208 59632at72274         -            104   3.5e-07   29.3   0.2   1   1   5.7e-09   7.4e-07   28.3   0.1     2   103     3   113     2   114 0.76 # 128 # 751 # -1 # ID=80_1;partial=00;start_type=ATG;rbs_motif=AGGA;rbs_spacer=5-10bp;gc_cont=0.588
contig02308_2        -            222 59632at72274         -            104   3.5e-07   29.3   0.0   1   1   4.4e-09   5.7e-07   28.6   0.0     3   101     7   113     5   116 0.79 # 267 # 932 # 1 # ID=2308_2;partial=01;start_type=ATG;rbs_motif=AGGAG;rbs_spacer=5-10bp;gc_cont=0.671
contig01991_1        -            355 59632at72274         -            104   4.2e-07   29.0   0.0   1   1   5.7e-09   7.4e-07   28.3   0.0    30    97    45   117    12   124 0.74 # 1 # 1065 # -1 # ID=1991_1;partial=10;start_type=ATG;rbs_motif=GGAGG;rbs_spacer=3-4bp;gc_cont=0.694
contig00152_1        -            176 59632at72274         -            104   8.5e-07   28.1   0.0   1   1     9e-09   1.2e-06   27.6   0.0     2   101    61   165    60   168 0.78 # 3 # 530 # 1 # ID=152_1;partial=10;start_type=Edge;rbs_motif=None;rbs_spacer=None;gc_cont=0.682
contig00996_1        -            482 59632at72274         -            104   9.3e-07   27.9   0.0   1   1   1.5e-08     2e-06   26.9   0.0    18   102   241   335   222   337 0.72 # 3 # 1448 # 1 # ID=996_1;partial=10;start_type=Edge;rbs_motif=None;rbs_spacer=None;gc_cont=0.686
contig00224_2        -            350 59632at72274         -            104   1.5e-06   27.3   0.1   1   1   2.2e-08   2.9e-06   26.4   0.1     2    94     4   107     3   113 0.78 # 1516 # 2565 # -1 # ID=224_2;partial=00;start_type=ATG;rbs_motif=GGAG/GAGG;rbs_spacer=5-10bp;gc_cont=0.717
contig01781_1        -            244 59632at72274         -            104   1.8e-06   27.0   0.1   1   1   2.1e-08   2.8e-06   26.4   0.1     1    95     3   108     3   112 0.71 # 1 # 732 # -1 # ID=1781_1;partial=10;start_type=ATG;rbs_motif=AGGAG;rbs_spacer=5-10bp;gc_cont=0.669
contig00362_3        -            215 59632at72274         -            104     2e-06   26.9   0.2   1   1   2.8e-08   3.6e-06   26.1   0.2     1   104     2   115     2   115 0.73 # 2448 # 3092 # -1 # ID=362_3;partial=00;start_type=GTG;rbs_motif=GGAG/GAGG;rbs_spacer=5-10bp;gc_cont=0.633
contig00660_1        -            695 59632at72274         -            104     3e-05   23.1   0.0   1   1   4.3e-07   5.6e-05   22.2   0.0     3   100   453   563   451   567 0.76 # 2 # 2086 # 1 # ID=660_1;partial=10;start_type=Edge;rbs_motif=None;rbs_spacer=None;gc_cont=0.678
contig00151_4        -            224 59632at72274         -            104   3.2e-05   23.0   0.0   1   1     4e-07   5.2e-05   22.3   0.0    21   101    24   109     5   112 0.80 # 1992 # 2663 # 1 # ID=151_4;partial=00;start_type=ATG;rbs_motif=GGAG/GAGG;rbs_spacer=5-10bp;gc_cont=0.695
contig00358_4        -            125 59632at72274         -            104   3.6e-05   22.9   0.1   1   1   3.5e-07   4.6e-05   22.5   0.1     1   101     1   112     1   115 0.75 # 2226 # 2600 # 1 # ID=358_4;partial=00;start_type=ATG;rbs_motif=GGA/GAG/AGG;rbs_spacer=5-10bp;gc_cont=0.603
contig00175_3        -            348 59632at72274         -            104   3.6e-05   22.8   0.0   1   1   5.3e-07   6.9e-05   21.9   0.0     3   100    21   129    19   133 0.77 # 2289 # 3332 # -1 # ID=175_3;partial=00;start_type=ATG;rbs_motif=GGAG/GAGG;rbs_spacer=5-10bp;gc_cont=0.674
contig02979_1        -            210 59632at72274         -            104   3.6e-05   22.8   0.0   1   1   4.8e-07   6.2e-05   22.1   0.0     1   104     5   118     5   118 0.79 # 3 # 632 # 1 # ID=2979_1;partial=11;start_type=Edge;rbs_motif=None;rbs_spacer=None;gc_cont=0.640
contig02528_2        -             99 59632at72274         -            104   3.9e-05   22.7   0.0   1   1   3.5e-07   4.5e-05   22.5   0.0     2    70     3    80     2    90 0.77 # 530 # 826 # 1 # ID=2528_2;partial=01;start_type=ATG;rbs_motif=GGA/GAG/AGG;rbs_spacer=5-10bp;gc_cont=0.646
contig00349_4        -            260 59632at72274         -            104   4.1e-05   22.7   0.0   1   1   5.6e-07   7.3e-05   21.9   0.0     4   103     7   118     4   119 0.75 # 2722 # 3501 # 1 # ID=349_4;partial=01;start_type=ATG;rbs_motif=AGGAG;rbs_spacer=5-10bp;gc_cont=0.662
contig00997_1        -            479 59632at72274         -            104    0.0001   21.4   0.0   1   1   1.3e-06   0.00017   20.7   0.0     3   104     4   109     2   109 0.72 # 305 # 1741 # -1 # ID=997_1;partial=00;start_type=ATG;rbs_motif=GGA/GAG/AGG;rbs_spacer=5-10bp;gc_cont=0.665
contig00644_2        -            607 59632at72274         -            104   0.00013   21.0   0.0   1   1   2.6e-06   0.00034   19.7   0.0     2   102   491   596   490   598 0.80 # 758 # 2578 # -1 # ID=644_2;partial=01;start_type=Edge;rbs_motif=None;rbs_spacer=None;gc_cont=0.701
contig00361_3        -            226 59632at72274         -            104   0.00036   19.6   0.0   1   1     4e-06   0.00052   19.1   0.0     1   104     1   114     1   114 0.85 # 2711 # 3388 # -1 # ID=361_3;partial=00;start_type=ATG;rbs_motif=AGGAG;rbs_spacer=5-10bp;gc_cont=0.693
contig01956_2        -            112 59632at72274         -            104   0.00053   19.1   0.1   1   1   4.9e-06   0.00063   18.8   0.1     2    91    13   112    12   112 0.75 # 779 # 1114 # 1 # ID=1956_2;partial=01;start_type=ATG;rbs_motif=AGGAG;rbs_spacer=5-10bp;gc_cont=0.685
contig00186_6        -             32 59632at72274         -            104   0.00059   18.9   0.0   1   1   5.2e-06   0.00068   18.7   0.0    88   104     1    17     1    17 0.96 # 4505 # 4600 # -1 # ID=186_6;partial=01;start_type=Edge;rbs_motif=None;rbs_spacer=None;gc_cont=0.604
contig00056_8        -            127 59632at72274         -            104    0.0007   18.7   0.0   1   1   6.3e-06   0.00082   18.5   0.0     3   102    17   125    15   127 0.82 # 7193 # 7573 # 1 # ID=56_8;partial=01;start_type=ATG;rbs_motif=GGA/GAG/AGG;rbs_spacer=5-10bp;gc_cont=0.643
contig00388_2        -            450 59632at72274         -            104     0.002   17.2   0.0   1   1   3.4e-05    0.0043   16.2   0.0     2   100    10   116     9   120 0.80 # 1277 # 2626 # -1 # ID=388_2;partial=00;start_type=ATG;rbs_motif=AGGA/GGAG/GAGG;rbs_spacer=11-12bp;gc_cont=0.668
contig00175_4        -            336 59632at72274         -            104    0.0042   16.2   0.1   1   1   6.7e-05    0.0087   15.2   0.1    24    69    29    76    15    91 0.82 # 3440 # 4447 # -1 # ID=175_4;partial=00;start_type=TTG;rbs_motif=GGAG/GAGG;rbs_spacer=5-10bp;gc_cont=0.664
contig02763_1        -            222 59632at72274         -            104    0.0049   16.0   0.0   1   1   7.6e-05    0.0098   15.0   0.0    41   101     9    74     2    77 0.87 # 59 # 724 # -1 # ID=2763_1;partial=01;start_type=Edge;rbs_motif=None;rbs_spacer=None;gc_cont=0.703
contig00048_2        -            442 59632at72274         -            104    0.0069   15.5   0.0   1   1   9.7e-05     0.013   14.7   0.0    28   102    35   114     5   116 0.72 # 1274 # 2599 # -1 # ID=48_2;partial=00;start_type=ATG;rbs_motif=GGA/GAG/AGG;rbs_spacer=5-10bp;gc_cont=0.683
contig00342_3        -            218 59632at72274         -            104    0.0072   15.4   0.0   1   1   7.9e-05      0.01   15.0   0.0    34   103    46   118     5   119 0.82 # 1698 # 2351 # -1 # ID=342_3;partial=00;start_type=ATG;rbs_motif=AGGA;rbs_spacer=5-10bp;gc_cont=0.667
contig03090_1        -             98 59632at72274         -            104    0.0083   15.2   0.1   1   1   7.5e-05    0.0097   15.0   0.1     2    70    12    88    11    94 0.70 # 3 # 296 # -1 # ID=3090_1;partial=10;start_type=ATG;rbs_motif=AGGAGG;rbs_spacer=5-10bp;gc_cont=0.684
contig01415_1        -            355 59632at72274         -            104    0.0088   15.2   0.0   1   1   0.00013     0.017   14.2   0.0    41   102   272   341   227   343 0.73 # 2 # 1066 # 1 # ID=1415_1;partial=10;start_type=Edge;rbs_motif=None;rbs_spacer=None;gc_cont=0.709
contig00103_3        -            400 59632at72274         -            104      0.01   15.0   0.0   1   1   0.00014     0.018   14.2   0.0    24   102    36   121    10   123 0.75 # 2033 # 3232 # -1 # ID=103_3;partial=00;start_type=ATG;rbs_motif=GGAG/GAGG;rbs_spacer=5-10bp;gc_cont=0.709
contig02047_2        -            219 59632at72274         -            104     0.021   13.9   0.0   1   1   0.00024     0.031   13.4   0.0     3   102    11   122     9   124 0.80 # 409 # 1065 # 1 # ID=2047_2;partial=01;start_type=ATG;rbs_motif=GGAG/GAGG;rbs_spacer=5-10bp;gc_cont=0.639
contig00961_4        -             46 59632at72274         -            104     0.029   13.5   0.0   1   1   0.00025     0.032   13.4   0.0    72   100     4    31     1    35 0.82 # 1899 # 2036 # -1 # ID=961_4;partial=01;start_type=Edge;rbs_motif=None;rbs_spacer=None;gc_cont=0.623
contig01372_2        -             61 59632at72274         -            104      0.03   13.5   0.0   1   1   0.00026     0.034   13.3   0.0     2    54     4    61     3    61 0.73 # 1377 # 1559 # 1 # ID=1372_2;partial=01;start_type=ATG;rbs_motif=AGGAG;rbs_spacer=5-10bp;gc_cont=0.683
contig00373_3        -            222 59632at72274         -            104     0.032   13.3   0.0   1   1   0.00037     0.047   12.8   0.0     2   104     3   116     2   116 0.72 # 763 # 1428 # 1 # ID=373_3;partial=00;start_type=ATG;rbs_motif=GGAG/GAGG;rbs_spacer=5-10bp;gc_cont=0.641
contig00086_4        -            187 59632at72274         -            104      0.04   13.1   0.0   1   1   0.00045     0.058   12.5   0.0     4   103    16   123    14   124 0.74 # 2921 # 3481 # 1 # ID=86_4;partial=00;start_type=ATG;rbs_motif=GGAG/GAGG;rbs_spacer=5-10bp;gc_cont=0.674
contig02474_1        -            282 59632at72274         -            104      0.05   12.7   0.0   1   1   0.00059     0.077   12.1   0.0    20    95   188   278   166   282 0.61 # 3 # 848 # -1 # ID=2474_1;partial=11;start_type=Edge;rbs_motif=None;rbs_spacer=None;gc_cont=0.700
#
# Program:         hmmsearch
# Version:         3.1b2 (February 2015)
# Pipeline mode:   SEARCH
# Query file:      /home/johngn/Microbial-Genomics-Journey-Workshop-2023/Reads_session_3/busco_downloads/lineages/pseudomonadales_odb10/hmms/59632at72274.hmm
# Target file:     /home/johngn/Microbial-Genomics-Journey-Workshop-2023/Reads_session_3/busco_op4/prodigal_output/predicted_genes/predicted.faa
# Option settings: hmmsearch --domtblout /home/johngn/Microbial-Genomics-Journey-Workshop-2023/Reads_session_3/busco_op4/run_pseudomonadales_odb10/hmmer_output/59632at72274.out --cpu 1 /home/johngn/Microbial-Genomics-Journey-Workshop-2023/Reads_session_3/busco_downloads/lineages/pseudomonadales_odb10/hmms/59632at72274.hmm /home/johngn/Microbial-Genomics-Journey-Workshop-2023/Reads_session_3/busco_op4/prodigal_output/predicted_genes/predicted.faa 
# Current dir:     /home/johngn/Microbial-Genomics-Journey-Workshop-2023/Reads_session_3
# Date:            Wed Mar  8 17:01:39 2023
# [ok]
