#                                                                            --- full sequence --- -------------- this domain -------------   hmm coord   ali coord   env coord
# target name        accession   tlen query name           accession   qlen   E-value  score  bias   #  of  c-Evalue  i-Evalue  score  bias  from    to  from    to  from    to  acc description of target
#------------------- ---------- ----- -------------------- ---------- ----- --------- ------ ----- --- --- --------- --------- ------ ----- ----- ----- ----- ----- ----- ----- ---- ---------------------
contig01733_2        -            205 5969at72274          -            521  1.5e-111  372.4   0.2   1   1  3.1e-114  1.7e-111  372.2   0.2     1   185     6   205     6   205 0.96 # 657 # 1271 # 1 # ID=1733_2;partial=01;start_type=GTG;rbs_motif=GGA/GAG/AGG;rbs_spacer=11-12bp;gc_cont=0.650
contig01382_1        -            195 5969at72274          -            521   1.5e-92  309.7   1.5   1   1   3.6e-95     2e-92  309.3   1.5   356   521     5   191     1   191 0.94 # 1 # 585 # 1 # ID=1382_1;partial=10;start_type=Edge;rbs_motif=None;rbs_spacer=None;gc_cont=0.609
contig01512_2        -            110 5969at72274          -            521   2.1e-28   98.1   0.0   1   1   4.3e-31   2.4e-28   97.9   0.0     1   100     4   105     4   109 0.94 # 1108 # 1437 # 1 # ID=1512_2;partial=01;start_type=GTG;rbs_motif=GGA/GAG/AGG;rbs_spacer=5-10bp;gc_cont=0.621
contig00345_1        -            494 5969at72274          -            521   3.8e-25   87.3   0.0   1   3   2.2e-25   1.3e-22   79.0   0.0     3   148    12   165    10   183 0.89 # 3 # 1484 # -1 # ID=345_1;partial=10;start_type=ATG;rbs_motif=GGA/GAG/AGG;rbs_spacer=5-10bp;gc_cont=0.636
contig00345_1        -            494 5969at72274          -            521   3.8e-25   87.3   0.0   2   3       1.6   8.8e+02   -3.0   0.0   155   174   259   278   255   282 0.83 # 3 # 1484 # -1 # ID=345_1;partial=10;start_type=ATG;rbs_motif=GGA/GAG/AGG;rbs_spacer=5-10bp;gc_cont=0.636
contig00345_1        -            494 5969at72274          -            521   3.8e-25   87.3   0.0   3   3    0.0038       2.1    5.7   0.0   212   336   343   465   306   484 0.71 # 3 # 1484 # -1 # ID=345_1;partial=10;start_type=ATG;rbs_motif=GGA/GAG/AGG;rbs_spacer=5-10bp;gc_cont=0.636
contig00127_1        -            168 5969at72274          -            521   7.2e-25   86.4   0.0   1   1   1.6e-27     9e-25   86.1   0.0     3   144    11   164     9   166 0.87 # 1 # 504 # -1 # ID=127_1;partial=10;start_type=ATG;rbs_motif=GGA/GAG/AGG;rbs_spacer=5-10bp;gc_cont=0.655
contig02197_1        -            328 5969at72274          -            521   3.3e-18   64.4   0.7   1   1   1.5e-20   8.2e-18   63.1   0.7    38   209    30   203     1   245 0.80 # 2 # 985 # 1 # ID=2197_1;partial=11;start_type=Edge;rbs_motif=None;rbs_spacer=None;gc_cont=0.668
contig02353_1        -            116 5969at72274          -            521   1.6e-11   42.3   0.0   1   1   3.3e-14   1.8e-11   42.2   0.0     4   100    14   112    12   116 0.85 # 1 # 348 # -1 # ID=2353_1;partial=10;start_type=ATG;rbs_motif=GGA/GAG/AGG;rbs_spacer=5-10bp;gc_cont=0.595
contig00098_1        -            561 5969at72274          -            521   7.3e-10   36.9   0.8   1   2   3.4e-12   1.9e-09   35.5   0.1    36   131    76   173    24   194 0.82 # 2 # 1684 # -1 # ID=98_1;partial=10;start_type=ATG;rbs_motif=GGAG/GAGG;rbs_spacer=5-10bp;gc_cont=0.643
contig00098_1        -            561 5969at72274          -            521   7.3e-10   36.9   0.8   2   2         3   1.7e+03   -3.9   0.0   197   247   267   323   265   331 0.64 # 2 # 1684 # -1 # ID=98_1;partial=10;start_type=ATG;rbs_motif=GGAG/GAGG;rbs_spacer=5-10bp;gc_cont=0.643
contig01797_1        -            405 5969at72274          -            521   1.1e-07   29.7   0.1   1   1   3.1e-10   1.8e-07   29.0   0.1   173   348   130   314   124   321 0.82 # 3 # 1217 # 1 # ID=1797_1;partial=11;start_type=Edge;rbs_motif=None;rbs_spacer=None;gc_cont=0.649
contig01208_1        -             71 5969at72274          -            521   8.1e-07   26.8   0.0   1   1   1.6e-09   8.9e-07   26.7   0.0     2    59    10    70     9    71 0.86 # 2 # 214 # -1 # ID=1208_1;partial=10;start_type=GTG;rbs_motif=GGAG/GAGG;rbs_spacer=5-10bp;gc_cont=0.596
contig02443_1        -            287 5969at72274          -            521   3.1e-05   21.6   0.1   1   1     8e-08   4.5e-05   21.1   0.1   172   325   124   286    99   287 0.78 # 3 # 863 # -1 # ID=2443_1;partial=11;start_type=Edge;rbs_motif=None;rbs_spacer=None;gc_cont=0.614
contig02414_2        -            233 5969at72274          -            521   0.00019   19.0   0.0   1   1   5.3e-07    0.0003   18.4   0.0    43   142    29   132     4   210 0.77 # 180 # 878 # 1 # ID=2414_2;partial=01;start_type=GTG;rbs_motif=GGAG/GAGG;rbs_spacer=5-10bp;gc_cont=0.725
contig02768_1        -            221 5969at72274          -            521    0.0052   14.3   0.0   1   1   1.2e-05    0.0068   13.9   0.0   353   419   134   201   112   213 0.82 # 1 # 663 # 1 # ID=2768_1;partial=10;start_type=Edge;rbs_motif=None;rbs_spacer=None;gc_cont=0.578
contig00706_3        -            479 5969at72274          -            521    0.0061   14.1   0.4   1   1   2.3e-05     0.013   13.0   0.4   157   369    55   290     1   316 0.62 # 1002 # 2438 # -1 # ID=706_3;partial=01;start_type=Edge;rbs_motif=None;rbs_spacer=None;gc_cont=0.644
contig00001_50       -            101 5969at72274          -            521     0.047   11.1   0.0   1   1    0.0001     0.057   10.9   0.0   274   296    43    65    28    70 0.87 # 36113 # 36415 # 1 # ID=1_50;partial=00;start_type=ATG;rbs_motif=GGA/GAG/AGG;rbs_spacer=5-10bp;gc_cont=0.647
#
# Program:         hmmsearch
# Version:         3.1b2 (February 2015)
# Pipeline mode:   SEARCH
# Query file:      /home/johngn/Microbial-Genomics-Journey-Workshop-2023/Reads_session_3/busco_downloads/lineages/pseudomonadales_odb10/hmms/5969at72274.hmm
# Target file:     /home/johngn/Microbial-Genomics-Journey-Workshop-2023/Reads_session_3/busco_op4/prodigal_output/predicted_genes/predicted.faa
# Option settings: hmmsearch --domtblout /home/johngn/Microbial-Genomics-Journey-Workshop-2023/Reads_session_3/busco_op4/run_pseudomonadales_odb10/hmmer_output/5969at72274.out --cpu 1 /home/johngn/Microbial-Genomics-Journey-Workshop-2023/Reads_session_3/busco_downloads/lineages/pseudomonadales_odb10/hmms/5969at72274.hmm /home/johngn/Microbial-Genomics-Journey-Workshop-2023/Reads_session_3/busco_op4/prodigal_output/predicted_genes/predicted.faa 
# Current dir:     /home/johngn/Microbial-Genomics-Journey-Workshop-2023/Reads_session_3
# Date:            Wed Mar  8 17:01:39 2023
# [ok]
