#                                                                            --- full sequence --- -------------- this domain -------------   hmm coord   ali coord   env coord
# target name        accession   tlen query name           accession   qlen   E-value  score  bias   #  of  c-Evalue  i-Evalue  score  bias  from    to  from    to  from    to  acc description of target
#------------------- ---------- ----- -------------------- ---------- ----- --------- ------ ----- --- --- --------- --------- ------ ----- ----- ----- ----- ----- ----- ----- ---- ---------------------
contig00346_2        -            575 6086at72274          -            521         0 1021.1   1.9   1   1         0         0 1020.4   1.9     1   521     1   574     1   574 0.95 # 178 # 1902 # -1 # ID=346_2;partial=00;start_type=GTG;rbs_motif=GGAG/GAGG;rbs_spacer=5-10bp;gc_cont=0.618
contig00462_1        -            592 6086at72274          -            521   1.6e-80  270.1   0.4   1   2   1.2e-64   6.8e-62  208.6   0.1     7   328     7   337     1   348 0.90 # 75 # 1850 # 1 # ID=462_1;partial=00;start_type=ATG;rbs_motif=GGAG/GAGG;rbs_spacer=5-10bp;gc_cont=0.667
contig00462_1        -            592 6086at72274          -            521   1.6e-80  270.1   0.4   2   2   1.4e-19   7.6e-17   60.0   0.0   331   451   365   492   349   557 0.86 # 75 # 1850 # 1 # ID=462_1;partial=00;start_type=ATG;rbs_motif=GGAG/GAGG;rbs_spacer=5-10bp;gc_cont=0.667
contig00129_1        -            496 6086at72274          -            521   4.6e-57  192.7   0.0   1   2   1.6e-40   9.1e-38  129.0   0.0    51   311     1   266     1   294 0.85 # 3 # 1490 # 1 # ID=129_1;partial=10;start_type=Edge;rbs_motif=None;rbs_spacer=None;gc_cont=0.705
contig00129_1        -            496 6086at72274          -            521   4.6e-57  192.7   0.0   2   2   4.1e-20   2.3e-17   61.7   0.0   347   478   326   458   314   467 0.89 # 3 # 1490 # 1 # ID=129_1;partial=10;start_type=Edge;rbs_motif=None;rbs_spacer=None;gc_cont=0.705
contig01485_1        -            370 6086at72274          -            521   2.1e-46  157.5   0.0   1   1   4.7e-49   2.6e-46  157.2   0.0     3   324     6   331     4   337 0.87 # 3 # 1112 # -1 # ID=1485_1;partial=10;start_type=ATG;rbs_motif=GGAG/GAGG;rbs_spacer=5-10bp;gc_cont=0.725
contig00817_3        -            179 6086at72274          -            521   1.9e-34  118.1   0.0   1   1     4e-37   2.3e-34  117.8   0.0     5   169     3   173     1   177 0.88 # 1712 # 2248 # 1 # ID=817_3;partial=01;start_type=ATG;rbs_motif=AGGA;rbs_spacer=5-10bp;gc_cont=0.689
contig02497_1        -            279 6086at72274          -            521   5.5e-28   96.7   0.0   1   1   1.2e-30   6.6e-28   96.5   0.0    73   324     2   253     1   271 0.87 # 3 # 839 # -1 # ID=2497_1;partial=11;start_type=Edge;rbs_motif=None;rbs_spacer=None;gc_cont=0.680
contig00286_1        -            443 6086at72274          -            521   6.1e-26   90.0   0.0   1   1   1.4e-26   7.7e-24   83.0   0.0   147   508    18   408     2   417 0.78 # 1 # 1329 # 1 # ID=286_1;partial=10;start_type=Edge;rbs_motif=None;rbs_spacer=None;gc_cont=0.676
contig00424_1        -            238 6086at72274          -            521   1.7e-25   88.6   0.8   1   1   3.4e-28   1.9e-25   88.3   0.8     7   226     6   234     2   238 0.81 # 3 # 716 # -1 # ID=424_1;partial=10;start_type=ATG;rbs_motif=AGGAG;rbs_spacer=5-10bp;gc_cont=0.699
contig00903_1        -            190 6086at72274          -            521   6.3e-21   73.4   0.0   1   1   1.3e-23   7.3e-21   73.2   0.0   349   511    14   183     1   188 0.85 # 1 # 570 # 1 # ID=903_1;partial=10;start_type=Edge;rbs_motif=None;rbs_spacer=None;gc_cont=0.668
contig01236_1        -            342 6086at72274          -            521   2.1e-18   65.1   0.0   1   2   5.1e-09   2.9e-06   25.1   0.0   195   312     2   124     1   137 0.77 # 3 # 1028 # 1 # ID=1236_1;partial=10;start_type=Edge;rbs_motif=None;rbs_spacer=None;gc_cont=0.716
contig01236_1        -            342 6086at72274          -            521   2.1e-18   65.1   0.0   2   2   5.2e-13   2.9e-10   38.2   0.0   356   476   187   309   161   322 0.79 # 3 # 1028 # 1 # ID=1236_1;partial=10;start_type=Edge;rbs_motif=None;rbs_spacer=None;gc_cont=0.716
contig01652_1        -            334 6086at72274          -            521   2.3e-16   58.4   0.0   1   1   1.1e-17   6.1e-15   53.7   0.0   251   509     2   300     1   306 0.79 # 3 # 1004 # 1 # ID=1652_1;partial=10;start_type=Edge;rbs_motif=None;rbs_spacer=None;gc_cont=0.682
contig00421_1        -            241 6086at72274          -            521   2.5e-15   54.9   0.0   1   1   5.9e-18   3.3e-15   54.6   0.0    13   165    11   166     5   180 0.90 # 2 # 724 # -1 # ID=421_1;partial=10;start_type=ATG;rbs_motif=GGA/GAG/AGG;rbs_spacer=5-10bp;gc_cont=0.705
contig02285_1        -            149 6086at72274          -            521   7.1e-09   33.7   0.0   1   1   1.6e-11   8.7e-09   33.4   0.0   370   474     9   115     2   128 0.82 # 2 # 448 # 1 # ID=2285_1;partial=10;start_type=Edge;rbs_motif=None;rbs_spacer=None;gc_cont=0.725
contig02143_2        -            277 6086at72274          -            521   1.5e-06   26.0   0.0   1   2      0.87   4.9e+02   -2.1   0.0   266   325    16    78    11    96 0.77 # 185 # 1015 # -1 # ID=2143_2;partial=01;start_type=Edge;rbs_motif=None;rbs_spacer=None;gc_cont=0.711
contig02143_2        -            277 6086at72274          -            521   1.5e-06   26.0   0.0   2   2   5.2e-09   2.9e-06   25.1   0.0   382   477   148   245    99   275 0.74 # 185 # 1015 # -1 # ID=2143_2;partial=01;start_type=Edge;rbs_motif=None;rbs_spacer=None;gc_cont=0.711
contig02766_1        -             43 6086at72274          -            521   0.00026   18.6   0.0   1   1   4.6e-07   0.00026   18.6   0.0     6    40     6    40     1    43 0.91 # 3 # 131 # -1 # ID=2766_1;partial=10;start_type=ATG;rbs_motif=GGAG/GAGG;rbs_spacer=5-10bp;gc_cont=0.612
#
# Program:         hmmsearch
# Version:         3.1b2 (February 2015)
# Pipeline mode:   SEARCH
# Query file:      /home/johngn/Microbial-Genomics-Journey-Workshop-2023/Reads_session_3/busco_downloads/lineages/pseudomonadales_odb10/hmms/6086at72274.hmm
# Target file:     /home/johngn/Microbial-Genomics-Journey-Workshop-2023/Reads_session_3/busco_op4/prodigal_output/predicted_genes/predicted.faa
# Option settings: hmmsearch --domtblout /home/johngn/Microbial-Genomics-Journey-Workshop-2023/Reads_session_3/busco_op4/run_pseudomonadales_odb10/hmmer_output/6086at72274.out --cpu 1 /home/johngn/Microbial-Genomics-Journey-Workshop-2023/Reads_session_3/busco_downloads/lineages/pseudomonadales_odb10/hmms/6086at72274.hmm /home/johngn/Microbial-Genomics-Journey-Workshop-2023/Reads_session_3/busco_op4/prodigal_output/predicted_genes/predicted.faa 
# Current dir:     /home/johngn/Microbial-Genomics-Journey-Workshop-2023/Reads_session_3
# Date:            Wed Mar  8 17:01:39 2023
# [ok]
