#                                                                            --- full sequence --- -------------- this domain -------------   hmm coord   ali coord   env coord
# target name        accession   tlen query name           accession   qlen   E-value  score  bias   #  of  c-Evalue  i-Evalue  score  bias  from    to  from    to  from    to  acc description of target
#------------------- ---------- ----- -------------------- ---------- ----- --------- ------ ----- --- --- --------- --------- ------ ----- ----- ----- ----- ----- ----- ----- ---- ---------------------
contig01536_3        -            180 60956at72274         -            154   4.2e-69  230.3   0.1   1   1   5.7e-72   4.8e-69  230.1   0.1     4   154    13   170    10   170 0.96 # 807 # 1346 # -1 # ID=1536_3;partial=00;start_type=ATG;rbs_motif=AGGAG;rbs_spacer=5-10bp;gc_cont=0.667
contig00221_1        -            769 60956at72274         -            154   7.1e-07   28.2   0.3   1   2     0.057        48    2.7   0.0     4    25   457   478   454   485 0.86 # 3 # 2309 # 1 # ID=221_1;partial=10;start_type=Edge;rbs_motif=None;rbs_spacer=None;gc_cont=0.704
contig00221_1        -            769 60956at72274         -            154   7.1e-07   28.2   0.3   2   2   4.3e-08   3.6e-05   22.6   0.1    45   125   596   674   591   683 0.87 # 3 # 2309 # 1 # ID=221_1;partial=10;start_type=Edge;rbs_motif=None;rbs_spacer=None;gc_cont=0.704
contig00332_1        -            405 60956at72274         -            154   1.8e-06   26.9   0.1   1   2       1.3   1.1e+03   -1.6   0.0     8    26   190   208   187   215 0.81 # 48 # 1262 # -1 # ID=332_1;partial=00;start_type=TTG;rbs_motif=GGAG/GAGG;rbs_spacer=5-10bp;gc_cont=0.663
contig00332_1        -            405 60956at72274         -            154   1.8e-06   26.9   0.1   2   2   4.3e-07   0.00036   19.4   0.0    60   122   309   370   264   390 0.82 # 48 # 1262 # -1 # ID=332_1;partial=00;start_type=TTG;rbs_motif=GGAG/GAGG;rbs_spacer=5-10bp;gc_cont=0.663
contig00086_2        -            237 60956at72274         -            154    0.0035   16.2   0.4   1   2      0.39   3.3e+02    0.0   0.0   103   134    56    86    29    92 0.72 # 640 # 1350 # -1 # ID=86_2;partial=00;start_type=ATG;rbs_motif=AGGAG;rbs_spacer=5-10bp;gc_cont=0.678
contig00086_2        -            237 60956at72274         -            154    0.0035   16.2   0.4   2   2   1.6e-05     0.014   14.3   0.2    74   152    92   173    70   175 0.80 # 640 # 1350 # -1 # ID=86_2;partial=00;start_type=ATG;rbs_motif=AGGAG;rbs_spacer=5-10bp;gc_cont=0.678
contig00218_3        -            231 60956at72274         -            154    0.0045   15.8   0.0   1   2      0.16   1.3e+02    1.3   0.0     9    25     5    21     2    57 0.73 # 3349 # 4041 # 1 # ID=218_3;partial=00;start_type=ATG;rbs_motif=GGAG/GAGG;rbs_spacer=5-10bp;gc_cont=0.657
contig00218_3        -            231 60956at72274         -            154    0.0045   15.8   0.0   2   2   8.9e-05     0.075   11.8   0.0    45   125   101   190    93   196 0.68 # 3349 # 4041 # 1 # ID=218_3;partial=00;start_type=ATG;rbs_motif=GGAG/GAGG;rbs_spacer=5-10bp;gc_cont=0.657
contig01075_2        -            273 60956at72274         -            154    0.0067   15.3   0.0   1   2       0.4   3.3e+02    0.0   0.1     9    22    14    27     9    39 0.86 # 757 # 1575 # 1 # ID=1075_2;partial=00;start_type=ATG;rbs_motif=GGA/GAG/AGG;rbs_spacer=5-10bp;gc_cont=0.664
contig01075_2        -            273 60956at72274         -            154    0.0067   15.3   0.0   2   2   0.00011     0.095   11.5   0.0    41   120   110   198   105   205 0.77 # 757 # 1575 # 1 # ID=1075_2;partial=00;start_type=ATG;rbs_motif=GGA/GAG/AGG;rbs_spacer=5-10bp;gc_cont=0.664
contig02582_2        -            179 60956at72274         -            154      0.01   14.7   0.1   1   2      0.13   1.1e+02    1.5   0.0     8    22     3    17     1    57 0.73 # 267 # 803 # 1 # ID=2582_2;partial=01;start_type=ATG;rbs_motif=GGAGG;rbs_spacer=5-10bp;gc_cont=0.683
contig02582_2        -            179 60956at72274         -            154      0.01   14.7   0.1   2   2   0.00015      0.13   11.1   0.0    88   111   152   175    99   179 0.90 # 267 # 803 # 1 # ID=2582_2;partial=01;start_type=ATG;rbs_motif=GGAGG;rbs_spacer=5-10bp;gc_cont=0.683
contig02200_1        -            158 60956at72274         -            154     0.012   14.5   0.0   1   2       3.7   3.1e+03   -3.1   0.0   109   121    30    42    13    59 0.62 # 1 # 474 # 1 # ID=2200_1;partial=10;start_type=Edge;rbs_motif=None;rbs_spacer=None;gc_cont=0.688
contig02200_1        -            158 60956at72274         -            154     0.012   14.5   0.0   2   2   2.5e-05     0.021   13.7   0.0    88   120    86   118    61   124 0.87 # 1 # 474 # 1 # ID=2200_1;partial=10;start_type=Edge;rbs_motif=None;rbs_spacer=None;gc_cont=0.688
contig00081_4        -            222 60956at72274         -            154     0.047   12.5   0.0   1   2      0.37   3.2e+02    0.1   0.0    11    22    11    22     6    47 0.86 # 2644 # 3309 # -1 # ID=81_4;partial=00;start_type=ATG;rbs_motif=GGAG/GAGG;rbs_spacer=5-10bp;gc_cont=0.674
contig00081_4        -            222 60956at72274         -            154     0.047   12.5   0.0   2   2   0.00038      0.32    9.8   0.0    78   117   145   184   130   193 0.86 # 2644 # 3309 # -1 # ID=81_4;partial=00;start_type=ATG;rbs_motif=GGAG/GAGG;rbs_spacer=5-10bp;gc_cont=0.674
contig02588_2        -            231 60956at72274         -            154     0.077   11.8   0.0   1   1   0.00016      0.13   11.0   0.0   100   148    66   116    27   120 0.72 # 108 # 800 # 1 # ID=2588_2;partial=01;start_type=ATG;rbs_motif=GGAG/GAGG;rbs_spacer=5-10bp;gc_cont=0.698
#
# Program:         hmmsearch
# Version:         3.1b2 (February 2015)
# Pipeline mode:   SEARCH
# Query file:      /home/johngn/Microbial-Genomics-Journey-Workshop-2023/Reads_session_3/busco_downloads/lineages/pseudomonadales_odb10/hmms/60956at72274.hmm
# Target file:     /home/johngn/Microbial-Genomics-Journey-Workshop-2023/Reads_session_3/busco_op4/prodigal_output/predicted_genes/predicted.faa
# Option settings: hmmsearch --domtblout /home/johngn/Microbial-Genomics-Journey-Workshop-2023/Reads_session_3/busco_op4/run_pseudomonadales_odb10/hmmer_output/60956at72274.out --cpu 1 /home/johngn/Microbial-Genomics-Journey-Workshop-2023/Reads_session_3/busco_downloads/lineages/pseudomonadales_odb10/hmms/60956at72274.hmm /home/johngn/Microbial-Genomics-Journey-Workshop-2023/Reads_session_3/busco_op4/prodigal_output/predicted_genes/predicted.faa 
# Current dir:     /home/johngn/Microbial-Genomics-Journey-Workshop-2023/Reads_session_3
# Date:            Wed Mar  8 17:01:39 2023
# [ok]
