#                                                                            --- full sequence --- -------------- this domain -------------   hmm coord   ali coord   env coord
# target name        accession   tlen query name           accession   qlen   E-value  score  bias   #  of  c-Evalue  i-Evalue  score  bias  from    to  from    to  from    to  acc description of target
#------------------- ---------- ----- -------------------- ---------- ----- --------- ------ ----- --- --- --------- --------- ------ ----- ----- ----- ----- ----- ----- ----- ---- ---------------------
contig00186_5        -            122 61140at72274         -            103   3.9e-54  179.9   0.3   1   1   3.9e-56   4.7e-54  179.6   0.3     1   103     1   113     1   113 0.91 # 4093 # 4458 # -1 # ID=186_5;partial=00;start_type=ATG;rbs_motif=None;rbs_spacer=None;gc_cont=0.615
contig00107_5        -            230 61140at72274         -            103   2.6e-17   61.6   0.0   1   1   3.2e-19   3.8e-17   61.1   0.0     3   101     2   107     1   109 0.85 # 3273 # 3962 # -1 # ID=107_5;partial=00;start_type=ATG;rbs_motif=AGGA/GGAG/GAGG;rbs_spacer=11-12bp;gc_cont=0.661
contig02090_1        -            256 61140at72274         -            103   4.1e-17   61.0   0.0   1   2   2.9e-18   3.5e-16   58.0   0.0     3   101    28   133    26   135 0.83 # 3 # 770 # 1 # ID=2090_1;partial=10;start_type=Edge;rbs_motif=None;rbs_spacer=None;gc_cont=0.648
contig02090_1        -            256 61140at72274         -            103   4.1e-17   61.0   0.0   2   2       2.1   2.5e+02    0.6   0.0    13    50   150   187   146   198 0.66 # 3 # 770 # 1 # ID=2090_1;partial=10;start_type=Edge;rbs_motif=None;rbs_spacer=None;gc_cont=0.648
contig01172_2        -            230 61140at72274         -            103   6.1e-17   60.4   0.0   1   1   8.1e-19   9.7e-17   59.8   0.0     3   100     4   110     2   113 0.85 # 1060 # 1749 # -1 # ID=1172_2;partial=01;start_type=Edge;rbs_motif=None;rbs_spacer=None;gc_cont=0.648
contig00240_1        -            177 61140at72274         -            103   9.2e-17   59.8   0.0   1   1   1.1e-18   1.4e-16   59.3   0.0     2   101     6   113     5   115 0.83 # 3 # 533 # -1 # ID=240_1;partial=10;start_type=ATG;rbs_motif=GGA/GAG/AGG;rbs_spacer=5-10bp;gc_cont=0.627
contig01432_2        -            236 61140at72274         -            103   4.5e-16   57.6   0.0   1   1   5.5e-18   6.7e-16   57.1   0.0     2   101     7   113     6   115 0.83 # 774 # 1481 # 1 # ID=1432_2;partial=00;start_type=ATG;rbs_motif=None;rbs_spacer=None;gc_cont=0.636
contig00443_2        -            240 61140at72274         -            103     6e-16   57.2   0.0   1   1     9e-18   1.1e-15   56.4   0.0     3    98    10   112     9   116 0.84 # 791 # 1510 # -1 # ID=443_2;partial=00;start_type=ATG;rbs_motif=None;rbs_spacer=None;gc_cont=0.662
contig00961_1        -            125 61140at72274         -            103   8.2e-16   56.8   0.0   1   1   8.6e-18     1e-15   56.4   0.0     3    97    12   116    10   121 0.84 # 2 # 376 # -1 # ID=961_1;partial=10;start_type=ATG;rbs_motif=None;rbs_spacer=None;gc_cont=0.664
contig01991_1        -            355 61140at72274         -            103   2.9e-15   55.0   0.0   1   1   4.2e-17   5.1e-15   54.2   0.0     4    97    13   116    10   121 0.88 # 1 # 1065 # -1 # ID=1991_1;partial=10;start_type=ATG;rbs_motif=GGAGG;rbs_spacer=3-4bp;gc_cont=0.694
contig01879_2        -            231 61140at72274         -            103   5.8e-15   54.1   0.0   1   1   1.3e-16   1.5e-14   52.7   0.0     3   100     7   111     5   114 0.84 # 203 # 895 # 1 # ID=1879_2;partial=00;start_type=ATG;rbs_motif=None;rbs_spacer=None;gc_cont=0.687
contig00362_3        -            215 61140at72274         -            103   8.8e-15   53.5   0.1   1   1   1.1e-16   1.3e-14   52.9   0.1     1   100     1   110     1   113 0.81 # 2448 # 3092 # -1 # ID=362_3;partial=00;start_type=GTG;rbs_motif=GGAG/GAGG;rbs_spacer=5-10bp;gc_cont=0.633
contig00380_2        -            230 61140at72274         -            103   1.9e-14   52.4   0.0   1   1   2.9e-16   3.5e-14   51.5   0.0     1    98     1   105     1   110 0.88 # 1258 # 1947 # -1 # ID=380_2;partial=00;start_type=ATG;rbs_motif=None;rbs_spacer=None;gc_cont=0.693
contig01961_2        -            202 61140at72274         -            103   2.8e-14   51.9   0.0   1   1   4.3e-16   5.2e-14   51.0   0.0     3   102     6   117     3   118 0.80 # 504 # 1109 # 1 # ID=1961_2;partial=01;start_type=ATG;rbs_motif=GGAGG;rbs_spacer=5-10bp;gc_cont=0.683
contig01055_2        -            122 61140at72274         -            103     6e-14   50.8   0.0   1   1   5.7e-16   6.9e-14   50.6   0.0     4   102     5   113     1   114 0.85 # 513 # 878 # 1 # ID=1055_2;partial=00;start_type=ATG;rbs_motif=GGAG/GAGG;rbs_spacer=5-10bp;gc_cont=0.648
contig00187_3        -            248 61140at72274         -            103   8.9e-14   50.2   0.0   1   2   5.2e-15   6.3e-13   47.5   0.0     3   102    12   119    10   120 0.83 # 3012 # 3755 # 1 # ID=187_3;partial=00;start_type=ATG;rbs_motif=GGAG/GAGG;rbs_spacer=5-10bp;gc_cont=0.679
contig00187_3        -            248 61140at72274         -            103   8.9e-14   50.2   0.0   2   2       2.6   3.2e+02    0.3   0.0    55    78   151   174   142   189 0.74 # 3012 # 3755 # 1 # ID=187_3;partial=00;start_type=ATG;rbs_motif=GGAG/GAGG;rbs_spacer=5-10bp;gc_cont=0.679
contig01011_2        -            247 61140at72274         -            103   9.1e-14   50.2   0.0   1   1   1.1e-15   1.3e-13   49.7   0.0     3   102     6   114     4   115 0.80 # 604 # 1344 # -1 # ID=1011_2;partial=00;start_type=ATG;rbs_motif=GGAG/GAGG;rbs_spacer=5-10bp;gc_cont=0.665
contig02072_2        -            156 61140at72274         -            103   3.4e-13   48.4   0.0   1   1   3.8e-15   4.6e-13   48.0   0.0     3   101     2   108     1   110 0.82 # 593 # 1060 # 1 # ID=2072_2;partial=01;start_type=ATG;rbs_motif=GGAG/GAGG;rbs_spacer=5-10bp;gc_cont=0.679
contig02949_1        -            136 61140at72274         -            103   3.9e-13   48.2   0.0   1   1   4.1e-15   4.9e-13   47.9   0.0     3   101     2   109     1   111 0.77 # 3 # 410 # -1 # ID=2949_1;partial=10;start_type=ATG;rbs_motif=AGGA/GGAG/GAGG;rbs_spacer=11-12bp;gc_cont=0.654
contig01632_2        -            226 61140at72274         -            103   4.3e-13   48.0   0.0   1   1   4.8e-15   5.7e-13   47.6   0.0     1   101     1   109     1   111 0.84 # 329 # 1006 # 1 # ID=1632_2;partial=00;start_type=ATG;rbs_motif=GGA/GAG/AGG;rbs_spacer=5-10bp;gc_cont=0.698
contig01068_1        -            225 61140at72274         -            103   4.5e-13   48.0   0.0   1   1   5.7e-15   6.9e-13   47.4   0.0     3   101     2   107     1   109 0.84 # 50 # 724 # 1 # ID=1068_1;partial=00;start_type=ATG;rbs_motif=GGA/GAG/AGG;rbs_spacer=5-10bp;gc_cont=0.650
contig00175_4        -            336 61140at72274         -            103   6.3e-13   47.5   0.1   1   1   9.7e-15   1.2e-12   46.7   0.1     3    92     2   102     1   107 0.70 # 3440 # 4447 # -1 # ID=175_4;partial=00;start_type=TTG;rbs_motif=GGAG/GAGG;rbs_spacer=5-10bp;gc_cont=0.664
contig00093_5        -            787 61140at72274         -            103   1.4e-12   46.4   0.0   1   1   2.3e-14   2.8e-12   45.4   0.0     2   101   663   772   662   774 0.88 # 2317 # 4677 # 1 # ID=93_5;partial=00;start_type=ATG;rbs_motif=GGA/GAG/AGG;rbs_spacer=5-10bp;gc_cont=0.671
contig00940_2        -            643 61140at72274         -            103   3.8e-12   45.0   0.0   1   1   5.9e-14   7.1e-12   44.1   0.0     3   101   516   624   514   626 0.85 # 132 # 2060 # 1 # ID=940_2;partial=01;start_type=ATG;rbs_motif=AGGAG;rbs_spacer=5-10bp;gc_cont=0.658
contig00426_2        -            239 61140at72274         -            103     4e-12   44.9   0.0   1   1   5.3e-14   6.4e-12   44.3   0.0     3    98    12   114    10   118 0.84 # 1458 # 2174 # 1 # ID=426_2;partial=00;start_type=GTG;rbs_motif=GGA/GAG/AGG;rbs_spacer=11-12bp;gc_cont=0.692
contig00996_1        -            482 61140at72274         -            103   4.4e-12   44.8   0.0   1   1     9e-14   1.1e-11   43.5   0.0     3   102   222   334   221   335 0.82 # 3 # 1448 # 1 # ID=996_1;partial=10;start_type=Edge;rbs_motif=None;rbs_spacer=None;gc_cont=0.686
contig00955_2        -            243 61140at72274         -            103   7.5e-12   44.1   0.0   1   1     1e-13   1.2e-11   43.4   0.0     4   102     8   116     6   117 0.84 # 536 # 1264 # -1 # ID=955_2;partial=00;start_type=GTG;rbs_motif=AGGAG;rbs_spacer=5-10bp;gc_cont=0.694
contig00628_3        -            224 61140at72274         -            103   4.5e-11   41.6   0.0   1   1   7.1e-13   8.6e-11   40.7   0.0     3   101     2   108     1   110 0.83 # 1863 # 2534 # -1 # ID=628_3;partial=00;start_type=ATG;rbs_motif=GGAG/GAGG;rbs_spacer=5-10bp;gc_cont=0.701
contig00151_4        -            224 61140at72274         -            103   1.3e-10   40.0   0.0   1   1   1.8e-12   2.1e-10   39.4   0.0     3   101     2   108     1   110 0.81 # 1992 # 2663 # 1 # ID=151_4;partial=00;start_type=ATG;rbs_motif=GGAG/GAGG;rbs_spacer=5-10bp;gc_cont=0.695
contig00175_3        -            348 61140at72274         -            103   1.8e-10   39.6   0.0   1   1   2.7e-12   3.3e-10   38.8   0.0    26   101    48   129    19   131 0.76 # 2289 # 3332 # -1 # ID=175_3;partial=00;start_type=ATG;rbs_motif=GGAG/GAGG;rbs_spacer=5-10bp;gc_cont=0.674
contig00583_4        -             89 61140at72274         -            103   2.4e-10   39.2   0.1   1   1   2.5e-12   3.1e-10   38.9   0.1     3    72     9    88     8    89 0.78 # 2455 # 2721 # 1 # ID=583_4;partial=01;start_type=ATG;rbs_motif=GGA/GAG/AGG;rbs_spacer=5-10bp;gc_cont=0.547
contig01163_2        -            206 61140at72274         -            103   2.5e-10   39.2   0.1   1   1   2.9e-12   3.5e-10   38.7   0.1     1   102     1   111     1   112 0.80 # 1145 # 1762 # 1 # ID=1163_2;partial=01;start_type=ATG;rbs_motif=GGA/GAG/AGG;rbs_spacer=11-12bp;gc_cont=0.605
contig01466_2        -            135 61140at72274         -            103   4.4e-10   38.4   0.0   1   1     4e-12   4.8e-10   38.3   0.0    16   101    19   108     1   110 0.80 # 1067 # 1471 # 1 # ID=1466_2;partial=01;start_type=ATG;rbs_motif=None;rbs_spacer=None;gc_cont=0.709
contig01781_1        -            244 61140at72274         -            103   5.6e-10   38.0   0.0   1   1   7.1e-12   8.6e-10   37.5   0.0     3    97     4   109     1   113 0.77 # 1 # 732 # -1 # ID=1781_1;partial=10;start_type=ATG;rbs_motif=AGGAG;rbs_spacer=5-10bp;gc_cont=0.669
contig02308_2        -            222 61140at72274         -            103   8.8e-10   37.4   0.0   1   1   1.4e-11   1.7e-09   36.5   0.0     3   100     6   111     4   115 0.73 # 267 # 932 # 1 # ID=2308_2;partial=01;start_type=ATG;rbs_motif=AGGAG;rbs_spacer=5-10bp;gc_cont=0.671
contig00096_1        -            198 61140at72274         -            103   1.1e-09   37.1   0.0   1   1   1.4e-11   1.7e-09   36.5   0.0     4   102     5   111     2   112 0.76 # 3 # 596 # -1 # ID=96_1;partial=10;start_type=ATG;rbs_motif=GGA/GAG/AGG;rbs_spacer=5-10bp;gc_cont=0.677
contig00080_1        -            208 61140at72274         -            103   1.6e-09   36.6   0.0   1   1   1.9e-11   2.3e-09   36.1   0.0     1    94     1   103     1   112 0.73 # 128 # 751 # -1 # ID=80_1;partial=00;start_type=ATG;rbs_motif=AGGA;rbs_spacer=5-10bp;gc_cont=0.588
contig01956_2        -            112 61140at72274         -            103   1.9e-09   36.3   0.0   1   1   2.1e-11   2.5e-09   35.9   0.0     3    92    13   112    12   112 0.79 # 779 # 1114 # 1 # ID=1956_2;partial=01;start_type=ATG;rbs_motif=AGGAG;rbs_spacer=5-10bp;gc_cont=0.685
contig00134_4        -            222 61140at72274         -            103   1.9e-09   36.3   0.0   1   1   2.3e-11   2.7e-09   35.8   0.0    34   101    38   108    10   110 0.83 # 2576 # 3241 # 1 # ID=134_4;partial=00;start_type=ATG;rbs_motif=GGAG/GAGG;rbs_spacer=5-10bp;gc_cont=0.701
contig01082_2        -            226 61140at72274         -            103   7.5e-09   34.4   0.0   1   1     1e-10   1.2e-08   33.8   0.0     3   101     2   108     1   110 0.77 # 170 # 847 # 1 # ID=1082_2;partial=00;start_type=ATG;rbs_motif=GGAGG;rbs_spacer=5-10bp;gc_cont=0.664
contig02528_2        -             99 61140at72274         -            103   1.2e-08   33.8   0.0   1   1   1.2e-10   1.4e-08   33.5   0.0     1    63     1    69     1    90 0.76 # 530 # 826 # 1 # ID=2528_2;partial=01;start_type=ATG;rbs_motif=GGA/GAG/AGG;rbs_spacer=5-10bp;gc_cont=0.646
contig02763_1        -            222 61140at72274         -            103   1.5e-08   33.5   0.0   1   1   1.7e-10   2.1e-08   33.0   0.0    41   102     8    74     1    75 0.88 # 59 # 724 # -1 # ID=2763_1;partial=01;start_type=Edge;rbs_motif=None;rbs_spacer=None;gc_cont=0.703
contig01415_1        -            355 61140at72274         -            103     2e-08   33.0   0.0   1   1   2.9e-10   3.5e-08   32.3   0.0     4   101   227   339   225   341 0.82 # 2 # 1066 # 1 # ID=1415_1;partial=10;start_type=Edge;rbs_motif=None;rbs_spacer=None;gc_cont=0.709
contig00349_4        -            260 61140at72274         -            103   2.1e-08   33.0   0.0   1   1   2.7e-10   3.2e-08   32.4   0.0     5   102     7   116     1   117 0.76 # 2722 # 3501 # 1 # ID=349_4;partial=01;start_type=ATG;rbs_motif=AGGAG;rbs_spacer=5-10bp;gc_cont=0.662
contig00997_1        -            479 61140at72274         -            103   2.5e-08   32.7   0.0   1   1   3.9e-10   4.6e-08   31.9   0.0     1   102     1   106     1   107 0.85 # 305 # 1741 # -1 # ID=997_1;partial=00;start_type=ATG;rbs_motif=GGA/GAG/AGG;rbs_spacer=5-10bp;gc_cont=0.665
contig00175_5        -             96 61140at72274         -            103   4.2e-08   32.0   0.0   1   1   4.2e-10     5e-08   31.8   0.0    28    95     2    75     1    84 0.77 # 4444 # 4731 # -1 # ID=175_5;partial=01;start_type=Edge;rbs_motif=None;rbs_spacer=None;gc_cont=0.625
contig00373_3        -            222 61140at72274         -            103     6e-08   31.5   0.0   1   1   8.7e-10   1.1e-07   30.7   0.0     1    95     1   106     1   114 0.71 # 763 # 1428 # 1 # ID=373_3;partial=00;start_type=ATG;rbs_motif=GGAG/GAGG;rbs_spacer=5-10bp;gc_cont=0.641
contig00660_1        -            695 61140at72274         -            103   6.3e-08   31.4   0.0   1   1   9.8e-10   1.2e-07   30.6   0.0     3   101   452   563   450   565 0.79 # 2 # 2086 # 1 # ID=660_1;partial=10;start_type=Edge;rbs_motif=None;rbs_spacer=None;gc_cont=0.678
contig02979_1        -            210 61140at72274         -            103   6.4e-08   31.4   0.0   1   1   9.9e-10   1.2e-07   30.6   0.0    11   100    20   113     4   116 0.74 # 3 # 632 # 1 # ID=2979_1;partial=11;start_type=Edge;rbs_motif=None;rbs_spacer=None;gc_cont=0.640
contig00086_4        -            187 61140at72274         -            103   1.4e-07   30.4   0.0   1   1   1.9e-09   2.2e-07   29.7   0.0     4   102    15   121    13   122 0.83 # 2921 # 3481 # 1 # ID=86_4;partial=00;start_type=ATG;rbs_motif=GGAG/GAGG;rbs_spacer=5-10bp;gc_cont=0.674
contig00358_4        -            125 61140at72274         -            103   1.5e-07   30.3   0.1   1   1   1.6e-09   1.9e-07   29.9   0.1     3   101     2   111     1   113 0.71 # 2226 # 2600 # 1 # ID=358_4;partial=00;start_type=ATG;rbs_motif=GGA/GAG/AGG;rbs_spacer=5-10bp;gc_cont=0.603
contig00388_2        -            450 61140at72274         -            103   4.5e-07   28.7   0.0   1   1   7.6e-09   9.1e-07   27.7   0.0     3   101    10   116     8   118 0.81 # 1277 # 2626 # -1 # ID=388_2;partial=00;start_type=ATG;rbs_motif=AGGA/GGAG/GAGG;rbs_spacer=11-12bp;gc_cont=0.668
contig00056_8        -            127 61140at72274         -            103   1.2e-06   27.3   0.0   1   1   1.3e-08   1.6e-06   27.0   0.0     4   102    17   124    14   125 0.73 # 7193 # 7573 # 1 # ID=56_8;partial=01;start_type=ATG;rbs_motif=GGA/GAG/AGG;rbs_spacer=5-10bp;gc_cont=0.643
contig00191_1        -            168 61140at72274         -            103   1.4e-06   27.1   0.0   1   2     8e-08   9.7e-06   24.4   0.0    43   102     6    68     2    69 0.87 # 2 # 505 # 1 # ID=191_1;partial=10;start_type=Edge;rbs_motif=None;rbs_spacer=None;gc_cont=0.696
contig00191_1        -            168 61140at72274         -            103   1.4e-06   27.1   0.0   2   2       3.6   4.3e+02   -0.1   0.0    47    75   104   130   102   145 0.69 # 2 # 505 # 1 # ID=191_1;partial=10;start_type=Edge;rbs_motif=None;rbs_spacer=None;gc_cont=0.696
contig00361_3        -            226 61140at72274         -            103   2.8e-06   26.2   0.0   1   1   3.7e-08   4.4e-06   25.5   0.0    20    96    25   105     1   112 0.72 # 2711 # 3388 # -1 # ID=361_3;partial=00;start_type=ATG;rbs_motif=AGGAG;rbs_spacer=5-10bp;gc_cont=0.693
contig00464_4        -            483 61140at72274         -            103   6.4e-06   25.0   0.0   1   1     1e-07   1.2e-05   24.1   0.0     3    97   229   336   227   344 0.76 # 1577 # 3025 # -1 # ID=464_4;partial=01;start_type=Edge;rbs_motif=None;rbs_spacer=None;gc_cont=0.650
contig00152_1        -            176 61140at72274         -            103   7.2e-06   24.8   0.0   1   1   7.5e-08     9e-06   24.5   0.0     3    63    61   127    59   163 0.80 # 3 # 530 # 1 # ID=152_1;partial=10;start_type=Edge;rbs_motif=None;rbs_spacer=None;gc_cont=0.682
contig03090_1        -             98 61140at72274         -            103   1.2e-05   24.1   0.0   1   1   1.3e-07   1.6e-05   23.8   0.0     3    73    12    90    10    94 0.69 # 3 # 296 # -1 # ID=3090_1;partial=10;start_type=ATG;rbs_motif=AGGAGG;rbs_spacer=5-10bp;gc_cont=0.684
contig01470_2        -            380 61140at72274         -            103   1.5e-05   23.8   0.0   1   1   2.3e-07   2.8e-05   23.0   0.0     3    98     5   108     3   113 0.77 # 331 # 1470 # 1 # ID=1470_2;partial=01;start_type=ATG;rbs_motif=GGA/GAG/AGG;rbs_spacer=5-10bp;gc_cont=0.674
contig02047_2        -            219 61140at72274         -            103   2.1e-05   23.3   0.0   1   1   2.8e-07   3.4e-05   22.7   0.0     3   102    10   121     8   122 0.81 # 409 # 1065 # 1 # ID=2047_2;partial=01;start_type=ATG;rbs_motif=GGAG/GAGG;rbs_spacer=5-10bp;gc_cont=0.639
contig01465_3        -            103 61140at72274         -            103   6.1e-05   21.9   0.0   1   1   1.7e-06   0.00021   20.2   0.0     3    88     2   102     1   103 0.74 # 1163 # 1471 # 1 # ID=1465_3;partial=01;start_type=ATG;rbs_motif=AGGA;rbs_spacer=5-10bp;gc_cont=0.660
contig00224_2        -            350 61140at72274         -            103   6.7e-05   21.7   0.0   1   1   1.6e-06    0.0002   20.2   0.0    36    95    44   107     3   110 0.76 # 1516 # 2565 # -1 # ID=224_2;partial=00;start_type=ATG;rbs_motif=GGAG/GAGG;rbs_spacer=5-10bp;gc_cont=0.717
contig02206_2        -            263 61140at72274         -            103   8.3e-05   21.4   0.0   1   1   1.1e-06   0.00014   20.7   0.0     4   102    53   164    51   165 0.72 # 191 # 979 # 1 # ID=2206_2;partial=01;start_type=ATG;rbs_motif=None;rbs_spacer=None;gc_cont=0.677
contig00048_2        -            442 61140at72274         -            103   0.00027   19.8   0.0   1   1   3.8e-06   0.00046   19.0   0.0    25   102    32   113     5   114 0.72 # 1274 # 2599 # -1 # ID=48_2;partial=00;start_type=ATG;rbs_motif=GGA/GAG/AGG;rbs_spacer=5-10bp;gc_cont=0.683
contig02474_1        -            282 61140at72274         -            103   0.00033   19.5   0.0   1   1     5e-06   0.00061   18.7   0.0    39    97   213   279   196   282 0.72 # 3 # 848 # -1 # ID=2474_1;partial=11;start_type=Edge;rbs_motif=None;rbs_spacer=None;gc_cont=0.700
contig00342_3        -            218 61140at72274         -            103   0.00057   18.8   0.0   1   1   7.3e-06   0.00088   18.1   0.0    39    95    50   109     4   117 0.76 # 1698 # 2351 # -1 # ID=342_3;partial=00;start_type=ATG;rbs_motif=AGGA;rbs_spacer=5-10bp;gc_cont=0.667
contig02924_1        -            217 61140at72274         -            103    0.0022   16.9   0.0   1   1     3e-05    0.0036   16.2   0.0     4    56   157   214   154   217 0.79 # 1 # 651 # 1 # ID=2924_1;partial=11;start_type=Edge;rbs_motif=None;rbs_spacer=None;gc_cont=0.711
contig03231_1        -            180 61140at72274         -            103     0.013   14.4   0.0   1   1   0.00018     0.021   13.7   0.0    79   102    10    34     1    35 0.80 # 1 # 540 # 1 # ID=3231_1;partial=11;start_type=Edge;rbs_motif=None;rbs_spacer=None;gc_cont=0.687
contig01372_2        -             61 61140at72274         -            103     0.019   13.9   0.1   1   1   0.00018     0.022   13.7   0.1     2    55     3    61     1    61 0.65 # 1377 # 1559 # 1 # ID=1372_2;partial=01;start_type=ATG;rbs_motif=AGGAG;rbs_spacer=5-10bp;gc_cont=0.683
contig00103_3        -            400 61140at72274         -            103     0.056   12.3   0.0   1   1   0.00093      0.11   11.4   0.0    30   102    42   120    30   121 0.71 # 2033 # 3232 # -1 # ID=103_3;partial=00;start_type=ATG;rbs_motif=GGAG/GAGG;rbs_spacer=5-10bp;gc_cont=0.709
contig00644_2        -            607 61140at72274         -            103      0.06   12.3   0.0   1   1   0.00096      0.11   11.3   0.0     3    73   491   570   489   595 0.75 # 758 # 2578 # -1 # ID=644_2;partial=01;start_type=Edge;rbs_motif=None;rbs_spacer=None;gc_cont=0.701
#
# Program:         hmmsearch
# Version:         3.1b2 (February 2015)
# Pipeline mode:   SEARCH
# Query file:      /home/johngn/Microbial-Genomics-Journey-Workshop-2023/Reads_session_3/busco_downloads/lineages/pseudomonadales_odb10/hmms/61140at72274.hmm
# Target file:     /home/johngn/Microbial-Genomics-Journey-Workshop-2023/Reads_session_3/busco_op4/prodigal_output/predicted_genes/predicted.faa
# Option settings: hmmsearch --domtblout /home/johngn/Microbial-Genomics-Journey-Workshop-2023/Reads_session_3/busco_op4/run_pseudomonadales_odb10/hmmer_output/61140at72274.out --cpu 1 /home/johngn/Microbial-Genomics-Journey-Workshop-2023/Reads_session_3/busco_downloads/lineages/pseudomonadales_odb10/hmms/61140at72274.hmm /home/johngn/Microbial-Genomics-Journey-Workshop-2023/Reads_session_3/busco_op4/prodigal_output/predicted_genes/predicted.faa 
# Current dir:     /home/johngn/Microbial-Genomics-Journey-Workshop-2023/Reads_session_3
# Date:            Wed Mar  8 17:01:39 2023
# [ok]
