#                                                                            --- full sequence --- -------------- this domain -------------   hmm coord   ali coord   env coord
# target name        accession   tlen query name           accession   qlen   E-value  score  bias   #  of  c-Evalue  i-Evalue  score  bias  from    to  from    to  from    to  acc description of target
#------------------- ---------- ----- -------------------- ---------- ----- --------- ------ ----- --- --- --------- --------- ------ ----- ----- ----- ----- ----- ----- ----- ---- ---------------------
contig00034_7        -            555 6205at72274          -            515  2.4e-150  500.7   5.9   1   1  1.8e-150  2.5e-147  490.8   5.9     4   439    25   555    22   555 0.86 # 7335 # 8999 # 1 # ID=34_7;partial=01;start_type=ATG;rbs_motif=GGA/GAG/AGG;rbs_spacer=5-10bp;gc_cont=0.673
contig00015_6        -            261 6205at72274          -            515   3.4e-17   61.4   0.2   1   1   5.8e-20   8.1e-17   60.1   0.2   361   497   132   249   124   254 0.89 # 2867 # 3649 # -1 # ID=15_6;partial=00;start_type=ATG;rbs_motif=GGA/GAG/AGG;rbs_spacer=5-10bp;gc_cont=0.637
contig00038_1        -            168 6205at72274          -            515   1.2e-10   39.8   1.8   1   2   1.1e-13   1.5e-10   39.4   0.8   363   431    32   103    21   145 0.78 # 3 # 506 # -1 # ID=38_1;partial=10;start_type=ATG;rbs_motif=GGAGG;rbs_spacer=5-10bp;gc_cont=0.681
contig00038_1        -            168 6205at72274          -            515   1.2e-10   39.8   1.8   2   2       0.2   2.9e+02   -1.0   0.1   310   340   137   163   112   165 0.69 # 3 # 506 # -1 # ID=38_1;partial=10;start_type=ATG;rbs_motif=GGAGG;rbs_spacer=5-10bp;gc_cont=0.681
contig00408_3        -            210 6205at72274          -            515   2.3e-10   38.9   2.8   1   2     2e-13   2.9e-10   38.5   1.4   363   432    32   104    22   149 0.76 # 365 # 994 # 1 # ID=408_3;partial=00;start_type=ATG;rbs_motif=GGAGG;rbs_spacer=5-10bp;gc_cont=0.670
contig00408_3        -            210 6205at72274          -            515   2.3e-10   38.9   2.8   2   2      0.13   1.9e+02   -0.5   0.1   310   340   137   163   110   167 0.72 # 365 # 994 # 1 # ID=408_3;partial=00;start_type=ATG;rbs_motif=GGAGG;rbs_spacer=5-10bp;gc_cont=0.670
contig02179_1        -            330 6205at72274          -            515   3.5e-10   38.3   2.0   1   1   3.4e-13   4.8e-10   37.8   2.0   285   469   128   319   119   325 0.68 # 1 # 990 # 1 # ID=2179_1;partial=11;start_type=Edge;rbs_motif=None;rbs_spacer=None;gc_cont=0.703
contig00800_1        -            262 6205at72274          -            515   5.7e-05   21.1   0.0   1   1   5.9e-08   8.3e-05   20.5   0.0   374   465    71   162    49   184 0.76 # 1 # 786 # 1 # ID=800_1;partial=10;start_type=Edge;rbs_motif=None;rbs_spacer=None;gc_cont=0.653
#
# Program:         hmmsearch
# Version:         3.1b2 (February 2015)
# Pipeline mode:   SEARCH
# Query file:      /home/johngn/Microbial-Genomics-Journey-Workshop-2023/Reads_session_3/busco_downloads/lineages/pseudomonadales_odb10/hmms/6205at72274.hmm
# Target file:     /home/johngn/Microbial-Genomics-Journey-Workshop-2023/Reads_session_3/busco_op4/prodigal_output/predicted_genes/predicted.faa
# Option settings: hmmsearch --domtblout /home/johngn/Microbial-Genomics-Journey-Workshop-2023/Reads_session_3/busco_op4/run_pseudomonadales_odb10/hmmer_output/6205at72274.out --cpu 1 /home/johngn/Microbial-Genomics-Journey-Workshop-2023/Reads_session_3/busco_downloads/lineages/pseudomonadales_odb10/hmms/6205at72274.hmm /home/johngn/Microbial-Genomics-Journey-Workshop-2023/Reads_session_3/busco_op4/prodigal_output/predicted_genes/predicted.faa 
# Current dir:     /home/johngn/Microbial-Genomics-Journey-Workshop-2023/Reads_session_3
# Date:            Wed Mar  8 17:01:40 2023
# [ok]
