#                                                                            --- full sequence --- -------------- this domain -------------   hmm coord   ali coord   env coord
# target name        accession   tlen query name           accession   qlen   E-value  score  bias   #  of  c-Evalue  i-Evalue  score  bias  from    to  from    to  from    to  acc description of target
#------------------- ---------- ----- -------------------- ---------- ----- --------- ------ ----- --- --- --------- --------- ------ ----- ----- ----- ----- ----- ----- ----- ---- ---------------------
contig00400_2        -            169 62753at72274         -            115     5e-53  177.0   2.1   1   2     0.029        19    4.3   0.1     2    15    13    26    12    28 0.88 # 317 # 823 # 1 # ID=400_2;partial=00;start_type=ATG;rbs_motif=AGGAG;rbs_spacer=5-10bp;gc_cont=0.625
contig00400_2        -            169 62753at72274         -            115     5e-53  177.0   2.1   2   2   1.9e-54   1.3e-51  172.5   0.2    15   115    65   166    57   166 0.95 # 317 # 823 # 1 # ID=400_2;partial=00;start_type=ATG;rbs_motif=AGGAG;rbs_spacer=5-10bp;gc_cont=0.625
contig00595_1        -            255 62753at72274         -            115   8.6e-24   82.7   0.4   1   1   4.6e-26     3e-23   81.0   0.1    17   115   144   244   136   244 0.93 # 1 # 765 # -1 # ID=595_1;partial=10;start_type=ATG;rbs_motif=AGGA;rbs_spacer=5-10bp;gc_cont=0.664
contig00819_2        -            211 62753at72274         -            115   1.1e-20   72.7   0.2   1   1   2.8e-23   1.8e-20   72.0   0.2    17   115   103   205    97   205 0.88 # 445 # 1077 # -1 # ID=819_2;partial=00;start_type=ATG;rbs_motif=AGGAG;rbs_spacer=5-10bp;gc_cont=0.657
contig00216_3        -            238 62753at72274         -            115     5e-20   70.6   0.1   1   2         1   6.6e+02   -0.7   0.0     2    15    13    26    12    38 0.79 # 936 # 1649 # 1 # ID=216_3;partial=00;start_type=ATG;rbs_motif=AGGAG;rbs_spacer=5-10bp;gc_cont=0.678
contig00216_3        -            238 62753at72274         -            115     5e-20   70.6   0.1   2   2   4.4e-22   2.8e-19   68.2   0.0    17   115   119   219   115   219 0.93 # 936 # 1649 # 1 # ID=216_3;partial=00;start_type=ATG;rbs_motif=AGGAG;rbs_spacer=5-10bp;gc_cont=0.678
contig01557_3        -            266 62753at72274         -            115   7.3e-18   63.6   1.7   1   3      0.58   3.7e+02    0.1   0.1     2    43    11    50    10    67 0.60 # 607 # 1404 # 1 # ID=1557_3;partial=01;start_type=ATG;rbs_motif=GGAG/GAGG;rbs_spacer=5-10bp;gc_cont=0.680
contig01557_3        -            266 62753at72274         -            115   7.3e-18   63.6   1.7   2   3       3.2     2e+03   -2.3   0.0    13    40    74   104    63   114 0.63 # 607 # 1404 # 1 # ID=1557_3;partial=01;start_type=ATG;rbs_motif=GGAG/GAGG;rbs_spacer=5-10bp;gc_cont=0.680
contig01557_3        -            266 62753at72274         -            115   7.3e-18   63.6   1.7   3   3     4e-20   2.6e-17   61.9   0.1    17   115   156   256   151   256 0.91 # 607 # 1404 # 1 # ID=1557_3;partial=01;start_type=ATG;rbs_motif=GGAG/GAGG;rbs_spacer=5-10bp;gc_cont=0.680
contig00317_1        -            148 62753at72274         -            115     2e-15   55.8   0.3   1   1     4e-18   2.6e-15   55.4   0.3    31   114    17   102     8   103 0.89 # 1 # 444 # 1 # ID=317_1;partial=10;start_type=Edge;rbs_motif=None;rbs_spacer=None;gc_cont=0.694
contig00740_4        -            148 62753at72274         -            115   6.1e-15   54.2   0.1   1   1   1.3e-17   8.4e-15   53.8   0.1    19   114    44   141    34   142 0.85 # 1940 # 2383 # -1 # ID=740_4;partial=01;start_type=Edge;rbs_motif=None;rbs_spacer=None;gc_cont=0.664
contig00959_1        -            301 62753at72274         -            115     6e-11   41.4   0.2   1   2       1.3   8.4e+02   -1.0   0.0    90   105    68    83    60    88 0.78 # 2 # 904 # -1 # ID=959_1;partial=10;start_type=ATG;rbs_motif=GGA/GAG/AGG;rbs_spacer=5-10bp;gc_cont=0.599
contig00959_1        -            301 62753at72274         -            115     6e-11   41.4   0.2   2   2   4.7e-13     3e-10   39.1   0.1    17    75   242   301   225   301 0.90 # 2 # 904 # -1 # ID=959_1;partial=10;start_type=ATG;rbs_motif=GGA/GAG/AGG;rbs_spacer=5-10bp;gc_cont=0.599
contig00122_5        -            294 62753at72274         -            115   1.6e-10   40.0   0.0   1   1   5.5e-13   3.6e-10   38.9   0.0    33   115   195   278   187   278 0.92 # 3976 # 4857 # -1 # ID=122_5;partial=00;start_type=ATG;rbs_motif=GGA/GAG/AGG;rbs_spacer=5-10bp;gc_cont=0.660
contig00379_5        -            183 62753at72274         -            115   8.6e-08   31.2   0.0   1   1   1.8e-10   1.2e-07   30.8   0.0    31   115    36   124    21   124 0.81 # 2833 # 3381 # -1 # ID=379_5;partial=01;start_type=Edge;rbs_motif=None;rbs_spacer=None;gc_cont=0.668
contig00883_4        -            212 62753at72274         -            115   1.6e-07   30.3   0.3   1   1     4e-10   2.6e-07   29.6   0.3    14   115   103   208    93   208 0.81 # 1510 # 2145 # -1 # ID=883_4;partial=01;start_type=Edge;rbs_motif=None;rbs_spacer=None;gc_cont=0.687
contig03086_1        -            146 62753at72274         -            115   0.00015   20.8   0.1   1   1   2.7e-07   0.00017   20.5   0.1    19   115    36   137    11   137 0.86 # 1 # 438 # 1 # ID=3086_1;partial=10;start_type=Edge;rbs_motif=None;rbs_spacer=None;gc_cont=0.724
contig03132_1        -            121 62753at72274         -            115    0.0064   15.5   0.4   1   1   1.3e-05    0.0086   15.1   0.4    40    79    54    93    37   101 0.77 # 29 # 391 # -1 # ID=3132_1;partial=00;start_type=ATG;rbs_motif=GGxGG;rbs_spacer=5-10bp;gc_cont=0.716
#
# Program:         hmmsearch
# Version:         3.1b2 (February 2015)
# Pipeline mode:   SEARCH
# Query file:      /home/johngn/Microbial-Genomics-Journey-Workshop-2023/Reads_session_3/busco_downloads/lineages/pseudomonadales_odb10/hmms/62753at72274.hmm
# Target file:     /home/johngn/Microbial-Genomics-Journey-Workshop-2023/Reads_session_3/busco_op4/prodigal_output/predicted_genes/predicted.faa
# Option settings: hmmsearch --domtblout /home/johngn/Microbial-Genomics-Journey-Workshop-2023/Reads_session_3/busco_op4/run_pseudomonadales_odb10/hmmer_output/62753at72274.out --cpu 1 /home/johngn/Microbial-Genomics-Journey-Workshop-2023/Reads_session_3/busco_downloads/lineages/pseudomonadales_odb10/hmms/62753at72274.hmm /home/johngn/Microbial-Genomics-Journey-Workshop-2023/Reads_session_3/busco_op4/prodigal_output/predicted_genes/predicted.faa 
# Current dir:     /home/johngn/Microbial-Genomics-Journey-Workshop-2023/Reads_session_3
# Date:            Wed Mar  8 17:01:41 2023
# [ok]
