#                                                                            --- full sequence --- -------------- this domain -------------   hmm coord   ali coord   env coord
# target name        accession   tlen query name           accession   qlen   E-value  score  bias   #  of  c-Evalue  i-Evalue  score  bias  from    to  from    to  from    to  acc description of target
#------------------- ---------- ----- -------------------- ---------- ----- --------- ------ ----- --- --- --------- --------- ------ ----- ----- ----- ----- ----- ----- ----- ---- ---------------------
contig00706_3        -            479 6352at72274          -            536    6e-234  776.1   0.3   1   1  1.6e-236    1e-233  775.4   0.3   115   536     1   472     1   472 0.95 # 1002 # 2438 # -1 # ID=706_3;partial=01;start_type=Edge;rbs_motif=None;rbs_spacer=None;gc_cont=0.644
contig01512_2        -            110 6352at72274          -            536   5.7e-56  188.8   0.3   1   1     1e-58   6.5e-56  188.6   0.3     1    97     4   110     4   110 0.94 # 1108 # 1437 # 1 # ID=1512_2;partial=01;start_type=GTG;rbs_motif=GGA/GAG/AGG;rbs_spacer=5-10bp;gc_cont=0.621
contig01733_2        -            205 6352at72274          -            536   2.3e-28   97.6   0.0   1   1     4e-31   2.6e-28   97.5   0.0     2   134     7   153     6   184 0.88 # 657 # 1271 # 1 # ID=1733_2;partial=01;start_type=GTG;rbs_motif=GGA/GAG/AGG;rbs_spacer=11-12bp;gc_cont=0.650
contig00127_1        -            168 6352at72274          -            536   3.4e-22   77.3   0.1   1   1   6.4e-25   4.2e-22   77.0   0.1     3   132    11   160     9   166 0.85 # 1 # 504 # -1 # ID=127_1;partial=10;start_type=ATG;rbs_motif=GGA/GAG/AGG;rbs_spacer=5-10bp;gc_cont=0.655
contig02197_1        -            328 6352at72274          -            536   1.7e-16   58.5   0.2   1   1   4.2e-19   2.7e-16   57.8   0.2    10   128     2   114     1   146 0.87 # 2 # 985 # 1 # ID=2197_1;partial=11;start_type=Edge;rbs_motif=None;rbs_spacer=None;gc_cont=0.668
contig02353_1        -            116 6352at72274          -            536   2.1e-14   51.5   0.1   1   1   3.9e-17   2.5e-14   51.3   0.1     4    96    14   116    12   116 0.78 # 1 # 348 # -1 # ID=2353_1;partial=10;start_type=ATG;rbs_motif=GGA/GAG/AGG;rbs_spacer=5-10bp;gc_cont=0.595
contig00345_1        -            494 6352at72274          -            536   4.6e-14   50.4   0.1   1   1   1.4e-16   8.8e-14   49.5   0.1     3   131    12   156    10   166 0.76 # 3 # 1484 # -1 # ID=345_1;partial=10;start_type=ATG;rbs_motif=GGA/GAG/AGG;rbs_spacer=5-10bp;gc_cont=0.636
contig01797_1        -            405 6352at72274          -            536   3.2e-13   47.7   0.3   1   1   1.1e-15   6.9e-13   46.6   0.3   177   361   125   305   120   315 0.83 # 3 # 1217 # 1 # ID=1797_1;partial=11;start_type=Edge;rbs_motif=None;rbs_spacer=None;gc_cont=0.649
contig02414_2        -            233 6352at72274          -            536     5e-11   40.4   0.0   1   1   9.2e-14     6e-11   40.2   0.0     9   210     7   204     2   232 0.68 # 180 # 878 # 1 # ID=2414_2;partial=01;start_type=GTG;rbs_motif=GGAG/GAGG;rbs_spacer=5-10bp;gc_cont=0.725
contig02443_1        -            287 6352at72274          -            536   1.8e-10   38.6   0.3   1   1   6.8e-13   4.4e-10   37.3   0.3   173   347   116   285   101   287 0.82 # 3 # 863 # -1 # ID=2443_1;partial=11;start_type=Edge;rbs_motif=None;rbs_spacer=None;gc_cont=0.614
contig00098_1        -            561 6352at72274          -            536     1e-07   29.5   0.2   1   2      0.13        85    0.0   0.0    10    28    32    50    25    69 0.84 # 2 # 1684 # -1 # ID=98_1;partial=10;start_type=ATG;rbs_motif=GGAG/GAGG;rbs_spacer=5-10bp;gc_cont=0.643
contig00098_1        -            561 6352at72274          -            536     1e-07   29.5   0.2   2   2     8e-10   5.2e-07   27.2   0.0    36   131    83   180    72   283 0.78 # 2 # 1684 # -1 # ID=98_1;partial=10;start_type=ATG;rbs_motif=GGAG/GAGG;rbs_spacer=5-10bp;gc_cont=0.643
contig01208_1        -             71 6352at72274          -            536   2.8e-05   21.4   0.1   1   1   5.2e-08   3.4e-05   21.2   0.1     2    47    10    65     9    70 0.74 # 2 # 214 # -1 # ID=1208_1;partial=10;start_type=GTG;rbs_motif=GGAG/GAGG;rbs_spacer=5-10bp;gc_cont=0.596
contig02768_1        -            221 6352at72274          -            536    0.0078   13.4   0.1   1   1   1.6e-05      0.01   13.0   0.1   362   432   127   196   109   206 0.89 # 1 # 663 # 1 # ID=2768_1;partial=10;start_type=Edge;rbs_motif=None;rbs_spacer=None;gc_cont=0.578
#
# Program:         hmmsearch
# Version:         3.1b2 (February 2015)
# Pipeline mode:   SEARCH
# Query file:      /home/johngn/Microbial-Genomics-Journey-Workshop-2023/Reads_session_3/busco_downloads/lineages/pseudomonadales_odb10/hmms/6352at72274.hmm
# Target file:     /home/johngn/Microbial-Genomics-Journey-Workshop-2023/Reads_session_3/busco_op4/prodigal_output/predicted_genes/predicted.faa
# Option settings: hmmsearch --domtblout /home/johngn/Microbial-Genomics-Journey-Workshop-2023/Reads_session_3/busco_op4/run_pseudomonadales_odb10/hmmer_output/6352at72274.out --cpu 1 /home/johngn/Microbial-Genomics-Journey-Workshop-2023/Reads_session_3/busco_downloads/lineages/pseudomonadales_odb10/hmms/6352at72274.hmm /home/johngn/Microbial-Genomics-Journey-Workshop-2023/Reads_session_3/busco_op4/prodigal_output/predicted_genes/predicted.faa 
# Current dir:     /home/johngn/Microbial-Genomics-Journey-Workshop-2023/Reads_session_3
# Date:            Wed Mar  8 17:01:41 2023
# [ok]
