#                                                                            --- full sequence --- -------------- this domain -------------   hmm coord   ali coord   env coord
# target name        accession   tlen query name           accession   qlen   E-value  score  bias   #  of  c-Evalue  i-Evalue  score  bias  from    to  from    to  from    to  acc description of target
#------------------- ---------- ----- -------------------- ---------- ----- --------- ------ ----- --- --- --------- --------- ------ ----- ----- ----- ----- ----- ----- ----- ---- ---------------------
contig01535_1        -            473 6391at72274          -            706  4.9e-144  480.0  23.3   1   1  2.4e-146  3.3e-143  477.3  23.3   194   595     6   473     3   473 0.88 # 3 # 1421 # 1 # ID=1535_1;partial=11;start_type=Edge;rbs_motif=None;rbs_spacer=None;gc_cont=0.715
contig00646_5        -            185 6391at72274          -            706   1.7e-43  147.7   0.0   1   1   1.6e-46   2.3e-43  147.3   0.0     7   148    13   185     7   185 0.85 # 2022 # 2576 # 1 # ID=646_5;partial=01;start_type=ATG;rbs_motif=None;rbs_spacer=None;gc_cont=0.701
contig01356_1        -            119 6391at72274          -            706   7.3e-31  106.0   6.0   1   1   6.1e-34   8.5e-31  105.7   6.0   607   706     1   117     1   117 0.88 # 3 # 359 # 1 # ID=1356_1;partial=10;start_type=Edge;rbs_motif=None;rbs_spacer=None;gc_cont=0.731
contig00664_1        -            365 6391at72274          -            706   9.3e-07   26.3   2.2   1   2      0.13   1.8e+02   -1.1   0.0   106   135    88   117    73   128 0.79 # 1 # 1095 # 1 # ID=664_1;partial=10;start_type=Edge;rbs_motif=None;rbs_spacer=None;gc_cont=0.689
contig00664_1        -            365 6391at72274          -            706   9.3e-07   26.3   2.2   2   2   1.4e-09   1.9e-06   25.2   1.1   586   642   219   275   191   323 0.81 # 1 # 1095 # 1 # ID=664_1;partial=10;start_type=Edge;rbs_motif=None;rbs_spacer=None;gc_cont=0.689
contig01307_1        -            214 6391at72274          -            706   0.00023   18.4   4.7   1   1     6e-07   0.00084   16.5   4.7   187   283    39   136     2   213 0.71 # 1 # 642 # 1 # ID=1307_1;partial=10;start_type=Edge;rbs_motif=None;rbs_spacer=None;gc_cont=0.640
contig00564_3        -            181 6391at72274          -            706   0.00055   17.1   7.1   1   1   7.7e-07    0.0011   16.1   7.1   199   282    18   102     4   180 0.78 # 2222 # 2764 # -1 # ID=564_3;partial=01;start_type=Edge;rbs_motif=None;rbs_spacer=None;gc_cont=0.624
#
# Program:         hmmsearch
# Version:         3.1b2 (February 2015)
# Pipeline mode:   SEARCH
# Query file:      /home/johngn/Microbial-Genomics-Journey-Workshop-2023/Reads_session_3/busco_downloads/lineages/pseudomonadales_odb10/hmms/6391at72274.hmm
# Target file:     /home/johngn/Microbial-Genomics-Journey-Workshop-2023/Reads_session_3/busco_op4/prodigal_output/predicted_genes/predicted.faa
# Option settings: hmmsearch --domtblout /home/johngn/Microbial-Genomics-Journey-Workshop-2023/Reads_session_3/busco_op4/run_pseudomonadales_odb10/hmmer_output/6391at72274.out --cpu 1 /home/johngn/Microbial-Genomics-Journey-Workshop-2023/Reads_session_3/busco_downloads/lineages/pseudomonadales_odb10/hmms/6391at72274.hmm /home/johngn/Microbial-Genomics-Journey-Workshop-2023/Reads_session_3/busco_op4/prodigal_output/predicted_genes/predicted.faa 
# Current dir:     /home/johngn/Microbial-Genomics-Journey-Workshop-2023/Reads_session_3
# Date:            Wed Mar  8 17:01:41 2023
# [ok]
