#                                                                            --- full sequence --- -------------- this domain -------------   hmm coord   ali coord   env coord
# target name        accession   tlen query name           accession   qlen   E-value  score  bias   #  of  c-Evalue  i-Evalue  score  bias  from    to  from    to  from    to  acc description of target
#------------------- ---------- ----- -------------------- ---------- ----- --------- ------ ----- --- --- --------- --------- ------ ----- ----- ----- ----- ----- ----- ----- ---- ---------------------
contig02153_1        -            336 6397at72274          -            513  7.8e-182  604.4   0.0   1   1    1e-183  8.8e-182  604.2   0.0   131   450     1   336     1   336 0.96 # 1 # 1008 # 1 # ID=2153_1;partial=11;start_type=Edge;rbs_motif=None;rbs_spacer=None;gc_cont=0.656
contig00034_6        -            641 6397at72274          -            513   6.8e-97  324.2   0.3   1   1   1.1e-98   9.4e-97  323.7   0.3    21   492    18   513    11   527 0.87 # 5187 # 7109 # -1 # ID=34_6;partial=00;start_type=ATG;rbs_motif=GGAGG;rbs_spacer=5-10bp;gc_cont=0.664
contig00072_2        -            522 6397at72274          -            513   3.9e-62  209.5   0.0   1   2   4.3e-45   3.8e-43  146.9   0.0    21   428     8   437     3   438 0.77 # 561 # 2126 # 1 # ID=72_2;partial=00;start_type=ATG;rbs_motif=None;rbs_spacer=None;gc_cont=0.645
contig00072_2        -            522 6397at72274          -            513   3.9e-62  209.5   0.0   2   2     2e-21   1.7e-19   68.8   0.0   152   240   428   516   420   520 0.95 # 561 # 2126 # 1 # ID=72_2;partial=00;start_type=ATG;rbs_motif=None;rbs_spacer=None;gc_cont=0.645
contig02472_1        -            123 6397at72274          -            513   6.2e-61  205.5   0.0   1   1   7.9e-63   6.9e-61  205.4   0.0     1   114     1   123     1   123 0.95 # 2 # 370 # -1 # ID=2472_1;partial=10;start_type=TTG;rbs_motif=GGAG/GAGG;rbs_spacer=5-10bp;gc_cont=0.667
contig02138_1        -            313 6397at72274          -            513   3.1e-36  124.1   1.3   1   1   4.5e-38   3.9e-36  123.7   1.3    20   283    15   288     6   296 0.82 # 78 # 1016 # 1 # ID=2138_1;partial=01;start_type=ATG;rbs_motif=None;rbs_spacer=None;gc_cont=0.658
contig03205_1        -            183 6397at72274          -            513   5.8e-19   67.1   0.0   1   1   7.7e-21   6.8e-19   66.9   0.0   151   247    33   133    18   173 0.82 # 3 # 551 # -1 # ID=3205_1;partial=11;start_type=Edge;rbs_motif=None;rbs_spacer=None;gc_cont=0.679
contig02615_1        -            262 6397at72274          -            513   4.9e-18   64.0   0.2   1   2   2.5e-09   2.2e-07   28.9   0.0   313   360     9    62     2    77 0.85 # 3 # 788 # 1 # ID=2615_1;partial=11;start_type=Edge;rbs_motif=None;rbs_spacer=None;gc_cont=0.644
contig02615_1        -            262 6397at72274          -            513   4.9e-18   64.0   0.2   2   2   1.2e-10   1.1e-08   33.2   0.0   124   205   104   188    96   202 0.83 # 3 # 788 # 1 # ID=2615_1;partial=11;start_type=Edge;rbs_motif=None;rbs_spacer=None;gc_cont=0.644
contig00214_2        -            242 6397at72274          -            513     1e-17   62.9   0.1   1   3   3.8e-09   3.3e-07   28.3   0.1   312   362     8    64     3    70 0.83 # 246 # 971 # 1 # ID=214_2;partial=00;start_type=ATG;rbs_motif=GGA/GAG/AGG;rbs_spacer=5-10bp;gc_cont=0.631
contig00214_2        -            242 6397at72274          -            513     1e-17   62.9   0.1   2   3      0.74        65    0.9   0.0    60    88    73   100    68   112 0.79 # 246 # 971 # 1 # ID=214_2;partial=00;start_type=ATG;rbs_motif=GGA/GAG/AGG;rbs_spacer=5-10bp;gc_cont=0.631
contig00214_2        -            242 6397at72274          -            513     1e-17   62.9   0.1   3   3   1.5e-09   1.3e-07   29.7   0.0   151   201   136   186   131   209 0.86 # 246 # 971 # 1 # ID=214_2;partial=00;start_type=ATG;rbs_motif=GGA/GAG/AGG;rbs_spacer=5-10bp;gc_cont=0.631
contig00766_1        -            268 6397at72274          -            513   1.6e-17   62.4   0.4   1   2   2.5e-08   2.2e-06   25.6   0.0    18    63    32    77    26    93 0.93 # 1 # 804 # -1 # ID=766_1;partial=10;start_type=ATG;rbs_motif=GGAGG;rbs_spacer=5-10bp;gc_cont=0.726
contig00766_1        -            268 6397at72274          -            513   1.6e-17   62.4   0.4   2   2   3.3e-11   2.9e-09   35.1   0.1   145   225   136   218   118   227 0.79 # 1 # 804 # -1 # ID=766_1;partial=10;start_type=ATG;rbs_motif=GGAGG;rbs_spacer=5-10bp;gc_cont=0.726
contig00646_4        -            228 6397at72274          -            513   2.2e-17   61.9   0.1   1   1   3.3e-18   2.9e-16   58.2   0.1     2   211     2   206     1   222 0.78 # 1339 # 2022 # 1 # ID=646_4;partial=00;start_type=ATG;rbs_motif=GGA/GAG/AGG;rbs_spacer=5-10bp;gc_cont=0.693
contig02259_2        -            292 6397at72274          -            513     4e-17   61.0   0.1   1   2   2.4e-07   2.1e-05   22.4   0.0    13    88   100   177    93   188 0.82 # 82 # 957 # -1 # ID=2259_2;partial=01;start_type=Edge;rbs_motif=None;rbs_spacer=None;gc_cont=0.715
contig02259_2        -            292 6397at72274          -            513     4e-17   61.0   0.1   2   2   1.3e-11   1.1e-09   36.4   0.1   151   216   207   274   188   278 0.83 # 82 # 957 # -1 # ID=2259_2;partial=01;start_type=Edge;rbs_motif=None;rbs_spacer=None;gc_cont=0.715
contig00271_4        -            255 6397at72274          -            513   1.2e-16   59.4   0.0   1   1   2.7e-18   2.4e-16   58.5   0.0    19   225    16   225     9   239 0.80 # 1778 # 2542 # -1 # ID=271_4;partial=00;start_type=ATG;rbs_motif=GGA/GAG/AGG;rbs_spacer=5-10bp;gc_cont=0.654
contig00233_3        -            330 6397at72274          -            513   1.9e-16   58.7   0.1   1   2   2.9e-06   0.00025   18.8   0.0   313   367     8    69     2   102 0.54 # 1279 # 2268 # -1 # ID=233_3;partial=00;start_type=ATG;rbs_motif=GGAG/GAGG;rbs_spacer=5-10bp;gc_cont=0.661
contig00233_3        -            330 6397at72274          -            513   1.9e-16   58.7   0.1   2   2   3.9e-12   3.4e-10   38.1   0.0   152   226   136   214   112   230 0.87 # 1279 # 2268 # -1 # ID=233_3;partial=00;start_type=ATG;rbs_motif=GGAG/GAGG;rbs_spacer=5-10bp;gc_cont=0.661
contig01307_2        -            228 6397at72274          -            513   3.2e-16   58.0   0.2   1   2   3.2e-07   2.8e-05   21.9   0.0    16    61    20    65     4    71 0.86 # 635 # 1318 # 1 # ID=1307_2;partial=00;start_type=ATG;rbs_motif=GGAGG;rbs_spacer=5-10bp;gc_cont=0.677
contig01307_2        -            228 6397at72274          -            513   3.2e-16   58.0   0.2   2   2   5.3e-11   4.7e-09   34.4   0.0   152   225   146   222   126   226 0.79 # 635 # 1318 # 1 # ID=1307_2;partial=00;start_type=ATG;rbs_motif=GGAGG;rbs_spacer=5-10bp;gc_cont=0.677
contig00004_1        -            239 6397at72274          -            513     3e-15   54.8   0.1   1   1   4.7e-16   4.1e-14   51.1   0.1    30   239    38   237    14   239 0.74 # 3 # 719 # -1 # ID=4_1;partial=10;start_type=ATG;rbs_motif=AGGA/GGAG/GAGG;rbs_spacer=11-12bp;gc_cont=0.699
contig00525_3        -            270 6397at72274          -            513   5.4e-15   54.0   0.0   1   2   6.9e-08     6e-06   24.1   0.0    19    80    18    82     5   115 0.81 # 1296 # 2105 # -1 # ID=525_3;partial=00;start_type=ATG;rbs_motif=AGGA;rbs_spacer=5-10bp;gc_cont=0.694
contig00525_3        -            270 6397at72274          -            513   5.4e-15   54.0   0.0   2   2   4.5e-09     4e-07   28.0   0.1   152   225   121   198   100   207 0.84 # 1296 # 2105 # -1 # ID=525_3;partial=00;start_type=ATG;rbs_motif=AGGA;rbs_spacer=5-10bp;gc_cont=0.694
contig00163_1        -            498 6397at72274          -            513     8e-15   53.4   0.2   1   3   2.7e-07   2.4e-05   22.2   0.0   152   225   156   233   138   241 0.83 # 2 # 1495 # -1 # ID=163_1;partial=10;start_type=ATG;rbs_motif=GGAG/GAGG;rbs_spacer=5-10bp;gc_cont=0.665
contig00163_1        -            498 6397at72274          -            513     8e-15   53.4   0.2   2   3      0.25        22    2.5   0.0    33   346   312   327   295   368 0.75 # 2 # 1495 # -1 # ID=163_1;partial=10;start_type=ATG;rbs_motif=GGAG/GAGG;rbs_spacer=5-10bp;gc_cont=0.665
contig00163_1        -            498 6397at72274          -            513     8e-15   53.4   0.2   3   3   4.4e-08   3.9e-06   24.8   0.0   152   211   423   486   401   496 0.81 # 2 # 1495 # -1 # ID=163_1;partial=10;start_type=ATG;rbs_motif=GGAG/GAGG;rbs_spacer=5-10bp;gc_cont=0.665
contig00319_1        -            248 6397at72274          -            513   2.1e-14   52.1   0.0   1   2   6.2e-05    0.0055   14.4   0.0   310   362     6    64     3    72 0.71 # 1 # 744 # -1 # ID=319_1;partial=10;start_type=ATG;rbs_motif=GGAG/GAGG;rbs_spacer=5-10bp;gc_cont=0.668
contig00319_1        -            248 6397at72274          -            513   2.1e-14   52.1   0.0   2   2     2e-11   1.8e-09   35.8   0.0   151   226   149   227   125   237 0.89 # 1 # 744 # -1 # ID=319_1;partial=10;start_type=ATG;rbs_motif=GGAG/GAGG;rbs_spacer=5-10bp;gc_cont=0.668
contig00130_4        -            332 6397at72274          -            513   2.4e-14   51.9   0.1   1   2   2.3e-05     0.002   15.8   0.0   312   361     8    64     4    99 0.78 # 2759 # 3754 # -1 # ID=130_4;partial=00;start_type=ATG;rbs_motif=GGA/GAG/AGG;rbs_spacer=5-10bp;gc_cont=0.676
contig00130_4        -            332 6397at72274          -            513   2.4e-14   51.9   0.1   2   2   5.3e-11   4.6e-09   34.4   0.0   123   210   102   195    75   216 0.81 # 2759 # 3754 # -1 # ID=130_4;partial=00;start_type=ATG;rbs_motif=GGA/GAG/AGG;rbs_spacer=5-10bp;gc_cont=0.676
contig00956_2        -            477 6397at72274          -            513   3.3e-14   51.4   2.8   1   3   2.5e-05    0.0022   15.7   0.0    20    62    21    63    11    94 0.79 # 610 # 2040 # 1 # ID=956_2;partial=01;start_type=ATG;rbs_motif=GGAG/GAGG;rbs_spacer=5-10bp;gc_cont=0.707
contig00956_2        -            477 6397at72274          -            513   3.3e-14   51.4   2.8   2   3    0.0004     0.035   11.7   0.0   153   219   145   214   115   227 0.71 # 610 # 2040 # 1 # ID=956_2;partial=01;start_type=ATG;rbs_motif=GGAG/GAGG;rbs_spacer=5-10bp;gc_cont=0.707
contig00956_2        -            477 6397at72274          -            513   3.3e-14   51.4   2.8   3   3   1.2e-06    0.0001   20.1   0.2    19   186   269   434   262   456 0.74 # 610 # 2040 # 1 # ID=956_2;partial=01;start_type=ATG;rbs_motif=GGAG/GAGG;rbs_spacer=5-10bp;gc_cont=0.707
contig00120_4        -            234 6397at72274          -            513   5.5e-14   50.6   0.0   1   2   6.2e-05    0.0055   14.4   0.0   320   360    26    72    13    84 0.62 # 1692 # 2393 # -1 # ID=120_4;partial=00;start_type=ATG;rbs_motif=None;rbs_spacer=None;gc_cont=0.712
contig00120_4        -            234 6397at72274          -            513   5.5e-14   50.6   0.0   2   2   5.2e-11   4.5e-09   34.4   0.0   152   208   141   200   125   224 0.79 # 1692 # 2393 # -1 # ID=120_4;partial=00;start_type=ATG;rbs_motif=None;rbs_spacer=None;gc_cont=0.712
contig01192_3        -            245 6397at72274          -            513   8.9e-14   50.0   0.0   1   2    0.0015      0.13    9.8   0.0    24   358    23    62     3    84 0.61 # 798 # 1532 # -1 # ID=1192_3;partial=00;start_type=GTG;rbs_motif=GGAGG;rbs_spacer=5-10bp;gc_cont=0.663
contig01192_3        -            245 6397at72274          -            513   8.9e-14   50.0   0.0   2   2   3.4e-12     3e-10   38.3   0.0   152   226   140   217   116   222 0.90 # 798 # 1532 # -1 # ID=1192_3;partial=00;start_type=GTG;rbs_motif=GGAGG;rbs_spacer=5-10bp;gc_cont=0.663
contig00305_4        -            274 6397at72274          -            513   1.3e-13   49.4   0.1   1   2    0.0002     0.017   12.7   0.0     8    61    28    81    25   125 0.85 # 2890 # 3711 # 1 # ID=305_4;partial=01;start_type=ATG;rbs_motif=GGAG/GAGG;rbs_spacer=5-10bp;gc_cont=0.697
contig00305_4        -            274 6397at72274          -            513   1.3e-13   49.4   0.1   2   2     4e-11   3.5e-09   34.8   0.0   151   226   160   239   140   249 0.87 # 2890 # 3711 # 1 # ID=305_4;partial=01;start_type=ATG;rbs_motif=GGAG/GAGG;rbs_spacer=5-10bp;gc_cont=0.697
contig02340_1        -            280 6397at72274          -            513     2e-13   48.8   0.4   1   1   5.4e-15   4.8e-13   47.6   0.4    18   240    45   258    34   274 0.78 # 82 # 921 # -1 # ID=2340_1;partial=01;start_type=Edge;rbs_motif=None;rbs_spacer=None;gc_cont=0.658
contig00191_5        -            248 6397at72274          -            513   3.3e-13   48.1   0.1   1   2     0.018       1.5    6.3   0.0   323   351    20    48     3    66 0.73 # 2972 # 3715 # 1 # ID=191_5;partial=00;start_type=ATG;rbs_motif=AGGAG;rbs_spacer=5-10bp;gc_cont=0.683
contig00191_5        -            248 6397at72274          -            513   3.3e-13   48.1   0.1   2   2   1.1e-12   9.3e-11   40.0   0.0   151   226   135   213   113   219 0.87 # 2972 # 3715 # 1 # ID=191_5;partial=00;start_type=ATG;rbs_motif=AGGAG;rbs_spacer=5-10bp;gc_cont=0.683
contig01160_1        -            588 6397at72274          -            513   3.9e-13   47.8   0.2   1   1   1.3e-13   1.1e-11   43.1   0.2    27   215   403   582   395   587 0.78 # 1 # 1764 # 1 # ID=1160_1;partial=11;start_type=Edge;rbs_motif=None;rbs_spacer=None;gc_cont=0.697
contig00945_1        -            308 6397at72274          -            513   5.7e-13   47.3   0.1   1   2   1.1e-08     1e-06   26.7   0.0   313   359     7    59     3    74 0.83 # 13 # 936 # -1 # ID=945_1;partial=00;start_type=ATG;rbs_motif=GGA/GAG/AGG;rbs_spacer=5-10bp;gc_cont=0.695
contig00945_1        -            308 6397at72274          -            513   5.7e-13   47.3   0.1   2   2   3.2e-06   0.00028   18.6   0.0   152   200   132   180   101   198 0.79 # 13 # 936 # -1 # ID=945_1;partial=00;start_type=ATG;rbs_motif=GGA/GAG/AGG;rbs_spacer=5-10bp;gc_cont=0.695
contig01363_2        -            336 6397at72274          -            513     6e-13   47.2   0.0   1   2   0.00019     0.017   12.8   0.0   329   360    30    64    22    79 0.77 # 83 # 1090 # -1 # ID=1363_2;partial=00;start_type=GTG;rbs_motif=GGA/GAG/AGG;rbs_spacer=5-10bp;gc_cont=0.671
contig01363_2        -            336 6397at72274          -            513     6e-13   47.2   0.0   2   2   2.2e-10   1.9e-08   32.4   0.0   151   226   140   219   125   235 0.83 # 83 # 1090 # -1 # ID=1363_2;partial=00;start_type=GTG;rbs_motif=GGA/GAG/AGG;rbs_spacer=5-10bp;gc_cont=0.671
contig01932_1        -            258 6397at72274          -            513   7.4e-13   46.9   0.0   1   2   2.1e-05    0.0019   15.9   0.0    20    61    21    62    10    88 0.87 # 64 # 837 # 1 # ID=1932_1;partial=00;start_type=ATG;rbs_motif=GGAG/GAGG;rbs_spacer=5-10bp;gc_cont=0.634
contig01932_1        -            258 6397at72274          -            513   7.4e-13   46.9   0.0   2   2   1.9e-09   1.7e-07   29.3   0.0   152   225   153   229   127   247 0.86 # 64 # 837 # 1 # ID=1932_1;partial=00;start_type=ATG;rbs_motif=GGAG/GAGG;rbs_spacer=5-10bp;gc_cont=0.634
contig00597_2        -            371 6397at72274          -            513   7.8e-13   46.9   0.2   1   2   0.00071     0.062   10.9   0.0   312   354     8    53     3    77 0.62 # 579 # 1691 # 1 # ID=597_2;partial=00;start_type=ATG;rbs_motif=GGAGG;rbs_spacer=5-10bp;gc_cont=0.694
contig00597_2        -            371 6397at72274          -            513   7.8e-13   46.9   0.2   2   2   6.2e-11   5.4e-09   34.2   0.1   125   225   104   210    91   220 0.83 # 579 # 1691 # 1 # ID=597_2;partial=00;start_type=ATG;rbs_motif=GGAGG;rbs_spacer=5-10bp;gc_cont=0.694
contig00769_1        -            219 6397at72274          -            513   7.8e-13   46.8   0.1   1   2   1.2e-05     0.001   16.8   0.0   310   360    12    68     5    95 0.80 # 3 # 659 # -1 # ID=769_1;partial=10;start_type=GTG;rbs_motif=GGAG/GAGG;rbs_spacer=5-10bp;gc_cont=0.706
contig00769_1        -            219 6397at72274          -            513   7.8e-13   46.8   0.1   2   2   3.4e-09     3e-07   28.4   0.0   138   212   131   210   110   218 0.74 # 3 # 659 # -1 # ID=769_1;partial=10;start_type=GTG;rbs_motif=GGAG/GAGG;rbs_spacer=5-10bp;gc_cont=0.706
contig00573_2        -            291 6397at72274          -            513   1.1e-12   46.3   0.5   1   2   0.00014     0.012   13.3   0.1   329   353    30    54     2    76 0.78 # 1170 # 2042 # 1 # ID=573_2;partial=00;start_type=ATG;rbs_motif=GGA/GAG/AGG;rbs_spacer=5-10bp;gc_cont=0.647
contig00573_2        -            291 6397at72274          -            513   1.1e-12   46.3   0.5   2   2   3.9e-10   3.4e-08   31.5   0.0   152   229   183   264   171   280 0.86 # 1170 # 2042 # 1 # ID=573_2;partial=00;start_type=ATG;rbs_motif=GGA/GAG/AGG;rbs_spacer=5-10bp;gc_cont=0.647
contig02371_1        -            205 6397at72274          -            513   3.2e-12   44.8   0.1   1   2    0.0013      0.12   10.0   0.0   329   349    29    49    14    66 0.67 # 3 # 617 # -1 # ID=2371_1;partial=10;start_type=ATG;rbs_motif=GGA/GAG/AGG;rbs_spacer=5-10bp;gc_cont=0.717
contig02371_1        -            205 6397at72274          -            513   3.2e-12   44.8   0.1   2   2   1.3e-10   1.2e-08   33.1   0.0   151   208   139   196   107   202 0.84 # 3 # 617 # -1 # ID=2371_1;partial=10;start_type=ATG;rbs_motif=GGA/GAG/AGG;rbs_spacer=5-10bp;gc_cont=0.717
contig00177_4        -            380 6397at72274          -            513   5.9e-12   43.9   1.5   1   3    0.0012      0.11   10.1   0.1   160   224     1    69     1    81 0.77 # 3583 # 4722 # -1 # ID=177_4;partial=01;start_type=Edge;rbs_motif=None;rbs_spacer=None;gc_cont=0.701
contig00177_4        -            380 6397at72274          -            513   5.9e-12   43.9   1.5   2   3     0.094       8.2    3.9   0.0    23    49   138   164   133   183 0.74 # 3583 # 4722 # -1 # ID=177_4;partial=01;start_type=Edge;rbs_motif=None;rbs_spacer=None;gc_cont=0.701
contig00177_4        -            380 6397at72274          -            513   5.9e-12   43.9   1.5   3   3   5.5e-09   4.9e-07   27.7   0.0   152   227   259   338   238   350 0.85 # 3583 # 4722 # -1 # ID=177_4;partial=01;start_type=Edge;rbs_motif=None;rbs_spacer=None;gc_cont=0.701
contig00033_7        -            279 6397at72274          -            513   6.1e-12   43.9   0.8   1   2   0.00017     0.015   12.9   0.0    21    65    24    68    20    74 0.83 # 7285 # 8121 # 1 # ID=33_7;partial=00;start_type=ATG;rbs_motif=GGAG/GAGG;rbs_spacer=5-10bp;gc_cont=0.723
contig00033_7        -            279 6397at72274          -            513   6.1e-12   43.9   0.8   2   2   1.6e-09   1.4e-07   29.6   0.2   127   208   112   199   107   215 0.82 # 7285 # 8121 # 1 # ID=33_7;partial=00;start_type=ATG;rbs_motif=GGAG/GAGG;rbs_spacer=5-10bp;gc_cont=0.723
contig00463_2        -            370 6397at72274          -            513   7.8e-12   43.6   0.2   1   2   0.00043     0.038   11.6   0.0    17    63    22    68     8   105 0.83 # 556 # 1665 # -1 # ID=463_2;partial=00;start_type=ATG;rbs_motif=GGA/GAG/AGG;rbs_spacer=5-10bp;gc_cont=0.654
contig00463_2        -            370 6397at72274          -            513   7.8e-12   43.6   0.2   2   2     1e-09     9e-08   30.2   0.0   130   209   117   202   100   218 0.78 # 556 # 1665 # -1 # ID=463_2;partial=00;start_type=ATG;rbs_motif=GGA/GAG/AGG;rbs_spacer=5-10bp;gc_cont=0.654
contig00296_2        -            597 6397at72274          -            513   1.3e-11   42.8   0.4   1   1     8e-13     7e-11   40.4   0.4    20   226   373   569   366   582 0.76 # 296 # 2086 # 1 # ID=296_2;partial=00;start_type=ATG;rbs_motif=GGA/GAG/AGG;rbs_spacer=11-12bp;gc_cont=0.678
contig02856_1        -            225 6397at72274          -            513   3.3e-11   41.5   0.0   1   1   4.4e-12   3.8e-10   38.0   0.0    11   187    53   219    47   225 0.77 # 3 # 677 # -1 # ID=2856_1;partial=11;start_type=Edge;rbs_motif=None;rbs_spacer=None;gc_cont=0.747
contig00498_3        -            234 6397at72274          -            513   4.1e-11   41.2   1.3   1   2   2.6e-09   2.3e-07   28.8   0.3   316   447    10   161     5   161 0.68 # 1927 # 2628 # 1 # ID=498_3;partial=00;start_type=ATG;rbs_motif=GGA/GAG/AGG;rbs_spacer=5-10bp;gc_cont=0.644
contig00498_3        -            234 6397at72274          -            513   4.1e-11   41.2   1.3   2   2   3.8e-06   0.00033   18.4   0.0   152   181   133   162   104   178 0.87 # 1927 # 2628 # 1 # ID=498_3;partial=00;start_type=ATG;rbs_motif=GGA/GAG/AGG;rbs_spacer=5-10bp;gc_cont=0.644
contig00826_2        -            286 6397at72274          -            513   4.9e-11   40.9   0.2   1   2   7.8e-07   6.8e-05   20.7   0.0   317   386    54   136    46   150 0.65 # 180 # 1037 # 1 # ID=826_2;partial=00;start_type=ATG;rbs_motif=AGGAG;rbs_spacer=5-10bp;gc_cont=0.675
contig00826_2        -            286 6397at72274          -            513   4.9e-11   40.9   0.2   2   2   3.5e-06   0.00031   18.5   0.0   152   228   186   264   140   277 0.75 # 180 # 1037 # 1 # ID=826_2;partial=00;start_type=ATG;rbs_motif=AGGAG;rbs_spacer=5-10bp;gc_cont=0.675
contig02819_1        -            231 6397at72274          -            513   5.2e-11   40.8   0.1   1   2   6.9e-05     0.006   14.2   0.1    21    64    51    94    41   153 0.72 # 3 # 695 # 1 # ID=2819_1;partial=11;start_type=Edge;rbs_motif=None;rbs_spacer=None;gc_cont=0.739
contig02819_1        -            231 6397at72274          -            513   5.2e-11   40.8   0.1   2   2   4.9e-08   4.3e-06   24.6   0.0   152   207   171   229   137   231 0.81 # 3 # 695 # 1 # ID=2819_1;partial=11;start_type=Edge;rbs_motif=None;rbs_spacer=None;gc_cont=0.739
contig00515_2        -            279 6397at72274          -            513   8.7e-11   40.1   0.3   1   2   0.00013     0.012   13.3   0.0    18    56    16    54     2    69 0.79 # 368 # 1204 # -1 # ID=515_2;partial=00;start_type=ATG;rbs_motif=GGAGG;rbs_spacer=5-10bp;gc_cont=0.687
contig00515_2        -            279 6397at72274          -            513   8.7e-11   40.1   0.3   2   2   9.2e-08     8e-06   23.7   0.0   410   464   146   197   132   205 0.81 # 368 # 1204 # -1 # ID=515_2;partial=00;start_type=ATG;rbs_motif=GGAGG;rbs_spacer=5-10bp;gc_cont=0.687
contig00183_3        -            285 6397at72274          -            513   1.5e-10   39.3   0.0   1   2   0.00044     0.039   11.6   0.0    20    63    28    71    24   107 0.79 # 2276 # 3130 # 1 # ID=183_3;partial=00;start_type=ATG;rbs_motif=GGAGG;rbs_spacer=5-10bp;gc_cont=0.712
contig00183_3        -            285 6397at72274          -            513   1.5e-10   39.3   0.0   2   2   2.2e-08     2e-06   25.7   0.1   152   209   141   202   132   216 0.84 # 2276 # 3130 # 1 # ID=183_3;partial=00;start_type=ATG;rbs_motif=GGAGG;rbs_spacer=5-10bp;gc_cont=0.712
contig00498_2        -            256 6397at72274          -            513   1.7e-10   39.1   0.5   1   2   6.1e-05    0.0054   14.4   0.1   330   359    31    63     7    72 0.74 # 1157 # 1924 # 1 # ID=498_2;partial=00;start_type=ATG;rbs_motif=GGAG/GAGG;rbs_spacer=5-10bp;gc_cont=0.652
contig00498_2        -            256 6397at72274          -            513   1.7e-10   39.1   0.5   2   2   1.6e-07   1.4e-05   22.9   0.0   152   226   153   231   126   238 0.82 # 1157 # 1924 # 1 # ID=498_2;partial=00;start_type=ATG;rbs_motif=GGAG/GAGG;rbs_spacer=5-10bp;gc_cont=0.652
contig00306_4        -            311 6397at72274          -            513   2.3e-10   38.7   0.2   1   2    0.0013      0.12   10.0   0.1     9    62     8    61     3   104 0.83 # 2174 # 3106 # 1 # ID=306_4;partial=00;start_type=ATG;rbs_motif=GGA/GAG/AGG;rbs_spacer=5-10bp;gc_cont=0.624
contig00306_4        -            311 6397at72274          -            513   2.3e-10   38.7   0.2   2   2   9.7e-09   8.5e-07   26.9   0.0   148   214   132   198    91   216 0.82 # 2174 # 3106 # 1 # ID=306_4;partial=00;start_type=ATG;rbs_motif=GGA/GAG/AGG;rbs_spacer=5-10bp;gc_cont=0.624
contig00577_2        -            241 6397at72274          -            513   3.2e-10   38.2   0.1   1   2    0.0013      0.11   10.0   0.1    20    62    15    57     2    86 0.66 # 255 # 977 # 1 # ID=577_2;partial=00;start_type=ATG;rbs_motif=GGAG/GAGG;rbs_spacer=5-10bp;gc_cont=0.665
contig00577_2        -            241 6397at72274          -            513   3.2e-10   38.2   0.1   2   2   1.3e-08   1.1e-06   26.5   0.0   152   219   136   206   118   220 0.87 # 255 # 977 # 1 # ID=577_2;partial=00;start_type=ATG;rbs_motif=GGAG/GAGG;rbs_spacer=5-10bp;gc_cont=0.665
contig01032_2        -            252 6397at72274          -            513   4.7e-10   37.7   0.1   1   2     0.015       1.3    6.5   0.0   329   356    40    69     9    94 0.67 # 644 # 1399 # -1 # ID=1032_2;partial=00;start_type=ATG;rbs_motif=AGGAG;rbs_spacer=5-10bp;gc_cont=0.730
contig01032_2        -            252 6397at72274          -            513   4.7e-10   37.7   0.1   2   2   1.7e-09   1.5e-07   29.4   0.0   152   224   143   218   128   238 0.88 # 644 # 1399 # -1 # ID=1032_2;partial=00;start_type=ATG;rbs_motif=AGGAG;rbs_spacer=5-10bp;gc_cont=0.730
contig00389_1        -            647 6397at72274          -            513   6.1e-10   37.3   0.2   1   1   3.5e-11   3.1e-09   35.0   0.2    22   207   431   606   429   625 0.82 # 1 # 1941 # 1 # ID=389_1;partial=10;start_type=Edge;rbs_motif=None;rbs_spacer=None;gc_cont=0.676
contig00242_1        -            335 6397at72274          -            513   6.7e-10   37.2   0.1   1   2    0.0029      0.25    8.9   0.0    38    63     5    30     2    43 0.91 # 3 # 1007 # 1 # ID=242_1;partial=10;start_type=Edge;rbs_motif=None;rbs_spacer=None;gc_cont=0.693
contig00242_1        -            335 6397at72274          -            513   6.7e-10   37.2   0.1   2   2   1.4e-08   1.2e-06   26.4   0.0   152   225   107   184    52   190 0.78 # 3 # 1007 # 1 # ID=242_1;partial=10;start_type=Edge;rbs_motif=None;rbs_spacer=None;gc_cont=0.693
contig01293_2        -            270 6397at72274          -            513   9.1e-10   36.7   0.0   1   2   0.00031     0.027   12.1   0.0   319   358    20    65    11    92 0.64 # 266 # 1075 # -1 # ID=1293_2;partial=00;start_type=ATG;rbs_motif=AGGAG;rbs_spacer=5-10bp;gc_cont=0.646
contig01293_2        -            270 6397at72274          -            513   9.1e-10   36.7   0.0   2   2   1.7e-07   1.5e-05   22.8   0.0   152   225   144   221   130   230 0.81 # 266 # 1075 # -1 # ID=1293_2;partial=00;start_type=ATG;rbs_motif=AGGAG;rbs_spacer=5-10bp;gc_cont=0.646
contig00573_3        -            236 6397at72274          -            513   1.1e-09   36.5   0.1   1   2    0.0001    0.0092   13.6   0.0    21    54    20    53     8    69 0.85 # 2039 # 2746 # 1 # ID=573_3;partial=01;start_type=ATG;rbs_motif=AGGAG;rbs_spacer=5-10bp;gc_cont=0.658
contig00573_3        -            236 6397at72274          -            513   1.1e-09   36.5   0.1   2   2   5.7e-07     5e-05   21.1   0.0   150   195   135   180   112   204 0.83 # 2039 # 2746 # 1 # ID=573_3;partial=01;start_type=ATG;rbs_motif=AGGAG;rbs_spacer=5-10bp;gc_cont=0.658
contig00028_7        -            361 6397at72274          -            513   1.9e-09   35.7   0.0   1   1   1.1e-10   9.8e-09   33.3   0.0   313   464    12   181     7   214 0.75 # 7486 # 8568 # -1 # ID=28_7;partial=00;start_type=ATG;rbs_motif=None;rbs_spacer=None;gc_cont=0.676
contig00718_2        -            283 6397at72274          -            513   2.1e-09   35.5   0.1   1   2   0.00023     0.021   12.5   0.0    25    65    39    79    28   131 0.81 # 1024 # 1872 # 1 # ID=718_2;partial=00;start_type=ATG;rbs_motif=GGA/GAG/AGG;rbs_spacer=5-10bp;gc_cont=0.702
contig00718_2        -            283 6397at72274          -            513   2.1e-09   35.5   0.1   2   2   4.3e-07   3.8e-05   21.5   0.0   152   189   149   186   120   223 0.77 # 1024 # 1872 # 1 # ID=718_2;partial=00;start_type=ATG;rbs_motif=GGA/GAG/AGG;rbs_spacer=5-10bp;gc_cont=0.702
contig01739_1        -            263 6397at72274          -            513     3e-09   35.0   0.0   1   1   5.6e-11   4.9e-09   34.3   0.0   130   209    10    95     3   118 0.81 # 1 # 789 # 1 # ID=1739_1;partial=10;start_type=Edge;rbs_motif=None;rbs_spacer=None;gc_cont=0.678
contig01633_3        -            144 6397at72274          -            513   3.3e-09   34.9   0.0   1   1   4.1e-11   3.6e-09   34.8   0.0   150   226    34   111    18   135 0.81 # 920 # 1351 # -1 # ID=1633_3;partial=01;start_type=Edge;rbs_motif=None;rbs_spacer=None;gc_cont=0.683
contig00385_1        -             99 6397at72274          -            513   1.1e-08   33.2   0.0   1   1   1.3e-10   1.1e-08   33.1   0.0    20    63    18    61     8    98 0.90 # 1 # 297 # -1 # ID=385_1;partial=10;start_type=ATG;rbs_motif=GGAGG;rbs_spacer=5-10bp;gc_cont=0.697
contig00588_3        -            162 6397at72274          -            513   1.2e-08   33.0   0.0   1   1   1.7e-10   1.5e-08   32.7   0.0   151   209    73   135    51   144 0.83 # 2226 # 2711 # -1 # ID=588_3;partial=01;start_type=Edge;rbs_motif=None;rbs_spacer=None;gc_cont=0.706
contig02722_2        -            141 6397at72274          -            513   1.4e-08   32.8   0.0   1   1   1.6e-10   1.4e-08   32.8   0.0   150   225    32   108     2   138 0.76 # 322 # 744 # -1 # ID=2722_2;partial=01;start_type=Edge;rbs_motif=None;rbs_spacer=None;gc_cont=0.709
contig00349_2        -            278 6397at72274          -            513   1.9e-08   32.4   0.0   1   2      0.25        22    2.5   0.0   333   350    59    76    42    93 0.71 # 946 # 1779 # 1 # ID=349_2;partial=00;start_type=ATG;rbs_motif=GGAG/GAGG;rbs_spacer=5-10bp;gc_cont=0.629
contig00349_2        -            278 6397at72274          -            513   1.9e-08   32.4   0.0   2   2   4.9e-09   4.3e-07   27.9   0.0   148   223   169   246   140   268 0.85 # 946 # 1779 # 1 # ID=349_2;partial=00;start_type=ATG;rbs_motif=GGAG/GAGG;rbs_spacer=5-10bp;gc_cont=0.629
contig03010_1        -            204 6397at72274          -            513   2.1e-08   32.3   0.2   1   1   1.1e-09   9.8e-08   30.0   0.2   322   465    13   180     3   196 0.73 # 1 # 612 # 1 # ID=3010_1;partial=11;start_type=Edge;rbs_motif=None;rbs_spacer=None;gc_cont=0.649
contig00404_3        -            387 6397at72274          -            513   2.5e-08   32.0   0.1   1   2     0.013       1.1    6.7   0.0    21    57    20    56    11    99 0.84 # 1639 # 2799 # 1 # ID=404_3;partial=00;start_type=ATG;rbs_motif=AGGA/GGAG/GAGG;rbs_spacer=11-12bp;gc_cont=0.671
contig00404_3        -            387 6397at72274          -            513   2.5e-08   32.0   0.1   2   2   1.1e-07   9.7e-06   23.5   0.0   152   209   135   196   103   214 0.82 # 1639 # 2799 # 1 # ID=404_3;partial=00;start_type=ATG;rbs_motif=AGGA/GGAG/GAGG;rbs_spacer=11-12bp;gc_cont=0.671
contig01200_1        -            266 6397at72274          -            513     3e-08   31.7   0.1   1   2     0.025       2.2    5.8   0.0   319   350    16    50     4    70 0.61 # 19 # 816 # -1 # ID=1200_1;partial=00;start_type=ATG;rbs_motif=AGGA;rbs_spacer=5-10bp;gc_cont=0.707
contig01200_1        -            266 6397at72274          -            513     3e-08   31.7   0.1   2   2   7.4e-08   6.5e-06   24.0   0.1   152   210   140   201   116   225 0.74 # 19 # 816 # -1 # ID=1200_1;partial=00;start_type=ATG;rbs_motif=AGGA;rbs_spacer=5-10bp;gc_cont=0.707
contig00167_2        -            305 6397at72274          -            513   3.9e-08   31.4   0.1   1   2   9.9e-05    0.0087   13.7   0.0    26    66    23    63    16   111 0.64 # 850 # 1764 # 1 # ID=167_2;partial=00;start_type=ATG;rbs_motif=GGAG/GAGG;rbs_spacer=5-10bp;gc_cont=0.728
contig00167_2        -            305 6397at72274          -            513   3.9e-08   31.4   0.1   2   2   2.7e-05    0.0024   15.5   0.0   153   201   129   177   120   197 0.84 # 850 # 1764 # 1 # ID=167_2;partial=00;start_type=ATG;rbs_motif=GGAG/GAGG;rbs_spacer=5-10bp;gc_cont=0.728
contig02609_1        -            242 6397at72274          -            513   4.5e-08   31.2   0.1   1   1   2.8e-09   2.4e-07   28.7   0.1   329   461    57   198    51   227 0.68 # 68 # 793 # -1 # ID=2609_1;partial=01;start_type=Edge;rbs_motif=None;rbs_spacer=None;gc_cont=0.602
contig00826_3        -            233 6397at72274          -            513   4.5e-08   31.1   0.0   1   2   0.00054     0.047   11.3   0.0   314   352     8    49     3    60 0.73 # 1174 # 1872 # 1 # ID=826_3;partial=00;start_type=ATG;rbs_motif=GGA/GAG/AGG;rbs_spacer=5-10bp;gc_cont=0.685
contig00826_3        -            233 6397at72274          -            513   4.5e-08   31.1   0.0   2   2   4.7e-06   0.00041   18.1   0.0   152   197   133   178   105   217 0.80 # 1174 # 1872 # 1 # ID=826_3;partial=00;start_type=ATG;rbs_motif=GGA/GAG/AGG;rbs_spacer=5-10bp;gc_cont=0.685
contig00731_2        -            325 6397at72274          -            513   6.6e-08   30.6   0.2   1   2      0.43        38    1.7   0.0    30   352    30    54     8    85 0.74 # 1017 # 1991 # 1 # ID=731_2;partial=00;start_type=ATG;rbs_motif=AGGAG;rbs_spacer=5-10bp;gc_cont=0.693
contig00731_2        -            325 6397at72274          -            513   6.6e-08   30.6   0.2   2   2   9.3e-09   8.1e-07   27.0   0.0   130   226   132   230   120   239 0.81 # 1017 # 1991 # 1 # ID=731_2;partial=00;start_type=ATG;rbs_motif=AGGAG;rbs_spacer=5-10bp;gc_cont=0.693
contig00381_1        -            145 6397at72274          -            513   7.3e-08   30.4   0.0   1   1   8.9e-10   7.8e-08   30.4   0.0   148   226    35   114     4   128 0.76 # 2 # 436 # 1 # ID=381_1;partial=10;start_type=Edge;rbs_motif=None;rbs_spacer=None;gc_cont=0.713
contig00878_2        -            240 6397at72274          -            513     1e-07   30.0   0.0   1   2     0.037       3.2    5.2   0.0    32   351    31    52     6    90 0.73 # 1098 # 1817 # 1 # ID=878_2;partial=00;start_type=ATG;rbs_motif=None;rbs_spacer=None;gc_cont=0.750
contig00878_2        -            240 6397at72274          -            513     1e-07   30.0   0.0   2   2   1.5e-07   1.3e-05   23.0   0.1   151   209   146   208   125   234 0.75 # 1098 # 1817 # 1 # ID=878_2;partial=00;start_type=ATG;rbs_motif=None;rbs_spacer=None;gc_cont=0.750
contig01341_1        -            235 6397at72274          -            513   1.2e-07   29.7   0.0   1   1     2e-09   1.8e-07   29.2   0.0   152   217     2    71     1    87 0.80 # 2 # 706 # 1 # ID=1341_1;partial=10;start_type=Edge;rbs_motif=None;rbs_spacer=None;gc_cont=0.655
contig00048_6        -            103 6397at72274          -            513   2.9e-07   28.5   0.0   1   1   3.3e-09   2.9e-07   28.5   0.0   160   227     2    72     1    97 0.84 # 7518 # 7826 # -1 # ID=48_6;partial=01;start_type=Edge;rbs_motif=None;rbs_spacer=None;gc_cont=0.650
contig00002_13       -            884 6397at72274          -            513   8.2e-07   27.0   0.2   1   3       2.9   2.6e+02   -1.0   0.0    18    48    25    55    16    69 0.84 # 12339 # 14990 # -1 # ID=2_13;partial=00;start_type=ATG;rbs_motif=AGGA;rbs_spacer=5-10bp;gc_cont=0.679
contig00002_13       -            884 6397at72274          -            513   8.2e-07   27.0   0.2   2   3     0.015       1.3    6.5   0.0   419   464   414   461   408   485 0.82 # 12339 # 14990 # -1 # ID=2_13;partial=00;start_type=ATG;rbs_motif=AGGA;rbs_spacer=5-10bp;gc_cont=0.679
contig00002_13       -            884 6397at72274          -            513   8.2e-07   27.0   0.2   3   3   1.4e-05    0.0012   16.5   0.0   151   227   767   848   754   853 0.76 # 12339 # 14990 # -1 # ID=2_13;partial=00;start_type=ATG;rbs_motif=AGGA;rbs_spacer=5-10bp;gc_cont=0.679
contig01105_3        -            163 6397at72274          -            513     2e-06   25.7   0.0   1   1   2.5e-08   2.2e-06   25.6   0.0   151   223    75   150    30   157 0.81 # 1350 # 1838 # -1 # ID=1105_3;partial=01;start_type=Edge;rbs_motif=None;rbs_spacer=None;gc_cont=0.701
contig03279_1        -            173 6397at72274          -            513     2e-06   25.7   0.1   1   1   3.1e-08   2.7e-06   25.3   0.1   138   222    60   151    44   160 0.65 # 1 # 519 # -1 # ID=3279_1;partial=11;start_type=Edge;rbs_motif=None;rbs_spacer=None;gc_cont=0.730
contig00059_7        -            268 6397at72274          -            513   2.1e-06   25.6   0.0   1   2   0.00071     0.062   10.9   0.0    22   359    19    61     4    91 0.62 # 5637 # 6440 # -1 # ID=59_7;partial=00;start_type=GTG;rbs_motif=None;rbs_spacer=None;gc_cont=0.731
contig00059_7        -            268 6397at72274          -            513   2.1e-06   25.6   0.0   2   2   0.00018     0.016   12.9   0.0   415   451   142   178   126   214 0.71 # 5637 # 6440 # -1 # ID=59_7;partial=00;start_type=GTG;rbs_motif=None;rbs_spacer=None;gc_cont=0.731
contig00897_2        -            265 6397at72274          -            513   2.4e-06   25.5   0.5   1   1   7.1e-07   6.2e-05   20.8   0.5    20   226    20   226    15   257 0.80 # 406 # 1200 # -1 # ID=897_2;partial=00;start_type=ATG;rbs_motif=GGAG/GAGG;rbs_spacer=5-10bp;gc_cont=0.692
contig01158_1        -            144 6397at72274          -            513   2.4e-06   25.4   0.0   1   1   3.1e-08   2.7e-06   25.3   0.0   148   223    23   103     3   115 0.73 # 1 # 432 # 1 # ID=1158_1;partial=10;start_type=Edge;rbs_motif=None;rbs_spacer=None;gc_cont=0.674
contig02377_2        -             84 6397at72274          -            513   3.2e-06   25.0   0.0   1   1   3.9e-08   3.4e-06   24.9   0.0   312   361    10    65     6    82 0.77 # 644 # 895 # 1 # ID=2377_2;partial=01;start_type=GTG;rbs_motif=None;rbs_spacer=None;gc_cont=0.679
contig03286_2        -            138 6397at72274          -            513   3.4e-06   25.0   0.1   1   1   5.4e-08   4.8e-06   24.5   0.1    16    61    25    70    17    90 0.91 # 102 # 515 # 1 # ID=3286_2;partial=01;start_type=ATG;rbs_motif=None;rbs_spacer=None;gc_cont=0.688
contig03154_1        -            146 6397at72274          -            513   3.4e-06   24.9   0.0   1   1   5.1e-08   4.5e-06   24.5   0.0   152   209    28    89    24   104 0.82 # 1 # 438 # 1 # ID=3154_1;partial=10;start_type=Edge;rbs_motif=None;rbs_spacer=None;gc_cont=0.699
contig01445_1        -             74 6397at72274          -            513   3.7e-06   24.8   0.0   1   1   4.2e-08   3.7e-06   24.8   0.0    20    62    31    73    14    74 0.88 # 1 # 222 # -1 # ID=1445_1;partial=10;start_type=ATG;rbs_motif=GGAG/GAGG;rbs_spacer=5-10bp;gc_cont=0.694
contig02944_1        -            170 6397at72274          -            513   3.9e-06   24.7   0.0   1   2       9.9   8.7e+02   -2.8   0.0    67    88    19    40    14    44 0.87 # 2 # 511 # 1 # ID=2944_1;partial=10;start_type=Edge;rbs_motif=None;rbs_spacer=None;gc_cont=0.706
contig02944_1        -            170 6397at72274          -            513   3.9e-06   24.7   0.0   2   2   8.8e-08   7.7e-06   23.8   0.0   152   194    84   127    76   151 0.80 # 2 # 511 # 1 # ID=2944_1;partial=10;start_type=Edge;rbs_motif=None;rbs_spacer=None;gc_cont=0.706
contig03027_1        -             60 6397at72274          -            513   6.9e-06   23.9   0.1   1   1   8.7e-08   7.6e-06   23.8   0.1    20    52    28    60    21    60 0.95 # 430 # 609 # 1 # ID=3027_1;partial=01;start_type=ATG;rbs_motif=None;rbs_spacer=None;gc_cont=0.600
contig00226_4        -             89 6397at72274          -            513     3e-05   21.8   0.0   1   1   3.8e-07   3.3e-05   21.7   0.0   309   354    24    72    15    85 0.78 # 3920 # 4186 # 1 # ID=226_4;partial=01;start_type=ATG;rbs_motif=GGAG/GAGG;rbs_spacer=5-10bp;gc_cont=0.622
contig01978_2        -             77 6397at72274          -            513   6.9e-05   20.6   0.0   1   1   7.9e-07   6.9e-05   20.6   0.0    28   359    33    69     8    77 0.55 # 868 # 1098 # 1 # ID=1978_2;partial=01;start_type=ATG;rbs_motif=None;rbs_spacer=None;gc_cont=0.680
contig02191_1        -             44 6397at72274          -            513   0.00014   19.6   0.1   1   1   1.6e-06   0.00014   19.6   0.1    19    49    14    44     1    44 0.88 # 1 # 132 # -1 # ID=2191_1;partial=10;start_type=ATG;rbs_motif=GGxGG;rbs_spacer=5-10bp;gc_cont=0.644
contig02782_1        -            166 6397at72274          -            513   0.00018   19.3   0.0   1   1   2.4e-06   0.00021   19.1   0.0   158   223     1    70     1    88 0.82 # 2 # 499 # 1 # ID=2782_1;partial=10;start_type=Edge;rbs_motif=None;rbs_spacer=None;gc_cont=0.687
contig01349_2        -            241 6397at72274          -            513   0.00026   18.8   0.0   1   1   4.4e-06   0.00039   18.2   0.0   152   208    15    75     3    90 0.60 # 855 # 1577 # -1 # ID=1349_2;partial=01;start_type=Edge;rbs_motif=None;rbs_spacer=None;gc_cont=0.657
contig00731_3        -            136 6397at72274          -            513   0.00031   18.5   0.0   1   1   3.8e-06   0.00034   18.4   0.0   329   384    39    99    14   114 0.77 # 1991 # 2398 # 1 # ID=731_3;partial=01;start_type=ATG;rbs_motif=GGAG/GAGG;rbs_spacer=5-10bp;gc_cont=0.664
contig03178_2        -            128 6397at72274          -            513    0.0013   16.5   0.0   1   1   1.8e-05    0.0016   16.2   0.0    22    66    24    68    12    76 0.85 # 177 # 560 # 1 # ID=3178_2;partial=01;start_type=ATG;rbs_motif=GGA/GAG/AGG;rbs_spacer=5-10bp;gc_cont=0.703
contig00801_3        -            164 6397at72274          -            513    0.0021   15.8   0.0   1   1   2.9e-05    0.0026   15.4   0.0    23    54    36    67    19    81 0.69 # 1786 # 2277 # 1 # ID=801_3;partial=01;start_type=ATG;rbs_motif=GGAGG;rbs_spacer=5-10bp;gc_cont=0.720
contig00359_3        -            149 6397at72274          -            513    0.0045   14.7   0.0   1   2   0.00014     0.012   13.3   0.0    21    64    23    66    16    76 0.85 # 3016 # 3462 # 1 # ID=359_3;partial=01;start_type=ATG;rbs_motif=GGA/GAG/AGG;rbs_spacer=5-10bp;gc_cont=0.655
contig00359_3        -            149 6397at72274          -            513    0.0045   14.7   0.0   2   2       3.4     3e+02   -1.3   0.0   138   163   122   149   107   149 0.64 # 3016 # 3462 # 1 # ID=359_3;partial=01;start_type=ATG;rbs_motif=GGA/GAG/AGG;rbs_spacer=5-10bp;gc_cont=0.655
contig01568_1        -             93 6397at72274          -            513    0.0051   14.5   0.0   1   1   5.9e-05    0.0051   14.5   0.0   173   226     3    57     1    90 0.85 # 3 # 281 # 1 # ID=1568_1;partial=10;start_type=Edge;rbs_motif=None;rbs_spacer=None;gc_cont=0.703
contig00561_2        -            664 6397at72274          -            513    0.0054   14.4   1.7   1   3      0.81        71    0.8   0.0    20    48    12    40     3    48 0.84 # 783 # 2774 # 1 # ID=561_2;partial=01;start_type=GTG;rbs_motif=GGAG/GAGG;rbs_spacer=5-10bp;gc_cont=0.656
contig00561_2        -            664 6397at72274          -            513    0.0054   14.4   1.7   2   3    0.0053      0.47    8.0   0.1   152   228   486   566   464   572 0.68 # 783 # 2774 # 1 # ID=561_2;partial=01;start_type=GTG;rbs_motif=GGAG/GAGG;rbs_spacer=5-10bp;gc_cont=0.656
contig00561_2        -            664 6397at72274          -            513    0.0054   14.4   1.7   3   3      0.21        19    2.7   0.1    10    50   611   651   595   660 0.78 # 783 # 2774 # 1 # ID=561_2;partial=01;start_type=GTG;rbs_motif=GGAG/GAGG;rbs_spacer=5-10bp;gc_cont=0.656
contig03261_1        -            175 6397at72274          -            513     0.008   13.8   0.1   1   1   0.00012      0.01   13.5   0.1    22    52   101   131    95   154 0.85 # 2 # 526 # 1 # ID=3261_1;partial=11;start_type=Edge;rbs_motif=None;rbs_spacer=None;gc_cont=0.674
contig00058_8        -            115 6397at72274          -            513     0.013   13.1   0.0   1   1   0.00015     0.013   13.1   0.0   312   352     6    49     2   105 0.81 # 7127 # 7471 # 1 # ID=58_8;partial=01;start_type=ATG;rbs_motif=GGA/GAG/AGG;rbs_spacer=5-10bp;gc_cont=0.600
contig01188_2        -            238 6397at72274          -            513     0.058   11.0   0.3   1   2       3.2   2.8e+02   -1.2   0.1    34    54     4    24     1    43 0.62 # 1019 # 1732 # -1 # ID=1188_2;partial=01;start_type=Edge;rbs_motif=None;rbs_spacer=None;gc_cont=0.742
contig01188_2        -            238 6397at72274          -            513     0.058   11.0   0.3   2   2    0.0016      0.14    9.8   0.0   152   207   122   180   100   203 0.77 # 1019 # 1732 # -1 # ID=1188_2;partial=01;start_type=Edge;rbs_motif=None;rbs_spacer=None;gc_cont=0.742
#
# Program:         hmmsearch
# Version:         3.1b2 (February 2015)
# Pipeline mode:   SEARCH
# Query file:      /home/johngn/Microbial-Genomics-Journey-Workshop-2023/Reads_session_3/busco_downloads/lineages/pseudomonadales_odb10/hmms/6397at72274.hmm
# Target file:     /home/johngn/Microbial-Genomics-Journey-Workshop-2023/Reads_session_3/busco_op4/prodigal_output/predicted_genes/predicted.faa
# Option settings: hmmsearch --domtblout /home/johngn/Microbial-Genomics-Journey-Workshop-2023/Reads_session_3/busco_op4/run_pseudomonadales_odb10/hmmer_output/6397at72274.out --cpu 1 /home/johngn/Microbial-Genomics-Journey-Workshop-2023/Reads_session_3/busco_downloads/lineages/pseudomonadales_odb10/hmms/6397at72274.hmm /home/johngn/Microbial-Genomics-Journey-Workshop-2023/Reads_session_3/busco_op4/prodigal_output/predicted_genes/predicted.faa 
# Current dir:     /home/johngn/Microbial-Genomics-Journey-Workshop-2023/Reads_session_3
# Date:            Wed Mar  8 17:01:42 2023
# [ok]
