#                                                                            --- full sequence --- -------------- this domain -------------   hmm coord   ali coord   env coord
# target name        accession   tlen query name           accession   qlen   E-value  score  bias   #  of  c-Evalue  i-Evalue  score  bias  from    to  from    to  from    to  acc description of target
#------------------- ---------- ----- -------------------- ---------- ----- --------- ------ ----- --- --- --------- --------- ------ ----- ----- ----- ----- ----- ----- ----- ---- ---------------------
contig01419_2        -            156 64373at72274         -            120   3.1e-51  170.9   0.0   1   1   3.1e-54   4.3e-51  170.4   0.0     3   112    10   130     8   138 0.91 # 371 # 838 # 1 # ID=1419_2;partial=00;start_type=GTG;rbs_motif=AGGAG;rbs_spacer=5-10bp;gc_cont=0.660
contig02055_1        -             61 64373at72274         -            120    0.0012   17.3   0.0   1   1   8.5e-07    0.0012   17.3   0.0    18    45    14    42     3    51 0.80 # 2 # 184 # -1 # ID=2055_1;partial=10;start_type=ATG;rbs_motif=GGA/GAG/AGG;rbs_spacer=5-10bp;gc_cont=0.650
contig01826_2        -            131 64373at72274         -            120     0.024   13.1   0.0   1   1   2.4e-05     0.034   12.6   0.0    18    39     9    30     1    44 0.77 # 801 # 1193 # 1 # ID=1826_2;partial=01;start_type=ATG;rbs_motif=GGA/GAG/AGG;rbs_spacer=5-10bp;gc_cont=0.649
contig01310_1        -            306 64373at72274         -            120     0.034   12.6   0.1   1   1   4.3e-05      0.06   11.8   0.1     5    42    22    59    18    65 0.86 # 168 # 1085 # 1 # ID=1310_1;partial=00;start_type=ATG;rbs_motif=GGAG/GAGG;rbs_spacer=5-10bp;gc_cont=0.695
contig02609_1        -            242 64373at72274         -            120     0.045   12.2   0.0   1   2   8.1e-05      0.11   10.9   0.0    13    37    54    79    47    86 0.85 # 68 # 793 # -1 # ID=2609_1;partial=01;start_type=Edge;rbs_motif=None;rbs_spacer=None;gc_cont=0.602
contig02609_1        -            242 64373at72274         -            120     0.045   12.2   0.0   2   2       1.7   2.4e+03   -3.1   0.0    20    31   116   127   102   151 0.62 # 68 # 793 # -1 # ID=2609_1;partial=01;start_type=Edge;rbs_motif=None;rbs_spacer=None;gc_cont=0.602
contig00525_3        -            270 64373at72274         -            120     0.059   11.8   0.0   1   1   8.3e-05      0.12   10.9   0.0    18    46    33    62    18    76 0.79 # 1296 # 2105 # -1 # ID=525_3;partial=00;start_type=ATG;rbs_motif=AGGA;rbs_spacer=5-10bp;gc_cont=0.694
#
# Program:         hmmsearch
# Version:         3.1b2 (February 2015)
# Pipeline mode:   SEARCH
# Query file:      /home/johngn/Microbial-Genomics-Journey-Workshop-2023/Reads_session_3/busco_downloads/lineages/pseudomonadales_odb10/hmms/64373at72274.hmm
# Target file:     /home/johngn/Microbial-Genomics-Journey-Workshop-2023/Reads_session_3/busco_op4/prodigal_output/predicted_genes/predicted.faa
# Option settings: hmmsearch --domtblout /home/johngn/Microbial-Genomics-Journey-Workshop-2023/Reads_session_3/busco_op4/run_pseudomonadales_odb10/hmmer_output/64373at72274.out --cpu 1 /home/johngn/Microbial-Genomics-Journey-Workshop-2023/Reads_session_3/busco_downloads/lineages/pseudomonadales_odb10/hmms/64373at72274.hmm /home/johngn/Microbial-Genomics-Journey-Workshop-2023/Reads_session_3/busco_op4/prodigal_output/predicted_genes/predicted.faa 
# Current dir:     /home/johngn/Microbial-Genomics-Journey-Workshop-2023/Reads_session_3
# Date:            Wed Mar  8 17:01:42 2023
# [ok]
