#                                                                            --- full sequence --- -------------- this domain -------------   hmm coord   ali coord   env coord
# target name        accession   tlen query name           accession   qlen   E-value  score  bias   #  of  c-Evalue  i-Evalue  score  bias  from    to  from    to  from    to  acc description of target
#------------------- ---------- ----- -------------------- ---------- ----- --------- ------ ----- --- --- --------- --------- ------ ----- ----- ----- ----- ----- ----- ----- ---- ---------------------
contig00802_1        -            526 6493at72274          -            459  6.1e-267  884.4   0.9   1   1  8.2e-268  4.9e-265  878.1   0.9     1   459     9   525     9   525 0.94 # 142 # 1719 # -1 # ID=802_1;partial=00;start_type=ATG;rbs_motif=GGA/GAG/AGG;rbs_spacer=5-10bp;gc_cont=0.663
contig00206_2        -            201 6493at72274          -            459   5.6e-05   20.9   0.0   1   2    0.0029       1.8    6.0   0.0    66    87    76    97    50   104 0.88 # 1599 # 2201 # 1 # ID=206_2;partial=00;start_type=ATG;rbs_motif=GGAG/GAGG;rbs_spacer=5-10bp;gc_cont=0.677
contig00206_2        -            201 6493at72274          -            459   5.6e-05   20.9   0.0   2   2   2.5e-05     0.015   12.8   0.0   116   150   152   186   144   195 0.87 # 1599 # 2201 # 1 # ID=206_2;partial=00;start_type=ATG;rbs_motif=GGAG/GAGG;rbs_spacer=5-10bp;gc_cont=0.677
contig03159_1        -             62 6493at72274          -            459    0.0001   20.0   0.0   1   1   1.8e-07   0.00011   20.0   0.0   117   156    17    56     4    60 0.85 # 3 # 188 # 1 # ID=3159_1;partial=10;start_type=Edge;rbs_motif=None;rbs_spacer=None;gc_cont=0.645
contig00008_5        -            205 6493at72274          -            459   0.00014   19.5   0.1   1   2   3.8e-05     0.023   12.3   0.0    59    82    66    89    52   118 0.87 # 3691 # 4305 # -1 # ID=8_5;partial=00;start_type=ATG;rbs_motif=GGA/GAG/AGG;rbs_spacer=5-10bp;gc_cont=0.454
contig00008_5        -            205 6493at72274          -            459   0.00014   19.5   0.1   2   2    0.0048       2.9    5.3   0.0   125   149   178   201   168   203 0.81 # 3691 # 4305 # -1 # ID=8_5;partial=00;start_type=ATG;rbs_motif=GGA/GAG/AGG;rbs_spacer=5-10bp;gc_cont=0.454
contig00011_18       -            124 6493at72274          -            459     0.003   15.2   0.0   1   1     5e-06     0.003   15.2   0.0    36    89    38    95     4   120 0.81 # 14355 # 14726 # 1 # ID=11_18;partial=01;start_type=ATG;rbs_motif=AGGA/GGAG/GAGG;rbs_spacer=11-12bp;gc_cont=0.653
contig00535_2        -            251 6493at72274          -            459    0.0033   15.0   0.0   1   2     1e-05    0.0061   14.1   0.0    60    91   100   131    86   144 0.81 # 413 # 1165 # 1 # ID=535_2;partial=00;start_type=ATG;rbs_motif=None;rbs_spacer=None;gc_cont=0.640
contig00535_2        -            251 6493at72274          -            459    0.0033   15.0   0.0   2   2       3.3     2e+03   -4.0   0.0   124   136   211   224   199   231 0.71 # 413 # 1165 # 1 # ID=535_2;partial=00;start_type=ATG;rbs_motif=None;rbs_spacer=None;gc_cont=0.640
contig01472_2        -            311 6493at72274          -            459     0.011   13.2   0.1   1   1   2.5e-05     0.015   12.8   0.1   168   200   260   290   246   307 0.77 # 535 # 1467 # 1 # ID=1472_2;partial=01;start_type=ATG;rbs_motif=None;rbs_spacer=None;gc_cont=0.669
contig00507_3        -            251 6493at72274          -            459     0.012   13.2   0.0   1   1   2.4e-05     0.015   12.9   0.0    34    86    98   154    65   181 0.74 # 2170 # 2922 # -1 # ID=507_3;partial=01;start_type=Edge;rbs_motif=None;rbs_spacer=None;gc_cont=0.668
contig01905_2        -            232 6493at72274          -            459      0.03   11.9   0.0   1   1   6.8e-05     0.041   11.4   0.0   307   352    56   101    46   110 0.89 # 444 # 1139 # 1 # ID=1905_2;partial=01;start_type=ATG;rbs_motif=AGGA;rbs_spacer=5-10bp;gc_cont=0.645
contig00447_2        -            376 6493at72274          -            459     0.031   11.8   0.0   1   2   0.00011     0.067   10.7   0.0   173   205    13    44     6    98 0.72 # 101 # 1228 # -1 # ID=447_2;partial=00;start_type=ATG;rbs_motif=None;rbs_spacer=None;gc_cont=0.665
contig00447_2        -            376 6493at72274          -            459     0.031   11.8   0.0   2   2       1.4   8.4e+02   -2.8   0.0   299   331   160   192   157   195 0.84 # 101 # 1228 # -1 # ID=447_2;partial=00;start_type=ATG;rbs_motif=None;rbs_spacer=None;gc_cont=0.665
contig01169_2        -            239 6493at72274          -            459     0.041   11.4   0.0   1   1   9.1e-05     0.055   11.0   0.0    52    90    66   104    21   113 0.77 # 494 # 1210 # -1 # ID=1169_2;partial=00;start_type=ATG;rbs_motif=AGGAG;rbs_spacer=5-10bp;gc_cont=0.690
contig02310_1        -            123 6493at72274          -            459     0.061   10.8   0.0   1   1    0.0001     0.061   10.8   0.0   117   150    85   116    26   119 0.81 # 1 # 369 # 1 # ID=2310_1;partial=10;start_type=Edge;rbs_motif=None;rbs_spacer=None;gc_cont=0.656
contig02457_2        -            138 6493at72274          -            459     0.072   10.6   0.9   1   2      0.11        63    0.9   0.0    23    60     2    39     1    47 0.81 # 230 # 643 # -1 # ID=2457_2;partial=00;start_type=ATG;rbs_motif=GGAG/GAGG;rbs_spacer=5-10bp;gc_cont=0.599
contig02457_2        -            138 6493at72274          -            459     0.072   10.6   0.9   2   2   0.00048      0.29    8.6   0.3   177   230    48   100    33   111 0.82 # 230 # 643 # -1 # ID=2457_2;partial=00;start_type=ATG;rbs_motif=GGAG/GAGG;rbs_spacer=5-10bp;gc_cont=0.599
contig02601_2        -            136 6493at72274          -            459     0.078   10.5   0.0   1   1   0.00013     0.079   10.5   0.0   203   254    51   102    24   123 0.86 # 387 # 794 # 1 # ID=2601_2;partial=01;start_type=ATG;rbs_motif=None;rbs_spacer=None;gc_cont=0.711
#
# Program:         hmmsearch
# Version:         3.1b2 (February 2015)
# Pipeline mode:   SEARCH
# Query file:      /home/johngn/Microbial-Genomics-Journey-Workshop-2023/Reads_session_3/busco_downloads/lineages/pseudomonadales_odb10/hmms/6493at72274.hmm
# Target file:     /home/johngn/Microbial-Genomics-Journey-Workshop-2023/Reads_session_3/busco_op4/prodigal_output/predicted_genes/predicted.faa
# Option settings: hmmsearch --domtblout /home/johngn/Microbial-Genomics-Journey-Workshop-2023/Reads_session_3/busco_op4/run_pseudomonadales_odb10/hmmer_output/6493at72274.out --cpu 1 /home/johngn/Microbial-Genomics-Journey-Workshop-2023/Reads_session_3/busco_downloads/lineages/pseudomonadales_odb10/hmms/6493at72274.hmm /home/johngn/Microbial-Genomics-Journey-Workshop-2023/Reads_session_3/busco_op4/prodigal_output/predicted_genes/predicted.faa 
# Current dir:     /home/johngn/Microbial-Genomics-Journey-Workshop-2023/Reads_session_3
# Date:            Wed Mar  8 17:01:42 2023
# [ok]
