#                                                                            --- full sequence --- -------------- this domain -------------   hmm coord   ali coord   env coord
# target name        accession   tlen query name           accession   qlen   E-value  score  bias   #  of  c-Evalue  i-Evalue  score  bias  from    to  from    to  from    to  acc description of target
#------------------- ---------- ----- -------------------- ---------- ----- --------- ------ ----- --- --- --------- --------- ------ ----- ----- ----- ----- ----- ----- ----- ---- ---------------------
contig01276_1        -             58 65411at72274         -             89   6.1e-26   89.3   0.4   1   1   8.1e-29   6.8e-26   89.1   0.4     1    49     9    58     9    58 0.96 # 3 # 176 # -1 # ID=1276_1;partial=10;start_type=ATG;rbs_motif=GGAG/GAGG;rbs_spacer=5-10bp;gc_cont=0.598
contig01594_1        -             44 65411at72274         -             89   1.2e-10   40.3   0.2   1   1   1.6e-13   1.3e-10   40.1   0.2     2    31    12    43    11    44 0.87 # 3 # 134 # -1 # ID=1594_1;partial=10;start_type=ATG;rbs_motif=GGA/GAG/AGG;rbs_spacer=5-10bp;gc_cont=0.621
contig00196_4        -            155 65411at72274         -             89   3.1e-06   26.1   0.0   1   1   5.4e-09   4.6e-06   25.6   0.0    16    41    42    67    32    84 0.80 # 1632 # 2096 # -1 # ID=196_4;partial=00;start_type=ATG;rbs_motif=GGAG/GAGG;rbs_spacer=5-10bp;gc_cont=0.637
contig01486_1        -            238 65411at72274         -             89   5.2e-06   25.4   0.0   1   1   1.2e-08     1e-05   24.5   0.0    41    88     2    59     1    60 0.78 # 1 # 714 # 1 # ID=1486_1;partial=10;start_type=Edge;rbs_motif=None;rbs_spacer=None;gc_cont=0.688
contig02028_1        -            142 65411at72274         -             89   1.2e-05   24.2   0.0   1   2   1.4e-07   0.00012   21.1   0.0     8    32    37    61    29    88 0.84 # 3 # 428 # 1 # ID=2028_1;partial=10;start_type=Edge;rbs_motif=None;rbs_spacer=None;gc_cont=0.695
contig02028_1        -            142 65411at72274         -             89   1.2e-05   24.2   0.0   2   2      0.24     2e+02    1.1   0.0    52    70    95   113    90   123 0.88 # 3 # 428 # 1 # ID=2028_1;partial=10;start_type=Edge;rbs_motif=None;rbs_spacer=None;gc_cont=0.695
contig01239_1        -            279 65411at72274         -             89   0.00012   21.0   0.3   1   2       6.4   5.4e+03   -3.5   0.0    12    25    55    68    52    73 0.74 # 26 # 862 # -1 # ID=1239_1;partial=00;start_type=ATG;rbs_motif=GGAG/GAGG;rbs_spacer=5-10bp;gc_cont=0.703
contig01239_1        -            279 65411at72274         -             89   0.00012   21.0   0.3   2   2   4.2e-07   0.00035   19.6   0.1    14    38   157   181   148   191 0.88 # 26 # 862 # -1 # ID=1239_1;partial=00;start_type=ATG;rbs_motif=GGAG/GAGG;rbs_spacer=5-10bp;gc_cont=0.703
contig02165_2        -             67 65411at72274         -             89   0.00015   20.7   0.0   1   1     2e-07   0.00017   20.6   0.0    13    41    19    48     8    58 0.79 # 801 # 1001 # 1 # ID=2165_2;partial=01;start_type=ATG;rbs_motif=GGAG/GAGG;rbs_spacer=5-10bp;gc_cont=0.706
contig01239_2        -            275 65411at72274         -             89    0.0031   16.5   0.0   1   1   5.7e-06    0.0048   15.9   0.0    14    52   176   217   162   240 0.70 # 862 # 1686 # -1 # ID=1239_2;partial=01;start_type=Edge;rbs_motif=None;rbs_spacer=None;gc_cont=0.710
contig01386_2        -            181 65411at72274         -             89     0.006   15.6   0.1   1   1   1.3e-05     0.011   14.8   0.1    14    40    63    89    54   109 0.87 # 586 # 1128 # 1 # ID=1386_2;partial=00;start_type=TTG;rbs_motif=GGAG/GAGG;rbs_spacer=5-10bp;gc_cont=0.665
contig00170_4        -            127 65411at72274         -             89     0.079   12.0   0.0   1   1    0.0004      0.34   10.0   0.0     6    71    27    97    22   109 0.67 # 2897 # 3277 # 1 # ID=170_4;partial=00;start_type=ATG;rbs_motif=AGGAG(G)/GGAGG;rbs_spacer=13-15bp;gc_cont=0.661
#
# Program:         hmmsearch
# Version:         3.1b2 (February 2015)
# Pipeline mode:   SEARCH
# Query file:      /home/johngn/Microbial-Genomics-Journey-Workshop-2023/Reads_session_3/busco_downloads/lineages/pseudomonadales_odb10/hmms/65411at72274.hmm
# Target file:     /home/johngn/Microbial-Genomics-Journey-Workshop-2023/Reads_session_3/busco_op4/prodigal_output/predicted_genes/predicted.faa
# Option settings: hmmsearch --domtblout /home/johngn/Microbial-Genomics-Journey-Workshop-2023/Reads_session_3/busco_op4/run_pseudomonadales_odb10/hmmer_output/65411at72274.out --cpu 1 /home/johngn/Microbial-Genomics-Journey-Workshop-2023/Reads_session_3/busco_downloads/lineages/pseudomonadales_odb10/hmms/65411at72274.hmm /home/johngn/Microbial-Genomics-Journey-Workshop-2023/Reads_session_3/busco_op4/prodigal_output/predicted_genes/predicted.faa 
# Current dir:     /home/johngn/Microbial-Genomics-Journey-Workshop-2023/Reads_session_3
# Date:            Wed Mar  8 17:01:42 2023
# [ok]
