#                                                                            --- full sequence --- -------------- this domain -------------   hmm coord   ali coord   env coord
# target name        accession   tlen query name           accession   qlen   E-value  score  bias   #  of  c-Evalue  i-Evalue  score  bias  from    to  from    to  from    to  acc description of target
#------------------- ---------- ----- -------------------- ---------- ----- --------- ------ ----- --- --- --------- --------- ------ ----- ----- ----- ----- ----- ----- ----- ---- ---------------------
contig03291_1        -            117 65661at72274         -            115   9.3e-12   43.9   0.0   1   1   1.2e-14   1.4e-11   43.3   0.0    18   100    21   114    12   116 0.79 # 3 # 353 # -1 # ID=3291_1;partial=10;start_type=ATG;rbs_motif=GGAGG;rbs_spacer=5-10bp;gc_cont=0.689
contig00202_3        -            126 65661at72274         -            115   4.6e-11   41.7   0.0   1   1   4.7e-14   5.6e-11   41.4   0.0    18   111    16   120     8   123 0.79 # 1679 # 2056 # 1 # ID=202_3;partial=00;start_type=ATG;rbs_motif=AGGAG;rbs_spacer=5-10bp;gc_cont=0.664
contig00797_2        -            118 65661at72274         -            115   5.1e-09   35.1   0.0   1   1   5.8e-12     7e-09   34.6   0.0    23   113    19   114    10   116 0.80 # 601 # 954 # -1 # ID=797_2;partial=00;start_type=ATG;rbs_motif=GGAG/GAGG;rbs_spacer=5-10bp;gc_cont=0.667
contig00521_2        -            118 65661at72274         -            115   2.1e-07   29.9   0.0   1   1   2.1e-10   2.6e-07   29.6   0.0    23    91    19    86    15   114 0.77 # 1602 # 1955 # -1 # ID=521_2;partial=00;start_type=ATG;rbs_motif=GGA/GAG/AGG;rbs_spacer=5-10bp;gc_cont=0.675
contig00178_4        -            117 65661at72274         -            115   7.4e-07   28.1   0.0   1   1   7.6e-10   9.1e-07   27.8   0.0    23   112    19   112     4   115 0.78 # 1742 # 2092 # -1 # ID=178_4;partial=00;start_type=ATG;rbs_motif=GGAG/GAGG;rbs_spacer=5-10bp;gc_cont=0.687
contig01254_2        -            166 65661at72274         -            115   2.1e-06   26.7   0.9   1   2    0.0054       6.5    5.8   0.1     5    34    21    54    18   117 0.80 # 1169 # 1666 # -1 # ID=1254_2;partial=01;start_type=Edge;rbs_motif=None;rbs_spacer=None;gc_cont=0.747
contig01254_2        -            166 65661at72274         -            115   2.1e-06   26.7   0.9   2   2     2e-07   0.00025   20.0   0.1    81   113   129   161    98   163 0.86 # 1169 # 1666 # -1 # ID=1254_2;partial=01;start_type=Edge;rbs_motif=None;rbs_spacer=None;gc_cont=0.747
contig00593_3        -             73 65661at72274         -            115    0.0003   19.7   0.0   1   1   3.1e-07   0.00037   19.4   0.0    20    61    27    73    23    73 0.81 # 2474 # 2692 # 1 # ID=593_3;partial=01;start_type=ATG;rbs_motif=AGGA;rbs_spacer=5-10bp;gc_cont=0.653
#
# Program:         hmmsearch
# Version:         3.1b2 (February 2015)
# Pipeline mode:   SEARCH
# Query file:      /home/johngn/Microbial-Genomics-Journey-Workshop-2023/Reads_session_3/busco_downloads/lineages/pseudomonadales_odb10/hmms/65661at72274.hmm
# Target file:     /home/johngn/Microbial-Genomics-Journey-Workshop-2023/Reads_session_3/busco_op4/prodigal_output/predicted_genes/predicted.faa
# Option settings: hmmsearch --domtblout /home/johngn/Microbial-Genomics-Journey-Workshop-2023/Reads_session_3/busco_op4/run_pseudomonadales_odb10/hmmer_output/65661at72274.out --cpu 1 /home/johngn/Microbial-Genomics-Journey-Workshop-2023/Reads_session_3/busco_downloads/lineages/pseudomonadales_odb10/hmms/65661at72274.hmm /home/johngn/Microbial-Genomics-Journey-Workshop-2023/Reads_session_3/busco_op4/prodigal_output/predicted_genes/predicted.faa 
# Current dir:     /home/johngn/Microbial-Genomics-Journey-Workshop-2023/Reads_session_3
# Date:            Wed Mar  8 17:01:42 2023
# [ok]
