#                                                                            --- full sequence --- -------------- this domain -------------   hmm coord   ali coord   env coord
# target name        accession   tlen query name           accession   qlen   E-value  score  bias   #  of  c-Evalue  i-Evalue  score  bias  from    to  from    to  from    to  acc description of target
#------------------- ---------- ----- -------------------- ---------- ----- --------- ------ ----- --- --- --------- --------- ------ ----- ----- ----- ----- ----- ----- ----- ---- ---------------------
contig00345_1        -            494 6653at72274          -            454  8.4e-258  854.2   2.3   1   2  3.3e-121  2.5e-118  394.5   0.4     1   181     5   185     5   192 0.98 # 3 # 1484 # -1 # ID=345_1;partial=10;start_type=ATG;rbs_motif=GGA/GAG/AGG;rbs_spacer=5-10bp;gc_cont=0.636
contig00345_1        -            494 6653at72274          -            454  8.4e-258  854.2   2.3   2   2    5e-141  3.8e-138  459.8   0.1   178   421   237   494   226   494 0.95 # 3 # 1484 # -1 # ID=345_1;partial=10;start_type=ATG;rbs_motif=GGA/GAG/AGG;rbs_spacer=5-10bp;gc_cont=0.636
contig00127_1        -            168 6653at72274          -            454     2e-26   91.6   0.0   1   1     3e-29   2.3e-26   91.3   0.0     7   154    10   161     4   167 0.89 # 1 # 504 # -1 # ID=127_1;partial=10;start_type=ATG;rbs_motif=GGA/GAG/AGG;rbs_spacer=5-10bp;gc_cont=0.655
contig01733_2        -            205 6653at72274          -            454   2.8e-22   77.9   0.1   1   1   4.1e-25   3.2e-22   77.7   0.1     3   162     3   160     1   185 0.87 # 657 # 1271 # 1 # ID=1733_2;partial=01;start_type=GTG;rbs_motif=GGA/GAG/AGG;rbs_spacer=11-12bp;gc_cont=0.650
contig01512_2        -            110 6653at72274          -            454   2.9e-18   64.6   0.1   1   1     4e-21   3.1e-18   64.6   0.1     5   116     3   108     1   110 0.92 # 1108 # 1437 # 1 # ID=1512_2;partial=01;start_type=GTG;rbs_motif=GGA/GAG/AGG;rbs_spacer=5-10bp;gc_cont=0.621
contig01208_1        -             71 6653at72274          -            454   5.4e-11   40.7   0.1   1   1   7.4e-14   5.7e-11   40.6   0.1     4    68     7    67     4    71 0.91 # 2 # 214 # -1 # ID=1208_1;partial=10;start_type=GTG;rbs_motif=GGAG/GAGG;rbs_spacer=5-10bp;gc_cont=0.596
contig02443_1        -            287 6653at72274          -            454   1.8e-10   39.0   0.1   1   1   8.3e-13   6.3e-10   37.1   0.1   188   387    69   286    58   287 0.79 # 3 # 863 # -1 # ID=2443_1;partial=11;start_type=Edge;rbs_motif=None;rbs_spacer=None;gc_cont=0.614
contig01797_1        -            405 6653at72274          -            454   4.7e-10   37.6   0.1   1   1   2.4e-12   1.9e-09   35.6   0.1   189   399    75   303    65   321 0.75 # 3 # 1217 # 1 # ID=1797_1;partial=11;start_type=Edge;rbs_motif=None;rbs_spacer=None;gc_cont=0.649
contig02197_1        -            328 6653at72274          -            454   5.4e-08   30.8   0.0   1   1   9.8e-11   7.5e-08   30.3   0.0    74   149    39   114    19   169 0.80 # 2 # 985 # 1 # ID=2197_1;partial=11;start_type=Edge;rbs_motif=None;rbs_spacer=None;gc_cont=0.668
contig00098_1        -            561 6653at72274          -            454   1.6e-06   25.9   0.1   1   1   3.2e-09   2.5e-06   25.3   0.1    17   140    34   169    21   181 0.74 # 2 # 1684 # -1 # ID=98_1;partial=10;start_type=ATG;rbs_motif=GGAG/GAGG;rbs_spacer=5-10bp;gc_cont=0.643
contig02353_1        -            116 6653at72274          -            454   1.7e-06   25.8   0.0   1   1   2.8e-09   2.1e-06   25.5   0.0    12   115    17   114     7   116 0.82 # 1 # 348 # -1 # ID=2353_1;partial=10;start_type=ATG;rbs_motif=GGA/GAG/AGG;rbs_spacer=5-10bp;gc_cont=0.595
contig02414_2        -            233 6653at72274          -            454      0.01   13.4   0.0   1   1   1.6e-05     0.013   13.1   0.0    55   127    29   102     5   138 0.78 # 180 # 878 # 1 # ID=2414_2;partial=01;start_type=GTG;rbs_motif=GGAG/GAGG;rbs_spacer=5-10bp;gc_cont=0.725
#
# Program:         hmmsearch
# Version:         3.1b2 (February 2015)
# Pipeline mode:   SEARCH
# Query file:      /home/johngn/Microbial-Genomics-Journey-Workshop-2023/Reads_session_3/busco_downloads/lineages/pseudomonadales_odb10/hmms/6653at72274.hmm
# Target file:     /home/johngn/Microbial-Genomics-Journey-Workshop-2023/Reads_session_3/busco_op4/prodigal_output/predicted_genes/predicted.faa
# Option settings: hmmsearch --domtblout /home/johngn/Microbial-Genomics-Journey-Workshop-2023/Reads_session_3/busco_op4/run_pseudomonadales_odb10/hmmer_output/6653at72274.out --cpu 1 /home/johngn/Microbial-Genomics-Journey-Workshop-2023/Reads_session_3/busco_downloads/lineages/pseudomonadales_odb10/hmms/6653at72274.hmm /home/johngn/Microbial-Genomics-Journey-Workshop-2023/Reads_session_3/busco_op4/prodigal_output/predicted_genes/predicted.faa 
# Current dir:     /home/johngn/Microbial-Genomics-Journey-Workshop-2023/Reads_session_3
# Date:            Wed Mar  8 17:01:43 2023
# [ok]
