#                                                                            --- full sequence --- -------------- this domain -------------   hmm coord   ali coord   env coord
# target name        accession   tlen query name           accession   qlen   E-value  score  bias   #  of  c-Evalue  i-Evalue  score  bias  from    to  from    to  from    to  acc description of target
#------------------- ---------- ----- -------------------- ---------- ----- --------- ------ ----- --- --- --------- --------- ------ ----- ----- ----- ----- ----- ----- ----- ---- ---------------------
contig01702_2        -             84 67453at72274         -             79   3.5e-46  154.0  12.1   1   1   4.1e-49   3.8e-46  153.9  12.1     1    79     1    82     1    82 0.96 # 427 # 678 # 1 # ID=1702_2;partial=00;start_type=ATG;rbs_motif=GGAG/GAGG;rbs_spacer=5-10bp;gc_cont=0.563
contig01008_2        -             70 67453at72274         -             79   1.7e-08   33.2  17.8   1   2   9.4e-05     0.088   11.7   6.5     1    33     1    35     1    37 0.84 # 1753 # 1962 # 1 # ID=1008_2;partial=01;start_type=ATG;rbs_motif=AGGAG/GGAGG;rbs_spacer=11-12bp;gc_cont=0.567
contig01008_2        -             70 67453at72274         -             79   1.7e-08   33.2  17.8   2   2   1.6e-09   1.5e-06   27.0   3.5     6    30    37    61    31    65 0.87 # 1753 # 1962 # 1 # ID=1008_2;partial=01;start_type=ATG;rbs_motif=AGGAG/GGAGG;rbs_spacer=11-12bp;gc_cont=0.567
contig01186_2        -            113 67453at72274         -             79   6.5e-06   25.0  16.7   1   2    0.0034       3.2    6.7   5.1    11    58    11    26     1    31 0.58 # 1318 # 1656 # -1 # ID=1186_2;partial=00;start_type=ATG;rbs_motif=GGAGG;rbs_spacer=5-10bp;gc_cont=0.649
contig01186_2        -            113 67453at72274         -             79   6.5e-06   25.0  16.7   2   2   3.5e-08   3.3e-05   22.7   3.8     6    30    37    61    31    66 0.87 # 1318 # 1656 # -1 # ID=1186_2;partial=00;start_type=ATG;rbs_motif=GGAGG;rbs_spacer=5-10bp;gc_cont=0.649
contig00024_4        -            183 67453at72274         -             79   0.00051   18.9   8.4   1   2   0.00019      0.18   10.7   1.1    49    67    68    86    60    97 0.84 # 5259 # 5807 # 1 # ID=24_4;partial=00;start_type=GTG;rbs_motif=AGGAG;rbs_spacer=5-10bp;gc_cont=0.632
contig00024_4        -            183 67453at72274         -             79   0.00051   18.9   8.4   2   2     7e-05     0.066   12.1   1.0     8    25   100   117    93   124 0.89 # 5259 # 5807 # 1 # ID=24_4;partial=00;start_type=GTG;rbs_motif=AGGAG;rbs_spacer=5-10bp;gc_cont=0.632
contig00739_2        -            310 67453at72274         -             79    0.0014   17.5   4.2   1   3     0.048        45    3.0   0.6     5    20    30    45    26    54 0.83 # 885 # 1814 # 1 # ID=739_2;partial=00;start_type=ATG;rbs_motif=GGAG/GAGG;rbs_spacer=5-10bp;gc_cont=0.657
contig00739_2        -            310 67453at72274         -             79    0.0014   17.5   4.2   2   3      0.25   2.4e+02    0.7   0.2    42    54    97   109    89   117 0.73 # 885 # 1814 # 1 # ID=739_2;partial=00;start_type=ATG;rbs_motif=GGAG/GAGG;rbs_spacer=5-10bp;gc_cont=0.657
contig00739_2        -            310 67453at72274         -             79    0.0014   17.5   4.2   3   3   1.5e-06    0.0014   17.5   4.2     7    66   127   188   122   200 0.84 # 885 # 1814 # 1 # ID=739_2;partial=00;start_type=ATG;rbs_motif=GGAG/GAGG;rbs_spacer=5-10bp;gc_cont=0.657
contig00782_1        -            758 67453at72274         -             79    0.0016   17.3   3.2   1   2   4.7e-06    0.0044   15.9   0.8     5    23   355   373   352   380 0.88 # 49 # 2322 # -1 # ID=782_1;partial=01;start_type=Edge;rbs_motif=None;rbs_spacer=None;gc_cont=0.686
contig00782_1        -            758 67453at72274         -             79    0.0016   17.3   3.2   2   2       0.4   3.8e+02    0.1   0.1     7    30   411   433   408   438 0.77 # 49 # 2322 # -1 # ID=782_1;partial=01;start_type=Edge;rbs_motif=None;rbs_spacer=None;gc_cont=0.686
contig00581_4        -            189 67453at72274         -             79     0.098   11.6  21.0   1   3      0.15   1.4e+02    1.4   0.3     9    34    49    74    42    78 0.67 # 1317 # 1883 # 1 # ID=581_4;partial=00;start_type=ATG;rbs_motif=None;rbs_spacer=None;gc_cont=0.702
contig00581_4        -            189 67453at72274         -             79     0.098   11.6  21.0   2   3   0.00042      0.39    9.6  15.0     6    59   110   159   105   161 0.81 # 1317 # 1883 # 1 # ID=581_4;partial=00;start_type=ATG;rbs_motif=None;rbs_spacer=None;gc_cont=0.702
contig00581_4        -            189 67453at72274         -             79     0.098   11.6  21.0   3   3   0.00016      0.15   11.0   5.2     1    28   135   162   135   169 0.88 # 1317 # 1883 # 1 # ID=581_4;partial=00;start_type=ATG;rbs_motif=None;rbs_spacer=None;gc_cont=0.702
contig00774_3        -             82 67453at72274         -             79       0.1   11.5   9.6   1   2    0.0037       3.4    6.6   1.3    40    62    23    45    16    54 0.67 # 2049 # 2294 # 1 # ID=774_3;partial=00;start_type=ATG;rbs_motif=GGAG/GAGG;rbs_spacer=5-10bp;gc_cont=0.642
contig00774_3        -             82 67453at72274         -             79       0.1   11.5   9.6   2   2   0.00021      0.19   10.6   1.2     5    25    53    73    49    79 0.87 # 2049 # 2294 # 1 # ID=774_3;partial=00;start_type=ATG;rbs_motif=GGAG/GAGG;rbs_spacer=5-10bp;gc_cont=0.642
contig00452_4        -            409 67453at72274         -             79      0.11   11.3   3.4   1   2     0.011        11    5.0   0.3     5    21    21    37    18    46 0.86 # 1155 # 2381 # -1 # ID=452_4;partial=00;start_type=ATG;rbs_motif=AGGAG;rbs_spacer=5-10bp;gc_cont=0.722
contig00452_4        -            409 67453at72274         -             79      0.11   11.3   3.4   2   2    0.0039       3.7    6.5   0.2     7    22    73    88    69    94 0.87 # 1155 # 2381 # -1 # ID=452_4;partial=00;start_type=ATG;rbs_motif=AGGAG;rbs_spacer=5-10bp;gc_cont=0.722
#
# Program:         hmmsearch
# Version:         3.1b2 (February 2015)
# Pipeline mode:   SEARCH
# Query file:      /home/johngn/Microbial-Genomics-Journey-Workshop-2023/Reads_session_3/busco_downloads/lineages/pseudomonadales_odb10/hmms/67453at72274.hmm
# Target file:     /home/johngn/Microbial-Genomics-Journey-Workshop-2023/Reads_session_3/busco_op4/prodigal_output/predicted_genes/predicted.faa
# Option settings: hmmsearch --domtblout /home/johngn/Microbial-Genomics-Journey-Workshop-2023/Reads_session_3/busco_op4/run_pseudomonadales_odb10/hmmer_output/67453at72274.out --cpu 1 /home/johngn/Microbial-Genomics-Journey-Workshop-2023/Reads_session_3/busco_downloads/lineages/pseudomonadales_odb10/hmms/67453at72274.hmm /home/johngn/Microbial-Genomics-Journey-Workshop-2023/Reads_session_3/busco_op4/prodigal_output/predicted_genes/predicted.faa 
# Current dir:     /home/johngn/Microbial-Genomics-Journey-Workshop-2023/Reads_session_3
# Date:            Wed Mar  8 17:01:43 2023
# [ok]
