#                                                                            --- full sequence --- -------------- this domain -------------   hmm coord   ali coord   env coord
# target name        accession   tlen query name           accession   qlen   E-value  score  bias   #  of  c-Evalue  i-Evalue  score  bias  from    to  from    to  from    to  acc description of target
#------------------- ---------- ----- -------------------- ---------- ----- --------- ------ ----- --- --- --------- --------- ------ ----- ----- ----- ----- ----- ----- ----- ---- ---------------------
contig01549_2        -            101 68174at72274         -             86   7.8e-47  156.6   0.6   1   1   6.4e-50   8.9e-47  156.4   0.6     1    86     1    92     1    92 0.95 # 833 # 1135 # 1 # ID=1549_2;partial=00;start_type=ATG;rbs_motif=AGGA;rbs_spacer=5-10bp;gc_cont=0.584
contig00008_20       -             95 68174at72274         -             86     3e-15   55.4   0.1   1   1   2.5e-18   3.5e-15   55.2   0.1     4    86     1    90     1    90 0.87 # 19874 # 20158 # -1 # ID=8_20;partial=00;start_type=ATG;rbs_motif=GGA/GAG/AGG;rbs_spacer=5-10bp;gc_cont=0.632
contig02364_2        -             91 68174at72274         -             86   4.5e-15   54.8   0.1   1   1   3.6e-18     5e-15   54.7   0.1    12    86    12    89     2    89 0.89 # 361 # 633 # 1 # ID=2364_2;partial=00;start_type=ATG;rbs_motif=GGAG/GAGG;rbs_spacer=5-10bp;gc_cont=0.630
contig02573_1        -             91 68174at72274         -             86   4.3e-13   48.5   0.0   1   1   3.2e-16   4.5e-13   48.4   0.0    16    86    16    89     1    89 0.79 # 53 # 325 # -1 # ID=2573_1;partial=00;start_type=GTG;rbs_motif=GGA/GAG/AGG;rbs_spacer=5-10bp;gc_cont=0.590
contig00516_2        -             94 68174at72274         -             86   1.3e-11   43.7   0.0   1   1     1e-14   1.5e-11   43.6   0.0     3    83     2    88     1    91 0.86 # 1278 # 1559 # 1 # ID=516_2;partial=00;start_type=ATG;rbs_motif=AGGAG;rbs_spacer=5-10bp;gc_cont=0.642
contig00007_21       -            203 68174at72274         -             86     0.012   15.0   0.0   1   3       3.1   4.4e+03   -2.8   0.0    52    74     3    25     2    28 0.65 # 12243 # 12851 # -1 # ID=7_21;partial=00;start_type=ATG;rbs_motif=None;rbs_spacer=None;gc_cont=0.553
contig00007_21       -            203 68174at72274         -             86     0.012   15.0   0.0   2   3       3.8   5.4e+03   -3.1   0.0    22    39    73    90    62    91 0.74 # 12243 # 12851 # -1 # ID=7_21;partial=00;start_type=ATG;rbs_motif=None;rbs_spacer=None;gc_cont=0.553
contig00007_21       -            203 68174at72274         -             86     0.012   15.0   0.0   3   3   4.1e-05     0.057   12.8   0.0    28    56   138   166   119   174 0.75 # 12243 # 12851 # -1 # ID=7_21;partial=00;start_type=ATG;rbs_motif=None;rbs_spacer=None;gc_cont=0.553
#
# Program:         hmmsearch
# Version:         3.1b2 (February 2015)
# Pipeline mode:   SEARCH
# Query file:      /home/johngn/Microbial-Genomics-Journey-Workshop-2023/Reads_session_3/busco_downloads/lineages/pseudomonadales_odb10/hmms/68174at72274.hmm
# Target file:     /home/johngn/Microbial-Genomics-Journey-Workshop-2023/Reads_session_3/busco_op4/prodigal_output/predicted_genes/predicted.faa
# Option settings: hmmsearch --domtblout /home/johngn/Microbial-Genomics-Journey-Workshop-2023/Reads_session_3/busco_op4/run_pseudomonadales_odb10/hmmer_output/68174at72274.out --cpu 1 /home/johngn/Microbial-Genomics-Journey-Workshop-2023/Reads_session_3/busco_downloads/lineages/pseudomonadales_odb10/hmms/68174at72274.hmm /home/johngn/Microbial-Genomics-Journey-Workshop-2023/Reads_session_3/busco_op4/prodigal_output/predicted_genes/predicted.faa 
# Current dir:     /home/johngn/Microbial-Genomics-Journey-Workshop-2023/Reads_session_3
# Date:            Wed Mar  8 17:01:43 2023
# [ok]
