#                                                                            --- full sequence --- -------------- this domain -------------   hmm coord   ali coord   env coord
# target name        accession   tlen query name           accession   qlen   E-value  score  bias   #  of  c-Evalue  i-Evalue  score  bias  from    to  from    to  from    to  acc description of target
#------------------- ---------- ----- -------------------- ---------- ----- --------- ------ ----- --- --- --------- --------- ------ ----- ----- ----- ----- ----- ----- ----- ---- ---------------------
contig02558_1        -            130 68821at72274         -            114   8.9e-38  127.7   3.8   1   1   9.6e-40   8.1e-37  124.6   3.8    35   114    46   126     1   126 0.93 # 1 # 390 # 1 # ID=2558_1;partial=10;start_type=Edge;rbs_motif=None;rbs_spacer=None;gc_cont=0.674
contig00336_2        -             83 68821at72274         -            114     5e-18   64.1   0.1   1   1   6.5e-21   5.5e-18   63.9   0.1    42   113     3    75     1    76 0.93 # 1261 # 1509 # -1 # ID=336_2;partial=00;start_type=ATG;rbs_motif=GGAG/GAGG;rbs_spacer=5-10bp;gc_cont=0.671
contig00135_2        -            608 68821at72274         -            114   1.6e-08   33.4   1.6   1   2      0.28   2.4e+02    0.7   0.0    84   104     1    21     1    24 0.85 # 762 # 2585 # -1 # ID=135_2;partial=00;start_type=ATG;rbs_motif=AGGAG;rbs_spacer=5-10bp;gc_cont=0.658
contig00135_2        -            608 68821at72274         -            114   1.6e-08   33.4   1.6   2   2   1.4e-10   1.2e-07   30.6   0.8    61   110   550   599   540   603 0.91 # 762 # 2585 # -1 # ID=135_2;partial=00;start_type=ATG;rbs_motif=AGGAG;rbs_spacer=5-10bp;gc_cont=0.658
contig00865_1        -            272 68821at72274         -            114   1.1e-07   30.8   0.1   1   1   2.3e-10   1.9e-07   30.0   0.1    61   113   212   264   183   265 0.86 # 3 # 818 # 1 # ID=865_1;partial=10;start_type=Edge;rbs_motif=None;rbs_spacer=None;gc_cont=0.730
contig02128_1        -            174 68821at72274         -            114   1.2e-06   27.5   3.4   1   3    0.0001     0.087   11.7   0.0    63   108    21    66    15    72 0.90 # 3 # 524 # -1 # ID=2128_1;partial=10;start_type=GTG;rbs_motif=AGGAG;rbs_spacer=5-10bp;gc_cont=0.648
contig02128_1        -            174 68821at72274         -            114   1.2e-06   27.5   3.4   2   3     0.011       8.9    5.3   0.2    17    49    71   103    64   127 0.82 # 3 # 524 # -1 # ID=2128_1;partial=10;start_type=GTG;rbs_motif=AGGAG;rbs_spacer=5-10bp;gc_cont=0.648
contig02128_1        -            174 68821at72274         -            114   1.2e-06   27.5   3.4   3   3   0.00014      0.12   11.3   0.3    35    98   112   174   105   174 0.80 # 3 # 524 # -1 # ID=2128_1;partial=10;start_type=GTG;rbs_motif=AGGAG;rbs_spacer=5-10bp;gc_cont=0.648
contig00914_1        -            701 68821at72274         -            114     5e-05   22.2   0.0   1   1   1.2e-07    0.0001   21.2   0.0    64   110   243   289   211   293 0.88 # 1 # 2103 # 1 # ID=914_1;partial=11;start_type=Edge;rbs_motif=None;rbs_spacer=None;gc_cont=0.708
contig00365_1        -            371 68821at72274         -            114     0.001   17.9   0.0   1   1   2.1e-06    0.0018   17.2   0.0    60   114    19    73     4    73 0.91 # 14 # 1126 # 1 # ID=365_1;partial=00;start_type=ATG;rbs_motif=GGAG/GAGG;rbs_spacer=5-10bp;gc_cont=0.719
contig00222_3        -            266 68821at72274         -            114    0.0024   16.8   2.9   1   4   5.6e-06    0.0047   15.8   0.2    65   107    25    67    17    73 0.92 # 3413 # 4210 # 1 # ID=222_3;partial=01;start_type=ATG;rbs_motif=AGGA;rbs_spacer=5-10bp;gc_cont=0.679
contig00222_3        -            266 68821at72274         -            114    0.0024   16.8   2.9   2   4       1.1   9.1e+02   -1.2   0.0    67    83   137   153   127   164 0.84 # 3413 # 4210 # 1 # ID=222_3;partial=01;start_type=ATG;rbs_motif=AGGA;rbs_spacer=5-10bp;gc_cont=0.679
contig00222_3        -            266 68821at72274         -            114    0.0024   16.8   2.9   3   4      0.57   4.8e+02   -0.3   0.2    74    83   144   153   135   204 0.59 # 3413 # 4210 # 1 # ID=222_3;partial=01;start_type=ATG;rbs_motif=AGGA;rbs_spacer=5-10bp;gc_cont=0.679
contig00222_3        -            266 68821at72274         -            114    0.0024   16.8   2.9   4   4       1.3   1.1e+03   -1.5   0.0    26    53   179   208   167   214 0.66 # 3413 # 4210 # 1 # ID=222_3;partial=01;start_type=ATG;rbs_motif=AGGA;rbs_spacer=5-10bp;gc_cont=0.679
contig02489_1        -            279 68821at72274         -            114    0.0046   15.9   0.0   1   1   1.4e-05     0.012   14.5   0.0    85   114    58    87    43    87 0.90 # 3 # 839 # 1 # ID=2489_1;partial=11;start_type=Edge;rbs_motif=None;rbs_spacer=None;gc_cont=0.685
contig01639_2        -            179 68821at72274         -            114     0.082   11.8   0.0   1   1   0.00014      0.11   11.4   0.0    64   105    26    67     6    75 0.84 # 810 # 1346 # 1 # ID=1639_2;partial=01;start_type=ATG;rbs_motif=GGAGG;rbs_spacer=5-10bp;gc_cont=0.683
#
# Program:         hmmsearch
# Version:         3.1b2 (February 2015)
# Pipeline mode:   SEARCH
# Query file:      /home/johngn/Microbial-Genomics-Journey-Workshop-2023/Reads_session_3/busco_downloads/lineages/pseudomonadales_odb10/hmms/68821at72274.hmm
# Target file:     /home/johngn/Microbial-Genomics-Journey-Workshop-2023/Reads_session_3/busco_op4/prodigal_output/predicted_genes/predicted.faa
# Option settings: hmmsearch --domtblout /home/johngn/Microbial-Genomics-Journey-Workshop-2023/Reads_session_3/busco_op4/run_pseudomonadales_odb10/hmmer_output/68821at72274.out --cpu 1 /home/johngn/Microbial-Genomics-Journey-Workshop-2023/Reads_session_3/busco_downloads/lineages/pseudomonadales_odb10/hmms/68821at72274.hmm /home/johngn/Microbial-Genomics-Journey-Workshop-2023/Reads_session_3/busco_op4/prodigal_output/predicted_genes/predicted.faa 
# Current dir:     /home/johngn/Microbial-Genomics-Journey-Workshop-2023/Reads_session_3
# Date:            Wed Mar  8 17:01:44 2023
# [ok]
