#                                                                            --- full sequence --- -------------- this domain -------------   hmm coord   ali coord   env coord
# target name        accession   tlen query name           accession   qlen   E-value  score  bias   #  of  c-Evalue  i-Evalue  score  bias  from    to  from    to  from    to  acc description of target
#------------------- ---------- ----- -------------------- ---------- ----- --------- ------ ----- --- --- --------- --------- ------ ----- ----- ----- ----- ----- ----- ----- ---- ---------------------
contig00316_2        -            618 7044at72274          -            498  1.3e-273  907.0  38.4   1   3   5.8e-83   1.2e-79  267.3   5.8     1   160     8   179     8   196 0.90 # 1279 # 3132 # -1 # ID=316_2;partial=00;start_type=ATG;rbs_motif=GGA/GAG/AGG;rbs_spacer=5-10bp;gc_cont=0.628
contig00316_2        -            618 7044at72274          -            498  1.3e-273  907.0  38.4   2   3   1.6e-17   3.4e-14   51.4   7.7   150   246   196   323   191   342 0.76 # 1279 # 3132 # -1 # ID=316_2;partial=00;start_type=ATG;rbs_motif=GGA/GAG/AGG;rbs_spacer=5-10bp;gc_cont=0.628
contig00316_2        -            618 7044at72274          -            498  1.3e-273  907.0  38.4   3   3  2.3e-183  4.9e-180  598.4  10.6   234   498   353   617   329   617 0.96 # 1279 # 3132 # -1 # ID=316_2;partial=00;start_type=ATG;rbs_motif=GGA/GAG/AGG;rbs_spacer=5-10bp;gc_cont=0.628
contig01360_1        -            335 7044at72274          -            498   1.4e-67  227.5   0.6   1   2    0.0021       4.4    4.9   0.0    81   115    55    89    36    93 0.86 # 133 # 1137 # -1 # ID=1360_1;partial=00;start_type=ATG;rbs_motif=GGA/GAG/AGG;rbs_spacer=5-10bp;gc_cont=0.613
contig01360_1        -            335 7044at72274          -            498   1.4e-67  227.5   0.6   2   2   1.5e-68   3.2e-65  219.7   1.5   261   485    96   320    92   330 0.98 # 133 # 1137 # -1 # ID=1360_1;partial=00;start_type=ATG;rbs_motif=GGA/GAG/AGG;rbs_spacer=5-10bp;gc_cont=0.613
contig02021_2        -            261 7044at72274          -            498   2.6e-17   61.7   0.2   1   1   1.8e-20   3.8e-17   61.1   0.2   260   344    50   134    44   259 0.66 # 294 # 1076 # 1 # ID=2021_2;partial=01;start_type=ATG;rbs_motif=GGAGG;rbs_spacer=5-10bp;gc_cont=0.631
contig00358_3        -            240 7044at72274          -            498   3.5e-08   31.6   0.1   1   1   1.2e-10   2.4e-07   28.8   0.1   255   484     5   230     2   238 0.80 # 1405 # 2124 # 1 # ID=358_3;partial=00;start_type=ATG;rbs_motif=GGAG/GAGG;rbs_spacer=5-10bp;gc_cont=0.643
#
# Program:         hmmsearch
# Version:         3.1b2 (February 2015)
# Pipeline mode:   SEARCH
# Query file:      /home/johngn/Microbial-Genomics-Journey-Workshop-2023/Reads_session_3/busco_downloads/lineages/pseudomonadales_odb10/hmms/7044at72274.hmm
# Target file:     /home/johngn/Microbial-Genomics-Journey-Workshop-2023/Reads_session_3/busco_op4/prodigal_output/predicted_genes/predicted.faa
# Option settings: hmmsearch --domtblout /home/johngn/Microbial-Genomics-Journey-Workshop-2023/Reads_session_3/busco_op4/run_pseudomonadales_odb10/hmmer_output/7044at72274.out --cpu 1 /home/johngn/Microbial-Genomics-Journey-Workshop-2023/Reads_session_3/busco_downloads/lineages/pseudomonadales_odb10/hmms/7044at72274.hmm /home/johngn/Microbial-Genomics-Journey-Workshop-2023/Reads_session_3/busco_op4/prodigal_output/predicted_genes/predicted.faa 
# Current dir:     /home/johngn/Microbial-Genomics-Journey-Workshop-2023/Reads_session_3
# Date:            Wed Mar  8 17:01:44 2023
# [ok]
