#                                                                            --- full sequence --- -------------- this domain -------------   hmm coord   ali coord   env coord
# target name        accession   tlen query name           accession   qlen   E-value  score  bias   #  of  c-Evalue  i-Evalue  score  bias  from    to  from    to  from    to  acc description of target
#------------------- ---------- ----- -------------------- ---------- ----- --------- ------ ----- --- --- --------- --------- ------ ----- ----- ----- ----- ----- ----- ----- ---- ---------------------
contig00428_2        -             93 70568at72274         -             82   3.6e-40  135.2   0.8   1   1   6.1e-43   4.3e-40  135.0   0.8     8    82    15    92     5    92 0.90 # 1683 # 1961 # -1 # ID=428_2;partial=00;start_type=GTG;rbs_motif=GGA/GAG/AGG;rbs_spacer=5-10bp;gc_cont=0.595
contig00048_2        -            442 70568at72274         -             82   2.6e-05   23.5   0.0   1   1   1.3e-07   9.2e-05   21.7   0.0    40    81   399   440   394   441 0.94 # 1274 # 2599 # -1 # ID=48_2;partial=00;start_type=ATG;rbs_motif=GGA/GAG/AGG;rbs_spacer=5-10bp;gc_cont=0.683
contig03160_1        -             67 70568at72274         -             82   0.00012   21.3   0.0   1   1   1.9e-07   0.00014   21.2   0.0    33    80     7    54     3    56 0.87 # 369 # 569 # -1 # ID=3160_1;partial=01;start_type=Edge;rbs_motif=None;rbs_spacer=None;gc_cont=0.672
contig00737_2        -            377 70568at72274         -             82   0.00023   20.4   0.0   1   1   6.9e-07   0.00049   19.4   0.0    20    76   295   350   281   355 0.81 # 972 # 2102 # -1 # ID=737_2;partial=00;start_type=ATG;rbs_motif=None;rbs_spacer=None;gc_cont=0.678
contig02882_1        -             42 70568at72274         -             82   0.00054   19.3   0.1   1   1   7.8e-07   0.00055   19.3   0.1    42    80     1    39     1    41 0.93 # 3 # 128 # 1 # ID=2882_1;partial=10;start_type=Edge;rbs_motif=None;rbs_spacer=None;gc_cont=0.667
contig00086_4        -            187 70568at72274         -             82    0.0039   16.5   0.0   1   1   1.2e-05    0.0086   15.4   0.0    47    78   150   181   142   184 0.92 # 2921 # 3481 # 1 # ID=86_4;partial=00;start_type=ATG;rbs_motif=GGAG/GAGG;rbs_spacer=5-10bp;gc_cont=0.674
contig00625_1        -            191 70568at72274         -             82     0.016   14.6   0.0   1   1   3.6e-05     0.025   13.9   0.0    41    81   136   176   130   177 0.92 # 3 # 575 # 1 # ID=625_1;partial=10;start_type=Edge;rbs_motif=None;rbs_spacer=None;gc_cont=0.682
contig00500_2        -            644 70568at72274         -             82     0.018   14.4   0.0   1   1   5.8e-05     0.041   13.3   0.0    40    81   597   638   595   639 0.87 # 724 # 2655 # -1 # ID=500_2;partial=00;start_type=ATG;rbs_motif=GGAG/GAGG;rbs_spacer=5-10bp;gc_cont=0.711
contig00433_1        -            362 70568at72274         -             82     0.023   14.0   0.0   1   1   6.4e-05     0.045   13.1   0.0    32    78   301   343   279   347 0.80 # 160 # 1245 # -1 # ID=433_1;partial=00;start_type=ATG;rbs_motif=GGA/GAG/AGG;rbs_spacer=5-10bp;gc_cont=0.692
contig00388_2        -            450 70568at72274         -             82     0.029   13.7   0.0   1   3       9.5   6.7e+03   -3.5   0.0    44    65   151   172   148   175 0.74 # 1277 # 2626 # -1 # ID=388_2;partial=00;start_type=ATG;rbs_motif=AGGA/GGAG/GAGG;rbs_spacer=11-12bp;gc_cont=0.668
contig00388_2        -            450 70568at72274         -             82     0.029   13.7   0.0   2   3       8.6   6.1e+03   -3.3   0.0    60    79   321   340   319   341 0.73 # 1277 # 2626 # -1 # ID=388_2;partial=00;start_type=ATG;rbs_motif=AGGA/GGAG/GAGG;rbs_spacer=11-12bp;gc_cont=0.668
contig00388_2        -            450 70568at72274         -             82     0.029   13.7   0.0   3   3   0.00018      0.13   11.7   0.0    37    81   406   449   404   449 0.89 # 1277 # 2626 # -1 # ID=388_2;partial=00;start_type=ATG;rbs_motif=AGGA/GGAG/GAGG;rbs_spacer=11-12bp;gc_cont=0.668
contig01979_1        -             41 70568at72274         -             82     0.041   13.2   0.1   1   1   6.4e-05     0.045   13.1   0.1    56    78     2    24     1    28 0.89 # 2 # 124 # 1 # ID=1979_1;partial=10;start_type=Edge;rbs_motif=None;rbs_spacer=None;gc_cont=0.610
contig00259_1        -            467 70568at72274         -             82     0.042   13.2   0.2   1   1   0.00011     0.075   12.4   0.2    39    80   416   457   412   459 0.91 # 63 # 1463 # -1 # ID=259_1;partial=00;start_type=ATG;rbs_motif=GGAG/GAGG;rbs_spacer=5-10bp;gc_cont=0.700
#
# Program:         hmmsearch
# Version:         3.1b2 (February 2015)
# Pipeline mode:   SEARCH
# Query file:      /home/johngn/Microbial-Genomics-Journey-Workshop-2023/Reads_session_3/busco_downloads/lineages/pseudomonadales_odb10/hmms/70568at72274.hmm
# Target file:     /home/johngn/Microbial-Genomics-Journey-Workshop-2023/Reads_session_3/busco_op4/prodigal_output/predicted_genes/predicted.faa
# Option settings: hmmsearch --domtblout /home/johngn/Microbial-Genomics-Journey-Workshop-2023/Reads_session_3/busco_op4/run_pseudomonadales_odb10/hmmer_output/70568at72274.out --cpu 1 /home/johngn/Microbial-Genomics-Journey-Workshop-2023/Reads_session_3/busco_downloads/lineages/pseudomonadales_odb10/hmms/70568at72274.hmm /home/johngn/Microbial-Genomics-Journey-Workshop-2023/Reads_session_3/busco_op4/prodigal_output/predicted_genes/predicted.faa 
# Current dir:     /home/johngn/Microbial-Genomics-Journey-Workshop-2023/Reads_session_3
# Date:            Wed Mar  8 17:01:44 2023
# [ok]
