#                                                                            --- full sequence --- -------------- this domain -------------   hmm coord   ali coord   env coord
# target name        accession   tlen query name           accession   qlen   E-value  score  bias   #  of  c-Evalue  i-Evalue  score  bias  from    to  from    to  from    to  acc description of target
#------------------- ---------- ----- -------------------- ---------- ----- --------- ------ ----- --- --- --------- --------- ------ ----- ----- ----- ----- ----- ----- ----- ---- ---------------------
contig00703_1        -            257 7643at72274          -            442  3.4e-121  403.9   0.5   1   1  3.1e-124  4.4e-121  403.6   0.5   238   421     1   188     1   213 0.96 # 1 # 771 # 1 # ID=703_1;partial=10;start_type=Edge;rbs_motif=None;rbs_spacer=None;gc_cont=0.624
contig00971_5        -             89 7643at72274          -            442   4.5e-38  130.0   1.0   1   1   3.5e-41   4.9e-38  129.9   1.0     1    78     1    87     1    89 0.92 # 1747 # 2013 # 1 # ID=971_5;partial=01;start_type=ATG;rbs_motif=GGA/GAG/AGG;rbs_spacer=5-10bp;gc_cont=0.592
contig00273_1        -            430 7643at72274          -            442   2.4e-29  101.2   0.0   1   1   1.1e-31   1.6e-28   98.5   0.0    78   381    77   378    54   410 0.86 # 151 # 1440 # 1 # ID=273_1;partial=00;start_type=ATG;rbs_motif=None;rbs_spacer=None;gc_cont=0.692
contig00469_4        -            404 7643at72274          -            442   1.6e-23   82.0   0.1   1   1   1.6e-26   2.2e-23   81.5   0.1    88   284    55   260    49   322 0.84 # 1799 # 3010 # -1 # ID=469_4;partial=01;start_type=Edge;rbs_motif=None;rbs_spacer=None;gc_cont=0.691
contig00703_3        -            245 7643at72274          -            442   3.8e-17   61.0   0.4   1   2     0.095   1.3e+02   -0.1   0.0    96   119     4    27     2    57 0.82 # 1713 # 2447 # 1 # ID=703_3;partial=01;start_type=ATG;rbs_motif=GGAG/GAGG;rbs_spacer=5-10bp;gc_cont=0.614
contig00703_3        -            245 7643at72274          -            442   3.8e-17   61.0   0.4   2   2   8.8e-20   1.2e-16   59.3   0.1    74   243    61   243    33   245 0.83 # 1713 # 2447 # 1 # ID=703_3;partial=01;start_type=ATG;rbs_motif=GGAG/GAGG;rbs_spacer=5-10bp;gc_cont=0.614
contig02759_1        -            198 7643at72274          -            442     0.087   10.4   0.1   1   1   8.6e-05      0.12    9.9   0.1   137   165   160   188   154   197 0.86 # 130 # 723 # 1 # ID=2759_1;partial=01;start_type=ATG;rbs_motif=None;rbs_spacer=None;gc_cont=0.608
#
# Program:         hmmsearch
# Version:         3.1b2 (February 2015)
# Pipeline mode:   SEARCH
# Query file:      /home/johngn/Microbial-Genomics-Journey-Workshop-2023/Reads_session_3/busco_downloads/lineages/pseudomonadales_odb10/hmms/7643at72274.hmm
# Target file:     /home/johngn/Microbial-Genomics-Journey-Workshop-2023/Reads_session_3/busco_op4/prodigal_output/predicted_genes/predicted.faa
# Option settings: hmmsearch --domtblout /home/johngn/Microbial-Genomics-Journey-Workshop-2023/Reads_session_3/busco_op4/run_pseudomonadales_odb10/hmmer_output/7643at72274.out --cpu 1 /home/johngn/Microbial-Genomics-Journey-Workshop-2023/Reads_session_3/busco_downloads/lineages/pseudomonadales_odb10/hmms/7643at72274.hmm /home/johngn/Microbial-Genomics-Journey-Workshop-2023/Reads_session_3/busco_op4/prodigal_output/predicted_genes/predicted.faa 
# Current dir:     /home/johngn/Microbial-Genomics-Journey-Workshop-2023/Reads_session_3
# Date:            Wed Mar  8 17:01:45 2023
# [ok]
