#                                                                            --- full sequence --- -------------- this domain -------------   hmm coord   ali coord   env coord
# target name        accession   tlen query name           accession   qlen   E-value  score  bias   #  of  c-Evalue  i-Evalue  score  bias  from    to  from    to  from    to  acc description of target
#------------------- ---------- ----- -------------------- ---------- ----- --------- ------ ----- --- --- --------- --------- ------ ----- ----- ----- ----- ----- ----- ----- ---- ---------------------
contig00181_2        -            655 8435at72274          -            458  9.5e-161  534.5   0.1   1   5   3.2e-94     5e-92  308.0   0.0     1   207     7   233     7   235 0.93 # 1103 # 3067 # -1 # ID=181_2;partial=00;start_type=ATG;rbs_motif=GGA/GAG/AGG;rbs_spacer=5-10bp;gc_cont=0.735
contig00181_2        -            655 8435at72274          -            458  9.5e-161  534.5   0.1   2   5   2.1e-28   3.4e-26   91.0   0.1   207   282   256   333   250   345 0.94 # 1103 # 3067 # -1 # ID=181_2;partial=00;start_type=ATG;rbs_motif=GGA/GAG/AGG;rbs_spacer=5-10bp;gc_cont=0.735
contig00181_2        -            655 8435at72274          -            458  9.5e-161  534.5   0.1   3   5     0.003      0.48    8.0   0.0   264   310   354   402   334   420 0.67 # 1103 # 3067 # -1 # ID=181_2;partial=00;start_type=ATG;rbs_motif=GGA/GAG/AGG;rbs_spacer=5-10bp;gc_cont=0.735
contig00181_2        -            655 8435at72274          -            458  9.5e-161  534.5   0.1   4   5   2.6e-19   4.2e-17   61.0   0.0   331   409   462   569   457   580 0.82 # 1103 # 3067 # -1 # ID=181_2;partial=00;start_type=ATG;rbs_motif=GGA/GAG/AGG;rbs_spacer=5-10bp;gc_cont=0.735
contig00181_2        -            655 8435at72274          -            458  9.5e-161  534.5   0.1   5   5   7.4e-19   1.2e-16   59.5   0.0   409   458   597   646   593   646 0.96 # 1103 # 3067 # -1 # ID=181_2;partial=00;start_type=ATG;rbs_motif=GGA/GAG/AGG;rbs_spacer=5-10bp;gc_cont=0.735
contig00178_5        -            417 8435at72274          -            458   7.2e-10   37.1   0.3   1   2     6e-07   9.6e-05   20.2   0.1   206   238     2    34     1    60 0.88 # 2118 # 3368 # -1 # ID=178_5;partial=00;start_type=ATG;rbs_motif=GGA/GAG/AGG;rbs_spacer=11-12bp;gc_cont=0.716
contig00178_5        -            417 8435at72274          -            458   7.2e-10   37.1   0.3   2   2   2.4e-05    0.0038   15.0   0.0   390   439   349   400   343   408 0.88 # 2118 # 3368 # -1 # ID=178_5;partial=00;start_type=ATG;rbs_motif=GGA/GAG/AGG;rbs_spacer=11-12bp;gc_cont=0.716
contig00797_3        -            433 8435at72274          -            458   5.5e-09   34.2   0.1   1   2   3.9e-05    0.0062   14.3   0.1   208   244     2    40     1    50 0.85 # 929 # 2227 # -1 # ID=797_3;partial=00;start_type=ATG;rbs_motif=GGAGG;rbs_spacer=5-10bp;gc_cont=0.666
contig00797_3        -            433 8435at72274          -            458   5.5e-09   34.2   0.1   2   2   3.7e-06   0.00059   17.6   0.0   391   444   353   408   328   416 0.87 # 929 # 2227 # -1 # ID=797_3;partial=00;start_type=ATG;rbs_motif=GGAGG;rbs_spacer=5-10bp;gc_cont=0.666
contig02494_1        -            279 8435at72274          -            458   3.1e-08   31.8   0.1   1   2   1.6e-09   2.6e-07   28.7   0.0   200   256   104   159    64   190 0.87 # 1 # 837 # 1 # ID=2494_1;partial=11;start_type=Edge;rbs_motif=None;rbs_spacer=None;gc_cont=0.703
contig02494_1        -            279 8435at72274          -            458   3.1e-08   31.8   0.1   2   2      0.48        76    0.8   0.0   206   231   244   269   232   277 0.84 # 1 # 837 # 1 # ID=2494_1;partial=11;start_type=Edge;rbs_motif=None;rbs_spacer=None;gc_cont=0.703
contig00032_5        -            418 8435at72274          -            458   1.8e-07   29.2   0.2   1   2    0.0006     0.096   10.3   0.2   205   238     3    37     1    53 0.78 # 3282 # 4535 # -1 # ID=32_5;partial=00;start_type=ATG;rbs_motif=GGA/GAG/AGG;rbs_spacer=5-10bp;gc_cont=0.688
contig00032_5        -            418 8435at72274          -            458   1.8e-07   29.2   0.2   2   2   7.3e-06    0.0012   16.7   0.0   378   444   327   397   305   411 0.82 # 3282 # 4535 # -1 # ID=32_5;partial=00;start_type=ATG;rbs_motif=GGA/GAG/AGG;rbs_spacer=5-10bp;gc_cont=0.688
contig02079_1        -            351 8435at72274          -            458     2e-07   29.1   0.5   1   1     2e-09   3.2e-07   28.4   0.5   208   265    36    94    30   104 0.89 # 2 # 1054 # 1 # ID=2079_1;partial=11;start_type=Edge;rbs_motif=None;rbs_spacer=None;gc_cont=0.689
contig02479_2        -             80 8435at72274          -            458   2.6e-07   28.7   0.1   1   1   1.7e-09   2.7e-07   28.6   0.1   207   245    40    79    25    80 0.87 # 605 # 844 # 1 # ID=2479_2;partial=01;start_type=ATG;rbs_motif=GGAG/GAGG;rbs_spacer=5-10bp;gc_cont=0.654
contig00830_2        -            417 8435at72274          -            458   2.9e-07   28.5   0.0   1   2     0.031         5    4.7   0.0   208   242    34    70     5   110 0.84 # 296 # 1546 # 1 # ID=830_2;partial=00;start_type=ATG;rbs_motif=AGGAG;rbs_spacer=5-10bp;gc_cont=0.671
contig00830_2        -            417 8435at72274          -            458   2.9e-07   28.5   0.0   2   2   3.2e-07     5e-05   21.2   0.0   370   444   315   393   263   402 0.83 # 296 # 1546 # 1 # ID=830_2;partial=00;start_type=ATG;rbs_motif=AGGAG;rbs_spacer=5-10bp;gc_cont=0.671
contig01229_1        -            336 8435at72274          -            458   8.1e-07   27.1   0.1   1   1   8.9e-09   1.4e-06   26.3   0.1   208   243    29    64    24    77 0.87 # 3 # 1010 # -1 # ID=1229_1;partial=10;start_type=ATG;rbs_motif=GGAG/GAGG;rbs_spacer=5-10bp;gc_cont=0.667
contig00266_2        -            428 8435at72274          -            458   1.1e-06   26.6   0.1   1   2     5e-07     8e-05   20.5   0.0   208   248    31    72    21    87 0.89 # 809 # 2092 # -1 # ID=266_2;partial=00;start_type=ATG;rbs_motif=GGAG/GAGG;rbs_spacer=5-10bp;gc_cont=0.658
contig00266_2        -            428 8435at72274          -            458   1.1e-06   26.6   0.1   2   2     0.056       8.8    3.9   0.0   401   439   348   387   324   392 0.89 # 809 # 2092 # -1 # ID=266_2;partial=00;start_type=ATG;rbs_motif=GGAG/GAGG;rbs_spacer=5-10bp;gc_cont=0.658
contig00031_11       -            189 8435at72274          -            458   2.4e-06   25.5   0.0   1   1   1.9e-08   3.1e-06   25.2   0.0   206   251     2    48     1    77 0.87 # 8785 # 9351 # 1 # ID=31_11;partial=01;start_type=GTG;rbs_motif=AGGAG;rbs_spacer=5-10bp;gc_cont=0.683
contig02282_1        -            186 8435at72274          -            458   2.7e-06   25.3   0.0   1   1   2.2e-08   3.5e-06   25.0   0.0   386   444   107   168    65   177 0.81 # 2 # 559 # 1 # ID=2282_1;partial=10;start_type=Edge;rbs_motif=None;rbs_spacer=None;gc_cont=0.722
contig00874_4        -             58 8435at72274          -            458   3.8e-06   24.9   1.1   1   1   2.4e-08   3.9e-06   24.8   1.1   205   241     2    38     1    47 0.89 # 1987 # 2160 # 1 # ID=874_4;partial=01;start_type=GTG;rbs_motif=GGAG/GAGG;rbs_spacer=5-10bp;gc_cont=0.678
contig01110_1        -            387 8435at72274          -            458   4.9e-06   24.5   0.7   1   1   5.3e-08   8.4e-06   23.7   0.7   208   249    39    81    33    91 0.90 # 1 # 1161 # -1 # ID=1110_1;partial=10;start_type=ATG;rbs_motif=AGGA;rbs_spacer=5-10bp;gc_cont=0.683
contig00572_2        -            349 8435at72274          -            458   1.3e-05   23.1   0.1   1   1   1.1e-07   1.8e-05   22.6   0.1   208   261     7    60     3    81 0.91 # 1698 # 2744 # 1 # ID=572_2;partial=01;start_type=ATG;rbs_motif=GGA/GAG/AGG;rbs_spacer=5-10bp;gc_cont=0.728
contig00712_2        -            429 8435at72274          -            458   2.7e-05   22.0   0.5   1   2   6.5e-07    0.0001   20.1   0.6   208   252    30    75    22    79 0.93 # 252 # 1538 # -1 # ID=712_2;partial=00;start_type=ATG;rbs_motif=GGAG/GAGG;rbs_spacer=5-10bp;gc_cont=0.677
contig00712_2        -            429 8435at72274          -            458   2.7e-05   22.0   0.5   2   2       2.7   4.2e+02   -1.7   0.0   391   443   338   394   318   407 0.67 # 252 # 1538 # -1 # ID=712_2;partial=00;start_type=ATG;rbs_motif=GGAG/GAGG;rbs_spacer=5-10bp;gc_cont=0.677
contig03289_1        -            140 8435at72274          -            458     3e-05   21.9   0.1   1   1   2.3e-07   3.6e-05   21.6   0.1   208   270    16    79     7    92 0.88 # 95 # 514 # 1 # ID=3289_1;partial=01;start_type=ATG;rbs_motif=GGA/GAG/AGG;rbs_spacer=5-10bp;gc_cont=0.690
contig00158_5        -            601 8435at72274          -            458   5.7e-05   21.0   0.2   1   2   2.1e-06   0.00033   18.5   0.1   207   240   391   424   376   433 0.89 # 3085 # 4887 # 1 # ID=158_5;partial=01;start_type=ATG;rbs_motif=GGAG/GAGG;rbs_spacer=5-10bp;gc_cont=0.663
contig00158_5        -            601 8435at72274          -            458   5.7e-05   21.0   0.2   2   2      0.99   1.6e+02   -0.2   0.0   217   238   528   549   517   560 0.87 # 3085 # 4887 # 1 # ID=158_5;partial=01;start_type=ATG;rbs_motif=GGAG/GAGG;rbs_spacer=5-10bp;gc_cont=0.663
contig02882_2        -            165 8435at72274          -            458   9.5e-05   20.3   0.0   1   1   7.3e-07   0.00012   20.0   0.0   359   438    66   149    53   160 0.82 # 174 # 668 # -1 # ID=2882_2;partial=01;start_type=Edge;rbs_motif=None;rbs_spacer=None;gc_cont=0.677
contig01220_2        -            298 8435at72274          -            458   0.00013   19.8   0.5   1   2   8.4e-07   0.00013   19.8   0.5   208   238     2    32     1    42 0.88 # 806 # 1699 # -1 # ID=1220_2;partial=01;start_type=Edge;rbs_motif=None;rbs_spacer=None;gc_cont=0.726
contig01220_2        -            298 8435at72274          -            458   0.00013   19.8   0.5   2   2       6.8   1.1e+03   -3.0   0.0   320   340   241   262   228   266 0.79 # 806 # 1699 # -1 # ID=1220_2;partial=01;start_type=Edge;rbs_motif=None;rbs_spacer=None;gc_cont=0.726
contig01217_2        -            328 8435at72274          -            458   0.00018   19.3   0.0   1   1   1.4e-06   0.00022   19.0   0.0   209   242     5    38     1    96 0.90 # 402 # 1385 # -1 # ID=1217_2;partial=00;start_type=ATG;rbs_motif=GGAG/GAGG;rbs_spacer=5-10bp;gc_cont=0.695
contig00406_2        -            430 8435at72274          -            458   0.00019   19.2   0.2   1   1   1.8e-06   0.00028   18.7   0.2   208   247    34    74    21    82 0.90 # 684 # 1973 # 1 # ID=406_2;partial=00;start_type=ATG;rbs_motif=GGAGG;rbs_spacer=5-10bp;gc_cont=0.696
contig00593_2        -            451 8435at72274          -            458   0.00028   18.7   0.1   1   2   0.00045     0.072   10.8   0.0   205   243    18    56     4    68 0.86 # 1122 # 2474 # 1 # ID=593_2;partial=00;start_type=ATG;rbs_motif=GGAG/GAGG;rbs_spacer=5-10bp;gc_cont=0.696
contig00593_2        -            451 8435at72274          -            458   0.00028   18.7   0.1   2   2     0.015       2.4    5.8   0.0   208   234   181   207   171   213 0.90 # 1122 # 2474 # 1 # ID=593_2;partial=00;start_type=ATG;rbs_motif=GGAG/GAGG;rbs_spacer=5-10bp;gc_cont=0.696
contig02282_3        -             52 8435at72274          -            458   0.00033   18.5   0.3   1   1   2.1e-06   0.00033   18.5   0.3   208   243     6    41     1    47 0.91 # 789 # 944 # 1 # ID=2282_3;partial=01;start_type=ATG;rbs_motif=GGAG/GAGG;rbs_spacer=5-10bp;gc_cont=0.782
contig01620_1        -             74 8435at72274          -            458   0.00034   18.4   0.1   1   1   2.2e-06   0.00035   18.4   0.1   208   246    23    62    10    72 0.84 # 2 # 223 # -1 # ID=1620_1;partial=10;start_type=ATG;rbs_motif=AGGA;rbs_spacer=5-10bp;gc_cont=0.725
contig00019_7        -            563 8435at72274          -            458   0.00037   18.3   3.0   1   2   0.00056     0.089   10.5   1.4   205   249    98   142    88   161 0.85 # 4472 # 6160 # -1 # ID=19_7;partial=00;start_type=ATG;rbs_motif=GGAG/GAGG;rbs_spacer=5-10bp;gc_cont=0.690
contig00019_7        -            563 8435at72274          -            458   0.00037   18.3   3.0   2   2    0.0059      0.94    7.1   0.0   208   238   273   303   265   309 0.91 # 4472 # 6160 # -1 # ID=19_7;partial=00;start_type=ATG;rbs_motif=GGAG/GAGG;rbs_spacer=5-10bp;gc_cont=0.690
contig00292_2        -            406 8435at72274          -            458   0.00041   18.1   0.1   1   3   2.5e-05     0.004   14.9   0.0   208   266     4    62     1    76 0.92 # 552 # 1769 # 1 # ID=292_2;partial=00;start_type=ATG;rbs_motif=GGAG/GAGG;rbs_spacer=5-10bp;gc_cont=0.714
contig00292_2        -            406 8435at72274          -            458   0.00041   18.1   0.1   2   3      0.58        92    0.5   0.0   409   446    83   118    79   127 0.81 # 552 # 1769 # 1 # ID=292_2;partial=00;start_type=ATG;rbs_motif=GGAG/GAGG;rbs_spacer=5-10bp;gc_cont=0.714
contig00292_2        -            406 8435at72274          -            458   0.00041   18.1   0.1   3   3       9.6   1.5e+03   -3.5   0.0   404   439   290   327   287   343 0.58 # 552 # 1769 # 1 # ID=292_2;partial=00;start_type=ATG;rbs_motif=GGAG/GAGG;rbs_spacer=5-10bp;gc_cont=0.714
contig01130_2        -            369 8435at72274          -            458   0.00046   18.0   0.2   1   1     4e-06   0.00063   17.5   0.2   208   243     5    40     1    63 0.83 # 85 # 1191 # 1 # ID=1130_2;partial=00;start_type=ATG;rbs_motif=None;rbs_spacer=None;gc_cont=0.724
contig02687_1        -            253 8435at72274          -            458    0.0011   16.7   0.0   1   2   1.2e-05    0.0019   15.9   0.0   205   242    80   117    49   174 0.84 # 3 # 761 # -1 # ID=2687_1;partial=11;start_type=Edge;rbs_motif=None;rbs_spacer=None;gc_cont=0.660
contig02687_1        -            253 8435at72274          -            458    0.0011   16.7   0.0   2   2       6.7   1.1e+03   -3.0   0.0   192   218   204   233   201   246 0.67 # 3 # 761 # -1 # ID=2687_1;partial=11;start_type=Edge;rbs_motif=None;rbs_spacer=None;gc_cont=0.660
contig01846_1        -            173 8435at72274          -            458    0.0012   16.7   0.1   1   1   1.1e-05    0.0018   16.1   0.1   209   239     3    33     1    42 0.90 # 3 # 521 # -1 # ID=1846_1;partial=10;start_type=ATG;rbs_motif=GGAGG;rbs_spacer=5-10bp;gc_cont=0.696
contig00832_1        -            348 8435at72274          -            458    0.0014   16.4   0.1   1   2         9   1.4e+03   -3.4   0.0   208   223     5    20     2    27 0.80 # 3 # 1046 # -1 # ID=832_1;partial=10;start_type=ATG;rbs_motif=AGGAG;rbs_spacer=5-10bp;gc_cont=0.661
contig00832_1        -            348 8435at72274          -            458    0.0014   16.4   0.1   2   2   1.8e-05    0.0029   15.3   0.1   207   236   146   175   133   221 0.90 # 3 # 1046 # -1 # ID=832_1;partial=10;start_type=ATG;rbs_motif=AGGAG;rbs_spacer=5-10bp;gc_cont=0.661
contig02516_2        -            176 8435at72274          -            458    0.0026   15.5   0.1   1   1   2.1e-05    0.0033   15.2   0.1   208   239     5    35     1    54 0.77 # 304 # 831 # 1 # ID=2516_2;partial=01;start_type=ATG;rbs_motif=AGGAG;rbs_spacer=5-10bp;gc_cont=0.697
contig00208_2        -            649 8435at72274          -            458    0.0029   15.4   0.4   1   1   2.8e-05    0.0045   14.7   0.4   206   251   384   429   373   456 0.84 # 463 # 2409 # 1 # ID=208_2;partial=00;start_type=GTG;rbs_motif=AGGA;rbs_spacer=5-10bp;gc_cont=0.707
contig01264_1        -            467 8435at72274          -            458    0.0033   15.2   1.2   1   2     0.035       5.6    4.5   0.2   206   243     3    41     1    62 0.80 # 63 # 1463 # 1 # ID=1264_1;partial=00;start_type=ATG;rbs_motif=AGGAG;rbs_spacer=5-10bp;gc_cont=0.695
contig01264_1        -            467 8435at72274          -            458    0.0033   15.2   1.2   2   2    0.0011      0.18    9.5   0.0   206   237   174   205   163   231 0.81 # 63 # 1463 # 1 # ID=1264_1;partial=00;start_type=ATG;rbs_motif=AGGAG;rbs_spacer=5-10bp;gc_cont=0.695
contig01809_2        -            166 8435at72274          -            458    0.0042   14.8   0.2   1   1   3.4e-05    0.0054   14.5   0.2   208   245    30    69    23    84 0.81 # 707 # 1204 # 1 # ID=1809_2;partial=01;start_type=ATG;rbs_motif=GGA/GAG/AGG;rbs_spacer=5-10bp;gc_cont=0.647
contig00002_16       -            436 8435at72274          -            458    0.0047   14.7   0.6   1   2     7e-05     0.011   13.4   0.1   207   238     9    40     3    44 0.90 # 18307 # 19614 # -1 # ID=2_16;partial=00;start_type=ATG;rbs_motif=AGGAG;rbs_spacer=5-10bp;gc_cont=0.617
contig00002_16       -            436 8435at72274          -            458    0.0047   14.7   0.6   2   2       3.1   4.9e+02   -1.9   0.1   207   227   162   182   135   187 0.83 # 18307 # 19614 # -1 # ID=2_16;partial=00;start_type=ATG;rbs_motif=AGGAG;rbs_spacer=5-10bp;gc_cont=0.617
contig01493_1        -            394 8435at72274          -            458    0.0068   14.1   0.0   1   1   5.9e-05    0.0094   13.7   0.0   208   320    11   125     6   139 0.84 # 272 # 1453 # 1 # ID=1493_1;partial=01;start_type=ATG;rbs_motif=None;rbs_spacer=None;gc_cont=0.697
contig01799_2        -            243 8435at72274          -            458    0.0096   13.6   0.0   1   1   7.7e-05     0.012   13.3   0.0   204   243    73   112    68   168 0.84 # 485 # 1213 # -1 # ID=1799_2;partial=01;start_type=Edge;rbs_motif=None;rbs_spacer=None;gc_cont=0.665
contig00032_6        -            465 8435at72274          -            458     0.011   13.5   0.1   1   1   0.00014     0.022   12.5   0.1   210   239     6    35     2    41 0.90 # 4538 # 5932 # -1 # ID=32_6;partial=00;start_type=ATG;rbs_motif=AGGAG;rbs_spacer=5-10bp;gc_cont=0.696
contig00852_3        -            235 8435at72274          -            458     0.016   12.9   0.0   1   1   0.00013      0.02   12.6   0.0   207   244    31    68     6    86 0.87 # 1499 # 2203 # 1 # ID=852_3;partial=01;start_type=ATG;rbs_motif=GGA/GAG/AGG;rbs_spacer=5-10bp;gc_cont=0.679
contig02531_1        -            232 8435at72274          -            458     0.022   12.4   0.1   1   1   0.00018     0.028   12.1   0.1   207   245     8    48     2   133 0.88 # 130 # 825 # 1 # ID=2531_1;partial=01;start_type=ATG;rbs_motif=GGAG/GAGG;rbs_spacer=5-10bp;gc_cont=0.698
contig02265_1        -            318 8435at72274          -            458     0.023   12.4   0.1   1   1   0.00022     0.035   11.8   0.1   208   243    40    75    31    81 0.87 # 2 # 955 # -1 # ID=2265_1;partial=11;start_type=Edge;rbs_motif=None;rbs_spacer=None;gc_cont=0.709
contig00570_1        -            444 8435at72274          -            458     0.028   12.1   0.0   1   2     0.027       4.4    4.9   0.0   208   228    13    33     6    51 0.77 # 3 # 1334 # -1 # ID=570_1;partial=10;start_type=ATG;rbs_motif=AGGAG;rbs_spacer=5-10bp;gc_cont=0.598
contig00570_1        -            444 8435at72274          -            458     0.028   12.1   0.0   2   2     0.025       3.9    5.0   0.0   205   240   183   218   175   260 0.79 # 3 # 1334 # -1 # ID=570_1;partial=10;start_type=ATG;rbs_motif=AGGAG;rbs_spacer=5-10bp;gc_cont=0.598
contig02551_1        -             99 8435at72274          -            458      0.03   12.0   0.1   1   1    0.0002     0.031   12.0   0.1   207   264     7    64     3    85 0.76 # 1 # 297 # -1 # ID=2551_1;partial=10;start_type=ATG;rbs_motif=GGA/GAG/AGG;rbs_spacer=5-10bp;gc_cont=0.667
contig01048_2        -            469 8435at72274          -            458     0.031   12.0   0.9   1   2   0.00039     0.062   11.0   0.1   208   254    31    80    24    90 0.83 # 373 # 1779 # 1 # ID=1048_2;partial=00;start_type=ATG;rbs_motif=GGAG/GAGG;rbs_spacer=5-10bp;gc_cont=0.709
contig01048_2        -            469 8435at72274          -            458     0.031   12.0   0.9   2   2         3   4.8e+02   -1.8   0.0   410   442   369   401   360   405 0.82 # 373 # 1779 # 1 # ID=1048_2;partial=00;start_type=ATG;rbs_motif=GGAG/GAGG;rbs_spacer=5-10bp;gc_cont=0.709
contig02200_2        -            148 8435at72274          -            458     0.042   11.5   0.0   1   1   0.00032      0.05   11.3   0.0   200   238     7    47     3    86 0.79 # 539 # 982 # 1 # ID=2200_2;partial=01;start_type=ATG;rbs_motif=AGGA;rbs_spacer=5-10bp;gc_cont=0.658
contig01232_1        -            301 8435at72274          -            458     0.044   11.5   0.1   1   1   0.00038      0.06   11.0   0.1   209   246     3    40     1    68 0.80 # 3 # 905 # -1 # ID=1232_1;partial=10;start_type=ATG;rbs_motif=AGGAG;rbs_spacer=5-10bp;gc_cont=0.680
contig03115_1        -            193 8435at72274          -            458     0.056   11.1   0.0   1   1   0.00059     0.094   10.4   0.0   391   449    91   152    50   156 0.79 # 4 # 582 # -1 # ID=3115_1;partial=01;start_type=Edge;rbs_motif=None;rbs_spacer=None;gc_cont=0.601
contig01303_1        -            156 8435at72274          -            458     0.068   10.8   0.1   1   1   0.00067      0.11   10.2   0.1   208   237     5    38     1    47 0.80 # 3 # 470 # -1 # ID=1303_1;partial=10;start_type=ATG;rbs_motif=GGAG/GAGG;rbs_spacer=5-10bp;gc_cont=0.712
contig01149_2        -            339 8435at72274          -            458     0.083   10.6   0.1   1   1   0.00075      0.12   10.0   0.1   202   250    12    61     6   115 0.80 # 436 # 1452 # -1 # ID=1149_2;partial=00;start_type=ATG;rbs_motif=GGA/GAG/AGG;rbs_spacer=5-10bp;gc_cont=0.618
contig02291_1        -            196 8435at72274          -            458     0.087   10.5   1.4   1   1   0.00075      0.12   10.0   1.4   207   251     7    52     3    63 0.85 # 3 # 590 # -1 # ID=2291_1;partial=10;start_type=ATG;rbs_motif=GGA/GAG/AGG;rbs_spacer=5-10bp;gc_cont=0.702
contig00730_1        -             51 8435at72274          -            458     0.096   10.3   0.1   1   1   0.00061     0.096   10.3   0.1   207   238    13    45     7    51 0.79 # 3 # 155 # -1 # ID=730_1;partial=10;start_type=ATG;rbs_motif=AGGAG;rbs_spacer=5-10bp;gc_cont=0.673
contig00357_3        -            452 8435at72274          -            458      0.86    7.2   4.0   1   2    0.0035      0.55    7.8   0.5   203   243   211   252   196   268 0.85 # 1500 # 2855 # -1 # ID=357_3;partial=00;start_type=ATG;rbs_motif=GGAG/GAGG;rbs_spacer=5-10bp;gc_cont=0.714
contig00357_3        -            452 8435at72274          -            458      0.86    7.2   4.0   2   2      0.81   1.3e+02    0.0   0.2   208   233   356   383   350   392 0.80 # 1500 # 2855 # -1 # ID=357_3;partial=00;start_type=ATG;rbs_motif=GGAG/GAGG;rbs_spacer=5-10bp;gc_cont=0.714
#
# Program:         hmmsearch
# Version:         3.1b2 (February 2015)
# Pipeline mode:   SEARCH
# Query file:      /home/johngn/Microbial-Genomics-Journey-Workshop-2023/Reads_session_3/busco_downloads/lineages/pseudomonadales_odb10/hmms/8435at72274.hmm
# Target file:     /home/johngn/Microbial-Genomics-Journey-Workshop-2023/Reads_session_3/busco_op4/prodigal_output/predicted_genes/predicted.faa
# Option settings: hmmsearch --domtblout /home/johngn/Microbial-Genomics-Journey-Workshop-2023/Reads_session_3/busco_op4/run_pseudomonadales_odb10/hmmer_output/8435at72274.out --cpu 1 /home/johngn/Microbial-Genomics-Journey-Workshop-2023/Reads_session_3/busco_downloads/lineages/pseudomonadales_odb10/hmms/8435at72274.hmm /home/johngn/Microbial-Genomics-Journey-Workshop-2023/Reads_session_3/busco_op4/prodigal_output/predicted_genes/predicted.faa 
# Current dir:     /home/johngn/Microbial-Genomics-Journey-Workshop-2023/Reads_session_3
# Date:            Wed Mar  8 17:01:46 2023
# [ok]
