#                                                                            --- full sequence --- -------------- this domain -------------   hmm coord   ali coord   env coord
# target name        accession   tlen query name           accession   qlen   E-value  score  bias   #  of  c-Evalue  i-Evalue  score  bias  from    to  from    to  from    to  acc description of target
#------------------- ---------- ----- -------------------- ---------- ----- --------- ------ ----- --- --- --------- --------- ------ ----- ----- ----- ----- ----- ----- ----- ---- ---------------------
contig01480_1        -            447 8990at72274          -            423  4.1e-204  677.1  15.6   1   1  1.2e-205    3e-203  674.2  15.6    35   423     8   439     2   439 0.94 # 1 # 1341 # 1 # ID=1480_1;partial=10;start_type=Edge;rbs_motif=None;rbs_spacer=None;gc_cont=0.645
contig01264_1        -            467 8990at72274          -            423    2e-125  417.9   2.8   1   1  3.8e-127    1e-124  415.6   2.8     3   422     2   464     1   465 0.88 # 63 # 1463 # 1 # ID=1264_1;partial=00;start_type=ATG;rbs_motif=AGGAG;rbs_spacer=5-10bp;gc_cont=0.695
contig00052_8        -            465 8990at72274          -            423  8.6e-100  333.4   7.6   1   1    4e-101     1e-98  329.8   7.6     5   423     7   463     1   463 0.89 # 4876 # 6270 # 1 # ID=52_8;partial=00;start_type=ATG;rbs_motif=GGAG/GAGG;rbs_spacer=5-10bp;gc_cont=0.706
contig00019_7        -            563 8990at72274          -            423   4.3e-51  173.0   6.5   1   1     2e-52   5.3e-50  169.4   6.5     3   417    98   550    97   554 0.81 # 4472 # 6160 # -1 # ID=19_7;partial=00;start_type=ATG;rbs_motif=GGAG/GAGG;rbs_spacer=5-10bp;gc_cont=0.690
contig00333_1        -            397 8990at72274          -            423   1.4e-50  171.3   0.0   1   1   1.8e-52   4.8e-50  169.5   0.0     1   344     1   371     1   397 0.80 # 2 # 1192 # -1 # ID=333_1;partial=10;start_type=ATG;rbs_motif=AGGAG;rbs_spacer=5-10bp;gc_cont=0.657
contig00418_5        -            322 8990at72274          -            423   3.5e-35  120.5   0.0   1   1   1.6e-37   4.2e-35  120.3   0.0   134   415    16   314     1   318 0.85 # 2232 # 3197 # -1 # ID=418_5;partial=01;start_type=Edge;rbs_motif=None;rbs_spacer=None;gc_cont=0.623
contig01951_3        -            128 8990at72274          -            423   1.6e-11   42.7   0.1   1   1   1.8e-13   4.7e-11   41.1   0.1     4    61     5    61     2   128 0.82 # 731 # 1114 # 1 # ID=1951_3;partial=01;start_type=ATG;rbs_motif=AGGAG;rbs_spacer=5-10bp;gc_cont=0.635
contig00832_1        -            348 8990at72274          -            423   2.6e-08   32.0   0.1   1   1   1.4e-10   3.8e-08   31.5   0.1   114   280   101   282    59   310 0.76 # 3 # 1046 # -1 # ID=832_1;partial=10;start_type=ATG;rbs_motif=AGGAG;rbs_spacer=5-10bp;gc_cont=0.661
contig01799_2        -            243 8990at72274          -            423   2.4e-06   25.6   0.1   1   1   1.4e-08   3.8e-06   24.9   0.1   150   279    75   210     7   225 0.72 # 485 # 1213 # -1 # ID=1799_2;partial=01;start_type=Edge;rbs_motif=None;rbs_spacer=None;gc_cont=0.665
contig00371_4        -            317 8990at72274          -            423   5.8e-06   24.3   3.5   1   2   0.00043      0.11   10.2   0.1     6    33     9    36     5    49 0.84 # 1918 # 2868 # -1 # ID=371_4;partial=00;start_type=ATG;rbs_motif=AGGAG;rbs_spacer=5-10bp;gc_cont=0.671
contig00371_4        -            317 8990at72274          -            423   5.8e-06   24.3   3.5   2   2   1.7e-05    0.0045   14.8   0.6   150   280   147   289   102   311 0.71 # 1918 # 2868 # -1 # ID=371_4;partial=00;start_type=ATG;rbs_motif=AGGAG;rbs_spacer=5-10bp;gc_cont=0.671
contig00002_16       -            436 8990at72274          -            423   1.5e-05   23.0   0.1   1   4    0.0092       2.4    5.8   0.0     3    38     7    42     5    51 0.87 # 18307 # 19614 # -1 # ID=2_16;partial=00;start_type=ATG;rbs_motif=AGGAG;rbs_spacer=5-10bp;gc_cont=0.617
contig00002_16       -            436 8990at72274          -            423   1.5e-05   23.0   0.1   2   4       3.5   9.2e+02   -2.7   0.0   210   241    80   113    74   121 0.66 # 18307 # 19614 # -1 # ID=2_16;partial=00;start_type=ATG;rbs_motif=AGGAG;rbs_spacer=5-10bp;gc_cont=0.617
contig00002_16       -            436 8990at72274          -            423   1.5e-05   23.0   0.1   3   4      0.77     2e+02   -0.6   0.1     7    27   164   184   160   194 0.82 # 18307 # 19614 # -1 # ID=2_16;partial=00;start_type=ATG;rbs_motif=AGGAG;rbs_spacer=5-10bp;gc_cont=0.617
contig00002_16       -            436 8990at72274          -            423   1.5e-05   23.0   0.1   4   4   7.9e-05     0.021   12.6   0.0   174   285   200   312   196   330 0.84 # 18307 # 19614 # -1 # ID=2_16;partial=00;start_type=ATG;rbs_motif=AGGAG;rbs_spacer=5-10bp;gc_cont=0.617
contig02282_3        -             52 8990at72274          -            423   1.5e-05   22.9   0.1   1   1   6.1e-08   1.6e-05   22.8   0.1     1    42     1    41     1    49 0.88 # 789 # 944 # 1 # ID=2282_3;partial=01;start_type=ATG;rbs_motif=GGAG/GAGG;rbs_spacer=5-10bp;gc_cont=0.782
contig00774_2        -            575 8990at72274          -            423   2.7e-05   22.1   0.1   1   2     1e-05    0.0027   15.5   0.1     2    55     5    66     4    88 0.72 # 239 # 1963 # 1 # ID=774_2;partial=00;start_type=ATG;rbs_motif=GGAG/GAGG;rbs_spacer=5-10bp;gc_cont=0.668
contig00774_2        -            575 8990at72274          -            423   2.7e-05   22.1   0.1   2   2     0.023       6.1    4.5   0.0   259   279   357   377   329   390 0.87 # 239 # 1963 # 1 # ID=774_2;partial=00;start_type=ATG;rbs_motif=GGAG/GAGG;rbs_spacer=5-10bp;gc_cont=0.668
contig02146_1        -            337 8990at72274          -            423   0.00018   19.4   0.3   1   1   9.5e-07   0.00025   18.9   0.3     5    46     1    42     1    56 0.87 # 2 # 1012 # 1 # ID=2146_1;partial=11;start_type=Edge;rbs_motif=None;rbs_spacer=None;gc_cont=0.632
contig01823_2        -            273 8990at72274          -            423   0.00036   18.4   0.4   1   1   2.5e-06   0.00066   17.5   0.4     3    33   210   240   208   257 0.84 # 378 # 1196 # 1 # ID=1823_2;partial=01;start_type=ATG;rbs_motif=AGGAG;rbs_spacer=5-10bp;gc_cont=0.662
contig00712_2        -            429 8990at72274          -            423     0.002   15.9   0.4   1   1   1.1e-05    0.0029   15.4   0.4     3    52    27    76    25    81 0.94 # 252 # 1538 # -1 # ID=712_2;partial=00;start_type=ATG;rbs_motif=GGAG/GAGG;rbs_spacer=5-10bp;gc_cont=0.677
contig02265_1        -            318 8990at72274          -            423    0.0023   15.7   0.1   1   1   1.6e-05    0.0041   14.9   0.1     1    44    35    77    35    81 0.83 # 2 # 955 # -1 # ID=2265_1;partial=11;start_type=Edge;rbs_motif=None;rbs_spacer=None;gc_cont=0.709
contig02392_1        -            250 8990at72274          -            423    0.0031   15.3   0.3   1   2   2.1e-05    0.0056   14.5   0.1     4    38     7    47     4    65 0.73 # 140 # 889 # 1 # ID=2392_1;partial=01;start_type=GTG;rbs_motif=AGGAG;rbs_spacer=5-10bp;gc_cont=0.641
contig02392_1        -            250 8990at72274          -            423    0.0031   15.3   0.3   2   2       4.5   1.2e+03   -3.1   0.0   328   358   126   155   123   163 0.72 # 140 # 889 # 1 # ID=2392_1;partial=01;start_type=GTG;rbs_motif=AGGAG;rbs_spacer=5-10bp;gc_cont=0.641
contig00158_5        -            601 8990at72274          -            423    0.0031   15.3   0.0   1   1     2e-05    0.0053   14.5   0.0     6    51   392   436   388   456 0.81 # 3085 # 4887 # 1 # ID=158_5;partial=01;start_type=ATG;rbs_motif=GGAG/GAGG;rbs_spacer=5-10bp;gc_cont=0.663
contig00390_4        -            591 8990at72274          -            423    0.0041   14.9   0.0   1   1   2.8e-05    0.0074   14.1   0.0     4    51     8    55     5    80 0.78 # 1283 # 3055 # 1 # ID=390_4;partial=00;start_type=ATG;rbs_motif=None;rbs_spacer=None;gc_cont=0.651
contig01809_2        -            166 8990at72274          -            423    0.0041   14.9   0.4   1   1   2.2e-05    0.0057   14.5   0.4     5    50    29    75    26    84 0.89 # 707 # 1204 # 1 # ID=1809_2;partial=01;start_type=ATG;rbs_motif=GGA/GAG/AGG;rbs_spacer=5-10bp;gc_cont=0.647
contig00830_2        -            417 8990at72274          -            423    0.0045   14.8   0.0   1   1     3e-05    0.0079   14.0   0.0     5    60    33    90    30   112 0.84 # 296 # 1546 # 1 # ID=830_2;partial=00;start_type=ATG;rbs_motif=AGGAG;rbs_spacer=5-10bp;gc_cont=0.671
contig01896_1        -            184 8990at72274          -            423    0.0075   14.0   0.3   1   2   0.00014     0.036   11.8   0.1     6    33     8    35     3    48 0.87 # 3 # 554 # -1 # ID=1896_1;partial=10;start_type=ATG;rbs_motif=GGAG/GAGG;rbs_spacer=5-10bp;gc_cont=0.630
contig01896_1        -            184 8990at72274          -            423    0.0075   14.0   0.3   2   2      0.46   1.2e+02    0.2   0.0   228   258   103   133    79   177 0.71 # 3 # 554 # -1 # ID=1896_1;partial=10;start_type=ATG;rbs_motif=GGAG/GAGG;rbs_spacer=5-10bp;gc_cont=0.630
contig00208_2        -            649 8990at72274          -            423     0.016   13.0   0.1   1   1   9.5e-05     0.025   12.3   0.1     6    53   386   432   381   461 0.80 # 463 # 2409 # 1 # ID=208_2;partial=00;start_type=GTG;rbs_motif=AGGA;rbs_spacer=5-10bp;gc_cont=0.707
contig00178_5        -            417 8990at72274          -            423     0.019   12.7   1.0   1   2   0.00062      0.16    9.6   0.3   151   183     3    35     1    40 0.93 # 2118 # 3368 # -1 # ID=178_5;partial=00;start_type=ATG;rbs_motif=GGA/GAG/AGG;rbs_spacer=11-12bp;gc_cont=0.716
contig00178_5        -            417 8990at72274          -            423     0.019   12.7   1.0   2   2      0.19        50    1.5   0.0    84   128   214   257   202   262 0.77 # 2118 # 3368 # -1 # ID=178_5;partial=00;start_type=ATG;rbs_motif=GGA/GAG/AGG;rbs_spacer=11-12bp;gc_cont=0.716
contig02551_1        -             99 8990at72274          -            423     0.025   12.3   0.0   1   1    0.0001     0.026   12.3   0.0     4    59     6    58     1    78 0.81 # 1 # 297 # -1 # ID=2551_1;partial=10;start_type=ATG;rbs_motif=GGA/GAG/AGG;rbs_spacer=5-10bp;gc_cont=0.667
contig01110_1        -            387 8990at72274          -            423     0.031   12.0   0.2   1   1   0.00018     0.047   11.4   0.2     3    48    36    81    34    85 0.90 # 1 # 1161 # -1 # ID=1110_1;partial=10;start_type=ATG;rbs_motif=AGGA;rbs_spacer=5-10bp;gc_cont=0.683
contig02079_1        -            351 8990at72274          -            423     0.045   11.5   0.4   1   1   0.00026     0.069   10.9   0.4     5    51    35    81    32    96 0.88 # 2 # 1054 # 1 # ID=2079_1;partial=11;start_type=Edge;rbs_motif=None;rbs_spacer=None;gc_cont=0.689
contig02494_1        -            279 8990at72274          -            423     0.055   11.2   0.0   1   2    0.0055       1.5    6.5   0.0   150   183   110   143    99   175 0.81 # 1 # 837 # 1 # ID=2494_1;partial=11;start_type=Edge;rbs_motif=None;rbs_spacer=None;gc_cont=0.703
contig02494_1        -            279 8990at72274          -            423     0.055   11.2   0.0   2   2     0.086        23    2.6   0.0   149   176   243   270   224   276 0.80 # 1 # 837 # 1 # ID=2494_1;partial=11;start_type=Edge;rbs_motif=None;rbs_spacer=None;gc_cont=0.703
contig00593_2        -            451 8990at72274          -            423     0.094   10.4   0.1   1   2      0.29        78    0.8   0.0     3    38    18    53    16    57 0.73 # 1122 # 2474 # 1 # ID=593_2;partial=00;start_type=ATG;rbs_motif=GGAG/GAGG;rbs_spacer=5-10bp;gc_cont=0.696
contig00593_2        -            451 8990at72274          -            423     0.094   10.4   0.1   2   2    0.0033      0.86    7.3   0.0   111   177   134   206   117   213 0.81 # 1122 # 2474 # 1 # ID=593_2;partial=00;start_type=ATG;rbs_motif=GGAG/GAGG;rbs_spacer=5-10bp;gc_cont=0.696
contig01493_1        -            394 8990at72274          -            423      0.33    8.6   1.8   1   2     0.081        21    2.7   0.1     7    33    12    38     7    54 0.81 # 272 # 1453 # 1 # ID=1493_1;partial=01;start_type=ATG;rbs_motif=None;rbs_spacer=None;gc_cont=0.697
contig01493_1        -            394 8990at72274          -            423      0.33    8.6   1.8   2   2     0.016       4.2    5.0   0.1   140   175   145   180   143   189 0.83 # 272 # 1453 # 1 # ID=1493_1;partial=01;start_type=ATG;rbs_motif=None;rbs_spacer=None;gc_cont=0.697
contig01220_2        -            298 8990at72274          -            423      0.91    7.2   7.5   1   4   0.00056      0.15    9.8   0.1     7    53     3    48     1    65 0.73 # 806 # 1699 # -1 # ID=1220_2;partial=01;start_type=Edge;rbs_motif=None;rbs_spacer=None;gc_cont=0.726
contig01220_2        -            298 8990at72274          -            423      0.91    7.2   7.5   2   4      0.59   1.6e+02   -0.2   0.3   143   166   114   137    83   143 0.68 # 806 # 1699 # -1 # ID=1220_2;partial=01;start_type=Edge;rbs_motif=None;rbs_spacer=None;gc_cont=0.726
contig01220_2        -            298 8990at72274          -            423      0.91    7.2   7.5   3   4       3.6   9.4e+02   -2.7   0.0   111   126   239   254   206   264 0.53 # 806 # 1699 # -1 # ID=1220_2;partial=01;start_type=Edge;rbs_motif=None;rbs_spacer=None;gc_cont=0.726
contig01220_2        -            298 8990at72274          -            423      0.91    7.2   7.5   4   4         5   1.3e+03   -3.2   0.1   277   298   275   296   270   297 0.83 # 806 # 1699 # -1 # ID=1220_2;partial=01;start_type=Edge;rbs_motif=None;rbs_spacer=None;gc_cont=0.726
#
# Program:         hmmsearch
# Version:         3.1b2 (February 2015)
# Pipeline mode:   SEARCH
# Query file:      /home/johngn/Microbial-Genomics-Journey-Workshop-2023/Reads_session_3/busco_downloads/lineages/pseudomonadales_odb10/hmms/8990at72274.hmm
# Target file:     /home/johngn/Microbial-Genomics-Journey-Workshop-2023/Reads_session_3/busco_op4/prodigal_output/predicted_genes/predicted.faa
# Option settings: hmmsearch --domtblout /home/johngn/Microbial-Genomics-Journey-Workshop-2023/Reads_session_3/busco_op4/run_pseudomonadales_odb10/hmmer_output/8990at72274.out --cpu 1 /home/johngn/Microbial-Genomics-Journey-Workshop-2023/Reads_session_3/busco_downloads/lineages/pseudomonadales_odb10/hmms/8990at72274.hmm /home/johngn/Microbial-Genomics-Journey-Workshop-2023/Reads_session_3/busco_op4/prodigal_output/predicted_genes/predicted.faa 
# Current dir:     /home/johngn/Microbial-Genomics-Journey-Workshop-2023/Reads_session_3
# Date:            Wed Mar  8 17:01:46 2023
# [ok]
