#                                                                            --- full sequence --- -------------- this domain -------------   hmm coord   ali coord   env coord
# target name        accession   tlen query name           accession   qlen   E-value  score  bias   #  of  c-Evalue  i-Evalue  score  bias  from    to  from    to  from    to  acc description of target
#------------------- ---------- ----- -------------------- ---------- ----- --------- ------ ----- --- --- --------- --------- ------ ----- ----- ----- ----- ----- ----- ----- ---- ---------------------
contig00335_2        -            470 9094at72274          -            408  2.9e-237  785.6   0.4   1   1  4.8e-240  5.8e-237  784.6   0.4     2   408     5   469     4   469 0.92 # 471 # 1880 # 1 # ID=335_2;partial=00;start_type=ATG;rbs_motif=GGAGG;rbs_spacer=5-10bp;gc_cont=0.622
contig00535_3        -            453 9094at72274          -            408     1e-37  128.4   0.0   1   1   1.7e-40     2e-37  127.4   0.0    54   401    78   444    74   450 0.80 # 1206 # 2564 # 1 # ID=535_3;partial=00;start_type=ATG;rbs_motif=GGAG/GAGG;rbs_spacer=5-10bp;gc_cont=0.632
contig01250_1        -            382 9094at72274          -            408     2e-34  117.5   0.0   1   1   2.6e-37   3.1e-34  116.9   0.0    87   406    42   378     5   380 0.79 # 2 # 1147 # 1 # ID=1250_1;partial=10;start_type=Edge;rbs_motif=None;rbs_spacer=None;gc_cont=0.652
contig00804_2        -            448 9094at72274          -            408   9.7e-32  108.7   0.0   1   1   1.1e-34   1.3e-31  108.2   0.0   163   400   194   438   165   443 0.83 # 663 # 2006 # -1 # ID=804_2;partial=00;start_type=ATG;rbs_motif=AGGA;rbs_spacer=5-10bp;gc_cont=0.674
contig01933_1        -            363 9094at72274          -            408   2.5e-17   61.2   0.0   1   1   2.5e-20     3e-17   60.9   0.0    83   321   112   363    80   363 0.75 # 2 # 1090 # -1 # ID=1933_1;partial=10;start_type=ATG;rbs_motif=GGAGG;rbs_spacer=5-10bp;gc_cont=0.679
contig01875_2        -            307 9094at72274          -            408     4e-09   34.2   0.0   1   1   6.1e-12   7.3e-09   33.3   0.0   166   241   205   281    91   299 0.65 # 243 # 1163 # 1 # ID=1875_2;partial=01;start_type=ATG;rbs_motif=GGA/GAG/AGG;rbs_spacer=5-10bp;gc_cont=0.694
contig01330_1        -             79 9094at72274          -            408    0.0049   14.2   0.1   1   1   4.4e-06    0.0053   14.0   0.1   337   406     2    75     1    77 0.83 # 2 # 238 # 1 # ID=1330_1;partial=10;start_type=Edge;rbs_motif=None;rbs_spacer=None;gc_cont=0.599
#
# Program:         hmmsearch
# Version:         3.1b2 (February 2015)
# Pipeline mode:   SEARCH
# Query file:      /home/johngn/Microbial-Genomics-Journey-Workshop-2023/Reads_session_3/busco_downloads/lineages/pseudomonadales_odb10/hmms/9094at72274.hmm
# Target file:     /home/johngn/Microbial-Genomics-Journey-Workshop-2023/Reads_session_3/busco_op4/prodigal_output/predicted_genes/predicted.faa
# Option settings: hmmsearch --domtblout /home/johngn/Microbial-Genomics-Journey-Workshop-2023/Reads_session_3/busco_op4/run_pseudomonadales_odb10/hmmer_output/9094at72274.out --cpu 1 /home/johngn/Microbial-Genomics-Journey-Workshop-2023/Reads_session_3/busco_downloads/lineages/pseudomonadales_odb10/hmms/9094at72274.hmm /home/johngn/Microbial-Genomics-Journey-Workshop-2023/Reads_session_3/busco_op4/prodigal_output/predicted_genes/predicted.faa 
# Current dir:     /home/johngn/Microbial-Genomics-Journey-Workshop-2023/Reads_session_3
# Date:            Wed Mar  8 17:01:46 2023
# [ok]
