#                                                                            --- full sequence --- -------------- this domain -------------   hmm coord   ali coord   env coord
# target name        accession   tlen query name           accession   qlen   E-value  score  bias   #  of  c-Evalue  i-Evalue  score  bias  from    to  from    to  from    to  acc description of target
#------------------- ---------- ----- -------------------- ---------- ----- --------- ------ ----- --- --- --------- --------- ------ ----- ----- ----- ----- ----- ----- ----- ---- ---------------------
contig01626_2        -            339 9189at72274          -            359  2.3e-162  539.1   0.0   1   1  5.6e-165  2.6e-162  538.9   0.0     1   304     5   339     5   339 0.95 # 338 # 1354 # 1 # ID=1626_2;partial=01;start_type=ATG;rbs_motif=GGA/GAG/AGG;rbs_spacer=11-12bp;gc_cont=0.644
contig00794_2        -            370 9189at72274          -            359   5.9e-50  169.3   0.0   1   1   4.7e-51   2.2e-48  164.1   0.0     5   358    12   365     9   366 0.82 # 1162 # 2271 # 1 # ID=794_2;partial=00;start_type=ATG;rbs_motif=GGAG/GAGG;rbs_spacer=5-10bp;gc_cont=0.670
contig02210_1        -            257 9189at72274          -            359   4.4e-22   77.6   0.0   1   1   1.1e-24   5.3e-22   77.3   0.0    17   226    27   257    12   257 0.78 # 208 # 978 # 1 # ID=2210_1;partial=01;start_type=ATG;rbs_motif=GGAG/GAGG;rbs_spacer=5-10bp;gc_cont=0.638
contig01547_1        -            213 9189at72274          -            359   1.5e-20   72.5   0.0   1   1   3.6e-23   1.7e-20   72.4   0.0    31   198    27   207     6   213 0.80 # 3 # 641 # -1 # ID=1547_1;partial=10;start_type=ATG;rbs_motif=AGGA;rbs_spacer=5-10bp;gc_cont=0.667
contig00964_2        -            352 9189at72274          -            359   1.9e-19   68.9   0.0   1   1     6e-22   2.8e-19   68.3   0.0    26   241    24   236    18   347 0.78 # 942 # 1997 # 1 # ID=964_2;partial=00;start_type=ATG;rbs_motif=AGGAG;rbs_spacer=5-10bp;gc_cont=0.647
contig00448_3        -            391 9189at72274          -            359   4.2e-16   57.9   0.0   1   1     2e-18   9.2e-16   56.8   0.0    19   356    25   382    19   385 0.72 # 835 # 2007 # -1 # ID=448_3;partial=00;start_type=ATG;rbs_motif=GGA/GAG/AGG;rbs_spacer=5-10bp;gc_cont=0.683
contig01144_1        -            275 9189at72274          -            359   9.8e-14   50.1   0.0   1   1   6.1e-16   2.8e-13   48.6   0.0   116   330     2   233     1   240 0.74 # 3 # 827 # 1 # ID=1144_1;partial=10;start_type=Edge;rbs_motif=None;rbs_spacer=None;gc_cont=0.676
contig00671_1        -            284 9189at72274          -            359   1.6e-13   49.4   0.0   1   1   5.7e-16   2.7e-13   48.7   0.0   100   227    16   153     6   165 0.83 # 3 # 854 # 1 # ID=671_1;partial=10;start_type=Edge;rbs_motif=None;rbs_spacer=None;gc_cont=0.701
contig01370_1        -            224 9189at72274          -            359   1.2e-10   40.0   0.0   1   1   3.1e-13   1.5e-10   39.7   0.0   163   347     4   201     1   213 0.71 # 3 # 674 # 1 # ID=1370_1;partial=10;start_type=Edge;rbs_motif=None;rbs_spacer=None;gc_cont=0.705
contig02285_2        -            158 9189at72274          -            359   6.8e-09   34.2   0.0   1   1   1.7e-11   8.2e-09   33.9   0.0    23   133    29   141    15   149 0.81 # 471 # 944 # 1 # ID=2285_2;partial=01;start_type=ATG;rbs_motif=AGGAG;rbs_spacer=5-10bp;gc_cont=0.707
contig01283_1        -            320 9189at72274          -            359   1.7e-06   26.3   0.0   1   1   4.2e-09     2e-06   26.1   0.0   157   226   120   198   109   280 0.83 # 1 # 960 # -1 # ID=1283_1;partial=10;start_type=TTG;rbs_motif=GGAGG;rbs_spacer=3-4bp;gc_cont=0.741
contig02204_1        -            312 9189at72274          -            359   1.6e-05   23.1   0.0   1   1   4.1e-08   1.9e-05   22.9   0.0    85   328    23   277     6   304 0.78 # 1 # 936 # 1 # ID=2204_1;partial=10;start_type=Edge;rbs_motif=None;rbs_spacer=None;gc_cont=0.662
contig00119_5        -            478 9189at72274          -            359   3.8e-05   21.9   0.0   1   1   1.2e-07   5.5e-05   21.3   0.0    54   227   140   327   121   340 0.74 # 3440 # 4873 # 1 # ID=119_5;partial=00;start_type=ATG;rbs_motif=GGAG/GAGG;rbs_spacer=5-10bp;gc_cont=0.603
contig00067_5        -            480 9189at72274          -            359   0.00018   19.7   0.0   1   1   5.2e-07   0.00024   19.2   0.0    56   297   140   404   122   466 0.71 # 3920 # 5359 # -1 # ID=67_5;partial=00;start_type=ATG;rbs_motif=GGAG/GAGG;rbs_spacer=5-10bp;gc_cont=0.665
contig01399_1        -            297 9189at72274          -            359   0.00022   19.3   0.0   1   1   5.8e-07   0.00027   19.0   0.0    86   230    83   241    43   256 0.79 # 2 # 892 # -1 # ID=1399_1;partial=10;start_type=ATG;rbs_motif=None;rbs_spacer=None;gc_cont=0.682
contig01389_2        -            179 9189at72274          -            359     0.004   15.2   0.0   1   1   9.6e-06    0.0045   15.1   0.0   202   264    10    71     5   126 0.77 # 1011 # 1547 # -1 # ID=1389_2;partial=01;start_type=Edge;rbs_motif=None;rbs_spacer=None;gc_cont=0.696
contig01494_1        -            409 9189at72274          -            359      0.04   11.9   0.1   1   1   0.00013     0.063   11.3   0.1   100   180    72   152    57   166 0.71 # 3 # 1229 # 1 # ID=1494_1;partial=10;start_type=Edge;rbs_motif=None;rbs_spacer=None;gc_cont=0.687
contig00657_1        -            437 9189at72274          -            359      0.13   10.3   0.0   1   1   0.00045      0.21    9.6   0.0    58   131    95   172    83   182 0.84 # 1 # 1311 # 1 # ID=657_1;partial=10;start_type=Edge;rbs_motif=None;rbs_spacer=None;gc_cont=0.738
#
# Program:         hmmsearch
# Version:         3.1b2 (February 2015)
# Pipeline mode:   SEARCH
# Query file:      /home/johngn/Microbial-Genomics-Journey-Workshop-2023/Reads_session_3/busco_downloads/lineages/pseudomonadales_odb10/hmms/9189at72274.hmm
# Target file:     /home/johngn/Microbial-Genomics-Journey-Workshop-2023/Reads_session_3/busco_op4/prodigal_output/predicted_genes/predicted.faa
# Option settings: hmmsearch --domtblout /home/johngn/Microbial-Genomics-Journey-Workshop-2023/Reads_session_3/busco_op4/run_pseudomonadales_odb10/hmmer_output/9189at72274.out --cpu 1 /home/johngn/Microbial-Genomics-Journey-Workshop-2023/Reads_session_3/busco_downloads/lineages/pseudomonadales_odb10/hmms/9189at72274.hmm /home/johngn/Microbial-Genomics-Journey-Workshop-2023/Reads_session_3/busco_op4/prodigal_output/predicted_genes/predicted.faa 
# Current dir:     /home/johngn/Microbial-Genomics-Journey-Workshop-2023/Reads_session_3
# Date:            Wed Mar  8 17:01:46 2023
# [ok]
