#                                                                            --- full sequence --- -------------- this domain -------------   hmm coord   ali coord   env coord
# target name        accession   tlen query name           accession   qlen   E-value  score  bias   #  of  c-Evalue  i-Evalue  score  bias  from    to  from    to  from    to  acc description of target
#------------------- ---------- ----- -------------------- ---------- ----- --------- ------ ----- --- --- --------- --------- ------ ----- ----- ----- ----- ----- ----- ----- ---- ---------------------
contig01988_2        -            294 9255at72274          -            471  1.4e-149  497.9   0.1   1   1  2.9e-152  1.6e-149  497.6   0.1   208   471     1   293     1   293 0.94 # 211 # 1092 # -1 # ID=1988_2;partial=01;start_type=Edge;rbs_motif=None;rbs_spacer=None;gc_cont=0.639
contig02392_1        -            250 9255at72274          -            471  3.8e-106  354.6   1.0   1   1  6.7e-107  3.8e-104  348.1   1.0     1   196     6   242     6   250 0.91 # 140 # 889 # 1 # ID=2392_1;partial=01;start_type=GTG;rbs_motif=AGGAG;rbs_spacer=5-10bp;gc_cont=0.641
contig01048_2        -            469 9255at72274          -            471   0.00069   17.5   0.0   1   1   1.7e-06   0.00096   17.0   0.0     1    42    28    70    28    93 0.85 # 373 # 1779 # 1 # ID=1048_2;partial=00;start_type=ATG;rbs_motif=GGAG/GAGG;rbs_spacer=5-10bp;gc_cont=0.709
contig02479_2        -             80 9255at72274          -            471    0.0011   16.8   0.1   1   1   2.2e-06    0.0012   16.6   0.1     3    30    40    67    38    78 0.83 # 605 # 844 # 1 # ID=2479_2;partial=01;start_type=ATG;rbs_motif=GGAG/GAGG;rbs_spacer=5-10bp;gc_cont=0.654
contig00774_2        -            575 9255at72274          -            471    0.0022   15.8   0.0   1   1   6.1e-06    0.0035   15.2   0.0     2    37     7    42     6    71 0.88 # 239 # 1963 # 1 # ID=774_2;partial=00;start_type=ATG;rbs_motif=GGAG/GAGG;rbs_spacer=5-10bp;gc_cont=0.668
contig01264_1        -            467 9255at72274          -            471    0.0064   14.3   0.1   1   1   1.6e-05    0.0092   13.8   0.1     3    54     4    53     1   113 0.84 # 63 # 1463 # 1 # ID=1264_1;partial=00;start_type=ATG;rbs_motif=AGGAG;rbs_spacer=5-10bp;gc_cont=0.695
contig02282_3        -             52 9255at72274          -            471    0.0081   13.9   0.1   1   1   1.4e-05    0.0081   13.9   0.1     2    21     4    23     3    44 0.83 # 789 # 944 # 1 # ID=2282_3;partial=01;start_type=ATG;rbs_motif=GGAG/GAGG;rbs_spacer=5-10bp;gc_cont=0.782
contig00830_2        -            417 9255at72274          -            471     0.011   13.4   0.0   1   1   3.5e-05      0.02   12.6   0.0     3    37    33    67    32    91 0.89 # 296 # 1546 # 1 # ID=830_2;partial=00;start_type=ATG;rbs_motif=AGGAG;rbs_spacer=5-10bp;gc_cont=0.671
contig00730_1        -             51 9255at72274          -            471     0.012   13.4   0.0   1   1   2.3e-05     0.013   13.3   0.0     4    40    14    49    12    51 0.83 # 3 # 155 # -1 # ID=730_1;partial=10;start_type=ATG;rbs_motif=AGGAG;rbs_spacer=5-10bp;gc_cont=0.673
contig00057_3        -            621 9255at72274          -            471     0.013   13.2   0.0   1   1   3.6e-05      0.02   12.6   0.0     2    43    73   114    72   119 0.95 # 1969 # 3831 # 1 # ID=57_3;partial=00;start_type=ATG;rbs_motif=AGGA;rbs_spacer=5-10bp;gc_cont=0.673
contig00982_2        -            492 9255at72274          -            471     0.042   11.6   0.0   1   1   0.00011     0.064   11.0   0.0     4    41    12    48    10    52 0.86 # 479 # 1954 # 1 # ID=982_2;partial=00;start_type=ATG;rbs_motif=GGAG/GAGG;rbs_spacer=5-10bp;gc_cont=0.673
contig00874_4        -             58 9255at72274          -            471     0.045   11.5   0.3   1   1   8.8e-05      0.05   11.3   0.3     3    44     4    43     2    50 0.77 # 1987 # 2160 # 1 # ID=874_4;partial=01;start_type=GTG;rbs_motif=GGAG/GAGG;rbs_spacer=5-10bp;gc_cont=0.678
contig00309_3        -            566 9255at72274          -            471     0.053   11.2   0.0   1   1   0.00013      0.07   10.8   0.0     2    37    29    63    28    91 0.88 # 1982 # 3679 # 1 # ID=309_3;partial=01;start_type=ATG;rbs_motif=AGxAG;rbs_spacer=5-10bp;gc_cont=0.698
contig01130_2        -            369 9255at72274          -            471     0.063   11.0   0.4   1   1   0.00017     0.093   10.4   0.4     2    45     3    44     2    52 0.85 # 85 # 1191 # 1 # ID=1130_2;partial=00;start_type=ATG;rbs_motif=None;rbs_spacer=None;gc_cont=0.724
contig01951_3        -            128 9255at72274          -            471     0.066   10.9   0.0   1   1   0.00012     0.069   10.9   0.0     2    34     5    35     4    82 0.81 # 731 # 1114 # 1 # ID=1951_3;partial=01;start_type=ATG;rbs_motif=AGGAG;rbs_spacer=5-10bp;gc_cont=0.635
#
# Program:         hmmsearch
# Version:         3.1b2 (February 2015)
# Pipeline mode:   SEARCH
# Query file:      /home/johngn/Microbial-Genomics-Journey-Workshop-2023/Reads_session_3/busco_downloads/lineages/pseudomonadales_odb10/hmms/9255at72274.hmm
# Target file:     /home/johngn/Microbial-Genomics-Journey-Workshop-2023/Reads_session_3/busco_op4/prodigal_output/predicted_genes/predicted.faa
# Option settings: hmmsearch --domtblout /home/johngn/Microbial-Genomics-Journey-Workshop-2023/Reads_session_3/busco_op4/run_pseudomonadales_odb10/hmmer_output/9255at72274.out --cpu 1 /home/johngn/Microbial-Genomics-Journey-Workshop-2023/Reads_session_3/busco_downloads/lineages/pseudomonadales_odb10/hmms/9255at72274.hmm /home/johngn/Microbial-Genomics-Journey-Workshop-2023/Reads_session_3/busco_op4/prodigal_output/predicted_genes/predicted.faa 
# Current dir:     /home/johngn/Microbial-Genomics-Journey-Workshop-2023/Reads_session_3
# Date:            Wed Mar  8 17:01:46 2023
# [ok]
