#                                                                            --- full sequence --- -------------- this domain -------------   hmm coord   ali coord   env coord
# target name        accession   tlen query name           accession   qlen   E-value  score  bias   #  of  c-Evalue  i-Evalue  score  bias  from    to  from    to  from    to  acc description of target
#------------------- ---------- ----- -------------------- ---------- ----- --------- ------ ----- --- --- --------- --------- ------ ----- ----- ----- ----- ----- ----- ----- ---- ---------------------
contig00034_6        -            641 9341at72274          -            515  1.5e-242  804.7   8.0   1   2  7.3e-238  6.3e-236  782.9   2.3     1   467     1   527     1   532 0.93 # 5187 # 7109 # -1 # ID=34_6;partial=00;start_type=ATG;rbs_motif=GGAGG;rbs_spacer=5-10bp;gc_cont=0.664
contig00034_6        -            641 9341at72274          -            515  1.5e-242  804.7   8.0   2   2   3.4e-08   2.9e-06   25.2   0.3   466   502   569   606   565   625 0.84 # 5187 # 7109 # -1 # ID=34_6;partial=00;start_type=ATG;rbs_motif=GGAGG;rbs_spacer=5-10bp;gc_cont=0.664
contig02153_1        -            336 9341at72274          -            515   1.5e-73  247.2   0.0   1   1   2.1e-75   1.8e-73  246.9   0.0   113   410    19   336     5   336 0.94 # 1 # 1008 # 1 # ID=2153_1;partial=11;start_type=Edge;rbs_motif=None;rbs_spacer=None;gc_cont=0.656
contig00072_2        -            522 9341at72274          -            515   2.9e-72  242.9   0.1   1   1   3.6e-72   3.1e-70  236.2   0.1    12   467     2   516     1   519 0.79 # 561 # 2126 # 1 # ID=72_2;partial=00;start_type=ATG;rbs_motif=None;rbs_spacer=None;gc_cont=0.645
contig02138_1        -            313 9341at72274          -            515   1.4e-34  118.6   3.0   1   1   7.5e-36   6.4e-34  116.4   3.1     4   245     2   287     1   295 0.78 # 78 # 1016 # 1 # ID=2138_1;partial=01;start_type=ATG;rbs_motif=None;rbs_spacer=None;gc_cont=0.658
contig00163_1        -            498 9341at72274          -            515   3.6e-31  107.4   2.9   1   4     0.088       7.6    4.0   0.0    16    43    22    50     4    62 0.68 # 2 # 1495 # -1 # ID=163_1;partial=10;start_type=ATG;rbs_motif=GGAG/GAGG;rbs_spacer=5-10bp;gc_cont=0.665
contig00163_1        -            498 9341at72274          -            515   3.6e-31  107.4   2.9   2   4   3.9e-15   3.4e-13   48.1   0.0   115   197   154   244   144   251 0.84 # 2 # 1495 # -1 # ID=163_1;partial=10;start_type=ATG;rbs_motif=GGAG/GAGG;rbs_spacer=5-10bp;gc_cont=0.665
contig00163_1        -            498 9341at72274          -            515   3.6e-31  107.4   2.9   3   4     3e-05    0.0026   15.4   0.1   272   322   294   349   287   366 0.77 # 2 # 1495 # -1 # ID=163_1;partial=10;start_type=ATG;rbs_motif=GGAG/GAGG;rbs_spacer=5-10bp;gc_cont=0.665
contig00163_1        -            498 9341at72274          -            515   3.6e-31  107.4   2.9   4   4   8.1e-12     7e-10   37.1   0.1   117   180   423   494   407   497 0.82 # 2 # 1495 # -1 # ID=163_1;partial=10;start_type=ATG;rbs_motif=GGAG/GAGG;rbs_spacer=5-10bp;gc_cont=0.665
contig00177_4        -            380 9341at72274          -            515   2.8e-24   84.6   4.2   1   3   8.3e-10   7.1e-08   30.5   0.4   125   189     1    73     1    81 0.83 # 3583 # 4722 # -1 # ID=177_4;partial=01;start_type=Edge;rbs_motif=None;rbs_spacer=None;gc_cont=0.701
contig00177_4        -            380 9341at72274          -            515   2.8e-24   84.6   4.2   2   3   0.00057     0.049   11.2   0.0   276   311   134   169   125   189 0.82 # 3583 # 4722 # -1 # ID=177_4;partial=01;start_type=Edge;rbs_motif=None;rbs_spacer=None;gc_cont=0.701
contig00177_4        -            380 9341at72274          -            515   2.8e-24   84.6   4.2   3   3   1.3e-13   1.1e-11   43.0   0.1   117   190   259   340   251   350 0.83 # 3583 # 4722 # -1 # ID=177_4;partial=01;start_type=Edge;rbs_motif=None;rbs_spacer=None;gc_cont=0.701
contig02259_2        -            292 9341at72274          -            515     8e-22   76.5   0.2   1   1   1.4e-23   1.2e-21   75.9   0.2   279   440   109   272     4   278 0.81 # 82 # 957 # -1 # ID=2259_2;partial=01;start_type=Edge;rbs_motif=None;rbs_spacer=None;gc_cont=0.715
contig03205_1        -            183 9341at72274          -            515   1.4e-20   72.4   0.0   1   1   1.9e-22   1.6e-20   72.2   0.0   357   492    12   150     4   174 0.79 # 3 # 551 # -1 # ID=3205_1;partial=11;start_type=Edge;rbs_motif=None;rbs_spacer=None;gc_cont=0.679
contig00233_3        -            330 9341at72274          -            515   1.2e-19   69.3   0.3   1   1   2.5e-21   2.2e-19   68.5   0.3     4   190     3   217     1   227 0.75 # 1279 # 2268 # -1 # ID=233_3;partial=00;start_type=ATG;rbs_motif=GGAG/GAGG;rbs_spacer=5-10bp;gc_cont=0.661
contig01032_2        -            252 9341at72274          -            515   1.8e-19   68.8   0.2   1   2   8.9e-06   0.00077   17.2   0.0     4    57    16    72    14    77 0.84 # 644 # 1399 # -1 # ID=1032_2;partial=00;start_type=ATG;rbs_motif=AGGAG;rbs_spacer=5-10bp;gc_cont=0.730
contig01032_2        -            252 9341at72274          -            515   1.8e-19   68.8   0.2   2   2   1.2e-15   9.9e-14   49.8   0.1   104   189   130   222   123   236 0.90 # 644 # 1399 # -1 # ID=1032_2;partial=00;start_type=ATG;rbs_motif=AGGAG;rbs_spacer=5-10bp;gc_cont=0.730
contig00130_4        -            332 9341at72274          -            515   2.4e-19   68.3   0.0   1   1   3.7e-21   3.2e-19   67.9   0.0     1   189     1   213     1   232 0.80 # 2759 # 3754 # -1 # ID=130_4;partial=00;start_type=ATG;rbs_motif=GGA/GAG/AGG;rbs_spacer=5-10bp;gc_cont=0.676
contig00766_1        -            268 9341at72274          -            515   6.4e-19   66.9   1.5   1   1   1.6e-20   1.4e-18   65.8   1.5     4   189    21   221    19   224 0.73 # 1 # 804 # -1 # ID=766_1;partial=10;start_type=ATG;rbs_motif=GGAGG;rbs_spacer=5-10bp;gc_cont=0.726
contig01307_2        -            228 9341at72274          -            515   1.9e-17   62.0   1.2   1   2   1.5e-05    0.0013   16.4   0.0    18    56    25    64     6    88 0.79 # 635 # 1318 # 1 # ID=1307_2;partial=00;start_type=ATG;rbs_motif=GGAGG;rbs_spacer=5-10bp;gc_cont=0.677
contig01307_2        -            228 9341at72274          -            515   1.9e-17   62.0   1.2   2   2   4.4e-14   3.8e-12   44.6   0.4   101   188   130   224   121   226 0.78 # 635 # 1318 # 1 # ID=1307_2;partial=00;start_type=ATG;rbs_motif=GGAGG;rbs_spacer=5-10bp;gc_cont=0.677
contig00525_3        -            270 9341at72274          -            515   2.1e-17   61.9   0.3   1   1     8e-19   6.9e-17   60.2   0.3     2   185     4   197     3   203 0.76 # 1296 # 2105 # -1 # ID=525_3;partial=00;start_type=ATG;rbs_motif=AGGA;rbs_spacer=5-10bp;gc_cont=0.694
contig00319_1        -            248 9341at72274          -            515     3e-17   61.4   0.1   1   2   3.6e-06   0.00031   18.5   0.0     2    49     2    50     1    64 0.86 # 1 # 744 # -1 # ID=319_1;partial=10;start_type=ATG;rbs_motif=GGAG/GAGG;rbs_spacer=5-10bp;gc_cont=0.668
contig00319_1        -            248 9341at72274          -            515     3e-17   61.4   0.1   2   2   5.1e-13   4.4e-11   41.1   0.0   116   190   149   230   120   235 0.81 # 1 # 744 # -1 # ID=319_1;partial=10;start_type=ATG;rbs_motif=GGAG/GAGG;rbs_spacer=5-10bp;gc_cont=0.668
contig00271_4        -            255 9341at72274          -            515   7.2e-17   60.1   0.0   1   2   5.4e-07   4.7e-05   21.2   0.0     2    57     2    61     1   110 0.82 # 1778 # 2542 # -1 # ID=271_4;partial=00;start_type=ATG;rbs_motif=GGA/GAG/AGG;rbs_spacer=5-10bp;gc_cont=0.654
contig00271_4        -            255 9341at72274          -            515   7.2e-17   60.1   0.0   2   2   6.7e-12   5.8e-10   37.4   0.0   107   190   139   229   117   238 0.78 # 1778 # 2542 # -1 # ID=271_4;partial=00;start_type=ATG;rbs_motif=GGA/GAG/AGG;rbs_spacer=5-10bp;gc_cont=0.654
contig01160_1        -            588 9341at72274          -            515   9.9e-17   59.7   0.2   1   1   5.2e-18   4.5e-16   57.5   0.2     5   176   383   582   380   588 0.72 # 1 # 1764 # 1 # ID=1160_1;partial=11;start_type=Edge;rbs_motif=None;rbs_spacer=None;gc_cont=0.697
contig00597_2        -            371 9341at72274          -            515   1.4e-16   59.2   0.1   1   1   2.2e-18   1.9e-16   58.7   0.1     1   194     1   218     1   227 0.75 # 579 # 1691 # 1 # ID=597_2;partial=00;start_type=ATG;rbs_motif=GGAGG;rbs_spacer=5-10bp;gc_cont=0.694
contig00305_4        -            274 9341at72274          -            515   1.7e-16   58.9   0.9   1   1   2.7e-17   2.3e-15   55.2   0.9    19   190    42   242    35   250 0.69 # 2890 # 3711 # 1 # ID=305_4;partial=01;start_type=ATG;rbs_motif=GGAG/GAGG;rbs_spacer=5-10bp;gc_cont=0.697
contig01192_3        -            245 9341at72274          -            515   2.3e-16   58.5   0.0   1   1   1.4e-17   1.2e-15   56.2   0.0    20   190    23   220    15   230 0.66 # 798 # 1532 # -1 # ID=1192_3;partial=00;start_type=GTG;rbs_motif=GGAGG;rbs_spacer=5-10bp;gc_cont=0.663
contig00004_1        -            239 9341at72274          -            515   3.9e-16   57.7   0.0   1   1   5.3e-17   4.6e-15   54.2   0.0   291   466    42   237    28   239 0.69 # 3 # 719 # -1 # ID=4_1;partial=10;start_type=ATG;rbs_motif=AGGA/GGAG/GAGG;rbs_spacer=11-12bp;gc_cont=0.699
contig01932_1        -            258 9341at72274          -            515     4e-16   57.7   0.0   1   2   1.2e-05     0.001   16.8   0.0     4    57     8    65     5   112 0.83 # 64 # 837 # 1 # ID=1932_1;partial=00;start_type=ATG;rbs_motif=GGAG/GAGG;rbs_spacer=5-10bp;gc_cont=0.634
contig01932_1        -            258 9341at72274          -            515     4e-16   57.7   0.0   2   2   1.8e-12   1.5e-10   39.3   0.0   109   191   145   234   126   253 0.78 # 64 # 837 # 1 # ID=1932_1;partial=00;start_type=ATG;rbs_motif=GGAG/GAGG;rbs_spacer=5-10bp;gc_cont=0.634
contig00191_5        -            248 9341at72274          -            515   1.7e-15   55.6   0.1   1   2   0.00012      0.01   13.5   0.0     4    49     2    48     1    61 0.86 # 2972 # 3715 # 1 # ID=191_5;partial=00;start_type=ATG;rbs_motif=AGGAG;rbs_spacer=5-10bp;gc_cont=0.683
contig00191_5        -            248 9341at72274          -            515   1.7e-15   55.6   0.1   2   2   8.7e-13   7.5e-11   40.3   0.0   100   192   119   218   104   227 0.79 # 2972 # 3715 # 1 # ID=191_5;partial=00;start_type=ATG;rbs_motif=AGGAG;rbs_spacer=5-10bp;gc_cont=0.683
contig02371_1        -            205 9341at72274          -            515   2.1e-15   55.3   0.1   1   2    0.0012     0.099   10.2   0.0   278   309    19    50    13    62 0.78 # 3 # 617 # -1 # ID=2371_1;partial=10;start_type=ATG;rbs_motif=GGA/GAG/AGG;rbs_spacer=5-10bp;gc_cont=0.717
contig02371_1        -            205 9341at72274          -            515   2.1e-15   55.3   0.1   2   2     1e-13   8.7e-12   43.4   0.1   113   150   136   173    93   199 0.85 # 3 # 617 # -1 # ID=2371_1;partial=10;start_type=ATG;rbs_motif=GGA/GAG/AGG;rbs_spacer=5-10bp;gc_cont=0.717
contig00646_4        -            228 9341at72274          -            515   2.1e-15   55.3   1.6   1   2   2.5e-06   0.00022   19.0   0.1   274   311    20    57     3    73 0.78 # 1339 # 2022 # 1 # ID=646_4;partial=00;start_type=ATG;rbs_motif=GGA/GAG/AGG;rbs_spacer=5-10bp;gc_cont=0.693
contig00646_4        -            228 9341at72274          -            515   2.1e-15   55.3   1.6   2   2   1.8e-11   1.5e-09   36.0   0.2   100   190   126   223    96   226 0.79 # 1339 # 2022 # 1 # ID=646_4;partial=00;start_type=ATG;rbs_motif=GGA/GAG/AGG;rbs_spacer=5-10bp;gc_cont=0.693
contig02615_1        -            262 9341at72274          -            515   3.1e-15   54.8   0.3   1   2   8.9e-07   7.6e-05   20.5   0.0   277   311    17    51     2    76 0.73 # 3 # 788 # 1 # ID=2615_1;partial=11;start_type=Edge;rbs_motif=None;rbs_spacer=None;gc_cont=0.644
contig02615_1        -            262 9341at72274          -            515   3.1e-15   54.8   0.3   2   2   1.7e-10   1.4e-08   32.8   0.1   115   158   132   175   110   216 0.76 # 3 # 788 # 1 # ID=2615_1;partial=11;start_type=Edge;rbs_motif=None;rbs_spacer=None;gc_cont=0.644
contig00769_1        -            219 9341at72274          -            515   2.3e-14   51.9   0.4   1   2   3.3e-05    0.0029   15.3   0.1     2    50     8    57     7    73 0.84 # 3 # 659 # -1 # ID=769_1;partial=10;start_type=GTG;rbs_motif=GGAG/GAGG;rbs_spacer=5-10bp;gc_cont=0.706
contig00769_1        -            219 9341at72274          -            515   2.3e-14   51.9   0.4   2   2   3.7e-11   3.2e-09   34.9   0.0   116   180   145   217   139   218 0.85 # 3 # 659 # -1 # ID=769_1;partial=10;start_type=GTG;rbs_motif=GGAG/GAGG;rbs_spacer=5-10bp;gc_cont=0.706
contig00956_2        -            477 9341at72274          -            515   4.2e-14   51.0   5.3   1   3     5e-09   4.3e-07   27.9   1.0     4   189     9   223     6   243 0.68 # 610 # 2040 # 1 # ID=956_2;partial=01;start_type=ATG;rbs_motif=GGAG/GAGG;rbs_spacer=5-10bp;gc_cont=0.707
contig00956_2        -            477 9341at72274          -            515   4.2e-14   51.0   5.3   2   3     0.084       7.2    4.1   0.0    22    54   275   308   261   324 0.63 # 610 # 2040 # 1 # ID=956_2;partial=01;start_type=ATG;rbs_motif=GGAG/GAGG;rbs_spacer=5-10bp;gc_cont=0.707
contig00956_2        -            477 9341at72274          -            515   4.2e-14   51.0   5.3   3   3   5.2e-06   0.00045   17.9   0.0   114   152   397   435   373   475 0.76 # 610 # 2040 # 1 # ID=956_2;partial=01;start_type=ATG;rbs_motif=GGAG/GAGG;rbs_spacer=5-10bp;gc_cont=0.707
contig00463_2        -            370 9341at72274          -            515   5.3e-14   50.7   0.1   1   1   2.1e-15   1.8e-13   48.9   0.1     3   189    10   221     9   232 0.73 # 556 # 1665 # -1 # ID=463_2;partial=00;start_type=ATG;rbs_motif=GGA/GAG/AGG;rbs_spacer=5-10bp;gc_cont=0.654
contig02340_1        -            280 9341at72274          -            515   6.6e-14   50.4   0.3   1   2   8.9e-06   0.00077   17.2   0.0     5    49    33    80    30    99 0.76 # 82 # 921 # -1 # ID=2340_1;partial=01;start_type=Edge;rbs_motif=None;rbs_spacer=None;gc_cont=0.658
contig02340_1        -            280 9341at72274          -            515   6.6e-14   50.4   0.3   2   2   4.8e-10   4.1e-08   31.3   0.2   118   197   171   255   162   267 0.82 # 82 # 921 # -1 # ID=2340_1;partial=01;start_type=Edge;rbs_motif=None;rbs_spacer=None;gc_cont=0.658
contig00573_2        -            291 9341at72274          -            515   8.9e-14   49.9   0.3   1   2   0.00011    0.0098   13.5   0.1     4    50     6    53     3    80 0.74 # 1170 # 2042 # 1 # ID=573_2;partial=00;start_type=ATG;rbs_motif=GGA/GAG/AGG;rbs_spacer=5-10bp;gc_cont=0.647
contig00573_2        -            291 9341at72274          -            515   8.9e-14   49.9   0.3   2   2   4.3e-11   3.7e-09   34.7   0.0   114   188   180   262   155   284 0.79 # 1170 # 2042 # 1 # ID=573_2;partial=00;start_type=ATG;rbs_motif=GGA/GAG/AGG;rbs_spacer=5-10bp;gc_cont=0.647
contig00577_2        -            241 9341at72274          -            515   1.1e-13   49.6   1.0   1   2   5.7e-07   4.9e-05   21.1   0.1     4    51     2    50     1    66 0.90 # 255 # 977 # 1 # ID=577_2;partial=00;start_type=ATG;rbs_motif=GGAG/GAGG;rbs_spacer=5-10bp;gc_cont=0.665
contig00577_2        -            241 9341at72274          -            515   1.1e-13   49.6   1.0   2   2   6.3e-09   5.4e-07   27.6   0.1   104   185   123   211    95   219 0.78 # 255 # 977 # 1 # ID=577_2;partial=00;start_type=ATG;rbs_motif=GGAG/GAGG;rbs_spacer=5-10bp;gc_cont=0.665
contig00731_2        -            325 9341at72274          -            515   1.4e-13   49.3   0.7   1   2   0.00011    0.0093   13.6   0.0     1    48     1    53     1    63 0.81 # 1017 # 1991 # 1 # ID=731_2;partial=00;start_type=ATG;rbs_motif=AGGAG;rbs_spacer=5-10bp;gc_cont=0.693
contig00731_2        -            325 9341at72274          -            515   1.4e-13   49.3   0.7   2   2   5.7e-11   4.9e-09   34.3   0.1   108   186   143   229   123   235 0.79 # 1017 # 1991 # 1 # ID=731_2;partial=00;start_type=ATG;rbs_motif=AGGAG;rbs_spacer=5-10bp;gc_cont=0.693
contig00389_1        -            647 9341at72274          -            515   2.1e-13   48.7   0.2   1   2    0.0035       0.3    8.6   0.0    18    50   430   463   413   497 0.75 # 1 # 1941 # 1 # ID=389_1;partial=10;start_type=Edge;rbs_motif=None;rbs_spacer=None;gc_cont=0.676
contig00389_1        -            647 9341at72274          -            515   2.1e-13   48.7   0.2   2   2   3.7e-12   3.2e-10   38.2   0.0   117   203   551   640   529   646 0.77 # 1 # 1941 # 1 # ID=389_1;partial=10;start_type=Edge;rbs_motif=None;rbs_spacer=None;gc_cont=0.676
contig00296_2        -            597 9341at72274          -            515   2.6e-13   48.4   0.8   1   1   1.1e-14   9.1e-13   46.6   0.8     4   193   360   575   357   582 0.69 # 296 # 2086 # 1 # ID=296_2;partial=00;start_type=ATG;rbs_motif=GGA/GAG/AGG;rbs_spacer=11-12bp;gc_cont=0.678
contig01293_2        -            270 9341at72274          -            515   2.8e-13   48.3   0.2   1   2   0.00017     0.015   12.9   0.0   278   311    23    56     7    74 0.76 # 266 # 1075 # -1 # ID=1293_2;partial=00;start_type=ATG;rbs_motif=AGGAG;rbs_spacer=5-10bp;gc_cont=0.646
contig01293_2        -            270 9341at72274          -            515   2.8e-13   48.3   0.2   2   2   9.5e-11   8.1e-09   33.6   0.1   105   189   132   224   118   236 0.81 # 266 # 1075 # -1 # ID=1293_2;partial=00;start_type=ATG;rbs_motif=AGGAG;rbs_spacer=5-10bp;gc_cont=0.646
contig00573_3        -            236 9341at72274          -            515   4.9e-13   47.5   0.1   1   2   5.8e-09     5e-07   27.7   0.0     2    54     4    57     3    84 0.87 # 2039 # 2746 # 1 # ID=573_3;partial=01;start_type=ATG;rbs_motif=AGGAG;rbs_spacer=5-10bp;gc_cont=0.658
contig00573_3        -            236 9341at72274          -            515   4.9e-13   47.5   0.1   2   2     4e-06   0.00034   18.3   0.0   115   147   135   167    94   206 0.86 # 2039 # 2746 # 1 # ID=573_3;partial=01;start_type=ATG;rbs_motif=AGGAG;rbs_spacer=5-10bp;gc_cont=0.658
contig00826_3        -            233 9341at72274          -            515   4.9e-13   47.5   0.1   1   1   6.3e-14   5.4e-12   44.1   0.1     4   190     2   214     1   224 0.69 # 1174 # 1872 # 1 # ID=826_3;partial=00;start_type=ATG;rbs_motif=GGA/GAG/AGG;rbs_spacer=5-10bp;gc_cont=0.685
contig00826_2        -            286 9341at72274          -            515   5.2e-13   47.4   1.4   1   1   3.2e-13   2.7e-11   41.8   1.4     2   191    43   266    42   280 0.66 # 180 # 1037 # 1 # ID=826_2;partial=00;start_type=ATG;rbs_motif=AGGAG;rbs_spacer=5-10bp;gc_cont=0.675
contig00214_2        -            242 9341at72274          -            515   6.1e-13   47.2   0.3   1   1   8.8e-14   7.5e-12   43.6   0.3   277   451    17   214     3   219 0.71 # 246 # 971 # 1 # ID=214_2;partial=00;start_type=ATG;rbs_motif=GGA/GAG/AGG;rbs_spacer=5-10bp;gc_cont=0.631
contig01363_2        -            336 9341at72274          -            515   1.7e-12   45.8   0.1   1   2   0.00059     0.051   11.2   0.0    24    51    27    54     1    90 0.70 # 83 # 1090 # -1 # ID=1363_2;partial=00;start_type=GTG;rbs_motif=GGA/GAG/AGG;rbs_spacer=5-10bp;gc_cont=0.671
contig01363_2        -            336 9341at72274          -            515   1.7e-12   45.8   0.1   2   2   1.5e-10   1.3e-08   32.9   0.0   116   189   140   221   115   234 0.80 # 83 # 1090 # -1 # ID=1363_2;partial=00;start_type=GTG;rbs_motif=GGA/GAG/AGG;rbs_spacer=5-10bp;gc_cont=0.671
contig00306_4        -            311 9341at72274          -            515   2.9e-12   45.0   0.8   1   1   5.9e-13     5e-11   40.9   0.8     9   194    10   220     4   231 0.68 # 2174 # 3106 # 1 # ID=306_4;partial=00;start_type=ATG;rbs_motif=GGA/GAG/AGG;rbs_spacer=5-10bp;gc_cont=0.624
contig00945_1        -            308 9341at72274          -            515   3.3e-12   44.8   0.2   1   2     5e-05    0.0043   14.7   0.0   278   317    16    55     1    90 0.72 # 13 # 936 # -1 # ID=945_1;partial=00;start_type=ATG;rbs_motif=GGA/GAG/AGG;rbs_spacer=5-10bp;gc_cont=0.695
contig00945_1        -            308 9341at72274          -            515   3.3e-12   44.8   0.2   2   2   3.5e-09     3e-07   28.4   0.1   114   161   129   176   107   222 0.75 # 13 # 936 # -1 # ID=945_1;partial=00;start_type=ATG;rbs_motif=GGA/GAG/AGG;rbs_spacer=5-10bp;gc_cont=0.695
contig00498_3        -            234 9341at72274          -            515   3.7e-12   44.6   0.0   1   1   5.9e-14   5.1e-12   44.2   0.0     4   153     2   172     1   219 0.68 # 1927 # 2628 # 1 # ID=498_3;partial=00;start_type=ATG;rbs_motif=GGA/GAG/AGG;rbs_spacer=5-10bp;gc_cont=0.644
contig00028_7        -            361 9341at72274          -            515   3.9e-12   44.5   0.4   1   2   0.00075     0.065   10.8   0.0     7   311    10    54     5    71 0.53 # 7486 # 8568 # -1 # ID=28_7;partial=00;start_type=ATG;rbs_motif=None;rbs_spacer=None;gc_cont=0.676
contig00028_7        -            361 9341at72274          -            515   3.9e-12   44.5   0.4   2   2   3.1e-10   2.6e-08   31.9   0.1   116   187   135   214   108   228 0.71 # 7486 # 8568 # -1 # ID=28_7;partial=00;start_type=ATG;rbs_motif=None;rbs_spacer=None;gc_cont=0.676
contig00167_2        -            305 9341at72274          -            515   1.5e-11   42.6   1.3   1   1   1.5e-12   1.3e-10   39.5   1.3     1   156     1   167     1   257 0.69 # 850 # 1764 # 1 # ID=167_2;partial=00;start_type=ATG;rbs_motif=GGAG/GAGG;rbs_spacer=5-10bp;gc_cont=0.728
contig00183_3        -            285 9341at72274          -            515   2.2e-11   42.0   0.2   1   1   7.3e-13   6.2e-11   40.6   0.2    26   181    38   213     8   218 0.68 # 2276 # 3130 # 1 # ID=183_3;partial=00;start_type=ATG;rbs_motif=GGAGG;rbs_spacer=5-10bp;gc_cont=0.712
contig00498_2        -            256 9341at72274          -            515   2.9e-11   41.7   0.3   1   2   0.00053     0.046   11.3   0.0     4    75     6    81     4   109 0.68 # 1157 # 1924 # 1 # ID=498_2;partial=00;start_type=ATG;rbs_motif=GGAG/GAGG;rbs_spacer=5-10bp;gc_cont=0.652
contig00498_2        -            256 9341at72274          -            515   2.9e-11   41.7   0.3   2   2   2.9e-09   2.5e-07   28.7   0.0   114   187   150   231   126   237 0.80 # 1157 # 1924 # 1 # ID=498_2;partial=00;start_type=ATG;rbs_motif=GGAG/GAGG;rbs_spacer=5-10bp;gc_cont=0.652
contig00242_1        -            335 9341at72274          -            515   3.4e-11   41.4   0.1   1   1   1.1e-12   9.7e-11   39.9   0.1    33   188     4   186     1   194 0.66 # 3 # 1007 # 1 # ID=242_1;partial=10;start_type=Edge;rbs_motif=None;rbs_spacer=None;gc_cont=0.693
contig00404_3        -            387 9341at72274          -            515   4.2e-11   41.1   0.3   1   1   1.4e-12   1.2e-10   39.6   0.3     1   191     1   217     1   226 0.67 # 1639 # 2799 # 1 # ID=404_3;partial=00;start_type=ATG;rbs_motif=AGGA/GGAG/GAGG;rbs_spacer=11-12bp;gc_cont=0.671
contig00718_2        -            283 9341at72274          -            515   5.2e-11   40.8   0.1   1   1   4.2e-12   3.6e-10   38.1   0.1    20   180    37   220    15   225 0.63 # 1024 # 1872 # 1 # ID=718_2;partial=00;start_type=ATG;rbs_motif=GGA/GAG/AGG;rbs_spacer=5-10bp;gc_cont=0.702
contig01739_1        -            263 9341at72274          -            515   8.6e-11   40.1   0.1   1   1   1.4e-12   1.2e-10   39.6   0.1   104   190    21   115     2   121 0.77 # 1 # 789 # 1 # ID=1739_1;partial=10;start_type=Edge;rbs_motif=None;rbs_spacer=None;gc_cont=0.678
contig00588_3        -            162 9341at72274          -            515   1.3e-10   39.5   0.1   1   1   1.9e-12   1.6e-10   39.2   0.1   105   177    62   142    49   156 0.73 # 2226 # 2711 # -1 # ID=588_3;partial=01;start_type=Edge;rbs_motif=None;rbs_spacer=None;gc_cont=0.706
contig00120_4        -            234 9341at72274          -            515   1.7e-10   39.1   0.0   1   1   4.2e-12   3.6e-10   38.0   0.0    25   189    36   218    16   225 0.77 # 1692 # 2393 # -1 # ID=120_4;partial=00;start_type=ATG;rbs_motif=None;rbs_spacer=None;gc_cont=0.712
contig00349_2        -            278 9341at72274          -            515   1.9e-10   39.0   0.2   1   2    0.0056      0.48    7.9   0.0     8    75    35   103    29   120 0.69 # 946 # 1779 # 1 # ID=349_2;partial=00;start_type=ATG;rbs_motif=GGAG/GAGG;rbs_spacer=5-10bp;gc_cont=0.629
contig00349_2        -            278 9341at72274          -            515   1.9e-10   39.0   0.2   2   2   1.8e-09   1.6e-07   29.3   0.0    93   172   146   234   132   259 0.72 # 946 # 1779 # 1 # ID=349_2;partial=00;start_type=ATG;rbs_motif=GGAG/GAGG;rbs_spacer=5-10bp;gc_cont=0.629
contig01200_1        -            266 9341at72274          -            515   2.4e-10   38.6   0.1   1   2      0.28        24    2.3   0.0   280   309    21    50     7    64 0.75 # 19 # 816 # -1 # ID=1200_1;partial=00;start_type=ATG;rbs_motif=AGGA;rbs_spacer=5-10bp;gc_cont=0.707
contig01200_1        -            266 9341at72274          -            515   2.4e-10   38.6   0.1   2   2   5.7e-11   4.9e-09   34.3   0.1   373   434   134   199   128   236 0.84 # 19 # 816 # -1 # ID=1200_1;partial=00;start_type=ATG;rbs_motif=AGGA;rbs_spacer=5-10bp;gc_cont=0.707
contig00515_2        -            279 9341at72274          -            515   2.7e-10   38.4   0.4   1   2     9e-05    0.0077   13.9   0.1     9    50    10    52     2    68 0.71 # 368 # 1204 # -1 # ID=515_2;partial=00;start_type=ATG;rbs_motif=GGAGG;rbs_spacer=5-10bp;gc_cont=0.687
contig00515_2        -            279 9341at72274          -            515   2.7e-10   38.4   0.4   2   2   1.3e-07   1.1e-05   23.2   0.0   112   160   147   195    80   215 0.79 # 368 # 1204 # -1 # ID=515_2;partial=00;start_type=ATG;rbs_motif=GGAGG;rbs_spacer=5-10bp;gc_cont=0.687
contig00033_7        -            279 9341at72274          -            515   3.8e-10   38.0   0.4   1   1   1.9e-11   1.6e-09   35.9   0.4    19   181    25   211     4   225 0.54 # 7285 # 8121 # 1 # ID=33_7;partial=00;start_type=ATG;rbs_motif=GGAG/GAGG;rbs_spacer=5-10bp;gc_cont=0.723
contig02856_1        -            225 9341at72274          -            515   7.9e-10   36.9   0.0   1   1   1.4e-09   1.2e-07   29.7   0.0    17   149    63   216    59   224 0.53 # 3 # 677 # -1 # ID=2856_1;partial=11;start_type=Edge;rbs_motif=None;rbs_spacer=None;gc_cont=0.747
contig02609_1        -            242 9341at72274          -            515   1.2e-09   36.3   0.8   1   1   1.1e-10   9.2e-09   33.4   0.8    25   187    55   233    53   239 0.66 # 68 # 793 # -1 # ID=2609_1;partial=01;start_type=Edge;rbs_motif=None;rbs_spacer=None;gc_cont=0.602
contig02819_1        -            231 9341at72274          -            515   1.3e-09   36.2   0.1   1   2    0.0082       0.7    7.4   0.0   282   312    55    85    47   110 0.71 # 3 # 695 # 1 # ID=2819_1;partial=11;start_type=Edge;rbs_motif=None;rbs_spacer=None;gc_cont=0.739
contig02819_1        -            231 9341at72274          -            515   1.3e-09   36.2   0.1   2   2   2.5e-09   2.1e-07   28.9   0.1    93   168   147   229    61   231 0.55 # 3 # 695 # 1 # ID=2819_1;partial=11;start_type=Edge;rbs_motif=None;rbs_spacer=None;gc_cont=0.739
contig01341_1        -            235 9341at72274          -            515   1.3e-09   36.2   0.0   1   1   1.9e-11   1.6e-09   35.9   0.0   117   193     2    86     1   117 0.79 # 2 # 706 # 1 # ID=1341_1;partial=10;start_type=Edge;rbs_motif=None;rbs_spacer=None;gc_cont=0.655
contig00381_1        -            145 9341at72274          -            515   2.2e-09   35.5   0.1   1   1     3e-11   2.6e-09   35.2   0.1   118   194    40   121    31   138 0.86 # 2 # 436 # 1 # ID=381_1;partial=10;start_type=Edge;rbs_motif=None;rbs_spacer=None;gc_cont=0.713
contig00048_6        -            103 9341at72274          -            515     3e-09   35.0   0.0   1   1   3.5e-11     3e-09   35.0   0.0   125   191     2    75     1   100 0.80 # 7518 # 7826 # -1 # ID=48_6;partial=01;start_type=Edge;rbs_motif=None;rbs_spacer=None;gc_cont=0.650
contig01633_3        -            144 9341at72274          -            515   9.5e-09   33.4   0.1   1   1   1.4e-10   1.2e-08   33.1   0.1   117   194    36   118    29   128 0.79 # 920 # 1351 # -1 # ID=1633_3;partial=01;start_type=Edge;rbs_motif=None;rbs_spacer=None;gc_cont=0.683
contig00059_7        -            268 9341at72274          -            515   1.2e-08   33.0   0.1   1   2   1.8e-05    0.0015   16.2   0.0     9    50    10    51     1    65 0.77 # 5637 # 6440 # -1 # ID=59_7;partial=00;start_type=GTG;rbs_motif=None;rbs_spacer=None;gc_cont=0.731
contig00059_7        -            268 9341at72274          -            515   1.2e-08   33.0   0.1   2   2   3.7e-05    0.0032   15.1   0.0   379   431   146   202    95   209 0.70 # 5637 # 6440 # -1 # ID=59_7;partial=00;start_type=GTG;rbs_motif=None;rbs_spacer=None;gc_cont=0.731
contig01349_2        -            241 9341at72274          -            515   1.7e-08   32.5   0.1   1   1   3.2e-10   2.7e-08   31.9   0.1   117   188    15    94     9   102 0.84 # 855 # 1577 # -1 # ID=1349_2;partial=01;start_type=Edge;rbs_motif=None;rbs_spacer=None;gc_cont=0.657
contig03010_1        -            204 9341at72274          -            515   2.1e-08   32.2   0.3   1   2     0.027       2.3    5.7   0.1   279   308    14    43     4    81 0.71 # 1 # 612 # 1 # ID=3010_1;partial=11;start_type=Edge;rbs_motif=None;rbs_spacer=None;gc_cont=0.649
contig03010_1        -            204 9341at72274          -            515   2.1e-08   32.2   0.3   2   2   4.4e-08   3.8e-06   24.8   0.0   117   170   134   195   121   203 0.82 # 1 # 612 # 1 # ID=3010_1;partial=11;start_type=Edge;rbs_motif=None;rbs_spacer=None;gc_cont=0.649
contig02944_1        -            170 9341at72274          -            515   3.8e-08   31.4   0.0   1   1   5.1e-10   4.4e-08   31.2   0.0   116   172    83   147    48   162 0.78 # 2 # 511 # 1 # ID=2944_1;partial=10;start_type=Edge;rbs_motif=None;rbs_spacer=None;gc_cont=0.706
contig00878_2        -            240 9341at72274          -            515   4.9e-08   31.0   0.1   1   2     0.056       4.8    4.6   0.0    27   309    30    51    10    65 0.70 # 1098 # 1817 # 1 # ID=878_2;partial=00;start_type=ATG;rbs_motif=None;rbs_spacer=None;gc_cont=0.750
contig00878_2        -            240 9341at72274          -            515   4.9e-08   31.0   0.1   2   2   5.4e-08   4.6e-06   24.5   0.1   101   150   131   180   123   215 0.84 # 1098 # 1817 # 1 # ID=878_2;partial=00;start_type=ATG;rbs_motif=None;rbs_spacer=None;gc_cont=0.750
contig02472_1        -            123 9341at72274          -            515   8.6e-08   30.2   0.0   1   1   1.1e-09   9.9e-08   30.0   0.0   264   350     8    97     2   111 0.79 # 2 # 370 # -1 # ID=2472_1;partial=10;start_type=TTG;rbs_motif=GGAG/GAGG;rbs_spacer=5-10bp;gc_cont=0.667
contig01105_3        -            163 9341at72274          -            515   1.2e-07   29.7   0.0   1   1   1.5e-09   1.3e-07   29.6   0.0   112   184    71   150    20   159 0.76 # 1350 # 1838 # -1 # ID=1105_3;partial=01;start_type=Edge;rbs_motif=None;rbs_spacer=None;gc_cont=0.701
contig02722_2        -            141 9341at72274          -            515   1.3e-07   29.6   0.5   1   2     5e-09   4.3e-07   27.9   0.4   380   416    35    71    27    94 0.84 # 322 # 744 # -1 # ID=2722_2;partial=01;start_type=Edge;rbs_motif=None;rbs_spacer=None;gc_cont=0.709
contig02722_2        -            141 9341at72274          -            515   1.3e-07   29.6   0.5   2   2       1.6   1.4e+02   -0.2   0.0   120   140    81   103    72   108 0.63 # 322 # 744 # -1 # ID=2722_2;partial=01;start_type=Edge;rbs_motif=None;rbs_spacer=None;gc_cont=0.709
contig00897_2        -            265 9341at72274          -            515   1.4e-07   29.5   0.2   1   2   0.00039     0.033   11.8   0.0    25    58    29    65    15   131 0.70 # 406 # 1200 # -1 # ID=897_2;partial=00;start_type=ATG;rbs_motif=GGAG/GAGG;rbs_spacer=5-10bp;gc_cont=0.692
contig00897_2        -            265 9341at72274          -            515   1.4e-07   29.5   0.2   2   2   1.8e-05    0.0016   16.2   0.1   378   439   147   214   135   237 0.64 # 406 # 1200 # -1 # ID=897_2;partial=00;start_type=ATG;rbs_motif=GGAG/GAGG;rbs_spacer=5-10bp;gc_cont=0.692
contig00002_13       -            884 9341at72274          -            515   9.8e-07   26.7   0.1   1   2      0.16        13    3.2   0.0   379   438   414   479   407   486 0.69 # 12339 # 14990 # -1 # ID=2_13;partial=00;start_type=ATG;rbs_motif=AGGA;rbs_spacer=5-10bp;gc_cont=0.679
contig00002_13       -            884 9341at72274          -            515   9.8e-07   26.7   0.1   2   2   5.8e-07     5e-05   21.1   0.0   343   447   732   840   708   849 0.76 # 12339 # 14990 # -1 # ID=2_13;partial=00;start_type=ATG;rbs_motif=AGGA;rbs_spacer=5-10bp;gc_cont=0.679
contig03279_1        -            173 9341at72274          -            515   1.4e-06   26.2   0.0   1   1     2e-08   1.7e-06   25.9   0.0   378   436    72   139    54   154 0.82 # 1 # 519 # -1 # ID=3279_1;partial=11;start_type=Edge;rbs_motif=None;rbs_spacer=None;gc_cont=0.730
contig02782_1        -            166 9341at72274          -            515   2.4e-06   25.4   0.1   1   1   3.3e-08   2.9e-06   25.2   0.1   123   183     1    69     1    84 0.77 # 2 # 499 # 1 # ID=2782_1;partial=10;start_type=Edge;rbs_motif=None;rbs_spacer=None;gc_cont=0.687
contig00385_1        -             99 9341at72274          -            515   2.9e-06   25.2   0.0   1   1   3.8e-08   3.2e-06   25.0   0.0     3    53     4    55     1    63 0.91 # 1 # 297 # -1 # ID=385_1;partial=10;start_type=ATG;rbs_motif=GGAGG;rbs_spacer=5-10bp;gc_cont=0.697
contig03154_1        -            146 9341at72274          -            515   6.7e-06   24.0   0.0   1   1   9.7e-08   8.3e-06   23.7   0.0   116   181    27   100     6   110 0.74 # 1 # 438 # 1 # ID=3154_1;partial=10;start_type=Edge;rbs_motif=None;rbs_spacer=None;gc_cont=0.699
contig02377_2        -             84 9341at72274          -            515   9.6e-06   23.4   0.0   1   1   1.3e-07   1.1e-05   23.2   0.0     3    58     5    64     2    73 0.87 # 644 # 895 # 1 # ID=2377_2;partial=01;start_type=GTG;rbs_motif=None;rbs_spacer=None;gc_cont=0.679
contig01473_1        -            338 9341at72274          -            515   1.7e-05   22.6   0.1   1   1   2.5e-07   2.2e-05   22.3   0.1   109   220    53   173    24   217 0.76 # 3 # 1016 # 1 # ID=1473_1;partial=10;start_type=Edge;rbs_motif=None;rbs_spacer=None;gc_cont=0.664
contig01978_2        -             77 9341at72274          -            515     4e-05   21.4   0.0   1   1     5e-07   4.3e-05   21.3   0.0     5    56    13    68    10    73 0.79 # 868 # 1098 # 1 # ID=1978_2;partial=01;start_type=ATG;rbs_motif=None;rbs_spacer=None;gc_cont=0.680
contig01158_1        -            144 9341at72274          -            515   4.6e-05   21.2   0.1   1   1   6.3e-07   5.4e-05   21.0   0.1   378   443    26    95     8   106 0.73 # 1 # 432 # 1 # ID=1158_1;partial=10;start_type=Edge;rbs_motif=None;rbs_spacer=None;gc_cont=0.674
contig03178_2        -            128 9341at72274          -            515   9.9e-05   20.1   0.1   1   1   1.4e-06   0.00012   19.8   0.1     5    56    10    65     7    74 0.80 # 177 # 560 # 1 # ID=3178_2;partial=01;start_type=ATG;rbs_motif=GGA/GAG/AGG;rbs_spacer=5-10bp;gc_cont=0.703
contig03261_1        -            175 9341at72274          -            515    0.0001   20.0   0.0   1   1   1.4e-06   0.00012   19.8   0.0   277   319    99   141    65   163 0.79 # 2 # 526 # 1 # ID=3261_1;partial=11;start_type=Edge;rbs_motif=None;rbs_spacer=None;gc_cont=0.674
contig00058_8        -            115 9341at72274          -            515   0.00017   19.3   0.0   1   1   2.3e-06   0.00019   19.1   0.0     4    51     2    50     1    68 0.84 # 7127 # 7471 # 1 # ID=58_8;partial=01;start_type=ATG;rbs_motif=GGA/GAG/AGG;rbs_spacer=5-10bp;gc_cont=0.600
contig01850_2        -            143 9341at72274          -            515   0.00021   19.0   0.0   1   1   2.4e-06   0.00021   19.0   0.0     3    52     5    59     3   133 0.88 # 751 # 1179 # 1 # ID=1850_2;partial=01;start_type=ATG;rbs_motif=GGAG/GAGG;rbs_spacer=5-10bp;gc_cont=0.713
contig01445_1        -             74 9341at72274          -            515   0.00028   18.6   0.0   1   1   3.3e-06   0.00029   18.6   0.0   271   311    25    65     9    72 0.84 # 1 # 222 # -1 # ID=1445_1;partial=10;start_type=ATG;rbs_motif=GGAG/GAGG;rbs_spacer=5-10bp;gc_cont=0.694
contig03286_2        -            138 9341at72274          -            515   0.00049   17.8   0.0   1   1   6.6e-06   0.00057   17.6   0.0     3    52    10    65     8    79 0.81 # 102 # 515 # 1 # ID=3286_2;partial=01;start_type=ATG;rbs_motif=None;rbs_spacer=None;gc_cont=0.688
contig00226_4        -             89 9341at72274          -            515   0.00068   17.4   0.0   1   1   9.2e-06   0.00079   17.1   0.0     3    51    22    71    20    85 0.79 # 3920 # 4186 # 1 # ID=226_4;partial=01;start_type=ATG;rbs_motif=GGAG/GAGG;rbs_spacer=5-10bp;gc_cont=0.622
contig01188_2        -            238 9341at72274          -            515     0.001   16.8   0.0   1   1   1.9e-05    0.0016   16.1   0.0   375   434   118   181    94   205 0.60 # 1019 # 1732 # -1 # ID=1188_2;partial=01;start_type=Edge;rbs_motif=None;rbs_spacer=None;gc_cont=0.742
contig02191_1        -             44 9341at72274          -            515    0.0035   15.0   0.0   1   1   4.1e-05    0.0035   15.0   0.0     4    45     2    44     1    44 0.81 # 1 # 132 # -1 # ID=2191_1;partial=10;start_type=ATG;rbs_motif=GGxGG;rbs_spacer=5-10bp;gc_cont=0.644
contig02733_2        -            121 9341at72274          -            515    0.0052   14.4   0.1   1   1   6.6e-05    0.0056   14.3   0.1   128   157     2    31     1    76 0.70 # 373 # 735 # -1 # ID=2733_2;partial=01;start_type=Edge;rbs_motif=None;rbs_spacer=None;gc_cont=0.683
contig00359_3        -            149 9341at72274          -            515    0.0067   14.1   0.0   1   1    0.0002     0.017   12.7   0.0   277   314    22    59    16   149 0.62 # 3016 # 3462 # 1 # ID=359_3;partial=01;start_type=ATG;rbs_motif=GGA/GAG/AGG;rbs_spacer=5-10bp;gc_cont=0.655
contig01568_1        -             93 9341at72274          -            515    0.0084   13.7   0.0   1   1   9.8e-05    0.0084   13.7   0.0   138   189     3    59     1    87 0.77 # 3 # 281 # 1 # ID=1568_1;partial=10;start_type=Edge;rbs_motif=None;rbs_spacer=None;gc_cont=0.703
contig00568_4        -            129 9341at72274          -            515    0.0085   13.7   0.3   1   2       7.8   6.7e+02   -2.4   0.0     1    28     1    27     1    41 0.65 # 2373 # 2759 # 1 # ID=568_4;partial=01;start_type=ATG;rbs_motif=GGA/GAG/AGG;rbs_spacer=5-10bp;gc_cont=0.649
contig00568_4        -            129 9341at72274          -            515    0.0085   13.7   0.3   2   2   0.00016     0.014   13.0   0.2    25    57    50    82    38   121 0.68 # 2373 # 2759 # 1 # ID=568_4;partial=01;start_type=ATG;rbs_motif=GGA/GAG/AGG;rbs_spacer=5-10bp;gc_cont=0.649
contig00801_3        -            164 9341at72274          -            515     0.012   13.3   0.0   1   1   0.00016     0.013   13.1   0.0    20    57    36    77    18    93 0.59 # 1786 # 2277 # 1 # ID=801_3;partial=01;start_type=ATG;rbs_motif=GGAGG;rbs_spacer=5-10bp;gc_cont=0.720
contig03027_1        -             60 9341at72274          -            515     0.015   12.9   0.0   1   1   0.00017     0.015   12.9   0.0   273   308    24    59     4    60 0.81 # 430 # 609 # 1 # ID=3027_1;partial=01;start_type=ATG;rbs_motif=None;rbs_spacer=None;gc_cont=0.600
#
# Program:         hmmsearch
# Version:         3.1b2 (February 2015)
# Pipeline mode:   SEARCH
# Query file:      /home/johngn/Microbial-Genomics-Journey-Workshop-2023/Reads_session_3/busco_downloads/lineages/pseudomonadales_odb10/hmms/9341at72274.hmm
# Target file:     /home/johngn/Microbial-Genomics-Journey-Workshop-2023/Reads_session_3/busco_op4/prodigal_output/predicted_genes/predicted.faa
# Option settings: hmmsearch --domtblout /home/johngn/Microbial-Genomics-Journey-Workshop-2023/Reads_session_3/busco_op4/run_pseudomonadales_odb10/hmmer_output/9341at72274.out --cpu 1 /home/johngn/Microbial-Genomics-Journey-Workshop-2023/Reads_session_3/busco_downloads/lineages/pseudomonadales_odb10/hmms/9341at72274.hmm /home/johngn/Microbial-Genomics-Journey-Workshop-2023/Reads_session_3/busco_op4/prodigal_output/predicted_genes/predicted.faa 
# Current dir:     /home/johngn/Microbial-Genomics-Journey-Workshop-2023/Reads_session_3
# Date:            Wed Mar  8 17:01:47 2023
# [ok]
