#                                                                            --- full sequence --- -------------- this domain -------------   hmm coord   ali coord   env coord
# target name        accession   tlen query name           accession   qlen   E-value  score  bias   #  of  c-Evalue  i-Evalue  score  bias  from    to  from    to  from    to  acc description of target
#------------------- ---------- ----- -------------------- ---------- ----- --------- ------ ----- --- --- --------- --------- ------ ----- ----- ----- ----- ----- ----- ----- ---- ---------------------
contig01403_2        -            437 9430at72274          -            446  3.3e-144  479.6   0.1   1   2   1.6e-25   1.7e-22   78.4   0.0     1    72    14    93    14    99 0.87 # 228 # 1538 # 1 # ID=1403_2;partial=01;start_type=ATG;rbs_motif=AGGA;rbs_spacer=5-10bp;gc_cont=0.648
contig01403_2        -            437 9430at72274          -            446  3.3e-144  479.6   0.1   2   2  6.7e-123  7.1e-120  399.4   0.0    63   347   105   430    99   437 0.89 # 228 # 1538 # 1 # ID=1403_2;partial=01;start_type=ATG;rbs_motif=AGGA;rbs_spacer=5-10bp;gc_cont=0.648
contig00204_5        -            337 9430at72274          -            446   3.6e-84  281.7   0.0   1   1   2.1e-84   2.2e-81  272.5   0.0     1   272     9   329     9   337 0.82 # 3339 # 4349 # 1 # ID=204_5;partial=01;start_type=ATG;rbs_motif=None;rbs_spacer=None;gc_cont=0.657
contig00300_6        -            119 9430at72274          -            446   4.3e-32  110.1   0.1   1   1   4.5e-35   4.7e-32  109.9   0.1   356   446     1   104     1   104 0.91 # 3395 # 3751 # -1 # ID=300_6;partial=01;start_type=Edge;rbs_motif=None;rbs_spacer=None;gc_cont=0.709
contig02561_1        -            270 9430at72274          -            446   3.2e-22   77.5   0.0   1   2      0.09        95    0.2   0.0    96   127    21    54    10    67 0.75 # 2 # 811 # -1 # ID=2561_1;partial=11;start_type=Edge;rbs_motif=None;rbs_spacer=None;gc_cont=0.662
contig02561_1        -            270 9430at72274          -            446   3.2e-22   77.5   0.0   2   2   2.6e-24   2.7e-21   74.5   0.0   123   266    71   228    24   233 0.84 # 2 # 811 # -1 # ID=2561_1;partial=11;start_type=Edge;rbs_motif=None;rbs_spacer=None;gc_cont=0.662
contig00810_3        -            110 9430at72274          -            446     1e-09   36.4   0.0   1   1   1.1e-12   1.2e-09   36.1   0.0   391   435    24    68     3    71 0.88 # 1931 # 2260 # -1 # ID=810_3;partial=01;start_type=Edge;rbs_motif=None;rbs_spacer=None;gc_cont=0.700
contig01736_1        -             43 9430at72274          -            446   2.5e-06   25.2   0.0   1   1   2.7e-09   2.8e-06   25.0   0.0   425   446     1    22     1    22 0.97 # 1 # 129 # 1 # ID=1736_1;partial=10;start_type=Edge;rbs_motif=None;rbs_spacer=None;gc_cont=0.667
contig00084_2        -            824 9430at72274          -            446   0.00019   18.9   0.0   1   2   3.4e-05     0.036   11.5   0.0   184   259   419   487   396   583 0.71 # 614 # 3085 # -1 # ID=84_2;partial=00;start_type=ATG;rbs_motif=None;rbs_spacer=None;gc_cont=0.642
contig00084_2        -            824 9430at72274          -            446   0.00019   18.9   0.0   2   2    0.0037       3.9    4.8   0.0   349   435   659   749   635   755 0.65 # 614 # 3085 # -1 # ID=84_2;partial=00;start_type=ATG;rbs_motif=None;rbs_spacer=None;gc_cont=0.642
contig03237_2        -            131 9430at72274          -            446   0.00021   18.8   0.1   1   1   2.5e-07   0.00026   18.5   0.1     4    64    26    91    21   110 0.76 # 147 # 539 # 1 # ID=3237_2;partial=01;start_type=ATG;rbs_motif=None;rbs_spacer=None;gc_cont=0.656
#
# Program:         hmmsearch
# Version:         3.1b2 (February 2015)
# Pipeline mode:   SEARCH
# Query file:      /home/johngn/Microbial-Genomics-Journey-Workshop-2023/Reads_session_3/busco_downloads/lineages/pseudomonadales_odb10/hmms/9430at72274.hmm
# Target file:     /home/johngn/Microbial-Genomics-Journey-Workshop-2023/Reads_session_3/busco_op4/prodigal_output/predicted_genes/predicted.faa
# Option settings: hmmsearch --domtblout /home/johngn/Microbial-Genomics-Journey-Workshop-2023/Reads_session_3/busco_op4/run_pseudomonadales_odb10/hmmer_output/9430at72274.out --cpu 1 /home/johngn/Microbial-Genomics-Journey-Workshop-2023/Reads_session_3/busco_downloads/lineages/pseudomonadales_odb10/hmms/9430at72274.hmm /home/johngn/Microbial-Genomics-Journey-Workshop-2023/Reads_session_3/busco_op4/prodigal_output/predicted_genes/predicted.faa 
# Current dir:     /home/johngn/Microbial-Genomics-Journey-Workshop-2023/Reads_session_3
# Date:            Wed Mar  8 17:01:47 2023
# [ok]
