#                                                                            --- full sequence --- -------------- this domain -------------   hmm coord   ali coord   env coord
# target name        accession   tlen query name           accession   qlen   E-value  score  bias   #  of  c-Evalue  i-Evalue  score  bias  from    to  from    to  from    to  acc description of target
#------------------- ---------- ----- -------------------- ---------- ----- --------- ------ ----- --- --- --------- --------- ------ ----- ----- ----- ----- ----- ----- ----- ---- ---------------------
contig02312_1        -            310 9608at72274          -            584  5.6e-139  463.0   0.3   1   1    4e-142  6.7e-139  462.8   0.3   121   359    69   310    60   310 0.97 # 3 # 932 # -1 # ID=2312_1;partial=11;start_type=Edge;rbs_motif=None;rbs_spacer=None;gc_cont=0.666
contig00910_3        -            222 9608at72274          -            584  1.9e-114  382.0   4.5   1   2   3.7e-87   6.3e-84  281.3   0.8   393   526     1   135     1   137 0.98 # 1444 # 2109 # -1 # ID=910_3;partial=01;start_type=Edge;rbs_motif=None;rbs_spacer=None;gc_cont=0.665
contig00910_3        -            222 9608at72274          -            584  1.9e-114  382.0   4.5   2   2   5.1e-33   8.6e-30  102.5   0.2   523   584   154   215   150   215 0.97 # 1444 # 2109 # -1 # ID=910_3;partial=01;start_type=Edge;rbs_motif=None;rbs_spacer=None;gc_cont=0.665
contig00053_4        -            327 9608at72274          -            584   3.3e-21   74.2   0.4   1   2      0.19   3.1e+02   -1.7   0.1   424   458    77   111    55   135 0.72 # 1848 # 2828 # 1 # ID=53_4;partial=00;start_type=ATG;rbs_motif=AGGA;rbs_spacer=5-10bp;gc_cont=0.642
contig00053_4        -            327 9608at72274          -            584   3.3e-21   74.2   0.4   2   2   4.4e-24   7.4e-21   73.0   0.0   523   583   165   225   160   226 0.96 # 1848 # 2828 # 1 # ID=53_4;partial=00;start_type=ATG;rbs_motif=AGGA;rbs_spacer=5-10bp;gc_cont=0.642
contig01896_2        -            121 9608at72274          -            584   2.5e-18   64.7   0.1   1   1   1.8e-21     3e-18   64.4   0.1     2    62    37   104    36   109 0.86 # 782 # 1144 # 1 # ID=1896_2;partial=01;start_type=GTG;rbs_motif=None;rbs_spacer=None;gc_cont=0.617
contig01170_1        -            281 9608at72274          -            584      0.57    7.3   2.8   1   1   0.00042      0.72    7.0   2.8    33    86   106   159    73   191 0.75 # 2 # 844 # 1 # ID=1170_1;partial=10;start_type=Edge;rbs_motif=None;rbs_spacer=None;gc_cont=0.726
#
# Program:         hmmsearch
# Version:         3.1b2 (February 2015)
# Pipeline mode:   SEARCH
# Query file:      /home/johngn/Microbial-Genomics-Journey-Workshop-2023/Reads_session_3/busco_downloads/lineages/pseudomonadales_odb10/hmms/9608at72274.hmm
# Target file:     /home/johngn/Microbial-Genomics-Journey-Workshop-2023/Reads_session_3/busco_op4/prodigal_output/predicted_genes/predicted.faa
# Option settings: hmmsearch --domtblout /home/johngn/Microbial-Genomics-Journey-Workshop-2023/Reads_session_3/busco_op4/run_pseudomonadales_odb10/hmmer_output/9608at72274.out --cpu 1 /home/johngn/Microbial-Genomics-Journey-Workshop-2023/Reads_session_3/busco_downloads/lineages/pseudomonadales_odb10/hmms/9608at72274.hmm /home/johngn/Microbial-Genomics-Journey-Workshop-2023/Reads_session_3/busco_op4/prodigal_output/predicted_genes/predicted.faa 
# Current dir:     /home/johngn/Microbial-Genomics-Journey-Workshop-2023/Reads_session_3
# Date:            Wed Mar  8 17:01:47 2023
# [ok]
