#                                                                            --- full sequence --- -------------- this domain -------------   hmm coord   ali coord   env coord
# target name        accession   tlen query name           accession   qlen   E-value  score  bias   #  of  c-Evalue  i-Evalue  score  bias  from    to  from    to  from    to  acc description of target
#------------------- ---------- ----- -------------------- ---------- ----- --------- ------ ----- --- --- --------- --------- ------ ----- ----- ----- ----- ----- ----- ----- ---- ---------------------
contig00436_2        -            595 9781at72274          -            444  4.1e-227  752.8   2.1   1   2  2.1e-204  1.1e-201  669.1   0.4     3   373    71   487    69   492 0.93 # 114 # 1898 # 1 # ID=436_2;partial=00;start_type=ATG;rbs_motif=GGAG/GAGG;rbs_spacer=5-10bp;gc_cont=0.679
contig00436_2        -            595 9781at72274          -            444  4.1e-227  752.8   2.1   2   2   1.5e-26   7.6e-24   82.9   0.1   372   444   513   589   509   589 0.94 # 114 # 1898 # 1 # ID=436_2;partial=00;start_type=ATG;rbs_motif=GGAG/GAGG;rbs_spacer=5-10bp;gc_cont=0.679
contig00198_2        -            576 9781at72274          -            444  2.6e-112  374.4   1.2   1   2  7.4e-101   3.7e-98  327.8   0.2   101   376   183   469   167   479 0.92 # 424 # 2151 # -1 # ID=198_2;partial=00;start_type=ATG;rbs_motif=GGA/GAG/AGG;rbs_spacer=5-10bp;gc_cont=0.643
contig00198_2        -            576 9781at72274          -            444  2.6e-112  374.4   1.2   2   2   2.8e-15   1.4e-12   45.7   0.0   373   443   499   573   473   574 0.91 # 424 # 2151 # -1 # ID=198_2;partial=00;start_type=ATG;rbs_motif=GGA/GAG/AGG;rbs_spacer=5-10bp;gc_cont=0.643
contig02188_1        -            329 9781at72274          -            444   1.7e-93  312.4   1.7   1   2   5.3e-83   2.6e-80  269.0   0.4   155   374     2   231     1   240 0.93 # 1 # 987 # 1 # ID=2188_1;partial=11;start_type=Edge;rbs_motif=None;rbs_spacer=None;gc_cont=0.602
contig02188_1        -            329 9781at72274          -            444   1.7e-93  312.4   1.7   2   2   2.1e-14     1e-11   42.9   0.0   373   442   257   329   248   329 0.90 # 1 # 987 # 1 # ID=2188_1;partial=11;start_type=Edge;rbs_motif=None;rbs_spacer=None;gc_cont=0.602
contig02901_1        -            219 9781at72274          -            444   2.2e-71  239.6   5.4   1   2   1.1e-71   5.6e-69  231.6   0.3   225   373    28   176    10   189 0.95 # 1 # 657 # 1 # ID=2901_1;partial=11;start_type=Edge;rbs_motif=None;rbs_spacer=None;gc_cont=0.696
contig02901_1        -            219 9781at72274          -            444   2.2e-71  239.6   5.4   2   2   0.00014     0.068   10.5   0.7   372   391   200   219   196   219 0.93 # 1 # 657 # 1 # ID=2901_1;partial=11;start_type=Edge;rbs_motif=None;rbs_spacer=None;gc_cont=0.696
contig00006_13       -            514 9781at72274          -            444   1.2e-44  151.4   0.1   1   2   3.3e-44   1.6e-41  141.1   0.0    79   373    67   389    24   396 0.80 # 14369 # 15910 # 1 # ID=6_13;partial=00;start_type=ATG;rbs_motif=None;rbs_spacer=None;gc_cont=0.632
contig00006_13       -            514 9781at72274          -            444   1.2e-44  151.4   0.1   2   2   0.00074      0.36    8.1   0.0   361   397   407   443   402   453 0.85 # 14369 # 15910 # 1 # ID=6_13;partial=00;start_type=ATG;rbs_motif=None;rbs_spacer=None;gc_cont=0.632
contig00829_1        -            345 9781at72274          -            444   2.4e-37  127.4   0.5   1   1   1.7e-39   8.4e-37  125.6   0.5   113   404     6   293     2   337 0.68 # 118 # 1152 # -1 # ID=829_1;partial=00;start_type=ATG;rbs_motif=GGA/GAG/AGG;rbs_spacer=5-10bp;gc_cont=0.635
contig00729_1        -            217 9781at72274          -            444   9.7e-25   85.8   0.1   1   1   2.3e-27   1.1e-24   85.6   0.1    99   198   115   216    80   217 0.86 # 3 # 653 # -1 # ID=729_1;partial=10;start_type=ATG;rbs_motif=GGA/GAG/AGG;rbs_spacer=5-10bp;gc_cont=0.700
contig01181_2        -            107 9781at72274          -            444   1.1e-24   85.7   0.3   1   1   2.4e-27   1.2e-24   85.6   0.3   354   443     2   103     1   104 0.89 # 1421 # 1741 # -1 # ID=1181_2;partial=01;start_type=Edge;rbs_motif=None;rbs_spacer=None;gc_cont=0.707
contig02103_1        -            337 9781at72274          -            444   1.1e-23   82.4   0.5   1   1   3.1e-26   1.5e-23   81.9   0.5   228   343   123   242     6   336 0.83 # 29 # 1039 # 1 # ID=2103_1;partial=01;start_type=ATG;rbs_motif=GGA/GAG/AGG;rbs_spacer=5-10bp;gc_cont=0.658
contig00006_16       -            319 9781at72274          -            444   7.6e-18   63.1   0.1   1   1   1.9e-20   9.6e-18   62.8   0.1   190   364    72   265    66   282 0.72 # 17538 # 18494 # 1 # ID=6_16;partial=00;start_type=GTG;rbs_motif=GGA/GAG/AGG;rbs_spacer=5-10bp;gc_cont=0.608
contig02554_1        -            162 9781at72274          -            444   1.2e-09   36.1   0.2   1   1   2.9e-12   1.4e-09   35.8   0.2   102   160   101   162    81   162 0.85 # 3 # 488 # -1 # ID=2554_1;partial=10;start_type=ATG;rbs_motif=GGAG/GAGG;rbs_spacer=5-10bp;gc_cont=0.720
contig00007_28       -            346 9781at72274          -            444   1.7e-09   35.6   0.0   1   1   4.3e-12   2.1e-09   35.3   0.0   232   348   158   281   106   307 0.80 # 19802 # 20839 # 1 # ID=7_28;partial=00;start_type=ATG;rbs_motif=AGGAG/GGAGG;rbs_spacer=11-12bp;gc_cont=0.560
contig00777_3        -            196 9781at72274          -            444   3.7e-07   27.9   0.3   1   1   7.6e-10   3.8e-07   27.9   0.3   283   344    51   112     1   169 0.74 # 1738 # 2325 # -1 # ID=777_3;partial=01;start_type=Edge;rbs_motif=None;rbs_spacer=None;gc_cont=0.679
contig01841_1        -            394 9781at72274          -            444    0.0013   16.2   0.0   1   1   3.7e-06    0.0019   15.7   0.0   217   263   243   289   170   336 0.91 # 3 # 1184 # 1 # ID=1841_1;partial=11;start_type=Edge;rbs_motif=None;rbs_spacer=None;gc_cont=0.699
contig01306_1        -            211 9781at72274          -            444     0.002   15.6   0.0   1   1   7.1e-06    0.0035   14.8   0.0    86   131   164   209   161   211 0.92 # 3 # 635 # -1 # ID=1306_1;partial=10;start_type=ATG;rbs_motif=None;rbs_spacer=None;gc_cont=0.597
contig00007_29       -             47 9781at72274          -            444    0.0022   15.5   0.0   1   1   4.3e-06    0.0022   15.5   0.0   280   318     5    43     1    45 0.83 # 20908 # 21048 # 1 # ID=7_29;partial=00;start_type=ATG;rbs_motif=GGAG/GAGG;rbs_spacer=5-10bp;gc_cont=0.546
contig01581_1        -            208 9781at72274          -            444     0.032   11.6   0.0   1   2      0.52   2.6e+02   -1.3   0.0   303   332    16    51    13    92 0.65 # 759 # 1382 # 1 # ID=1581_1;partial=01;start_type=ATG;rbs_motif=None;rbs_spacer=None;gc_cont=0.641
contig01581_1        -            208 9781at72274          -            444     0.032   11.6   0.0   2   2   0.00019     0.095   10.1   0.0    89   129   167   207   161   208 0.87 # 759 # 1382 # 1 # ID=1581_1;partial=01;start_type=ATG;rbs_motif=None;rbs_spacer=None;gc_cont=0.641
#
# Program:         hmmsearch
# Version:         3.1b2 (February 2015)
# Pipeline mode:   SEARCH
# Query file:      /home/johngn/Microbial-Genomics-Journey-Workshop-2023/Reads_session_3/busco_downloads/lineages/pseudomonadales_odb10/hmms/9781at72274.hmm
# Target file:     /home/johngn/Microbial-Genomics-Journey-Workshop-2023/Reads_session_3/busco_op4/prodigal_output/predicted_genes/predicted.faa
# Option settings: hmmsearch --domtblout /home/johngn/Microbial-Genomics-Journey-Workshop-2023/Reads_session_3/busco_op4/run_pseudomonadales_odb10/hmmer_output/9781at72274.out --cpu 1 /home/johngn/Microbial-Genomics-Journey-Workshop-2023/Reads_session_3/busco_downloads/lineages/pseudomonadales_odb10/hmms/9781at72274.hmm /home/johngn/Microbial-Genomics-Journey-Workshop-2023/Reads_session_3/busco_op4/prodigal_output/predicted_genes/predicted.faa 
# Current dir:     /home/johngn/Microbial-Genomics-Journey-Workshop-2023/Reads_session_3
# Date:            Wed Mar  8 17:01:47 2023
# [ok]
