#                                                                            --- full sequence --- -------------- this domain -------------   hmm coord   ali coord   env coord
# target name        accession   tlen query name           accession   qlen   E-value  score  bias   #  of  c-Evalue  i-Evalue  score  bias  from    to  from    to  from    to  acc description of target
#------------------- ---------- ----- -------------------- ---------- ----- --------- ------ ----- --- --- --------- --------- ------ ----- ----- ----- ----- ----- ----- ----- ---- ---------------------
contig01547_2        -            155 9852at72274          -            421   7.7e-63  211.5   2.8   1   1   1.5e-65   1.2e-62  210.8   2.8   290   417     4   137     1   153 0.93 # 950 # 1414 # -1 # ID=1547_2;partial=01;start_type=Edge;rbs_motif=None;rbs_spacer=None;gc_cont=0.632
contig01645_3        -            129 9852at72274          -            421   5.7e-15   53.8   0.2   1   1   1.5e-17   1.3e-14   52.6   0.2   155   247    16   106     2   121 0.85 # 949 # 1335 # 1 # ID=1645_3;partial=01;start_type=ATG;rbs_motif=GGAG/GAGG;rbs_spacer=5-10bp;gc_cont=0.651
contig02441_1        -             29 9852at72274          -            421   2.7e-14   51.5   0.1   1   1   3.3e-17   2.8e-14   51.5   0.1     1    29     1    29     1    29 0.98 # 3 # 89 # -1 # ID=2441_1;partial=10;start_type=ATG;rbs_motif=GGAG/GAGG;rbs_spacer=5-10bp;gc_cont=0.621
contig02075_2        -            285 9852at72274          -            421   8.6e-13   46.6   0.1   1   2      0.54   4.5e+02   -1.9   0.0   336   350    36    50    25    54 0.88 # 202 # 1056 # 1 # ID=2075_2;partial=01;start_type=ATG;rbs_motif=GGAG/GAGG;rbs_spacer=5-10bp;gc_cont=0.643
contig02075_2        -            285 9852at72274          -            421   8.6e-13   46.6   0.1   2   2   2.4e-15     2e-12   45.3   0.0   141   216   204   279   160   285 0.81 # 202 # 1056 # 1 # ID=2075_2;partial=01;start_type=ATG;rbs_motif=GGAG/GAGG;rbs_spacer=5-10bp;gc_cont=0.643
contig00375_1        -             81 9852at72274          -            421   4.6e-08   31.0   0.0   1   1   5.5e-11   4.6e-08   31.0   0.0     5    45     6    45     2    77 0.77 # 2 # 244 # -1 # ID=375_1;partial=10;start_type=ATG;rbs_motif=GGA/GAG/AGG;rbs_spacer=5-10bp;gc_cont=0.679
contig00136_1        -            357 9852at72274          -            421   0.00017   19.3   0.0   1   1   2.6e-07   0.00022   18.9   0.0     3    85   122   212    97   249 0.77 # 1 # 1071 # 1 # ID=136_1;partial=10;start_type=Edge;rbs_motif=None;rbs_spacer=None;gc_cont=0.671
contig00142_1        -            189 9852at72274          -            421   0.00025   18.7   0.1   1   2   7.9e-07   0.00066   17.3   0.0     7    26     7    26     3    31 0.89 # 2 # 568 # -1 # ID=142_1;partial=10;start_type=ATG;rbs_motif=GGAG/GAGG;rbs_spacer=5-10bp;gc_cont=0.635
contig00142_1        -            189 9852at72274          -            421   0.00025   18.7   0.1   2   2      0.53   4.5e+02   -1.9   0.0   292   309    75    92    63   134 0.50 # 2 # 568 # -1 # ID=142_1;partial=10;start_type=ATG;rbs_motif=GGAG/GAGG;rbs_spacer=5-10bp;gc_cont=0.635
contig02197_1        -            328 9852at72274          -            421    0.0013   16.4   0.1   1   1   2.8e-06    0.0024   15.5   0.1   234   279    63   108    53   156 0.75 # 2 # 985 # 1 # ID=2197_1;partial=11;start_type=Edge;rbs_motif=None;rbs_spacer=None;gc_cont=0.668
contig00098_1        -            561 9852at72274          -            421    0.0014   16.2   0.4   1   1   3.8e-05     0.032   11.8   0.4   151   275    22   168     4   183 0.67 # 2 # 1684 # -1 # ID=98_1;partial=10;start_type=ATG;rbs_motif=GGAG/GAGG;rbs_spacer=5-10bp;gc_cont=0.643
contig00209_3        -            216 9852at72274          -            421     0.082   10.4   0.0   1   2   0.00025      0.21    9.1   0.0   151   177    29    55    13    93 0.63 # 946 # 1593 # 1 # ID=209_3;partial=00;start_type=ATG;rbs_motif=GGA/GAG/AGG;rbs_spacer=5-10bp;gc_cont=0.654
contig00209_3        -            216 9852at72274          -            421     0.082   10.4   0.0   2   2      0.41   3.4e+02   -1.5   0.0   239   277   116   154   102   162 0.85 # 946 # 1593 # 1 # ID=209_3;partial=00;start_type=ATG;rbs_motif=GGA/GAG/AGG;rbs_spacer=5-10bp;gc_cont=0.654
#
# Program:         hmmsearch
# Version:         3.1b2 (February 2015)
# Pipeline mode:   SEARCH
# Query file:      /home/johngn/Microbial-Genomics-Journey-Workshop-2023/Reads_session_3/busco_downloads/lineages/pseudomonadales_odb10/hmms/9852at72274.hmm
# Target file:     /home/johngn/Microbial-Genomics-Journey-Workshop-2023/Reads_session_3/busco_op4/prodigal_output/predicted_genes/predicted.faa
# Option settings: hmmsearch --domtblout /home/johngn/Microbial-Genomics-Journey-Workshop-2023/Reads_session_3/busco_op4/run_pseudomonadales_odb10/hmmer_output/9852at72274.out --cpu 1 /home/johngn/Microbial-Genomics-Journey-Workshop-2023/Reads_session_3/busco_downloads/lineages/pseudomonadales_odb10/hmms/9852at72274.hmm /home/johngn/Microbial-Genomics-Journey-Workshop-2023/Reads_session_3/busco_op4/prodigal_output/predicted_genes/predicted.faa 
# Current dir:     /home/johngn/Microbial-Genomics-Journey-Workshop-2023/Reads_session_3
# Date:            Wed Mar  8 17:01:47 2023
# [ok]
