#                                                                            --- full sequence --- -------------- this domain -------------   hmm coord   ali coord   env coord
# target name        accession   tlen query name           accession   qlen   E-value  score  bias   #  of  c-Evalue  i-Evalue  score  bias  from    to  from    to  from    to  acc description of target
#------------------- ---------- ----- -------------------- ---------- ----- --------- ------ ----- --- --- --------- --------- ------ ----- ----- ----- ----- ----- ----- ----- ---- ---------------------
contig00800_1        -            262 9960at72274          -            244     7e-81  270.0   3.8   1   1   1.9e-82   1.7e-79  265.5   3.8    58   244    13   229     8   229 0.85 # 1 # 786 # 1 # ID=800_1;partial=10;start_type=Edge;rbs_motif=None;rbs_spacer=None;gc_cont=0.653
contig02179_1        -            330 9960at72274          -            244   1.1e-23   82.7   0.1   1   1   1.6e-26   1.5e-23   82.3   0.1    59   208   169   330   155   330 0.80 # 1 # 990 # 1 # ID=2179_1;partial=11;start_type=Edge;rbs_motif=None;rbs_spacer=None;gc_cont=0.703
contig00981_1        -            134 9960at72274          -            244     6e-17   60.7   0.0   1   1   8.1e-20   7.6e-17   60.3   0.0     2    54    36    91    35   100 0.89 # 3 # 404 # -1 # ID=981_1;partial=10;start_type=ATG;rbs_motif=None;rbs_spacer=None;gc_cont=0.674
contig00015_6        -            261 9960at72274          -            244   4.1e-13   48.1   0.0   1   1   6.6e-16   6.1e-13   47.5   0.0    92   197   128   231   121   235 0.89 # 2867 # 3649 # -1 # ID=15_6;partial=00;start_type=ATG;rbs_motif=GGA/GAG/AGG;rbs_spacer=5-10bp;gc_cont=0.637
contig00408_3        -            210 9960at72274          -            244   4.2e-10   38.3   0.5   1   1   9.9e-13   9.2e-10   37.1   0.5    93   231    23   180    19   190 0.77 # 365 # 994 # 1 # ID=408_3;partial=00;start_type=ATG;rbs_motif=GGAGG;rbs_spacer=5-10bp;gc_cont=0.670
contig00038_1        -            168 9960at72274          -            244     3e-09   35.5   0.5   1   1   6.7e-12   6.3e-09   34.4   0.5    93   215    23   164    17   168 0.77 # 3 # 506 # -1 # ID=38_1;partial=10;start_type=ATG;rbs_motif=GGAGG;rbs_spacer=5-10bp;gc_cont=0.681
contig00034_7        -            555 9960at72274          -            244   0.00013   20.2   0.1   1   2      0.33   3.1e+02   -0.6   0.0    76    98   184   207   175   212 0.76 # 7335 # 8999 # 1 # ID=34_7;partial=01;start_type=ATG;rbs_motif=GGA/GAG/AGG;rbs_spacer=5-10bp;gc_cont=0.673
contig00034_7        -            555 9960at72274          -            244   0.00013   20.2   0.1   2   2   8.4e-07   0.00079   17.7   0.0    89   149   468   529   457   535 0.89 # 7335 # 8999 # 1 # ID=34_7;partial=01;start_type=ATG;rbs_motif=GGA/GAG/AGG;rbs_spacer=5-10bp;gc_cont=0.673
contig00008_18       -            327 9960at72274          -            244     0.026   12.8   0.0   1   1     4e-05     0.037   12.2   0.0   103   175    66   138    59   156 0.85 # 16975 # 17955 # -1 # ID=8_18;partial=00;start_type=ATG;rbs_motif=AGGA;rbs_spacer=5-10bp;gc_cont=0.423
contig00949_2        -            269 9960at72274          -            244      0.08   11.1   0.0   1   1   0.00013      0.12   10.6   0.0     2    55    30    88    29   118 0.77 # 471 # 1277 # -1 # ID=949_2;partial=00;start_type=ATG;rbs_motif=AGGAG;rbs_spacer=5-10bp;gc_cont=0.657
#
# Program:         hmmsearch
# Version:         3.1b2 (February 2015)
# Pipeline mode:   SEARCH
# Query file:      /home/johngn/Microbial-Genomics-Journey-Workshop-2023/Reads_session_3/busco_downloads/lineages/pseudomonadales_odb10/hmms/9960at72274.hmm
# Target file:     /home/johngn/Microbial-Genomics-Journey-Workshop-2023/Reads_session_3/busco_op4/prodigal_output/predicted_genes/predicted.faa
# Option settings: hmmsearch --domtblout /home/johngn/Microbial-Genomics-Journey-Workshop-2023/Reads_session_3/busco_op4/run_pseudomonadales_odb10/hmmer_output/9960at72274.out --cpu 1 /home/johngn/Microbial-Genomics-Journey-Workshop-2023/Reads_session_3/busco_downloads/lineages/pseudomonadales_odb10/hmms/9960at72274.hmm /home/johngn/Microbial-Genomics-Journey-Workshop-2023/Reads_session_3/busco_op4/prodigal_output/predicted_genes/predicted.faa 
# Current dir:     /home/johngn/Microbial-Genomics-Journey-Workshop-2023/Reads_session_3
# Date:            Wed Mar  8 17:01:48 2023
# [ok]
