/home/johngn/miniconda3/envs/quast/bin/quast.py contigs.fa -r GCF_000006765.1_ASM676v1_genomic.fna

Version: 5.0.2

System information:
  OS: Linux-4.18.0-348.20.1.el8_5.x86_64-x86_64-with-redhat-8.5-Ootpa (linux_64)
  Python version: 3.6.15
  CPUs number: 4

Started: 2023-03-08 16:47:10

Logging to /home/johngn/Microbial-Genomics-Journey-Workshop-2023/Reads_session_3/quast_results/results_2023_03_08_16_47_10/quast.log
NOTICE: Maximum number of threads is set to 1 (use --threads option to set it manually)

CWD: /home/johngn/Microbial-Genomics-Journey-Workshop-2023/Reads_session_3
Main parameters: 
  MODE: default, threads: 1, minimum contig length: 500, minimum alignment length: 65, \
  ambiguity: one, threshold for extensive misassembly size: 1000

Reference:
  /home/johngn/Microbial-Genomics-Journey-Workshop-2023/Reads_session_3/GCF_000006765.1_ASM676v1_genomic.fna ==> GCF_000006765.1_ASM676v1_genomic

Contigs:
  Pre-processing...
  contigs.fa ==> contigs

2023-03-08 16:47:12
Running Basic statistics processor...
  Reference genome:
    GCF_000006765.1_ASM676v1_genomic.fna, length = 6264404, num fragments = 1, GC % = 66.56
  Contig files: 
    contigs
  Calculating N50 and L50...
    contigs, N50 = 2657, L50 = 663, Total length = 6395901, GC % = 65.70, # N's per 100 kbp =  0.00
  Drawing Nx plot...
    saved to /home/johngn/Microbial-Genomics-Journey-Workshop-2023/Reads_session_3/quast_results/results_2023_03_08_16_47_10/basic_stats/Nx_plot.pdf
  Drawing NGx plot...
    saved to /home/johngn/Microbial-Genomics-Journey-Workshop-2023/Reads_session_3/quast_results/results_2023_03_08_16_47_10/basic_stats/NGx_plot.pdf
  Drawing cumulative plot...
    saved to /home/johngn/Microbial-Genomics-Journey-Workshop-2023/Reads_session_3/quast_results/results_2023_03_08_16_47_10/basic_stats/cumulative_plot.pdf
  Drawing GC content plot...
    saved to /home/johngn/Microbial-Genomics-Journey-Workshop-2023/Reads_session_3/quast_results/results_2023_03_08_16_47_10/basic_stats/GC_content_plot.pdf
  Drawing contigs GC content plot...
    saved to /home/johngn/Microbial-Genomics-Journey-Workshop-2023/Reads_session_3/quast_results/results_2023_03_08_16_47_10/basic_stats/contigs_GC_content_plot.pdf
Done.

2023-03-08 16:47:14
Running Contig analyzer...
  contigs
  Logging to files /home/johngn/Microbial-Genomics-Journey-Workshop-2023/Reads_session_3/quast_results/results_2023_03_08_16_47_10/contigs_reports/contigs_report_contigs.stdout and contigs_report_contigs.stderr...
  Aligning contigs to the reference
  /home/johngn/miniconda3/envs/quast/bin/minimap2 -c -x asm5 -B5 -O4,16 --no-long-join \
  -r 85 -N 50 -s 65 -z 200 --mask-level 0.9 --min-occ 200 -g 2500 --score-N 2 --cs \
  -t 1 quast_results/results_2023_03_08_16_47_10/quast_corrected_input/GCF_000006765.1_ASM676v1_genomic.fna \
  quast_results/results_2023_03_08_16_47_10/quast_corrected_input/contigs.fa > quast_results/results_2023_03_08_16_47_10/contigs_reports/minimap_output/contigs.coords_tmp \
  2>> quast_results/results_2023_03_08_16_47_10/contigs_reports/contigs_report_contigs.stderr
  Analysis is finished.

  Creating total report...
    saved to /home/johngn/Microbial-Genomics-Journey-Workshop-2023/Reads_session_3/quast_results/results_2023_03_08_16_47_10/contigs_reports/misassemblies_report.txt, misassemblies_report.tsv, and misassemblies_report.tex
  Transposed version of total report...
    saved to /home/johngn/Microbial-Genomics-Journey-Workshop-2023/Reads_session_3/quast_results/results_2023_03_08_16_47_10/contigs_reports/transposed_report_misassemblies.txt, transposed_report_misassemblies.tsv, and transposed_report_misassemblies.tex
  Creating total report...
    saved to /home/johngn/Microbial-Genomics-Journey-Workshop-2023/Reads_session_3/quast_results/results_2023_03_08_16_47_10/contigs_reports/unaligned_report.txt, unaligned_report.tsv, and unaligned_report.tex
  Drawing misassemblies by types plot...
    saved to /home/johngn/Microbial-Genomics-Journey-Workshop-2023/Reads_session_3/quast_results/results_2023_03_08_16_47_10/contigs_reports/misassemblies_plot.pdf
  Drawing misassemblies FRCurve plot...
    saved to /home/johngn/Microbial-Genomics-Journey-Workshop-2023/Reads_session_3/quast_results/results_2023_03_08_16_47_10/contigs_reports/misassemblies_frcurve_plot.pdf
Done.

2023-03-08 16:47:17
Running NA-NGA calculation...
  contigs, Largest alignment = 15466, NA50 = 1972, NGA50 = 2007, LA50 = 925, LGA50 = 892
  Drawing cumulative plot...
    saved to /home/johngn/Microbial-Genomics-Journey-Workshop-2023/Reads_session_3/quast_results/results_2023_03_08_16_47_10/aligned_stats/cumulative_plot.pdf
  Drawing NAx plot...
    saved to /home/johngn/Microbial-Genomics-Journey-Workshop-2023/Reads_session_3/quast_results/results_2023_03_08_16_47_10/aligned_stats/NAx_plot.pdf
  Drawing NGAx plot...
    saved to /home/johngn/Microbial-Genomics-Journey-Workshop-2023/Reads_session_3/quast_results/results_2023_03_08_16_47_10/aligned_stats/NGAx_plot.pdf
Done.

2023-03-08 16:47:18
Running Genome analyzer...
  NOTICE: No file with genomic features were provided. Use the --features option if you want to specify it.

  NOTICE: No file with operons were provided. Use the -O option if you want to specify it.
  contigs
  Analysis is finished.
  Skipping drawing Genome fraction, % histogram... (less than 2 columns histogram makes no sense)
Done.

NOTICE: Genes are not predicted by default. Use --gene-finding or --glimmer option to enable it.

2023-03-08 16:47:19
Creating large visual summaries...
This may take a while: press Ctrl-C to skip this step..
  1 of 2: Creating Icarus viewers...
  2 of 2: Creating PDF with all tables and plots...
Done

2023-03-08 16:47:22
RESULTS:
  Text versions of total report are saved to /home/johngn/Microbial-Genomics-Journey-Workshop-2023/Reads_session_3/quast_results/results_2023_03_08_16_47_10/report.txt, report.tsv, and report.tex
  Text versions of transposed total report are saved to /home/johngn/Microbial-Genomics-Journey-Workshop-2023/Reads_session_3/quast_results/results_2023_03_08_16_47_10/transposed_report.txt, transposed_report.tsv, and transposed_report.tex
  HTML version (interactive tables and plots) is saved to /home/johngn/Microbial-Genomics-Journey-Workshop-2023/Reads_session_3/quast_results/results_2023_03_08_16_47_10/report.html
  PDF version (tables and plots) is saved to /home/johngn/Microbial-Genomics-Journey-Workshop-2023/Reads_session_3/quast_results/results_2023_03_08_16_47_10/report.pdf
  Icarus (contig browser) is saved to /home/johngn/Microbial-Genomics-Journey-Workshop-2023/Reads_session_3/quast_results/results_2023_03_08_16_47_10/icarus.html
  Log is saved to /home/johngn/Microbial-Genomics-Journey-Workshop-2023/Reads_session_3/quast_results/results_2023_03_08_16_47_10/quast.log

Finished: 2023-03-08 16:47:22
Elapsed time: 0:00:11.581506
NOTICEs: 4; WARNINGs: 0; non-fatal ERRORs: 0

Thank you for using QUAST!
