#                                                                            --- full sequence --- -------------- this domain -------------   hmm coord   ali coord   env coord
# target name        accession   tlen query name           accession   qlen   E-value  score  bias   #  of  c-Evalue  i-Evalue  score  bias  from    to  from    to  from    to  acc description of target
#------------------- ---------- ----- -------------------- ---------- ----- --------- ------ ----- --- --- --------- --------- ------ ----- ----- ----- ----- ----- ----- ----- ---- ---------------------
contig00447_2        -            376 1054741at2           -            333  2.1e-135  449.9   0.0   1   1  2.2e-138  2.3e-135  449.7   0.0     3   331    10   366     8   368 0.94 # 101 # 1228 # -1 # ID=447_2;partial=00;start_type=ATG;rbs_motif=None;rbs_spacer=None;gc_cont=0.665
contig00802_1        -            526 1054741at2           -            333   1.5e-06   26.4   0.2   1   2   2.9e-09     3e-06   25.3   0.2     4    75   228   294   226   299 0.70 # 142 # 1719 # -1 # ID=802_1;partial=00;start_type=ATG;rbs_motif=GGA/GAG/AGG;rbs_spacer=5-10bp;gc_cont=0.663
contig00802_1        -            526 1054741at2           -            333   1.5e-06   26.4   0.2   2   2       2.2   2.4e+03   -3.9   0.0   158   174   374   390   370   392 0.81 # 142 # 1719 # -1 # ID=802_1;partial=00;start_type=ATG;rbs_motif=GGA/GAG/AGG;rbs_spacer=5-10bp;gc_cont=0.663
contig00400_5        -            225 1054741at2           -            333   3.8e-06   25.0   0.2   1   1   5.3e-09   5.6e-06   24.5   0.2     2    69     2    63     1    67 0.85 # 2540 # 3214 # 1 # ID=400_5;partial=00;start_type=ATG;rbs_motif=GGAG/GAGG;rbs_spacer=5-10bp;gc_cont=0.634
contig01472_2        -            311 1054741at2           -            333    0.0036   15.2   0.1   1   1   4.5e-06    0.0048   14.8   0.1     4    30   261   287   258   303 0.87 # 535 # 1467 # 1 # ID=1472_2;partial=01;start_type=ATG;rbs_motif=None;rbs_spacer=None;gc_cont=0.669
contig00317_2        -            406 1054741at2           -            333    0.0041   15.0   0.0   1   1   6.3e-06    0.0066   14.4   0.0     4    83     5    77     2   118 0.80 # 562 # 1779 # 1 # ID=317_2;partial=00;start_type=ATG;rbs_motif=GGAG/GAGG;rbs_spacer=5-10bp;gc_cont=0.637
contig00053_7        -            267 1054741at2           -            333    0.0099   13.8   0.0   1   1   1.4e-05     0.015   13.2   0.0     3    97    11   101     9   107 0.75 # 5948 # 6748 # 1 # ID=53_7;partial=00;start_type=ATG;rbs_motif=AGGA;rbs_spacer=5-10bp;gc_cont=0.647
contig01424_1        -            287 1054741at2           -            333     0.047   11.5   0.0   1   1   6.6e-05      0.07   11.0   0.0     8    68    25    85    22    92 0.83 # 3 # 863 # -1 # ID=1424_1;partial=10;start_type=ATG;rbs_motif=AGGAG;rbs_spacer=5-10bp;gc_cont=0.722
contig00147_1        -            409 1054741at2           -            333      0.11   10.3   0.0   1   1   0.00019       0.2    9.5   0.0     4    23    27    46    24    55 0.86 # 414 # 1640 # 1 # ID=147_1;partial=00;start_type=ATG;rbs_motif=GGAG/GAGG;rbs_spacer=5-10bp;gc_cont=0.666
#
# Program:         hmmsearch
# Version:         3.1b2 (February 2015)
# Pipeline mode:   SEARCH
# Query file:      /home/johngn/Microbial-Genomics-Journey-Workshop-2023/Reads_session_3/busco_downloads/lineages/bacteria_odb10/hmms/1054741at2.hmm
# Target file:     /home/johngn/Microbial-Genomics-Journey-Workshop-2023/Reads_session_3/busco_op/prodigal_output/predicted_genes/predicted.faa
# Option settings: hmmsearch --domtblout /home/johngn/Microbial-Genomics-Journey-Workshop-2023/Reads_session_3/busco_op/run_bacteria_odb10/hmmer_output/1054741at2.out --cpu 1 /home/johngn/Microbial-Genomics-Journey-Workshop-2023/Reads_session_3/busco_downloads/lineages/bacteria_odb10/hmms/1054741at2.hmm /home/johngn/Microbial-Genomics-Journey-Workshop-2023/Reads_session_3/busco_op/prodigal_output/predicted_genes/predicted.faa 
# Current dir:     /home/johngn/Microbial-Genomics-Journey-Workshop-2023/Reads_session_3
# Date:            Wed Mar  1 18:11:33 2023
# [ok]
