#                                                                            --- full sequence --- -------------- this domain -------------   hmm coord   ali coord   env coord
# target name        accession   tlen query name           accession   qlen   E-value  score  bias   #  of  c-Evalue  i-Evalue  score  bias  from    to  from    to  from    to  acc description of target
#------------------- ---------- ----- -------------------- ---------- ----- --------- ------ ----- --- --- --------- --------- ------ ----- ----- ----- ----- ----- ----- ----- ---- ---------------------
contig01324_3        -            324 1069591at2           -            187     1e-47  161.1   7.0   1   3   7.1e-36     2e-32  111.2   0.0     2    99     8   117     7   135 0.85 # 555 # 1526 # -1 # ID=1324_3;partial=00;start_type=ATG;rbs_motif=GGA/GAG/AGG;rbs_spacer=5-10bp;gc_cont=0.641
contig01324_3        -            324 1069591at2           -            187     1e-47  161.1   7.0   2   3   7.3e-08   0.00021   19.9   0.1    97   130   135   171   124   189 0.80 # 555 # 1526 # -1 # ID=1324_3;partial=00;start_type=ATG;rbs_motif=GGA/GAG/AGG;rbs_spacer=5-10bp;gc_cont=0.641
contig01324_3        -            324 1069591at2           -            187     1e-47  161.1   7.0   3   3   4.5e-08   0.00013   20.6   4.6   133   186   211   293   172   294 0.76 # 555 # 1526 # -1 # ID=1324_3;partial=00;start_type=ATG;rbs_motif=GGA/GAG/AGG;rbs_spacer=5-10bp;gc_cont=0.641
contig01279_1        -            432 1069591at2           -            187     0.073   11.6   2.1   1   3   6.2e-05      0.17   10.4   0.0     2    21    36    55    35    66 0.91 # 1 # 1296 # 1 # ID=1279_1;partial=10;start_type=Edge;rbs_motif=None;rbs_spacer=None;gc_cont=0.664
contig01279_1        -            432 1069591at2           -            187     0.073   11.6   2.1   2   3      0.49   1.4e+03   -2.3   0.1   119   143   224   247   177   252 0.51 # 1 # 1296 # 1 # ID=1279_1;partial=10;start_type=Edge;rbs_motif=None;rbs_spacer=None;gc_cont=0.664
contig01279_1        -            432 1069591at2           -            187     0.073   11.6   2.1   3   3      0.19   5.2e+02   -1.0   0.1   137   158   370   392   325   397 0.65 # 1 # 1296 # 1 # ID=1279_1;partial=10;start_type=Edge;rbs_motif=None;rbs_spacer=None;gc_cont=0.664
contig01841_1        -            394 1069591at2           -            187      0.28    9.7   7.4   1   3     0.027        75    1.8   2.7    92   135    84   127    70   144 0.64 # 3 # 1184 # 1 # ID=1841_1;partial=11;start_type=Edge;rbs_motif=None;rbs_spacer=None;gc_cont=0.699
contig01841_1        -            394 1069591at2           -            187      0.28    9.7   7.4   2   3      0.71     2e+03   -2.9   0.0   134   153   229   248   208   252 0.65 # 3 # 1184 # 1 # ID=1841_1;partial=11;start_type=Edge;rbs_motif=None;rbs_spacer=None;gc_cont=0.699
contig01841_1        -            394 1069591at2           -            187      0.28    9.7   7.4   3   3   0.00011      0.31    9.6   0.0     2    21   257   276   256   279 0.89 # 3 # 1184 # 1 # ID=1841_1;partial=11;start_type=Edge;rbs_motif=None;rbs_spacer=None;gc_cont=0.699
#
# Program:         hmmsearch
# Version:         3.1b2 (February 2015)
# Pipeline mode:   SEARCH
# Query file:      /home/johngn/Microbial-Genomics-Journey-Workshop-2023/Reads_session_3/busco_downloads/lineages/bacteria_odb10/hmms/1069591at2.hmm
# Target file:     /home/johngn/Microbial-Genomics-Journey-Workshop-2023/Reads_session_3/busco_op/prodigal_output/predicted_genes/predicted.faa
# Option settings: hmmsearch --domtblout /home/johngn/Microbial-Genomics-Journey-Workshop-2023/Reads_session_3/busco_op/run_bacteria_odb10/hmmer_output/1069591at2.out --cpu 1 /home/johngn/Microbial-Genomics-Journey-Workshop-2023/Reads_session_3/busco_downloads/lineages/bacteria_odb10/hmms/1069591at2.hmm /home/johngn/Microbial-Genomics-Journey-Workshop-2023/Reads_session_3/busco_op/prodigal_output/predicted_genes/predicted.faa 
# Current dir:     /home/johngn/Microbial-Genomics-Journey-Workshop-2023/Reads_session_3
# Date:            Wed Mar  8 16:55:34 2023
# [ok]
