#                                                                            --- full sequence --- -------------- this domain -------------   hmm coord   ali coord   env coord
# target name        accession   tlen query name           accession   qlen   E-value  score  bias   #  of  c-Evalue  i-Evalue  score  bias  from    to  from    to  from    to  acc description of target
#------------------- ---------- ----- -------------------- ---------- ----- --------- ------ ----- --- --- --------- --------- ------ ----- ----- ----- ----- ----- ----- ----- ---- ---------------------
contig00580_1        -            214 1074831at2           -            386   2.9e-48  163.8   7.0   1   2   2.1e-05    0.0074   14.3   0.1   236   287     9    62     2    65 0.88 # 2 # 643 # 1 # ID=580_1;partial=10;start_type=Edge;rbs_motif=None;rbs_spacer=None;gc_cont=0.688
contig00580_1        -            214 1074831at2           -            386   2.9e-48  163.8   7.0   2   2   1.7e-46   5.8e-44  149.6   3.0   264   385    61   207    55   208 0.84 # 2 # 643 # 1 # ID=580_1;partial=10;start_type=Edge;rbs_motif=None;rbs_spacer=None;gc_cont=0.688
contig00669_3        -            175 1074831at2           -            386   8.7e-42  142.5   0.4   1   2   2.7e-23   9.6e-21   73.2   0.1     1    67     1    73     1    78 0.87 # 1989 # 2513 # 1 # ID=669_3;partial=01;start_type=ATG;rbs_motif=GGAG/GAGG;rbs_spacer=5-10bp;gc_cont=0.669
contig00669_3        -            175 1074831at2           -            386   8.7e-42  142.5   0.4   2   2   1.2e-21   4.3e-19   67.8   0.0    63   138    88   168    81   174 0.87 # 1989 # 2513 # 1 # ID=669_3;partial=01;start_type=ATG;rbs_motif=GGAG/GAGG;rbs_spacer=5-10bp;gc_cont=0.669
contig00913_1        -            388 1074831at2           -            386   7.3e-06   24.2   0.8   1   2   2.7e-07   9.4e-05   20.6   0.0     1    45     1    46     1    67 0.90 # 50 # 1213 # 1 # ID=913_1;partial=00;start_type=ATG;rbs_motif=GGA/GAG/AGG;rbs_spacer=5-10bp;gc_cont=0.721
contig00913_1        -            388 1074831at2           -            386   7.3e-06   24.2   0.8   2   2      0.16        56    1.5   0.7   333   352   335   354   324   359 0.82 # 50 # 1213 # 1 # ID=913_1;partial=00;start_type=ATG;rbs_motif=GGA/GAG/AGG;rbs_spacer=5-10bp;gc_cont=0.721
contig02652_1        -            258 1074831at2           -            386   4.7e-05   21.6   0.1   1   1   1.3e-07   4.7e-05   21.6   0.1    20    44    16    40    10    53 0.89 # 1 # 774 # 1 # ID=2652_1;partial=11;start_type=Edge;rbs_motif=None;rbs_spacer=None;gc_cont=0.668
contig00561_2        -            664 1074831at2           -            386   0.00019   19.6   0.4   1   3     0.075        26    2.6   0.0    21    36    25    40    10    60 0.77 # 783 # 2774 # 1 # ID=561_2;partial=01;start_type=GTG;rbs_motif=GGAG/GAGG;rbs_spacer=5-10bp;gc_cont=0.656
contig00561_2        -            664 1074831at2           -            386   0.00019   19.6   0.4   2   3    0.0043       1.5    6.7   0.0   244   315   446   514   436   554 0.73 # 783 # 2774 # 1 # ID=561_2;partial=01;start_type=GTG;rbs_motif=GGAG/GAGG;rbs_spacer=5-10bp;gc_cont=0.656
contig00561_2        -            664 1074831at2           -            386   0.00019   19.6   0.4   3   3    0.0076       2.7    5.9   0.1    16    38   628   651   622   655 0.83 # 783 # 2774 # 1 # ID=561_2;partial=01;start_type=GTG;rbs_motif=GGAG/GAGG;rbs_spacer=5-10bp;gc_cont=0.656
contig00525_3        -            270 1074831at2           -            386    0.0016   16.5   0.2   1   2     0.073        26    2.7   0.1    22    40    33    51    14    60 0.79 # 1296 # 2105 # -1 # ID=525_3;partial=00;start_type=ATG;rbs_motif=AGGA;rbs_spacer=5-10bp;gc_cont=0.694
contig00525_3        -            270 1074831at2           -            386    0.0016   16.5   0.2   2   2   0.00012     0.041   11.9   0.0   288   321   120   153   111   196 0.79 # 1296 # 2105 # -1 # ID=525_3;partial=00;start_type=ATG;rbs_motif=AGGA;rbs_spacer=5-10bp;gc_cont=0.694
contig00163_1        -            498 1074831at2           -            386    0.0019   16.3   1.6   1   4     0.088        31    2.4   0.0    24    40    39    55    30    65 0.85 # 2 # 1495 # -1 # ID=163_1;partial=10;start_type=ATG;rbs_motif=GGAG/GAGG;rbs_spacer=5-10bp;gc_cont=0.665
contig00163_1        -            498 1074831at2           -            386    0.0019   16.3   1.6   2   4    0.0011      0.39    8.7   0.0   277   342   144   216   131   241 0.69 # 2 # 1495 # -1 # ID=163_1;partial=10;start_type=ATG;rbs_motif=GGAG/GAGG;rbs_spacer=5-10bp;gc_cont=0.665
contig00163_1        -            498 1074831at2           -            386    0.0019   16.3   1.6   3   4      0.33   1.1e+02    0.5   0.1    25    40   316   331   304   344 0.82 # 2 # 1495 # -1 # ID=163_1;partial=10;start_type=ATG;rbs_motif=GGAG/GAGG;rbs_spacer=5-10bp;gc_cont=0.665
contig00163_1        -            498 1074831at2           -            386    0.0019   16.3   1.6   4   4      0.57     2e+02   -0.3   0.0   291   334   425   468   419   497 0.81 # 2 # 1495 # -1 # ID=163_1;partial=10;start_type=ATG;rbs_motif=GGAG/GAGG;rbs_spacer=5-10bp;gc_cont=0.665
contig00764_2        -            512 1074831at2           -            386    0.0035   15.4   0.0   1   2     1e-05    0.0035   15.4   0.0    19    77    23    80     3    90 0.82 # 813 # 2348 # 1 # ID=764_2;partial=01;start_type=ATG;rbs_motif=GGAG/GAGG;rbs_spacer=5-10bp;gc_cont=0.660
contig00764_2        -            512 1074831at2           -            386    0.0035   15.4   0.0   2   2      0.14        50    1.7   9.7    96   248   142   288    86   295 0.75 # 813 # 2348 # 1 # ID=764_2;partial=01;start_type=ATG;rbs_motif=GGAG/GAGG;rbs_spacer=5-10bp;gc_cont=0.660
contig02153_1        -            336 1074831at2           -            386    0.0051   14.8   2.5   1   4       1.2   4.2e+02   -1.3   0.0   289   315    23    49    16    52 0.75 # 1 # 1008 # 1 # ID=2153_1;partial=11;start_type=Edge;rbs_motif=None;rbs_spacer=None;gc_cont=0.656
contig02153_1        -            336 1074831at2           -            386    0.0051   14.8   2.5   2   4     0.055        19    3.1   0.5   123   175   110   162   103   182 0.80 # 1 # 1008 # 1 # ID=2153_1;partial=11;start_type=Edge;rbs_motif=None;rbs_spacer=None;gc_cont=0.656
contig02153_1        -            336 1074831at2           -            386    0.0051   14.8   2.5   3   4      0.51   1.8e+02   -0.1   0.2    25    38   215   228   195   235 0.67 # 1 # 1008 # 1 # ID=2153_1;partial=11;start_type=Edge;rbs_motif=None;rbs_spacer=None;gc_cont=0.656
contig02153_1        -            336 1074831at2           -            386    0.0051   14.8   2.5   4   4    0.0015      0.53    8.2   0.0   279   315   295   331   291   335 0.91 # 1 # 1008 # 1 # ID=2153_1;partial=11;start_type=Edge;rbs_motif=None;rbs_spacer=None;gc_cont=0.656
contig00053_5        -            582 1074831at2           -            386    0.0066   14.5   0.0   1   3   1.9e-05    0.0066   14.5   0.0     2    49     3    52     2    67 0.82 # 2832 # 4577 # 1 # ID=53_5;partial=00;start_type=ATG;rbs_motif=GGAG/GAGG;rbs_spacer=5-10bp;gc_cont=0.689
contig00053_5        -            582 1074831at2           -            386    0.0066   14.5   0.0   2   3       3.9   1.4e+03   -3.0   4.9   127   182   342   402   316   429 0.38 # 2832 # 4577 # 1 # ID=53_5;partial=00;start_type=ATG;rbs_motif=GGAG/GAGG;rbs_spacer=5-10bp;gc_cont=0.689
contig00053_5        -            582 1074831at2           -            386    0.0066   14.5   0.0   3   3       4.3   1.5e+03   -3.2   0.0   277   301   524   548   520   549 0.80 # 2832 # 4577 # 1 # ID=53_5;partial=00;start_type=ATG;rbs_motif=GGAG/GAGG;rbs_spacer=5-10bp;gc_cont=0.689
contig00117_4        -            403 1074831at2           -            386    0.0069   14.4   0.0   1   1   3.3e-05     0.011   13.7   0.0     3    43     8    49     6    57 0.88 # 2773 # 3981 # 1 # ID=117_4;partial=00;start_type=ATG;rbs_motif=AGGA;rbs_spacer=5-10bp;gc_cont=0.460
contig01307_2        -            228 1074831at2           -            386    0.0076   14.3   0.6   1   2       0.1        35    2.2   0.1    24    41    40    57    30    83 0.89 # 635 # 1318 # 1 # ID=1307_2;partial=00;start_type=ATG;rbs_motif=GGAGG;rbs_spacer=5-10bp;gc_cont=0.677
contig01307_2        -            228 1074831at2           -            386    0.0076   14.3   0.6   2   2   0.00032      0.11   10.4   0.0   287   355   144   219   119   224 0.79 # 635 # 1318 # 1 # ID=1307_2;partial=00;start_type=ATG;rbs_motif=GGAGG;rbs_spacer=5-10bp;gc_cont=0.677
contig00271_4        -            255 1074831at2           -            386      0.01   13.9   1.9   1   3     0.068        24    2.8   0.0    25    44    34    53    29    70 0.84 # 1778 # 2542 # -1 # ID=271_4;partial=00;start_type=ATG;rbs_motif=GGA/GAG/AGG;rbs_spacer=5-10bp;gc_cont=0.654
contig00271_4        -            255 1074831at2           -            386      0.01   13.9   1.9   2   3       1.1     4e+02   -1.3   0.0   189   250    79   142    53   148 0.66 # 1778 # 2542 # -1 # ID=271_4;partial=00;start_type=ATG;rbs_motif=GGA/GAG/AGG;rbs_spacer=5-10bp;gc_cont=0.654
contig00271_4        -            255 1074831at2           -            386      0.01   13.9   1.9   3   3   0.00055      0.19    9.7   0.2   289   327   149   191   139   221 0.69 # 1778 # 2542 # -1 # ID=271_4;partial=00;start_type=ATG;rbs_motif=GGA/GAG/AGG;rbs_spacer=5-10bp;gc_cont=0.654
contig00731_2        -            325 1074831at2           -            386      0.01   13.8   2.9   1   2    0.0049       1.7    6.5   0.1    23    43    35    55    19    61 0.83 # 1017 # 1991 # 1 # ID=731_2;partial=00;start_type=ATG;rbs_motif=AGGAG;rbs_spacer=5-10bp;gc_cont=0.693
contig00731_2        -            325 1074831at2           -            386      0.01   13.8   2.9   2   2    0.0023      0.81    7.6   0.5   284   355   147   225   128   235 0.75 # 1017 # 1991 # 1 # ID=731_2;partial=00;start_type=ATG;rbs_motif=AGGAG;rbs_spacer=5-10bp;gc_cont=0.693
contig00389_1        -            647 1074831at2           -            386     0.012   13.6   0.5   1   1   6.5e-05     0.023   12.7   0.5   284   381   546   646   537   646 0.83 # 1 # 1941 # 1 # ID=389_1;partial=10;start_type=Edge;rbs_motif=None;rbs_spacer=None;gc_cont=0.676
contig01296_1        -            197 1074831at2           -            386     0.015   13.3   0.0   1   1   6.9e-05     0.024   12.6   0.0    24    50    28    54    23    60 0.86 # 438 # 1028 # 1 # ID=1296_1;partial=00;start_type=ATG;rbs_motif=GGA/GAG/AGG;rbs_spacer=11-12bp;gc_cont=0.550
contig00588_3        -            162 1074831at2           -            386     0.017   13.1   0.1   1   1   5.9e-05     0.021   12.8   0.1   290   366    75   157    57   160 0.82 # 2226 # 2711 # -1 # ID=588_3;partial=01;start_type=Edge;rbs_motif=None;rbs_spacer=None;gc_cont=0.706
contig00731_3        -            136 1074831at2           -            386     0.018   13.0   0.0   1   1   6.4e-05     0.023   12.7   0.0    24    78    44    99    32   118 0.81 # 1991 # 2398 # 1 # ID=731_3;partial=01;start_type=ATG;rbs_motif=GGAG/GAGG;rbs_spacer=5-10bp;gc_cont=0.664
contig02722_2        -            141 1074831at2           -            386     0.019   12.9   0.0   1   1   6.3e-05     0.022   12.8   0.0   290   334    35    79     6    93 0.94 # 322 # 744 # -1 # ID=2722_2;partial=01;start_type=Edge;rbs_motif=None;rbs_spacer=None;gc_cont=0.709
contig00006_13       -            514 1074831at2           -            386     0.032   12.2   0.0   1   1   0.00017     0.059   11.3   0.0    16    38   227   249   218   264 0.85 # 14369 # 15910 # 1 # ID=6_13;partial=00;start_type=ATG;rbs_motif=None;rbs_spacer=None;gc_cont=0.632
contig00002_13       -            884 1074831at2           -            386     0.036   12.1   1.3   1   4         2   6.9e+02   -2.0   0.0    22    36    41    55    32    65 0.89 # 12339 # 14990 # -1 # ID=2_13;partial=00;start_type=ATG;rbs_motif=AGGA;rbs_spacer=5-10bp;gc_cont=0.679
contig00002_13       -            884 1074831at2           -            386     0.036   12.1   1.3   2   4     0.071        25    2.7   0.0   246   320   376   447   343   462 0.67 # 12339 # 14990 # -1 # ID=2_13;partial=00;start_type=ATG;rbs_motif=AGGA;rbs_spacer=5-10bp;gc_cont=0.679
contig00002_13       -            884 1074831at2           -            386     0.036   12.1   1.3   3   4     0.062        22    2.9   0.0    22    38   560   576   546   603 0.79 # 12339 # 14990 # -1 # ID=2_13;partial=00;start_type=ATG;rbs_motif=AGGA;rbs_spacer=5-10bp;gc_cont=0.679
contig00002_13       -            884 1074831at2           -            386     0.036   12.1   1.3   4   4     0.082        29    2.5   0.0   288   329   767   811   760   844 0.72 # 12339 # 14990 # -1 # ID=2_13;partial=00;start_type=ATG;rbs_motif=AGGA;rbs_spacer=5-10bp;gc_cont=0.679
contig01192_3        -            245 1074831at2           -            386     0.041   11.9   0.2   1   2      0.22        78    1.1   0.0    24    41    35    52    24    64 0.88 # 798 # 1532 # -1 # ID=1192_3;partial=00;start_type=GTG;rbs_motif=GGAGG;rbs_spacer=5-10bp;gc_cont=0.663
contig01192_3        -            245 1074831at2           -            386     0.041   11.9   0.2   2   2    0.0011      0.38    8.7   0.0   278   341   129   198   119   213 0.72 # 798 # 1532 # -1 # ID=1192_3;partial=00;start_type=GTG;rbs_motif=GGAGG;rbs_spacer=5-10bp;gc_cont=0.663
contig00577_2        -            241 1074831at2           -            386     0.045   11.7   0.2   1   2     0.024       8.3    4.3   0.0    25    75    32    82    13    99 0.82 # 255 # 977 # 1 # ID=577_2;partial=00;start_type=ATG;rbs_motif=GGAG/GAGG;rbs_spacer=5-10bp;gc_cont=0.665
contig00577_2        -            241 1074831at2           -            386     0.045   11.7   0.2   2   2    0.0084         3    5.7   0.0   279   321   126   168   115   195 0.84 # 255 # 977 # 1 # ID=577_2;partial=00;start_type=ATG;rbs_motif=GGAG/GAGG;rbs_spacer=5-10bp;gc_cont=0.665
contig00191_5        -            248 1074831at2           -            386      0.06   11.3   0.2   1   2     0.018       6.3    4.7   0.0    22    43    29    50    16    67 0.81 # 2972 # 3715 # 1 # ID=191_5;partial=00;start_type=ATG;rbs_motif=AGGAG;rbs_spacer=5-10bp;gc_cont=0.683
contig00191_5        -            248 1074831at2           -            386      0.06   11.3   0.2   2   2     0.016       5.6    4.8   0.0   289   316   136   163   124   209 0.82 # 2972 # 3715 # 1 # ID=191_5;partial=00;start_type=ATG;rbs_motif=AGGAG;rbs_spacer=5-10bp;gc_cont=0.683
#
# Program:         hmmsearch
# Version:         3.1b2 (February 2015)
# Pipeline mode:   SEARCH
# Query file:      /home/johngn/Microbial-Genomics-Journey-Workshop-2023/Reads_session_3/busco_downloads/lineages/bacteria_odb10/hmms/1074831at2.hmm
# Target file:     /home/johngn/Microbial-Genomics-Journey-Workshop-2023/Reads_session_3/busco_op/prodigal_output/predicted_genes/predicted.faa
# Option settings: hmmsearch --domtblout /home/johngn/Microbial-Genomics-Journey-Workshop-2023/Reads_session_3/busco_op/run_bacteria_odb10/hmmer_output/1074831at2.out --cpu 1 /home/johngn/Microbial-Genomics-Journey-Workshop-2023/Reads_session_3/busco_downloads/lineages/bacteria_odb10/hmms/1074831at2.hmm /home/johngn/Microbial-Genomics-Journey-Workshop-2023/Reads_session_3/busco_op/prodigal_output/predicted_genes/predicted.faa 
# Current dir:     /home/johngn/Microbial-Genomics-Journey-Workshop-2023/Reads_session_3
# Date:            Wed Mar  8 16:55:34 2023
# [ok]
