#                                                                            --- full sequence --- -------------- this domain -------------   hmm coord   ali coord   env coord
# target name        accession   tlen query name           accession   qlen   E-value  score  bias   #  of  c-Evalue  i-Evalue  score  bias  from    to  from    to  from    to  acc description of target
#------------------- ---------- ----- -------------------- ---------- ----- --------- ------ ----- --- --- --------- --------- ------ ----- ----- ----- ----- ----- ----- ----- ---- ---------------------
contig00706_3        -            479 143460at2            -            439  1.4e-100  336.0   0.0   1   1   1.8e-98   1.2e-95  319.7   0.0   108   439     1   463     1   463 0.82 # 1002 # 2438 # -1 # ID=706_3;partial=01;start_type=Edge;rbs_motif=None;rbs_spacer=None;gc_cont=0.644
contig01512_2        -            110 143460at2            -            439   5.2e-51  172.6   0.4   1   1   8.5e-54     6e-51  172.4   0.4     1    93     5   110     5   110 0.93 # 1108 # 1437 # 1 # ID=1512_2;partial=01;start_type=GTG;rbs_motif=GGA/GAG/AGG;rbs_spacer=5-10bp;gc_cont=0.621
contig01733_2        -            205 143460at2            -            439   2.8e-28   97.7   0.0   1   1   5.2e-31   3.6e-28   97.3   0.0     1   156     7   188     7   201 0.78 # 657 # 1271 # 1 # ID=1733_2;partial=01;start_type=GTG;rbs_motif=GGA/GAG/AGG;rbs_spacer=11-12bp;gc_cont=0.650
contig00127_1        -            168 143460at2            -            439     3e-24   84.4   0.0   1   1   9.9e-27   6.9e-24   83.2   0.0     2   122    11   157    10   167 0.79 # 1 # 504 # -1 # ID=127_1;partial=10;start_type=ATG;rbs_motif=GGA/GAG/AGG;rbs_spacer=5-10bp;gc_cont=0.655
contig02197_1        -            328 143460at2            -            439     2e-17   61.9   0.1   1   1   3.9e-20   2.7e-17   61.5   0.1     9   181     2   181     1   236 0.73 # 2 # 985 # 1 # ID=2197_1;partial=11;start_type=Edge;rbs_motif=None;rbs_spacer=None;gc_cont=0.668
contig00345_1        -            494 143460at2            -            439   6.7e-17   60.2   0.2   1   2   4.4e-19   3.1e-16   58.0   0.1     2   115    12   147    11   166 0.75 # 3 # 1484 # -1 # ID=345_1;partial=10;start_type=ATG;rbs_motif=GGA/GAG/AGG;rbs_spacer=5-10bp;gc_cont=0.636
contig00345_1        -            494 143460at2            -            439   6.7e-17   60.2   0.2   2   2      0.68   4.8e+02   -1.9   0.0   168   196   308   336   295   347 0.80 # 3 # 1484 # -1 # ID=345_1;partial=10;start_type=ATG;rbs_motif=GGA/GAG/AGG;rbs_spacer=5-10bp;gc_cont=0.636
contig02353_1        -            116 143460at2            -            439   1.6e-15   55.7   0.1   1   1   2.6e-18   1.8e-15   55.5   0.1     3    92    14   116    12   116 0.77 # 1 # 348 # -1 # ID=2353_1;partial=10;start_type=ATG;rbs_motif=GGA/GAG/AGG;rbs_spacer=5-10bp;gc_cont=0.595
contig02414_2        -            233 143460at2            -            439   5.9e-11   40.6   0.0   1   1   1.3e-13   8.8e-11   40.1   0.0     8   121     7   125     2   138 0.78 # 180 # 878 # 1 # ID=2414_2;partial=01;start_type=GTG;rbs_motif=GGAG/GAGG;rbs_spacer=5-10bp;gc_cont=0.725
contig00098_1        -            561 143460at2            -            439   7.1e-09   33.8   0.2   1   2      0.02        14    3.1   0.0     9    28    32    51    28    68 0.85 # 2 # 1684 # -1 # ID=98_1;partial=10;start_type=ATG;rbs_motif=GGAG/GAGG;rbs_spacer=5-10bp;gc_cont=0.643
contig00098_1        -            561 143460at2            -            439   7.1e-09   33.8   0.2   2   2   4.4e-10   3.1e-07   28.4   0.0    31   114    78   171    71   192 0.77 # 2 # 1684 # -1 # ID=98_1;partial=10;start_type=ATG;rbs_motif=GGAG/GAGG;rbs_spacer=5-10bp;gc_cont=0.643
contig01797_1        -            405 143460at2            -            439   9.5e-09   33.4   0.1   1   2     0.011         8    3.9   0.0   154   188   129   163   123   172 0.85 # 3 # 1217 # 1 # ID=1797_1;partial=11;start_type=Edge;rbs_motif=None;rbs_spacer=None;gc_cont=0.649
contig01797_1        -            405 143460at2            -            439   9.5e-09   33.4   0.1   2   2     1e-09     7e-07   27.2   0.2   181   295   179   304   164   325 0.75 # 3 # 1217 # 1 # ID=1797_1;partial=11;start_type=Edge;rbs_motif=None;rbs_spacer=None;gc_cont=0.649
contig01208_1        -             71 143460at2            -            439   6.1e-07   27.4   0.1   1   1   9.7e-10   6.8e-07   27.2   0.1     2    50    11    68    10    71 0.72 # 2 # 214 # -1 # ID=1208_1;partial=10;start_type=GTG;rbs_motif=GGAG/GAGG;rbs_spacer=5-10bp;gc_cont=0.596
contig02443_1        -            287 143460at2            -            439   2.3e-05   22.2   0.1   1   1     5e-06    0.0035   15.0   0.1   181   282   174   285    81   286 0.70 # 3 # 863 # -1 # ID=2443_1;partial=11;start_type=Edge;rbs_motif=None;rbs_spacer=None;gc_cont=0.614
#
# Program:         hmmsearch
# Version:         3.1b2 (February 2015)
# Pipeline mode:   SEARCH
# Query file:      /home/johngn/Microbial-Genomics-Journey-Workshop-2023/Reads_session_3/busco_downloads/lineages/bacteria_odb10/hmms/143460at2.hmm
# Target file:     /home/johngn/Microbial-Genomics-Journey-Workshop-2023/Reads_session_3/busco_op/prodigal_output/predicted_genes/predicted.faa
# Option settings: hmmsearch --domtblout /home/johngn/Microbial-Genomics-Journey-Workshop-2023/Reads_session_3/busco_op/run_bacteria_odb10/hmmer_output/143460at2.out --cpu 1 /home/johngn/Microbial-Genomics-Journey-Workshop-2023/Reads_session_3/busco_downloads/lineages/bacteria_odb10/hmms/143460at2.hmm /home/johngn/Microbial-Genomics-Journey-Workshop-2023/Reads_session_3/busco_op/prodigal_output/predicted_genes/predicted.faa 
# Current dir:     /home/johngn/Microbial-Genomics-Journey-Workshop-2023/Reads_session_3
# Date:            Wed Mar  8 16:55:35 2023
# [ok]
