#                                                                            --- full sequence --- -------------- this domain -------------   hmm coord   ali coord   env coord
# target name        accession   tlen query name           accession   qlen   E-value  score  bias   #  of  c-Evalue  i-Evalue  score  bias  from    to  from    to  from    to  acc description of target
#------------------- ---------- ----- -------------------- ---------- ----- --------- ------ ----- --- --- --------- --------- ------ ----- ----- ----- ----- ----- ----- ----- ---- ---------------------
contig01268_2        -            234 1490892at2           -             89   5.4e-16   57.4   9.5   1   3     0.006        17    4.5   0.0     1    18    24    41    24    49 0.92 # 954 # 1655 # 1 # ID=1268_2;partial=01;start_type=ATG;rbs_motif=None;rbs_spacer=None;gc_cont=0.717
contig01268_2        -            234 1490892at2           -             89   5.4e-16   57.4   9.5   2   3   2.5e-08   7.1e-05   21.7   0.8    10    57    85   148    83   152 0.71 # 954 # 1655 # 1 # ID=1268_2;partial=01;start_type=ATG;rbs_motif=None;rbs_spacer=None;gc_cont=0.717
contig01268_2        -            234 1490892at2           -             89   5.4e-16   57.4   9.5   3   3   2.4e-09   6.7e-06   25.0   1.6    56    88   188   231   173   232 0.76 # 954 # 1655 # 1 # ID=1268_2;partial=01;start_type=ATG;rbs_motif=None;rbs_spacer=None;gc_cont=0.717
contig00348_2        -            236 1490892at2           -             89     5e-06   25.4   4.1   1   3     0.018        52    2.9   0.1     2    17    25    40    24    42 0.90 # 904 # 1611 # 1 # ID=348_2;partial=00;start_type=GTG;rbs_motif=None;rbs_spacer=None;gc_cont=0.689
contig00348_2        -            236 1490892at2           -             89     5e-06   25.4   4.1   2   3       0.3   8.3e+02   -0.9   0.0    16    30    89   103    83   123 0.68 # 904 # 1611 # 1 # ID=348_2;partial=00;start_type=GTG;rbs_motif=None;rbs_spacer=None;gc_cont=0.689
contig00348_2        -            236 1490892at2           -             89     5e-06   25.4   4.1   3   3     2e-07   0.00055   18.9   1.8    53    88   187   233   180   234 0.82 # 904 # 1611 # 1 # ID=348_2;partial=00;start_type=GTG;rbs_motif=None;rbs_spacer=None;gc_cont=0.689
contig00073_2        -            946 1490892at2           -             89    0.0013   17.7   0.4   1   2     3e-05     0.083   11.9   0.1    16    51   690   725   684   731 0.93 # 238 # 3075 # -1 # ID=73_2;partial=00;start_type=ATG;rbs_motif=AGGA;rbs_spacer=5-10bp;gc_cont=0.556
contig00073_2        -            946 1490892at2           -             89    0.0013   17.7   0.4   2   2     0.018        51    3.0   0.0    11    44   745   778   736   785 0.80 # 238 # 3075 # -1 # ID=73_2;partial=00;start_type=ATG;rbs_motif=AGGA;rbs_spacer=5-10bp;gc_cont=0.556
#
# Program:         hmmsearch
# Version:         3.1b2 (February 2015)
# Pipeline mode:   SEARCH
# Query file:      /home/johngn/Microbial-Genomics-Journey-Workshop-2023/Reads_session_3/busco_downloads/lineages/bacteria_odb10/hmms/1490892at2.hmm
# Target file:     /home/johngn/Microbial-Genomics-Journey-Workshop-2023/Reads_session_3/busco_op/prodigal_output/predicted_genes/predicted.faa
# Option settings: hmmsearch --domtblout /home/johngn/Microbial-Genomics-Journey-Workshop-2023/Reads_session_3/busco_op/run_bacteria_odb10/hmmer_output/1490892at2.out --cpu 1 /home/johngn/Microbial-Genomics-Journey-Workshop-2023/Reads_session_3/busco_downloads/lineages/bacteria_odb10/hmms/1490892at2.hmm /home/johngn/Microbial-Genomics-Journey-Workshop-2023/Reads_session_3/busco_op/prodigal_output/predicted_genes/predicted.faa 
# Current dir:     /home/johngn/Microbial-Genomics-Journey-Workshop-2023/Reads_session_3
# Date:            Wed Mar  8 16:55:35 2023
# [ok]
