#                                                                            --- full sequence --- -------------- this domain -------------   hmm coord   ali coord   env coord
# target name        accession   tlen query name           accession   qlen   E-value  score  bias   #  of  c-Evalue  i-Evalue  score  bias  from    to  from    to  from    to  acc description of target
#------------------- ---------- ----- -------------------- ---------- ----- --------- ------ ----- --- --- --------- --------- ------ ----- ----- ----- ----- ----- ----- ----- ---- ---------------------
contig01174_3        -            113 1502854at2           -            192   9.9e-36  122.0   0.4   1   1   8.7e-38   1.2e-35  121.8   0.4    96   191     2    96     1    98 0.96 # 1410 # 1748 # -1 # ID=1174_3;partial=01;start_type=Edge;rbs_motif=None;rbs_spacer=None;gc_cont=0.658
contig01102_3        -             76 1502854at2           -            192   4.5e-33  113.3   0.0   1   1   3.6e-35   4.8e-33  113.2   0.0     5    79     2    76     1    76 0.98 # 1618 # 1845 # 1 # ID=1102_3;partial=01;start_type=ATG;rbs_motif=AGGA;rbs_spacer=5-10bp;gc_cont=0.671
contig01105_1        -             65 1502854at2           -            192     1e-05   24.1   0.0   1   1     8e-08   1.1e-05   24.0   0.0     5    65     2    61     1    65 0.75 # 3 # 197 # -1 # ID=1105_1;partial=10;start_type=ATG;rbs_motif=GGA/GAG/AGG;rbs_spacer=5-10bp;gc_cont=0.703
contig00058_8        -            115 1502854at2           -            192   0.00014   20.4   0.0   1   1   1.2e-06   0.00017   20.1   0.0     4    30    25    51    22    64 0.84 # 7127 # 7471 # 1 # ID=58_8;partial=01;start_type=ATG;rbs_motif=GGA/GAG/AGG;rbs_spacer=5-10bp;gc_cont=0.600
contig00561_2        -            664 1502854at2           -            192   0.00027   19.5   0.1   1   2    0.0026      0.35    9.3   0.0     5    27    23    45    21    63 0.79 # 783 # 2774 # 1 # ID=561_2;partial=01;start_type=GTG;rbs_motif=GGAG/GAGG;rbs_spacer=5-10bp;gc_cont=0.656
contig00561_2        -            664 1502854at2           -            192   0.00027   19.5   0.1   2   2      0.01       1.4    7.4   0.1     6    26   633   653   631   658 0.87 # 783 # 2774 # 1 # ID=561_2;partial=01;start_type=GTG;rbs_motif=GGAG/GAGG;rbs_spacer=5-10bp;gc_cont=0.656
contig00191_5        -            248 1502854at2           -            192   0.00029   19.4   0.0   1   1   3.3e-06   0.00044   18.8   0.0     4    28    25    49    22    57 0.87 # 2972 # 3715 # 1 # ID=191_5;partial=00;start_type=ATG;rbs_motif=AGGAG;rbs_spacer=5-10bp;gc_cont=0.683
contig02055_1        -             61 1502854at2           -            192   0.00094   17.7   0.0   1   1   8.4e-06    0.0011   17.4   0.0     8    37    14    43     8    45 0.89 # 2 # 184 # -1 # ID=2055_1;partial=10;start_type=ATG;rbs_motif=GGA/GAG/AGG;rbs_spacer=5-10bp;gc_cont=0.650
contig03010_1        -            204 1502854at2           -            192   0.00097   17.7   0.1   1   1   2.3e-05    0.0031   16.0   0.1     6    27    24    45    21   133 0.96 # 1 # 612 # 1 # ID=3010_1;partial=11;start_type=Edge;rbs_motif=None;rbs_spacer=None;gc_cont=0.649
contig01192_3        -            245 1502854at2           -            192    0.0019   16.7   0.1   1   2   3.2e-05    0.0043   15.5   0.0     4    27    29    52    26    64 0.84 # 798 # 1532 # -1 # ID=1192_3;partial=00;start_type=GTG;rbs_motif=GGAGG;rbs_spacer=5-10bp;gc_cont=0.663
contig01192_3        -            245 1502854at2           -            192    0.0019   16.7   0.1   2   2       9.8   1.3e+03   -2.4   0.0   132   151   104   123    79   140 0.61 # 798 # 1532 # -1 # ID=1192_3;partial=00;start_type=GTG;rbs_motif=GGAGG;rbs_spacer=5-10bp;gc_cont=0.663
contig02377_2        -             84 1502854at2           -            192    0.0024   16.4   0.0   1   1   2.2e-05    0.0029   16.1   0.0     5    27    30    52    27    62 0.88 # 644 # 895 # 1 # ID=2377_2;partial=01;start_type=GTG;rbs_motif=None;rbs_spacer=None;gc_cont=0.679
contig00002_13       -            884 1502854at2           -            192    0.0029   16.1   0.2   1   2    0.0071      0.96    7.9   0.0     5    23    38    56    36    84 0.87 # 12339 # 14990 # -1 # ID=2_13;partial=00;start_type=ATG;rbs_motif=AGGA;rbs_spacer=5-10bp;gc_cont=0.679
contig00002_13       -            884 1502854at2           -            192    0.0029   16.1   0.2   2   2     0.037       5.1    5.5   0.1     6    27   558   579   556   587 0.86 # 12339 # 14990 # -1 # ID=2_13;partial=00;start_type=ATG;rbs_motif=AGGA;rbs_spacer=5-10bp;gc_cont=0.679
contig03261_1        -            175 1502854at2           -            192    0.0046   15.5   0.0   1   1   4.8e-05    0.0066   14.9   0.0     9    28   114   133   107   142 0.84 # 2 # 526 # 1 # ID=3261_1;partial=11;start_type=Edge;rbs_motif=None;rbs_spacer=None;gc_cont=0.674
contig00699_2        -            230 1502854at2           -            192    0.0047   15.4   0.6   1   2    0.0011      0.14   10.6   0.0     8    28     7    27     1    34 0.83 # 679 # 1368 # 1 # ID=699_2;partial=00;start_type=ATG;rbs_motif=GGAG/GAGG;rbs_spacer=5-10bp;gc_cont=0.687
contig00699_2        -            230 1502854at2           -            192    0.0047   15.4   0.6   2   2      0.23        31    3.0   0.2   116   185   141   219   136   225 0.60 # 679 # 1368 # 1 # ID=699_2;partial=00;start_type=ATG;rbs_motif=GGAG/GAGG;rbs_spacer=5-10bp;gc_cont=0.687
contig01963_2        -            140 1502854at2           -            192    0.0052   15.3   0.0   1   1   5.8e-05    0.0079   14.7   0.0     4    27    30    53    28    60 0.89 # 688 # 1107 # 1 # ID=1963_2;partial=01;start_type=ATG;rbs_motif=AGGAG;rbs_spacer=5-10bp;gc_cont=0.629
contig01374_1        -            401 1502854at2           -            192    0.0057   15.1   0.0   1   1     7e-05    0.0095   14.4   0.0     5    35     4    34     1    39 0.79 # 9 # 1211 # -1 # ID=1374_1;partial=00;start_type=GTG;rbs_motif=GGAG/GAGG;rbs_spacer=5-10bp;gc_cont=0.661
contig02340_1        -            280 1502854at2           -            192    0.0058   15.1   0.0   1   2   0.00029     0.039   12.4   0.0     4    26    57    79    55    88 0.87 # 82 # 921 # -1 # ID=2340_1;partial=01;start_type=Edge;rbs_motif=None;rbs_spacer=None;gc_cont=0.658
contig02340_1        -            280 1502854at2           -            192    0.0058   15.1   0.0   2   2       2.5   3.4e+02   -0.4   0.0    77    96   128   147   114   155 0.82 # 82 # 921 # -1 # ID=2340_1;partial=01;start_type=Edge;rbs_motif=None;rbs_spacer=None;gc_cont=0.658
contig00226_4        -             89 1502854at2           -            192    0.0071   14.8   0.1   1   1     9e-05     0.012   14.1   0.0     4    27    46    69    44    76 0.90 # 3920 # 4186 # 1 # ID=226_4;partial=01;start_type=ATG;rbs_motif=GGAG/GAGG;rbs_spacer=5-10bp;gc_cont=0.622
contig01293_2        -            270 1502854at2           -            192    0.0072   14.8   0.0   1   1   8.1e-05     0.011   14.2   0.0     5    29    33    57    30    67 0.87 # 266 # 1075 # -1 # ID=1293_2;partial=00;start_type=ATG;rbs_motif=AGGAG;rbs_spacer=5-10bp;gc_cont=0.646
contig00404_3        -            387 1502854at2           -            192    0.0077   14.7   0.0   1   1   0.00013     0.017   13.6   0.0     5    26    30    51    27    57 0.88 # 1639 # 2799 # 1 # ID=404_3;partial=00;start_type=ATG;rbs_motif=AGGA/GGAG/GAGG;rbs_spacer=11-12bp;gc_cont=0.671
contig00525_3        -            270 1502854at2           -            192     0.009   14.5   0.1   1   1    0.0001     0.014   13.8   0.1     5    27    30    52    27    62 0.89 # 1296 # 2105 # -1 # ID=525_3;partial=00;start_type=ATG;rbs_motif=AGGA;rbs_spacer=5-10bp;gc_cont=0.694
contig00183_3        -            285 1502854at2           -            192    0.0099   14.4   0.0   1   1   0.00012     0.016   13.7   0.0     4    29    38    63    36    76 0.85 # 2276 # 3130 # 1 # ID=183_3;partial=00;start_type=ATG;rbs_motif=GGAGG;rbs_spacer=5-10bp;gc_cont=0.712
contig00573_2        -            291 1502854at2           -            192     0.011   14.2   0.0   1   1   0.00017     0.023   13.2   0.0     4    27    29    52    27    59 0.89 # 1170 # 2042 # 1 # ID=573_2;partial=00;start_type=ATG;rbs_motif=GGA/GAG/AGG;rbs_spacer=5-10bp;gc_cont=0.647
contig00233_3        -            330 1502854at2           -            192     0.012   14.1   0.3   1   1   0.00019     0.026   13.0   0.0     5    26    27    48    24    60 0.88 # 1279 # 2268 # -1 # ID=233_3;partial=00;start_type=ATG;rbs_motif=GGAG/GAGG;rbs_spacer=5-10bp;gc_cont=0.661
contig00829_1        -            345 1502854at2           -            192     0.012   14.0   0.0   1   2    0.0004     0.054   12.0   0.0     8    34   125   151   120   161 0.82 # 118 # 1152 # -1 # ID=829_1;partial=00;start_type=ATG;rbs_motif=GGA/GAG/AGG;rbs_spacer=5-10bp;gc_cont=0.635
contig00829_1        -            345 1502854at2           -            192     0.012   14.0   0.0   2   2       4.2   5.7e+02   -1.2   0.0    71   117   172   217   162   253 0.75 # 118 # 1152 # -1 # ID=829_1;partial=00;start_type=ATG;rbs_motif=GGA/GAG/AGG;rbs_spacer=5-10bp;gc_cont=0.635
contig00130_4        -            332 1502854at2           -            192     0.015   13.8   0.0   1   1    0.0003     0.041   12.3   0.0     4    26    27    49    25    57 0.88 # 2759 # 3754 # -1 # ID=130_4;partial=00;start_type=ATG;rbs_motif=GGA/GAG/AGG;rbs_spacer=5-10bp;gc_cont=0.676
contig00568_4        -            129 1502854at2           -            192     0.015   13.7   0.0   1   1   0.00015     0.021   13.3   0.0     4    27    51    74    49    88 0.87 # 2373 # 2759 # 1 # ID=568_4;partial=01;start_type=ATG;rbs_motif=GGA/GAG/AGG;rbs_spacer=5-10bp;gc_cont=0.649
contig00922_2        -             63 1502854at2           -            192     0.016   13.6   0.1   1   1   0.00019     0.026   13.0   0.1     9    29     4    24     2    33 0.83 # 1902 # 2090 # 1 # ID=922_2;partial=01;start_type=GTG;rbs_motif=None;rbs_spacer=None;gc_cont=0.630
contig01445_1        -             74 1502854at2           -            192     0.018   13.5   0.0   1   1   0.00019     0.025   13.0   0.0     5    27    42    64    39    71 0.86 # 1 # 222 # -1 # ID=1445_1;partial=10;start_type=ATG;rbs_motif=GGAG/GAGG;rbs_spacer=5-10bp;gc_cont=0.694
contig00731_3        -            136 1502854at2           -            192     0.019   13.5   0.2   1   1   0.00024     0.032   12.7   0.1     5    27    39    61    36    74 0.87 # 1991 # 2398 # 1 # ID=731_3;partial=01;start_type=ATG;rbs_motif=GGAG/GAGG;rbs_spacer=5-10bp;gc_cont=0.664
contig00718_2        -            283 1502854at2           -            192     0.019   13.4   0.0   1   1   0.00028     0.038   12.5   0.0     9    26    49    66    44    71 0.91 # 1024 # 1872 # 1 # ID=718_2;partial=00;start_type=ATG;rbs_motif=GGA/GAG/AGG;rbs_spacer=5-10bp;gc_cont=0.702
contig00597_2        -            371 1502854at2           -            192     0.019   13.4   0.0   1   1   0.00032     0.043   12.3   0.0     7    26    30    49    26    59 0.86 # 579 # 1691 # 1 # ID=597_2;partial=00;start_type=ATG;rbs_motif=GGAGG;rbs_spacer=5-10bp;gc_cont=0.694
contig01191_2        -            340 1502854at2           -            192     0.019   13.4   0.2   1   1   0.00014     0.019   13.4   0.2     6    27   206   227   202   244 0.87 # 316 # 1335 # -1 # ID=1191_2;partial=00;start_type=ATG;rbs_motif=GGA/GAG/AGG;rbs_spacer=5-10bp;gc_cont=0.668
contig00325_4        -            371 1502854at2           -            192      0.02   13.4   0.2   1   1   0.00034     0.046   12.2   0.2     9    29    28    48    21    69 0.81 # 1638 # 2750 # 1 # ID=325_4;partial=00;start_type=ATG;rbs_motif=GGAG/GAGG;rbs_spacer=5-10bp;gc_cont=0.490
contig01296_1        -            197 1502854at2           -            192     0.021   13.3   0.0   1   1   0.00027     0.036   12.5   0.0     4    27    22    45    20    54 0.89 # 438 # 1028 # 1 # ID=1296_1;partial=00;start_type=ATG;rbs_motif=GGA/GAG/AGG;rbs_spacer=11-12bp;gc_cont=0.550
contig00359_3        -            149 1502854at2           -            192     0.021   13.3   0.0   1   1   0.00024     0.032   12.7   0.0     6    27    34    55    31    66 0.85 # 3016 # 3462 # 1 # ID=359_3;partial=01;start_type=ATG;rbs_motif=GGA/GAG/AGG;rbs_spacer=5-10bp;gc_cont=0.655
contig00214_6        -            235 1502854at2           -            192     0.022   13.2   0.0   1   1   0.00028     0.038   12.4   0.0     7    28     2    23     1    29 0.88 # 3556 # 4260 # 1 # ID=214_6;partial=01;start_type=ATG;rbs_motif=None;rbs_spacer=None;gc_cont=0.633
contig01523_1        -            160 1502854at2           -            192     0.024   13.1   0.7   1   1   0.00025     0.035   12.6   0.7   122   183    86   147    74   153 0.79 # 1 # 480 # 1 # ID=1523_1;partial=10;start_type=Edge;rbs_motif=None;rbs_spacer=None;gc_cont=0.675
contig00349_2        -            278 1502854at2           -            192     0.024   13.1   0.0   1   1   0.00047     0.064   11.7   0.0     5    27    55    77    51    84 0.85 # 946 # 1779 # 1 # ID=349_2;partial=00;start_type=ATG;rbs_motif=GGAG/GAGG;rbs_spacer=5-10bp;gc_cont=0.629
contig00385_1        -             99 1502854at2           -            192     0.024   13.1   0.0   1   1   0.00023     0.031   12.7   0.0     6    25    30    49    27    62 0.82 # 1 # 297 # -1 # ID=385_1;partial=10;start_type=ATG;rbs_motif=GGAGG;rbs_spacer=5-10bp;gc_cont=0.697
contig02652_1        -            258 1502854at2           -            192     0.029   12.8   0.1   1   2   0.00021     0.029   12.8   0.1     7    26    17    36    13    43 0.89 # 1 # 774 # 1 # ID=2652_1;partial=11;start_type=Edge;rbs_motif=None;rbs_spacer=None;gc_cont=0.668
contig02652_1        -            258 1502854at2           -            192     0.029   12.8   0.1   2   2       4.1   5.5e+02   -1.1   0.1    82    97   185   200   165   250 0.54 # 1 # 774 # 1 # ID=2652_1;partial=11;start_type=Edge;rbs_motif=None;rbs_spacer=None;gc_cont=0.668
contig02819_1        -            231 1502854at2           -            192     0.031   12.8   0.0   1   1   0.00034     0.047   12.2   0.0     6    40    62    96    59   107 0.78 # 3 # 695 # 1 # ID=2819_1;partial=11;start_type=Edge;rbs_motif=None;rbs_spacer=None;gc_cont=0.739
contig02075_2        -            285 1502854at2           -            192     0.031   12.7   0.0   1   2       7.4     1e+03   -2.0   0.0    44   176   106   124    95   141 0.52 # 202 # 1056 # 1 # ID=2075_2;partial=01;start_type=ATG;rbs_motif=GGAG/GAGG;rbs_spacer=5-10bp;gc_cont=0.643
contig02075_2        -            285 1502854at2           -            192     0.031   12.7   0.0   2   2   0.00067     0.091   11.2   0.0     5    44   215   254   213   280 0.88 # 202 # 1056 # 1 # ID=2075_2;partial=01;start_type=ATG;rbs_motif=GGAG/GAGG;rbs_spacer=5-10bp;gc_cont=0.643
contig00515_2        -            279 1502854at2           -            192     0.032   12.7   0.1   1   1    0.0005     0.068   11.6   0.1     5    26    29    50    26    55 0.90 # 368 # 1204 # -1 # ID=515_2;partial=00;start_type=ATG;rbs_motif=GGAGG;rbs_spacer=5-10bp;gc_cont=0.687
contig01826_2        -            131 1502854at2           -            192     0.044   12.2   0.0   1   1   0.00047     0.064   11.7   0.0     8    35     9    38     4    41 0.80 # 801 # 1193 # 1 # ID=1826_2;partial=01;start_type=ATG;rbs_motif=GGA/GAG/AGG;rbs_spacer=5-10bp;gc_cont=0.649
contig01363_2        -            336 1502854at2           -            192     0.048   12.1   0.1   1   1   0.00082      0.11   10.9   0.1     5    27    30    52    27    65 0.86 # 83 # 1090 # -1 # ID=1363_2;partial=00;start_type=GTG;rbs_motif=GGA/GAG/AGG;rbs_spacer=5-10bp;gc_cont=0.671
contig00163_1        -            498 1502854at2           -            192     0.051   12.0   0.5   1   2     0.059         8    4.9   0.0     5    28    34    57    31    66 0.81 # 2 # 1495 # -1 # ID=163_1;partial=10;start_type=ATG;rbs_motif=GGAG/GAGG;rbs_spacer=5-10bp;gc_cont=0.665
contig00163_1        -            498 1502854at2           -            192     0.051   12.0   0.5   2   2     0.051         7    5.1   0.1     6    27   311   332   308   342 0.81 # 2 # 1495 # -1 # ID=163_1;partial=10;start_type=ATG;rbs_motif=GGAG/GAGG;rbs_spacer=5-10bp;gc_cont=0.665
contig00592_1        -            415 1502854at2           -            192     0.054   12.0   0.1   1   1   0.00072     0.098   11.1   0.1     5    40    49    87    46    92 0.76 # 3 # 1247 # -1 # ID=592_1;partial=10;start_type=ATG;rbs_motif=GGA/GAG/AGG;rbs_spacer=5-10bp;gc_cont=0.679
contig02856_1        -            225 1502854at2           -            192     0.065   11.7   0.1   1   1   0.00084      0.11   10.9   0.1    10    27    79    96    73   104 0.84 # 3 # 677 # -1 # ID=2856_1;partial=11;start_type=Edge;rbs_motif=None;rbs_spacer=None;gc_cont=0.747
contig01324_3        -            324 1502854at2           -            192     0.068   11.6   0.2   1   2    0.0053      0.71    8.3   0.0     9    31     8    30     3    39 0.83 # 555 # 1526 # -1 # ID=1324_3;partial=00;start_type=ATG;rbs_motif=GGA/GAG/AGG;rbs_spacer=5-10bp;gc_cont=0.641
contig01324_3        -            324 1502854at2           -            192     0.068   11.6   0.2   2   2       1.3   1.8e+02    0.5   0.2   112   139   196   223   127   234 0.61 # 555 # 1526 # -1 # ID=1324_3;partial=00;start_type=ATG;rbs_motif=GGA/GAG/AGG;rbs_spacer=5-10bp;gc_cont=0.641
contig02609_1        -            242 1502854at2           -            192     0.068   11.6   0.0   1   1   0.00083      0.11   10.9   0.0     5    27    57    79    54    88 0.90 # 68 # 793 # -1 # ID=2609_1;partial=01;start_type=Edge;rbs_motif=None;rbs_spacer=None;gc_cont=0.602
contig03231_1        -            180 1502854at2           -            192     0.072   11.6   0.0   1   1   0.00083      0.11   10.9   0.0     6    31    74    99    69   107 0.85 # 1 # 540 # 1 # ID=3231_1;partial=11;start_type=Edge;rbs_motif=None;rbs_spacer=None;gc_cont=0.687
contig00033_7        -            279 1502854at2           -            192     0.072   11.6   0.2   1   1   0.00097      0.13   10.7   0.2     6    27    35    56    32    68 0.84 # 7285 # 8121 # 1 # ID=33_7;partial=00;start_type=ATG;rbs_motif=GGAG/GAGG;rbs_spacer=5-10bp;gc_cont=0.723
contig00305_4        -            274 1502854at2           -            192     0.074   11.5   0.0   1   1   0.00094      0.13   10.7   0.0     4    28    50    74    48    84 0.88 # 2890 # 3711 # 1 # ID=305_4;partial=01;start_type=ATG;rbs_motif=GGAG/GAGG;rbs_spacer=5-10bp;gc_cont=0.697
contig00498_2        -            256 1502854at2           -            192     0.076   11.5   0.0   1   1    0.0013      0.18   10.3   0.0     5    27    30    52    27    58 0.87 # 1157 # 1924 # 1 # ID=498_2;partial=00;start_type=ATG;rbs_motif=GGAG/GAGG;rbs_spacer=5-10bp;gc_cont=0.652
contig00647_2        -            193 1502854at2           -            192     0.076   11.5   0.1   1   1   0.00095      0.13   10.7   0.1     9    29    14    34     7    42 0.87 # 120 # 698 # -1 # ID=647_2;partial=00;start_type=ATG;rbs_motif=None;rbs_spacer=None;gc_cont=0.699
contig00498_3        -            234 1502854at2           -            192     0.078   11.4   0.3   1   2    0.0016      0.22   10.0   0.1     4    29    25    50    23    60 0.82 # 1927 # 2628 # 1 # ID=498_3;partial=00;start_type=ATG;rbs_motif=GGA/GAG/AGG;rbs_spacer=5-10bp;gc_cont=0.644
contig00498_3        -            234 1502854at2           -            192     0.078   11.4   0.3   2   2       6.7   9.2e+02   -1.8   0.0    56    93   103   142    94   149 0.57 # 1927 # 2628 # 1 # ID=498_3;partial=00;start_type=ATG;rbs_motif=GGA/GAG/AGG;rbs_spacer=5-10bp;gc_cont=0.644
contig03286_2        -            138 1502854at2           -            192     0.081   11.4   0.0   1   1    0.0011      0.14   10.6   0.0     6    26    41    61    38    68 0.88 # 102 # 515 # 1 # ID=3286_2;partial=01;start_type=ATG;rbs_motif=None;rbs_spacer=None;gc_cont=0.688
contig00826_2        -            286 1502854at2           -            192     0.082   11.4   0.2   1   2    0.0018      0.24    9.8   0.1     6    27    70    91    68   100 0.86 # 180 # 1037 # 1 # ID=826_2;partial=00;start_type=ATG;rbs_motif=AGGAG;rbs_spacer=5-10bp;gc_cont=0.675
contig00826_2        -            286 1502854at2           -            192     0.082   11.4   0.2   2   2       6.5   8.8e+02   -1.8   0.0    74    94   152   172   132   177 0.68 # 180 # 1037 # 1 # ID=826_2;partial=00;start_type=ATG;rbs_motif=AGGAG;rbs_spacer=5-10bp;gc_cont=0.675
contig00059_7        -            268 1502854at2           -            192     0.086   11.3   0.0   1   1    0.0011      0.14   10.6   0.0     9    29    32    52    27    59 0.85 # 5637 # 6440 # -1 # ID=59_7;partial=00;start_type=GTG;rbs_motif=None;rbs_spacer=None;gc_cont=0.731
contig00826_3        -            233 1502854at2           -            192     0.096   11.1   0.0   1   1    0.0013      0.17   10.3   0.0     5    27    26    48    23    59 0.88 # 1174 # 1872 # 1 # ID=826_3;partial=00;start_type=ATG;rbs_motif=GGA/GAG/AGG;rbs_spacer=5-10bp;gc_cont=0.685
contig02216_2        -            123 1502854at2           -            192      0.14   10.6   0.0   1   1    0.0015      0.21   10.1   0.0    11    31    10    30     7    39 0.83 # 607 # 975 # 1 # ID=2216_2;partial=01;start_type=ATG;rbs_motif=None;rbs_spacer=None;gc_cont=0.702
contig00686_1        -            805 1502854at2           -            192       2.6    6.5   7.4   1   2      0.22        31    3.0   0.0     8    28   135   155   129   161 0.81 # 1 # 2415 # 1 # ID=686_1;partial=10;start_type=Edge;rbs_motif=None;rbs_spacer=None;gc_cont=0.689
contig00686_1        -            805 1502854at2           -            192       2.6    6.5   7.4   2   2     0.024       3.3    6.2   0.0     8    26   541   559   536   568 0.86 # 1 # 2415 # 1 # ID=686_1;partial=10;start_type=Edge;rbs_motif=None;rbs_spacer=None;gc_cont=0.689
#
# Program:         hmmsearch
# Version:         3.1b2 (February 2015)
# Pipeline mode:   SEARCH
# Query file:      /home/johngn/Microbial-Genomics-Journey-Workshop-2023/Reads_session_3/busco_downloads/lineages/bacteria_odb10/hmms/1502854at2.hmm
# Target file:     /home/johngn/Microbial-Genomics-Journey-Workshop-2023/Reads_session_3/busco_op/prodigal_output/predicted_genes/predicted.faa
# Option settings: hmmsearch --domtblout /home/johngn/Microbial-Genomics-Journey-Workshop-2023/Reads_session_3/busco_op/run_bacteria_odb10/hmmer_output/1502854at2.out --cpu 1 /home/johngn/Microbial-Genomics-Journey-Workshop-2023/Reads_session_3/busco_downloads/lineages/bacteria_odb10/hmms/1502854at2.hmm /home/johngn/Microbial-Genomics-Journey-Workshop-2023/Reads_session_3/busco_op/prodigal_output/predicted_genes/predicted.faa 
# Current dir:     /home/johngn/Microbial-Genomics-Journey-Workshop-2023/Reads_session_3
# Date:            Wed Mar  1 18:11:34 2023
# [ok]
