#                                                                            --- full sequence --- -------------- this domain -------------   hmm coord   ali coord   env coord
# target name        accession   tlen query name           accession   qlen   E-value  score  bias   #  of  c-Evalue  i-Evalue  score  bias  from    to  from    to  from    to  acc description of target
#------------------- ---------- ----- -------------------- ---------- ----- --------- ------ ----- --- --- --------- --------- ------ ----- ----- ----- ----- ----- ----- ----- ---- ---------------------
contig01733_2        -            205 182107at2            -            492   3.6e-83  278.5   2.3   1   1   1.4e-84   8.1e-82  274.0   2.3     1   173     7   205     7   205 0.90 # 657 # 1271 # 1 # ID=1733_2;partial=01;start_type=GTG;rbs_motif=GGA/GAG/AGG;rbs_spacer=11-12bp;gc_cont=0.650
contig01382_1        -            195 182107at2            -            492   3.2e-74  249.0   0.8   1   1   4.2e-76   2.5e-73  246.0   0.8   327   492     2   193     1   193 0.93 # 1 # 585 # 1 # ID=1382_1;partial=10;start_type=Edge;rbs_motif=None;rbs_spacer=None;gc_cont=0.609
contig00345_1        -            494 182107at2            -            492     2e-26   91.4   0.1   1   2   6.5e-24   3.9e-21   73.9   0.0     2   133    12   165    11   169 0.83 # 3 # 1484 # -1 # ID=345_1;partial=10;start_type=ATG;rbs_motif=GGA/GAG/AGG;rbs_spacer=5-10bp;gc_cont=0.636
contig00345_1        -            494 182107at2            -            492     2e-26   91.4   0.1   2   2   6.6e-05     0.039   11.2   0.0   229   309   387   463   251   469 0.86 # 3 # 1484 # -1 # ID=345_1;partial=10;start_type=ATG;rbs_motif=GGA/GAG/AGG;rbs_spacer=5-10bp;gc_cont=0.636
contig02197_1        -            328 182107at2            -            492   3.3e-25   87.4   0.0   1   1     7e-28   4.2e-25   87.0   0.0     9   195     2   201     1   211 0.82 # 2 # 985 # 1 # ID=2197_1;partial=11;start_type=Edge;rbs_motif=None;rbs_spacer=None;gc_cont=0.668
contig01512_2        -            110 182107at2            -            492   1.7e-24   85.0   0.2   1   1   9.7e-27   5.8e-24   83.2   0.2     1    89     5   109     5   110 0.82 # 1108 # 1437 # 1 # ID=1512_2;partial=01;start_type=GTG;rbs_motif=GGA/GAG/AGG;rbs_spacer=5-10bp;gc_cont=0.621
contig00127_1        -            168 182107at2            -            492   5.8e-24   83.2   0.0   1   1   2.6e-26   1.6e-23   81.8   0.0     2   129    11   164    10   167 0.82 # 1 # 504 # -1 # ID=127_1;partial=10;start_type=ATG;rbs_motif=GGA/GAG/AGG;rbs_spacer=5-10bp;gc_cont=0.655
contig00098_1        -            561 182107at2            -            492   1.3e-11   42.4   0.3   1   2      0.17   1.1e+02   -0.1   0.0     7    24    30    47    25    62 0.78 # 2 # 1684 # -1 # ID=98_1;partial=10;start_type=ATG;rbs_motif=GGAG/GAGG;rbs_spacer=5-10bp;gc_cont=0.643
contig00098_1        -            561 182107at2            -            492   1.3e-11   42.4   0.3   2   2   1.2e-13   7.3e-11   40.0   0.1    25   118    77   175    62   197 0.81 # 2 # 1684 # -1 # ID=98_1;partial=10;start_type=ATG;rbs_motif=GGAG/GAGG;rbs_spacer=5-10bp;gc_cont=0.643
contig01797_1        -            405 182107at2            -            492   6.3e-11   40.2   0.1   1   2      0.18   1.1e+02   -0.1   0.0   132   160    77   105    46   109 0.79 # 3 # 1217 # 1 # ID=1797_1;partial=11;start_type=Edge;rbs_motif=None;rbs_spacer=None;gc_cont=0.649
contig01797_1        -            405 182107at2            -            492   6.3e-11   40.2   0.1   2   2   7.4e-12   4.5e-09   34.1   0.0   158   328   127   320   118   322 0.72 # 3 # 1217 # 1 # ID=1797_1;partial=11;start_type=Edge;rbs_motif=None;rbs_spacer=None;gc_cont=0.649
contig02353_1        -            116 182107at2            -            492   9.7e-10   36.3   0.0   1   1   2.4e-12   1.4e-09   35.8   0.0     3    88    14   115    13   116 0.76 # 1 # 348 # -1 # ID=2353_1;partial=10;start_type=ATG;rbs_motif=GGA/GAG/AGG;rbs_spacer=5-10bp;gc_cont=0.595
contig02414_2        -            233 182107at2            -            492   1.8e-09   35.4   0.0   1   1   3.8e-12   2.3e-09   35.1   0.0     8   194     7   209     3   220 0.71 # 180 # 878 # 1 # ID=2414_2;partial=01;start_type=GTG;rbs_motif=GGAG/GAGG;rbs_spacer=5-10bp;gc_cont=0.725
contig00706_3        -            479 182107at2            -            492   9.8e-09   33.0   0.7   1   2   6.5e-07   0.00039   17.8   0.1   108   234     1   154     1   170 0.66 # 1002 # 2438 # -1 # ID=706_3;partial=01;start_type=Edge;rbs_motif=None;rbs_spacer=None;gc_cont=0.644
contig00706_3        -            479 182107at2            -            492   9.8e-09   33.0   0.7   2   2   1.8e-05     0.011   13.1   0.0   250   350   203   297   195   303 0.90 # 1002 # 2438 # -1 # ID=706_3;partial=01;start_type=Edge;rbs_motif=None;rbs_spacer=None;gc_cont=0.644
contig02443_1        -            287 182107at2            -            492   7.2e-07   26.8   0.1   1   2      0.11        65    0.6   0.0   131   160    71   100    32   108 0.80 # 3 # 863 # -1 # ID=2443_1;partial=11;start_type=Edge;rbs_motif=None;rbs_spacer=None;gc_cont=0.614
contig02443_1        -            287 182107at2            -            492   7.2e-07   26.8   0.1   2   2   1.2e-07     7e-05   20.3   0.0   159   300   123   286   111   287 0.66 # 3 # 863 # -1 # ID=2443_1;partial=11;start_type=Edge;rbs_motif=None;rbs_spacer=None;gc_cont=0.614
contig01208_1        -             71 182107at2            -            492   0.00012   19.5   0.0   1   1   5.2e-07   0.00031   18.2   0.0     2    48    11    71    10    71 0.72 # 2 # 214 # -1 # ID=1208_1;partial=10;start_type=GTG;rbs_motif=GGAG/GAGG;rbs_spacer=5-10bp;gc_cont=0.596
contig02768_1        -            221 182107at2            -            492    0.0028   15.0   0.0   1   1   7.4e-06    0.0044   14.3   0.0   320   358   127   165   105   200 0.89 # 1 # 663 # 1 # ID=2768_1;partial=10;start_type=Edge;rbs_motif=None;rbs_spacer=None;gc_cont=0.578
#
# Program:         hmmsearch
# Version:         3.1b2 (February 2015)
# Pipeline mode:   SEARCH
# Query file:      /home/johngn/Microbial-Genomics-Journey-Workshop-2023/Reads_session_3/busco_downloads/lineages/bacteria_odb10/hmms/182107at2.hmm
# Target file:     /home/johngn/Microbial-Genomics-Journey-Workshop-2023/Reads_session_3/busco_op/prodigal_output/predicted_genes/predicted.faa
# Option settings: hmmsearch --domtblout /home/johngn/Microbial-Genomics-Journey-Workshop-2023/Reads_session_3/busco_op/run_bacteria_odb10/hmmer_output/182107at2.out --cpu 1 /home/johngn/Microbial-Genomics-Journey-Workshop-2023/Reads_session_3/busco_downloads/lineages/bacteria_odb10/hmms/182107at2.hmm /home/johngn/Microbial-Genomics-Journey-Workshop-2023/Reads_session_3/busco_op/prodigal_output/predicted_genes/predicted.faa 
# Current dir:     /home/johngn/Microbial-Genomics-Journey-Workshop-2023/Reads_session_3
# Date:            Wed Mar  1 18:11:35 2023
# [ok]
