#                                                                            --- full sequence --- -------------- this domain -------------   hmm coord   ali coord   env coord
# target name        accession   tlen query name           accession   qlen   E-value  score  bias   #  of  c-Evalue  i-Evalue  score  bias  from    to  from    to  from    to  acc description of target
#------------------- ---------- ----- -------------------- ---------- ----- --------- ------ ----- --- --- --------- --------- ------ ----- ----- ----- ----- ----- ----- ----- ---- ---------------------
contig01419_2        -            156 1827295at2           -             74     2e-23   81.0   0.4   1   1   2.2e-25     7e-23   79.3   0.4     8    74    24   111    12   111 0.84 # 371 # 838 # 1 # ID=1419_2;partial=00;start_type=GTG;rbs_motif=AGGAG;rbs_spacer=5-10bp;gc_cont=0.660
contig02055_1        -             61 1827295at2           -             74   6.4e-05   21.7   0.0   1   1   2.1e-07   6.5e-05   21.7   0.0     9    33    13    38     1    48 0.80 # 2 # 184 # -1 # ID=2055_1;partial=10;start_type=ATG;rbs_motif=GGA/GAG/AGG;rbs_spacer=5-10bp;gc_cont=0.650
contig01826_2        -            131 1827295at2           -             74   0.00086   18.1   0.1   1   1   4.7e-06    0.0015   17.4   0.1     6    33     4    32     1    37 0.83 # 801 # 1193 # 1 # ID=1826_2;partial=01;start_type=ATG;rbs_motif=GGA/GAG/AGG;rbs_spacer=5-10bp;gc_cont=0.649
contig00772_4        -             95 1827295at2           -             74   0.00093   18.0   0.0   1   1   3.9e-06    0.0012   17.6   0.0     8    38    53    86    40    89 0.85 # 2048 # 2332 # 1 # ID=772_4;partial=01;start_type=ATG;rbs_motif=GGA/GAG/AGG;rbs_spacer=5-10bp;gc_cont=0.653
contig02228_1        -            179 1827295at2           -             74    0.0014   17.4   0.0   1   2   1.2e-05    0.0038   16.0   0.0     9    33    26    50    11    57 0.83 # 1 # 537 # -1 # ID=2228_1;partial=10;start_type=ATG;rbs_motif=AGGAG;rbs_spacer=5-10bp;gc_cont=0.695
contig02228_1        -            179 1827295at2           -             74    0.0014   17.4   0.0   2   2       7.5   2.3e+03   -2.5   0.0    39    47   134   142   123   143 0.75 # 1 # 537 # -1 # ID=2228_1;partial=10;start_type=ATG;rbs_motif=AGGAG;rbs_spacer=5-10bp;gc_cont=0.695
contig00525_3        -            270 1827295at2           -             74    0.0022   16.8   0.0   1   1   1.5e-05    0.0047   15.7   0.0     7    32    27    55    18    60 0.81 # 1296 # 2105 # -1 # ID=525_3;partial=00;start_type=ATG;rbs_motif=AGGA;rbs_spacer=5-10bp;gc_cont=0.694
contig00592_1        -            415 1827295at2           -             74    0.0037   16.1   0.1   1   2   7.3e-05     0.023   13.5   0.1     6    33    45    75    40    81 0.80 # 3 # 1247 # -1 # ID=592_1;partial=10;start_type=ATG;rbs_motif=GGA/GAG/AGG;rbs_spacer=5-10bp;gc_cont=0.679
contig00592_1        -            415 1827295at2           -             74    0.0037   16.1   0.1   2   2       1.1   3.6e+02    0.1   0.0    10    33    81   104    72   109 0.80 # 3 # 1247 # -1 # ID=592_1;partial=10;start_type=ATG;rbs_motif=GGA/GAG/AGG;rbs_spacer=5-10bp;gc_cont=0.679
contig00922_2        -             63 1827295at2           -             74     0.006   15.4   0.0   1   1   2.8e-05    0.0089   14.8   0.0    11    33     4    26     2    32 0.89 # 1902 # 2090 # 1 # ID=922_2;partial=01;start_type=GTG;rbs_motif=None;rbs_spacer=None;gc_cont=0.630
contig02077_1        -            269 1827295at2           -             74     0.009   14.8   0.0   1   1   6.4e-05      0.02   13.7   0.0     8    34    96   126    84   143 0.83 # 247 # 1053 # 1 # ID=2077_1;partial=01;start_type=ATG;rbs_motif=AGGA;rbs_spacer=5-10bp;gc_cont=0.658
contig00956_2        -            477 1827295at2           -             74    0.0095   14.7   0.4   1   3    0.0009      0.28   10.0   0.1     8    27    31    52    19    57 0.80 # 610 # 2040 # 1 # ID=956_2;partial=01;start_type=ATG;rbs_motif=GGAG/GAGG;rbs_spacer=5-10bp;gc_cont=0.707
contig00956_2        -            477 1827295at2           -             74    0.0095   14.7   0.4   2   3       2.7   8.5e+02   -1.1   0.0    11    24   139   152   126   161 0.70 # 610 # 2040 # 1 # ID=956_2;partial=01;start_type=ATG;rbs_motif=GGAG/GAGG;rbs_spacer=5-10bp;gc_cont=0.707
contig00956_2        -            477 1827295at2           -             74    0.0095   14.7   0.4   3   3      0.76   2.4e+02    0.7   0.0     9    28   283   302   271   307 0.79 # 610 # 2040 # 1 # ID=956_2;partial=01;start_type=ATG;rbs_motif=GGAG/GAGG;rbs_spacer=5-10bp;gc_cont=0.707
contig02578_1        -            268 1827295at2           -             74      0.01   14.7   0.2   1   1   8.7e-05     0.027   13.3   0.2     9    58   191   236   173   245 0.76 # 1 # 804 # 1 # ID=2578_1;partial=11;start_type=Edge;rbs_motif=None;rbs_spacer=None;gc_cont=0.711
contig02216_2        -            123 1827295at2           -             74     0.011   14.6   0.0   1   1   5.5e-05     0.017   13.9   0.0    12    31     9    28     4    34 0.86 # 607 # 975 # 1 # ID=2216_2;partial=01;start_type=ATG;rbs_motif=None;rbs_spacer=None;gc_cont=0.702
contig00737_1        -            266 1827295at2           -             74     0.014   14.2   0.0   1   1   8.3e-05     0.026   13.4   0.0     6    57    52   104    42   115 0.82 # 3 # 800 # -1 # ID=737_1;partial=10;start_type=ATG;rbs_motif=GGA/GAG/AGG;rbs_spacer=5-10bp;gc_cont=0.685
contig01374_1        -            401 1827295at2           -             74     0.025   13.4   0.0   1   1   0.00016      0.05   12.4   0.0    10    31     7    28     2    34 0.88 # 9 # 1211 # -1 # ID=1374_1;partial=00;start_type=GTG;rbs_motif=GGAG/GAGG;rbs_spacer=5-10bp;gc_cont=0.661
contig00072_2        -            522 1827295at2           -             74     0.025   13.4   0.4   1   2     0.059        18    4.2   0.0    11    33    22    44    11    50 0.83 # 561 # 2126 # 1 # ID=72_2;partial=00;start_type=ATG;rbs_motif=None;rbs_spacer=None;gc_cont=0.645
contig00072_2        -            522 1827295at2           -             74     0.025   13.4   0.4   2   2     0.014       4.2    6.3   0.0     9    32   338   361   328   367 0.82 # 561 # 2126 # 1 # ID=72_2;partial=00;start_type=ATG;rbs_motif=None;rbs_spacer=None;gc_cont=0.645
contig00027_4        -            372 1827295at2           -             74     0.031   13.1   0.0   1   1   0.00021     0.066   12.0   0.0    12    35    93   116    77   133 0.90 # 4703 # 5818 # 1 # ID=27_4;partial=00;start_type=ATG;rbs_motif=AGGAG;rbs_spacer=5-10bp;gc_cont=0.686
contig00569_1        -            203 1827295at2           -             74     0.034   13.0   0.2   1   2       1.5   4.5e+02   -0.2   0.0    20    33     3    16     2    22 0.89 # 2 # 610 # -1 # ID=569_1;partial=10;start_type=ATG;rbs_motif=None;rbs_spacer=None;gc_cont=0.647
contig00569_1        -            203 1827295at2           -             74     0.034   13.0   0.2   2   2   0.00046      0.14   11.0   0.1     9    33    22    46    10    54 0.81 # 2 # 610 # -1 # ID=569_1;partial=10;start_type=ATG;rbs_motif=None;rbs_spacer=None;gc_cont=0.647
contig00686_1        -            805 1827295at2           -             74      0.04   12.7   0.1   1   2     0.026       8.1    5.4   0.0    13    32   138   157   125   164 0.82 # 1 # 2415 # 1 # ID=686_1;partial=10;start_type=Edge;rbs_motif=None;rbs_spacer=None;gc_cont=0.689
contig00686_1        -            805 1827295at2           -             74      0.04   12.7   0.1   2   2     0.042        13    4.7   0.1     8    30   534   561   523   567 0.75 # 1 # 2415 # 1 # ID=686_1;partial=10;start_type=Edge;rbs_motif=None;rbs_spacer=None;gc_cont=0.689
contig00042_4        -            391 1827295at2           -             74     0.044   12.6   0.1   1   2   0.00081      0.25   10.2   0.0     9    33   149   173   139   190 0.80 # 1189 # 2361 # -1 # ID=42_4;partial=00;start_type=ATG;rbs_motif=AGGAG;rbs_spacer=5-10bp;gc_cont=0.617
contig00042_4        -            391 1827295at2           -             74     0.044   12.6   0.1   2   2       1.7   5.3e+02   -0.4   0.0    19    36   195   212   183   214 0.82 # 1189 # 2361 # -1 # ID=42_4;partial=00;start_type=ATG;rbs_motif=AGGAG;rbs_spacer=5-10bp;gc_cont=0.617
contig00647_2        -            193 1827295at2           -             74     0.044   12.6   0.1   1   1   0.00032     0.099   11.5   0.1    10    33    13    36     3    40 0.85 # 120 # 698 # -1 # ID=647_2;partial=00;start_type=ATG;rbs_motif=None;rbs_spacer=None;gc_cont=0.699
contig00059_7        -            268 1827295at2           -             74     0.059   12.2   0.0   1   1   0.00034      0.11   11.4   0.0     6    31    26    52    16    57 0.81 # 5637 # 6440 # -1 # ID=59_7;partial=00;start_type=GTG;rbs_motif=None;rbs_spacer=None;gc_cont=0.731
contig01102_3        -             76 1827295at2           -             74     0.059   12.2   0.0   1   1   0.00027     0.085   11.7   0.0    12    35     7    29     2    37 0.82 # 1618 # 1845 # 1 # ID=1102_3;partial=01;start_type=ATG;rbs_motif=AGGA;rbs_spacer=5-10bp;gc_cont=0.671
contig00434_2        -            427 1827295at2           -             74     0.067   12.0   0.0   1   1   0.00044      0.14   11.0   0.0     5    33   110   138   101   146 0.85 # 1148 # 2428 # -1 # ID=434_2;partial=00;start_type=ATG;rbs_motif=GGA/GAG/AGG;rbs_spacer=5-10bp;gc_cont=0.591
contig02377_2        -             84 1827295at2           -             74     0.072   11.9   0.1   1   1    0.0003     0.094   11.6   0.1     8    29    27    52    11    55 0.79 # 644 # 895 # 1 # ID=2377_2;partial=01;start_type=GTG;rbs_motif=None;rbs_spacer=None;gc_cont=0.679
contig01296_1        -            197 1827295at2           -             74     0.073   11.9   0.0   1   1    0.0004      0.12   11.2   0.0     7    32    20    48    13    58 0.76 # 438 # 1028 # 1 # ID=1296_1;partial=00;start_type=ATG;rbs_motif=GGA/GAG/AGG;rbs_spacer=11-12bp;gc_cont=0.550
contig01279_1        -            432 1827295at2           -             74     0.074   11.9   0.1   1   2   0.00087      0.27   10.1   0.0     9    31    34    56    20    70 0.83 # 1 # 1296 # 1 # ID=1279_1;partial=10;start_type=Edge;rbs_motif=None;rbs_spacer=None;gc_cont=0.664
contig01279_1        -            432 1827295at2           -             74     0.074   11.9   0.1   2   2       9.1   2.8e+03   -2.8   0.0    14    29   275   290   271   297 0.75 # 1 # 1296 # 1 # ID=1279_1;partial=10;start_type=Edge;rbs_motif=None;rbs_spacer=None;gc_cont=0.664
contig00676_1        -            822 1827295at2           -             74     0.081   11.8   0.0   1   1   0.00055      0.17   10.7   0.0     5    33    84   113    77   117 0.82 # 37 # 2502 # 1 # ID=676_1;partial=01;start_type=ATG;rbs_motif=None;rbs_spacer=None;gc_cont=0.684
#
# Program:         hmmsearch
# Version:         3.1b2 (February 2015)
# Pipeline mode:   SEARCH
# Query file:      /home/johngn/Microbial-Genomics-Journey-Workshop-2023/Reads_session_3/busco_downloads/lineages/bacteria_odb10/hmms/1827295at2.hmm
# Target file:     /home/johngn/Microbial-Genomics-Journey-Workshop-2023/Reads_session_3/busco_op/prodigal_output/predicted_genes/predicted.faa
# Option settings: hmmsearch --domtblout /home/johngn/Microbial-Genomics-Journey-Workshop-2023/Reads_session_3/busco_op/run_bacteria_odb10/hmmer_output/1827295at2.out --cpu 1 /home/johngn/Microbial-Genomics-Journey-Workshop-2023/Reads_session_3/busco_downloads/lineages/bacteria_odb10/hmms/1827295at2.hmm /home/johngn/Microbial-Genomics-Journey-Workshop-2023/Reads_session_3/busco_op/prodigal_output/predicted_genes/predicted.faa 
# Current dir:     /home/johngn/Microbial-Genomics-Journey-Workshop-2023/Reads_session_3
# Date:            Wed Mar  1 18:11:36 2023
# [ok]
