#                                                                            --- full sequence --- -------------- this domain -------------   hmm coord   ali coord   env coord
# target name        accession   tlen query name           accession   qlen   E-value  score  bias   #  of  c-Evalue  i-Evalue  score  bias  from    to  from    to  from    to  acc description of target
#------------------- ---------- ----- -------------------- ---------- ----- --------- ------ ----- --- --- --------- --------- ------ ----- ----- ----- ----- ----- ----- ----- ---- ---------------------
contig01315_2        -            335 1844275at2           -            194   4.1e-53  178.7   9.0   1   3   2.9e-41     8e-38  128.8   5.3    11   128    58   199    48   205 0.84 # 177 # 1181 # 1 # ID=1315_2;partial=00;start_type=ATG;rbs_motif=GGA/GAG/AGG;rbs_spacer=5-10bp;gc_cont=0.658
contig01315_2        -            335 1844275at2           -            194   4.1e-53  178.7   9.0   2   3   8.1e-05      0.23    9.9   0.0   123   148   220   245   216   248 0.84 # 177 # 1181 # 1 # ID=1315_2;partial=00;start_type=ATG;rbs_motif=GGA/GAG/AGG;rbs_spacer=5-10bp;gc_cont=0.658
contig01315_2        -            335 1844275at2           -            194   4.1e-53  178.7   9.0   3   3   3.5e-13   9.8e-10   37.2   0.0   142   193   261   318   252   319 0.88 # 177 # 1181 # 1 # ID=1315_2;partial=00;start_type=ATG;rbs_motif=GGA/GAG/AGG;rbs_spacer=5-10bp;gc_cont=0.658
contig01497_1        -            292 1844275at2           -            194   2.7e-10   39.0   0.3   1   2   6.8e-13   1.9e-09   36.2   0.1    13   100     4   104     1   124 0.77 # 3 # 878 # 1 # ID=1497_1;partial=10;start_type=Edge;rbs_motif=None;rbs_spacer=None;gc_cont=0.638
contig01497_1        -            292 1844275at2           -            194   2.7e-10   39.0   0.3   2   2      0.28   7.9e+02   -1.7   0.0   164   192   256   286   252   288 0.72 # 3 # 878 # 1 # ID=1497_1;partial=10;start_type=Edge;rbs_motif=None;rbs_spacer=None;gc_cont=0.638
contig00028_8        -            306 1844275at2           -            194   5.8e-10   37.9   0.1   1   2     1e-10   2.9e-07   29.1   0.0    13   107    45   152    36   171 0.78 # 8573 # 9490 # -1 # ID=28_8;partial=00;start_type=ATG;rbs_motif=GGA/GAG/AGG;rbs_spacer=5-10bp;gc_cont=0.667
contig00028_8        -            306 1844275at2           -            194   5.8e-10   37.9   0.1   2   2    0.0013       3.6    6.0   0.0   152   193   251   298   227   299 0.84 # 8573 # 9490 # -1 # ID=28_8;partial=00;start_type=ATG;rbs_motif=GGA/GAG/AGG;rbs_spacer=5-10bp;gc_cont=0.667
#
# Program:         hmmsearch
# Version:         3.1b2 (February 2015)
# Pipeline mode:   SEARCH
# Query file:      /home/johngn/Microbial-Genomics-Journey-Workshop-2023/Reads_session_3/busco_downloads/lineages/bacteria_odb10/hmms/1844275at2.hmm
# Target file:     /home/johngn/Microbial-Genomics-Journey-Workshop-2023/Reads_session_3/busco_op/prodigal_output/predicted_genes/predicted.faa
# Option settings: hmmsearch --domtblout /home/johngn/Microbial-Genomics-Journey-Workshop-2023/Reads_session_3/busco_op/run_bacteria_odb10/hmmer_output/1844275at2.out --cpu 1 /home/johngn/Microbial-Genomics-Journey-Workshop-2023/Reads_session_3/busco_downloads/lineages/bacteria_odb10/hmms/1844275at2.hmm /home/johngn/Microbial-Genomics-Journey-Workshop-2023/Reads_session_3/busco_op/prodigal_output/predicted_genes/predicted.faa 
# Current dir:     /home/johngn/Microbial-Genomics-Journey-Workshop-2023/Reads_session_3
# Date:            Wed Mar  1 18:11:36 2023
# [ok]
