#                                                                            --- full sequence --- -------------- this domain -------------   hmm coord   ali coord   env coord
# target name        accession   tlen query name           accession   qlen   E-value  score  bias   #  of  c-Evalue  i-Evalue  score  bias  from    to  from    to  from    to  acc description of target
#------------------- ---------- ----- -------------------- ---------- ----- --------- ------ ----- --- --- --------- --------- ------ ----- ----- ----- ----- ----- ----- ----- ---- ---------------------
contig01854_1        -            286 219876at2            -            282   1.7e-70  236.5   1.8   1   1   5.2e-73   3.6e-70  235.4   1.8    62   278     6   267     4   270 0.85 # 1 # 858 # 1 # ID=1854_1;partial=10;start_type=Edge;rbs_motif=None;rbs_spacer=None;gc_cont=0.611
contig00886_1        -            214 219876at2            -            282   5.1e-08   31.5   0.1   1   1   9.1e-11   6.4e-08   31.2   0.1    12    45   174   207   165   214 0.86 # 3 # 644 # -1 # ID=886_1;partial=10;start_type=GTG;rbs_motif=GGA/GAG/AGG;rbs_spacer=5-10bp;gc_cont=0.645
contig02424_1        -            261 219876at2            -            282   2.1e-06   26.2   0.0   1   1   4.2e-09   2.9e-06   25.8   0.0    17   165    38   206    34   222 0.76 # 90 # 872 # -1 # ID=2424_1;partial=01;start_type=Edge;rbs_motif=None;rbs_spacer=None;gc_cont=0.608
contig00446_1        -            368 219876at2            -            282   0.00016   20.0   0.0   1   1   3.7e-07   0.00026   19.4   0.0    11    69   143   201   134   213 0.82 # 2 # 1105 # -1 # ID=446_1;partial=10;start_type=ATG;rbs_motif=AGGAG;rbs_spacer=5-10bp;gc_cont=0.684
contig00772_4        -             95 219876at2            -            282   0.00048   18.5   0.0   1   1   7.5e-07   0.00053   18.4   0.0    44    74    53    83    25    88 0.84 # 2048 # 2332 # 1 # ID=772_4;partial=01;start_type=ATG;rbs_motif=GGA/GAG/AGG;rbs_spacer=5-10bp;gc_cont=0.653
contig01748_1        -            245 219876at2            -            282    0.0068   14.7   0.0   1   1   1.4e-05    0.0098   14.2   0.0    50    90   190   232   186   240 0.79 # 3 # 737 # -1 # ID=1748_1;partial=10;start_type=ATG;rbs_motif=None;rbs_spacer=None;gc_cont=0.631
contig02020_2        -            282 219876at2            -            282     0.012   14.0   1.1   1   2   5.4e-05     0.038   12.3   0.0    25    70     8    49     5    74 0.85 # 232 # 1077 # 1 # ID=2020_2;partial=00;start_type=ATG;rbs_motif=GGAG/GAGG;rbs_spacer=5-10bp;gc_cont=0.624
contig02020_2        -            282 219876at2            -            282     0.012   14.0   1.1   2   2      0.42     3e+02   -0.5   0.4   100   161   132   190   109   208 0.66 # 232 # 1077 # 1 # ID=2020_2;partial=00;start_type=ATG;rbs_motif=GGAG/GAGG;rbs_spacer=5-10bp;gc_cont=0.624
contig00037_6        -            465 219876at2            -            282     0.018   13.3   0.0   1   1   4.3e-05      0.03   12.6   0.0    22    72   175   225   160   251 0.79 # 6862 # 8256 # -1 # ID=37_6;partial=00;start_type=ATG;rbs_motif=None;rbs_spacer=None;gc_cont=0.513
contig00093_4        -            297 219876at2            -            282     0.039   12.2   0.0   1   1   9.1e-05     0.064   11.5   0.0    27    69    66   108    64   113 0.90 # 1344 # 2234 # -1 # ID=93_4;partial=00;start_type=GTG;rbs_motif=AGGAG;rbs_spacer=5-10bp;gc_cont=0.677
contig00388_2        -            450 219876at2            -            282     0.045   12.0   0.0   1   2      0.59   4.2e+02   -1.0   0.0    97   130    11    44     5    54 0.87 # 1277 # 2626 # -1 # ID=388_2;partial=00;start_type=ATG;rbs_motif=AGGA/GGAG/GAGG;rbs_spacer=11-12bp;gc_cont=0.668
contig00388_2        -            450 219876at2            -            282     0.045   12.0   0.0   2   2   0.00038      0.26    9.5   0.0    37    69   159   190   149   195 0.82 # 1277 # 2626 # -1 # ID=388_2;partial=00;start_type=ATG;rbs_motif=AGGA/GGAG/GAGG;rbs_spacer=11-12bp;gc_cont=0.668
contig00159_1        -            600 219876at2            -            282     0.071   11.4   2.0   1   3   0.00081      0.57    8.4   0.1    49    77   144   172   136   174 0.88 # 3 # 1802 # 1 # ID=159_1;partial=10;start_type=Edge;rbs_motif=None;rbs_spacer=None;gc_cont=0.657
contig00159_1        -            600 219876at2            -            282     0.071   11.4   2.0   2   3       0.1        70    1.5   0.1    97   117   213   233   206   235 0.88 # 3 # 1802 # 1 # ID=159_1;partial=10;start_type=Edge;rbs_motif=None;rbs_spacer=None;gc_cont=0.657
contig00159_1        -            600 219876at2            -            282     0.071   11.4   2.0   3   3       2.6   1.8e+03   -3.1   0.0   177   236   320   380   315   386 0.69 # 3 # 1802 # 1 # ID=159_1;partial=10;start_type=Edge;rbs_motif=None;rbs_spacer=None;gc_cont=0.657
contig01193_1        -            353 219876at2            -            282      0.08   11.2   0.0   1   1   0.00017      0.12   10.6   0.0    38    75   202   239   191   255 0.82 # 1 # 1059 # -1 # ID=1193_1;partial=10;start_type=ATG;rbs_motif=AGGA;rbs_spacer=5-10bp;gc_cont=0.678
#
# Program:         hmmsearch
# Version:         3.1b2 (February 2015)
# Pipeline mode:   SEARCH
# Query file:      /home/johngn/Microbial-Genomics-Journey-Workshop-2023/Reads_session_3/busco_downloads/lineages/bacteria_odb10/hmms/219876at2.hmm
# Target file:     /home/johngn/Microbial-Genomics-Journey-Workshop-2023/Reads_session_3/busco_op/prodigal_output/predicted_genes/predicted.faa
# Option settings: hmmsearch --domtblout /home/johngn/Microbial-Genomics-Journey-Workshop-2023/Reads_session_3/busco_op/run_bacteria_odb10/hmmer_output/219876at2.out --cpu 1 /home/johngn/Microbial-Genomics-Journey-Workshop-2023/Reads_session_3/busco_downloads/lineages/bacteria_odb10/hmms/219876at2.hmm /home/johngn/Microbial-Genomics-Journey-Workshop-2023/Reads_session_3/busco_op/prodigal_output/predicted_genes/predicted.faa 
# Current dir:     /home/johngn/Microbial-Genomics-Journey-Workshop-2023/Reads_session_3
# Date:            Wed Mar  1 18:11:37 2023
# [ok]
