#                                                                            --- full sequence --- -------------- this domain -------------   hmm coord   ali coord   env coord
# target name        accession   tlen query name           accession   qlen   E-value  score  bias   #  of  c-Evalue  i-Evalue  score  bias  from    to  from    to  from    to  acc description of target
#------------------- ---------- ----- -------------------- ---------- ----- --------- ------ ----- --- --- --------- --------- ------ ----- ----- ----- ----- ----- ----- ----- ---- ---------------------
contig00083_3        -            869 223233at2            -            494  5.1e-156  519.2   6.2   1   3   1.5e-76   3.1e-73  246.2   0.4     1   180     3   239     3   247 0.89 # 1490 # 4096 # 1 # ID=83_3;partial=00;start_type=ATG;rbs_motif=AGGA/GGAG/GAGG;rbs_spacer=11-12bp;gc_cont=0.642
contig00083_3        -            869 223233at2            -            494  5.1e-156  519.2   6.2   2   3     2e-83   4.3e-80  268.8   0.4   152   421   244   575   232   656 0.76 # 1490 # 4096 # 1 # ID=83_3;partial=00;start_type=ATG;rbs_motif=AGGA/GGAG/GAGG;rbs_spacer=11-12bp;gc_cont=0.642
contig00083_3        -            869 223233at2            -            494  5.1e-156  519.2   6.2   3   3     0.011        23    2.6   0.0   402   449   695   744   693   776 0.76 # 1490 # 4096 # 1 # ID=83_3;partial=00;start_type=ATG;rbs_motif=AGGA/GGAG/GAGG;rbs_spacer=11-12bp;gc_cont=0.642
contig00007_20       -            607 223233at2            -            494  6.8e-108  360.5   3.5   1   1    4e-108  8.4e-105  350.3   3.5     2   418     3   536     2   578 0.76 # 10414 # 12234 # -1 # ID=7_20;partial=00;start_type=ATG;rbs_motif=GGAG/GAGG;rbs_spacer=5-10bp;gc_cont=0.568
contig00006_6        -            640 223233at2            -            494   4.2e-97  324.9   0.0   1   1   3.2e-97   6.7e-94  314.4   0.0     1   412     1   545     1   578 0.80 # 3950 # 5869 # 1 # ID=6_6;partial=00;start_type=ATG;rbs_motif=GGA/GAG/AGG;rbs_spacer=5-10bp;gc_cont=0.614
contig00025_11       -            677 223233at2            -            494   8.2e-48  162.3   0.3   1   3     8e-27   1.7e-23   82.1   0.0    38   170    62   220    34   239 0.79 # 8260 # 10290 # 1 # ID=25_11;partial=00;start_type=ATG;rbs_motif=GGA/GAG/AGG;rbs_spacer=5-10bp;gc_cont=0.676
contig00025_11       -            677 223233at2            -            494   8.2e-48  162.3   0.3   2   3   2.3e-15   4.8e-12   44.4   0.0   170   247   256   335   245   341 0.88 # 8260 # 10290 # 1 # ID=25_11;partial=00;start_type=ATG;rbs_motif=GGA/GAG/AGG;rbs_spacer=5-10bp;gc_cont=0.676
contig00025_11       -            677 223233at2            -            494   8.2e-48  162.3   0.3   3   3   1.9e-09   3.9e-06   24.9   0.0   328   414   480   592   357   638 0.75 # 8260 # 10290 # 1 # ID=25_11;partial=00;start_type=ATG;rbs_motif=GGA/GAG/AGG;rbs_spacer=5-10bp;gc_cont=0.676
#
# Program:         hmmsearch
# Version:         3.1b2 (February 2015)
# Pipeline mode:   SEARCH
# Query file:      /home/johngn/Microbial-Genomics-Journey-Workshop-2023/Reads_session_3/busco_downloads/lineages/bacteria_odb10/hmms/223233at2.hmm
# Target file:     /home/johngn/Microbial-Genomics-Journey-Workshop-2023/Reads_session_3/busco_op/prodigal_output/predicted_genes/predicted.faa
# Option settings: hmmsearch --domtblout /home/johngn/Microbial-Genomics-Journey-Workshop-2023/Reads_session_3/busco_op/run_bacteria_odb10/hmmer_output/223233at2.out --cpu 1 /home/johngn/Microbial-Genomics-Journey-Workshop-2023/Reads_session_3/busco_downloads/lineages/bacteria_odb10/hmms/223233at2.hmm /home/johngn/Microbial-Genomics-Journey-Workshop-2023/Reads_session_3/busco_op/prodigal_output/predicted_genes/predicted.faa 
# Current dir:     /home/johngn/Microbial-Genomics-Journey-Workshop-2023/Reads_session_3
# Date:            Wed Mar  8 16:55:38 2023
# [ok]
