#                                                                            --- full sequence --- -------------- this domain -------------   hmm coord   ali coord   env coord
# target name        accession   tlen query name           accession   qlen   E-value  score  bias   #  of  c-Evalue  i-Evalue  score  bias  from    to  from    to  from    to  acc description of target
#------------------- ---------- ----- -------------------- ---------- ----- --------- ------ ----- --- --- --------- --------- ------ ----- ----- ----- ----- ----- ----- ----- ---- ---------------------
contig01271_1        -            296 267682at2            -            304   8.3e-58  194.7   0.1   1   1   1.4e-58   2.4e-55  186.6   0.1   114   295     1   238     1   241 0.81 # 1 # 888 # 1 # ID=1271_1;partial=10;start_type=Edge;rbs_motif=None;rbs_spacer=None;gc_cont=0.649
contig00795_1        -            141 267682at2            -            304   2.9e-14   51.8   0.7   1   1   5.2e-16   8.8e-13   46.9   0.7     7    73    15   114     2   138 0.77 # 3 # 425 # -1 # ID=795_1;partial=10;start_type=ATG;rbs_motif=GGA/GAG/AGG;rbs_spacer=11-12bp;gc_cont=0.619
contig01090_3        -            226 267682at2            -            304     0.022   12.8   0.0   1   1   1.8e-05      0.03   12.3   0.0   220   258   177   215   159   222 0.84 # 1182 # 1859 # -1 # ID=1090_3;partial=01;start_type=Edge;rbs_motif=None;rbs_spacer=None;gc_cont=0.749
contig00512_3        -            214 267682at2            -            304     0.026   12.5   0.2   1   1   2.3e-05     0.038   12.0   0.2   227   260   119   152   110   156 0.88 # 762 # 1403 # -1 # ID=512_3;partial=00;start_type=ATG;rbs_motif=None;rbs_spacer=None;gc_cont=0.659
contig01636_2        -            385 267682at2            -            304     0.074   11.0   0.0   1   3      0.13   2.2e+02   -0.4   0.0    54    75    70    91    21   104 0.71 # 196 # 1350 # 1 # ID=1636_2;partial=01;start_type=ATG;rbs_motif=AGGA;rbs_spacer=5-10bp;gc_cont=0.713
contig01636_2        -            385 267682at2            -            304     0.074   11.0   0.0   2   3     0.041        69    1.3   0.0    95   110   137   152   133   173 0.71 # 196 # 1350 # 1 # ID=1636_2;partial=01;start_type=ATG;rbs_motif=AGGA;rbs_spacer=5-10bp;gc_cont=0.713
contig01636_2        -            385 267682at2            -            304     0.074   11.0   0.0   3   3    0.0019       3.2    5.6   0.0   125   171   199   245   186   258 0.89 # 196 # 1350 # 1 # ID=1636_2;partial=01;start_type=ATG;rbs_motif=AGGA;rbs_spacer=5-10bp;gc_cont=0.713
#
# Program:         hmmsearch
# Version:         3.1b2 (February 2015)
# Pipeline mode:   SEARCH
# Query file:      /home/johngn/Microbial-Genomics-Journey-Workshop-2023/Reads_session_3/busco_downloads/lineages/bacteria_odb10/hmms/267682at2.hmm
# Target file:     /home/johngn/Microbial-Genomics-Journey-Workshop-2023/Reads_session_3/busco_op/prodigal_output/predicted_genes/predicted.faa
# Option settings: hmmsearch --domtblout /home/johngn/Microbial-Genomics-Journey-Workshop-2023/Reads_session_3/busco_op/run_bacteria_odb10/hmmer_output/267682at2.out --cpu 1 /home/johngn/Microbial-Genomics-Journey-Workshop-2023/Reads_session_3/busco_downloads/lineages/bacteria_odb10/hmms/267682at2.hmm /home/johngn/Microbial-Genomics-Journey-Workshop-2023/Reads_session_3/busco_op/prodigal_output/predicted_genes/predicted.faa 
# Current dir:     /home/johngn/Microbial-Genomics-Journey-Workshop-2023/Reads_session_3
# Date:            Wed Mar  8 16:55:38 2023
# [ok]
