#                                                                            --- full sequence --- -------------- this domain -------------   hmm coord   ali coord   env coord
# target name        accession   tlen query name           accession   qlen   E-value  score  bias   #  of  c-Evalue  i-Evalue  score  bias  from    to  from    to  from    to  acc description of target
#------------------- ---------- ----- -------------------- ---------- ----- --------- ------ ----- --- --- --------- --------- ------ ----- ----- ----- ----- ----- ----- ----- ---- ---------------------
contig00703_3        -            245 430176at2            -            369   1.1e-72  244.2   2.6   1   2       0.5     7e+02   -2.0   0.0    46    60     4    18     2    33 0.71 # 1713 # 2447 # 1 # ID=703_3;partial=01;start_type=ATG;rbs_motif=GGAG/GAGG;rbs_spacer=5-10bp;gc_cont=0.614
contig00703_3        -            245 430176at2            -            369   1.1e-72  244.2   2.6   2   2   1.2e-75   1.7e-72  243.6   1.8    10   180    37   245    26   245 0.90 # 1713 # 2447 # 1 # ID=703_3;partial=01;start_type=ATG;rbs_motif=GGAG/GAGG;rbs_spacer=5-10bp;gc_cont=0.614
contig00273_1        -            430 430176at2            -            369   5.5e-48  162.9   0.0   1   2       1.6   2.3e+03   -3.6   0.0    35    57    83   106    81   113 0.79 # 151 # 1440 # 1 # ID=273_1;partial=00;start_type=ATG;rbs_motif=None;rbs_spacer=None;gc_cont=0.692
contig00273_1        -            430 430176at2            -            369   5.5e-48  162.9   0.0   2   2   7.2e-51     1e-47  162.0   0.0    68   342   136   420   123   426 0.92 # 151 # 1440 # 1 # ID=273_1;partial=00;start_type=ATG;rbs_motif=None;rbs_spacer=None;gc_cont=0.692
contig00469_4        -            404 430176at2            -            369   9.3e-47  158.9   0.0   1   1   9.4e-50   1.3e-46  158.4   0.0    55   337    91   385    84   393 0.87 # 1799 # 3010 # -1 # ID=469_4;partial=01;start_type=Edge;rbs_motif=None;rbs_spacer=None;gc_cont=0.691
contig02835_1        -            207 430176at2            -            369   3.5e-05   22.1   0.0   1   1   6.5e-08   9.1e-05   20.7   0.0   130   291     4   168     1   197 0.81 # 68 # 688 # -1 # ID=2835_1;partial=01;start_type=Edge;rbs_motif=None;rbs_spacer=None;gc_cont=0.604
contig00703_1        -            257 430176at2            -            369   8.6e-05   20.8   0.0   1   1   8.1e-08   0.00011   20.4   0.0   216   332    59   177    45   196 0.81 # 1 # 771 # 1 # ID=703_1;partial=10;start_type=Edge;rbs_motif=None;rbs_spacer=None;gc_cont=0.624
contig02878_1        -             41 430176at2            -            369    0.0044   15.2   0.0   1   1   3.4e-06    0.0048   15.0   0.0   343   369     1    32     1    32 0.89 # 1 # 123 # 1 # ID=2878_1;partial=10;start_type=Edge;rbs_motif=None;rbs_spacer=None;gc_cont=0.545
#
# Program:         hmmsearch
# Version:         3.1b2 (February 2015)
# Pipeline mode:   SEARCH
# Query file:      /home/johngn/Microbial-Genomics-Journey-Workshop-2023/Reads_session_3/busco_downloads/lineages/bacteria_odb10/hmms/430176at2.hmm
# Target file:     /home/johngn/Microbial-Genomics-Journey-Workshop-2023/Reads_session_3/busco_op/prodigal_output/predicted_genes/predicted.faa
# Option settings: hmmsearch --domtblout /home/johngn/Microbial-Genomics-Journey-Workshop-2023/Reads_session_3/busco_op/run_bacteria_odb10/hmmer_output/430176at2.out --cpu 1 /home/johngn/Microbial-Genomics-Journey-Workshop-2023/Reads_session_3/busco_downloads/lineages/bacteria_odb10/hmms/430176at2.hmm /home/johngn/Microbial-Genomics-Journey-Workshop-2023/Reads_session_3/busco_op/prodigal_output/predicted_genes/predicted.faa 
# Current dir:     /home/johngn/Microbial-Genomics-Journey-Workshop-2023/Reads_session_3
# Date:            Wed Mar  1 18:11:37 2023
# [ok]
