#                                                                            --- full sequence --- -------------- this domain -------------   hmm coord   ali coord   env coord
# target name        accession   tlen query name           accession   qlen   E-value  score  bias   #  of  c-Evalue  i-Evalue  score  bias  from    to  from    to  from    to  acc description of target
#------------------- ---------- ----- -------------------- ---------- ----- --------- ------ ----- --- --- --------- --------- ------ ----- ----- ----- ----- ----- ----- ----- ---- ---------------------
contig02125_1        -            299 665824at2            -            547  4.1e-142  473.7   0.0   1   1  4.4e-145  4.6e-142  473.5   0.0     1   289     1   299     1   299 0.99 # 128 # 1024 # 1 # ID=2125_1;partial=01;start_type=ATG;rbs_motif=None;rbs_spacer=None;gc_cont=0.637
contig00196_1        -            125 665824at2            -            547   1.4e-42  145.2   0.0   1   1   1.4e-45   1.5e-42  145.1   0.0   427   542     1   121     1   124 0.91 # 1 # 375 # 1 # ID=196_1;partial=10;start_type=Edge;rbs_motif=None;rbs_spacer=None;gc_cont=0.629
contig01132_1        -            123 665824at2            -            547   1.7e-12   45.8   0.0   1   1   1.8e-15   1.9e-12   45.7   0.0   443   542    13   112     1   117 0.85 # 2 # 370 # 1 # ID=1132_1;partial=10;start_type=Edge;rbs_motif=None;rbs_spacer=None;gc_cont=0.599
contig01515_2        -            271 665824at2            -            547   3.9e-09   34.8   0.0   1   1   5.9e-12   6.3e-09   34.1   0.0    61   142   185   266   174   269 0.94 # 623 # 1435 # 1 # ID=1515_2;partial=01;start_type=ATG;rbs_motif=GGA/GAG/AGG;rbs_spacer=5-10bp;gc_cont=0.657
contig00128_2        -            159 665824at2            -            547   1.2e-07   29.8   0.0   1   1   1.4e-10   1.5e-07   29.6   0.0   246   374    22   151     5   157 0.80 # 960 # 1436 # 1 # ID=128_2;partial=00;start_type=ATG;rbs_motif=AGGAG;rbs_spacer=5-10bp;gc_cont=0.704
contig02772_2        -            136 665824at2            -            547   9.1e-05   20.3   0.0   1   1     1e-07   0.00011   20.1   0.0   257   354    12   114     6   128 0.89 # 313 # 720 # -1 # ID=2772_2;partial=01;start_type=Edge;rbs_motif=None;rbs_spacer=None;gc_cont=0.694
contig00494_4        -             93 665824at2            -            547    0.0021   15.8   0.0   1   1   2.2e-06    0.0023   15.7   0.0    34   109     6    83     1    90 0.93 # 2669 # 2947 # 1 # ID=494_4;partial=01;start_type=GTG;rbs_motif=AGGA;rbs_spacer=5-10bp;gc_cont=0.649
contig00952_1        -            321 665824at2            -            547     0.037   11.7   0.0   1   1   5.5e-05     0.058   11.1   0.0   450   533   221   305   209   320 0.75 # 1 # 963 # 1 # ID=952_1;partial=10;start_type=Edge;rbs_motif=None;rbs_spacer=None;gc_cont=0.653
#
# Program:         hmmsearch
# Version:         3.1b2 (February 2015)
# Pipeline mode:   SEARCH
# Query file:      /home/johngn/Microbial-Genomics-Journey-Workshop-2023/Reads_session_3/busco_downloads/lineages/bacteria_odb10/hmms/665824at2.hmm
# Target file:     /home/johngn/Microbial-Genomics-Journey-Workshop-2023/Reads_session_3/busco_op/prodigal_output/predicted_genes/predicted.faa
# Option settings: hmmsearch --domtblout /home/johngn/Microbial-Genomics-Journey-Workshop-2023/Reads_session_3/busco_op/run_bacteria_odb10/hmmer_output/665824at2.out --cpu 1 /home/johngn/Microbial-Genomics-Journey-Workshop-2023/Reads_session_3/busco_downloads/lineages/bacteria_odb10/hmms/665824at2.hmm /home/johngn/Microbial-Genomics-Journey-Workshop-2023/Reads_session_3/busco_op/prodigal_output/predicted_genes/predicted.faa 
# Current dir:     /home/johngn/Microbial-Genomics-Journey-Workshop-2023/Reads_session_3
# Date:            Wed Mar  1 18:11:38 2023
# [ok]
