#                                                                            --- full sequence --- -------------- this domain -------------   hmm coord   ali coord   env coord
# target name        accession   tlen query name           accession   qlen   E-value  score  bias   #  of  c-Evalue  i-Evalue  score  bias  from    to  from    to  from    to  acc description of target
#------------------- ---------- ----- -------------------- ---------- ----- --------- ------ ----- --- --- --------- --------- ------ ----- ----- ----- ----- ----- ----- ----- ---- ---------------------
contig01442_2        -            220 761140at2            -            323   2.8e-21   75.2   1.3   1   1   1.3e-23   2.1e-20   72.3   1.3     1   116     5   154     5   158 0.75 # 830 # 1489 # 1 # ID=1442_2;partial=01;start_type=ATG;rbs_motif=None;rbs_spacer=None;gc_cont=0.639
contig03283_1        -            172 761140at2            -            323   2.2e-11   42.7   0.5   1   2   6.2e-05       0.1   10.9   0.0   215   251    18    66    15    73 0.73 # 3 # 518 # 1 # ID=3283_1;partial=11;start_type=Edge;rbs_motif=None;rbs_spacer=None;gc_cont=0.686
contig03283_1        -            172 761140at2            -            323   2.2e-11   42.7   0.5   2   2   9.7e-11   1.6e-07   29.9   0.2   250   312    98   169    91   172 0.82 # 3 # 518 # 1 # ID=3283_1;partial=11;start_type=Edge;rbs_motif=None;rbs_spacer=None;gc_cont=0.686
contig00234_4        -            817 761140at2            -            323   9.4e-08   30.7   2.7   1   4   3.8e-09   6.5e-06   24.7   0.0     2    56    34    93    33   108 0.83 # 1705 # 4155 # 1 # ID=234_4;partial=01;start_type=ATG;rbs_motif=None;rbs_spacer=None;gc_cont=0.659
contig00234_4        -            817 761140at2            -            323   9.4e-08   30.7   2.7   2   4      0.13   2.2e+02   -0.0   0.0   136   151   427   443   413   447 0.86 # 1705 # 4155 # 1 # ID=234_4;partial=01;start_type=ATG;rbs_motif=None;rbs_spacer=None;gc_cont=0.659
contig00234_4        -            817 761140at2            -            323   9.4e-08   30.7   2.7   3   4       1.8     3e+03   -3.8   0.0   206   214   631   639   631   651 0.69 # 1705 # 4155 # 1 # ID=234_4;partial=01;start_type=ATG;rbs_motif=None;rbs_spacer=None;gc_cont=0.659
contig00234_4        -            817 761140at2            -            323   9.4e-08   30.7   2.7   4   4      0.01        17    3.6   0.1   250   307   732   783   704   787 0.78 # 1705 # 4155 # 1 # ID=234_4;partial=01;start_type=ATG;rbs_motif=None;rbs_spacer=None;gc_cont=0.659
contig01096_1        -            266 761140at2            -            323   3.2e-07   29.0   0.0   1   1   3.2e-10   5.4e-07   28.2   0.0     2    55    50   108    49   120 0.84 # 3 # 800 # -1 # ID=1096_1;partial=10;start_type=ATG;rbs_motif=GGA/GAG/AGG;rbs_spacer=5-10bp;gc_cont=0.635
contig00980_2        -            571 761140at2            -            323   0.00075   17.9   6.2   1   4   4.1e-05     0.069   11.4   0.1     2    51    32    86    31   103 0.75 # 285 # 1997 # 1 # ID=980_2;partial=01;start_type=ATG;rbs_motif=None;rbs_spacer=None;gc_cont=0.651
contig00980_2        -            571 761140at2            -            323   0.00075   17.9   6.2   2   4     0.011        19    3.4   0.2   136   165   417   441   366   461 0.67 # 285 # 1997 # 1 # ID=980_2;partial=01;start_type=ATG;rbs_motif=None;rbs_spacer=None;gc_cont=0.651
contig00980_2        -            571 761140at2            -            323   0.00075   17.9   6.2   3   4     0.036        61    1.8   0.1   170   193   493   516   487   525 0.79 # 285 # 1997 # 1 # ID=980_2;partial=01;start_type=ATG;rbs_motif=None;rbs_spacer=None;gc_cont=0.651
contig00980_2        -            571 761140at2            -            323   0.00075   17.9   6.2   4   4     0.046        78    1.4   0.0   205   216   549   560   532   561 0.79 # 285 # 1997 # 1 # ID=980_2;partial=01;start_type=ATG;rbs_motif=None;rbs_spacer=None;gc_cont=0.651
#
# Program:         hmmsearch
# Version:         3.1b2 (February 2015)
# Pipeline mode:   SEARCH
# Query file:      /home/johngn/Microbial-Genomics-Journey-Workshop-2023/Reads_session_3/busco_downloads/lineages/bacteria_odb10/hmms/761140at2.hmm
# Target file:     /home/johngn/Microbial-Genomics-Journey-Workshop-2023/Reads_session_3/busco_op/prodigal_output/predicted_genes/predicted.faa
# Option settings: hmmsearch --domtblout /home/johngn/Microbial-Genomics-Journey-Workshop-2023/Reads_session_3/busco_op/run_bacteria_odb10/hmmer_output/761140at2.out --cpu 1 /home/johngn/Microbial-Genomics-Journey-Workshop-2023/Reads_session_3/busco_downloads/lineages/bacteria_odb10/hmms/761140at2.hmm /home/johngn/Microbial-Genomics-Journey-Workshop-2023/Reads_session_3/busco_op/prodigal_output/predicted_genes/predicted.faa 
# Current dir:     /home/johngn/Microbial-Genomics-Journey-Workshop-2023/Reads_session_3
# Date:            Wed Mar  1 18:11:38 2023
# [ok]
