#                                                                            --- full sequence --- -------------- this domain -------------   hmm coord   ali coord   env coord
# target name        accession   tlen query name           accession   qlen   E-value  score  bias   #  of  c-Evalue  i-Evalue  score  bias  from    to  from    to  from    to  acc description of target
#------------------- ---------- ----- -------------------- ---------- ----- --------- ------ ----- --- --- --------- --------- ------ ----- ----- ----- ----- ----- ----- ----- ---- ---------------------
contig00384_1        -            240 874197at2            -            274   6.5e-82  273.7   0.5   1   1   3.5e-84   1.4e-81  272.6   0.5    93   273     1   209     1   210 0.90 # 1 # 720 # 1 # ID=384_1;partial=10;start_type=Edge;rbs_motif=None;rbs_spacer=None;gc_cont=0.624
contig00772_4        -             95 874197at2            -            274   5.3e-30  103.4   0.0   1   1   1.5e-32     6e-30  103.2   0.0     2    74    22    95    21    95 0.97 # 2048 # 2332 # 1 # ID=772_4;partial=01;start_type=ATG;rbs_motif=GGA/GAG/AGG;rbs_spacer=5-10bp;gc_cont=0.653
contig00910_1        -            260 874197at2            -            274   7.5e-12   43.9   0.0   1   1   2.5e-14   9.9e-12   43.5   0.0     3   100    16   118    14   174 0.80 # 3 # 782 # -1 # ID=910_1;partial=10;start_type=GTG;rbs_motif=AGGAG/GGAGG;rbs_spacer=11-12bp;gc_cont=0.676
contig00002_15       -            438 874197at2            -            274   2.8e-09   35.5   0.0   1   1     1e-11     4e-09   34.9   0.0     4   100    17   118    14   148 0.72 # 16942 # 18255 # -1 # ID=2_15;partial=00;start_type=TTG;rbs_motif=GGAG/GAGG;rbs_spacer=5-10bp;gc_cont=0.647
contig00434_2        -            427 874197at2            -            274     4e-06   25.1   0.0   1   1   1.8e-08   7.2e-06   24.3   0.0     3    84    70   166    68   198 0.70 # 1148 # 2428 # -1 # ID=434_2;partial=00;start_type=ATG;rbs_motif=GGA/GAG/AGG;rbs_spacer=5-10bp;gc_cont=0.591
contig01748_1        -            245 874197at2            -            274   1.4e-05   23.3   0.0   1   1     5e-08     2e-05   22.8   0.0    32    69   184   221   146   226 0.76 # 3 # 737 # -1 # ID=1748_1;partial=10;start_type=ATG;rbs_motif=None;rbs_spacer=None;gc_cont=0.631
contig00123_1        -            564 874197at2            -            274   1.6e-05   23.1   0.0   1   1   2.8e-07   0.00011   20.4   0.0    12   153   116   279   106   343 0.56 # 1 # 1692 # 1 # ID=123_1;partial=10;start_type=Edge;rbs_motif=None;rbs_spacer=None;gc_cont=0.650
contig00569_1        -            203 874197at2            -            274   5.4e-05   21.4   0.1   1   2   5.8e-07   0.00023   19.3   0.0    23    70    10    56     1    61 0.76 # 2 # 610 # -1 # ID=569_1;partial=10;start_type=ATG;rbs_motif=None;rbs_spacer=None;gc_cont=0.647
contig00569_1        -            203 874197at2            -            274   5.4e-05   21.4   0.1   2   2      0.56   2.3e+02   -0.3   0.0    87   101   103   117    71   127 0.73 # 2 # 610 # -1 # ID=569_1;partial=10;start_type=ATG;rbs_motif=None;rbs_spacer=None;gc_cont=0.647
contig01279_1        -            432 874197at2            -            274   0.00021   19.5   0.1   1   2   6.6e-05     0.026   12.6   0.0    30    91    28    93     2   117 0.71 # 1 # 1296 # 1 # ID=1279_1;partial=10;start_type=Edge;rbs_motif=None;rbs_spacer=None;gc_cont=0.664
contig01279_1        -            432 874197at2            -            274   0.00021   19.5   0.1   2   2     0.017         7    4.6   0.0    74   100   220   247   168   250 0.74 # 1 # 1296 # 1 # ID=1279_1;partial=10;start_type=Edge;rbs_motif=None;rbs_spacer=None;gc_cont=0.664
contig00159_1        -            600 874197at2            -            274   0.00022   19.4   0.0   1   1   1.2e-06   0.00048   18.3   0.0    28    73   135   180   122   311 0.93 # 3 # 1802 # 1 # ID=159_1;partial=10;start_type=Edge;rbs_motif=None;rbs_spacer=None;gc_cont=0.657
contig00037_6        -            465 874197at2            -            274   0.00046   18.4   0.0   1   1   2.5e-06     0.001   17.2   0.0    33    64   198   229   178   270 0.82 # 6862 # 8256 # -1 # ID=37_6;partial=00;start_type=ATG;rbs_motif=None;rbs_spacer=None;gc_cont=0.513
contig00013_10       -            619 874197at2            -            274   0.00057   18.0   0.1   1   2   0.00061      0.24    9.4   0.0    14    53   241   281   231   297 0.80 # 11479 # 13335 # -1 # ID=13_10;partial=00;start_type=GTG;rbs_motif=GGA/GAG/AGG;rbs_spacer=5-10bp;gc_cont=0.628
contig00013_10       -            619 874197at2            -            274   0.00057   18.0   0.1   2   2    0.0056       2.2    6.2   0.0    86   121   337   373   329   390 0.81 # 11479 # 13335 # -1 # ID=13_10;partial=00;start_type=GTG;rbs_motif=GGA/GAG/AGG;rbs_spacer=5-10bp;gc_cont=0.628
contig02020_2        -            282 874197at2            -            274   0.00099   17.3   0.1   1   2   5.7e-06    0.0023   16.1   0.0    18    66    12    57     2   106 0.75 # 232 # 1077 # 1 # ID=2020_2;partial=00;start_type=ATG;rbs_motif=GGAG/GAGG;rbs_spacer=5-10bp;gc_cont=0.624
contig02020_2        -            282 874197at2            -            274   0.00099   17.3   0.1   2   2       3.3   1.3e+03   -2.8   0.0    85    97   107   119    95   132 0.80 # 232 # 1077 # 1 # ID=2020_2;partial=00;start_type=ATG;rbs_motif=GGAG/GAGG;rbs_spacer=5-10bp;gc_cont=0.624
contig01255_1        -            339 874197at2            -            274    0.0021   16.1   0.1   1   1     6e-05     0.024   12.7   0.1    33   158    29   170    10   185 0.71 # 170 # 1186 # 1 # ID=1255_1;partial=00;start_type=ATG;rbs_motif=AGGA;rbs_spacer=5-10bp;gc_cont=0.721
contig01719_1        -            427 874197at2            -            274    0.0024   16.0   0.6   1   1   0.00038      0.15   10.1   0.6    38    99   192   273   166   277 0.55 # 2 # 1282 # 1 # ID=1719_1;partial=11;start_type=Edge;rbs_motif=None;rbs_spacer=None;gc_cont=0.651
contig01310_1        -            306 874197at2            -            274    0.0036   15.4   0.0   1   2   1.8e-05    0.0073   14.4   0.0    35    66    33    64    23    85 0.86 # 168 # 1085 # 1 # ID=1310_1;partial=00;start_type=ATG;rbs_motif=GGAG/GAGG;rbs_spacer=5-10bp;gc_cont=0.695
contig01310_1        -            306 874197at2            -            274    0.0036   15.4   0.0   2   2       5.2   2.1e+03   -3.5   0.0    91   114   101   127    97   133 0.58 # 168 # 1085 # 1 # ID=1310_1;partial=00;start_type=ATG;rbs_motif=GGAG/GAGG;rbs_spacer=5-10bp;gc_cont=0.695
contig00922_2        -             63 874197at2            -            274     0.004   15.3   0.0   1   1   9.9e-06     0.004   15.3   0.0    38    74     4    40     1    53 0.86 # 1902 # 2090 # 1 # ID=922_2;partial=01;start_type=GTG;rbs_motif=None;rbs_spacer=None;gc_cont=0.630
contig00093_4        -            297 874197at2            -            274    0.0044   15.1   0.0   1   1   1.6e-05    0.0063   14.6   0.0     4    95    56   149    53   172 0.74 # 1344 # 2234 # -1 # ID=93_4;partial=00;start_type=GTG;rbs_motif=AGGAG;rbs_spacer=5-10bp;gc_cont=0.677
contig01747_1        -            290 874197at2            -            274    0.0067   14.5   0.4   1   1   0.00036      0.14   10.2   0.4    34    99   198   284   177   287 0.59 # 3 # 872 # -1 # ID=1747_1;partial=10;start_type=ATG;rbs_motif=AGGA;rbs_spacer=5-10bp;gc_cont=0.660
contig01962_2        -            285 874197at2            -            274      0.03   12.4   0.7   1   3    0.0017      0.68    7.9   0.5    38    53     1    16     1    24 0.90 # 254 # 1108 # -1 # ID=1962_2;partial=01;start_type=Edge;rbs_motif=None;rbs_spacer=None;gc_cont=0.702
contig01962_2        -            285 874197at2            -            274      0.03   12.4   0.7   2   3      0.17        67    1.4   0.0    84   122    79   120    61   141 0.76 # 254 # 1108 # -1 # ID=1962_2;partial=01;start_type=Edge;rbs_motif=None;rbs_spacer=None;gc_cont=0.702
contig01962_2        -            285 874197at2            -            274      0.03   12.4   0.7   3   3       4.8   1.9e+03   -3.4   0.1    82   107   259   281   244   283 0.57 # 254 # 1108 # -1 # ID=1962_2;partial=01;start_type=Edge;rbs_motif=None;rbs_spacer=None;gc_cont=0.702
contig00505_1        -            620 874197at2            -            274     0.031   12.4   0.9   1   1    0.0031       1.2    7.1   0.9    36    99   283   367   258   370 0.47 # 3 # 1862 # -1 # ID=505_1;partial=10;start_type=ATG;rbs_motif=AGGAG;rbs_spacer=5-10bp;gc_cont=0.683
#
# Program:         hmmsearch
# Version:         3.1b2 (February 2015)
# Pipeline mode:   SEARCH
# Query file:      /home/johngn/Microbial-Genomics-Journey-Workshop-2023/Reads_session_3/busco_downloads/lineages/bacteria_odb10/hmms/874197at2.hmm
# Target file:     /home/johngn/Microbial-Genomics-Journey-Workshop-2023/Reads_session_3/busco_op/prodigal_output/predicted_genes/predicted.faa
# Option settings: hmmsearch --domtblout /home/johngn/Microbial-Genomics-Journey-Workshop-2023/Reads_session_3/busco_op/run_bacteria_odb10/hmmer_output/874197at2.out --cpu 1 /home/johngn/Microbial-Genomics-Journey-Workshop-2023/Reads_session_3/busco_downloads/lineages/bacteria_odb10/hmms/874197at2.hmm /home/johngn/Microbial-Genomics-Journey-Workshop-2023/Reads_session_3/busco_op/prodigal_output/predicted_genes/predicted.faa 
# Current dir:     /home/johngn/Microbial-Genomics-Journey-Workshop-2023/Reads_session_3
# Date:            Wed Mar  1 18:11:38 2023
# [ok]
