#                                                                            --- full sequence --- -------------- this domain -------------   hmm coord   ali coord   env coord
# target name        accession   tlen query name           accession   qlen   E-value  score  bias   #  of  c-Evalue  i-Evalue  score  bias  from    to  from    to  from    to  acc description of target
#------------------- ---------- ----- -------------------- ---------- ----- --------- ------ ----- --- --- --------- --------- ------ ----- ----- ----- ----- ----- ----- ----- ---- ---------------------
contig01711_1        -            426 932854at2            -           1620  3.4e-198  660.1   3.6   1   1  4.9e-201  3.8e-198  659.9   3.6     2   419     1   425     1   426 0.98 # 13 # 1290 # 1 # ID=1711_1;partial=01;start_type=ATG;rbs_motif=AGGAG;rbs_spacer=5-10bp;gc_cont=0.694
contig01684_1        -            403 932854at2            -           1620   5.1e-13   46.2   0.0   1   1   8.8e-16   6.7e-13   45.9   0.0  1366  1598   146   375   135   386 0.78 # 102 # 1310 # -1 # ID=1684_1;partial=01;start_type=Edge;rbs_motif=None;rbs_spacer=None;gc_cont=0.676
contig00981_2        -            435 932854at2            -           1620   1.7e-12   44.6   0.0   1   2   6.3e-08   4.8e-05   19.8   0.0   588   667   166   245   101   260 0.86 # 691 # 1995 # 1 # ID=981_2;partial=01;start_type=ATG;rbs_motif=AGGA/GGAG/GAGG;rbs_spacer=11-12bp;gc_cont=0.674
contig00981_2        -            435 932854at2            -           1620   1.7e-12   44.6   0.0   2   2   7.4e-09   5.7e-06   22.9   0.0   730   815   284   379   275   392 0.71 # 691 # 1995 # 1 # ID=981_2;partial=01;start_type=ATG;rbs_motif=AGGA/GGAG/GAGG;rbs_spacer=11-12bp;gc_cont=0.674
contig01278_1        -            333 932854at2            -           1620   5.4e-07   26.3   0.0   1   1   8.3e-10   6.3e-07   26.1   0.0     3   186    14   199    12   219 0.85 # 3 # 1001 # -1 # ID=1278_1;partial=10;start_type=ATG;rbs_motif=GGAG/GAGG;rbs_spacer=5-10bp;gc_cont=0.687
contig02176_1        -            331 932854at2            -           1620   2.3e-06   24.2   0.0   1   1     4e-09   3.1e-06   23.8   0.0    81   183    58   165    53   168 0.83 # 3 # 995 # -1 # ID=2176_1;partial=11;start_type=Edge;rbs_motif=None;rbs_spacer=None;gc_cont=0.705
contig00135_3        -            472 932854at2            -           1620    0.0002   17.8   0.0   1   1   3.5e-07   0.00027   17.4   0.0    78   185    90   202    87   205 0.89 # 2601 # 4016 # -1 # ID=135_3;partial=00;start_type=GTG;rbs_motif=GGAG/GAGG;rbs_spacer=5-10bp;gc_cont=0.672
contig01607_1        -            251 932854at2            -           1620   0.00099   15.5   0.1   1   1   1.5e-06    0.0012   15.2   0.1    82   183    97   204    63   207 0.85 # 2 # 754 # -1 # ID=1607_1;partial=10;start_type=GTG;rbs_motif=GGAG/GAGG;rbs_spacer=5-10bp;gc_cont=0.717
contig00871_2        -            276 932854at2            -           1620    0.0011   15.3   0.0   1   1   1.8e-06    0.0014   15.0   0.0    82   195    92   202    66   205 0.89 # 1338 # 2165 # 1 # ID=871_2;partial=01;start_type=ATG;rbs_motif=GGAGG;rbs_spacer=5-10bp;gc_cont=0.682
contig00336_1        -            416 932854at2            -           1620    0.0062   12.8   0.0   1   1     1e-05    0.0077   12.5   0.0    79   185    95   206    63   228 0.84 # 3 # 1250 # -1 # ID=336_1;partial=10;start_type=ATG;rbs_motif=AGGAG;rbs_spacer=5-10bp;gc_cont=0.701
contig02558_2        -            135 932854at2            -           1620    0.0062   12.8   0.0   1   1   1.1e-05    0.0081   12.4   0.0    79   117    92   130    88   134 0.92 # 408 # 812 # 1 # ID=2558_2;partial=01;start_type=ATG;rbs_motif=GGA/GAG/AGG;rbs_spacer=5-10bp;gc_cont=0.679
contig01404_2        -            273 932854at2            -           1620      0.02   11.1   0.0   1   1   2.7e-05      0.02   11.1   0.0    94   166    89   162     1   194 0.83 # 720 # 1538 # 1 # ID=1404_2;partial=01;start_type=ATG;rbs_motif=GGA/GAG/AGG;rbs_spacer=5-10bp;gc_cont=0.692
#
# Program:         hmmsearch
# Version:         3.1b2 (February 2015)
# Pipeline mode:   SEARCH
# Query file:      /home/johngn/Microbial-Genomics-Journey-Workshop-2023/Reads_session_3/busco_downloads/lineages/bacteria_odb10/hmms/932854at2.hmm
# Target file:     /home/johngn/Microbial-Genomics-Journey-Workshop-2023/Reads_session_3/busco_op/prodigal_output/predicted_genes/predicted.faa
# Option settings: hmmsearch --domtblout /home/johngn/Microbial-Genomics-Journey-Workshop-2023/Reads_session_3/busco_op/run_bacteria_odb10/hmmer_output/932854at2.out --cpu 1 /home/johngn/Microbial-Genomics-Journey-Workshop-2023/Reads_session_3/busco_downloads/lineages/bacteria_odb10/hmms/932854at2.hmm /home/johngn/Microbial-Genomics-Journey-Workshop-2023/Reads_session_3/busco_op/prodigal_output/predicted_genes/predicted.faa 
# Current dir:     /home/johngn/Microbial-Genomics-Journey-Workshop-2023/Reads_session_3
# Date:            Wed Mar  1 18:11:38 2023
# [ok]
