#                                                                            --- full sequence --- -------------- this domain -------------   hmm coord   ali coord   env coord
# target name        accession   tlen query name           accession   qlen   E-value  score  bias   #  of  c-Evalue  i-Evalue  score  bias  from    to  from    to  from    to  acc description of target
#------------------- ---------- ----- -------------------- ---------- ----- --------- ------ ----- --- --- --------- --------- ------ ----- ----- ----- ----- ----- ----- ----- ---- ---------------------
contig00002_26       -            659 95696at2             -            490  2.7e-202  671.7   1.8   1   1  3.9e-202  2.2e-199  662.1   1.8     1   476    36   590    36   602 0.88 # 27323 # 29299 # -1 # ID=2_26;partial=00;start_type=ATG;rbs_motif=AGGAG;rbs_spacer=5-10bp;gc_cont=0.528
contig02318_1        -            310 95696at2             -            490  7.3e-106  353.6   1.1   1   2  1.3e-108  7.3e-106  353.6   1.1   269   477     1   234     1   240 0.92 # 1 # 930 # 1 # ID=2318_1;partial=11;start_type=Edge;rbs_motif=None;rbs_spacer=None;gc_cont=0.668
contig02318_1        -            310 95696at2             -            490  7.3e-106  353.6   1.1   2   2       1.2   6.8e+02   -2.5   0.1   474   490   289   306   279   306 0.78 # 1 # 930 # 1 # ID=2318_1;partial=11;start_type=Edge;rbs_motif=None;rbs_spacer=None;gc_cont=0.668
contig01479_2        -            116 95696at2             -            490     2e-47  160.9   0.5   1   1     4e-50   2.2e-47  160.7   0.5     1    83    34   116    34   116 0.99 # 1117 # 1464 # 1 # ID=1479_2;partial=01;start_type=ATG;rbs_motif=GGAG/GAGG;rbs_spacer=5-10bp;gc_cont=0.612
contig03065_1        -            198 95696at2             -            490   9.3e-46  155.4   0.0   1   1   2.4e-48   1.3e-45  154.9   0.0   115   258    21   198    18   198 0.84 # 3 # 596 # -1 # ID=3065_1;partial=11;start_type=Edge;rbs_motif=None;rbs_spacer=None;gc_cont=0.641
contig00472_1        -           1001 95696at2             -            490   3.2e-11   41.4   0.4   1   4   1.3e-05    0.0075   13.9   0.0    12   168    45   214    38   300 0.59 # 2 # 3004 # 1 # ID=472_1;partial=11;start_type=Edge;rbs_motif=None;rbs_spacer=None;gc_cont=0.679
contig00472_1        -           1001 95696at2             -            490   3.2e-11   41.4   0.4   2   4      0.11        59    1.0   0.0     4    52   646   697   643   705 0.79 # 2 # 3004 # 1 # ID=472_1;partial=11;start_type=Edge;rbs_motif=None;rbs_spacer=None;gc_cont=0.679
contig00472_1        -           1001 95696at2             -            490   3.2e-11   41.4   0.4   3   4     0.021        12    3.3   0.1   342   417   678   754   665   765 0.73 # 2 # 3004 # 1 # ID=472_1;partial=11;start_type=Edge;rbs_motif=None;rbs_spacer=None;gc_cont=0.679
contig00472_1        -           1001 95696at2             -            490   3.2e-11   41.4   0.4   4   4   1.3e-06   0.00073   17.2   0.0   347   442   843   932   837   959 0.80 # 2 # 3004 # 1 # ID=472_1;partial=11;start_type=Edge;rbs_motif=None;rbs_spacer=None;gc_cont=0.679
contig01800_1        -            403 95696at2             -            490     6e-08   30.7   0.1   1   3    0.0007       0.4    8.2   0.0     3    47    41    88    39   114 0.84 # 3 # 1211 # -1 # ID=1800_1;partial=11;start_type=Edge;rbs_motif=None;rbs_spacer=None;gc_cont=0.701
contig01800_1        -            403 95696at2             -            490     6e-08   30.7   0.1   2   3     0.058        32    1.9   0.0   352   393    81   122    79   137 0.89 # 3 # 1211 # -1 # ID=1800_1;partial=11;start_type=Edge;rbs_motif=None;rbs_spacer=None;gc_cont=0.701
contig01800_1        -            403 95696at2             -            490     6e-08   30.7   0.1   3   3   3.7e-07   0.00021   19.0   0.0   370   429   331   397   318   403 0.70 # 3 # 1211 # -1 # ID=1800_1;partial=11;start_type=Edge;rbs_motif=None;rbs_spacer=None;gc_cont=0.701
contig00744_2        -            640 95696at2             -            490   3.3e-07   28.2   0.0   1   2      0.52   2.9e+02   -1.3   0.0    25    46    81   102    77   110 0.84 # 385 # 2304 # 1 # ID=744_2;partial=00;start_type=ATG;rbs_motif=AGGA;rbs_spacer=5-10bp;gc_cont=0.683
contig00744_2        -            640 95696at2             -            490   3.3e-07   28.2   0.0   2   2   2.1e-09   1.2e-06   26.4   0.0   336   460   249   371   230   397 0.85 # 385 # 2304 # 1 # ID=744_2;partial=00;start_type=ATG;rbs_motif=AGGA;rbs_spacer=5-10bp;gc_cont=0.683
contig01790_1        -            328 95696at2             -            490   6.1e-07   27.3   0.0   1   2         1   5.7e+02   -2.3   0.0    23    46    74    97    45   109 0.64 # 3 # 986 # -1 # ID=1790_1;partial=10;start_type=ATG;rbs_motif=GGA/GAG/AGG;rbs_spacer=5-10bp;gc_cont=0.678
contig01790_1        -            328 95696at2             -            490   6.1e-07   27.3   0.0   2   2   2.8e-09   1.6e-06   26.0   0.0   337   412   245   320   236   322 0.94 # 3 # 986 # -1 # ID=1790_1;partial=10;start_type=ATG;rbs_motif=GGA/GAG/AGG;rbs_spacer=5-10bp;gc_cont=0.678
contig00695_1        -            821 95696at2             -            490   9.4e-07   26.7   0.0   1   1   2.9e-09   1.6e-06   25.9   0.0   327   437   275   382   268   386 0.88 # 1 # 2463 # 1 # ID=695_1;partial=11;start_type=Edge;rbs_motif=None;rbs_spacer=None;gc_cont=0.706
contig00369_2        -            557 95696at2             -            490   1.4e-06   26.1   0.4   1   2      0.91   5.1e+02   -2.1   0.0     6    41    51    92    47    99 0.65 # 900 # 2570 # 1 # ID=369_2;partial=00;start_type=ATG;rbs_motif=GGAG/GAGG;rbs_spacer=5-10bp;gc_cont=0.700
contig00369_2        -            557 95696at2             -            490   1.4e-06   26.1   0.4   2   2   5.9e-09   3.3e-06   24.9   0.2   339   438   248   345   233   369 0.76 # 900 # 2570 # 1 # ID=369_2;partial=00;start_type=ATG;rbs_motif=GGAG/GAGG;rbs_spacer=5-10bp;gc_cont=0.700
contig00923_1        -            447 95696at2             -            490   1.4e-06   26.1   1.5   1   3       1.1     6e+02   -2.3   0.0     7    46    51    99    47   102 0.58 # 128 # 1468 # 1 # ID=923_1;partial=00;start_type=ATG;rbs_motif=None;rbs_spacer=None;gc_cont=0.676
contig00923_1        -            447 95696at2             -            490   1.4e-06   26.1   1.5   2   3     0.027        15    2.9   0.0   294   359   181   245   173   250 0.89 # 128 # 1468 # 1 # ID=923_1;partial=00;start_type=ATG;rbs_motif=None;rbs_spacer=None;gc_cont=0.676
contig00923_1        -            447 95696at2             -            490   1.4e-06   26.1   1.5   3   3   4.8e-08   2.7e-05   21.9   0.3   337   437   249   344   243   392 0.81 # 128 # 1468 # 1 # ID=923_1;partial=00;start_type=ATG;rbs_motif=None;rbs_spacer=None;gc_cont=0.676
contig02942_1        -            214 95696at2             -            490     4e-05   21.4   0.0   1   1   8.9e-08     5e-05   21.0   0.0   344   456    23   133     7   139 0.79 # 1 # 642 # 1 # ID=2942_1;partial=11;start_type=Edge;rbs_motif=None;rbs_spacer=None;gc_cont=0.709
contig00677_1        -            238 95696at2             -            490   4.8e-05   21.1   0.0   1   1   1.2e-07   6.5e-05   20.7   0.0   344   442    43   142    34   150 0.83 # 1 # 714 # 1 # ID=677_1;partial=10;start_type=Edge;rbs_motif=None;rbs_spacer=None;gc_cont=0.671
contig00005_11       -            750 95696at2             -            490    0.0046   14.6   0.1   1   1   1.4e-05    0.0079   13.8   0.1   344   413   597   667   573   681 0.84 # 5894 # 8143 # 1 # ID=5_11;partial=00;start_type=ATG;rbs_motif=AGGAG;rbs_spacer=5-10bp;gc_cont=0.634
contig00010_2        -            420 95696at2             -            490     0.042   11.4   0.0   1   1   0.00011     0.064   10.8   0.0   341   412   264   336   243   354 0.84 # 2171 # 3430 # 1 # ID=10_2;partial=00;start_type=TTG;rbs_motif=None;rbs_spacer=None;gc_cont=0.640
#
# Program:         hmmsearch
# Version:         3.1b2 (February 2015)
# Pipeline mode:   SEARCH
# Query file:      /home/johngn/Microbial-Genomics-Journey-Workshop-2023/Reads_session_3/busco_downloads/lineages/bacteria_odb10/hmms/95696at2.hmm
# Target file:     /home/johngn/Microbial-Genomics-Journey-Workshop-2023/Reads_session_3/busco_op/prodigal_output/predicted_genes/predicted.faa
# Option settings: hmmsearch --domtblout /home/johngn/Microbial-Genomics-Journey-Workshop-2023/Reads_session_3/busco_op/run_bacteria_odb10/hmmer_output/95696at2.out --cpu 1 /home/johngn/Microbial-Genomics-Journey-Workshop-2023/Reads_session_3/busco_downloads/lineages/bacteria_odb10/hmms/95696at2.hmm /home/johngn/Microbial-Genomics-Journey-Workshop-2023/Reads_session_3/busco_op/prodigal_output/predicted_genes/predicted.faa 
# Current dir:     /home/johngn/Microbial-Genomics-Journey-Workshop-2023/Reads_session_3
# Date:            Wed Mar  8 16:55:39 2023
# [ok]
