#                                                                            --- full sequence --- -------------- this domain -------------   hmm coord   ali coord   env coord
# target name        accession   tlen query name           accession   qlen   E-value  score  bias   #  of  c-Evalue  i-Evalue  score  bias  from    to  from    to  from    to  acc description of target
#------------------- ---------- ----- -------------------- ---------- ----- --------- ------ ----- --- --- --------- --------- ------ ----- ----- ----- ----- ----- ----- ----- ---- ---------------------
contig00217_1        -            857 9601at2              -            826    2e-297  987.6  13.9   1   4   6.6e-64   1.9e-60  203.8   0.0   245   343     1    99     1   135 0.86 # 1 # 2571 # 1 # ID=217_1;partial=10;start_type=Edge;rbs_motif=None;rbs_spacer=None;gc_cont=0.634
contig00217_1        -            857 9601at2              -            826    2e-297  987.6  13.9   2   4  1.9e-120  5.4e-117  390.8   2.5   354   611   149   444   137   462 0.89 # 1 # 2571 # 1 # ID=217_1;partial=10;start_type=Edge;rbs_motif=None;rbs_spacer=None;gc_cont=0.634
contig00217_1        -            857 9601at2              -            826    2e-297  987.6  13.9   3   4   3.1e-46   8.8e-43  145.3   0.6   603   690   551   638   544   654 0.95 # 1 # 2571 # 1 # ID=217_1;partial=10;start_type=Edge;rbs_motif=None;rbs_spacer=None;gc_cont=0.634
contig00217_1        -            857 9601at2              -            826    2e-297  987.6  13.9   4   4   3.8e-76   1.1e-72  244.3   0.1   696   826   717   853   689   853 0.91 # 1 # 2571 # 1 # ID=217_1;partial=10;start_type=Edge;rbs_motif=None;rbs_spacer=None;gc_cont=0.634
contig02389_1        -            296 9601at2              -            826   1.1e-33  115.3   0.0   1   2   1.6e-18   4.4e-15   53.7   0.0    74   135     1    72     1    89 0.80 # 1 # 888 # 1 # ID=2389_1;partial=11;start_type=Edge;rbs_motif=None;rbs_spacer=None;gc_cont=0.623
contig02389_1        -            296 9601at2              -            826   1.1e-33  115.3   0.0   2   2   2.6e-20   7.3e-17   59.6   0.0   131   182   211   262   123   284 0.87 # 1 # 888 # 1 # ID=2389_1;partial=11;start_type=Edge;rbs_motif=None;rbs_spacer=None;gc_cont=0.623
contig02765_2        -            138 9601at2              -            826   0.00034   17.7   0.1   1   2     0.067   1.9e+02   -1.3   0.0     1    15    22    36    22    47 0.85 # 309 # 722 # 1 # ID=2765_2;partial=01;start_type=ATG;rbs_motif=GGA/GAG/AGG;rbs_spacer=5-10bp;gc_cont=0.553
contig02765_2        -            138 9601at2              -            826   0.00034   17.7   0.1   2   2     7e-07     0.002   15.2   0.0    23    58    85   138    77   138 0.64 # 309 # 722 # 1 # ID=2765_2;partial=01;start_type=ATG;rbs_motif=GGA/GAG/AGG;rbs_spacer=5-10bp;gc_cont=0.553
#
# Program:         hmmsearch
# Version:         3.1b2 (February 2015)
# Pipeline mode:   SEARCH
# Query file:      /home/johngn/Microbial-Genomics-Journey-Workshop-2023/Reads_session_3/busco_downloads/lineages/bacteria_odb10/hmms/9601at2.hmm
# Target file:     /home/johngn/Microbial-Genomics-Journey-Workshop-2023/Reads_session_3/busco_op/prodigal_output/predicted_genes/predicted.faa
# Option settings: hmmsearch --domtblout /home/johngn/Microbial-Genomics-Journey-Workshop-2023/Reads_session_3/busco_op/run_bacteria_odb10/hmmer_output/9601at2.out --cpu 1 /home/johngn/Microbial-Genomics-Journey-Workshop-2023/Reads_session_3/busco_downloads/lineages/bacteria_odb10/hmms/9601at2.hmm /home/johngn/Microbial-Genomics-Journey-Workshop-2023/Reads_session_3/busco_op/prodigal_output/predicted_genes/predicted.faa 
# Current dir:     /home/johngn/Microbial-Genomics-Journey-Workshop-2023/Reads_session_3
# Date:            Wed Mar  1 18:11:39 2023
# [ok]
