#                                                                            --- full sequence --- -------------- this domain -------------   hmm coord   ali coord   env coord
# target name        accession   tlen query name           accession   qlen   E-value  score  bias   #  of  c-Evalue  i-Evalue  score  bias  from    to  from    to  from    to  acc description of target
#------------------- ---------- ----- -------------------- ---------- ----- --------- ------ ----- --- --- --------- --------- ------ ----- ----- ----- ----- ----- ----- ----- ---- ---------------------
contig01645_3        -            129 984717at2            -            224   5.4e-34  116.5   0.1   1   1   1.3e-36   6.3e-34  116.3   0.1     1    88    16   110    16   122 0.88 # 949 # 1335 # 1 # ID=1645_3;partial=01;start_type=ATG;rbs_motif=GGAG/GAGG;rbs_spacer=5-10bp;gc_cont=0.651
contig02075_2        -            285 984717at2            -            224   1.5e-10   39.8   0.0   1   1     5e-13   2.5e-10   39.2   0.0     2    58   219   276   218   281 0.92 # 202 # 1056 # 1 # ID=2075_2;partial=01;start_type=ATG;rbs_motif=GGAG/GAGG;rbs_spacer=5-10bp;gc_cont=0.643
contig02441_1        -             29 984717at2            -            224   2.1e-07   29.6   0.0   1   1   4.2e-10   2.1e-07   29.6   0.0     2    25     5    28     4    29 0.89 # 3 # 89 # -1 # ID=2441_1;partial=10;start_type=ATG;rbs_motif=GGAG/GAGG;rbs_spacer=5-10bp;gc_cont=0.621
contig00136_1        -            357 984717at2            -            224   1.1e-06   27.2   0.0   1   1   3.4e-09   1.7e-06   26.6   0.0     2   103   124   231   123   272 0.80 # 1 # 1071 # 1 # ID=136_1;partial=10;start_type=Edge;rbs_motif=None;rbs_spacer=None;gc_cont=0.671
contig00375_1        -             81 984717at2            -            224   2.3e-05   22.9   0.0   1   1   5.1e-08   2.5e-05   22.8   0.0     3    58     7    62     5    78 0.72 # 2 # 244 # -1 # ID=375_1;partial=10;start_type=ATG;rbs_motif=GGA/GAG/AGG;rbs_spacer=5-10bp;gc_cont=0.679
contig00142_1        -            189 984717at2            -            224   0.00017   20.1   0.2   1   2   8.4e-07   0.00042   18.8   0.1     3    25     6    28     4    33 0.89 # 2 # 568 # -1 # ID=142_1;partial=10;start_type=ATG;rbs_motif=GGAG/GAGG;rbs_spacer=5-10bp;gc_cont=0.635
contig00142_1        -            189 984717at2            -            224   0.00017   20.1   0.2   2   2       1.3   6.6e+02   -1.5   0.0    90   104   108   122    70   164 0.65 # 2 # 568 # -1 # ID=142_1;partial=10;start_type=ATG;rbs_motif=GGAG/GAGG;rbs_spacer=5-10bp;gc_cont=0.635
contig00050_4        -            460 984717at2            -            224   0.00027   19.4   0.0   1   1   8.8e-07   0.00044   18.7   0.0     2    58     7    66     6    74 0.79 # 2336 # 3715 # -1 # ID=50_4;partial=00;start_type=ATG;rbs_motif=GGAG/GAGG;rbs_spacer=5-10bp;gc_cont=0.729
contig00325_4        -            371 984717at2            -            224   0.00067   18.1   1.5   1   3   1.9e-06   0.00094   17.6   0.1     3    62    29    87    26    99 0.83 # 1638 # 2750 # 1 # ID=325_4;partial=00;start_type=ATG;rbs_motif=GGAG/GAGG;rbs_spacer=5-10bp;gc_cont=0.490
contig00325_4        -            371 984717at2            -            224   0.00067   18.1   1.5   2   3       1.6   7.8e+02   -1.7   0.1    90   120   138   172   128   209 0.55 # 1638 # 2750 # 1 # ID=325_4;partial=00;start_type=ATG;rbs_motif=GGAG/GAGG;rbs_spacer=5-10bp;gc_cont=0.490
contig00325_4        -            371 984717at2            -            224   0.00067   18.1   1.5   3   3         5   2.5e+03   -3.4   0.0    85   117   212   244   185   249 0.66 # 1638 # 2750 # 1 # ID=325_4;partial=00;start_type=ATG;rbs_motif=GGAG/GAGG;rbs_spacer=5-10bp;gc_cont=0.490
contig00209_3        -            216 984717at2            -            224   0.00068   18.1   0.0   1   1   2.3e-06    0.0011   17.4   0.0     2    55    34    85    33   104 0.78 # 946 # 1593 # 1 # ID=209_3;partial=00;start_type=ATG;rbs_motif=GGA/GAG/AGG;rbs_spacer=5-10bp;gc_cont=0.654
contig02197_1        -            328 984717at2            -            224    0.0018   16.7   0.1   1   1   6.2e-06    0.0031   15.9   0.1     7   105     2   107     1   126 0.75 # 2 # 985 # 1 # ID=2197_1;partial=11;start_type=Edge;rbs_motif=None;rbs_spacer=None;gc_cont=0.668
contig00656_1        -            407 984717at2            -            224    0.0027   16.1   0.0   1   2   6.7e-05     0.033   12.6   0.0     2    58   162   219   161   228 0.81 # 127 # 1347 # -1 # ID=656_1;partial=00;start_type=ATG;rbs_motif=GGAGG;rbs_spacer=5-10bp;gc_cont=0.653
contig00656_1        -            407 984717at2            -            224    0.0027   16.1   0.0   2   2      0.18        91    1.3   0.0    79   105   263   290   243   343 0.78 # 127 # 1347 # -1 # ID=656_1;partial=00;start_type=ATG;rbs_motif=GGAGG;rbs_spacer=5-10bp;gc_cont=0.653
contig03286_2        -            138 984717at2            -            224     0.017   13.5   0.1   1   1   4.7e-05     0.023   13.1   0.1     1    19    43    61    43    63 0.94 # 102 # 515 # 1 # ID=3286_2;partial=01;start_type=ATG;rbs_motif=None;rbs_spacer=None;gc_cont=0.688
contig01445_1        -             74 984717at2            -            224     0.023   13.1   0.0   1   1   5.9e-05     0.029   12.7   0.0     1    21    45    65    45    67 0.94 # 1 # 222 # -1 # ID=1445_1;partial=10;start_type=ATG;rbs_motif=GGAG/GAGG;rbs_spacer=5-10bp;gc_cont=0.694
contig00897_2        -            265 984717at2            -            224     0.059   11.8   0.1   1   2   0.00021      0.11   10.9   0.0     1    22    34    55    34   105 0.85 # 406 # 1200 # -1 # ID=897_2;partial=00;start_type=ATG;rbs_motif=GGAG/GAGG;rbs_spacer=5-10bp;gc_cont=0.692
contig00897_2        -            265 984717at2            -            224     0.059   11.8   0.1   2   2       4.3   2.1e+03   -3.1   0.0    58    72   197   211   184   230 0.65 # 406 # 1200 # -1 # ID=897_2;partial=00;start_type=ATG;rbs_motif=GGAG/GAGG;rbs_spacer=5-10bp;gc_cont=0.692
contig00766_1        -            268 984717at2            -            224     0.071   11.5   0.0   1   1   0.00027      0.13   10.6   0.0     1    20    48    67    48    70 0.90 # 1 # 804 # -1 # ID=766_1;partial=10;start_type=ATG;rbs_motif=GGAGG;rbs_spacer=5-10bp;gc_cont=0.726
contig01307_2        -            228 984717at2            -            224     0.077   11.4   0.2   1   2   0.00032      0.16   10.4   0.1     2    19    39    56    38    60 0.91 # 635 # 1318 # 1 # ID=1307_2;partial=00;start_type=ATG;rbs_motif=GGAGG;rbs_spacer=5-10bp;gc_cont=0.677
contig01307_2        -            228 984717at2            -            224     0.077   11.4   0.2   2   2         4     2e+03   -3.0   0.0    40    54   159   173   152   193 0.69 # 635 # 1318 # 1 # ID=1307_2;partial=00;start_type=ATG;rbs_motif=GGAGG;rbs_spacer=5-10bp;gc_cont=0.677
contig01191_2        -            340 984717at2            -            224     0.092   11.1   0.1   1   2         1   5.1e+02   -1.1   0.0    80   105   140   165    93   178 0.68 # 316 # 1335 # -1 # ID=1191_2;partial=00;start_type=ATG;rbs_motif=GGA/GAG/AGG;rbs_spacer=5-10bp;gc_cont=0.668
contig01191_2        -            340 984717at2            -            224     0.092   11.1   0.1   2   2   0.00069      0.34    9.3   0.0     4    24   211   234   208   279 0.62 # 316 # 1335 # -1 # ID=1191_2;partial=00;start_type=ATG;rbs_motif=GGA/GAG/AGG;rbs_spacer=5-10bp;gc_cont=0.668
#
# Program:         hmmsearch
# Version:         3.1b2 (February 2015)
# Pipeline mode:   SEARCH
# Query file:      /home/johngn/Microbial-Genomics-Journey-Workshop-2023/Reads_session_3/busco_downloads/lineages/bacteria_odb10/hmms/984717at2.hmm
# Target file:     /home/johngn/Microbial-Genomics-Journey-Workshop-2023/Reads_session_3/busco_op/prodigal_output/predicted_genes/predicted.faa
# Option settings: hmmsearch --domtblout /home/johngn/Microbial-Genomics-Journey-Workshop-2023/Reads_session_3/busco_op/run_bacteria_odb10/hmmer_output/984717at2.out --cpu 1 /home/johngn/Microbial-Genomics-Journey-Workshop-2023/Reads_session_3/busco_downloads/lineages/bacteria_odb10/hmms/984717at2.hmm /home/johngn/Microbial-Genomics-Journey-Workshop-2023/Reads_session_3/busco_op/prodigal_output/predicted_genes/predicted.faa 
# Current dir:     /home/johngn/Microbial-Genomics-Journey-Workshop-2023/Reads_session_3
# Date:            Wed Mar  1 18:11:39 2023
# [ok]
